[ 2016-07-07T16:36:41+08:00 ] 121.42.165.45 /User/info_select/
INFO: [ app_init ] --START--
INFO: Run Behavior\BuildLiteBehavior [ RunTime:0.000031s ]
INFO: [ app_init ] --END-- [ RunTime:0.136447s ]
INFO: [ app_begin ] --START--
INFO: Run Behavior\ReadHtmlCacheBehavior [ RunTime:0.130793s ]
INFO: [ app_begin ] --END-- [ RunTime:0.130904s ]
SQL: SHOW COLUMNS FROM `user` [ RunTime:0.1158s ]
SQL: SELECT * FROM `user` WHERE ( user_id = 1 )  [ RunTime:0.0142s ]
SQL: SELECT * FROM `user` WHERE ( user_id = 5 )  [ RunTime:0.0512s ]
SQL: SELECT * FROM `user` WHERE ( user_id = 8 )  [ RunTime:0.0639s ]
SQL: SELECT * FROM `user` WHERE ( user_id = 12 )  [ RunTime:0.0555s ]
SQL: SELECT * FROM `user` WHERE ( user_id = 15 )  [ RunTime:0.0488s ]
SQL: SELECT * FROM `user` WHERE ( user_id = 18 )  [ RunTime:0.0680s ]
SQL: SELECT * FROM `user` WHERE ( user_id = 23 )  [ RunTime:0.0518s ]
SQL: SELECT * FROM `user` WHERE ( user_id = 29 )  [ RunTime:0.0503s ]
SQL: SELECT * FROM `user` WHERE ( user_id = 56 )  [ RunTime:0.0292s ]
SQL: SELECT * FROM `user` WHERE ( user_id = 57 )  [ RunTime:0.0770s ]
SQL: SELECT * FROM `user` WHERE ( user_id = 59 )  [ RunTime:0.0446s ]
SQL: SELECT * FROM `user` WHERE ( user_id = 72 )  [ RunTime:0.0003s ]
SQL: SELECT * FROM `user` WHERE ( user_id = 75 )  [ RunTime:0.0002s ]
SQL: SELECT * FROM `user` WHERE ( user_id = 79 )  [ RunTime:0.0002s ]
SQL: SELECT * FROM `user` WHERE ( user_id = 84 )  [ RunTime:0.0002s ]
SQL: SELECT * FROM `user` WHERE ( user_id = 80 )  [ RunTime:0.1652s ]
SQL: SELECT * FROM `user` WHERE ( user_id = 91 )  [ RunTime:0.0002s ]
SQL: SELECT * FROM `user` WHERE ( user_id = 93 )  [ RunTime:0.0002s ]
SQL: SELECT * FROM `user` WHERE ( user_id = 96 )  [ RunTime:0.0002s ]
SQL: SELECT * FROM `user` WHERE ( user_id = 99 )  [ RunTime:0.0002s ]
INFO: [ app_end ] --START--
INFO: Run Behavior\ShowPageTraceBehavior [ RunTime:0.225297s ]
INFO: [ app_end ] --END-- [ RunTime:0.225392s ]

[ 2016-07-07T16:36:41+08:00 ] 121.42.165.45 /User/info_select/
INFO: [ app_init ] --START--
INFO: Run Behavior\BuildLiteBehavior [ RunTime:0.000023s ]
INFO: [ app_init ] --END-- [ RunTime:0.000344s ]
INFO: [ app_begin ] --START--
INFO: Run Behavior\ReadHtmlCacheBehavior [ RunTime:0.124500s ]
INFO: [ app_begin ] --END-- [ RunTime:0.124563s ]
SQL: SHOW COLUMNS FROM `user` [ RunTime:0.0084s ]
SQL: SELECT * FROM `user` WHERE ( user_id = 1 )  [ RunTime:0.1020s ]
SQL: SELECT * FROM `user` WHERE ( user_id = 5 )  [ RunTime:0.0476s ]
SQL: SELECT * FROM `user` WHERE ( user_id = 8 )  [ RunTime:0.0279s ]
SQL: SELECT * FROM `user` WHERE ( user_id = 12 )  [ RunTime:0.0577s ]
SQL: SELECT * FROM `user` WHERE ( user_id = 15 )  [ RunTime:0.0559s ]
SQL: SELECT * FROM `user` WHERE ( user_id = 18 )  [ RunTime:0.0679s ]
SQL: SELECT * FROM `user` WHERE ( user_id = 23 )  [ RunTime:0.0484s ]
SQL: SELECT * FROM `user` WHERE ( user_id = 29 )  [ RunTime:0.0748s ]
SQL: SELECT * FROM `user` WHERE ( user_id = 56 )  [ RunTime:0.0776s ]
SQL: SELECT * FROM `user` WHERE ( user_id = 57 )  [ RunTime:0.0448s ]
SQL: SELECT * FROM `user` WHERE ( user_id = 59 )  [ RunTime:0.0462s ]
SQL: SELECT * FROM `user` WHERE ( user_id = 72 )  [ RunTime:0.0784s ]
SQL: SELECT * FROM `user` WHERE ( user_id = 75 )  [ RunTime:0.0495s ]
SQL: SELECT * FROM `user` WHERE ( user_id = 79 )  [ RunTime:0.0003s ]
SQL: SELECT * FROM `user` WHERE ( user_id = 84 )  [ RunTime:0.0002s ]
SQL: SELECT * FROM `user` WHERE ( user_id = 80 )  [ RunTime:0.0002s ]
SQL: SELECT * FROM `user` WHERE ( user_id = 91 )  [ RunTime:0.0003s ]
SQL: SELECT * FROM `user` WHERE ( user_id = 93 )  [ RunTime:0.1885s ]
SQL: SELECT * FROM `user` WHERE ( user_id = 96 )  [ RunTime:0.0002s ]
SQL: SELECT * FROM `user` WHERE ( user_id = 99 )  [ RunTime:0.0002s ]
INFO: [ app_end ] --START--
INFO: Run Behavior\ShowPageTraceBehavior [ RunTime:0.000592s ]
INFO: [ app_end ] --END-- [ RunTime:0.000686s ]

[ 2016-07-07T16:36:41+08:00 ] 121.42.165.45 /User/info_select/
INFO: [ app_init ] --START--
INFO: Run Behavior\BuildLiteBehavior [ RunTime:0.000021s ]
INFO: [ app_init ] --END-- [ RunTime:0.164898s ]
INFO: [ app_begin ] --START--
INFO: Run Behavior\ReadHtmlCacheBehavior [ RunTime:0.000398s ]
INFO: [ app_begin ] --END-- [ RunTime:0.000447s ]
SQL: SHOW COLUMNS FROM `user` [ RunTime:0.0184s ]
SQL: SELECT * FROM `user` WHERE ( user_id = 1 )  [ RunTime:0.0676s ]
SQL: SELECT * FROM `user` WHERE ( user_id = 5 )  [ RunTime:0.0696s ]
SQL: SELECT * FROM `user` WHERE ( user_id = 8 )  [ RunTime:0.0529s ]
SQL: SELECT * FROM `user` WHERE ( user_id = 12 )  [ RunTime:0.0368s ]
SQL: SELECT * FROM `user` WHERE ( user_id = 15 )  [ RunTime:0.0658s ]
SQL: SELECT * FROM `user` WHERE ( user_id = 18 )  [ RunTime:0.0571s ]
SQL: SELECT * FROM `user` WHERE ( user_id = 23 )  [ RunTime:0.0404s ]
SQL: SELECT * FROM `user` WHERE ( user_id = 29 )  [ RunTime:0.0004s ]
SQL: SELECT * FROM `user` WHERE ( user_id = 56 )  [ RunTime:0.0003s ]
SQL: SELECT * FROM `user` WHERE ( user_id = 57 )  [ RunTime:0.1965s ]
SQL: SELECT * FROM `user` WHERE ( user_id = 59 )  [ RunTime:0.0005s ]
SQL: SELECT * FROM `user` WHERE ( user_id = 72 )  [ RunTime:0.0002s ]
SQL: SELECT * FROM `user` WHERE ( user_id = 75 )  [ RunTime:0.0002s ]
SQL: SELECT * FROM `user` WHERE ( user_id = 79 )  [ RunTime:0.2119s ]
SQL: SELECT * FROM `user` WHERE ( user_id = 84 )  [ RunTime:0.0002s ]
SQL: SELECT * FROM `user` WHERE ( user_id = 80 )  [ RunTime:0.0002s ]
SQL: SELECT * FROM `user` WHERE ( user_id = 91 )  [ RunTime:0.0002s ]
SQL: SELECT * FROM `user` WHERE ( user_id = 93 )  [ RunTime:0.1914s ]
SQL: SELECT * FROM `user` WHERE ( user_id = 96 )  [ RunTime:0.0002s ]
SQL: SELECT * FROM `user` WHERE ( user_id = 99 )  [ RunTime:0.0002s ]
INFO: [ app_end ] --START--
INFO: Run Behavior\ShowPageTraceBehavior [ RunTime:0.000421s ]
INFO: [ app_end ] --END-- [ RunTime:0.000485s ]

[ 2016-07-07T16:36:41+08:00 ] 121.42.165.45 /User/info_select/
INFO: [ app_init ] --START--
INFO: Run Behavior\BuildLiteBehavior [ RunTime:0.000016s ]
INFO: [ app_init ] --END-- [ RunTime:0.000323s ]
INFO: [ app_begin ] --START--
INFO: Run Behavior\ReadHtmlCacheBehavior [ RunTime:0.000369s ]
INFO: [ app_begin ] --END-- [ RunTime:0.000412s ]
SQL: SHOW COLUMNS FROM `user` [ RunTime:0.0064s ]
SQL: SELECT * FROM `user` WHERE ( user_id = 1 )  [ RunTime:0.1081s ]
SQL: SELECT * FROM `user` WHERE ( user_id = 5 )  [ RunTime:0.0365s ]
SQL: SELECT * FROM `user` WHERE ( user_id = 8 )  [ RunTime:0.0291s ]
SQL: SELECT * FROM `user` WHERE ( user_id = 12 )  [ RunTime:0.0354s ]
SQL: SELECT * FROM `user` WHERE ( user_id = 15 )  [ RunTime:0.0572s ]
SQL: SELECT * FROM `user` WHERE ( user_id = 18 )  [ RunTime:0.0551s ]
SQL: SELECT * FROM `user` WHERE ( user_id = 23 )  [ RunTime:0.0428s ]
SQL: SELECT * FROM `user` WHERE ( user_id = 29 )  [ RunTime:0.0874s ]
SQL: SELECT * FROM `user` WHERE ( user_id = 56 )  [ RunTime:0.0433s ]
SQL: SELECT * FROM `user` WHERE ( user_id = 57 )  [ RunTime:0.0680s ]
SQL: SELECT * FROM `user` WHERE ( user_id = 59 )  [ RunTime:0.0847s ]
SQL: SELECT * FROM `user` WHERE ( user_id = 72 )  [ RunTime:0.0657s ]
SQL: SELECT * FROM `user` WHERE ( user_id = 75 )  [ RunTime:0.0002s ]
SQL: SELECT * FROM `user` WHERE ( user_id = 79 )  [ RunTime:0.0002s ]
SQL: SELECT * FROM `user` WHERE ( user_id = 84 )  [ RunTime:0.0002s ]
SQL: SELECT * FROM `user` WHERE ( user_id = 80 )  [ RunTime:0.0002s ]
SQL: SELECT * FROM `user` WHERE ( user_id = 91 )  [ RunTime:0.1638s ]
SQL: SELECT * FROM `user` WHERE ( user_id = 93 )  [ RunTime:0.0002s ]
SQL: SELECT * FROM `user` WHERE ( user_id = 96 )  [ RunTime:0.0002s ]
SQL: SELECT * FROM `user` WHERE ( user_id = 99 )  [ RunTime:0.0002s ]
INFO: [ app_end ] --START--
INFO: Run Behavior\ShowPageTraceBehavior [ RunTime:0.000553s ]
INFO: [ app_end ] --END-- [ RunTime:0.000658s ]

[ 2016-07-07T16:36:41+08:00 ] 121.42.165.45 /User/info_select/
INFO: [ app_init ] --START--
INFO: Run Behavior\BuildLiteBehavior [ RunTime:0.000018s ]
INFO: [ app_init ] --END-- [ RunTime:0.000393s ]
INFO: [ app_begin ] --START--
INFO: Run Behavior\ReadHtmlCacheBehavior [ RunTime:0.160887s ]
INFO: [ app_begin ] --END-- [ RunTime:0.160947s ]
SQL: SHOW COLUMNS FROM `user` [ RunTime:0.0138s ]
SQL: SELECT * FROM `user` WHERE ( user_id = 1 )  [ RunTime:0.1069s ]
SQL: SELECT * FROM `user` WHERE ( user_id = 5 )  [ RunTime:0.0440s ]
SQL: SELECT * FROM `user` WHERE ( user_id = 8 )  [ RunTime:0.0594s ]
SQL: SELECT * FROM `user` WHERE ( user_id = 12 )  [ RunTime:0.0829s ]
SQL: SELECT * FROM `user` WHERE ( user_id = 15 )  [ RunTime:0.0582s ]
SQL: SELECT * FROM `user` WHERE ( user_id = 18 )  [ RunTime:0.0593s ]
SQL: SELECT * FROM `user` WHERE ( user_id = 23 )  [ RunTime:0.0874s ]
SQL: SELECT * FROM `user` WHERE ( user_id = 29 )  [ RunTime:0.0490s ]
SQL: SELECT * FROM `user` WHERE ( user_id = 56 )  [ RunTime:0.0004s ]
SQL: SELECT * FROM `user` WHERE ( user_id = 57 )  [ RunTime:0.0002s ]
SQL: SELECT * FROM `user` WHERE ( user_id = 59 )  [ RunTime:0.1424s ]
SQL: SELECT * FROM `user` WHERE ( user_id = 72 )  [ RunTime:0.0002s ]
SQL: SELECT * FROM `user` WHERE ( user_id = 75 )  [ RunTime:0.0002s ]
SQL: SELECT * FROM `user` WHERE ( user_id = 79 )  [ RunTime:0.0002s ]
SQL: SELECT * FROM `user` WHERE ( user_id = 84 )  [ RunTime:0.1918s ]
SQL: SELECT * FROM `user` WHERE ( user_id = 80 )  [ RunTime:0.0004s ]
SQL: SELECT * FROM `user` WHERE ( user_id = 91 )  [ RunTime:0.0002s ]
SQL: SELECT * FROM `user` WHERE ( user_id = 93 )  [ RunTime:0.0002s ]
SQL: SELECT * FROM `user` WHERE ( user_id = 96 )  [ RunTime:0.1580s ]
SQL: SELECT * FROM `user` WHERE ( user_id = 99 )  [ RunTime:0.0652s ]
INFO: [ app_end ] --START--
INFO: Run Behavior\ShowPageTraceBehavior [ RunTime:0.000498s ]
INFO: [ app_end ] --END-- [ RunTime:0.000580s ]

[ 2016-07-07T16:36:41+08:00 ] 121.42.165.45 /User/info_select/
INFO: [ app_init ] --START--
INFO: Run Behavior\BuildLiteBehavior [ RunTime:0.000017s ]
INFO: [ app_init ] --END-- [ RunTime:0.000312s ]
INFO: [ app_begin ] --START--
INFO: Run Behavior\ReadHtmlCacheBehavior [ RunTime:0.231467s ]
INFO: [ app_begin ] --END-- [ RunTime:0.231539s ]
SQL: SHOW COLUMNS FROM `user` [ RunTime:0.0080s ]
SQL: SELECT * FROM `user` WHERE ( user_id = 1 )  [ RunTime:0.1218s ]
SQL: SELECT * FROM `user` WHERE ( user_id = 5 )  [ RunTime:0.0642s ]
SQL: SELECT * FROM `user` WHERE ( user_id = 8 )  [ RunTime:0.0610s ]
SQL: SELECT * FROM `user` WHERE ( user_id = 12 )  [ RunTime:0.0318s ]
SQL: SELECT * FROM `user` WHERE ( user_id = 15 )  [ RunTime:0.0498s ]
SQL: SELECT * FROM `user` WHERE ( user_id = 18 )  [ RunTime:0.0837s ]
SQL: SELECT * FROM `user` WHERE ( user_id = 23 )  [ RunTime:0.0597s ]
SQL: SELECT * FROM `user` WHERE ( user_id = 29 )  [ RunTime:0.0791s ]
SQL: SELECT * FROM `user` WHERE ( user_id = 56 )  [ RunTime:0.0336s ]
SQL: SELECT * FROM `user` WHERE ( user_id = 57 )  [ RunTime:0.0558s ]
SQL: SELECT * FROM `user` WHERE ( user_id = 59 )  [ RunTime:0.0395s ]
SQL: SELECT * FROM `user` WHERE ( user_id = 72 )  [ RunTime:0.0002s ]
SQL: SELECT * FROM `user` WHERE ( user_id = 75 )  [ RunTime:0.0002s ]
SQL: SELECT * FROM `user` WHERE ( user_id = 79 )  [ RunTime:0.0002s ]
SQL: SELECT * FROM `user` WHERE ( user_id = 84 )  [ RunTime:0.0002s ]
SQL: SELECT * FROM `user` WHERE ( user_id = 80 )  [ RunTime:0.1867s ]
SQL: SELECT * FROM `user` WHERE ( user_id = 91 )  [ RunTime:0.0003s ]
SQL: SELECT * FROM `user` WHERE ( user_id = 93 )  [ RunTime:0.0002s ]
SQL: SELECT * FROM `user` WHERE ( user_id = 96 )  [ RunTime:0.0002s ]
SQL: SELECT * FROM `user` WHERE ( user_id = 99 )  [ RunTime:0.1707s ]
INFO: [ app_end ] --START--
INFO: Run Behavior\ShowPageTraceBehavior [ RunTime:0.000506s ]
INFO: [ app_end ] --END-- [ RunTime:0.000572s ]

