[ 2016-07-11T00:02:12+08:00 ] 114.36.214.22 smtp.mail.yahoo.com:25
INFO: [ app_init ] --START--
INFO: Run Behavior\BuildLiteBehavior [ RunTime:0.000035s ]
INFO: [ app_init ] --END-- [ RunTime:0.012960s ]
INFO: [ app_begin ] --START--
INFO: Run Behavior\ReadHtmlCacheBehavior [ RunTime:0.012910s ]
INFO: [ app_begin ] --END-- [ RunTime:0.013016s ]
SQL: SHOW COLUMNS FROM `tuser` [ RunTime:0.0007s ]
SQL: SELECT * FROM `tuser` ORDER BY tuser_publish LIMIT 10   [ RunTime:0.0259s ]
ERR: Think\Controller:article_today_select方法不存在！

[ 2016-07-11T00:16:26+08:00 ] 114.36.214.22 smtp.mail.yahoo.com:25
INFO: [ app_init ] --START--
INFO: Run Behavior\BuildLiteBehavior [ RunTime:0.000035s ]
INFO: [ app_init ] --END-- [ RunTime:0.009964s ]
INFO: [ app_begin ] --START--
INFO: Run Behavior\ReadHtmlCacheBehavior [ RunTime:0.012856s ]
INFO: [ app_begin ] --END-- [ RunTime:0.012923s ]
SQL: SHOW COLUMNS FROM `tuser` [ RunTime:0.0219s ]
SQL: SELECT * FROM `tuser` ORDER BY tuser_publish LIMIT 10   [ RunTime:0.0075s ]
ERR: Think\Controller:article_today_select方法不存在！

[ 2016-07-11T00:24:46+08:00 ] 123.249.27.192 http://60.173.26.241:61254/80
INFO: [ app_init ] --START--
INFO: Run Behavior\BuildLiteBehavior [ RunTime:0.000026s ]
INFO: [ app_init ] --END-- [ RunTime:0.000410s ]
INFO: [ app_begin ] --START--
INFO: Run Behavior\ReadHtmlCacheBehavior [ RunTime:0.023394s ]
INFO: [ app_begin ] --END-- [ RunTime:0.023512s ]
ERR: 无法加载控制器:80

[ 2016-07-11T00:30:36+08:00 ] 114.36.214.22 smtp.mail.yahoo.com:25
INFO: [ app_init ] --START--
INFO: Run Behavior\BuildLiteBehavior [ RunTime:0.000030s ]
INFO: [ app_init ] --END-- [ RunTime:0.012901s ]
INFO: [ app_begin ] --START--
INFO: Run Behavior\ReadHtmlCacheBehavior [ RunTime:0.018713s ]
INFO: [ app_begin ] --END-- [ RunTime:0.018840s ]
SQL: SHOW COLUMNS FROM `tuser` [ RunTime:0.0200s ]
SQL: SELECT * FROM `tuser` ORDER BY tuser_publish LIMIT 10   [ RunTime:0.0090s ]
ERR: Think\Controller:article_today_select方法不存在！

[ 2016-07-11T00:34:39+08:00 ] 222.186.34.41 /
INFO: [ app_init ] --START--
INFO: Run Behavior\BuildLiteBehavior [ RunTime:0.000024s ]
INFO: [ app_init ] --END-- [ RunTime:0.009878s ]
INFO: [ app_begin ] --START--
INFO: Run Behavior\ReadHtmlCacheBehavior [ RunTime:0.023102s ]
INFO: [ app_begin ] --END-- [ RunTime:0.023221s ]
SQL: SHOW COLUMNS FROM `tuser` [ RunTime:0.0169s ]
SQL: SELECT * FROM `tuser` ORDER BY tuser_publish LIMIT 10   [ RunTime:0.0136s ]
ERR: Think\Controller:article_today_select方法不存在！

[ 2016-07-11T00:44:51+08:00 ] 114.36.214.22 smtp.mail.yahoo.com:25
INFO: [ app_init ] --START--
INFO: Run Behavior\BuildLiteBehavior [ RunTime:0.000038s ]
INFO: [ app_init ] --END-- [ RunTime:0.014964s ]
INFO: [ app_begin ] --START--
INFO: Run Behavior\ReadHtmlCacheBehavior [ RunTime:0.014640s ]
INFO: [ app_begin ] --END-- [ RunTime:0.014766s ]
SQL: SHOW COLUMNS FROM `tuser` [ RunTime:0.0114s ]
SQL: SELECT * FROM `tuser` ORDER BY tuser_publish LIMIT 10   [ RunTime:0.0202s ]
ERR: Think\Controller:article_today_select方法不存在！

[ 2016-07-11T00:58:42+08:00 ] 114.36.214.22 smtp.mail.yahoo.com:25
INFO: [ app_init ] --START--
INFO: Run Behavior\BuildLiteBehavior [ RunTime:0.000036s ]
INFO: [ app_init ] --END-- [ RunTime:0.016975s ]
INFO: [ app_begin ] --START--
INFO: Run Behavior\ReadHtmlCacheBehavior [ RunTime:0.015785s ]
INFO: [ app_begin ] --END-- [ RunTime:0.015913s ]
SQL: SHOW COLUMNS FROM `tuser` [ RunTime:0.0155s ]
SQL: SELECT * FROM `tuser` ORDER BY tuser_publish LIMIT 10   [ RunTime:0.0201s ]
ERR: Think\Controller:article_today_select方法不存在！

[ 2016-07-11T01:12:47+08:00 ] 114.36.214.22 smtp.mail.yahoo.com:25
INFO: [ app_init ] --START--
INFO: Run Behavior\BuildLiteBehavior [ RunTime:0.000036s ]
INFO: [ app_init ] --END-- [ RunTime:0.012971s ]
INFO: [ app_begin ] --START--
INFO: Run Behavior\ReadHtmlCacheBehavior [ RunTime:0.021323s ]
INFO: [ app_begin ] --END-- [ RunTime:0.021470s ]
SQL: SHOW COLUMNS FROM `tuser` [ RunTime:0.0007s ]
SQL: SELECT * FROM `tuser` ORDER BY tuser_publish LIMIT 10   [ RunTime:0.0250s ]
ERR: Think\Controller:article_today_select方法不存在！

[ 2016-07-11T01:26:35+08:00 ] 123.249.27.192 http://60.173.26.241:61254/80
INFO: [ app_init ] --START--
INFO: Run Behavior\BuildLiteBehavior [ RunTime:0.000038s ]
INFO: [ app_init ] --END-- [ RunTime:0.013934s ]
INFO: [ app_begin ] --START--
INFO: Run Behavior\ReadHtmlCacheBehavior [ RunTime:0.024767s ]
INFO: [ app_begin ] --END-- [ RunTime:0.024890s ]
ERR: 无法加载控制器:80

[ 2016-07-11T01:28:07+08:00 ] 114.36.214.22 smtp.mail.yahoo.com:25
INFO: [ app_init ] --START--
INFO: Run Behavior\BuildLiteBehavior [ RunTime:0.000043s ]
INFO: [ app_init ] --END-- [ RunTime:0.022683s ]
INFO: [ app_begin ] --START--
INFO: Run Behavior\ReadHtmlCacheBehavior [ RunTime:0.028214s ]
INFO: [ app_begin ] --END-- [ RunTime:0.028315s ]
SQL: SHOW COLUMNS FROM `tuser` [ RunTime:0.0140s ]
SQL: SELECT * FROM `tuser` ORDER BY tuser_publish LIMIT 10   [ RunTime:0.0193s ]
ERR: Think\Controller:article_today_select方法不存在！

[ 2016-07-11T01:33:16+08:00 ] 80.82.78.38 http://www.baidu.com/cache/global/img/gs.gif
INFO: [ app_init ] --START--
INFO: Run Behavior\BuildLiteBehavior [ RunTime:0.000030s ]
INFO: [ app_init ] --END-- [ RunTime:0.012914s ]

[ 2016-07-11T01:43:14+08:00 ] 114.36.214.22 smtp.mail.yahoo.com:25
INFO: [ app_init ] --START--
INFO: Run Behavior\BuildLiteBehavior [ RunTime:0.000039s ]
INFO: [ app_init ] --END-- [ RunTime:0.012979s ]
INFO: [ app_begin ] --START--
INFO: Run Behavior\ReadHtmlCacheBehavior [ RunTime:0.025801s ]
INFO: [ app_begin ] --END-- [ RunTime:0.025931s ]
SQL: SHOW COLUMNS FROM `tuser` [ RunTime:0.0008s ]
SQL: SELECT * FROM `tuser` ORDER BY tuser_publish LIMIT 10   [ RunTime:0.0248s ]
ERR: Think\Controller:article_today_select方法不存在！

[ 2016-07-11T01:49:13+08:00 ] 84.10.163.84 http://www.bing.com/
INFO: [ app_init ] --START--
INFO: Run Behavior\BuildLiteBehavior [ RunTime:0.000047s ]
INFO: [ app_init ] --END-- [ RunTime:0.028320s ]
INFO: [ app_begin ] --START--
INFO: Run Behavior\ReadHtmlCacheBehavior [ RunTime:0.017779s ]
INFO: [ app_begin ] --END-- [ RunTime:0.017902s ]
SQL: SHOW COLUMNS FROM `tuser` [ RunTime:0.0218s ]
SQL: SELECT * FROM `tuser` ORDER BY tuser_publish LIMIT 10   [ RunTime:0.0107s ]
ERR: Think\Controller:article_today_select方法不存在！

[ 2016-07-11T01:49:47+08:00 ] 191.96.249.232 /plugins/system/plugin_googlemap2/plugin_googlemap2_proxy.php?url=http://191.96.249.232/shodanhq
INFO: [ app_init ] --START--
INFO: Run Behavior\BuildLiteBehavior [ RunTime:0.000036s ]
INFO: [ app_init ] --END-- [ RunTime:0.016958s ]
INFO: [ app_begin ] --START--
INFO: Run Behavior\ReadHtmlCacheBehavior [ RunTime:0.018842s ]
INFO: [ app_begin ] --END-- [ RunTime:0.018939s ]
ERR: 无法加载控制器:Plugins

[ 2016-07-11T01:58:11+08:00 ] 114.36.214.22 smtp.mail.yahoo.com:25
INFO: [ app_init ] --START--
INFO: Run Behavior\BuildLiteBehavior [ RunTime:0.000037s ]
INFO: [ app_init ] --END-- [ RunTime:0.013076s ]
INFO: [ app_begin ] --START--
INFO: Run Behavior\ReadHtmlCacheBehavior [ RunTime:0.022753s ]
INFO: [ app_begin ] --END-- [ RunTime:0.022895s ]
SQL: SHOW COLUMNS FROM `tuser` [ RunTime:0.0170s ]
SQL: SELECT * FROM `tuser` ORDER BY tuser_publish LIMIT 10   [ RunTime:0.0087s ]
ERR: Think\Controller:article_today_select方法不存在！

[ 2016-07-11T02:01:50+08:00 ] 23.251.51.125 http://www.proxyjudge.info/azenv.php
INFO: [ app_init ] --START--
INFO: Run Behavior\BuildLiteBehavior [ RunTime:0.000046s ]
INFO: [ app_init ] --END-- [ RunTime:0.010376s ]
INFO: [ app_begin ] --START--
INFO: Run Behavior\ReadHtmlCacheBehavior [ RunTime:0.027541s ]
INFO: [ app_begin ] --END-- [ RunTime:0.027661s ]
ERR: 无法加载控制器:Azenv.php

[ 2016-07-11T02:01:51+08:00 ] 23.251.51.125 www.baidu.com:443
INFO: [ app_init ] --START--
INFO: Run Behavior\BuildLiteBehavior [ RunTime:0.000037s ]
INFO: [ app_init ] --END-- [ RunTime:0.012958s ]
INFO: [ app_begin ] --START--
INFO: Run Behavior\ReadHtmlCacheBehavior [ RunTime:0.017791s ]
INFO: [ app_begin ] --END-- [ RunTime:0.017937s ]
SQL: SHOW COLUMNS FROM `tuser` [ RunTime:0.0151s ]
SQL: SELECT * FROM `tuser` ORDER BY tuser_publish LIMIT 10   [ RunTime:0.0175s ]
ERR: Think\Controller:article_today_select方法不存在！

[ 2016-07-11T02:09:27+08:00 ] 123.249.27.192 http://60.173.26.241:61254/80
INFO: [ app_init ] --START--
INFO: Run Behavior\BuildLiteBehavior [ RunTime:0.000038s ]
INFO: [ app_init ] --END-- [ RunTime:0.012982s ]
INFO: [ app_begin ] --START--
INFO: Run Behavior\ReadHtmlCacheBehavior [ RunTime:0.018975s ]
INFO: [ app_begin ] --END-- [ RunTime:0.019127s ]
ERR: 无法加载控制器:80

[ 2016-07-11T02:11:43+08:00 ] 220.132.81.117 smtp.mail.yahoo.com:25
INFO: [ app_init ] --START--
INFO: Run Behavior\BuildLiteBehavior [ RunTime:0.000031s ]
INFO: [ app_init ] --END-- [ RunTime:0.000464s ]
INFO: [ app_begin ] --START--
INFO: Run Behavior\ReadHtmlCacheBehavior [ RunTime:0.021744s ]
INFO: [ app_begin ] --END-- [ RunTime:0.021873s ]
SQL: SHOW COLUMNS FROM `tuser` [ RunTime:0.0135s ]
SQL: SELECT * FROM `tuser` ORDER BY tuser_publish LIMIT 10   [ RunTime:0.0222s ]
ERR: Think\Controller:article_today_select方法不存在！

[ 2016-07-11T02:13:17+08:00 ] 114.36.214.22 smtp.mail.yahoo.com:25
INFO: [ app_init ] --START--
INFO: Run Behavior\BuildLiteBehavior [ RunTime:0.000039s ]
INFO: [ app_init ] --END-- [ RunTime:0.017992s ]
INFO: [ app_begin ] --START--
INFO: Run Behavior\ReadHtmlCacheBehavior [ RunTime:0.027750s ]
INFO: [ app_begin ] --END-- [ RunTime:0.027883s ]
SQL: SHOW COLUMNS FROM `tuser` [ RunTime:0.0074s ]
SQL: SELECT * FROM `tuser` ORDER BY tuser_publish LIMIT 10   [ RunTime:0.0235s ]
ERR: Think\Controller:article_today_select方法不存在！

[ 2016-07-11T02:15:11+08:00 ] 220.132.81.117 smtp.mail.yahoo.com:25
INFO: [ app_init ] --START--
INFO: Run Behavior\BuildLiteBehavior [ RunTime:0.000038s ]
INFO: [ app_init ] --END-- [ RunTime:0.019487s ]
INFO: [ app_begin ] --START--
INFO: Run Behavior\ReadHtmlCacheBehavior [ RunTime:0.018786s ]
INFO: [ app_begin ] --END-- [ RunTime:0.018938s ]
SQL: SHOW COLUMNS FROM `tuser` [ RunTime:0.0179s ]
SQL: SELECT * FROM `tuser` ORDER BY tuser_publish LIMIT 10   [ RunTime:0.0146s ]
ERR: Think\Controller:article_today_select方法不存在！

[ 2016-07-11T02:28:53+08:00 ] 114.36.214.22 smtp.mail.yahoo.com:25
INFO: [ app_init ] --START--
INFO: Run Behavior\BuildLiteBehavior [ RunTime:0.000037s ]
INFO: [ app_init ] --END-- [ RunTime:0.012856s ]
INFO: [ app_begin ] --START--
INFO: Run Behavior\ReadHtmlCacheBehavior [ RunTime:0.025654s ]
INFO: [ app_begin ] --END-- [ RunTime:0.025808s ]
SQL: SHOW COLUMNS FROM `tuser` [ RunTime:0.0074s ]
SQL: SELECT * FROM `tuser` ORDER BY tuser_publish LIMIT 10   [ RunTime:0.0203s ]
ERR: Think\Controller:article_today_select方法不存在！

[ 2016-07-11T02:30:18+08:00 ] 123.249.27.193 http://60.173.26.241:61254/80
INFO: [ app_init ] --START--
INFO: Run Behavior\BuildLiteBehavior [ RunTime:0.000036s ]
INFO: [ app_init ] --END-- [ RunTime:0.013063s ]
INFO: [ app_begin ] --START--
INFO: Run Behavior\ReadHtmlCacheBehavior [ RunTime:0.022693s ]
INFO: [ app_begin ] --END-- [ RunTime:0.022811s ]
ERR: 无法加载控制器:80

[ 2016-07-11T02:44:47+08:00 ] 114.36.214.22 smtp.mail.yahoo.com:25
INFO: [ app_init ] --START--
INFO: Run Behavior\BuildLiteBehavior [ RunTime:0.000038s ]
INFO: [ app_init ] --END-- [ RunTime:0.023225s ]
INFO: [ app_begin ] --START--
INFO: Run Behavior\ReadHtmlCacheBehavior [ RunTime:0.018148s ]
INFO: [ app_begin ] --END-- [ RunTime:0.018275s ]
SQL: SHOW COLUMNS FROM `tuser` [ RunTime:0.0213s ]
SQL: SELECT * FROM `tuser` ORDER BY tuser_publish LIMIT 10   [ RunTime:0.0138s ]
ERR: Think\Controller:article_today_select方法不存在！

[ 2016-07-11T02:53:21+08:00 ] 123.249.27.192 http://60.173.26.241:61254/80
INFO: [ app_init ] --START--
INFO: Run Behavior\BuildLiteBehavior [ RunTime:0.000048s ]
INFO: [ app_init ] --END-- [ RunTime:0.016000s ]
INFO: [ app_begin ] --START--
INFO: Run Behavior\ReadHtmlCacheBehavior [ RunTime:0.026715s ]
INFO: [ app_begin ] --END-- [ RunTime:0.026834s ]
ERR: 无法加载控制器:80

[ 2016-07-11T02:53:51+08:00 ] 93.174.93.218 http://httpheader.net/
INFO: [ app_init ] --START--
INFO: Run Behavior\BuildLiteBehavior [ RunTime:0.000047s ]
INFO: [ app_init ] --END-- [ RunTime:0.019182s ]
INFO: [ app_begin ] --START--
INFO: Run Behavior\ReadHtmlCacheBehavior [ RunTime:0.018961s ]
INFO: [ app_begin ] --END-- [ RunTime:0.019082s ]
SQL: SHOW COLUMNS FROM `tuser` [ RunTime:0.0210s ]
SQL: SELECT * FROM `tuser` ORDER BY tuser_publish LIMIT 10   [ RunTime:0.0145s ]
ERR: Think\Controller:article_today_select方法不存在！

[ 2016-07-11T03:00:05+08:00 ] 114.36.214.22 smtp.mail.yahoo.com:25
INFO: [ app_init ] --START--
INFO: Run Behavior\BuildLiteBehavior [ RunTime:0.000038s ]
INFO: [ app_init ] --END-- [ RunTime:0.012971s ]
INFO: [ app_begin ] --START--
INFO: Run Behavior\ReadHtmlCacheBehavior [ RunTime:0.023762s ]
INFO: [ app_begin ] --END-- [ RunTime:0.023894s ]
SQL: SHOW COLUMNS FROM `tuser` [ RunTime:0.0021s ]
SQL: SELECT * FROM `tuser` ORDER BY tuser_publish LIMIT 10   [ RunTime:0.0278s ]
ERR: Think\Controller:article_today_select方法不存在！

[ 2016-07-11T03:15:04+08:00 ] 114.36.214.22 smtp.mail.yahoo.com:25
INFO: [ app_init ] --START--
INFO: Run Behavior\BuildLiteBehavior [ RunTime:0.000044s ]
INFO: [ app_init ] --END-- [ RunTime:0.021907s ]
INFO: [ app_begin ] --START--
INFO: Run Behavior\ReadHtmlCacheBehavior [ RunTime:0.016768s ]
INFO: [ app_begin ] --END-- [ RunTime:0.016903s ]
SQL: SHOW COLUMNS FROM `tuser` [ RunTime:0.0017s ]
SQL: SELECT * FROM `tuser` ORDER BY tuser_publish LIMIT 10   [ RunTime:0.0259s ]
ERR: Think\Controller:article_today_select方法不存在！

[ 2016-07-11T03:19:35+08:00 ] 93.174.93.136 http://www.baidu.com/cache/global/img/gs.gif
INFO: [ app_init ] --START--
INFO: Run Behavior\BuildLiteBehavior [ RunTime:0.000025s ]
INFO: [ app_init ] --END-- [ RunTime:0.017205s ]

[ 2016-07-11T03:24:12+08:00 ] 101.200.235.114 /phpmyadmin
INFO: [ app_init ] --START--
INFO: Run Behavior\BuildLiteBehavior [ RunTime:0.000036s ]
INFO: [ app_init ] --END-- [ RunTime:0.015013s ]
INFO: [ app_begin ] --START--
INFO: Run Behavior\ReadHtmlCacheBehavior [ RunTime:0.016317s ]
INFO: [ app_begin ] --END-- [ RunTime:0.016437s ]
ERR: 无法加载控制器:Phpmyadmin

[ 2016-07-11T03:29:58+08:00 ] 114.36.214.22 smtp.mail.yahoo.com:25
INFO: [ app_init ] --START--
INFO: Run Behavior\BuildLiteBehavior [ RunTime:0.000036s ]
INFO: [ app_init ] --END-- [ RunTime:0.006195s ]
INFO: [ app_begin ] --START--
INFO: Run Behavior\ReadHtmlCacheBehavior [ RunTime:0.023778s ]
INFO: [ app_begin ] --END-- [ RunTime:0.023912s ]
SQL: SHOW COLUMNS FROM `tuser` [ RunTime:0.0083s ]
SQL: SELECT * FROM `tuser` ORDER BY tuser_publish LIMIT 10   [ RunTime:0.0221s ]
ERR: Think\Controller:article_today_select方法不存在！

[ 2016-07-11T03:35:43+08:00 ] 123.249.27.193 http://60.173.26.241:61254/80
INFO: [ app_init ] --START--
INFO: Run Behavior\BuildLiteBehavior [ RunTime:0.000036s ]
INFO: [ app_init ] --END-- [ RunTime:0.013082s ]
INFO: [ app_begin ] --START--
INFO: Run Behavior\ReadHtmlCacheBehavior [ RunTime:0.020725s ]
INFO: [ app_begin ] --END-- [ RunTime:0.020844s ]
ERR: 无法加载控制器:80

[ 2016-07-11T03:44:55+08:00 ] 114.36.214.22 smtp.mail.yahoo.com:25
INFO: [ app_init ] --START--
INFO: Run Behavior\BuildLiteBehavior [ RunTime:0.000036s ]
INFO: [ app_init ] --END-- [ RunTime:0.018300s ]
INFO: [ app_begin ] --START--
INFO: Run Behavior\ReadHtmlCacheBehavior [ RunTime:0.015084s ]
INFO: [ app_begin ] --END-- [ RunTime:0.015142s ]
SQL: SHOW COLUMNS FROM `tuser` [ RunTime:0.0237s ]
SQL: SELECT * FROM `tuser` ORDER BY tuser_publish LIMIT 10   [ RunTime:0.0148s ]
ERR: Think\Controller:article_today_select方法不存在！

[ 2016-07-11T03:46:23+08:00 ] 23.251.51.125 http://www.proxyjudge.info/azenv.php
INFO: [ app_init ] --START--
INFO: Run Behavior\BuildLiteBehavior [ RunTime:0.000038s ]
INFO: [ app_init ] --END-- [ RunTime:0.013053s ]
INFO: [ app_begin ] --START--
INFO: Run Behavior\ReadHtmlCacheBehavior [ RunTime:0.017687s ]
INFO: [ app_begin ] --END-- [ RunTime:0.017805s ]
ERR: 无法加载控制器:Azenv.php

[ 2016-07-11T03:46:24+08:00 ] 23.251.51.125 www.baidu.com:443
INFO: [ app_init ] --START--
INFO: Run Behavior\BuildLiteBehavior [ RunTime:0.000037s ]
INFO: [ app_init ] --END-- [ RunTime:0.016966s ]
INFO: [ app_begin ] --START--
INFO: Run Behavior\ReadHtmlCacheBehavior [ RunTime:0.018767s ]
INFO: [ app_begin ] --END-- [ RunTime:0.018895s ]
SQL: SHOW COLUMNS FROM `tuser` [ RunTime:0.0134s ]
SQL: SELECT * FROM `tuser` ORDER BY tuser_publish LIMIT 10   [ RunTime:0.0221s ]
ERR: Think\Controller:article_today_select方法不存在！

[ 2016-07-11T03:46:44+08:00 ] 23.251.51.125 http://www.sbjudge3.com/azenv.php
INFO: [ app_init ] --START--
INFO: Run Behavior\BuildLiteBehavior [ RunTime:0.000036s ]
INFO: [ app_init ] --END-- [ RunTime:0.028565s ]
INFO: [ app_begin ] --START--
INFO: Run Behavior\ReadHtmlCacheBehavior [ RunTime:0.015741s ]
INFO: [ app_begin ] --END-- [ RunTime:0.015878s ]
ERR: 无法加载控制器:Azenv.php

[ 2016-07-11T03:46:45+08:00 ] 23.251.51.125 www.baidu.com:443
INFO: [ app_init ] --START--
INFO: Run Behavior\BuildLiteBehavior [ RunTime:0.000022s ]
INFO: [ app_init ] --END-- [ RunTime:0.000363s ]
INFO: [ app_begin ] --START--
INFO: Run Behavior\ReadHtmlCacheBehavior [ RunTime:0.030136s ]
INFO: [ app_begin ] --END-- [ RunTime:0.030241s ]
ERR: Think\Controller:article_today_select方法不存在！

[ 2016-07-11T03:58:44+08:00 ] 123.249.27.191 http://60.173.26.241:61254/80
INFO: [ app_init ] --START--
INFO: Run Behavior\BuildLiteBehavior [ RunTime:0.000046s ]
INFO: [ app_init ] --END-- [ RunTime:0.014008s ]
INFO: [ app_begin ] --START--
INFO: Run Behavior\ReadHtmlCacheBehavior [ RunTime:0.025698s ]
INFO: [ app_begin ] --END-- [ RunTime:0.025815s ]
ERR: 无法加载控制器:80

[ 2016-07-11T04:00:15+08:00 ] 114.36.214.22 smtp.mail.yahoo.com:25
INFO: [ app_init ] --START--
INFO: Run Behavior\BuildLiteBehavior [ RunTime:0.000036s ]
INFO: [ app_init ] --END-- [ RunTime:0.018972s ]
INFO: [ app_begin ] --START--
INFO: Run Behavior\ReadHtmlCacheBehavior [ RunTime:0.030665s ]
INFO: [ app_begin ] --END-- [ RunTime:0.030804s ]
SQL: SHOW COLUMNS FROM `tuser` [ RunTime:0.0240s ]
SQL: SELECT * FROM `tuser` ORDER BY tuser_publish LIMIT 10   [ RunTime:0.0146s ]
ERR: Think\Controller:article_today_select方法不存在！

[ 2016-07-11T04:15:24+08:00 ] 114.36.214.22 smtp.mail.yahoo.com:25
INFO: [ app_init ] --START--
INFO: Run Behavior\BuildLiteBehavior [ RunTime:0.006125s ]
INFO: [ app_init ] --END-- [ RunTime:0.025496s ]
INFO: [ app_begin ] --START--
INFO: Run Behavior\ReadHtmlCacheBehavior [ RunTime:0.020773s ]
INFO: [ app_begin ] --END-- [ RunTime:0.020915s ]
SQL: SHOW COLUMNS FROM `tuser` [ RunTime:0.0073s ]
SQL: SELECT * FROM `tuser` ORDER BY tuser_publish LIMIT 10   [ RunTime:0.0195s ]
ERR: Think\Controller:article_today_select方法不存在！

[ 2016-07-11T04:22:58+08:00 ] 61.228.94.83 163mx03.mxmail.netease.com:25
INFO: [ app_init ] --START--
INFO: Run Behavior\BuildLiteBehavior [ RunTime:0.000020s ]
INFO: [ app_init ] --END-- [ RunTime:0.000363s ]
INFO: [ app_begin ] --START--
INFO: Run Behavior\ReadHtmlCacheBehavior [ RunTime:0.038290s ]
INFO: [ app_begin ] --END-- [ RunTime:0.038399s ]
SQL: SHOW COLUMNS FROM `tuser` [ RunTime:0.0124s ]
SQL: SELECT * FROM `tuser` ORDER BY tuser_publish LIMIT 10   [ RunTime:0.0212s ]
ERR: Think\Controller:article_today_select方法不存在！

[ 2016-07-11T04:29:47+08:00 ] 114.36.214.22 smtp.mail.yahoo.com:25
INFO: [ app_init ] --START--
INFO: Run Behavior\BuildLiteBehavior [ RunTime:0.000034s ]
INFO: [ app_init ] --END-- [ RunTime:0.014944s ]
INFO: [ app_begin ] --START--
INFO: Run Behavior\ReadHtmlCacheBehavior [ RunTime:0.027447s ]
INFO: [ app_begin ] --END-- [ RunTime:0.027575s ]
SQL: SHOW COLUMNS FROM `tuser` [ RunTime:0.0075s ]
SQL: SELECT * FROM `tuser` ORDER BY tuser_publish LIMIT 10   [ RunTime:0.0257s ]
ERR: Think\Controller:article_today_select方法不存在！

[ 2016-07-11T04:42:44+08:00 ] 120.25.103.140 /
INFO: [ app_init ] --START--
INFO: Run Behavior\BuildLiteBehavior [ RunTime:0.000038s ]
INFO: [ app_init ] --END-- [ RunTime:0.017934s ]
INFO: [ app_begin ] --START--
INFO: Run Behavior\ReadHtmlCacheBehavior [ RunTime:0.020782s ]
INFO: [ app_begin ] --END-- [ RunTime:0.020919s ]
SQL: SHOW COLUMNS FROM `tuser` [ RunTime:0.0141s ]
SQL: SELECT * FROM `tuser` ORDER BY tuser_publish LIMIT 10   [ RunTime:0.0202s ]
ERR: Think\Controller:article_today_select方法不存在！

[ 2016-07-11T04:45:39+08:00 ] 114.36.214.22 smtp.mail.yahoo.com:25
INFO: [ app_init ] --START--
INFO: Run Behavior\BuildLiteBehavior [ RunTime:0.000031s ]
INFO: [ app_init ] --END-- [ RunTime:0.013017s ]
INFO: [ app_begin ] --START--
INFO: Run Behavior\ReadHtmlCacheBehavior [ RunTime:0.029421s ]
INFO: [ app_begin ] --END-- [ RunTime:0.029540s ]
SQL: SHOW COLUMNS FROM `tuser` [ RunTime:0.0130s ]
SQL: SELECT * FROM `tuser` ORDER BY tuser_publish LIMIT 10   [ RunTime:0.0202s ]
ERR: Think\Controller:article_today_select方法不存在！

[ 2016-07-11T05:00:56+08:00 ] 114.36.214.22 smtp.mail.yahoo.com:25
INFO: [ app_init ] --START--
INFO: Run Behavior\BuildLiteBehavior [ RunTime:0.000036s ]
INFO: [ app_init ] --END-- [ RunTime:0.013033s ]
INFO: [ app_begin ] --START--
INFO: Run Behavior\ReadHtmlCacheBehavior [ RunTime:0.018760s ]
INFO: [ app_begin ] --END-- [ RunTime:0.018890s ]
SQL: SHOW COLUMNS FROM `tuser` [ RunTime:0.0259s ]
SQL: SELECT * FROM `tuser` ORDER BY tuser_publish LIMIT 10   [ RunTime:0.0137s ]
ERR: Think\Controller:article_today_select方法不存在！

[ 2016-07-11T05:01:54+08:00 ] 123.249.27.193 http://60.173.26.241:61254/80
INFO: [ app_init ] --START--
INFO: Run Behavior\BuildLiteBehavior [ RunTime:0.000044s ]
INFO: [ app_init ] --END-- [ RunTime:0.009093s ]
INFO: [ app_begin ] --START--
INFO: Run Behavior\ReadHtmlCacheBehavior [ RunTime:0.024976s ]
INFO: [ app_begin ] --END-- [ RunTime:0.025092s ]
ERR: 无法加载控制器:80

[ 2016-07-11T05:13:13+08:00 ] 191.96.249.42 /xmlrpc.php
INFO: [ app_init ] --START--
INFO: Run Behavior\BuildLiteBehavior [ RunTime:0.000037s ]
INFO: [ app_init ] --END-- [ RunTime:0.011481s ]
INFO: [ app_begin ] --START--
INFO: Run Behavior\ReadHtmlCacheBehavior [ RunTime:0.018570s ]
INFO: [ app_begin ] --END-- [ RunTime:0.018700s ]
ERR: 无法加载控制器:Xmlrpc.php

[ 2016-07-11T05:16:11+08:00 ] 114.36.214.22 smtp.mail.yahoo.com:25
INFO: [ app_init ] --START--
INFO: Run Behavior\BuildLiteBehavior [ RunTime:0.000024s ]
INFO: [ app_init ] --END-- [ RunTime:0.000428s ]
INFO: [ app_begin ] --START--
INFO: Run Behavior\ReadHtmlCacheBehavior [ RunTime:0.000472s ]
INFO: [ app_begin ] --END-- [ RunTime:0.000552s ]
SQL: SHOW COLUMNS FROM `tuser` [ RunTime:0.0138s ]
SQL: SELECT * FROM `tuser` ORDER BY tuser_publish LIMIT 10   [ RunTime:0.0192s ]
ERR: Think\Controller:article_today_select方法不存在！

[ 2016-07-11T05:31:19+08:00 ] 114.36.214.22 smtp.mail.yahoo.com:25
INFO: [ app_init ] --START--
INFO: Run Behavior\BuildLiteBehavior [ RunTime:0.000025s ]
INFO: [ app_init ] --END-- [ RunTime:0.000381s ]
INFO: [ app_begin ] --START--
INFO: Run Behavior\ReadHtmlCacheBehavior [ RunTime:0.000492s ]
INFO: [ app_begin ] --END-- [ RunTime:0.000574s ]
SQL: SHOW COLUMNS FROM `tuser` [ RunTime:0.0243s ]
SQL: SELECT * FROM `tuser` ORDER BY tuser_publish LIMIT 10   [ RunTime:0.0146s ]
ERR: Think\Controller:article_today_select方法不存在！

[ 2016-07-11T05:34:48+08:00 ] 101.200.235.114 /phpmyadmin
INFO: [ app_init ] --START--
INFO: Run Behavior\BuildLiteBehavior [ RunTime:0.000038s ]
INFO: [ app_init ] --END-- [ RunTime:0.012975s ]
INFO: [ app_begin ] --START--
INFO: Run Behavior\ReadHtmlCacheBehavior [ RunTime:0.022703s ]
INFO: [ app_begin ] --END-- [ RunTime:0.022821s ]
ERR: 无法加载控制器:Phpmyadmin

[ 2016-07-11T05:44:28+08:00 ] 123.249.27.193 http://60.173.26.241:61254/80
INFO: [ app_init ] --START--
INFO: Run Behavior\BuildLiteBehavior [ RunTime:0.000022s ]
INFO: [ app_init ] --END-- [ RunTime:0.000372s ]
INFO: [ app_begin ] --START--
INFO: Run Behavior\ReadHtmlCacheBehavior [ RunTime:0.018999s ]
INFO: [ app_begin ] --END-- [ RunTime:0.028779s ]
ERR: 无法加载控制器:80

[ 2016-07-11T05:45:56+08:00 ] 114.36.214.22 smtp.mail.yahoo.com:25
INFO: [ app_init ] --START--
INFO: Run Behavior\BuildLiteBehavior [ RunTime:0.000035s ]
INFO: [ app_init ] --END-- [ RunTime:0.012951s ]
INFO: [ app_begin ] --START--
INFO: Run Behavior\ReadHtmlCacheBehavior [ RunTime:0.021651s ]
INFO: [ app_begin ] --END-- [ RunTime:0.021781s ]
SQL: SHOW COLUMNS FROM `tuser` [ RunTime:0.0166s ]
SQL: SELECT * FROM `tuser` ORDER BY tuser_publish LIMIT 10   [ RunTime:0.0146s ]
ERR: Think\Controller:article_today_select方法不存在！

[ 2016-07-11T05:47:42+08:00 ] 23.251.51.125 http://www.luisaranguren.com/azenv.php
INFO: [ app_init ] --START--
INFO: Run Behavior\BuildLiteBehavior [ RunTime:0.000037s ]
INFO: [ app_init ] --END-- [ RunTime:0.013049s ]
INFO: [ app_begin ] --START--
INFO: Run Behavior\ReadHtmlCacheBehavior [ RunTime:0.022385s ]
INFO: [ app_begin ] --END-- [ RunTime:0.035570s ]
ERR: 无法加载控制器:Azenv.php

[ 2016-07-11T05:47:44+08:00 ] 23.251.51.125 www.baidu.com:443
INFO: [ app_init ] --START--
INFO: Run Behavior\BuildLiteBehavior [ RunTime:0.000036s ]
INFO: [ app_init ] --END-- [ RunTime:0.014982s ]
INFO: [ app_begin ] --START--
INFO: Run Behavior\ReadHtmlCacheBehavior [ RunTime:0.018770s ]
INFO: [ app_begin ] --END-- [ RunTime:0.018896s ]
SQL: SHOW COLUMNS FROM `tuser` [ RunTime:0.0142s ]
SQL: SELECT * FROM `tuser` ORDER BY tuser_publish LIMIT 10   [ RunTime:0.0184s ]
ERR: Think\Controller:article_today_select方法不存在！

[ 2016-07-11T06:01:10+08:00 ] 114.36.214.22 smtp.mail.yahoo.com:25
INFO: [ app_init ] --START--
INFO: Run Behavior\BuildLiteBehavior [ RunTime:0.000021s ]
INFO: [ app_init ] --END-- [ RunTime:0.000349s ]
INFO: [ app_begin ] --START--
INFO: Run Behavior\ReadHtmlCacheBehavior [ RunTime:0.013787s ]
INFO: [ app_begin ] --END-- [ RunTime:0.013924s ]
SQL: SHOW COLUMNS FROM `tuser` [ RunTime:0.0132s ]
SQL: SELECT * FROM `tuser` ORDER BY tuser_publish LIMIT 10   [ RunTime:0.0201s ]
ERR: Think\Controller:article_today_select方法不存在！

[ 2016-07-11T06:08:21+08:00 ] 123.249.27.192 http://60.173.26.241:61254/80
INFO: [ app_init ] --START--
INFO: Run Behavior\BuildLiteBehavior [ RunTime:0.000038s ]
INFO: [ app_init ] --END-- [ RunTime:0.018296s ]
INFO: [ app_begin ] --START--
INFO: Run Behavior\ReadHtmlCacheBehavior [ RunTime:0.025708s ]
INFO: [ app_begin ] --END-- [ RunTime:0.025827s ]
ERR: 无法加载控制器:80

[ 2016-07-11T06:16:03+08:00 ] 114.36.214.22 smtp.mail.yahoo.com:25
INFO: [ app_init ] --START--
INFO: Run Behavior\BuildLiteBehavior [ RunTime:0.000037s ]
INFO: [ app_init ] --END-- [ RunTime:0.013032s ]
INFO: [ app_begin ] --START--
INFO: Run Behavior\ReadHtmlCacheBehavior [ RunTime:0.014504s ]
INFO: [ app_begin ] --END-- [ RunTime:0.014629s ]
SQL: SHOW COLUMNS FROM `tuser` [ RunTime:0.0208s ]
SQL: SELECT * FROM `tuser` ORDER BY tuser_publish LIMIT 10   [ RunTime:0.0086s ]
ERR: Think\Controller:article_today_select方法不存在！

[ 2016-07-11T06:30:53+08:00 ] 123.249.27.192 http://60.173.26.241:61254/80
INFO: [ app_init ] --START--
INFO: Run Behavior\BuildLiteBehavior [ RunTime:0.000036s ]
INFO: [ app_init ] --END-- [ RunTime:0.015954s ]
INFO: [ app_begin ] --START--
INFO: Run Behavior\ReadHtmlCacheBehavior [ RunTime:0.018694s ]
INFO: [ app_begin ] --END-- [ RunTime:0.018810s ]
ERR: 无法加载控制器:80

[ 2016-07-11T06:31:19+08:00 ] 114.36.214.22 smtp.mail.yahoo.com:25
INFO: [ app_init ] --START--
INFO: Run Behavior\BuildLiteBehavior [ RunTime:0.000036s ]
INFO: [ app_init ] --END-- [ RunTime:0.012931s ]
INFO: [ app_begin ] --START--
INFO: Run Behavior\ReadHtmlCacheBehavior [ RunTime:0.019764s ]
INFO: [ app_begin ] --END-- [ RunTime:0.019898s ]
SQL: SHOW COLUMNS FROM `tuser` [ RunTime:0.0200s ]
SQL: SELECT * FROM `tuser` ORDER BY tuser_publish LIMIT 10   [ RunTime:0.0174s ]
ERR: Think\Controller:article_today_select方法不存在！

[ 2016-07-11T06:47:12+08:00 ] 114.36.214.22 smtp.mail.yahoo.com:25
INFO: [ app_init ] --START--
INFO: Run Behavior\BuildLiteBehavior [ RunTime:0.000038s ]
INFO: [ app_init ] --END-- [ RunTime:0.012970s ]
INFO: [ app_begin ] --START--
INFO: Run Behavior\ReadHtmlCacheBehavior [ RunTime:0.015434s ]
INFO: [ app_begin ] --END-- [ RunTime:0.015588s ]
SQL: SHOW COLUMNS FROM `tuser` [ RunTime:0.0162s ]
SQL: SELECT * FROM `tuser` ORDER BY tuser_publish LIMIT 10   [ RunTime:0.0133s ]
ERR: Think\Controller:article_today_select方法不存在！

[ 2016-07-11T06:53:30+08:00 ] 123.249.27.192 http://60.173.26.241:61254/80
INFO: [ app_init ] --START--
INFO: Run Behavior\BuildLiteBehavior [ RunTime:0.000035s ]
INFO: [ app_init ] --END-- [ RunTime:0.014239s ]
INFO: [ app_begin ] --START--
INFO: Run Behavior\ReadHtmlCacheBehavior [ RunTime:0.027829s ]
INFO: [ app_begin ] --END-- [ RunTime:0.027954s ]
ERR: 无法加载控制器:80

[ 2016-07-11T07:02:46+08:00 ] 114.36.214.22 smtp.mail.yahoo.com:25
INFO: [ app_init ] --START--
INFO: Run Behavior\BuildLiteBehavior [ RunTime:0.000038s ]
INFO: [ app_init ] --END-- [ RunTime:0.025204s ]
INFO: [ app_begin ] --START--
INFO: Run Behavior\ReadHtmlCacheBehavior [ RunTime:0.019765s ]
INFO: [ app_begin ] --END-- [ RunTime:0.019908s ]
SQL: SHOW COLUMNS FROM `tuser` [ RunTime:0.0159s ]
SQL: SELECT * FROM `tuser` ORDER BY tuser_publish LIMIT 10   [ RunTime:0.0166s ]
ERR: Think\Controller:article_today_select方法不存在！

[ 2016-07-11T07:18:25+08:00 ] 114.36.214.22 smtp.mail.yahoo.com:25
INFO: [ app_init ] --START--
INFO: Run Behavior\BuildLiteBehavior [ RunTime:0.000036s ]
INFO: [ app_init ] --END-- [ RunTime:0.011049s ]
INFO: [ app_begin ] --START--
INFO: Run Behavior\ReadHtmlCacheBehavior [ RunTime:0.015775s ]
INFO: [ app_begin ] --END-- [ RunTime:0.015899s ]
SQL: SHOW COLUMNS FROM `tuser` [ RunTime:0.0143s ]
SQL: SELECT * FROM `tuser` ORDER BY tuser_publish LIMIT 10   [ RunTime:0.0202s ]
ERR: Think\Controller:article_today_select方法不存在！

[ 2016-07-11T07:18:35+08:00 ] 123.249.27.193 http://60.173.26.241:61254/80
INFO: [ app_init ] --START--
INFO: Run Behavior\BuildLiteBehavior [ RunTime:0.000036s ]
INFO: [ app_init ] --END-- [ RunTime:0.014054s ]
INFO: [ app_begin ] --START--
INFO: Run Behavior\ReadHtmlCacheBehavior [ RunTime:0.020756s ]
INFO: [ app_begin ] --END-- [ RunTime:0.020873s ]
ERR: 无法加载控制器:80

[ 2016-07-11T07:33:54+08:00 ] 114.36.214.22 smtp.mail.yahoo.com:25
INFO: [ app_init ] --START--
INFO: Run Behavior\BuildLiteBehavior [ RunTime:0.000037s ]
INFO: [ app_init ] --END-- [ RunTime:0.012954s ]
INFO: [ app_begin ] --START--
INFO: Run Behavior\ReadHtmlCacheBehavior [ RunTime:0.021776s ]
INFO: [ app_begin ] --END-- [ RunTime:0.021904s ]
SQL: SHOW COLUMNS FROM `tuser` [ RunTime:0.0133s ]
SQL: SELECT * FROM `tuser` ORDER BY tuser_publish LIMIT 10   [ RunTime:0.0190s ]
ERR: Think\Controller:article_today_select方法不存在！

[ 2016-07-11T07:49:14+08:00 ] 114.36.214.22 smtp.mail.yahoo.com:25
INFO: [ app_init ] --START--
INFO: Run Behavior\BuildLiteBehavior [ RunTime:0.000039s ]
INFO: [ app_init ] --END-- [ RunTime:0.013032s ]
INFO: [ app_begin ] --START--
INFO: Run Behavior\ReadHtmlCacheBehavior [ RunTime:0.022746s ]
INFO: [ app_begin ] --END-- [ RunTime:0.022872s ]
SQL: SHOW COLUMNS FROM `tuser` [ RunTime:0.0140s ]
SQL: SELECT * FROM `tuser` ORDER BY tuser_publish LIMIT 10   [ RunTime:0.0155s ]
ERR: Think\Controller:article_today_select方法不存在！

[ 2016-07-11T08:01:16+08:00 ] 123.249.27.192 http://60.173.26.241:61254/80
INFO: [ app_init ] --START--
INFO: Run Behavior\BuildLiteBehavior [ RunTime:0.000022s ]
INFO: [ app_init ] --END-- [ RunTime:0.000411s ]
INFO: [ app_begin ] --START--
INFO: Run Behavior\ReadHtmlCacheBehavior [ RunTime:0.017675s ]
INFO: [ app_begin ] --END-- [ RunTime:0.017794s ]
ERR: 无法加载控制器:80

[ 2016-07-11T08:05:03+08:00 ] 114.36.214.22 smtp.mail.yahoo.com:25
INFO: [ app_init ] --START--
INFO: Run Behavior\BuildLiteBehavior [ RunTime:0.000022s ]
INFO: [ app_init ] --END-- [ RunTime:0.000403s ]
INFO: [ app_begin ] --START--
INFO: Run Behavior\ReadHtmlCacheBehavior [ RunTime:0.037114s ]
INFO: [ app_begin ] --END-- [ RunTime:0.037220s ]
SQL: SHOW COLUMNS FROM `tuser` [ RunTime:0.0179s ]
SQL: SELECT * FROM `tuser` ORDER BY tuser_publish LIMIT 10   [ RunTime:0.0136s ]
ERR: Think\Controller:article_today_select方法不存在！

[ 2016-07-11T08:10:05+08:00 ] 93.174.93.136 http://www.baidu.com/cache/global/img/gs.gif
INFO: [ app_init ] --START--
INFO: Run Behavior\BuildLiteBehavior [ RunTime:0.000038s ]
INFO: [ app_init ] --END-- [ RunTime:0.013971s ]

[ 2016-07-11T08:16:26+08:00 ] 172.82.166.210 http://www.baidu.com/cache/global/img/gs.gif
INFO: [ app_init ] --START--
INFO: Run Behavior\BuildLiteBehavior [ RunTime:0.000036s ]
INFO: [ app_init ] --END-- [ RunTime:0.015875s ]

[ 2016-07-11T08:19:51+08:00 ] 114.36.214.22 smtp.mail.yahoo.com:25
INFO: [ app_init ] --START--
INFO: Run Behavior\BuildLiteBehavior [ RunTime:0.000042s ]
INFO: [ app_init ] --END-- [ RunTime:0.014088s ]
INFO: [ app_begin ] --START--
INFO: Run Behavior\ReadHtmlCacheBehavior [ RunTime:0.021975s ]
INFO: [ app_begin ] --END-- [ RunTime:0.022107s ]
SQL: SHOW COLUMNS FROM `tuser` [ RunTime:0.0006s ]
SQL: SELECT * FROM `tuser` ORDER BY tuser_publish LIMIT 10   [ RunTime:0.0179s ]
ERR: Think\Controller:article_today_select方法不存在！

[ 2016-07-11T08:32:58+08:00 ] 80.82.78.38 http://www.baidu.com/cache/global/img/gs.gif
INFO: [ app_init ] --START--
INFO: Run Behavior\BuildLiteBehavior [ RunTime:0.000039s ]
INFO: [ app_init ] --END-- [ RunTime:0.013158s ]

[ 2016-07-11T08:34:42+08:00 ] 114.36.214.22 smtp.mail.yahoo.com:25
INFO: [ app_init ] --START--
INFO: Run Behavior\BuildLiteBehavior [ RunTime:0.000043s ]
INFO: [ app_init ] --END-- [ RunTime:0.019045s ]
INFO: [ app_begin ] --START--
INFO: Run Behavior\ReadHtmlCacheBehavior [ RunTime:0.022734s ]
INFO: [ app_begin ] --END-- [ RunTime:0.022837s ]
SQL: SHOW COLUMNS FROM `tuser` [ RunTime:0.0189s ]
SQL: SELECT * FROM `tuser` ORDER BY tuser_publish LIMIT 10   [ RunTime:0.0144s ]
ERR: Think\Controller:article_today_select方法不存在！

[ 2016-07-11T08:45:30+08:00 ] 123.249.27.191 http://60.173.26.241:61254/80
INFO: [ app_init ] --START--
INFO: Run Behavior\BuildLiteBehavior [ RunTime:0.000023s ]
INFO: [ app_init ] --END-- [ RunTime:0.000371s ]
INFO: [ app_begin ] --START--
INFO: Run Behavior\ReadHtmlCacheBehavior [ RunTime:0.023217s ]
INFO: [ app_begin ] --END-- [ RunTime:0.023335s ]
ERR: 无法加载控制器:80

[ 2016-07-11T08:50:27+08:00 ] 114.36.214.22 smtp.mail.yahoo.com:25
INFO: [ app_init ] --START--
INFO: Run Behavior\BuildLiteBehavior [ RunTime:0.000038s ]
INFO: [ app_init ] --END-- [ RunTime:0.012950s ]
INFO: [ app_begin ] --START--
INFO: Run Behavior\ReadHtmlCacheBehavior [ RunTime:0.018447s ]
INFO: [ app_begin ] --END-- [ RunTime:0.018576s ]
SQL: SHOW COLUMNS FROM `tuser` [ RunTime:0.0007s ]
SQL: SELECT * FROM `tuser` ORDER BY tuser_publish LIMIT 10   [ RunTime:0.0252s ]
ERR: Think\Controller:article_today_select方法不存在！

[ 2016-07-11T09:05:31+08:00 ] 114.36.214.22 smtp.mail.yahoo.com:25
INFO: [ app_init ] --START--
INFO: Run Behavior\BuildLiteBehavior [ RunTime:0.000035s ]
INFO: [ app_init ] --END-- [ RunTime:0.007065s ]
INFO: [ app_begin ] --START--
INFO: Run Behavior\ReadHtmlCacheBehavior [ RunTime:0.018772s ]
INFO: [ app_begin ] --END-- [ RunTime:0.018911s ]
SQL: SHOW COLUMNS FROM `tuser` [ RunTime:0.0159s ]
SQL: SELECT * FROM `tuser` ORDER BY tuser_publish LIMIT 10   [ RunTime:0.0166s ]
ERR: Think\Controller:article_today_select方法不存在！

[ 2016-07-11T09:20:45+08:00 ] 114.36.214.22 smtp.mail.yahoo.com:25
INFO: [ app_init ] --START--
INFO: Run Behavior\BuildLiteBehavior [ RunTime:0.000037s ]
INFO: [ app_init ] --END-- [ RunTime:0.012962s ]
INFO: [ app_begin ] --START--
INFO: Run Behavior\ReadHtmlCacheBehavior [ RunTime:0.021750s ]
INFO: [ app_begin ] --END-- [ RunTime:0.021891s ]
SQL: SHOW COLUMNS FROM `tuser` [ RunTime:0.0138s ]
SQL: SELECT * FROM `tuser` ORDER BY tuser_publish LIMIT 10   [ RunTime:0.0166s ]
ERR: Think\Controller:article_today_select方法不存在！

[ 2016-07-11T09:35:10+08:00 ] 114.36.214.22 smtp.mail.yahoo.com:25
INFO: [ app_init ] --START--
INFO: Run Behavior\BuildLiteBehavior [ RunTime:0.000037s ]
INFO: [ app_init ] --END-- [ RunTime:0.018940s ]
INFO: [ app_begin ] --START--
INFO: Run Behavior\ReadHtmlCacheBehavior [ RunTime:0.019740s ]
INFO: [ app_begin ] --END-- [ RunTime:0.019871s ]
SQL: SHOW COLUMNS FROM `tuser` [ RunTime:0.0220s ]
SQL: SELECT * FROM `tuser` ORDER BY tuser_publish LIMIT 10   [ RunTime:0.0155s ]
ERR: Think\Controller:article_today_select方法不存在！

[ 2016-07-11T09:48:30+08:00 ] 114.36.214.22 smtp.mail.yahoo.com:25
INFO: [ app_init ] --START--
INFO: Run Behavior\BuildLiteBehavior [ RunTime:0.000051s ]
INFO: [ app_init ] --END-- [ RunTime:0.015814s ]
INFO: [ app_begin ] --START--
INFO: Run Behavior\ReadHtmlCacheBehavior [ RunTime:0.020680s ]
INFO: [ app_begin ] --END-- [ RunTime:0.020809s ]
SQL: SHOW COLUMNS FROM `tuser` [ RunTime:0.0145s ]
SQL: SELECT * FROM `tuser` ORDER BY tuser_publish LIMIT 10   [ RunTime:0.0189s ]
ERR: Think\Controller:article_today_select方法不存在！

[ 2016-07-11T10:02:03+08:00 ] 114.36.214.22 smtp.mail.yahoo.com:25
INFO: [ app_init ] --START--
INFO: Run Behavior\BuildLiteBehavior [ RunTime:0.000035s ]
INFO: [ app_init ] --END-- [ RunTime:0.025300s ]
INFO: [ app_begin ] --START--
INFO: Run Behavior\ReadHtmlCacheBehavior [ RunTime:0.018724s ]
INFO: [ app_begin ] --END-- [ RunTime:0.018808s ]
SQL: SHOW COLUMNS FROM `tuser` [ RunTime:0.0169s ]
SQL: SELECT * FROM `tuser` ORDER BY tuser_publish LIMIT 10   [ RunTime:0.0136s ]
ERR: Think\Controller:article_today_select方法不存在！

[ 2016-07-11T10:15:08+08:00 ] 114.36.214.22 smtp.mail.yahoo.com:25
INFO: [ app_init ] --START--
INFO: Run Behavior\BuildLiteBehavior [ RunTime:0.000044s ]
INFO: [ app_init ] --END-- [ RunTime:0.018998s ]
INFO: [ app_begin ] --START--
INFO: Run Behavior\ReadHtmlCacheBehavior [ RunTime:0.027941s ]
INFO: [ app_begin ] --END-- [ RunTime:0.028143s ]
SQL: SHOW COLUMNS FROM `tuser` [ RunTime:0.0142s ]
SQL: SELECT * FROM `tuser` ORDER BY tuser_publish LIMIT 10   [ RunTime:0.0233s ]
ERR: Think\Controller:article_today_select方法不存在！

[ 2016-07-11T10:28:45+08:00 ] 114.36.214.22 smtp.mail.yahoo.com:25
INFO: [ app_init ] --START--
INFO: Run Behavior\BuildLiteBehavior [ RunTime:0.000036s ]
INFO: [ app_init ] --END-- [ RunTime:0.012973s ]
INFO: [ app_begin ] --START--
INFO: Run Behavior\ReadHtmlCacheBehavior [ RunTime:0.017819s ]
INFO: [ app_begin ] --END-- [ RunTime:0.017944s ]
SQL: SHOW COLUMNS FROM `tuser` [ RunTime:0.0123s ]
SQL: SELECT * FROM `tuser` ORDER BY tuser_publish LIMIT 10   [ RunTime:0.0131s ]
ERR: Think\Controller:article_today_select方法不存在！

[ 2016-07-11T10:42:13+08:00 ] 114.36.214.22 smtp.mail.yahoo.com:25
INFO: [ app_init ] --START--
INFO: Run Behavior\BuildLiteBehavior [ RunTime:0.000032s ]
INFO: [ app_init ] --END-- [ RunTime:0.012617s ]
INFO: [ app_begin ] --START--
INFO: Run Behavior\ReadHtmlCacheBehavior [ RunTime:0.037263s ]
INFO: [ app_begin ] --END-- [ RunTime:0.037373s ]
SQL: SHOW COLUMNS FROM `tuser` [ RunTime:0.0100s ]
SQL: SELECT * FROM `tuser` ORDER BY tuser_publish LIMIT 10   [ RunTime:0.0205s ]
ERR: Think\Controller:article_today_select方法不存在！

[ 2016-07-11T10:53:40+08:00 ] 123.249.27.191 http://60.173.26.241:61254/80
INFO: [ app_init ] --START--
INFO: Run Behavior\BuildLiteBehavior [ RunTime:0.000039s ]
INFO: [ app_init ] --END-- [ RunTime:0.032248s ]
INFO: [ app_begin ] --START--
INFO: Run Behavior\ReadHtmlCacheBehavior [ RunTime:0.021709s ]
INFO: [ app_begin ] --END-- [ RunTime:0.021846s ]
ERR: 无法加载控制器:80

[ 2016-07-11T10:55:42+08:00 ] 114.36.214.22 smtp.mail.yahoo.com:25
INFO: [ app_init ] --START--
INFO: Run Behavior\BuildLiteBehavior [ RunTime:0.000039s ]
INFO: [ app_init ] --END-- [ RunTime:0.012969s ]
INFO: [ app_begin ] --START--
INFO: Run Behavior\ReadHtmlCacheBehavior [ RunTime:0.016704s ]
INFO: [ app_begin ] --END-- [ RunTime:0.016846s ]
SQL: SHOW COLUMNS FROM `tuser` [ RunTime:0.0139s ]
SQL: SELECT * FROM `tuser` ORDER BY tuser_publish LIMIT 10   [ RunTime:0.0222s ]
ERR: Think\Controller:article_today_select方法不存在！

[ 2016-07-11T11:08:49+08:00 ] 114.36.214.22 smtp.mail.yahoo.com:25
INFO: [ app_init ] --START--
INFO: Run Behavior\BuildLiteBehavior [ RunTime:0.000037s ]
INFO: [ app_init ] --END-- [ RunTime:0.013965s ]
INFO: [ app_begin ] --START--
INFO: Run Behavior\ReadHtmlCacheBehavior [ RunTime:0.018923s ]
INFO: [ app_begin ] --END-- [ RunTime:0.019028s ]
SQL: SHOW COLUMNS FROM `tuser` [ RunTime:0.0135s ]
SQL: SELECT * FROM `tuser` ORDER BY tuser_publish LIMIT 10   [ RunTime:0.0232s ]
ERR: Think\Controller:article_today_select方法不存在！

[ 2016-07-11T11:14:33+08:00 ] 23.251.51.125 http://proxyjudge.us/
INFO: [ app_init ] --START--
INFO: Run Behavior\BuildLiteBehavior [ RunTime:0.000024s ]
INFO: [ app_init ] --END-- [ RunTime:0.000374s ]
INFO: [ app_begin ] --START--
INFO: Run Behavior\ReadHtmlCacheBehavior [ RunTime:0.025399s ]
INFO: [ app_begin ] --END-- [ RunTime:0.025546s ]
SQL: SHOW COLUMNS FROM `tuser` [ RunTime:0.0209s ]
SQL: SELECT * FROM `tuser` ORDER BY tuser_publish LIMIT 10   [ RunTime:0.0145s ]
ERR: Think\Controller:article_today_select方法不存在！

[ 2016-07-11T11:14:34+08:00 ] 23.251.51.125 www.baidu.com:443
INFO: [ app_init ] --START--
INFO: Run Behavior\BuildLiteBehavior [ RunTime:0.000032s ]
INFO: [ app_init ] --END-- [ RunTime:0.021769s ]
INFO: [ app_begin ] --START--
INFO: Run Behavior\ReadHtmlCacheBehavior [ RunTime:0.000552s ]
INFO: [ app_begin ] --END-- [ RunTime:0.020719s ]
ERR: Think\Controller:article_today_select方法不存在！

[ 2016-07-11T11:16:37+08:00 ] 123.249.27.193 http://60.173.26.241:61254/80
INFO: [ app_init ] --START--
INFO: Run Behavior\BuildLiteBehavior [ RunTime:0.000022s ]
INFO: [ app_init ] --END-- [ RunTime:0.000345s ]
INFO: [ app_begin ] --START--
INFO: Run Behavior\ReadHtmlCacheBehavior [ RunTime:0.038130s ]
INFO: [ app_begin ] --END-- [ RunTime:0.038230s ]
ERR: 无法加载控制器:80

[ 2016-07-11T11:22:15+08:00 ] 114.36.214.22 smtp.mail.yahoo.com:25
INFO: [ app_init ] --START--
INFO: Run Behavior\BuildLiteBehavior [ RunTime:0.000037s ]
INFO: [ app_init ] --END-- [ RunTime:0.012891s ]
INFO: [ app_begin ] --START--
INFO: Run Behavior\ReadHtmlCacheBehavior [ RunTime:0.019165s ]
INFO: [ app_begin ] --END-- [ RunTime:0.019292s ]
SQL: SHOW COLUMNS FROM `tuser` [ RunTime:0.0317s ]
SQL: SELECT * FROM `tuser` ORDER BY tuser_publish LIMIT 10   [ RunTime:0.0156s ]
ERR: Think\Controller:article_today_select方法不存在！

[ 2016-07-11T11:35:36+08:00 ] 114.36.214.22 smtp.mail.yahoo.com:25
INFO: [ app_init ] --START--
INFO: Run Behavior\BuildLiteBehavior [ RunTime:0.000040s ]
INFO: [ app_init ] --END-- [ RunTime:0.013983s ]
INFO: [ app_begin ] --START--
INFO: Run Behavior\ReadHtmlCacheBehavior [ RunTime:0.023768s ]
INFO: [ app_begin ] --END-- [ RunTime:0.023899s ]
SQL: SHOW COLUMNS FROM `tuser` [ RunTime:0.0085s ]
SQL: SELECT * FROM `tuser` ORDER BY tuser_publish LIMIT 10   [ RunTime:0.0192s ]
ERR: Think\Controller:article_today_select方法不存在！

[ 2016-07-11T11:59:38+08:00 ] 123.249.27.191 http://60.173.26.241:61254/80
INFO: [ app_init ] --START--
INFO: Run Behavior\BuildLiteBehavior [ RunTime:0.000036s ]
INFO: [ app_init ] --END-- [ RunTime:0.017820s ]
INFO: [ app_begin ] --START--
INFO: Run Behavior\ReadHtmlCacheBehavior [ RunTime:0.024633s ]
INFO: [ app_begin ] --END-- [ RunTime:0.024794s ]
ERR: 无法加载控制器:80

[ 2016-07-11T12:22:30+08:00 ] 123.249.27.193 http://60.173.26.241:61254/80
INFO: [ app_init ] --START--
INFO: Run Behavior\BuildLiteBehavior [ RunTime:0.000039s ]
INFO: [ app_init ] --END-- [ RunTime:0.013044s ]
INFO: [ app_begin ] --START--
INFO: Run Behavior\ReadHtmlCacheBehavior [ RunTime:0.022784s ]
INFO: [ app_begin ] --END-- [ RunTime:0.022909s ]
ERR: 无法加载控制器:80

[ 2016-07-11T12:43:01+08:00 ] 23.251.51.125 http://fr.cyberpods.net/
INFO: [ app_init ] --START--
INFO: Run Behavior\BuildLiteBehavior [ RunTime:0.000051s ]
INFO: [ app_init ] --END-- [ RunTime:0.019008s ]
INFO: [ app_begin ] --START--
INFO: Run Behavior\ReadHtmlCacheBehavior [ RunTime:0.022697s ]
INFO: [ app_begin ] --END-- [ RunTime:0.022834s ]
SQL: SHOW COLUMNS FROM `tuser` [ RunTime:0.0169s ]
SQL: SELECT * FROM `tuser` ORDER BY tuser_publish LIMIT 10   [ RunTime:0.0146s ]
ERR: Think\Controller:article_today_select方法不存在！

[ 2016-07-11T12:43:02+08:00 ] 23.251.51.125 www.alipay.com:443
INFO: [ app_init ] --START--
INFO: Run Behavior\BuildLiteBehavior [ RunTime:0.000038s ]
INFO: [ app_init ] --END-- [ RunTime:0.018001s ]
INFO: [ app_begin ] --START--
INFO: Run Behavior\ReadHtmlCacheBehavior [ RunTime:0.019780s ]
INFO: [ app_begin ] --END-- [ RunTime:0.019913s ]
ERR: Think\Controller:article_today_select方法不存在！

[ 2016-07-11T12:44:51+08:00 ] 123.249.27.193 http://60.173.26.241:61254/80
INFO: [ app_init ] --START--
INFO: Run Behavior\BuildLiteBehavior [ RunTime:0.000049s ]
INFO: [ app_init ] --END-- [ RunTime:0.012115s ]
INFO: [ app_begin ] --START--
INFO: Run Behavior\ReadHtmlCacheBehavior [ RunTime:0.018681s ]
INFO: [ app_begin ] --END-- [ RunTime:0.018799s ]
ERR: 无法加载控制器:80

[ 2016-07-11T12:58:02+08:00 ] 91.196.50.33 http://testp1.piwo.pila.pl/testproxy.php
INFO: [ app_init ] --START--
INFO: Run Behavior\BuildLiteBehavior [ RunTime:0.000038s ]
INFO: [ app_init ] --END-- [ RunTime:0.007063s ]
INFO: [ app_begin ] --START--
INFO: Run Behavior\ReadHtmlCacheBehavior [ RunTime:0.022815s ]
INFO: [ app_begin ] --END-- [ RunTime:0.022931s ]
ERR: 无法加载控制器:Testproxy.php

[ 2016-07-11T13:01:10+08:00 ] 93.174.93.136 http://www.baidu.com/cache/global/img/gs.gif
INFO: [ app_init ] --START--
INFO: Run Behavior\BuildLiteBehavior [ RunTime:0.000042s ]
INFO: [ app_init ] --END-- [ RunTime:0.000395s ]

[ 2016-07-11T13:06:27+08:00 ] 123.249.27.193 http://60.173.26.241:61254/80
INFO: [ app_init ] --START--
INFO: Run Behavior\BuildLiteBehavior [ RunTime:0.000037s ]
INFO: [ app_init ] --END-- [ RunTime:0.012622s ]
INFO: [ app_begin ] --START--
INFO: Run Behavior\ReadHtmlCacheBehavior [ RunTime:0.021591s ]
INFO: [ app_begin ] --END-- [ RunTime:0.021704s ]
ERR: 无法加载控制器:80

[ 2016-07-11T14:15:52+08:00 ] 123.249.27.192 http://60.173.26.241:61254/80
INFO: [ app_init ] --START--
INFO: Run Behavior\BuildLiteBehavior [ RunTime:0.000043s ]
INFO: [ app_init ] --END-- [ RunTime:0.011978s ]
INFO: [ app_begin ] --START--
INFO: Run Behavior\ReadHtmlCacheBehavior [ RunTime:0.025709s ]
INFO: [ app_begin ] --END-- [ RunTime:0.025829s ]
ERR: 无法加载控制器:80

[ 2016-07-11T14:37:59+08:00 ] 123.249.27.193 http://60.173.26.241:61254/80
INFO: [ app_init ] --START--
INFO: Run Behavior\BuildLiteBehavior [ RunTime:0.000037s ]
INFO: [ app_init ] --END-- [ RunTime:0.012998s ]
INFO: [ app_begin ] --START--
INFO: Run Behavior\ReadHtmlCacheBehavior [ RunTime:0.019960s ]
INFO: [ app_begin ] --END-- [ RunTime:0.020080s ]
ERR: 无法加载控制器:80

[ 2016-07-11T15:00:31+08:00 ] 123.249.27.193 http://60.173.26.241:61254/80
INFO: [ app_init ] --START--
INFO: Run Behavior\BuildLiteBehavior [ RunTime:0.000036s ]
INFO: [ app_init ] --END-- [ RunTime:0.018970s ]
INFO: [ app_begin ] --START--
INFO: Run Behavior\ReadHtmlCacheBehavior [ RunTime:0.018989s ]
INFO: [ app_begin ] --END-- [ RunTime:0.019088s ]
ERR: 无法加载控制器:80

[ 2016-07-11T15:18:18+08:00 ] 123.249.27.191 http://60.173.26.241:61254/80
INFO: [ app_init ] --START--
INFO: Run Behavior\BuildLiteBehavior [ RunTime:0.000037s ]
INFO: [ app_init ] --END-- [ RunTime:0.016050s ]
INFO: [ app_begin ] --START--
INFO: Run Behavior\ReadHtmlCacheBehavior [ RunTime:0.018675s ]
INFO: [ app_begin ] --END-- [ RunTime:0.018791s ]
ERR: 无法加载控制器:80

[ 2016-07-11T15:26:17+08:00 ] 23.251.51.125 http://www.proxy-listen.de/azenv.php
INFO: [ app_init ] --START--
INFO: Run Behavior\BuildLiteBehavior [ RunTime:0.000038s ]
INFO: [ app_init ] --END-- [ RunTime:0.012997s ]
INFO: [ app_begin ] --START--
INFO: Run Behavior\ReadHtmlCacheBehavior [ RunTime:0.021717s ]
INFO: [ app_begin ] --END-- [ RunTime:0.021838s ]
ERR: 无法加载控制器:Azenv.php

[ 2016-07-11T15:26:33+08:00 ] 23.251.51.125 http://proxyjudge.us/
INFO: [ app_init ] --START--
INFO: Run Behavior\BuildLiteBehavior [ RunTime:0.000033s ]
INFO: [ app_init ] --END-- [ RunTime:0.013447s ]
INFO: [ app_begin ] --START--
INFO: Run Behavior\ReadHtmlCacheBehavior [ RunTime:0.018789s ]
INFO: [ app_begin ] --END-- [ RunTime:0.018909s ]
SQL: SHOW COLUMNS FROM `tuser` [ RunTime:0.0007s ]
SQL: SELECT * FROM `tuser` ORDER BY tuser_publish LIMIT 10   [ RunTime:0.0245s ]
ERR: Think\Controller:article_today_select方法不存在！

[ 2016-07-11T15:26:34+08:00 ] 23.251.51.125 www.alipay.com:443
INFO: [ app_init ] --START--
INFO: Run Behavior\BuildLiteBehavior [ RunTime:0.000036s ]
INFO: [ app_init ] --END-- [ RunTime:0.011074s ]
INFO: [ app_begin ] --START--
INFO: Run Behavior\ReadHtmlCacheBehavior [ RunTime:0.020655s ]
INFO: [ app_begin ] --END-- [ RunTime:0.020783s ]
ERR: Think\Controller:article_today_select方法不存在！

[ 2016-07-11T15:28:22+08:00 ] 23.251.40.103 http://www.sbjudge2.com/azenv.php
INFO: [ app_init ] --START--
INFO: Run Behavior\BuildLiteBehavior [ RunTime:0.000023s ]
INFO: [ app_init ] --END-- [ RunTime:0.000375s ]
INFO: [ app_begin ] --START--
INFO: Run Behavior\ReadHtmlCacheBehavior [ RunTime:0.018709s ]
INFO: [ app_begin ] --END-- [ RunTime:0.018846s ]
ERR: 无法加载控制器:Azenv.php

[ 2016-07-11T15:28:26+08:00 ] 23.251.40.103 www.baidu.com:443
INFO: [ app_init ] --START--
INFO: Run Behavior\BuildLiteBehavior [ RunTime:0.000041s ]
INFO: [ app_init ] --END-- [ RunTime:0.013072s ]
INFO: [ app_begin ] --START--
INFO: Run Behavior\ReadHtmlCacheBehavior [ RunTime:0.022729s ]
INFO: [ app_begin ] --END-- [ RunTime:0.022868s ]
SQL: SHOW COLUMNS FROM `tuser` [ RunTime:0.0142s ]
SQL: SELECT * FROM `tuser` ORDER BY tuser_publish LIMIT 10   [ RunTime:0.0191s ]
ERR: Think\Controller:article_today_select方法不存在！

[ 2016-07-11T15:28:59+08:00 ] 23.251.40.103 http://www.luisaranguren.com/azenv.php
INFO: [ app_init ] --START--
INFO: Run Behavior\BuildLiteBehavior [ RunTime:0.000034s ]
INFO: [ app_init ] --END-- [ RunTime:0.012963s ]
INFO: [ app_begin ] --START--
INFO: Run Behavior\ReadHtmlCacheBehavior [ RunTime:0.013050s ]
INFO: [ app_begin ] --END-- [ RunTime:0.019165s ]
ERR: 无法加载控制器:Azenv.php

[ 2016-07-11T15:29:00+08:00 ] 23.251.40.103 www.alipay.com:443
INFO: [ app_init ] --START--
INFO: Run Behavior\BuildLiteBehavior [ RunTime:0.006924s ]
INFO: [ app_init ] --END-- [ RunTime:0.020579s ]
INFO: [ app_begin ] --START--
INFO: Run Behavior\ReadHtmlCacheBehavior [ RunTime:0.017750s ]
INFO: [ app_begin ] --END-- [ RunTime:0.017875s ]
ERR: Think\Controller:article_today_select方法不存在！

[ 2016-07-11T15:30:15+08:00 ] 23.251.40.103 http://www.sbjudge3.com/azenv.php
INFO: [ app_init ] --START--
INFO: Run Behavior\BuildLiteBehavior [ RunTime:0.000048s ]
INFO: [ app_init ] --END-- [ RunTime:0.013084s ]
INFO: [ app_begin ] --START--
INFO: Run Behavior\ReadHtmlCacheBehavior [ RunTime:0.031597s ]
INFO: [ app_begin ] --END-- [ RunTime:0.031738s ]
ERR: 无法加载控制器:Azenv.php

[ 2016-07-11T15:30:17+08:00 ] 23.251.40.103 www.baidu.com:443
INFO: [ app_init ] --START--
INFO: Run Behavior\BuildLiteBehavior [ RunTime:0.000038s ]
INFO: [ app_init ] --END-- [ RunTime:0.012964s ]
INFO: [ app_begin ] --START--
INFO: Run Behavior\ReadHtmlCacheBehavior [ RunTime:0.023773s ]
INFO: [ app_begin ] --END-- [ RunTime:0.023914s ]
SQL: SHOW COLUMNS FROM `tuser` [ RunTime:0.0122s ]
SQL: SELECT * FROM `tuser` ORDER BY tuser_publish LIMIT 10   [ RunTime:0.0192s ]
ERR: Think\Controller:article_today_select方法不存在！

[ 2016-07-11T15:46:23+08:00 ] 123.249.27.191 http://60.173.26.241:61254/80
INFO: [ app_init ] --START--
INFO: Run Behavior\BuildLiteBehavior [ RunTime:0.000037s ]
INFO: [ app_init ] --END-- [ RunTime:0.017070s ]
INFO: [ app_begin ] --START--
INFO: Run Behavior\ReadHtmlCacheBehavior [ RunTime:0.025721s ]
INFO: [ app_begin ] --END-- [ RunTime:0.025836s ]
ERR: 无法加载控制器:80

[ 2016-07-11T16:07:55+08:00 ] 123.249.27.191 http://60.173.26.241:61254/80
INFO: [ app_init ] --START--
INFO: Run Behavior\BuildLiteBehavior [ RunTime:0.000024s ]
INFO: [ app_init ] --END-- [ RunTime:0.000373s ]
INFO: [ app_begin ] --START--
INFO: Run Behavior\ReadHtmlCacheBehavior [ RunTime:0.000417s ]
INFO: [ app_begin ] --END-- [ RunTime:0.000477s ]
ERR: 无法加载控制器:80

[ 2016-07-11T16:44:01+08:00 ] 123.249.27.193 http://60.173.26.241:61254/80
INFO: [ app_init ] --START--
INFO: Run Behavior\BuildLiteBehavior [ RunTime:0.000037s ]
INFO: [ app_init ] --END-- [ RunTime:0.012972s ]
INFO: [ app_begin ] --START--
INFO: Run Behavior\ReadHtmlCacheBehavior [ RunTime:0.024469s ]
INFO: [ app_begin ] --END-- [ RunTime:0.024592s ]
ERR: 无法加载控制器:80

[ 2016-07-11T17:05:33+08:00 ] 123.249.27.191 http://60.173.26.241:61254/80
INFO: [ app_init ] --START--
INFO: Run Behavior\BuildLiteBehavior [ RunTime:0.000038s ]
INFO: [ app_init ] --END-- [ RunTime:0.013976s ]
INFO: [ app_begin ] --START--
INFO: Run Behavior\ReadHtmlCacheBehavior [ RunTime:0.018719s ]
INFO: [ app_begin ] --END-- [ RunTime:0.018827s ]
ERR: 无法加载控制器:80

[ 2016-07-11T17:25:59+08:00 ] 123.249.27.193 http://60.173.26.241:61254/80
INFO: [ app_init ] --START--
INFO: Run Behavior\BuildLiteBehavior [ RunTime:0.000036s ]
INFO: [ app_init ] --END-- [ RunTime:0.012898s ]
INFO: [ app_begin ] --START--
INFO: Run Behavior\ReadHtmlCacheBehavior [ RunTime:0.020717s ]
INFO: [ app_begin ] --END-- [ RunTime:0.020834s ]
ERR: 无法加载控制器:80

[ 2016-07-11T17:26:45+08:00 ] 169.229.3.91 
INFO: [ app_init ] --START--
INFO: Run Behavior\BuildLiteBehavior [ RunTime:0.000022s ]
INFO: [ app_init ] --END-- [ RunTime:0.000355s ]
INFO: [ app_begin ] --START--
INFO: Run Behavior\ReadHtmlCacheBehavior [ RunTime:0.022477s ]
INFO: [ app_begin ] --END-- [ RunTime:0.022611s ]
SQL: SHOW COLUMNS FROM `tuser` [ RunTime:0.0155s ]
SQL: SELECT * FROM `tuser` ORDER BY tuser_publish LIMIT 10   [ RunTime:0.0198s ]
ERR: Think\Controller:article_today_select方法不存在！

[ 2016-07-11T17:28:37+08:00 ] 182.161.39.41 /
INFO: [ app_init ] --START--
INFO: Run Behavior\BuildLiteBehavior [ RunTime:0.005879s ]
INFO: [ app_init ] --END-- [ RunTime:0.038340s ]
INFO: [ app_begin ] --START--
INFO: Run Behavior\ReadHtmlCacheBehavior [ RunTime:0.014487s ]
INFO: [ app_begin ] --END-- [ RunTime:0.014607s ]
SQL: SHOW COLUMNS FROM `tuser` [ RunTime:0.0092s ]
SQL: SELECT * FROM `tuser` ORDER BY tuser_publish LIMIT 10   [ RunTime:0.0192s ]
ERR: Think\Controller:article_today_select方法不存在！

[ 2016-07-11T17:29:55+08:00 ] 120.26.55.211 /wp-content/plugins/mailpress/mp-includes/action.php
INFO: [ app_init ] --START--
INFO: Run Behavior\BuildLiteBehavior [ RunTime:0.000042s ]
INFO: [ app_init ] --END-- [ RunTime:0.020117s ]
INFO: [ app_begin ] --START--
INFO: Run Behavior\ReadHtmlCacheBehavior [ RunTime:0.021594s ]
INFO: [ app_begin ] --END-- [ RunTime:0.021728s ]
ERR: 无法加载控制器:Wp-content

[ 2016-07-11T17:36:08+08:00 ] 120.26.55.211 /wp-content/plugins/mailpress/readme.txt
INFO: [ app_init ] --START--
INFO: Run Behavior\BuildLiteBehavior [ RunTime:0.000035s ]
INFO: [ app_init ] --END-- [ RunTime:0.013973s ]
INFO: [ app_begin ] --START--
INFO: Run Behavior\ReadHtmlCacheBehavior [ RunTime:0.023008s ]
INFO: [ app_begin ] --END-- [ RunTime:0.023123s ]
ERR: 无法加载控制器:Wp-content

[ 2016-07-11T17:46:43+08:00 ] 123.249.27.192 http://60.173.26.241:61254/80
INFO: [ app_init ] --START--
INFO: Run Behavior\BuildLiteBehavior [ RunTime:0.000036s ]
INFO: [ app_init ] --END-- [ RunTime:0.012958s ]
INFO: [ app_begin ] --START--
INFO: Run Behavior\ReadHtmlCacheBehavior [ RunTime:0.023699s ]
INFO: [ app_begin ] --END-- [ RunTime:0.023813s ]
ERR: 无法加载控制器:80

[ 2016-07-11T17:51:55+08:00 ] 93.174.93.136 http://www.baidu.com/cache/global/img/gs.gif
INFO: [ app_init ] --START--
INFO: Run Behavior\BuildLiteBehavior [ RunTime:0.000038s ]
INFO: [ app_init ] --END-- [ RunTime:0.015969s ]

[ 2016-07-11T17:58:24+08:00 ] 61.160.195.222 http://119.90.40.16:8090/
INFO: [ app_init ] --START--
INFO: Run Behavior\BuildLiteBehavior [ RunTime:0.000037s ]
INFO: [ app_init ] --END-- [ RunTime:0.011987s ]
INFO: [ app_begin ] --START--
INFO: Run Behavior\ReadHtmlCacheBehavior [ RunTime:0.020697s ]
INFO: [ app_begin ] --END-- [ RunTime:0.020829s ]
SQL: SHOW COLUMNS FROM `tuser` [ RunTime:0.0145s ]
SQL: SELECT * FROM `tuser` ORDER BY tuser_publish LIMIT 10   [ RunTime:0.0212s ]
ERR: Think\Controller:article_today_select方法不存在！

[ 2016-07-11T19:29:45+08:00 ] 172.82.166.210 http://www.baidu.com/cache/global/img/gs.gif
INFO: [ app_init ] --START--
INFO: Run Behavior\BuildLiteBehavior [ RunTime:0.000024s ]
INFO: [ app_init ] --END-- [ RunTime:0.000456s ]

[ 2016-07-11T19:30:59+08:00 ] 23.251.51.125 http://domkrim.com/av.php
INFO: [ app_init ] --START--
INFO: Run Behavior\BuildLiteBehavior [ RunTime:0.000047s ]
INFO: [ app_init ] --END-- [ RunTime:0.017940s ]
INFO: [ app_begin ] --START--
INFO: Run Behavior\ReadHtmlCacheBehavior [ RunTime:0.019613s ]
INFO: [ app_begin ] --END-- [ RunTime:0.019765s ]
ERR: 无法加载控制器:Av.php

[ 2016-07-11T19:31:00+08:00 ] 23.251.51.125 www.baidu.com:443
INFO: [ app_init ] --START--
INFO: Run Behavior\BuildLiteBehavior [ RunTime:0.000036s ]
INFO: [ app_init ] --END-- [ RunTime:0.011939s ]
INFO: [ app_begin ] --START--
INFO: Run Behavior\ReadHtmlCacheBehavior [ RunTime:0.020778s ]
INFO: [ app_begin ] --END-- [ RunTime:0.020910s ]
SQL: SHOW COLUMNS FROM `tuser` [ RunTime:0.0073s ]
SQL: SELECT * FROM `tuser` ORDER BY tuser_publish LIMIT 10   [ RunTime:0.0272s ]
ERR: Think\Controller:article_today_select方法不存在！

[ 2016-07-11T19:36:45+08:00 ] 101.200.78.64 /
INFO: [ app_init ] --START--
INFO: Run Behavior\BuildLiteBehavior [ RunTime:0.000022s ]
INFO: [ app_init ] --END-- [ RunTime:0.000407s ]
INFO: [ app_begin ] --START--
INFO: Run Behavior\ReadHtmlCacheBehavior [ RunTime:0.018891s ]
INFO: [ app_begin ] --END-- [ RunTime:0.019030s ]
SQL: SHOW COLUMNS FROM `tuser` [ RunTime:0.0096s ]
SQL: SELECT * FROM `tuser` ORDER BY tuser_publish LIMIT 10   [ RunTime:0.0294s ]
ERR: Think\Controller:article_today_select方法不存在！

[ 2016-07-11T20:21:34+08:00 ] 80.82.78.38 http://www.baidu.com/cache/global/img/gs.gif
INFO: [ app_init ] --START--
INFO: Run Behavior\BuildLiteBehavior [ RunTime:0.000042s ]
INFO: [ app_init ] --END-- [ RunTime:0.016045s ]

[ 2016-07-11T21:18:44+08:00 ] 123.249.27.191 http://60.173.26.241:61254/80
INFO: [ app_init ] --START--
INFO: Run Behavior\BuildLiteBehavior [ RunTime:0.000044s ]
INFO: [ app_init ] --END-- [ RunTime:0.012016s ]
INFO: [ app_begin ] --START--
INFO: Run Behavior\ReadHtmlCacheBehavior [ RunTime:0.020704s ]
INFO: [ app_begin ] --END-- [ RunTime:0.020820s ]
ERR: 无法加载控制器:80

[ 2016-07-11T22:25:20+08:00 ] 123.249.27.193 http://60.173.26.241:61254/80
INFO: [ app_init ] --START--
INFO: Run Behavior\BuildLiteBehavior [ RunTime:0.000039s ]
INFO: [ app_init ] --END-- [ RunTime:0.019930s ]
INFO: [ app_begin ] --START--
INFO: Run Behavior\ReadHtmlCacheBehavior [ RunTime:0.012983s ]
INFO: [ app_begin ] --END-- [ RunTime:0.013106s ]
ERR: 无法加载控制器:80

[ 2016-07-11T22:42:41+08:00 ] 93.174.93.136 http://www.baidu.com/cache/global/img/gs.gif
INFO: [ app_init ] --START--
INFO: Run Behavior\BuildLiteBehavior [ RunTime:0.000037s ]
INFO: [ app_init ] --END-- [ RunTime:0.012963s ]

[ 2016-07-11T23:13:42+08:00 ] 23.251.51.125 http://www.sbjudge3.com/azenv.php
INFO: [ app_init ] --START--
INFO: Run Behavior\BuildLiteBehavior [ RunTime:0.000036s ]
INFO: [ app_init ] --END-- [ RunTime:0.013230s ]
INFO: [ app_begin ] --START--
INFO: Run Behavior\ReadHtmlCacheBehavior [ RunTime:0.017324s ]
INFO: [ app_begin ] --END-- [ RunTime:0.017451s ]
ERR: 无法加载控制器:Azenv.php

[ 2016-07-11T23:13:43+08:00 ] 23.251.51.125 www.baidu.com:443
INFO: [ app_init ] --START--
INFO: Run Behavior\BuildLiteBehavior [ RunTime:0.000035s ]
INFO: [ app_init ] --END-- [ RunTime:0.012969s ]
INFO: [ app_begin ] --START--
INFO: Run Behavior\ReadHtmlCacheBehavior [ RunTime:0.023751s ]
INFO: [ app_begin ] --END-- [ RunTime:0.023919s ]
SQL: SHOW COLUMNS FROM `tuser` [ RunTime:0.0083s ]
SQL: SELECT * FROM `tuser` ORDER BY tuser_publish LIMIT 10   [ RunTime:0.0292s ]
ERR: Think\Controller:article_today_select方法不存在！

[ 2016-07-11T23:57:17+08:00 ] 23.251.51.125 http://fr.cyberpods.net/
INFO: [ app_init ] --START--
INFO: Run Behavior\BuildLiteBehavior [ RunTime:0.000036s ]
INFO: [ app_init ] --END-- [ RunTime:0.010010s ]
INFO: [ app_begin ] --START--
INFO: Run Behavior\ReadHtmlCacheBehavior [ RunTime:0.019792s ]
INFO: [ app_begin ] --END-- [ RunTime:0.019912s ]
SQL: SHOW COLUMNS FROM `tuser` [ RunTime:0.0007s ]
SQL: SELECT * FROM `tuser` ORDER BY tuser_publish LIMIT 10   [ RunTime:0.0218s ]
ERR: Think\Controller:article_today_select方法不存在！

[ 2016-07-11T23:57:18+08:00 ] 23.251.51.125 www.baidu.com:443
INFO: [ app_init ] --START--
INFO: Run Behavior\BuildLiteBehavior [ RunTime:0.000036s ]
INFO: [ app_init ] --END-- [ RunTime:0.014953s ]
INFO: [ app_begin ] --START--
INFO: Run Behavior\ReadHtmlCacheBehavior [ RunTime:0.027771s ]
INFO: [ app_begin ] --END-- [ RunTime:0.027899s ]
ERR: Think\Controller:article_today_select方法不存在！

