[ 2016-07-13T00:12:51+08:00 ] 123.249.27.193 http://60.173.26.241:61254/80
INFO: [ app_init ] --START--
INFO: Run Behavior\BuildLiteBehavior [ RunTime:0.000038s ]
INFO: [ app_init ] --END-- [ RunTime:0.015653s ]
INFO: [ app_begin ] --START--
INFO: Run Behavior\ReadHtmlCacheBehavior [ RunTime:0.019711s ]
INFO: [ app_begin ] --END-- [ RunTime:0.019827s ]
ERR: 无法加载控制器:80

[ 2016-07-13T00:33:42+08:00 ] 220.132.81.117 smtp.mail.yahoo.com:25
INFO: [ app_init ] --START--
INFO: Run Behavior\BuildLiteBehavior [ RunTime:0.000035s ]
INFO: [ app_init ] --END-- [ RunTime:0.017176s ]
INFO: [ app_begin ] --START--
INFO: Run Behavior\ReadHtmlCacheBehavior [ RunTime:0.012922s ]
INFO: [ app_begin ] --END-- [ RunTime:0.013051s ]
SQL: SHOW COLUMNS FROM `tuser` [ RunTime:0.0201s ]
SQL: SELECT * FROM `tuser` ORDER BY tuser_publish LIMIT 10   [ RunTime:0.0103s ]
ERR: Think\Controller:article_today_select方法不存在！

[ 2016-07-13T00:34:16+08:00 ] 220.132.81.117 smtp.mail.yahoo.com:25
INFO: [ app_init ] --START--
INFO: Run Behavior\BuildLiteBehavior [ RunTime:0.000037s ]
INFO: [ app_init ] --END-- [ RunTime:0.018965s ]
INFO: [ app_begin ] --START--
INFO: Run Behavior\ReadHtmlCacheBehavior [ RunTime:0.016921s ]
INFO: [ app_begin ] --END-- [ RunTime:0.017031s ]
ERR: Think\Controller:article_today_select方法不存在！

[ 2016-07-13T00:46:36+08:00 ] 220.132.81.117 smtp.mail.yahoo.com:25
INFO: [ app_init ] --START--
INFO: Run Behavior\BuildLiteBehavior [ RunTime:0.000022s ]
INFO: [ app_init ] --END-- [ RunTime:0.000363s ]
INFO: [ app_begin ] --START--
INFO: Run Behavior\ReadHtmlCacheBehavior [ RunTime:0.036127s ]
INFO: [ app_begin ] --END-- [ RunTime:0.036233s ]
SQL: SHOW COLUMNS FROM `tuser` [ RunTime:0.0189s ]
SQL: SELECT * FROM `tuser` ORDER BY tuser_publish LIMIT 10   [ RunTime:0.0136s ]
ERR: Think\Controller:article_today_select方法不存在！

[ 2016-07-13T00:47:34+08:00 ] 189.251.221.132 /phpMyAdmin/scripts/setup.php
INFO: [ app_init ] --START--
INFO: Run Behavior\BuildLiteBehavior [ RunTime:0.000037s ]
INFO: [ app_init ] --END-- [ RunTime:0.012093s ]
INFO: [ app_begin ] --START--
INFO: Run Behavior\ReadHtmlCacheBehavior [ RunTime:0.016782s ]
INFO: [ app_begin ] --END-- [ RunTime:0.016896s ]
ERR: 无法加载控制器:PhpMyAdmin

[ 2016-07-13T00:47:35+08:00 ] 189.251.221.132 /pma/scripts/setup.php
INFO: [ app_init ] --START--
INFO: Run Behavior\BuildLiteBehavior [ RunTime:0.000044s ]
INFO: [ app_init ] --END-- [ RunTime:0.031266s ]
INFO: [ app_begin ] --START--
INFO: Run Behavior\ReadHtmlCacheBehavior [ RunTime:0.026704s ]
INFO: [ app_begin ] --END-- [ RunTime:0.026818s ]
ERR: 无法加载控制器:Pma

[ 2016-07-13T00:47:36+08:00 ] 189.251.221.132 /myadmin/scripts/setup.php
INFO: [ app_init ] --START--
INFO: Run Behavior\BuildLiteBehavior [ RunTime:0.000036s ]
INFO: [ app_init ] --END-- [ RunTime:0.011126s ]
INFO: [ app_begin ] --START--
INFO: Run Behavior\ReadHtmlCacheBehavior [ RunTime:0.019851s ]
INFO: [ app_begin ] --END-- [ RunTime:0.019989s ]
ERR: 无法加载控制器:Myadmin

[ 2016-07-13T00:48:59+08:00 ] 220.132.81.117 smtp.mail.yahoo.com:25
INFO: [ app_init ] --START--
INFO: Run Behavior\BuildLiteBehavior [ RunTime:0.000037s ]
INFO: [ app_init ] --END-- [ RunTime:0.012967s ]
INFO: [ app_begin ] --START--
INFO: Run Behavior\ReadHtmlCacheBehavior [ RunTime:0.012775s ]
INFO: [ app_begin ] --END-- [ RunTime:0.012900s ]
SQL: SHOW COLUMNS FROM `tuser` [ RunTime:0.0187s ]
SQL: SELECT * FROM `tuser` ORDER BY tuser_publish LIMIT 10   [ RunTime:0.0137s ]
ERR: Think\Controller:article_today_select方法不存在！

[ 2016-07-13T00:58:40+08:00 ] 220.132.81.117 smtp.mail.yahoo.com:25
INFO: [ app_init ] --START--
INFO: Run Behavior\BuildLiteBehavior [ RunTime:0.000038s ]
INFO: [ app_init ] --END-- [ RunTime:0.011704s ]
INFO: [ app_begin ] --START--
INFO: Run Behavior\ReadHtmlCacheBehavior [ RunTime:0.035277s ]
INFO: [ app_begin ] --END-- [ RunTime:0.035384s ]
SQL: SHOW COLUMNS FROM `tuser` [ RunTime:0.0209s ]
SQL: SELECT * FROM `tuser` ORDER BY tuser_publish LIMIT 10   [ RunTime:0.0136s ]
ERR: Think\Controller:article_today_select方法不存在！

[ 2016-07-13T01:01:40+08:00 ] 220.132.81.117 smtp.mail.yahoo.com:25
INFO: [ app_init ] --START--
INFO: Run Behavior\BuildLiteBehavior [ RunTime:0.000041s ]
INFO: [ app_init ] --END-- [ RunTime:0.013079s ]
INFO: [ app_begin ] --START--
INFO: Run Behavior\ReadHtmlCacheBehavior [ RunTime:0.021764s ]
INFO: [ app_begin ] --END-- [ RunTime:0.021922s ]
SQL: SHOW COLUMNS FROM `tuser` [ RunTime:0.0229s ]
SQL: SELECT * FROM `tuser` ORDER BY tuser_publish LIMIT 10   [ RunTime:0.0116s ]
ERR: Think\Controller:article_today_select方法不存在！

[ 2016-07-13T01:06:13+08:00 ] 123.249.27.193 http://60.173.26.241:61254/80
INFO: [ app_init ] --START--
INFO: Run Behavior\BuildLiteBehavior [ RunTime:0.000024s ]
INFO: [ app_init ] --END-- [ RunTime:0.000455s ]
INFO: [ app_begin ] --START--
INFO: Run Behavior\ReadHtmlCacheBehavior [ RunTime:0.019698s ]
INFO: [ app_begin ] --END-- [ RunTime:0.019815s ]
ERR: 无法加载控制器:80

[ 2016-07-13T01:14:23+08:00 ] 220.132.81.117 smtp.mail.yahoo.com:25
INFO: [ app_init ] --START--
INFO: Run Behavior\BuildLiteBehavior [ RunTime:0.000038s ]
INFO: [ app_init ] --END-- [ RunTime:0.018897s ]
INFO: [ app_begin ] --START--
INFO: Run Behavior\ReadHtmlCacheBehavior [ RunTime:0.023724s ]
INFO: [ app_begin ] --END-- [ RunTime:0.023852s ]
SQL: SHOW COLUMNS FROM `tuser` [ RunTime:0.0007s ]
SQL: SELECT * FROM `tuser` ORDER BY tuser_publish LIMIT 10   [ RunTime:0.0238s ]
ERR: Think\Controller:article_today_select方法不存在！

[ 2016-07-13T01:19:27+08:00 ] 123.249.27.191 http://60.173.26.241:61254/80
INFO: [ app_init ] --START--
INFO: Run Behavior\BuildLiteBehavior [ RunTime:0.000041s ]
INFO: [ app_init ] --END-- [ RunTime:0.026251s ]
INFO: [ app_begin ] --START--
INFO: Run Behavior\ReadHtmlCacheBehavior [ RunTime:0.018682s ]
INFO: [ app_begin ] --END-- [ RunTime:0.018801s ]
ERR: 无法加载控制器:80

[ 2016-07-13T01:30:46+08:00 ] 23.251.51.125 http://www.sbjudge1.com/azenv.php
INFO: [ app_init ] --START--
INFO: Run Behavior\BuildLiteBehavior [ RunTime:0.000037s ]
INFO: [ app_init ] --END-- [ RunTime:0.019976s ]
INFO: [ app_begin ] --START--
INFO: Run Behavior\ReadHtmlCacheBehavior [ RunTime:0.024714s ]
INFO: [ app_begin ] --END-- [ RunTime:0.024876s ]
ERR: 无法加载控制器:Azenv.php

[ 2016-07-13T01:30:48+08:00 ] 23.251.51.125 www.alipay.com:443
INFO: [ app_init ] --START--
INFO: Run Behavior\BuildLiteBehavior [ RunTime:0.000036s ]
INFO: [ app_init ] --END-- [ RunTime:0.012397s ]
INFO: [ app_begin ] --START--
INFO: Run Behavior\ReadHtmlCacheBehavior [ RunTime:0.016158s ]
INFO: [ app_begin ] --END-- [ RunTime:0.016273s ]
SQL: SHOW COLUMNS FROM `tuser` [ RunTime:0.0162s ]
SQL: SELECT * FROM `tuser` ORDER BY tuser_publish LIMIT 10   [ RunTime:0.0231s ]
ERR: Think\Controller:article_today_select方法不存在！

[ 2016-07-13T01:31:05+08:00 ] 23.251.51.125 http://proxyjudge.us/
INFO: [ app_init ] --START--
INFO: Run Behavior\BuildLiteBehavior [ RunTime:0.000047s ]
INFO: [ app_init ] --END-- [ RunTime:0.017997s ]
INFO: [ app_begin ] --START--
INFO: Run Behavior\ReadHtmlCacheBehavior [ RunTime:0.021704s ]
INFO: [ app_begin ] --END-- [ RunTime:0.021865s ]
ERR: Think\Controller:article_today_select方法不存在！

[ 2016-07-13T01:31:06+08:00 ] 23.251.51.125 www.alipay.com:443
INFO: [ app_init ] --START--
INFO: Run Behavior\BuildLiteBehavior [ RunTime:0.000038s ]
INFO: [ app_init ] --END-- [ RunTime:0.018685s ]
INFO: [ app_begin ] --START--
INFO: Run Behavior\ReadHtmlCacheBehavior [ RunTime:0.012862s ]
INFO: [ app_begin ] --END-- [ RunTime:0.012978s ]
ERR: Think\Controller:article_today_select方法不存在！

[ 2016-07-13T01:38:46+08:00 ] 220.132.81.117 smtp.mail.yahoo.com:25
INFO: [ app_init ] --START--
INFO: Run Behavior\BuildLiteBehavior [ RunTime:0.000023s ]
INFO: [ app_init ] --END-- [ RunTime:0.000378s ]
INFO: [ app_begin ] --START--
INFO: Run Behavior\ReadHtmlCacheBehavior [ RunTime:0.018386s ]
INFO: [ app_begin ] --END-- [ RunTime:0.018511s ]
SQL: SHOW COLUMNS FROM `tuser` [ RunTime:0.0209s ]
SQL: SELECT * FROM `tuser` ORDER BY tuser_publish LIMIT 10   [ RunTime:0.0076s ]
ERR: Think\Controller:article_today_select方法不存在！

[ 2016-07-13T01:46:39+08:00 ] 123.249.27.191 http://60.173.26.241:61254/80
INFO: [ app_init ] --START--
INFO: Run Behavior\BuildLiteBehavior [ RunTime:0.000031s ]
INFO: [ app_init ] --END-- [ RunTime:0.022358s ]
INFO: [ app_begin ] --START--
INFO: Run Behavior\ReadHtmlCacheBehavior [ RunTime:0.023769s ]
INFO: [ app_begin ] --END-- [ RunTime:0.023886s ]
ERR: 无法加载控制器:80

[ 2016-07-13T01:53:19+08:00 ] 220.132.81.117 smtp.mail.yahoo.com:25
INFO: [ app_init ] --START--
INFO: Run Behavior\BuildLiteBehavior [ RunTime:0.000037s ]
INFO: [ app_init ] --END-- [ RunTime:0.022406s ]
INFO: [ app_begin ] --START--
INFO: Run Behavior\ReadHtmlCacheBehavior [ RunTime:0.015770s ]
INFO: [ app_begin ] --END-- [ RunTime:0.015900s ]
SQL: SHOW COLUMNS FROM `tuser` [ RunTime:0.0220s ]
SQL: SELECT * FROM `tuser` ORDER BY tuser_publish LIMIT 10   [ RunTime:0.0145s ]
ERR: Think\Controller:article_today_select方法不存在！

[ 2016-07-13T02:05:39+08:00 ] 220.132.81.117 smtp.mail.yahoo.com:25
INFO: [ app_init ] --START--
INFO: Run Behavior\BuildLiteBehavior [ RunTime:0.000037s ]
INFO: [ app_init ] --END-- [ RunTime:0.016036s ]
INFO: [ app_begin ] --START--
INFO: Run Behavior\ReadHtmlCacheBehavior [ RunTime:0.019536s ]
INFO: [ app_begin ] --END-- [ RunTime:0.019657s ]
SQL: SHOW COLUMNS FROM `tuser` [ RunTime:0.0018s ]
SQL: SELECT * FROM `tuser` ORDER BY tuser_publish LIMIT 10   [ RunTime:0.0227s ]
ERR: Think\Controller:article_today_select方法不存在！

[ 2016-07-13T02:13:36+08:00 ] 123.249.27.193 http://60.173.26.241:61254/80
INFO: [ app_init ] --START--
INFO: Run Behavior\BuildLiteBehavior [ RunTime:0.000044s ]
INFO: [ app_init ] --END-- [ RunTime:0.013028s ]
INFO: [ app_begin ] --START--
INFO: Run Behavior\ReadHtmlCacheBehavior [ RunTime:0.025407s ]
INFO: [ app_begin ] --END-- [ RunTime:0.025546s ]
ERR: 无法加载控制器:80

[ 2016-07-13T02:19:23+08:00 ] 220.132.81.117 smtp.mail.yahoo.com:25
INFO: [ app_init ] --START--
INFO: Run Behavior\BuildLiteBehavior [ RunTime:0.000037s ]
INFO: [ app_init ] --END-- [ RunTime:0.023230s ]
INFO: [ app_begin ] --START--
INFO: Run Behavior\ReadHtmlCacheBehavior [ RunTime:0.012827s ]
INFO: [ app_begin ] --END-- [ RunTime:0.012929s ]
SQL: SHOW COLUMNS FROM `tuser` [ RunTime:0.0209s ]
SQL: SELECT * FROM `tuser` ORDER BY tuser_publish LIMIT 10   [ RunTime:0.0153s ]
ERR: Think\Controller:article_today_select方法不存在！

[ 2016-07-13T02:21:06+08:00 ] 220.132.81.117 smtp.mail.yahoo.com:25
INFO: [ app_init ] --START--
INFO: Run Behavior\BuildLiteBehavior [ RunTime:0.000031s ]
INFO: [ app_init ] --END-- [ RunTime:0.021306s ]
INFO: [ app_begin ] --START--
INFO: Run Behavior\ReadHtmlCacheBehavior [ RunTime:0.012863s ]
INFO: [ app_begin ] --END-- [ RunTime:0.012920s ]
SQL: SHOW COLUMNS FROM `tuser` [ RunTime:0.0083s ]
SQL: SELECT * FROM `tuser` ORDER BY tuser_publish LIMIT 10   [ RunTime:0.0172s ]
ERR: Think\Controller:article_today_select方法不存在！

[ 2016-07-13T02:33:04+08:00 ] 220.132.81.117 smtp.mail.yahoo.com:25
INFO: [ app_init ] --START--
INFO: Run Behavior\BuildLiteBehavior [ RunTime:0.000036s ]
INFO: [ app_init ] --END-- [ RunTime:0.033204s ]
INFO: [ app_begin ] --START--
INFO: Run Behavior\ReadHtmlCacheBehavior [ RunTime:0.014880s ]
INFO: [ app_begin ] --END-- [ RunTime:0.014996s ]
SQL: SHOW COLUMNS FROM `tuser` [ RunTime:0.0141s ]
SQL: SELECT * FROM `tuser` ORDER BY tuser_publish LIMIT 10   [ RunTime:0.0183s ]
ERR: Think\Controller:article_today_select方法不存在！

[ 2016-07-13T02:34:04+08:00 ] 220.132.81.117 smtp.mail.yahoo.com:25
INFO: [ app_init ] --START--
INFO: Run Behavior\BuildLiteBehavior [ RunTime:0.000034s ]
INFO: [ app_init ] --END-- [ RunTime:0.004480s ]
INFO: [ app_begin ] --START--
INFO: Run Behavior\ReadHtmlCacheBehavior [ RunTime:0.018773s ]
INFO: [ app_begin ] --END-- [ RunTime:0.018895s ]
SQL: SHOW COLUMNS FROM `tuser` [ RunTime:0.0083s ]
SQL: SELECT * FROM `tuser` ORDER BY tuser_publish LIMIT 10   [ RunTime:0.0262s ]
ERR: Think\Controller:article_today_select方法不存在！

[ 2016-07-13T02:46:29+08:00 ] 220.132.81.117 smtp.mail.yahoo.com:25
INFO: [ app_init ] --START--
INFO: Run Behavior\BuildLiteBehavior [ RunTime:0.000092s ]
INFO: [ app_init ] --END-- [ RunTime:0.014556s ]
INFO: [ app_begin ] --START--
INFO: Run Behavior\ReadHtmlCacheBehavior [ RunTime:0.032689s ]
INFO: [ app_begin ] --END-- [ RunTime:0.032848s ]
SQL: SHOW COLUMNS FROM `tuser` [ RunTime:0.0199s ]
SQL: SELECT * FROM `tuser` ORDER BY tuser_publish LIMIT 10   [ RunTime:0.0135s ]
ERR: Think\Controller:article_today_select方法不存在！

[ 2016-07-13T02:47:46+08:00 ] 220.132.81.117 smtp.mail.yahoo.com:25
INFO: [ app_init ] --START--
INFO: Run Behavior\BuildLiteBehavior [ RunTime:0.000035s ]
INFO: [ app_init ] --END-- [ RunTime:0.019896s ]
INFO: [ app_begin ] --START--
INFO: Run Behavior\ReadHtmlCacheBehavior [ RunTime:0.012836s ]
INFO: [ app_begin ] --END-- [ RunTime:0.012958s ]
SQL: SHOW COLUMNS FROM `tuser` [ RunTime:0.0219s ]
SQL: SELECT * FROM `tuser` ORDER BY tuser_publish LIMIT 10   [ RunTime:0.0136s ]
ERR: Think\Controller:article_today_select方法不存在！

[ 2016-07-13T02:54:00+08:00 ] 123.249.27.193 http://60.173.26.241:61254/80
INFO: [ app_init ] --START--
INFO: Run Behavior\BuildLiteBehavior [ RunTime:0.000030s ]
INFO: [ app_init ] --END-- [ RunTime:0.012895s ]
INFO: [ app_begin ] --START--
INFO: Run Behavior\ReadHtmlCacheBehavior [ RunTime:0.021706s ]
INFO: [ app_begin ] --END-- [ RunTime:0.021823s ]
ERR: 无法加载控制器:80

[ 2016-07-13T03:20:48+08:00 ] 123.249.27.193 http://60.173.26.241:61254/80
INFO: [ app_init ] --START--
INFO: Run Behavior\BuildLiteBehavior [ RunTime:0.000038s ]
INFO: [ app_init ] --END-- [ RunTime:0.020886s ]
INFO: [ app_begin ] --START--
INFO: Run Behavior\ReadHtmlCacheBehavior [ RunTime:0.021947s ]
INFO: [ app_begin ] --END-- [ RunTime:0.022066s ]
ERR: 无法加载控制器:80

[ 2016-07-13T03:21:17+08:00 ] 23.251.51.125 http://fr.cyberpods.net/
INFO: [ app_init ] --START--
INFO: Run Behavior\BuildLiteBehavior [ RunTime:0.000037s ]
INFO: [ app_init ] --END-- [ RunTime:0.012977s ]
INFO: [ app_begin ] --START--
INFO: Run Behavior\ReadHtmlCacheBehavior [ RunTime:0.017529s ]
INFO: [ app_begin ] --END-- [ RunTime:0.017673s ]
SQL: SHOW COLUMNS FROM `tuser` [ RunTime:0.0228s ]
SQL: SELECT * FROM `tuser` ORDER BY tuser_publish LIMIT 10   [ RunTime:0.0157s ]
ERR: Think\Controller:article_today_select方法不存在！

[ 2016-07-13T03:21:18+08:00 ] 23.251.51.125 www.baidu.com:443
INFO: [ app_init ] --START--
INFO: Run Behavior\BuildLiteBehavior [ RunTime:0.000036s ]
INFO: [ app_init ] --END-- [ RunTime:0.007042s ]
INFO: [ app_begin ] --START--
INFO: Run Behavior\ReadHtmlCacheBehavior [ RunTime:0.017825s ]
INFO: [ app_begin ] --END-- [ RunTime:0.017960s ]
ERR: Think\Controller:article_today_select方法不存在！

[ 2016-07-13T03:27:43+08:00 ] 220.132.81.117 smtp.mail.yahoo.com:25
INFO: [ app_init ] --START--
INFO: Run Behavior\BuildLiteBehavior [ RunTime:0.000031s ]
INFO: [ app_init ] --END-- [ RunTime:0.013534s ]
INFO: [ app_begin ] --START--
INFO: Run Behavior\ReadHtmlCacheBehavior [ RunTime:0.022640s ]
INFO: [ app_begin ] --END-- [ RunTime:0.022781s ]
SQL: SHOW COLUMNS FROM `tuser` [ RunTime:0.0097s ]
SQL: SELECT * FROM `tuser` ORDER BY tuser_publish LIMIT 10   [ RunTime:0.0249s ]
ERR: Think\Controller:article_today_select方法不存在！

[ 2016-07-13T03:29:16+08:00 ] 220.132.81.117 smtp.mail.yahoo.com:25
INFO: [ app_init ] --START--
INFO: Run Behavior\BuildLiteBehavior [ RunTime:0.000023s ]
INFO: [ app_init ] --END-- [ RunTime:0.000371s ]
INFO: [ app_begin ] --START--
INFO: Run Behavior\ReadHtmlCacheBehavior [ RunTime:0.015552s ]
INFO: [ app_begin ] --END-- [ RunTime:0.015699s ]
SQL: SHOW COLUMNS FROM `tuser` [ RunTime:0.0139s ]
SQL: SELECT * FROM `tuser` ORDER BY tuser_publish LIMIT 10   [ RunTime:0.0146s ]
ERR: Think\Controller:article_today_select方法不存在！

[ 2016-07-13T03:34:25+08:00 ] 123.249.27.192 http://60.173.26.241:61254/80
INFO: [ app_init ] --START--
INFO: Run Behavior\BuildLiteBehavior [ RunTime:0.000037s ]
INFO: [ app_init ] --END-- [ RunTime:0.018301s ]
INFO: [ app_begin ] --START--
INFO: Run Behavior\ReadHtmlCacheBehavior [ RunTime:0.019744s ]
INFO: [ app_begin ] --END-- [ RunTime:0.019869s ]
ERR: 无法加载控制器:80

[ 2016-07-13T03:41:03+08:00 ] 220.132.81.117 smtp.mail.yahoo.com:25
INFO: [ app_init ] --START--
INFO: Run Behavior\BuildLiteBehavior [ RunTime:0.000024s ]
INFO: [ app_init ] --END-- [ RunTime:0.000372s ]
INFO: [ app_begin ] --START--
INFO: Run Behavior\ReadHtmlCacheBehavior [ RunTime:0.017255s ]
INFO: [ app_begin ] --END-- [ RunTime:0.017387s ]
SQL: SHOW COLUMNS FROM `tuser` [ RunTime:0.0227s ]
SQL: SELECT * FROM `tuser` ORDER BY tuser_publish LIMIT 10   [ RunTime:0.0154s ]
ERR: Think\Controller:article_today_select方法不存在！

[ 2016-07-13T03:42:49+08:00 ] 220.132.81.117 smtp.mail.yahoo.com:25
INFO: [ app_init ] --START--
INFO: Run Behavior\BuildLiteBehavior [ RunTime:0.000034s ]
INFO: [ app_init ] --END-- [ RunTime:0.014965s ]
INFO: [ app_begin ] --START--
INFO: Run Behavior\ReadHtmlCacheBehavior [ RunTime:0.020491s ]
INFO: [ app_begin ] --END-- [ RunTime:0.020619s ]
SQL: SHOW COLUMNS FROM `tuser` [ RunTime:0.0232s ]
SQL: SELECT * FROM `tuser` ORDER BY tuser_publish LIMIT 10   [ RunTime:0.0072s ]
ERR: Think\Controller:article_today_select方法不存在！

[ 2016-07-13T03:46:44+08:00 ] 93.174.93.136 http://www.baidu.com/cache/global/img/gs.gif
INFO: [ app_init ] --START--
INFO: Run Behavior\BuildLiteBehavior [ RunTime:0.006092s ]
INFO: [ app_init ] --END-- [ RunTime:0.020916s ]

[ 2016-07-13T03:47:56+08:00 ] 123.249.27.191 http://60.173.26.241:61254/80
INFO: [ app_init ] --START--
INFO: Run Behavior\BuildLiteBehavior [ RunTime:0.000035s ]
INFO: [ app_init ] --END-- [ RunTime:0.026361s ]
INFO: [ app_begin ] --START--
INFO: Run Behavior\ReadHtmlCacheBehavior [ RunTime:0.019704s ]
INFO: [ app_begin ] --END-- [ RunTime:0.019819s ]
ERR: 无法加载控制器:80

[ 2016-07-13T03:55:07+08:00 ] 220.132.81.117 smtp.mail.yahoo.com:25
INFO: [ app_init ] --START--
INFO: Run Behavior\BuildLiteBehavior [ RunTime:0.000038s ]
INFO: [ app_init ] --END-- [ RunTime:0.017775s ]
INFO: [ app_begin ] --START--
INFO: Run Behavior\ReadHtmlCacheBehavior [ RunTime:0.018772s ]
INFO: [ app_begin ] --END-- [ RunTime:0.018898s ]
SQL: SHOW COLUMNS FROM `tuser` [ RunTime:0.0134s ]
SQL: SELECT * FROM `tuser` ORDER BY tuser_publish LIMIT 10   [ RunTime:0.0184s ]
ERR: Think\Controller:article_today_select方法不存在！

[ 2016-07-13T03:56:11+08:00 ] 220.132.81.117 smtp.mail.yahoo.com:25
INFO: [ app_init ] --START--
INFO: Run Behavior\BuildLiteBehavior [ RunTime:0.000023s ]
INFO: [ app_init ] --END-- [ RunTime:0.000371s ]
INFO: [ app_begin ] --START--
INFO: Run Behavior\ReadHtmlCacheBehavior [ RunTime:0.033111s ]
INFO: [ app_begin ] --END-- [ RunTime:0.033213s ]
SQL: SHOW COLUMNS FROM `tuser` [ RunTime:0.0209s ]
SQL: SELECT * FROM `tuser` ORDER BY tuser_publish LIMIT 10   [ RunTime:0.0143s ]
ERR: Think\Controller:article_today_select方法不存在！

[ 2016-07-13T04:01:21+08:00 ] 123.249.27.191 http://60.173.26.241:61254/80
INFO: [ app_init ] --START--
INFO: Run Behavior\BuildLiteBehavior [ RunTime:0.000035s ]
INFO: [ app_init ] --END-- [ RunTime:0.013002s ]
INFO: [ app_begin ] --START--
INFO: Run Behavior\ReadHtmlCacheBehavior [ RunTime:0.015585s ]
INFO: [ app_begin ] --END-- [ RunTime:0.015684s ]
ERR: 无法加载控制器:80

[ 2016-07-13T04:09:31+08:00 ] 220.132.81.117 smtp.mail.yahoo.com:25
INFO: [ app_init ] --START--
INFO: Run Behavior\BuildLiteBehavior [ RunTime:0.000039s ]
INFO: [ app_init ] --END-- [ RunTime:0.015957s ]
INFO: [ app_begin ] --START--
INFO: Run Behavior\ReadHtmlCacheBehavior [ RunTime:0.019771s ]
INFO: [ app_begin ] --END-- [ RunTime:0.019896s ]
SQL: SHOW COLUMNS FROM `tuser` [ RunTime:0.0142s ]
SQL: SELECT * FROM `tuser` ORDER BY tuser_publish LIMIT 10   [ RunTime:0.0181s ]
ERR: Think\Controller:article_today_select方法不存在！

[ 2016-07-13T04:28:33+08:00 ] 123.249.27.191 http://60.173.26.241:61254/80
INFO: [ app_init ] --START--
INFO: Run Behavior\BuildLiteBehavior [ RunTime:0.000038s ]
INFO: [ app_init ] --END-- [ RunTime:0.013006s ]
INFO: [ app_begin ] --START--
INFO: Run Behavior\ReadHtmlCacheBehavior [ RunTime:0.022055s ]
INFO: [ app_begin ] --END-- [ RunTime:0.022181s ]
ERR: 无法加载控制器:80

[ 2016-07-13T04:38:11+08:00 ] 220.132.81.117 smtp.mail.yahoo.com:25
INFO: [ app_init ] --START--
INFO: Run Behavior\BuildLiteBehavior [ RunTime:0.000037s ]
INFO: [ app_init ] --END-- [ RunTime:0.012180s ]
INFO: [ app_begin ] --START--
INFO: Run Behavior\ReadHtmlCacheBehavior [ RunTime:0.018758s ]
INFO: [ app_begin ] --END-- [ RunTime:0.018886s ]
SQL: SHOW COLUMNS FROM `tuser` [ RunTime:0.0159s ]
SQL: SELECT * FROM `tuser` ORDER BY tuser_publish LIMIT 10   [ RunTime:0.0146s ]
ERR: Think\Controller:article_today_select方法不存在！

[ 2016-07-13T04:42:09+08:00 ] 123.249.27.193 http://60.173.26.241:61254/80
INFO: [ app_init ] --START--
INFO: Run Behavior\BuildLiteBehavior [ RunTime:0.000037s ]
INFO: [ app_init ] --END-- [ RunTime:0.012977s ]
INFO: [ app_begin ] --START--
INFO: Run Behavior\ReadHtmlCacheBehavior [ RunTime:0.023698s ]
INFO: [ app_begin ] --END-- [ RunTime:0.023816s ]
ERR: 无法加载控制器:80

[ 2016-07-13T04:52:37+08:00 ] 220.132.81.117 smtp.mail.yahoo.com:25
INFO: [ app_init ] --START--
INFO: Run Behavior\BuildLiteBehavior [ RunTime:0.000032s ]
INFO: [ app_init ] --END-- [ RunTime:0.019813s ]
INFO: [ app_begin ] --START--
INFO: Run Behavior\ReadHtmlCacheBehavior [ RunTime:0.015909s ]
INFO: [ app_begin ] --END-- [ RunTime:0.016018s ]
SQL: SHOW COLUMNS FROM `tuser` [ RunTime:0.0208s ]
SQL: SELECT * FROM `tuser` ORDER BY tuser_publish LIMIT 10   [ RunTime:0.0075s ]
ERR: Think\Controller:article_today_select方法不存在！

[ 2016-07-13T04:55:42+08:00 ] 123.249.27.191 http://60.173.26.241:61254/80
INFO: [ app_init ] --START--
INFO: Run Behavior\BuildLiteBehavior [ RunTime:0.000036s ]
INFO: [ app_init ] --END-- [ RunTime:0.012962s ]
INFO: [ app_begin ] --START--
INFO: Run Behavior\ReadHtmlCacheBehavior [ RunTime:0.023715s ]
INFO: [ app_begin ] --END-- [ RunTime:0.023852s ]
ERR: 无法加载控制器:80

[ 2016-07-13T05:07:09+08:00 ] 220.132.81.117 smtp.mail.yahoo.com:25
INFO: [ app_init ] --START--
INFO: Run Behavior\BuildLiteBehavior [ RunTime:0.000025s ]
INFO: [ app_init ] --END-- [ RunTime:0.000445s ]
INFO: [ app_begin ] --START--
INFO: Run Behavior\ReadHtmlCacheBehavior [ RunTime:0.000461s ]
INFO: [ app_begin ] --END-- [ RunTime:0.000539s ]
SQL: SHOW COLUMNS FROM `tuser` [ RunTime:0.0200s ]
SQL: SELECT * FROM `tuser` ORDER BY tuser_publish LIMIT 10   [ RunTime:0.0136s ]
ERR: Think\Controller:article_today_select方法不存在！

[ 2016-07-13T05:09:23+08:00 ] 123.249.27.192 http://60.173.26.241:61254/80
INFO: [ app_init ] --START--
INFO: Run Behavior\BuildLiteBehavior [ RunTime:0.000036s ]
INFO: [ app_init ] --END-- [ RunTime:0.020306s ]
INFO: [ app_begin ] --START--
INFO: Run Behavior\ReadHtmlCacheBehavior [ RunTime:0.025056s ]
INFO: [ app_begin ] --END-- [ RunTime:0.025168s ]
ERR: 无法加载控制器:80

[ 2016-07-13T05:11:26+08:00 ] 80.82.78.38 http://www.baidu.com/cache/global/img/gs.gif
INFO: [ app_init ] --START--
INFO: Run Behavior\BuildLiteBehavior [ RunTime:0.000037s ]
INFO: [ app_init ] --END-- [ RunTime:0.021342s ]

[ 2016-07-13T05:22:00+08:00 ] 220.132.81.117 smtp.mail.yahoo.com:25
INFO: [ app_init ] --START--
INFO: Run Behavior\BuildLiteBehavior [ RunTime:0.000038s ]
INFO: [ app_init ] --END-- [ RunTime:0.017977s ]
INFO: [ app_begin ] --START--
INFO: Run Behavior\ReadHtmlCacheBehavior [ RunTime:0.019730s ]
INFO: [ app_begin ] --END-- [ RunTime:0.019879s ]
SQL: SHOW COLUMNS FROM `tuser` [ RunTime:0.0135s ]
SQL: SELECT * FROM `tuser` ORDER BY tuser_publish LIMIT 10   [ RunTime:0.0162s ]
ERR: Think\Controller:article_today_select方法不存在！

[ 2016-07-13T05:22:49+08:00 ] 123.249.27.191 http://60.173.26.241:61254/80
INFO: [ app_init ] --START--
INFO: Run Behavior\BuildLiteBehavior [ RunTime:0.000036s ]
INFO: [ app_init ] --END-- [ RunTime:0.017257s ]
INFO: [ app_begin ] --START--
INFO: Run Behavior\ReadHtmlCacheBehavior [ RunTime:0.015046s ]
INFO: [ app_begin ] --END-- [ RunTime:0.015168s ]
ERR: 无法加载控制器:80

[ 2016-07-13T05:36:23+08:00 ] 123.249.27.191 http://60.173.26.241:61254/80
INFO: [ app_init ] --START--
INFO: Run Behavior\BuildLiteBehavior [ RunTime:0.000053s ]
INFO: [ app_init ] --END-- [ RunTime:0.013036s ]
INFO: [ app_begin ] --START--
INFO: Run Behavior\ReadHtmlCacheBehavior [ RunTime:0.032561s ]
INFO: [ app_begin ] --END-- [ RunTime:0.032679s ]
ERR: 无法加载控制器:80

[ 2016-07-13T05:37:01+08:00 ] 220.132.81.117 smtp.mail.yahoo.com:25
INFO: [ app_init ] --START--
INFO: Run Behavior\BuildLiteBehavior [ RunTime:0.000038s ]
INFO: [ app_init ] --END-- [ RunTime:0.014972s ]
INFO: [ app_begin ] --START--
INFO: Run Behavior\ReadHtmlCacheBehavior [ RunTime:0.017758s ]
INFO: [ app_begin ] --END-- [ RunTime:0.017882s ]
SQL: SHOW COLUMNS FROM `tuser` [ RunTime:0.0074s ]
SQL: SELECT * FROM `tuser` ORDER BY tuser_publish LIMIT 10   [ RunTime:0.0225s ]
ERR: Think\Controller:article_today_select方法不存在！

[ 2016-07-13T05:49:55+08:00 ] 123.249.27.192 http://60.173.26.241:61254/80
INFO: [ app_init ] --START--
INFO: Run Behavior\BuildLiteBehavior [ RunTime:0.000054s ]
INFO: [ app_init ] --END-- [ RunTime:0.019226s ]
INFO: [ app_begin ] --START--
INFO: Run Behavior\ReadHtmlCacheBehavior [ RunTime:0.025667s ]
INFO: [ app_begin ] --END-- [ RunTime:0.025795s ]
ERR: 无法加载控制器:80

[ 2016-07-13T05:53:12+08:00 ] 60.191.52.254 http://wap.ip138.com/
INFO: [ app_init ] --START--
INFO: Run Behavior\BuildLiteBehavior [ RunTime:0.000037s ]
INFO: [ app_init ] --END-- [ RunTime:0.012990s ]
INFO: [ app_begin ] --START--
INFO: Run Behavior\ReadHtmlCacheBehavior [ RunTime:0.018770s ]
INFO: [ app_begin ] --END-- [ RunTime:0.018896s ]
SQL: SHOW COLUMNS FROM `tuser` [ RunTime:0.0209s ]
SQL: SELECT * FROM `tuser` ORDER BY tuser_publish LIMIT 10   [ RunTime:0.0107s ]
ERR: Think\Controller:article_today_select方法不存在！

[ 2016-07-13T06:03:36+08:00 ] 123.249.27.192 http://60.173.26.241:61254/80
INFO: [ app_init ] --START--
INFO: Run Behavior\BuildLiteBehavior [ RunTime:0.000044s ]
INFO: [ app_init ] --END-- [ RunTime:0.020347s ]
INFO: [ app_begin ] --START--
INFO: Run Behavior\ReadHtmlCacheBehavior [ RunTime:0.025435s ]
INFO: [ app_begin ] --END-- [ RunTime:0.025583s ]
ERR: 无法加载控制器:80

[ 2016-07-13T06:05:55+08:00 ] 220.132.81.117 smtp.mail.yahoo.com:25
INFO: [ app_init ] --START--
INFO: Run Behavior\BuildLiteBehavior [ RunTime:0.000033s ]
INFO: [ app_init ] --END-- [ RunTime:0.000408s ]
INFO: [ app_begin ] --START--
INFO: Run Behavior\ReadHtmlCacheBehavior [ RunTime:0.026778s ]
INFO: [ app_begin ] --END-- [ RunTime:0.026904s ]
SQL: SHOW COLUMNS FROM `tuser` [ RunTime:0.0073s ]
SQL: SELECT * FROM `tuser` ORDER BY tuser_publish LIMIT 10   [ RunTime:0.0204s ]
ERR: Think\Controller:article_today_select方法不存在！

[ 2016-07-13T06:24:51+08:00 ] 172.82.166.210 http://www.baidu.com/cache/global/img/gs.gif
INFO: [ app_init ] --START--
INFO: Run Behavior\BuildLiteBehavior [ RunTime:0.000022s ]
INFO: [ app_init ] --END-- [ RunTime:0.000367s ]

[ 2016-07-13T06:30:38+08:00 ] 123.249.27.192 http://60.173.26.241:61254/80
INFO: [ app_init ] --START--
INFO: Run Behavior\BuildLiteBehavior [ RunTime:0.000041s ]
INFO: [ app_init ] --END-- [ RunTime:0.022609s ]
INFO: [ app_begin ] --START--
INFO: Run Behavior\ReadHtmlCacheBehavior [ RunTime:0.031570s ]
INFO: [ app_begin ] --END-- [ RunTime:0.031691s ]
ERR: 无法加载控制器:80

[ 2016-07-13T06:33:26+08:00 ] 23.251.51.125 http://www.proxyjudge.info/azenv.php
INFO: [ app_init ] --START--
INFO: Run Behavior\BuildLiteBehavior [ RunTime:0.000037s ]
INFO: [ app_init ] --END-- [ RunTime:0.013981s ]
INFO: [ app_begin ] --START--
INFO: Run Behavior\ReadHtmlCacheBehavior [ RunTime:0.020682s ]
INFO: [ app_begin ] --END-- [ RunTime:0.020804s ]
ERR: 无法加载控制器:Azenv.php

[ 2016-07-13T06:33:27+08:00 ] 23.251.51.125 www.alipay.com:443
INFO: [ app_init ] --START--
INFO: Run Behavior\BuildLiteBehavior [ RunTime:0.000024s ]
INFO: [ app_init ] --END-- [ RunTime:0.000374s ]
INFO: [ app_begin ] --START--
INFO: Run Behavior\ReadHtmlCacheBehavior [ RunTime:0.022293s ]
INFO: [ app_begin ] --END-- [ RunTime:0.022421s ]
SQL: SHOW COLUMNS FROM `tuser` [ RunTime:0.0125s ]
SQL: SELECT * FROM `tuser` ORDER BY tuser_publish LIMIT 10   [ RunTime:0.0199s ]
ERR: Think\Controller:article_today_select方法不存在！

[ 2016-07-13T06:42:21+08:00 ] 42.159.226.217 http://maxcd03-dev01.chinacloudapp.cn/index.php
INFO: [ app_init ] --START--
INFO: Run Behavior\BuildLiteBehavior [ RunTime:0.000036s ]
INFO: [ app_init ] --END-- [ RunTime:0.022283s ]
INFO: [ app_begin ] --START--
INFO: Run Behavior\ReadHtmlCacheBehavior [ RunTime:0.021770s ]
INFO: [ app_begin ] --END-- [ RunTime:0.021907s ]
SQL: SHOW COLUMNS FROM `tuser` [ RunTime:0.0198s ]
SQL: SELECT * FROM `tuser` ORDER BY tuser_publish LIMIT 10   [ RunTime:0.0075s ]
ERR: Think\Controller:article_today_select方法不存在！

[ 2016-07-13T06:44:03+08:00 ] 123.249.27.193 http://60.173.26.241:61254/80
INFO: [ app_init ] --START--
INFO: Run Behavior\BuildLiteBehavior [ RunTime:0.000036s ]
INFO: [ app_init ] --END-- [ RunTime:0.018961s ]
INFO: [ app_begin ] --START--
INFO: Run Behavior\ReadHtmlCacheBehavior [ RunTime:0.022697s ]
INFO: [ app_begin ] --END-- [ RunTime:0.022838s ]
ERR: 无法加载控制器:80

[ 2016-07-13T06:50:18+08:00 ] 220.132.81.117 smtp.mail.yahoo.com:25
INFO: [ app_init ] --START--
INFO: Run Behavior\BuildLiteBehavior [ RunTime:0.000037s ]
INFO: [ app_init ] --END-- [ RunTime:0.015957s ]
INFO: [ app_begin ] --START--
INFO: Run Behavior\ReadHtmlCacheBehavior [ RunTime:0.025864s ]
INFO: [ app_begin ] --END-- [ RunTime:0.026016s ]
SQL: SHOW COLUMNS FROM `tuser` [ RunTime:0.0140s ]
SQL: SELECT * FROM `tuser` ORDER BY tuser_publish LIMIT 10   [ RunTime:0.0201s ]
ERR: Think\Controller:article_today_select方法不存在！

[ 2016-07-13T06:57:37+08:00 ] 123.249.27.191 http://60.173.26.241:61254/80
INFO: [ app_init ] --START--
INFO: Run Behavior\BuildLiteBehavior [ RunTime:0.000036s ]
INFO: [ app_init ] --END-- [ RunTime:0.019218s ]
INFO: [ app_begin ] --START--
INFO: Run Behavior\ReadHtmlCacheBehavior [ RunTime:0.019690s ]
INFO: [ app_begin ] --END-- [ RunTime:0.019806s ]
ERR: 无法加载控制器:80

[ 2016-07-13T07:11:11+08:00 ] 123.249.27.193 http://60.173.26.241:61254/80
INFO: [ app_init ] --START--
INFO: Run Behavior\BuildLiteBehavior [ RunTime:0.000035s ]
INFO: [ app_init ] --END-- [ RunTime:0.014964s ]
INFO: [ app_begin ] --START--
INFO: Run Behavior\ReadHtmlCacheBehavior [ RunTime:0.031410s ]
INFO: [ app_begin ] --END-- [ RunTime:0.031532s ]
ERR: 无法加载控制器:80

[ 2016-07-13T07:19:46+08:00 ] 220.132.81.117 smtp.mail.yahoo.com:25
INFO: [ app_init ] --START--
INFO: Run Behavior\BuildLiteBehavior [ RunTime:0.000038s ]
INFO: [ app_init ] --END-- [ RunTime:0.025383s ]
INFO: [ app_begin ] --START--
INFO: Run Behavior\ReadHtmlCacheBehavior [ RunTime:0.022759s ]
INFO: [ app_begin ] --END-- [ RunTime:0.022888s ]
SQL: SHOW COLUMNS FROM `tuser` [ RunTime:0.0209s ]
SQL: SELECT * FROM `tuser` ORDER BY tuser_publish LIMIT 10   [ RunTime:0.0135s ]
ERR: Think\Controller:article_today_select方法不存在！

[ 2016-07-13T07:20:40+08:00 ] 220.132.81.117 smtp.mail.yahoo.com:25
INFO: [ app_init ] --START--
INFO: Run Behavior\BuildLiteBehavior [ RunTime:0.000042s ]
INFO: [ app_init ] --END-- [ RunTime:0.014027s ]
INFO: [ app_begin ] --START--
INFO: Run Behavior\ReadHtmlCacheBehavior [ RunTime:0.018733s ]
INFO: [ app_begin ] --END-- [ RunTime:0.018862s ]
ERR: Think\Controller:article_today_select方法不存在！

[ 2016-07-13T07:22:19+08:00 ] 220.132.81.117 smtp.mail.yahoo.com:25
INFO: [ app_init ] --START--
INFO: Run Behavior\BuildLiteBehavior [ RunTime:0.000038s ]
INFO: [ app_init ] --END-- [ RunTime:0.015987s ]
INFO: [ app_begin ] --START--
INFO: Run Behavior\ReadHtmlCacheBehavior [ RunTime:0.018534s ]
INFO: [ app_begin ] --END-- [ RunTime:0.018659s ]
SQL: SHOW COLUMNS FROM `tuser` [ RunTime:0.0209s ]
SQL: SELECT * FROM `tuser` ORDER BY tuser_publish LIMIT 10   [ RunTime:0.0136s ]
ERR: Think\Controller:article_today_select方法不存在！

[ 2016-07-13T07:24:09+08:00 ] 220.132.81.117 smtp.mail.yahoo.com:25
INFO: [ app_init ] --START--
INFO: Run Behavior\BuildLiteBehavior [ RunTime:0.000036s ]
INFO: [ app_init ] --END-- [ RunTime:0.014978s ]
INFO: [ app_begin ] --START--
INFO: Run Behavior\ReadHtmlCacheBehavior [ RunTime:0.025783s ]
INFO: [ app_begin ] --END-- [ RunTime:0.025911s ]
SQL: SHOW COLUMNS FROM `tuser` [ RunTime:0.0199s ]
SQL: SELECT * FROM `tuser` ORDER BY tuser_publish LIMIT 10   [ RunTime:0.0095s ]
ERR: Think\Controller:article_today_select方法不存在！

[ 2016-07-13T07:24:38+08:00 ] 123.249.27.191 http://60.173.26.241:61254/80
INFO: [ app_init ] --START--
INFO: Run Behavior\BuildLiteBehavior [ RunTime:0.000052s ]
INFO: [ app_init ] --END-- [ RunTime:0.012869s ]
INFO: [ app_begin ] --START--
INFO: Run Behavior\ReadHtmlCacheBehavior [ RunTime:0.023698s ]
INFO: [ app_begin ] --END-- [ RunTime:0.023814s ]
ERR: 无法加载控制器:80

[ 2016-07-13T07:34:43+08:00 ] 220.132.81.117 smtp.mail.yahoo.com:25
INFO: [ app_init ] --START--
INFO: Run Behavior\BuildLiteBehavior [ RunTime:0.000037s ]
INFO: [ app_init ] --END-- [ RunTime:0.013162s ]
INFO: [ app_begin ] --START--
INFO: Run Behavior\ReadHtmlCacheBehavior [ RunTime:0.018775s ]
INFO: [ app_begin ] --END-- [ RunTime:0.018902s ]
SQL: SHOW COLUMNS FROM `tuser` [ RunTime:0.0219s ]
SQL: SELECT * FROM `tuser` ORDER BY tuser_publish LIMIT 10   [ RunTime:0.0113s ]
ERR: Think\Controller:article_today_select方法不存在！

[ 2016-07-13T07:38:10+08:00 ] 123.249.27.193 http://60.173.26.241:61254/80
INFO: [ app_init ] --START--
INFO: Run Behavior\BuildLiteBehavior [ RunTime:0.000033s ]
INFO: [ app_init ] --END-- [ RunTime:0.000581s ]
INFO: [ app_begin ] --START--
INFO: Run Behavior\ReadHtmlCacheBehavior [ RunTime:0.019662s ]
INFO: [ app_begin ] --END-- [ RunTime:0.019807s ]
ERR: 无法加载控制器:80

[ 2016-07-13T08:03:53+08:00 ] 210.42.248.15 /nagiosxi
INFO: [ app_init ] --START--
INFO: Run Behavior\BuildLiteBehavior [ RunTime:0.000201s ]
INFO: [ app_init ] --END-- [ RunTime:0.014310s ]
INFO: [ app_begin ] --START--
INFO: Run Behavior\ReadHtmlCacheBehavior [ RunTime:0.016426s ]
INFO: [ app_begin ] --END-- [ RunTime:0.016549s ]
ERR: 无法加载控制器:Nagiosxi

[ 2016-07-13T08:05:27+08:00 ] 123.249.27.191 http://60.173.26.241:61254/80
INFO: [ app_init ] --START--
INFO: Run Behavior\BuildLiteBehavior [ RunTime:0.000037s ]
INFO: [ app_init ] --END-- [ RunTime:0.014023s ]
INFO: [ app_begin ] --START--
INFO: Run Behavior\ReadHtmlCacheBehavior [ RunTime:0.020648s ]
INFO: [ app_begin ] --END-- [ RunTime:0.020774s ]
ERR: 无法加载控制器:80

[ 2016-07-13T08:19:13+08:00 ] 123.249.27.191 http://60.173.26.241:61254/80
INFO: [ app_init ] --START--
INFO: Run Behavior\BuildLiteBehavior [ RunTime:0.000041s ]
INFO: [ app_init ] --END-- [ RunTime:0.012951s ]
INFO: [ app_begin ] --START--
INFO: Run Behavior\ReadHtmlCacheBehavior [ RunTime:0.026212s ]
INFO: [ app_begin ] --END-- [ RunTime:0.026339s ]
ERR: 无法加载控制器:80

[ 2016-07-13T08:20:52+08:00 ] 220.132.81.117 smtp.mail.yahoo.com:25
INFO: [ app_init ] --START--
INFO: Run Behavior\BuildLiteBehavior [ RunTime:0.000039s ]
INFO: [ app_init ] --END-- [ RunTime:0.017996s ]
INFO: [ app_begin ] --START--
INFO: Run Behavior\ReadHtmlCacheBehavior [ RunTime:0.017245s ]
INFO: [ app_begin ] --END-- [ RunTime:0.017372s ]
SQL: SHOW COLUMNS FROM `tuser` [ RunTime:0.0008s ]
SQL: SELECT * FROM `tuser` ORDER BY tuser_publish LIMIT 10   [ RunTime:0.0308s ]
ERR: Think\Controller:article_today_select方法不存在！

[ 2016-07-13T08:22:06+08:00 ] 220.132.81.117 smtp.mail.yahoo.com:25
INFO: [ app_init ] --START--
INFO: Run Behavior\BuildLiteBehavior [ RunTime:0.000023s ]
INFO: [ app_init ] --END-- [ RunTime:0.000384s ]
INFO: [ app_begin ] --START--
INFO: Run Behavior\ReadHtmlCacheBehavior [ RunTime:0.021732s ]
INFO: [ app_begin ] --END-- [ RunTime:0.021876s ]
SQL: SHOW COLUMNS FROM `tuser` [ RunTime:0.0220s ]
SQL: SELECT * FROM `tuser` ORDER BY tuser_publish LIMIT 10   [ RunTime:0.0165s ]
ERR: Think\Controller:article_today_select方法不存在！

[ 2016-07-13T08:32:41+08:00 ] 123.249.27.193 http://60.173.26.241:61254/80
INFO: [ app_init ] --START--
INFO: Run Behavior\BuildLiteBehavior [ RunTime:0.000036s ]
INFO: [ app_init ] --END-- [ RunTime:0.013045s ]
INFO: [ app_begin ] --START--
INFO: Run Behavior\ReadHtmlCacheBehavior [ RunTime:0.017113s ]
INFO: [ app_begin ] --END-- [ RunTime:0.017227s ]
ERR: 无法加载控制器:80

[ 2016-07-13T08:37:39+08:00 ] 93.174.93.136 http://www.baidu.com/cache/global/img/gs.gif
INFO: [ app_init ] --START--
INFO: Run Behavior\BuildLiteBehavior [ RunTime:0.000023s ]
INFO: [ app_init ] --END-- [ RunTime:0.000375s ]

[ 2016-07-13T08:46:17+08:00 ] 123.249.27.193 http://60.173.26.241:61254/80
INFO: [ app_init ] --START--
INFO: Run Behavior\BuildLiteBehavior [ RunTime:0.000036s ]
INFO: [ app_init ] --END-- [ RunTime:0.007037s ]
INFO: [ app_begin ] --START--
INFO: Run Behavior\ReadHtmlCacheBehavior [ RunTime:0.024629s ]
INFO: [ app_begin ] --END-- [ RunTime:0.024748s ]
ERR: 无法加载控制器:80

[ 2016-07-13T08:59:55+08:00 ] 123.249.27.193 http://60.173.26.241:61254/80
INFO: [ app_init ] --START--
INFO: Run Behavior\BuildLiteBehavior [ RunTime:0.000037s ]
INFO: [ app_init ] --END-- [ RunTime:0.012978s ]
INFO: [ app_begin ] --START--
INFO: Run Behavior\ReadHtmlCacheBehavior [ RunTime:0.021672s ]
INFO: [ app_begin ] --END-- [ RunTime:0.021791s ]
ERR: 无法加载控制器:80

[ 2016-07-13T09:13:32+08:00 ] 123.249.27.192 http://60.173.26.241:61254/80
INFO: [ app_init ] --START--
INFO: Run Behavior\BuildLiteBehavior [ RunTime:0.000037s ]
INFO: [ app_init ] --END-- [ RunTime:0.012979s ]
INFO: [ app_begin ] --START--
INFO: Run Behavior\ReadHtmlCacheBehavior [ RunTime:0.033400s ]
INFO: [ app_begin ] --END-- [ RunTime:0.033575s ]
ERR: 无法加载控制器:80

[ 2016-07-13T09:26:34+08:00 ] 69.30.253.59 /
INFO: [ app_init ] --START--
INFO: Run Behavior\BuildLiteBehavior [ RunTime:0.000021s ]
INFO: [ app_init ] --END-- [ RunTime:0.000361s ]
INFO: [ app_begin ] --START--
INFO: Run Behavior\ReadHtmlCacheBehavior [ RunTime:0.035120s ]
INFO: [ app_begin ] --END-- [ RunTime:0.035216s ]
SQL: SHOW COLUMNS FROM `tuser` [ RunTime:0.0135s ]
SQL: SELECT * FROM `tuser` ORDER BY tuser_publish LIMIT 10   [ RunTime:0.0210s ]
ERR: Think\Controller:article_today_select方法不存在！

[ 2016-07-13T09:27:12+08:00 ] 123.249.27.193 http://60.173.26.241:61254/80
INFO: [ app_init ] --START--
INFO: Run Behavior\BuildLiteBehavior [ RunTime:0.000084s ]
INFO: [ app_init ] --END-- [ RunTime:0.012440s ]
INFO: [ app_begin ] --START--
INFO: Run Behavior\ReadHtmlCacheBehavior [ RunTime:0.024725s ]
INFO: [ app_begin ] --END-- [ RunTime:0.024849s ]
ERR: 无法加载控制器:80

[ 2016-07-13T09:37:37+08:00 ] 80.82.78.38 http://www.baidu.com/cache/global/img/gs.gif
INFO: [ app_init ] --START--
INFO: Run Behavior\BuildLiteBehavior [ RunTime:0.019097s ]
INFO: [ app_init ] --END-- [ RunTime:0.019708s ]

[ 2016-07-13T09:40:45+08:00 ] 123.249.27.193 http://60.173.26.241:61254/80
INFO: [ app_init ] --START--
INFO: Run Behavior\BuildLiteBehavior [ RunTime:0.000023s ]
INFO: [ app_init ] --END-- [ RunTime:0.000377s ]
INFO: [ app_begin ] --START--
INFO: Run Behavior\ReadHtmlCacheBehavior [ RunTime:0.019729s ]
INFO: [ app_begin ] --END-- [ RunTime:0.019866s ]
ERR: 无法加载控制器:80

[ 2016-07-13T09:53:08+08:00 ] 23.251.51.125 http://www.sbjudge2.com/azenv.php
INFO: [ app_init ] --START--
INFO: Run Behavior\BuildLiteBehavior [ RunTime:0.000040s ]
INFO: [ app_init ] --END-- [ RunTime:0.010110s ]
INFO: [ app_begin ] --START--
INFO: Run Behavior\ReadHtmlCacheBehavior [ RunTime:0.023712s ]
INFO: [ app_begin ] --END-- [ RunTime:0.023827s ]
ERR: 无法加载控制器:Azenv.php

[ 2016-07-13T09:53:09+08:00 ] 23.251.51.125 www.baidu.com:443
INFO: [ app_init ] --START--
INFO: Run Behavior\BuildLiteBehavior [ RunTime:0.000036s ]
INFO: [ app_init ] --END-- [ RunTime:0.013039s ]
INFO: [ app_begin ] --START--
INFO: Run Behavior\ReadHtmlCacheBehavior [ RunTime:0.022930s ]
INFO: [ app_begin ] --END-- [ RunTime:0.023077s ]
SQL: SHOW COLUMNS FROM `tuser` [ RunTime:0.0209s ]
SQL: SELECT * FROM `tuser` ORDER BY tuser_publish LIMIT 10   [ RunTime:0.0175s ]
ERR: Think\Controller:article_today_select方法不存在！

[ 2016-07-13T09:54:21+08:00 ] 123.249.27.191 http://60.173.26.241:61254/80
INFO: [ app_init ] --START--
INFO: Run Behavior\BuildLiteBehavior [ RunTime:0.000035s ]
INFO: [ app_init ] --END-- [ RunTime:0.012950s ]
INFO: [ app_begin ] --START--
INFO: Run Behavior\ReadHtmlCacheBehavior [ RunTime:0.027322s ]
INFO: [ app_begin ] --END-- [ RunTime:0.027439s ]
ERR: 无法加载控制器:80

[ 2016-07-13T10:08:15+08:00 ] 123.249.27.193 http://60.173.26.241:61254/80
INFO: [ app_init ] --START--
INFO: Run Behavior\BuildLiteBehavior [ RunTime:0.000038s ]
INFO: [ app_init ] --END-- [ RunTime:0.016019s ]
INFO: [ app_begin ] --START--
INFO: Run Behavior\ReadHtmlCacheBehavior [ RunTime:0.030135s ]
INFO: [ app_begin ] --END-- [ RunTime:0.030271s ]
ERR: 无法加载控制器:80

[ 2016-07-13T10:22:09+08:00 ] 123.249.27.191 http://60.173.26.241:61254/80
INFO: [ app_init ] --START--
INFO: Run Behavior\BuildLiteBehavior [ RunTime:0.000048s ]
INFO: [ app_init ] --END-- [ RunTime:0.016598s ]
INFO: [ app_begin ] --START--
INFO: Run Behavior\ReadHtmlCacheBehavior [ RunTime:0.024750s ]
INFO: [ app_begin ] --END-- [ RunTime:0.024861s ]
ERR: 无法加载控制器:80

[ 2016-07-13T10:35:39+08:00 ] 123.249.27.193 http://60.173.26.241:61254/80
INFO: [ app_init ] --START--
INFO: Run Behavior\BuildLiteBehavior [ RunTime:0.000035s ]
INFO: [ app_init ] --END-- [ RunTime:0.017031s ]
INFO: [ app_begin ] --START--
INFO: Run Behavior\ReadHtmlCacheBehavior [ RunTime:0.013846s ]
INFO: [ app_begin ] --END-- [ RunTime:0.013948s ]
ERR: 无法加载控制器:80

[ 2016-07-13T10:49:22+08:00 ] 123.249.27.192 http://60.173.26.241:61254/80
INFO: [ app_init ] --START--
INFO: Run Behavior\BuildLiteBehavior [ RunTime:0.000035s ]
INFO: [ app_init ] --END-- [ RunTime:0.014957s ]
INFO: [ app_begin ] --START--
INFO: Run Behavior\ReadHtmlCacheBehavior [ RunTime:0.022663s ]
INFO: [ app_begin ] --END-- [ RunTime:0.022782s ]
ERR: 无法加载控制器:80

[ 2016-07-13T11:03:02+08:00 ] 123.249.27.193 http://60.173.26.241:61254/80
INFO: [ app_init ] --START--
INFO: Run Behavior\BuildLiteBehavior [ RunTime:0.000042s ]
INFO: [ app_init ] --END-- [ RunTime:0.014974s ]
INFO: [ app_begin ] --START--
INFO: Run Behavior\ReadHtmlCacheBehavior [ RunTime:0.018982s ]
INFO: [ app_begin ] --END-- [ RunTime:0.019103s ]
ERR: 无法加载控制器:80

[ 2016-07-13T11:16:46+08:00 ] 123.249.27.192 http://60.173.26.241:61254/80
INFO: [ app_init ] --START--
INFO: Run Behavior\BuildLiteBehavior [ RunTime:0.000051s ]
INFO: [ app_init ] --END-- [ RunTime:0.013102s ]
INFO: [ app_begin ] --START--
INFO: Run Behavior\ReadHtmlCacheBehavior [ RunTime:0.028631s ]
INFO: [ app_begin ] --END-- [ RunTime:0.028746s ]
ERR: 无法加载控制器:80

[ 2016-07-13T11:30:32+08:00 ] 123.249.27.193 http://60.173.26.241:61254/80
INFO: [ app_init ] --START--
INFO: Run Behavior\BuildLiteBehavior [ RunTime:0.000042s ]
INFO: [ app_init ] --END-- [ RunTime:0.018945s ]
INFO: [ app_begin ] --START--
INFO: Run Behavior\ReadHtmlCacheBehavior [ RunTime:0.024024s ]
INFO: [ app_begin ] --END-- [ RunTime:0.024143s ]
ERR: 无法加载控制器:80

[ 2016-07-13T11:32:59+08:00 ] 166.111.38.51 /nagiosxi/
INFO: [ app_init ] --START--
INFO: Run Behavior\BuildLiteBehavior [ RunTime:0.000037s ]
INFO: [ app_init ] --END-- [ RunTime:0.013025s ]
INFO: [ app_begin ] --START--
INFO: Run Behavior\ReadHtmlCacheBehavior [ RunTime:0.019698s ]
INFO: [ app_begin ] --END-- [ RunTime:0.019816s ]
ERR: 无法加载控制器:Nagiosxi

[ 2016-07-13T11:44:35+08:00 ] 123.249.27.191 http://60.173.26.241:61254/80
INFO: [ app_init ] --START--
INFO: Run Behavior\BuildLiteBehavior [ RunTime:0.020082s ]
INFO: [ app_init ] --END-- [ RunTime:0.020508s ]
INFO: [ app_begin ] --START--
INFO: Run Behavior\ReadHtmlCacheBehavior [ RunTime:0.026762s ]
INFO: [ app_begin ] --END-- [ RunTime:0.026876s ]
ERR: 无法加载控制器:80

[ 2016-07-13T11:58:11+08:00 ] 123.249.27.193 http://60.173.26.241:61254/80
INFO: [ app_init ] --START--
INFO: Run Behavior\BuildLiteBehavior [ RunTime:0.000038s ]
INFO: [ app_init ] --END-- [ RunTime:0.013927s ]
INFO: [ app_begin ] --START--
INFO: Run Behavior\ReadHtmlCacheBehavior [ RunTime:0.019681s ]
INFO: [ app_begin ] --END-- [ RunTime:0.019806s ]
ERR: 无法加载控制器:80

[ 2016-07-13T12:11:56+08:00 ] 123.249.27.193 http://60.173.26.241:61254/80
INFO: [ app_init ] --START--
INFO: Run Behavior\BuildLiteBehavior [ RunTime:0.000032s ]
INFO: [ app_init ] --END-- [ RunTime:0.013772s ]
INFO: [ app_begin ] --START--
INFO: Run Behavior\ReadHtmlCacheBehavior [ RunTime:0.032302s ]
INFO: [ app_begin ] --END-- [ RunTime:0.032425s ]
ERR: 无法加载控制器:80

[ 2016-07-13T12:20:06+08:00 ] 23.251.40.103 http://proxyjudge.us/
INFO: [ app_init ] --START--
INFO: Run Behavior\BuildLiteBehavior [ RunTime:0.000036s ]
INFO: [ app_init ] --END-- [ RunTime:0.021036s ]
INFO: [ app_begin ] --START--
INFO: Run Behavior\ReadHtmlCacheBehavior [ RunTime:0.026384s ]
INFO: [ app_begin ] --END-- [ RunTime:0.026481s ]
SQL: SHOW COLUMNS FROM `tuser` [ RunTime:0.0190s ]
SQL: SELECT * FROM `tuser` ORDER BY tuser_publish LIMIT 10   [ RunTime:0.0154s ]
ERR: Think\Controller:article_today_select方法不存在！

[ 2016-07-13T12:20:10+08:00 ] 23.251.40.103 www.baidu.com:443
INFO: [ app_init ] --START--
INFO: Run Behavior\BuildLiteBehavior [ RunTime:0.000038s ]
INFO: [ app_init ] --END-- [ RunTime:0.014104s ]
INFO: [ app_begin ] --START--
INFO: Run Behavior\ReadHtmlCacheBehavior [ RunTime:0.022765s ]
INFO: [ app_begin ] --END-- [ RunTime:0.022893s ]
ERR: Think\Controller:article_today_select方法不存在！

[ 2016-07-13T12:24:04+08:00 ] 23.251.40.103 http://domkrim.com/av.php
INFO: [ app_init ] --START--
INFO: Run Behavior\BuildLiteBehavior [ RunTime:0.000024s ]
INFO: [ app_init ] --END-- [ RunTime:0.000424s ]
INFO: [ app_begin ] --START--
INFO: Run Behavior\ReadHtmlCacheBehavior [ RunTime:0.022137s ]
INFO: [ app_begin ] --END-- [ RunTime:0.022253s ]
ERR: 无法加载控制器:Av.php

[ 2016-07-13T12:24:06+08:00 ] 23.251.40.103 www.alipay.com:443
INFO: [ app_init ] --START--
INFO: Run Behavior\BuildLiteBehavior [ RunTime:0.000041s ]
INFO: [ app_init ] --END-- [ RunTime:0.013003s ]
INFO: [ app_begin ] --START--
INFO: Run Behavior\ReadHtmlCacheBehavior [ RunTime:0.017180s ]
INFO: [ app_begin ] --END-- [ RunTime:0.017306s ]
SQL: SHOW COLUMNS FROM `tuser` [ RunTime:0.0147s ]
SQL: SELECT * FROM `tuser` ORDER BY tuser_publish LIMIT 10   [ RunTime:0.0088s ]
ERR: Think\Controller:article_today_select方法不存在！

[ 2016-07-13T12:25:23+08:00 ] 23.251.40.103 http://fr.cyberpods.net/
INFO: [ app_init ] --START--
INFO: Run Behavior\BuildLiteBehavior [ RunTime:0.000039s ]
INFO: [ app_init ] --END-- [ RunTime:0.016915s ]
INFO: [ app_begin ] --START--
INFO: Run Behavior\ReadHtmlCacheBehavior [ RunTime:0.019123s ]
INFO: [ app_begin ] --END-- [ RunTime:0.019247s ]
SQL: SHOW COLUMNS FROM `tuser` [ RunTime:0.0229s ]
SQL: SELECT * FROM `tuser` ORDER BY tuser_publish LIMIT 10   [ RunTime:0.0136s ]
ERR: Think\Controller:article_today_select方法不存在！

[ 2016-07-13T12:25:27+08:00 ] 23.251.40.103 www.alipay.com:443
INFO: [ app_init ] --START--
INFO: Run Behavior\BuildLiteBehavior [ RunTime:0.000037s ]
INFO: [ app_init ] --END-- [ RunTime:0.029292s ]
INFO: [ app_begin ] --START--
INFO: Run Behavior\ReadHtmlCacheBehavior [ RunTime:0.020758s ]
INFO: [ app_begin ] --END-- [ RunTime:0.020889s ]
ERR: Think\Controller:article_today_select方法不存在！

[ 2016-07-13T12:25:36+08:00 ] 123.249.27.192 http://60.173.26.241:61254/80
INFO: [ app_init ] --START--
INFO: Run Behavior\BuildLiteBehavior [ RunTime:0.000037s ]
INFO: [ app_init ] --END-- [ RunTime:0.013011s ]
INFO: [ app_begin ] --START--
INFO: Run Behavior\ReadHtmlCacheBehavior [ RunTime:0.023798s ]
INFO: [ app_begin ] --END-- [ RunTime:0.023911s ]
ERR: 无法加载控制器:80

[ 2016-07-13T12:39:53+08:00 ] 123.249.27.191 http://60.173.26.241:61254/80
INFO: [ app_init ] --START--
INFO: Run Behavior\BuildLiteBehavior [ RunTime:0.000036s ]
INFO: [ app_init ] --END-- [ RunTime:0.013036s ]
INFO: [ app_begin ] --START--
INFO: Run Behavior\ReadHtmlCacheBehavior [ RunTime:0.022770s ]
INFO: [ app_begin ] --END-- [ RunTime:0.022897s ]
ERR: 无法加载控制器:80

[ 2016-07-13T12:53:48+08:00 ] 123.249.27.191 http://60.173.26.241:61254/80
INFO: [ app_init ] --START--
INFO: Run Behavior\BuildLiteBehavior [ RunTime:0.000037s ]
INFO: [ app_init ] --END-- [ RunTime:0.012978s ]
INFO: [ app_begin ] --START--
INFO: Run Behavior\ReadHtmlCacheBehavior [ RunTime:0.022682s ]
INFO: [ app_begin ] --END-- [ RunTime:0.022818s ]
ERR: 无法加载控制器:80

[ 2016-07-13T13:07:37+08:00 ] 123.249.27.192 http://60.173.26.241:61254/80
INFO: [ app_init ] --START--
INFO: Run Behavior\BuildLiteBehavior [ RunTime:0.000044s ]
INFO: [ app_init ] --END-- [ RunTime:0.013008s ]
INFO: [ app_begin ] --START--
INFO: Run Behavior\ReadHtmlCacheBehavior [ RunTime:0.018188s ]
INFO: [ app_begin ] --END-- [ RunTime:0.018277s ]
ERR: 无法加载控制器:80

[ 2016-07-13T13:21:26+08:00 ] 123.249.27.191 http://60.173.26.241:61254/80
INFO: [ app_init ] --START--
INFO: Run Behavior\BuildLiteBehavior [ RunTime:0.000036s ]
INFO: [ app_init ] --END-- [ RunTime:0.012973s ]
INFO: [ app_begin ] --START--
INFO: Run Behavior\ReadHtmlCacheBehavior [ RunTime:0.017841s ]
INFO: [ app_begin ] --END-- [ RunTime:0.017960s ]
ERR: 无法加载控制器:80

[ 2016-07-13T13:25:43+08:00 ] 222.187.222.159 /forum.php
INFO: [ app_init ] --START--
INFO: Run Behavior\BuildLiteBehavior [ RunTime:0.000040s ]
INFO: [ app_init ] --END-- [ RunTime:0.016851s ]
INFO: [ app_begin ] --START--
INFO: Run Behavior\ReadHtmlCacheBehavior [ RunTime:0.020697s ]
INFO: [ app_begin ] --END-- [ RunTime:0.020812s ]
ERR: 无法加载控制器:Forum.php

[ 2016-07-13T13:28:33+08:00 ] 93.174.93.136 http://www.baidu.com/cache/global/img/gs.gif
INFO: [ app_init ] --START--
INFO: Run Behavior\BuildLiteBehavior [ RunTime:0.000037s ]
INFO: [ app_init ] --END-- [ RunTime:0.012952s ]

[ 2016-07-13T13:34:07+08:00 ] 23.251.51.125 http://www.proxyjudge.info/azenv.php
INFO: [ app_init ] --START--
INFO: Run Behavior\BuildLiteBehavior [ RunTime:0.000042s ]
INFO: [ app_init ] --END-- [ RunTime:0.015991s ]
INFO: [ app_begin ] --START--
INFO: Run Behavior\ReadHtmlCacheBehavior [ RunTime:0.018732s ]
INFO: [ app_begin ] --END-- [ RunTime:0.018856s ]
ERR: 无法加载控制器:Azenv.php

[ 2016-07-13T13:34:08+08:00 ] 23.251.51.125 www.baidu.com:443
INFO: [ app_init ] --START--
INFO: Run Behavior\BuildLiteBehavior [ RunTime:0.000039s ]
INFO: [ app_init ] --END-- [ RunTime:0.014993s ]
INFO: [ app_begin ] --START--
INFO: Run Behavior\ReadHtmlCacheBehavior [ RunTime:0.021758s ]
INFO: [ app_begin ] --END-- [ RunTime:0.021898s ]
SQL: SHOW COLUMNS FROM `tuser` [ RunTime:0.0260s ]
SQL: SELECT * FROM `tuser` ORDER BY tuser_publish LIMIT 10   [ RunTime:0.0127s ]
ERR: Think\Controller:article_today_select方法不存在！

[ 2016-07-13T13:35:16+08:00 ] 123.249.27.191 http://60.173.26.241:61254/80
INFO: [ app_init ] --START--
INFO: Run Behavior\BuildLiteBehavior [ RunTime:0.000038s ]
INFO: [ app_init ] --END-- [ RunTime:0.015825s ]
INFO: [ app_begin ] --START--
INFO: Run Behavior\ReadHtmlCacheBehavior [ RunTime:0.024886s ]
INFO: [ app_begin ] --END-- [ RunTime:0.025005s ]
ERR: 无法加载控制器:80

[ 2016-07-13T13:49:24+08:00 ] 123.249.27.191 http://60.173.26.241:61254/80
INFO: [ app_init ] --START--
INFO: Run Behavior\BuildLiteBehavior [ RunTime:0.000033s ]
INFO: [ app_init ] --END-- [ RunTime:0.010966s ]
INFO: [ app_begin ] --START--
INFO: Run Behavior\ReadHtmlCacheBehavior [ RunTime:0.026576s ]
INFO: [ app_begin ] --END-- [ RunTime:0.026703s ]
ERR: 无法加载控制器:80

[ 2016-07-13T13:51:50+08:00 ] 80.82.78.38 http://www.baidu.com/cache/global/img/gs.gif
INFO: [ app_init ] --START--
INFO: Run Behavior\BuildLiteBehavior [ RunTime:0.000038s ]
INFO: [ app_init ] --END-- [ RunTime:0.016180s ]

[ 2016-07-13T14:03:03+08:00 ] 123.249.27.193 http://60.173.26.241:61254/80
INFO: [ app_init ] --START--
INFO: Run Behavior\BuildLiteBehavior [ RunTime:0.000038s ]
INFO: [ app_init ] --END-- [ RunTime:0.018949s ]
INFO: [ app_begin ] --START--
INFO: Run Behavior\ReadHtmlCacheBehavior [ RunTime:0.024708s ]
INFO: [ app_begin ] --END-- [ RunTime:0.024852s ]
ERR: 无法加载控制器:80

[ 2016-07-13T14:16:52+08:00 ] 123.249.27.191 http://60.173.26.241:61254/80
INFO: [ app_init ] --START--
INFO: Run Behavior\BuildLiteBehavior [ RunTime:0.000036s ]
INFO: [ app_init ] --END-- [ RunTime:0.019342s ]
INFO: [ app_begin ] --START--
INFO: Run Behavior\ReadHtmlCacheBehavior [ RunTime:0.012663s ]
INFO: [ app_begin ] --END-- [ RunTime:0.012783s ]
ERR: 无法加载控制器:80

[ 2016-07-13T14:30:53+08:00 ] 123.249.27.191 http://60.173.26.241:61254/80
INFO: [ app_init ] --START--
INFO: Run Behavior\BuildLiteBehavior [ RunTime:0.000024s ]
INFO: [ app_init ] --END-- [ RunTime:0.000378s ]
INFO: [ app_begin ] --START--
INFO: Run Behavior\ReadHtmlCacheBehavior [ RunTime:0.018903s ]
INFO: [ app_begin ] --END-- [ RunTime:0.019037s ]
ERR: 无法加载控制器:80

[ 2016-07-13T14:44:38+08:00 ] 123.249.27.192 http://60.173.26.241:61254/80
INFO: [ app_init ] --START--
INFO: Run Behavior\BuildLiteBehavior [ RunTime:0.000037s ]
INFO: [ app_init ] --END-- [ RunTime:0.013006s ]
INFO: [ app_begin ] --START--
INFO: Run Behavior\ReadHtmlCacheBehavior [ RunTime:0.033534s ]
INFO: [ app_begin ] --END-- [ RunTime:0.033657s ]
ERR: 无法加载控制器:80

[ 2016-07-13T14:45:46+08:00 ] 220.132.81.117 smtp.mail.yahoo.com:25
INFO: [ app_init ] --START--
INFO: Run Behavior\BuildLiteBehavior [ RunTime:0.000037s ]
INFO: [ app_init ] --END-- [ RunTime:0.018261s ]
INFO: [ app_begin ] --START--
INFO: Run Behavior\ReadHtmlCacheBehavior [ RunTime:0.018798s ]
INFO: [ app_begin ] --END-- [ RunTime:0.018926s ]
SQL: SHOW COLUMNS FROM `tuser` [ RunTime:0.0128s ]
SQL: SELECT * FROM `tuser` ORDER BY tuser_publish LIMIT 10   [ RunTime:0.0218s ]
ERR: Think\Controller:article_today_select方法不存在！

[ 2016-07-13T14:59:00+08:00 ] 123.249.27.191 http://60.173.26.241:61254/80
INFO: [ app_init ] --START--
INFO: Run Behavior\BuildLiteBehavior [ RunTime:0.000036s ]
INFO: [ app_init ] --END-- [ RunTime:0.011960s ]
INFO: [ app_begin ] --START--
INFO: Run Behavior\ReadHtmlCacheBehavior [ RunTime:0.024687s ]
INFO: [ app_begin ] --END-- [ RunTime:0.024806s ]
ERR: 无法加载控制器:80

[ 2016-07-13T15:00:52+08:00 ] 220.132.81.117 smtp.mail.yahoo.com:25
INFO: [ app_init ] --START--
INFO: Run Behavior\BuildLiteBehavior [ RunTime:0.000021s ]
INFO: [ app_init ] --END-- [ RunTime:0.000361s ]
INFO: [ app_begin ] --START--
INFO: Run Behavior\ReadHtmlCacheBehavior [ RunTime:0.032153s ]
INFO: [ app_begin ] --END-- [ RunTime:0.032278s ]
SQL: SHOW COLUMNS FROM `tuser` [ RunTime:0.0219s ]
SQL: SELECT * FROM `tuser` ORDER BY tuser_publish LIMIT 10   [ RunTime:0.0077s ]
ERR: Think\Controller:article_today_select方法不存在！

[ 2016-07-13T15:03:37+08:00 ] 220.132.81.117 smtp.mail.yahoo.com:25
INFO: [ app_init ] --START--
INFO: Run Behavior\BuildLiteBehavior [ RunTime:0.000037s ]
INFO: [ app_init ] --END-- [ RunTime:0.018974s ]
INFO: [ app_begin ] --START--
INFO: Run Behavior\ReadHtmlCacheBehavior [ RunTime:0.030327s ]
INFO: [ app_begin ] --END-- [ RunTime:0.030478s ]
SQL: SHOW COLUMNS FROM `tuser` [ RunTime:0.0133s ]
SQL: SELECT * FROM `tuser` ORDER BY tuser_publish LIMIT 10   [ RunTime:0.0230s ]
ERR: Think\Controller:article_today_select方法不存在！

[ 2016-07-13T15:12:39+08:00 ] 123.249.27.193 http://60.173.26.241:61254/80
INFO: [ app_init ] --START--
INFO: Run Behavior\BuildLiteBehavior [ RunTime:0.000120s ]
INFO: [ app_init ] --END-- [ RunTime:0.023749s ]
INFO: [ app_begin ] --START--
INFO: Run Behavior\ReadHtmlCacheBehavior [ RunTime:0.021265s ]
INFO: [ app_begin ] --END-- [ RunTime:0.021382s ]
ERR: 无法加载控制器:80

[ 2016-07-13T15:22:00+08:00 ] 23.251.51.125 http://www.proxy-listen.de/azenv.php
INFO: [ app_init ] --START--
INFO: Run Behavior\BuildLiteBehavior [ RunTime:0.000046s ]
INFO: [ app_init ] --END-- [ RunTime:0.006231s ]
INFO: [ app_begin ] --START--
INFO: Run Behavior\ReadHtmlCacheBehavior [ RunTime:0.027513s ]
INFO: [ app_begin ] --END-- [ RunTime:0.027654s ]
ERR: 无法加载控制器:Azenv.php

[ 2016-07-13T15:22:42+08:00 ] 23.251.51.125 www.alipay.com:443
INFO: [ app_init ] --START--
INFO: Run Behavior\BuildLiteBehavior [ RunTime:0.000034s ]
INFO: [ app_init ] --END-- [ RunTime:0.031249s ]
INFO: [ app_begin ] --START--
INFO: Run Behavior\ReadHtmlCacheBehavior [ RunTime:0.022875s ]
INFO: [ app_begin ] --END-- [ RunTime:0.022990s ]
SQL: SHOW COLUMNS FROM `tuser` [ RunTime:0.0254s ]
SQL: SELECT * FROM `tuser` ORDER BY tuser_publish LIMIT 10   [ RunTime:0.0152s ]
ERR: Think\Controller:article_today_select方法不存在！

[ 2016-07-13T15:26:36+08:00 ] 123.249.27.191 http://60.173.26.241:61254/80
INFO: [ app_init ] --START--
INFO: Run Behavior\BuildLiteBehavior [ RunTime:0.000029s ]
INFO: [ app_init ] --END-- [ RunTime:0.000580s ]
INFO: [ app_begin ] --START--
INFO: Run Behavior\ReadHtmlCacheBehavior [ RunTime:0.024691s ]
INFO: [ app_begin ] --END-- [ RunTime:0.024809s ]
ERR: 无法加载控制器:80

[ 2016-07-13T15:40:15+08:00 ] 93.174.93.218 http://httpheader.net/
INFO: [ app_init ] --START--
INFO: Run Behavior\BuildLiteBehavior [ RunTime:0.000038s ]
INFO: [ app_init ] --END-- [ RunTime:0.018917s ]
INFO: [ app_begin ] --START--
INFO: Run Behavior\ReadHtmlCacheBehavior [ RunTime:0.023762s ]
INFO: [ app_begin ] --END-- [ RunTime:0.023897s ]
SQL: SHOW COLUMNS FROM `tuser` [ RunTime:0.0074s ]
SQL: SELECT * FROM `tuser` ORDER BY tuser_publish LIMIT 10   [ RunTime:0.0251s ]
ERR: Think\Controller:article_today_select方法不存在！

[ 2016-07-13T15:40:21+08:00 ] 123.249.27.193 http://60.173.26.241:61254/80
INFO: [ app_init ] --START--
INFO: Run Behavior\BuildLiteBehavior [ RunTime:0.000038s ]
INFO: [ app_init ] --END-- [ RunTime:0.014276s ]
INFO: [ app_begin ] --START--
INFO: Run Behavior\ReadHtmlCacheBehavior [ RunTime:0.019019s ]
INFO: [ app_begin ] --END-- [ RunTime:0.025201s ]
ERR: 无法加载控制器:80

[ 2016-07-13T15:46:52+08:00 ] 220.132.81.117 smtp.mail.yahoo.com:25
INFO: [ app_init ] --START--
INFO: Run Behavior\BuildLiteBehavior [ RunTime:0.000024s ]
INFO: [ app_init ] --END-- [ RunTime:0.000382s ]
INFO: [ app_begin ] --START--
INFO: Run Behavior\ReadHtmlCacheBehavior [ RunTime:0.000481s ]
INFO: [ app_begin ] --END-- [ RunTime:0.000562s ]
SQL: SHOW COLUMNS FROM `tuser` [ RunTime:0.0189s ]
SQL: SELECT * FROM `tuser` ORDER BY tuser_publish LIMIT 10   [ RunTime:0.0121s ]
ERR: Think\Controller:article_today_select方法不存在！

[ 2016-07-13T16:03:06+08:00 ] 220.132.81.117 smtp.mail.yahoo.com:25
INFO: [ app_init ] --START--
INFO: Run Behavior\BuildLiteBehavior [ RunTime:0.000038s ]
INFO: [ app_init ] --END-- [ RunTime:0.013047s ]
INFO: [ app_begin ] --START--
INFO: Run Behavior\ReadHtmlCacheBehavior [ RunTime:0.016785s ]
INFO: [ app_begin ] --END-- [ RunTime:0.016912s ]
SQL: SHOW COLUMNS FROM `tuser` [ RunTime:0.0167s ]
SQL: SELECT * FROM `tuser` ORDER BY tuser_publish LIMIT 10   [ RunTime:0.0138s ]
ERR: Think\Controller:article_today_select方法不存在！

[ 2016-07-13T16:03:33+08:00 ] 220.132.81.117 smtp.mail.yahoo.com:25
INFO: [ app_init ] --START--
INFO: Run Behavior\BuildLiteBehavior [ RunTime:0.000034s ]
INFO: [ app_init ] --END-- [ RunTime:0.013112s ]
INFO: [ app_begin ] --START--
INFO: Run Behavior\ReadHtmlCacheBehavior [ RunTime:0.017817s ]
INFO: [ app_begin ] --END-- [ RunTime:0.017940s ]
ERR: Think\Controller:article_today_select方法不存在！

[ 2016-07-13T16:08:03+08:00 ] 123.249.27.191 http://60.173.26.241:61254/80
INFO: [ app_init ] --START--
INFO: Run Behavior\BuildLiteBehavior [ RunTime:0.000039s ]
INFO: [ app_init ] --END-- [ RunTime:0.019001s ]
INFO: [ app_begin ] --START--
INFO: Run Behavior\ReadHtmlCacheBehavior [ RunTime:0.019689s ]
INFO: [ app_begin ] --END-- [ RunTime:0.019810s ]
ERR: 无法加载控制器:80

[ 2016-07-13T16:17:16+08:00 ] 220.132.81.117 smtp.mail.yahoo.com:25
INFO: [ app_init ] --START--
INFO: Run Behavior\BuildLiteBehavior [ RunTime:0.000033s ]
INFO: [ app_init ] --END-- [ RunTime:0.009237s ]
INFO: [ app_begin ] --START--
INFO: Run Behavior\ReadHtmlCacheBehavior [ RunTime:0.018727s ]
INFO: [ app_begin ] --END-- [ RunTime:0.018856s ]
SQL: SHOW COLUMNS FROM `tuser` [ RunTime:0.0073s ]
SQL: SELECT * FROM `tuser` ORDER BY tuser_publish LIMIT 10   [ RunTime:0.0204s ]
ERR: Think\Controller:article_today_select方法不存在！

[ 2016-07-13T16:18:23+08:00 ] 220.132.81.117 smtp.mail.yahoo.com:25
INFO: [ app_init ] --START--
INFO: Run Behavior\BuildLiteBehavior [ RunTime:0.000024s ]
INFO: [ app_init ] --END-- [ RunTime:0.000374s ]
INFO: [ app_begin ] --START--
INFO: Run Behavior\ReadHtmlCacheBehavior [ RunTime:0.018852s ]
INFO: [ app_begin ] --END-- [ RunTime:0.018973s ]
SQL: SHOW COLUMNS FROM `tuser` [ RunTime:0.0208s ]
SQL: SELECT * FROM `tuser` ORDER BY tuser_publish LIMIT 10   [ RunTime:0.0113s ]
ERR: Think\Controller:article_today_select方法不存在！

[ 2016-07-13T16:20:03+08:00 ] 220.132.81.117 smtp.mail.yahoo.com:25
INFO: [ app_init ] --START--
INFO: Run Behavior\BuildLiteBehavior [ RunTime:0.000034s ]
INFO: [ app_init ] --END-- [ RunTime:0.012068s ]
INFO: [ app_begin ] --START--
INFO: Run Behavior\ReadHtmlCacheBehavior [ RunTime:0.019936s ]
INFO: [ app_begin ] --END-- [ RunTime:0.020065s ]
SQL: SHOW COLUMNS FROM `tuser` [ RunTime:0.0269s ]
SQL: SELECT * FROM `tuser` ORDER BY tuser_publish LIMIT 10   [ RunTime:0.0136s ]
ERR: Think\Controller:article_today_select方法不存在！

[ 2016-07-13T16:21:46+08:00 ] 123.249.27.193 http://60.173.26.241:61254/80
INFO: [ app_init ] --START--
INFO: Run Behavior\BuildLiteBehavior [ RunTime:0.000022s ]
INFO: [ app_init ] --END-- [ RunTime:0.000451s ]
INFO: [ app_begin ] --START--
INFO: Run Behavior\ReadHtmlCacheBehavior [ RunTime:0.023695s ]
INFO: [ app_begin ] --END-- [ RunTime:0.023835s ]
ERR: 无法加载控制器:80

[ 2016-07-13T16:22:18+08:00 ] 220.132.81.117 smtp.mail.yahoo.com:25
INFO: [ app_init ] --START--
INFO: Run Behavior\BuildLiteBehavior [ RunTime:0.000039s ]
INFO: [ app_init ] --END-- [ RunTime:0.015997s ]
INFO: [ app_begin ] --START--
INFO: Run Behavior\ReadHtmlCacheBehavior [ RunTime:0.020788s ]
INFO: [ app_begin ] --END-- [ RunTime:0.020915s ]
SQL: SHOW COLUMNS FROM `tuser` [ RunTime:0.0191s ]
SQL: SELECT * FROM `tuser` ORDER BY tuser_publish LIMIT 10   [ RunTime:0.0144s ]
ERR: Think\Controller:article_today_select方法不存在！

[ 2016-07-13T16:32:32+08:00 ] 220.132.81.117 smtp.mail.yahoo.com:25
INFO: [ app_init ] --START--
INFO: Run Behavior\BuildLiteBehavior [ RunTime:0.000038s ]
INFO: [ app_init ] --END-- [ RunTime:0.019946s ]
INFO: [ app_begin ] --START--
INFO: Run Behavior\ReadHtmlCacheBehavior [ RunTime:0.012851s ]
INFO: [ app_begin ] --END-- [ RunTime:0.012968s ]
SQL: SHOW COLUMNS FROM `tuser` [ RunTime:0.0147s ]
SQL: SELECT * FROM `tuser` ORDER BY tuser_publish LIMIT 10   [ RunTime:0.0079s ]
ERR: Think\Controller:article_today_select方法不存在！

[ 2016-07-13T16:35:31+08:00 ] 123.249.27.193 http://60.173.26.241:61254/80
INFO: [ app_init ] --START--
INFO: Run Behavior\BuildLiteBehavior [ RunTime:0.000043s ]
INFO: [ app_init ] --END-- [ RunTime:0.013082s ]
INFO: [ app_begin ] --START--
INFO: Run Behavior\ReadHtmlCacheBehavior [ RunTime:0.019968s ]
INFO: [ app_begin ] --END-- [ RunTime:0.020098s ]
ERR: 无法加载控制器:80

[ 2016-07-13T16:36:59+08:00 ] 185.25.148.240 http://testp1.piwo.pila.pl/testproxy.php
INFO: [ app_init ] --START--
INFO: Run Behavior\BuildLiteBehavior [ RunTime:0.000040s ]
INFO: [ app_init ] --END-- [ RunTime:0.013008s ]
INFO: [ app_begin ] --START--
INFO: Run Behavior\ReadHtmlCacheBehavior [ RunTime:0.020708s ]
INFO: [ app_begin ] --END-- [ RunTime:0.020825s ]
ERR: 无法加载控制器:Testproxy.php

[ 2016-07-13T16:49:09+08:00 ] 220.132.81.117 smtp.mail.yahoo.com:25
INFO: [ app_init ] --START--
INFO: Run Behavior\BuildLiteBehavior [ RunTime:0.000031s ]
INFO: [ app_init ] --END-- [ RunTime:0.008798s ]
INFO: [ app_begin ] --START--
INFO: Run Behavior\ReadHtmlCacheBehavior [ RunTime:0.038125s ]
INFO: [ app_begin ] --END-- [ RunTime:0.038247s ]
SQL: SHOW COLUMNS FROM `tuser` [ RunTime:0.0160s ]
SQL: SELECT * FROM `tuser` ORDER BY tuser_publish LIMIT 10   [ RunTime:0.0145s ]
ERR: Think\Controller:article_today_select方法不存在！

[ 2016-07-13T16:49:31+08:00 ] 123.249.27.191 http://60.173.26.241:61254/80
INFO: [ app_init ] --START--
INFO: Run Behavior\BuildLiteBehavior [ RunTime:0.000038s ]
INFO: [ app_init ] --END-- [ RunTime:0.010566s ]
INFO: [ app_begin ] --START--
INFO: Run Behavior\ReadHtmlCacheBehavior [ RunTime:0.018879s ]
INFO: [ app_begin ] --END-- [ RunTime:0.019074s ]
ERR: 无法加载控制器:80

[ 2016-07-13T16:56:20+08:00 ] 111.248.125.220 163mx01.mxmail.netease.com:25
INFO: [ app_init ] --START--
INFO: Run Behavior\BuildLiteBehavior [ RunTime:0.000041s ]
INFO: [ app_init ] --END-- [ RunTime:0.017957s ]
INFO: [ app_begin ] --START--
INFO: Run Behavior\ReadHtmlCacheBehavior [ RunTime:0.021761s ]
INFO: [ app_begin ] --END-- [ RunTime:0.021887s ]
SQL: SHOW COLUMNS FROM `tuser` [ RunTime:0.0139s ]
SQL: SELECT * FROM `tuser` ORDER BY tuser_publish LIMIT 10   [ RunTime:0.0166s ]
ERR: Think\Controller:article_today_select方法不存在！

[ 2016-07-13T17:00:38+08:00 ] 23.251.51.125 http://www.luisaranguren.com/azenv.php
INFO: [ app_init ] --START--
INFO: Run Behavior\BuildLiteBehavior [ RunTime:0.000033s ]
INFO: [ app_init ] --END-- [ RunTime:0.011965s ]
INFO: [ app_begin ] --START--
INFO: Run Behavior\ReadHtmlCacheBehavior [ RunTime:0.023715s ]
INFO: [ app_begin ] --END-- [ RunTime:0.023851s ]
ERR: 无法加载控制器:Azenv.php

[ 2016-07-13T17:00:39+08:00 ] 23.251.51.125 www.baidu.com:443
INFO: [ app_init ] --START--
INFO: Run Behavior\BuildLiteBehavior [ RunTime:0.000031s ]
INFO: [ app_init ] --END-- [ RunTime:0.017690s ]
INFO: [ app_begin ] --START--
INFO: Run Behavior\ReadHtmlCacheBehavior [ RunTime:0.012972s ]
INFO: [ app_begin ] --END-- [ RunTime:0.034184s ]
SQL: SHOW COLUMNS FROM `tuser` [ RunTime:0.0135s ]
SQL: SELECT * FROM `tuser` ORDER BY tuser_publish LIMIT 10   [ RunTime:0.0211s ]
ERR: Think\Controller:article_today_select方法不存在！

[ 2016-07-13T17:01:05+08:00 ] 23.251.51.125 http://fr.cyberpods.net/
INFO: [ app_init ] --START--
INFO: Run Behavior\BuildLiteBehavior [ RunTime:0.000040s ]
INFO: [ app_init ] --END-- [ RunTime:0.015966s ]
INFO: [ app_begin ] --START--
INFO: Run Behavior\ReadHtmlCacheBehavior [ RunTime:0.020783s ]
INFO: [ app_begin ] --END-- [ RunTime:0.020909s ]
ERR: Think\Controller:article_today_select方法不存在！

[ 2016-07-13T17:01:06+08:00 ] 23.251.51.125 www.baidu.com:443
INFO: [ app_init ] --START--
INFO: Run Behavior\BuildLiteBehavior [ RunTime:0.000037s ]
INFO: [ app_init ] --END-- [ RunTime:0.015446s ]
INFO: [ app_begin ] --START--
INFO: Run Behavior\ReadHtmlCacheBehavior [ RunTime:0.021782s ]
INFO: [ app_begin ] --END-- [ RunTime:0.021910s ]
ERR: Think\Controller:article_today_select方法不存在！

[ 2016-07-13T17:03:21+08:00 ] 123.249.27.193 http://60.173.26.241:61254/80
INFO: [ app_init ] --START--
INFO: Run Behavior\BuildLiteBehavior [ RunTime:0.000036s ]
INFO: [ app_init ] --END-- [ RunTime:0.014953s ]
INFO: [ app_begin ] --START--
INFO: Run Behavior\ReadHtmlCacheBehavior [ RunTime:0.022073s ]
INFO: [ app_begin ] --END-- [ RunTime:0.022197s ]
ERR: 无法加载控制器:80

[ 2016-07-13T17:04:28+08:00 ] 220.132.81.117 smtp.mail.yahoo.com:25
INFO: [ app_init ] --START--
INFO: Run Behavior\BuildLiteBehavior [ RunTime:0.000037s ]
INFO: [ app_init ] --END-- [ RunTime:0.014984s ]
INFO: [ app_begin ] --START--
INFO: Run Behavior\ReadHtmlCacheBehavior [ RunTime:0.021769s ]
INFO: [ app_begin ] --END-- [ RunTime:0.021897s ]
SQL: SHOW COLUMNS FROM `tuser` [ RunTime:0.0149s ]
SQL: SELECT * FROM `tuser` ORDER BY tuser_publish LIMIT 10   [ RunTime:0.0136s ]
ERR: Think\Controller:article_today_select方法不存在！

[ 2016-07-13T17:05:29+08:00 ] 220.132.81.117 smtp.mail.yahoo.com:25
INFO: [ app_init ] --START--
INFO: Run Behavior\BuildLiteBehavior [ RunTime:0.000037s ]
INFO: [ app_init ] --END-- [ RunTime:0.012971s ]
INFO: [ app_begin ] --START--
INFO: Run Behavior\ReadHtmlCacheBehavior [ RunTime:0.023751s ]
INFO: [ app_begin ] --END-- [ RunTime:0.023873s ]
SQL: SHOW COLUMNS FROM `tuser` [ RunTime:0.0170s ]
SQL: SELECT * FROM `tuser` ORDER BY tuser_publish LIMIT 10   [ RunTime:0.0202s ]
ERR: Think\Controller:article_today_select方法不存在！

[ 2016-07-13T17:17:20+08:00 ] 123.249.27.192 http://60.173.26.241:61254/80
INFO: [ app_init ] --START--
INFO: Run Behavior\BuildLiteBehavior [ RunTime:0.000038s ]
INFO: [ app_init ] --END-- [ RunTime:0.020236s ]
INFO: [ app_begin ] --START--
INFO: Run Behavior\ReadHtmlCacheBehavior [ RunTime:0.020696s ]
INFO: [ app_begin ] --END-- [ RunTime:0.020815s ]
ERR: 无法加载控制器:80

[ 2016-07-13T17:19:05+08:00 ] 220.132.81.117 smtp.mail.yahoo.com:25
INFO: [ app_init ] --START--
INFO: Run Behavior\BuildLiteBehavior [ RunTime:0.000037s ]
INFO: [ app_init ] --END-- [ RunTime:0.012972s ]
INFO: [ app_begin ] --START--
INFO: Run Behavior\ReadHtmlCacheBehavior [ RunTime:0.016178s ]
INFO: [ app_begin ] --END-- [ RunTime:0.016306s ]
SQL: SHOW COLUMNS FROM `tuser` [ RunTime:0.0017s ]
SQL: SELECT * FROM `tuser` ORDER BY tuser_publish LIMIT 10   [ RunTime:0.0225s ]
ERR: Think\Controller:article_today_select方法不存在！

[ 2016-07-13T17:20:36+08:00 ] 220.132.81.117 smtp.mail.yahoo.com:25
INFO: [ app_init ] --START--
INFO: Run Behavior\BuildLiteBehavior [ RunTime:0.000036s ]
INFO: [ app_init ] --END-- [ RunTime:0.026386s ]
INFO: [ app_begin ] --START--
INFO: Run Behavior\ReadHtmlCacheBehavior [ RunTime:0.016780s ]
INFO: [ app_begin ] --END-- [ RunTime:0.016911s ]
SQL: SHOW COLUMNS FROM `tuser` [ RunTime:0.0072s ]
SQL: SELECT * FROM `tuser` ORDER BY tuser_publish LIMIT 10   [ RunTime:0.0163s ]
ERR: Think\Controller:article_today_select方法不存在！

[ 2016-07-13T17:31:21+08:00 ] 123.249.27.192 http://60.173.26.241:61254/80
INFO: [ app_init ] --START--
INFO: Run Behavior\BuildLiteBehavior [ RunTime:0.000038s ]
INFO: [ app_init ] --END-- [ RunTime:0.015022s ]
INFO: [ app_begin ] --START--
INFO: Run Behavior\ReadHtmlCacheBehavior [ RunTime:0.026822s ]
INFO: [ app_begin ] --END-- [ RunTime:0.026957s ]
ERR: 无法加载控制器:80

[ 2016-07-13T17:39:03+08:00 ] 23.251.51.125 http://www.sbjudge1.com/azenv.php
INFO: [ app_init ] --START--
INFO: Run Behavior\BuildLiteBehavior [ RunTime:0.000039s ]
INFO: [ app_init ] --END-- [ RunTime:0.013033s ]
INFO: [ app_begin ] --START--
INFO: Run Behavior\ReadHtmlCacheBehavior [ RunTime:0.022759s ]
INFO: [ app_begin ] --END-- [ RunTime:0.022880s ]
ERR: 无法加载控制器:Azenv.php

[ 2016-07-13T17:39:04+08:00 ] 23.251.51.125 www.baidu.com:443
INFO: [ app_init ] --START--
INFO: Run Behavior\BuildLiteBehavior [ RunTime:0.000038s ]
INFO: [ app_init ] --END-- [ RunTime:0.013154s ]
INFO: [ app_begin ] --START--
INFO: Run Behavior\ReadHtmlCacheBehavior [ RunTime:0.020775s ]
INFO: [ app_begin ] --END-- [ RunTime:0.020921s ]
SQL: SHOW COLUMNS FROM `tuser` [ RunTime:0.0200s ]
SQL: SELECT * FROM `tuser` ORDER BY tuser_publish LIMIT 10   [ RunTime:0.0146s ]
ERR: Think\Controller:article_today_select方法不存在！

[ 2016-07-13T17:49:28+08:00 ] 220.132.81.117 smtp.mail.yahoo.com:25
INFO: [ app_init ] --START--
INFO: Run Behavior\BuildLiteBehavior [ RunTime:0.000039s ]
INFO: [ app_init ] --END-- [ RunTime:0.020502s ]
INFO: [ app_begin ] --START--
INFO: Run Behavior\ReadHtmlCacheBehavior [ RunTime:0.018800s ]
INFO: [ app_begin ] --END-- [ RunTime:0.018921s ]
SQL: SHOW COLUMNS FROM `tuser` [ RunTime:0.0080s ]
SQL: SELECT * FROM `tuser` ORDER BY tuser_publish LIMIT 10   [ RunTime:0.0205s ]
ERR: Think\Controller:article_today_select方法不存在！

[ 2016-07-13T17:50:12+08:00 ] 220.132.81.117 smtp.mail.yahoo.com:25
INFO: [ app_init ] --START--
INFO: Run Behavior\BuildLiteBehavior [ RunTime:0.000037s ]
INFO: [ app_init ] --END-- [ RunTime:0.013039s ]
INFO: [ app_begin ] --START--
INFO: Run Behavior\ReadHtmlCacheBehavior [ RunTime:0.016773s ]
INFO: [ app_begin ] --END-- [ RunTime:0.016899s ]
ERR: Think\Controller:article_today_select方法不存在！

[ 2016-07-13T17:55:06+08:00 ] 138.59.191.2 /
INFO: [ app_init ] --START--
INFO: Run Behavior\BuildLiteBehavior [ RunTime:0.000036s ]
INFO: [ app_init ] --END-- [ RunTime:0.013007s ]
INFO: [ app_begin ] --START--
INFO: Run Behavior\ReadHtmlCacheBehavior [ RunTime:0.023777s ]
INFO: [ app_begin ] --END-- [ RunTime:0.023896s ]
SQL: SHOW COLUMNS FROM `tuser` [ RunTime:0.0093s ]
SQL: SELECT * FROM `tuser` ORDER BY tuser_publish LIMIT 10   [ RunTime:0.0189s ]
ERR: Think\Controller:article_today_select方法不存在！

[ 2016-07-13T17:59:15+08:00 ] 123.249.27.193 http://60.173.26.241:61254/80
INFO: [ app_init ] --START--
INFO: Run Behavior\BuildLiteBehavior [ RunTime:0.000036s ]
INFO: [ app_init ] --END-- [ RunTime:0.019268s ]
INFO: [ app_begin ] --START--
INFO: Run Behavior\ReadHtmlCacheBehavior [ RunTime:0.026425s ]
INFO: [ app_begin ] --END-- [ RunTime:0.032515s ]
ERR: 无法加载控制器:80

[ 2016-07-13T18:01:58+08:00 ] 220.132.81.117 smtp.mail.yahoo.com:25
INFO: [ app_init ] --START--
INFO: Run Behavior\BuildLiteBehavior [ RunTime:0.000035s ]
INFO: [ app_init ] --END-- [ RunTime:0.009620s ]
INFO: [ app_begin ] --START--
INFO: Run Behavior\ReadHtmlCacheBehavior [ RunTime:0.000442s ]
INFO: [ app_begin ] --END-- [ RunTime:0.000492s ]
SQL: SHOW COLUMNS FROM `tuser` [ RunTime:0.0231s ]
SQL: SELECT * FROM `tuser` ORDER BY tuser_publish LIMIT 10   [ RunTime:0.0146s ]
ERR: Think\Controller:article_today_select方法不存在！

[ 2016-07-13T18:02:14+08:00 ] 80.82.78.38 http://www.baidu.com/cache/global/img/gs.gif
INFO: [ app_init ] --START--
INFO: Run Behavior\BuildLiteBehavior [ RunTime:0.000037s ]
INFO: [ app_init ] --END-- [ RunTime:0.017360s ]

[ 2016-07-13T18:13:44+08:00 ] 123.249.27.191 http://60.173.26.241:61254/80
INFO: [ app_init ] --START--
INFO: Run Behavior\BuildLiteBehavior [ RunTime:0.025131s ]
INFO: [ app_init ] --END-- [ RunTime:0.025501s ]
INFO: [ app_begin ] --START--
INFO: Run Behavior\ReadHtmlCacheBehavior [ RunTime:0.023716s ]
INFO: [ app_begin ] --END-- [ RunTime:0.023834s ]
ERR: 无法加载控制器:80

[ 2016-07-13T18:18:17+08:00 ] 220.132.81.117 smtp.mail.yahoo.com:25
INFO: [ app_init ] --START--
INFO: Run Behavior\BuildLiteBehavior [ RunTime:0.000040s ]
INFO: [ app_init ] --END-- [ RunTime:0.013133s ]
INFO: [ app_begin ] --START--
INFO: Run Behavior\ReadHtmlCacheBehavior [ RunTime:0.023767s ]
INFO: [ app_begin ] --END-- [ RunTime:0.023895s ]
SQL: SHOW COLUMNS FROM `tuser` [ RunTime:0.0074s ]
SQL: SELECT * FROM `tuser` ORDER BY tuser_publish LIMIT 10   [ RunTime:0.0130s ]
ERR: Think\Controller:article_today_select方法不存在！

[ 2016-07-13T18:18:58+08:00 ] 93.174.93.136 http://www.baidu.com/cache/global/img/gs.gif
INFO: [ app_init ] --START--
INFO: Run Behavior\BuildLiteBehavior [ RunTime:0.000038s ]
INFO: [ app_init ] --END-- [ RunTime:0.018913s ]

[ 2016-07-13T18:27:32+08:00 ] 123.249.27.193 http://60.173.26.241:61254/80
INFO: [ app_init ] --START--
INFO: Run Behavior\BuildLiteBehavior [ RunTime:0.000024s ]
INFO: [ app_init ] --END-- [ RunTime:0.000376s ]
INFO: [ app_begin ] --START--
INFO: Run Behavior\ReadHtmlCacheBehavior [ RunTime:0.000474s ]
INFO: [ app_begin ] --END-- [ RunTime:0.021672s ]
ERR: 无法加载控制器:80

[ 2016-07-13T18:30:11+08:00 ] 220.132.81.117 smtp.mail.yahoo.com:25
INFO: [ app_init ] --START--
INFO: Run Behavior\BuildLiteBehavior [ RunTime:0.000039s ]
INFO: [ app_init ] --END-- [ RunTime:0.012971s ]
INFO: [ app_begin ] --START--
INFO: Run Behavior\ReadHtmlCacheBehavior [ RunTime:0.024785s ]
INFO: [ app_begin ] --END-- [ RunTime:0.024913s ]
SQL: SHOW COLUMNS FROM `tuser` [ RunTime:0.0113s ]
SQL: SELECT * FROM `tuser` ORDER BY tuser_publish LIMIT 10   [ RunTime:0.0241s ]
ERR: Think\Controller:article_today_select方法不存在！

[ 2016-07-13T18:41:24+08:00 ] 123.249.27.192 http://60.173.26.241:61254/80
INFO: [ app_init ] --START--
INFO: Run Behavior\BuildLiteBehavior [ RunTime:0.000036s ]
INFO: [ app_init ] --END-- [ RunTime:0.010468s ]
INFO: [ app_begin ] --START--
INFO: Run Behavior\ReadHtmlCacheBehavior [ RunTime:0.017717s ]
INFO: [ app_begin ] --END-- [ RunTime:0.017835s ]
ERR: 无法加载控制器:80

[ 2016-07-13T18:44:04+08:00 ] 220.132.81.117 smtp.mail.yahoo.com:25
INFO: [ app_init ] --START--
INFO: Run Behavior\BuildLiteBehavior [ RunTime:0.000037s ]
INFO: [ app_init ] --END-- [ RunTime:0.018165s ]
INFO: [ app_begin ] --START--
INFO: Run Behavior\ReadHtmlCacheBehavior [ RunTime:0.021727s ]
INFO: [ app_begin ] --END-- [ RunTime:0.021860s ]
SQL: SHOW COLUMNS FROM `tuser` [ RunTime:0.0154s ]
SQL: SELECT * FROM `tuser` ORDER BY tuser_publish LIMIT 10   [ RunTime:0.0212s ]
ERR: Think\Controller:article_today_select方法不存在！

[ 2016-07-13T18:55:37+08:00 ] 123.249.27.192 http://60.173.26.241:61254/80
INFO: [ app_init ] --START--
INFO: Run Behavior\BuildLiteBehavior [ RunTime:0.000035s ]
INFO: [ app_init ] --END-- [ RunTime:0.023828s ]
INFO: [ app_begin ] --START--
INFO: Run Behavior\ReadHtmlCacheBehavior [ RunTime:0.018647s ]
INFO: [ app_begin ] --END-- [ RunTime:0.018763s ]
ERR: 无法加载控制器:80

[ 2016-07-13T18:58:49+08:00 ] 220.132.81.117 smtp.mail.yahoo.com:25
INFO: [ app_init ] --START--
INFO: Run Behavior\BuildLiteBehavior [ RunTime:0.000045s ]
INFO: [ app_init ] --END-- [ RunTime:0.013077s ]
INFO: [ app_begin ] --START--
INFO: Run Behavior\ReadHtmlCacheBehavior [ RunTime:0.018762s ]
INFO: [ app_begin ] --END-- [ RunTime:0.018893s ]
SQL: SHOW COLUMNS FROM `tuser` [ RunTime:0.0191s ]
SQL: SELECT * FROM `tuser` ORDER BY tuser_publish LIMIT 10   [ RunTime:0.0115s ]
ERR: Think\Controller:article_today_select方法不存在！

[ 2016-07-13T19:09:33+08:00 ] 123.249.27.191 http://60.173.26.241:61254/80
INFO: [ app_init ] --START--
INFO: Run Behavior\BuildLiteBehavior [ RunTime:0.000039s ]
INFO: [ app_init ] --END-- [ RunTime:0.012977s ]
INFO: [ app_begin ] --START--
INFO: Run Behavior\ReadHtmlCacheBehavior [ RunTime:0.022158s ]
INFO: [ app_begin ] --END-- [ RunTime:0.022278s ]
ERR: 无法加载控制器:80

[ 2016-07-13T19:11:26+08:00 ] 220.132.81.117 smtp.mail.yahoo.com:25
INFO: [ app_init ] --START--
INFO: Run Behavior\BuildLiteBehavior [ RunTime:0.000032s ]
INFO: [ app_init ] --END-- [ RunTime:0.022681s ]
INFO: [ app_begin ] --START--
INFO: Run Behavior\ReadHtmlCacheBehavior [ RunTime:0.031456s ]
INFO: [ app_begin ] --END-- [ RunTime:0.031564s ]
SQL: SHOW COLUMNS FROM `tuser` [ RunTime:0.0148s ]
SQL: SELECT * FROM `tuser` ORDER BY tuser_publish LIMIT 10   [ RunTime:0.0117s ]
ERR: Think\Controller:article_today_select方法不存在！

[ 2016-07-13T19:23:43+08:00 ] 123.249.27.191 http://60.173.26.241:61254/80
INFO: [ app_init ] --START--
INFO: Run Behavior\BuildLiteBehavior [ RunTime:0.000046s ]
INFO: [ app_init ] --END-- [ RunTime:0.016024s ]
INFO: [ app_begin ] --START--
INFO: Run Behavior\ReadHtmlCacheBehavior [ RunTime:0.023703s ]
INFO: [ app_begin ] --END-- [ RunTime:0.023820s ]
ERR: 无法加载控制器:80

[ 2016-07-13T19:27:26+08:00 ] 121.43.60.240 /manager/html
INFO: [ app_init ] --START--
INFO: Run Behavior\BuildLiteBehavior [ RunTime:0.000041s ]
INFO: [ app_init ] --END-- [ RunTime:0.013829s ]
INFO: [ app_begin ] --START--
INFO: Run Behavior\ReadHtmlCacheBehavior [ RunTime:0.022664s ]
INFO: [ app_begin ] --END-- [ RunTime:0.022789s ]
ERR: 无法加载控制器:Manager

[ 2016-07-13T19:37:23+08:00 ] 123.249.27.193 http://60.173.26.241:61254/80
INFO: [ app_init ] --START--
INFO: Run Behavior\BuildLiteBehavior [ RunTime:0.000041s ]
INFO: [ app_init ] --END-- [ RunTime:0.015865s ]
INFO: [ app_begin ] --START--
INFO: Run Behavior\ReadHtmlCacheBehavior [ RunTime:0.023910s ]
INFO: [ app_begin ] --END-- [ RunTime:0.024035s ]
ERR: 无法加载控制器:80

[ 2016-07-13T19:39:56+08:00 ] 220.132.81.117 smtp.mail.yahoo.com:25
INFO: [ app_init ] --START--
INFO: Run Behavior\BuildLiteBehavior [ RunTime:0.000037s ]
INFO: [ app_init ] --END-- [ RunTime:0.012133s ]
INFO: [ app_begin ] --START--
INFO: Run Behavior\ReadHtmlCacheBehavior [ RunTime:0.018522s ]
INFO: [ app_begin ] --END-- [ RunTime:0.018647s ]
SQL: SHOW COLUMNS FROM `tuser` [ RunTime:0.0006s ]
SQL: SELECT * FROM `tuser` ORDER BY tuser_publish LIMIT 10   [ RunTime:0.0226s ]
ERR: Think\Controller:article_today_select方法不存在！

[ 2016-07-13T19:40:08+08:00 ] 101.200.78.64 /
INFO: [ app_init ] --START--
INFO: Run Behavior\BuildLiteBehavior [ RunTime:0.000035s ]
INFO: [ app_init ] --END-- [ RunTime:0.013814s ]
INFO: [ app_begin ] --START--
INFO: Run Behavior\ReadHtmlCacheBehavior [ RunTime:0.018787s ]
INFO: [ app_begin ] --END-- [ RunTime:0.018911s ]
ERR: Think\Controller:article_today_select方法不存在！

[ 2016-07-13T19:50:50+08:00 ] 69.30.253.59 /
INFO: [ app_init ] --START--
INFO: Run Behavior\BuildLiteBehavior [ RunTime:0.000023s ]
INFO: [ app_init ] --END-- [ RunTime:0.000369s ]
INFO: [ app_begin ] --START--
INFO: Run Behavior\ReadHtmlCacheBehavior [ RunTime:0.033240s ]
INFO: [ app_begin ] --END-- [ RunTime:0.033337s ]
SQL: SHOW COLUMNS FROM `tuser` [ RunTime:0.0075s ]
SQL: SELECT * FROM `tuser` ORDER BY tuser_publish LIMIT 10   [ RunTime:0.0260s ]
ERR: Think\Controller:article_today_select方法不存在！

[ 2016-07-13T19:51:33+08:00 ] 123.249.27.191 http://60.173.26.241:61254/80
INFO: [ app_init ] --START--
INFO: Run Behavior\BuildLiteBehavior [ RunTime:0.000036s ]
INFO: [ app_init ] --END-- [ RunTime:0.028358s ]
INFO: [ app_begin ] --START--
INFO: Run Behavior\ReadHtmlCacheBehavior [ RunTime:0.018696s ]
INFO: [ app_begin ] --END-- [ RunTime:0.018810s ]
ERR: 无法加载控制器:80

[ 2016-07-13T19:54:19+08:00 ] 220.132.81.117 smtp.mail.yahoo.com:25
INFO: [ app_init ] --START--
INFO: Run Behavior\BuildLiteBehavior [ RunTime:0.000037s ]
INFO: [ app_init ] --END-- [ RunTime:0.012885s ]
INFO: [ app_begin ] --START--
INFO: Run Behavior\ReadHtmlCacheBehavior [ RunTime:0.019768s ]
INFO: [ app_begin ] --END-- [ RunTime:0.019911s ]
SQL: SHOW COLUMNS FROM `tuser` [ RunTime:0.0209s ]
SQL: SELECT * FROM `tuser` ORDER BY tuser_publish LIMIT 10   [ RunTime:0.0096s ]
ERR: Think\Controller:article_today_select方法不存在！

[ 2016-07-13T19:55:06+08:00 ] 220.132.81.117 smtp.mail.yahoo.com:25
INFO: [ app_init ] --START--
INFO: Run Behavior\BuildLiteBehavior [ RunTime:0.000021s ]
INFO: [ app_init ] --END-- [ RunTime:0.000360s ]
INFO: [ app_begin ] --START--
INFO: Run Behavior\ReadHtmlCacheBehavior [ RunTime:0.029106s ]
INFO: [ app_begin ] --END-- [ RunTime:0.029196s ]
ERR: Think\Controller:article_today_select方法不存在！

[ 2016-07-13T20:05:27+08:00 ] 123.249.27.191 http://60.173.26.241:61254/80
INFO: [ app_init ] --START--
INFO: Run Behavior\BuildLiteBehavior [ RunTime:0.000046s ]
INFO: [ app_init ] --END-- [ RunTime:0.008123s ]
INFO: [ app_begin ] --START--
INFO: Run Behavior\ReadHtmlCacheBehavior [ RunTime:0.025741s ]
INFO: [ app_begin ] --END-- [ RunTime:0.025851s ]
ERR: 无法加载控制器:80

[ 2016-07-13T20:07:09+08:00 ] 220.132.81.117 smtp.mail.yahoo.com:25
INFO: [ app_init ] --START--
INFO: Run Behavior\BuildLiteBehavior [ RunTime:0.000035s ]
INFO: [ app_init ] --END-- [ RunTime:0.010058s ]
INFO: [ app_begin ] --START--
INFO: Run Behavior\ReadHtmlCacheBehavior [ RunTime:0.035156s ]
INFO: [ app_begin ] --END-- [ RunTime:0.035263s ]
SQL: SHOW COLUMNS FROM `tuser` [ RunTime:0.0240s ]
SQL: SELECT * FROM `tuser` ORDER BY tuser_publish LIMIT 10   [ RunTime:0.0135s ]
ERR: Think\Controller:article_today_select方法不存在！

[ 2016-07-13T20:08:53+08:00 ] 220.132.81.117 smtp.mail.yahoo.com:25
INFO: [ app_init ] --START--
INFO: Run Behavior\BuildLiteBehavior [ RunTime:0.000039s ]
INFO: [ app_init ] --END-- [ RunTime:0.012964s ]
INFO: [ app_begin ] --START--
INFO: Run Behavior\ReadHtmlCacheBehavior [ RunTime:0.021746s ]
INFO: [ app_begin ] --END-- [ RunTime:0.021888s ]
SQL: SHOW COLUMNS FROM `tuser` [ RunTime:0.0281s ]
SQL: SELECT * FROM `tuser` ORDER BY tuser_publish LIMIT 10   [ RunTime:0.0156s ]
ERR: Think\Controller:article_today_select方法不存在！

[ 2016-07-13T20:19:29+08:00 ] 123.249.27.191 http://60.173.26.241:61254/80
INFO: [ app_init ] --START--
INFO: Run Behavior\BuildLiteBehavior [ RunTime:0.000040s ]
INFO: [ app_init ] --END-- [ RunTime:0.018941s ]
INFO: [ app_begin ] --START--
INFO: Run Behavior\ReadHtmlCacheBehavior [ RunTime:0.026245s ]
INFO: [ app_begin ] --END-- [ RunTime:0.026360s ]
ERR: 无法加载控制器:80

[ 2016-07-13T20:21:17+08:00 ] 220.132.81.117 smtp.mail.yahoo.com:25
INFO: [ app_init ] --START--
INFO: Run Behavior\BuildLiteBehavior [ RunTime:0.000036s ]
INFO: [ app_init ] --END-- [ RunTime:0.012965s ]
INFO: [ app_begin ] --START--
INFO: Run Behavior\ReadHtmlCacheBehavior [ RunTime:0.021912s ]
INFO: [ app_begin ] --END-- [ RunTime:0.022039s ]
SQL: SHOW COLUMNS FROM `tuser` [ RunTime:0.0123s ]
SQL: SELECT * FROM `tuser` ORDER BY tuser_publish LIMIT 10   [ RunTime:0.0182s ]
ERR: Think\Controller:article_today_select方法不存在！

[ 2016-07-13T20:33:16+08:00 ] 123.249.27.193 http://60.173.26.241:61254/80
INFO: [ app_init ] --START--
INFO: Run Behavior\BuildLiteBehavior [ RunTime:0.000034s ]
INFO: [ app_init ] --END-- [ RunTime:0.016957s ]
INFO: [ app_begin ] --START--
INFO: Run Behavior\ReadHtmlCacheBehavior [ RunTime:0.018903s ]
INFO: [ app_begin ] --END-- [ RunTime:0.019009s ]
ERR: 无法加载控制器:80

[ 2016-07-13T20:35:42+08:00 ] 220.132.81.117 smtp.mail.yahoo.com:25
INFO: [ app_init ] --START--
INFO: Run Behavior\BuildLiteBehavior [ RunTime:0.000036s ]
INFO: [ app_init ] --END-- [ RunTime:0.013821s ]
INFO: [ app_begin ] --START--
INFO: Run Behavior\ReadHtmlCacheBehavior [ RunTime:0.024845s ]
INFO: [ app_begin ] --END-- [ RunTime:0.024989s ]
SQL: SHOW COLUMNS FROM `tuser` [ RunTime:0.0074s ]
SQL: SELECT * FROM `tuser` ORDER BY tuser_publish LIMIT 10   [ RunTime:0.0201s ]
ERR: Think\Controller:article_today_select方法不存在！

[ 2016-07-13T20:37:46+08:00 ] 220.132.81.117 smtp.mail.yahoo.com:25
INFO: [ app_init ] --START--
INFO: Run Behavior\BuildLiteBehavior [ RunTime:0.000036s ]
INFO: [ app_init ] --END-- [ RunTime:0.012974s ]
INFO: [ app_begin ] --START--
INFO: Run Behavior\ReadHtmlCacheBehavior [ RunTime:0.030623s ]
INFO: [ app_begin ] --END-- [ RunTime:0.030751s ]
SQL: SHOW COLUMNS FROM `tuser` [ RunTime:0.0129s ]
SQL: SELECT * FROM `tuser` ORDER BY tuser_publish LIMIT 10   [ RunTime:0.0146s ]
ERR: Think\Controller:article_today_select方法不存在！

[ 2016-07-13T20:47:05+08:00 ] 123.249.27.192 http://60.173.26.241:61254/80
INFO: [ app_init ] --START--
INFO: Run Behavior\BuildLiteBehavior [ RunTime:0.000038s ]
INFO: [ app_init ] --END-- [ RunTime:0.015970s ]
INFO: [ app_begin ] --START--
INFO: Run Behavior\ReadHtmlCacheBehavior [ RunTime:0.024689s ]
INFO: [ app_begin ] --END-- [ RunTime:0.024809s ]
ERR: 无法加载控制器:80

[ 2016-07-13T20:50:55+08:00 ] 220.132.81.117 smtp.mail.yahoo.com:25
INFO: [ app_init ] --START--
INFO: Run Behavior\BuildLiteBehavior [ RunTime:0.000021s ]
INFO: [ app_init ] --END-- [ RunTime:0.000363s ]
INFO: [ app_begin ] --START--
INFO: Run Behavior\ReadHtmlCacheBehavior [ RunTime:0.037122s ]
INFO: [ app_begin ] --END-- [ RunTime:0.037228s ]
SQL: SHOW COLUMNS FROM `tuser` [ RunTime:0.0219s ]
SQL: SELECT * FROM `tuser` ORDER BY tuser_publish LIMIT 10   [ RunTime:0.0096s ]
ERR: Think\Controller:article_today_select方法不存在！

[ 2016-07-13T21:00:44+08:00 ] 123.249.27.193 http://60.173.26.241:61254/80
INFO: [ app_init ] --START--
INFO: Run Behavior\BuildLiteBehavior [ RunTime:0.000037s ]
INFO: [ app_init ] --END-- [ RunTime:0.012923s ]
INFO: [ app_begin ] --START--
INFO: Run Behavior\ReadHtmlCacheBehavior [ RunTime:0.019809s ]
INFO: [ app_begin ] --END-- [ RunTime:0.019911s ]
ERR: 无法加载控制器:80

[ 2016-07-13T21:03:30+08:00 ] 23.251.51.125 http://domkrim.com/av.php
INFO: [ app_init ] --START--
INFO: Run Behavior\BuildLiteBehavior [ RunTime:0.000044s ]
INFO: [ app_init ] --END-- [ RunTime:0.018646s ]
INFO: [ app_begin ] --START--
INFO: Run Behavior\ReadHtmlCacheBehavior [ RunTime:0.022672s ]
INFO: [ app_begin ] --END-- [ RunTime:0.022805s ]
ERR: 无法加载控制器:Av.php

[ 2016-07-13T21:03:31+08:00 ] 23.251.51.125 www.baidu.com:443
INFO: [ app_init ] --START--
INFO: Run Behavior\BuildLiteBehavior [ RunTime:0.000037s ]
INFO: [ app_init ] --END-- [ RunTime:0.014964s ]
INFO: [ app_begin ] --START--
INFO: Run Behavior\ReadHtmlCacheBehavior [ RunTime:0.022769s ]
INFO: [ app_begin ] --END-- [ RunTime:0.022916s ]
SQL: SHOW COLUMNS FROM `tuser` [ RunTime:0.0083s ]
SQL: SELECT * FROM `tuser` ORDER BY tuser_publish LIMIT 10   [ RunTime:0.0243s ]
ERR: Think\Controller:article_today_select方法不存在！

[ 2016-07-13T21:03:57+08:00 ] 220.132.81.117 smtp.mail.yahoo.com:25
INFO: [ app_init ] --START--
INFO: Run Behavior\BuildLiteBehavior [ RunTime:0.000037s ]
INFO: [ app_init ] --END-- [ RunTime:0.015155s ]
INFO: [ app_begin ] --START--
INFO: Run Behavior\ReadHtmlCacheBehavior [ RunTime:0.018436s ]
INFO: [ app_begin ] --END-- [ RunTime:0.018585s ]
ERR: Think\Controller:article_today_select方法不存在！

[ 2016-07-13T21:05:16+08:00 ] 220.132.81.117 smtp.mail.yahoo.com:25
INFO: [ app_init ] --START--
INFO: Run Behavior\BuildLiteBehavior [ RunTime:0.000036s ]
INFO: [ app_init ] --END-- [ RunTime:0.018959s ]
INFO: [ app_begin ] --START--
INFO: Run Behavior\ReadHtmlCacheBehavior [ RunTime:0.018731s ]
INFO: [ app_begin ] --END-- [ RunTime:0.018858s ]
SQL: SHOW COLUMNS FROM `tuser` [ RunTime:0.0251s ]
SQL: SELECT * FROM `tuser` ORDER BY tuser_publish LIMIT 10   [ RunTime:0.0146s ]
ERR: Think\Controller:article_today_select方法不存在！

[ 2016-07-13T21:14:46+08:00 ] 123.249.27.191 http://60.173.26.241:61254/80
INFO: [ app_init ] --START--
INFO: Run Behavior\BuildLiteBehavior [ RunTime:0.000036s ]
INFO: [ app_init ] --END-- [ RunTime:0.016776s ]
INFO: [ app_begin ] --START--
INFO: Run Behavior\ReadHtmlCacheBehavior [ RunTime:0.018697s ]
INFO: [ app_begin ] --END-- [ RunTime:0.018817s ]
ERR: 无法加载控制器:80

[ 2016-07-13T21:25:43+08:00 ] 93.174.93.136 http://www.baidu.com/cache/global/img/gs.gif
INFO: [ app_init ] --START--
INFO: Run Behavior\BuildLiteBehavior [ RunTime:0.000024s ]
INFO: [ app_init ] --END-- [ RunTime:0.000426s ]

[ 2016-07-13T21:29:48+08:00 ] 45.79.92.171 /
INFO: [ app_init ] --START--
INFO: Run Behavior\BuildLiteBehavior [ RunTime:0.000051s ]
INFO: [ app_init ] --END-- [ RunTime:0.010942s ]
INFO: [ app_begin ] --START--
INFO: Run Behavior\ReadHtmlCacheBehavior [ RunTime:0.018769s ]
INFO: [ app_begin ] --END-- [ RunTime:0.018893s ]
SQL: SHOW COLUMNS FROM `tuser` [ RunTime:0.0074s ]
SQL: SELECT * FROM `tuser` ORDER BY tuser_publish LIMIT 10   [ RunTime:0.0156s ]
ERR: Think\Controller:article_today_select方法不存在！

[ 2016-07-13T21:34:06+08:00 ] 220.132.81.117 smtp.mail.yahoo.com:25
INFO: [ app_init ] --START--
INFO: Run Behavior\BuildLiteBehavior [ RunTime:0.019135s ]
INFO: [ app_init ] --END-- [ RunTime:0.019523s ]
INFO: [ app_begin ] --START--
INFO: Run Behavior\ReadHtmlCacheBehavior [ RunTime:0.020770s ]
INFO: [ app_begin ] --END-- [ RunTime:0.020898s ]
SQL: SHOW COLUMNS FROM `tuser` [ RunTime:0.0228s ]
SQL: SELECT * FROM `tuser` ORDER BY tuser_publish LIMIT 10   [ RunTime:0.0077s ]
ERR: Think\Controller:article_today_select方法不存在！

[ 2016-07-13T21:35:53+08:00 ] 220.132.81.117 smtp.mail.yahoo.com:25
INFO: [ app_init ] --START--
INFO: Run Behavior\BuildLiteBehavior [ RunTime:0.000021s ]
INFO: [ app_init ] --END-- [ RunTime:0.000359s ]
INFO: [ app_begin ] --START--
INFO: Run Behavior\ReadHtmlCacheBehavior [ RunTime:0.032140s ]
INFO: [ app_begin ] --END-- [ RunTime:0.032244s ]
SQL: SHOW COLUMNS FROM `tuser` [ RunTime:0.0148s ]
SQL: SELECT * FROM `tuser` ORDER BY tuser_publish LIMIT 10   [ RunTime:0.0146s ]
ERR: Think\Controller:article_today_select方法不存在！

[ 2016-07-13T21:49:35+08:00 ] 220.132.81.117 smtp.mail.yahoo.com:25
INFO: [ app_init ] --START--
INFO: Run Behavior\BuildLiteBehavior [ RunTime:0.000044s ]
INFO: [ app_init ] --END-- [ RunTime:0.015849s ]
INFO: [ app_begin ] --START--
INFO: Run Behavior\ReadHtmlCacheBehavior [ RunTime:0.024756s ]
INFO: [ app_begin ] --END-- [ RunTime:0.024886s ]
SQL: SHOW COLUMNS FROM `tuser` [ RunTime:0.0075s ]
SQL: SELECT * FROM `tuser` ORDER BY tuser_publish LIMIT 10   [ RunTime:0.0242s ]
ERR: Think\Controller:article_today_select方法不存在！

[ 2016-07-13T22:03:20+08:00 ] 220.132.81.117 smtp.mail.yahoo.com:25
INFO: [ app_init ] --START--
INFO: Run Behavior\BuildLiteBehavior [ RunTime:0.000038s ]
INFO: [ app_init ] --END-- [ RunTime:0.012989s ]
INFO: [ app_begin ] --START--
INFO: Run Behavior\ReadHtmlCacheBehavior [ RunTime:0.019772s ]
INFO: [ app_begin ] --END-- [ RunTime:0.019900s ]
SQL: SHOW COLUMNS FROM `tuser` [ RunTime:0.0197s ]
SQL: SELECT * FROM `tuser` ORDER BY tuser_publish LIMIT 10   [ RunTime:0.0107s ]
ERR: Think\Controller:article_today_select方法不存在！

[ 2016-07-13T22:17:49+08:00 ] 23.251.51.125 http://fr.cyberpods.net/
INFO: [ app_init ] --START--
INFO: Run Behavior\BuildLiteBehavior [ RunTime:0.000040s ]
INFO: [ app_init ] --END-- [ RunTime:0.018942s ]
INFO: [ app_begin ] --START--
INFO: Run Behavior\ReadHtmlCacheBehavior [ RunTime:0.027828s ]
INFO: [ app_begin ] --END-- [ RunTime:0.027961s ]
SQL: SHOW COLUMNS FROM `tuser` [ RunTime:0.0174s ]
SQL: SELECT * FROM `tuser` ORDER BY tuser_publish LIMIT 10   [ RunTime:0.0132s ]
ERR: Think\Controller:article_today_select方法不存在！

[ 2016-07-13T22:17:50+08:00 ] 23.251.51.125 www.baidu.com:443
INFO: [ app_init ] --START--
INFO: Run Behavior\BuildLiteBehavior [ RunTime:0.000037s ]
INFO: [ app_init ] --END-- [ RunTime:0.017935s ]
INFO: [ app_begin ] --START--
INFO: Run Behavior\ReadHtmlCacheBehavior [ RunTime:0.018774s ]
INFO: [ app_begin ] --END-- [ RunTime:0.018905s ]
ERR: Think\Controller:article_today_select方法不存在！

[ 2016-07-13T22:18:00+08:00 ] 220.132.81.117 smtp.mail.yahoo.com:25
INFO: [ app_init ] --START--
INFO: Run Behavior\BuildLiteBehavior [ RunTime:0.000036s ]
INFO: [ app_init ] --END-- [ RunTime:0.013011s ]
INFO: [ app_begin ] --START--
INFO: Run Behavior\ReadHtmlCacheBehavior [ RunTime:0.023734s ]
INFO: [ app_begin ] --END-- [ RunTime:0.023872s ]
ERR: Think\Controller:article_today_select方法不存在！

[ 2016-07-13T22:24:27+08:00 ] 123.249.27.191 http://60.173.26.241:61254/80
INFO: [ app_init ] --START--
INFO: Run Behavior\BuildLiteBehavior [ RunTime:0.000026s ]
INFO: [ app_init ] --END-- [ RunTime:0.008481s ]
INFO: [ app_begin ] --START--
INFO: Run Behavior\ReadHtmlCacheBehavior [ RunTime:0.018710s ]
INFO: [ app_begin ] --END-- [ RunTime:0.018829s ]
ERR: 无法加载控制器:80

[ 2016-07-13T22:33:00+08:00 ] 220.132.81.117 smtp.mail.yahoo.com:25
INFO: [ app_init ] --START--
INFO: Run Behavior\BuildLiteBehavior [ RunTime:0.000033s ]
INFO: [ app_init ] --END-- [ RunTime:0.014338s ]
INFO: [ app_begin ] --START--
INFO: Run Behavior\ReadHtmlCacheBehavior [ RunTime:0.024882s ]
INFO: [ app_begin ] --END-- [ RunTime:0.025009s ]
SQL: SHOW COLUMNS FROM `tuser` [ RunTime:0.0008s ]
SQL: SELECT * FROM `tuser` ORDER BY tuser_publish LIMIT 10   [ RunTime:0.0249s ]
ERR: Think\Controller:article_today_select方法不存在！

[ 2016-07-13T22:38:10+08:00 ] 123.249.27.193 http://60.173.26.241:61254/80
INFO: [ app_init ] --START--
INFO: Run Behavior\BuildLiteBehavior [ RunTime:0.000047s ]
INFO: [ app_init ] --END-- [ RunTime:0.013007s ]
INFO: [ app_begin ] --START--
INFO: Run Behavior\ReadHtmlCacheBehavior [ RunTime:0.027746s ]
INFO: [ app_begin ] --END-- [ RunTime:0.027867s ]
ERR: 无法加载控制器:80

[ 2016-07-13T22:47:26+08:00 ] 220.132.81.117 smtp.mail.yahoo.com:25
INFO: [ app_init ] --START--
INFO: Run Behavior\BuildLiteBehavior [ RunTime:0.000037s ]
INFO: [ app_init ] --END-- [ RunTime:0.014969s ]
INFO: [ app_begin ] --START--
INFO: Run Behavior\ReadHtmlCacheBehavior [ RunTime:0.023774s ]
INFO: [ app_begin ] --END-- [ RunTime:0.023901s ]
SQL: SHOW COLUMNS FROM `tuser` [ RunTime:0.0220s ]
SQL: SELECT * FROM `tuser` ORDER BY tuser_publish LIMIT 10   [ RunTime:0.0145s ]
ERR: Think\Controller:article_today_select方法不存在！

[ 2016-07-13T22:48:52+08:00 ] 220.132.81.117 smtp.mail.yahoo.com:25
INFO: [ app_init ] --START--
INFO: Run Behavior\BuildLiteBehavior [ RunTime:0.000038s ]
INFO: [ app_init ] --END-- [ RunTime:0.012982s ]
INFO: [ app_begin ] --START--
INFO: Run Behavior\ReadHtmlCacheBehavior [ RunTime:0.027124s ]
INFO: [ app_begin ] --END-- [ RunTime:0.027271s ]
SQL: SHOW COLUMNS FROM `tuser` [ RunTime:0.0189s ]
SQL: SELECT * FROM `tuser` ORDER BY tuser_publish LIMIT 10   [ RunTime:0.0086s ]
ERR: Think\Controller:article_today_select方法不存在！

[ 2016-07-13T22:52:04+08:00 ] 123.249.27.192 http://60.173.26.241:61254/80
INFO: [ app_init ] --START--
INFO: Run Behavior\BuildLiteBehavior [ RunTime:0.000044s ]
INFO: [ app_init ] --END-- [ RunTime:0.018007s ]
INFO: [ app_begin ] --START--
INFO: Run Behavior\ReadHtmlCacheBehavior [ RunTime:0.020688s ]
INFO: [ app_begin ] --END-- [ RunTime:0.020806s ]
ERR: 无法加载控制器:80

[ 2016-07-13T23:02:18+08:00 ] 220.132.81.117 smtp.mail.yahoo.com:25
INFO: [ app_init ] --START--
INFO: Run Behavior\BuildLiteBehavior [ RunTime:0.000037s ]
INFO: [ app_init ] --END-- [ RunTime:0.020992s ]
INFO: [ app_begin ] --START--
INFO: Run Behavior\ReadHtmlCacheBehavior [ RunTime:0.024001s ]
INFO: [ app_begin ] --END-- [ RunTime:0.024147s ]
SQL: SHOW COLUMNS FROM `tuser` [ RunTime:0.0218s ]
SQL: SELECT * FROM `tuser` ORDER BY tuser_publish LIMIT 10   [ RunTime:0.0067s ]
ERR: Think\Controller:article_today_select方法不存在！

[ 2016-07-13T23:03:31+08:00 ] 220.132.81.117 smtp.mail.yahoo.com:25
INFO: [ app_init ] --START--
INFO: Run Behavior\BuildLiteBehavior [ RunTime:0.000022s ]
INFO: [ app_init ] --END-- [ RunTime:0.000333s ]
INFO: [ app_begin ] --START--
INFO: Run Behavior\ReadHtmlCacheBehavior [ RunTime:0.012888s ]
INFO: [ app_begin ] --END-- [ RunTime:0.013010s ]
SQL: SHOW COLUMNS FROM `tuser` [ RunTime:0.0007s ]
SQL: SELECT * FROM `tuser` ORDER BY tuser_publish LIMIT 10   [ RunTime:0.0201s ]
ERR: Think\Controller:article_today_select方法不存在！

[ 2016-07-13T23:06:04+08:00 ] 123.249.27.192 http://60.173.26.241:61254/80
INFO: [ app_init ] --START--
INFO: Run Behavior\BuildLiteBehavior [ RunTime:0.000037s ]
INFO: [ app_init ] --END-- [ RunTime:0.012976s ]
INFO: [ app_begin ] --START--
INFO: Run Behavior\ReadHtmlCacheBehavior [ RunTime:0.026024s ]
INFO: [ app_begin ] --END-- [ RunTime:0.026135s ]
ERR: 无法加载控制器:80

[ 2016-07-13T23:20:07+08:00 ] 123.249.27.191 http://60.173.26.241:61254/80
INFO: [ app_init ] --START--
INFO: Run Behavior\BuildLiteBehavior [ RunTime:0.000044s ]
INFO: [ app_init ] --END-- [ RunTime:0.011908s ]
INFO: [ app_begin ] --START--
INFO: Run Behavior\ReadHtmlCacheBehavior [ RunTime:0.019312s ]
INFO: [ app_begin ] --END-- [ RunTime:0.019432s ]
ERR: 无法加载控制器:80

[ 2016-07-13T23:25:24+08:00 ] 23.251.51.125 http://www.sbjudge3.com/azenv.php
INFO: [ app_init ] --START--
INFO: Run Behavior\BuildLiteBehavior [ RunTime:0.000037s ]
INFO: [ app_init ] --END-- [ RunTime:0.013040s ]
INFO: [ app_begin ] --START--
INFO: Run Behavior\ReadHtmlCacheBehavior [ RunTime:0.019855s ]
INFO: [ app_begin ] --END-- [ RunTime:0.019971s ]
ERR: 无法加载控制器:Azenv.php

[ 2016-07-13T23:25:28+08:00 ] 23.251.51.125 www.baidu.com:443
INFO: [ app_init ] --START--
INFO: Run Behavior\BuildLiteBehavior [ RunTime:0.000023s ]
INFO: [ app_init ] --END-- [ RunTime:0.000375s ]
INFO: [ app_begin ] --START--
INFO: Run Behavior\ReadHtmlCacheBehavior [ RunTime:0.000473s ]
INFO: [ app_begin ] --END-- [ RunTime:0.000553s ]
SQL: SHOW COLUMNS FROM `tuser` [ RunTime:0.0210s ]
SQL: SELECT * FROM `tuser` ORDER BY tuser_publish LIMIT 10   [ RunTime:0.0106s ]
ERR: Think\Controller:article_today_select方法不存在！

[ 2016-07-13T23:34:08+08:00 ] 123.249.27.191 http://60.173.26.241:61254/80
INFO: [ app_init ] --START--
INFO: Run Behavior\BuildLiteBehavior [ RunTime:0.000036s ]
INFO: [ app_init ] --END-- [ RunTime:0.012919s ]
INFO: [ app_begin ] --START--
INFO: Run Behavior\ReadHtmlCacheBehavior [ RunTime:0.024658s ]
INFO: [ app_begin ] --END-- [ RunTime:0.024781s ]
ERR: 无法加载控制器:80

[ 2016-07-13T23:43:13+08:00 ] 80.82.78.38 http://www.baidu.com/cache/global/img/gs.gif
INFO: [ app_init ] --START--
INFO: Run Behavior\BuildLiteBehavior [ RunTime:0.000037s ]
INFO: [ app_init ] --END-- [ RunTime:0.009969s ]

