[ 2016-08-31T00:12:17+08:00 ] 163.172.173.181 http://www.baidu.com/cache/global/img/gs.gif
INFO: [ app_init ] --START--
INFO: Run Behavior\BuildLiteBehavior [ RunTime:0.000031s ]
INFO: [ app_init ] --END-- [ RunTime:0.000561s ]

[ 2016-08-31T01:39:08+08:00 ] 152.249.117.183 /
INFO: [ app_init ] --START--
INFO: Run Behavior\BuildLiteBehavior [ RunTime:0.000020s ]
INFO: [ app_init ] --END-- [ RunTime:0.000381s ]
INFO: [ app_begin ] --START--
INFO: Run Behavior\ReadHtmlCacheBehavior [ RunTime:0.000439s ]
INFO: [ app_begin ] --END-- [ RunTime:0.000486s ]
SQL: SHOW COLUMNS FROM `adv` [ RunTime:0.0007s ]
SQL: SHOW COLUMNS FROM `article` [ RunTime:0.0005s ]
SQL: SHOW COLUMNS FROM `user` [ RunTime:0.0007s ]
SQL: SHOW COLUMNS FROM `tuser` [ RunTime:0.0004s ]
SQL: SHOW COLUMNS FROM `tarticle` [ RunTime:0.0006s ]
SQL: SELECT COUNT(*) AS tp_count FROM `article` LIMIT 1   [ RunTime:0.0004s ]
SQL: SELECT * FROM `article` ORDER BY article_update desc LIMIT 0,9   [ RunTime:0.0004s ]
SQL: SHOW COLUMNS FROM `user` [ RunTime:0.0008s ]
SQL: SELECT `user_id`,`user_name`,`user_img` FROM `user` WHERE `user_id` = 807  [ RunTime:0.0002s ]
SQL: SELECT `user_id`,`user_name`,`user_img` FROM `user` WHERE `user_id` = 793  [ RunTime:0.0002s ]
SQL: SELECT `user_id`,`user_name`,`user_img` FROM `user` WHERE `user_id` = 793  [ RunTime:0.0002s ]
SQL: SELECT `user_id`,`user_name`,`user_img` FROM `user` WHERE `user_id` = 811  [ RunTime:0.0002s ]
SQL: SELECT `user_id`,`user_name`,`user_img` FROM `user` WHERE `user_id` = 811  [ RunTime:0.0002s ]
SQL: SELECT `user_id`,`user_name`,`user_img` FROM `user` WHERE `user_id` = 793  [ RunTime:0.0001s ]
SQL: SELECT `user_id`,`user_name`,`user_img` FROM `user` WHERE `user_id` = 793  [ RunTime:0.0001s ]
SQL: SELECT `user_id`,`user_name`,`user_img` FROM `user` WHERE `user_id` = 811  [ RunTime:0.0002s ]
SQL: SELECT `user_id`,`user_name`,`user_img` FROM `user` WHERE `user_id` = 808  [ RunTime:0.0001s ]
SQL: SELECT `user_id`,`user_name`,`user_exp`,`user_img`,`user_brief` FROM `user` ORDER BY user_exp desc LIMIT 4   [ RunTime:0.0002s ]
SQL: SELECT * FROM `tuser` ORDER BY tuser_publish desc LIMIT 10   [ RunTime:0.0001s ]
SQL: SHOW COLUMNS FROM `user` [ RunTime:0.0006s ]
SQL: SELECT * FROM `user` WHERE `user_id` = 793  [ RunTime:0.0002s ]
SQL: SELECT * FROM `user` WHERE `user_id` = 794  [ RunTime:0.0002s ]
SQL: SELECT * FROM `tarticle` ORDER BY tarticle_continue desc LIMIT 10   [ RunTime:0.0002s ]
INFO: [ view_parse ] --START--
INFO: [ template_filter ] --START--
INFO: Run Behavior\ContentReplaceBehavior [ RunTime:0.000121s ]
INFO: [ template_filter ] --END-- [ RunTime:0.000176s ]
NOTIC: [8] Undefined variable: login_info /var/www/html/daixu/Application/Runtime/Cache/Home/e47f4754f315ce581fa03e89eac20acb.php 第 32 行.
NOTIC: [8] Undefined variable: notice_news_num /var/www/html/daixu/Application/Runtime/Cache/Home/e47f4754f315ce581fa03e89eac20acb.php 第 35 行.
NOTIC: [8] Undefined variable: login_info /var/www/html/daixu/Application/Runtime/Cache/Home/e47f4754f315ce581fa03e89eac20acb.php 第 38 行.
NOTIC: [8] Undefined variable: login_info /var/www/html/daixu/Application/Runtime/Cache/Home/e47f4754f315ce581fa03e89eac20acb.php 第 38 行.
NOTIC: [8] Undefined variable: login_info /var/www/html/daixu/Application/Runtime/Cache/Home/e47f4754f315ce581fa03e89eac20acb.php 第 116 行.
NOTIC: [8] Undefined variable: login_info /var/www/html/daixu/Application/Runtime/Cache/Home/e47f4754f315ce581fa03e89eac20acb.php 第 117 行.
NOTIC: [8] Undefined variable: login_info /var/www/html/daixu/Application/Runtime/Cache/Home/e47f4754f315ce581fa03e89eac20acb.php 第 117 行.
NOTIC: [8] Undefined variable: login_info /var/www/html/daixu/Application/Runtime/Cache/Home/e47f4754f315ce581fa03e89eac20acb.php 第 119 行.
NOTIC: [8] Undefined variable: login_info /var/www/html/daixu/Application/Runtime/Cache/Home/e47f4754f315ce581fa03e89eac20acb.php 第 120 行.
NOTIC: [8] Undefined variable: login_info /var/www/html/daixu/Application/Runtime/Cache/Home/e47f4754f315ce581fa03e89eac20acb.php 第 121 行.
INFO: Run Behavior\ParseTemplateBehavior [ RunTime:0.013023s ]
INFO: [ view_parse ] --END-- [ RunTime:0.013069s ]
INFO: [ view_filter ] --START--
INFO: Run Behavior\WriteHtmlCacheBehavior [ RunTime:0.000126s ]
INFO: [ view_filter ] --END-- [ RunTime:0.000163s ]
INFO: [ app_end ] --START--
INFO: Run Behavior\ShowPageTraceBehavior [ RunTime:0.000442s ]
INFO: [ app_end ] --END-- [ RunTime:0.000488s ]

[ 2016-08-31T02:16:09+08:00 ] 114.44.60.138 vip163mx01.mxmail.netease.com:25
INFO: [ app_init ] --START--
INFO: Run Behavior\BuildLiteBehavior [ RunTime:0.000024s ]
INFO: [ app_init ] --END-- [ RunTime:0.000432s ]
INFO: [ app_begin ] --START--
INFO: Run Behavior\ReadHtmlCacheBehavior [ RunTime:0.000450s ]
INFO: [ app_begin ] --END-- [ RunTime:0.000502s ]
SQL: SHOW COLUMNS FROM `adv` [ RunTime:0.0006s ]
SQL: SHOW COLUMNS FROM `article` [ RunTime:0.0006s ]
SQL: SHOW COLUMNS FROM `user` [ RunTime:0.0006s ]
SQL: SHOW COLUMNS FROM `tuser` [ RunTime:0.0005s ]
SQL: SHOW COLUMNS FROM `tarticle` [ RunTime:0.0004s ]
SQL: SELECT COUNT(*) AS tp_count FROM `article` LIMIT 1   [ RunTime:0.0003s ]
SQL: SELECT * FROM `article` ORDER BY article_update desc LIMIT 0,9   [ RunTime:0.0003s ]
SQL: SHOW COLUMNS FROM `user` [ RunTime:0.0006s ]
SQL: SELECT `user_id`,`user_name`,`user_img` FROM `user` WHERE `user_id` = 807  [ RunTime:0.0002s ]
SQL: SELECT `user_id`,`user_name`,`user_img` FROM `user` WHERE `user_id` = 793  [ RunTime:0.0001s ]
SQL: SELECT `user_id`,`user_name`,`user_img` FROM `user` WHERE `user_id` = 793  [ RunTime:0.0002s ]
SQL: SELECT `user_id`,`user_name`,`user_img` FROM `user` WHERE `user_id` = 811  [ RunTime:0.0001s ]
SQL: SELECT `user_id`,`user_name`,`user_img` FROM `user` WHERE `user_id` = 811  [ RunTime:0.0001s ]
SQL: SELECT `user_id`,`user_name`,`user_img` FROM `user` WHERE `user_id` = 793  [ RunTime:0.0001s ]
SQL: SELECT `user_id`,`user_name`,`user_img` FROM `user` WHERE `user_id` = 793  [ RunTime:0.0001s ]
SQL: SELECT `user_id`,`user_name`,`user_img` FROM `user` WHERE `user_id` = 811  [ RunTime:0.0001s ]
SQL: SELECT `user_id`,`user_name`,`user_img` FROM `user` WHERE `user_id` = 808  [ RunTime:0.0001s ]
SQL: SELECT `user_id`,`user_name`,`user_exp`,`user_img`,`user_brief` FROM `user` ORDER BY user_exp desc LIMIT 4   [ RunTime:0.0002s ]
SQL: SELECT * FROM `tuser` ORDER BY tuser_publish desc LIMIT 10   [ RunTime:0.0001s ]
SQL: SHOW COLUMNS FROM `user` [ RunTime:0.0006s ]
SQL: SELECT * FROM `user` WHERE `user_id` = 793  [ RunTime:0.0002s ]
SQL: SELECT * FROM `user` WHERE `user_id` = 794  [ RunTime:0.0002s ]
SQL: SELECT * FROM `tarticle` ORDER BY tarticle_continue desc LIMIT 10   [ RunTime:0.0002s ]
INFO: [ view_parse ] --START--
INFO: [ template_filter ] --START--
INFO: Run Behavior\ContentReplaceBehavior [ RunTime:0.000125s ]
INFO: [ template_filter ] --END-- [ RunTime:0.000193s ]
NOTIC: [8] Undefined variable: login_info /var/www/html/daixu/Application/Runtime/Cache/Home/e47f4754f315ce581fa03e89eac20acb.php 第 32 行.
NOTIC: [8] Undefined variable: notice_news_num /var/www/html/daixu/Application/Runtime/Cache/Home/e47f4754f315ce581fa03e89eac20acb.php 第 35 行.
NOTIC: [8] Undefined variable: login_info /var/www/html/daixu/Application/Runtime/Cache/Home/e47f4754f315ce581fa03e89eac20acb.php 第 38 行.
NOTIC: [8] Undefined variable: login_info /var/www/html/daixu/Application/Runtime/Cache/Home/e47f4754f315ce581fa03e89eac20acb.php 第 38 行.
NOTIC: [8] Undefined variable: login_info /var/www/html/daixu/Application/Runtime/Cache/Home/e47f4754f315ce581fa03e89eac20acb.php 第 116 行.
NOTIC: [8] Undefined variable: login_info /var/www/html/daixu/Application/Runtime/Cache/Home/e47f4754f315ce581fa03e89eac20acb.php 第 117 行.
NOTIC: [8] Undefined variable: login_info /var/www/html/daixu/Application/Runtime/Cache/Home/e47f4754f315ce581fa03e89eac20acb.php 第 117 行.
NOTIC: [8] Undefined variable: login_info /var/www/html/daixu/Application/Runtime/Cache/Home/e47f4754f315ce581fa03e89eac20acb.php 第 119 行.
NOTIC: [8] Undefined variable: login_info /var/www/html/daixu/Application/Runtime/Cache/Home/e47f4754f315ce581fa03e89eac20acb.php 第 120 行.
NOTIC: [8] Undefined variable: login_info /var/www/html/daixu/Application/Runtime/Cache/Home/e47f4754f315ce581fa03e89eac20acb.php 第 121 行.
INFO: Run Behavior\ParseTemplateBehavior [ RunTime:0.016406s ]
INFO: [ view_parse ] --END-- [ RunTime:0.016456s ]
INFO: [ view_filter ] --START--
INFO: Run Behavior\WriteHtmlCacheBehavior [ RunTime:0.000144s ]
INFO: [ view_filter ] --END-- [ RunTime:0.000182s ]
INFO: [ app_end ] --START--
INFO: Run Behavior\ShowPageTraceBehavior [ RunTime:0.000473s ]
INFO: [ app_end ] --END-- [ RunTime:0.000543s ]

[ 2016-08-31T02:34:11+08:00 ] 219.143.205.58 /
INFO: [ app_init ] --START--
INFO: Run Behavior\BuildLiteBehavior [ RunTime:0.000016s ]
INFO: [ app_init ] --END-- [ RunTime:0.000355s ]
INFO: [ app_begin ] --START--
INFO: Run Behavior\ReadHtmlCacheBehavior [ RunTime:0.000355s ]
INFO: [ app_begin ] --END-- [ RunTime:0.000401s ]
SQL: SHOW COLUMNS FROM `adv` [ RunTime:0.0007s ]
SQL: SHOW COLUMNS FROM `article` [ RunTime:0.0005s ]
SQL: SHOW COLUMNS FROM `user` [ RunTime:0.0006s ]
SQL: SHOW COLUMNS FROM `tuser` [ RunTime:0.0004s ]
SQL: SHOW COLUMNS FROM `tarticle` [ RunTime:0.0004s ]
SQL: SELECT COUNT(*) AS tp_count FROM `article` LIMIT 1   [ RunTime:0.0003s ]
SQL: SELECT * FROM `article` ORDER BY article_update desc LIMIT 0,9   [ RunTime:0.0003s ]
SQL: SHOW COLUMNS FROM `user` [ RunTime:0.0007s ]
SQL: SELECT `user_id`,`user_name`,`user_img` FROM `user` WHERE `user_id` = 807  [ RunTime:0.0002s ]
SQL: SELECT `user_id`,`user_name`,`user_img` FROM `user` WHERE `user_id` = 793  [ RunTime:0.0002s ]
SQL: SELECT `user_id`,`user_name`,`user_img` FROM `user` WHERE `user_id` = 793  [ RunTime:0.0002s ]
SQL: SELECT `user_id`,`user_name`,`user_img` FROM `user` WHERE `user_id` = 811  [ RunTime:0.0002s ]
SQL: SELECT `user_id`,`user_name`,`user_img` FROM `user` WHERE `user_id` = 811  [ RunTime:0.0002s ]
SQL: SELECT `user_id`,`user_name`,`user_img` FROM `user` WHERE `user_id` = 793  [ RunTime:0.0001s ]
SQL: SELECT `user_id`,`user_name`,`user_img` FROM `user` WHERE `user_id` = 793  [ RunTime:0.0002s ]
SQL: SELECT `user_id`,`user_name`,`user_img` FROM `user` WHERE `user_id` = 811  [ RunTime:0.0001s ]
SQL: SELECT `user_id`,`user_name`,`user_img` FROM `user` WHERE `user_id` = 808  [ RunTime:0.0001s ]
SQL: SELECT `user_id`,`user_name`,`user_exp`,`user_img`,`user_brief` FROM `user` ORDER BY user_exp desc LIMIT 4   [ RunTime:0.0002s ]
SQL: SELECT * FROM `tuser` ORDER BY tuser_publish desc LIMIT 10   [ RunTime:0.0002s ]
SQL: SHOW COLUMNS FROM `user` [ RunTime:0.0006s ]
SQL: SELECT * FROM `user` WHERE `user_id` = 793  [ RunTime:0.0002s ]
SQL: SELECT * FROM `user` WHERE `user_id` = 794  [ RunTime:0.0002s ]
SQL: SELECT * FROM `tarticle` ORDER BY tarticle_continue desc LIMIT 10   [ RunTime:0.0002s ]
INFO: [ view_parse ] --START--
INFO: [ template_filter ] --START--
INFO: Run Behavior\ContentReplaceBehavior [ RunTime:0.000117s ]
INFO: [ template_filter ] --END-- [ RunTime:0.000172s ]
NOTIC: [8] Undefined variable: login_info /var/www/html/daixu/Application/Runtime/Cache/Home/e47f4754f315ce581fa03e89eac20acb.php 第 32 行.
NOTIC: [8] Undefined variable: notice_news_num /var/www/html/daixu/Application/Runtime/Cache/Home/e47f4754f315ce581fa03e89eac20acb.php 第 35 行.
NOTIC: [8] Undefined variable: login_info /var/www/html/daixu/Application/Runtime/Cache/Home/e47f4754f315ce581fa03e89eac20acb.php 第 38 行.
NOTIC: [8] Undefined variable: login_info /var/www/html/daixu/Application/Runtime/Cache/Home/e47f4754f315ce581fa03e89eac20acb.php 第 38 行.
NOTIC: [8] Undefined variable: login_info /var/www/html/daixu/Application/Runtime/Cache/Home/e47f4754f315ce581fa03e89eac20acb.php 第 116 行.
NOTIC: [8] Undefined variable: login_info /var/www/html/daixu/Application/Runtime/Cache/Home/e47f4754f315ce581fa03e89eac20acb.php 第 117 行.
NOTIC: [8] Undefined variable: login_info /var/www/html/daixu/Application/Runtime/Cache/Home/e47f4754f315ce581fa03e89eac20acb.php 第 117 行.
NOTIC: [8] Undefined variable: login_info /var/www/html/daixu/Application/Runtime/Cache/Home/e47f4754f315ce581fa03e89eac20acb.php 第 119 行.
NOTIC: [8] Undefined variable: login_info /var/www/html/daixu/Application/Runtime/Cache/Home/e47f4754f315ce581fa03e89eac20acb.php 第 120 行.
NOTIC: [8] Undefined variable: login_info /var/www/html/daixu/Application/Runtime/Cache/Home/e47f4754f315ce581fa03e89eac20acb.php 第 121 行.
INFO: Run Behavior\ParseTemplateBehavior [ RunTime:0.017194s ]
INFO: [ view_parse ] --END-- [ RunTime:0.017246s ]
INFO: [ view_filter ] --START--
INFO: Run Behavior\WriteHtmlCacheBehavior [ RunTime:0.000152s ]
INFO: [ view_filter ] --END-- [ RunTime:0.000204s ]
INFO: [ app_end ] --START--
INFO: Run Behavior\ShowPageTraceBehavior [ RunTime:0.000476s ]
INFO: [ app_end ] --END-- [ RunTime:0.000522s ]

[ 2016-08-31T04:44:52+08:00 ] 123.59.59.52 http://www.qyer.com/
INFO: [ app_init ] --START--
INFO: Run Behavior\BuildLiteBehavior [ RunTime:0.000025s ]
INFO: [ app_init ] --END-- [ RunTime:0.000375s ]
INFO: [ app_begin ] --START--
INFO: Run Behavior\ReadHtmlCacheBehavior [ RunTime:0.000572s ]
INFO: [ app_begin ] --END-- [ RunTime:0.000666s ]
SQL: SHOW COLUMNS FROM `adv` [ RunTime:0.0007s ]
SQL: SHOW COLUMNS FROM `article` [ RunTime:0.0005s ]
SQL: SHOW COLUMNS FROM `user` [ RunTime:0.0007s ]
SQL: SHOW COLUMNS FROM `tuser` [ RunTime:0.0004s ]
SQL: SHOW COLUMNS FROM `tarticle` [ RunTime:0.0004s ]
SQL: SELECT COUNT(*) AS tp_count FROM `article` LIMIT 1   [ RunTime:0.0003s ]
SQL: SELECT * FROM `article` ORDER BY article_update desc LIMIT 0,9   [ RunTime:0.0003s ]
SQL: SHOW COLUMNS FROM `user` [ RunTime:0.0006s ]
SQL: SELECT `user_id`,`user_name`,`user_img` FROM `user` WHERE `user_id` = 807  [ RunTime:0.0002s ]
SQL: SELECT `user_id`,`user_name`,`user_img` FROM `user` WHERE `user_id` = 793  [ RunTime:0.0002s ]
SQL: SELECT `user_id`,`user_name`,`user_img` FROM `user` WHERE `user_id` = 793  [ RunTime:0.0001s ]
SQL: SELECT `user_id`,`user_name`,`user_img` FROM `user` WHERE `user_id` = 811  [ RunTime:0.0001s ]
SQL: SELECT `user_id`,`user_name`,`user_img` FROM `user` WHERE `user_id` = 811  [ RunTime:0.0001s ]
SQL: SELECT `user_id`,`user_name`,`user_img` FROM `user` WHERE `user_id` = 793  [ RunTime:0.0001s ]
SQL: SELECT `user_id`,`user_name`,`user_img` FROM `user` WHERE `user_id` = 793  [ RunTime:0.0001s ]
SQL: SELECT `user_id`,`user_name`,`user_img` FROM `user` WHERE `user_id` = 811  [ RunTime:0.0001s ]
SQL: SELECT `user_id`,`user_name`,`user_img` FROM `user` WHERE `user_id` = 808  [ RunTime:0.0002s ]
SQL: SELECT `user_id`,`user_name`,`user_exp`,`user_img`,`user_brief` FROM `user` ORDER BY user_exp desc LIMIT 4   [ RunTime:0.0002s ]
SQL: SELECT * FROM `tuser` ORDER BY tuser_publish desc LIMIT 10   [ RunTime:0.0001s ]
SQL: SHOW COLUMNS FROM `user` [ RunTime:0.0006s ]
SQL: SELECT * FROM `user` WHERE `user_id` = 793  [ RunTime:0.0002s ]
SQL: SELECT * FROM `user` WHERE `user_id` = 794  [ RunTime:0.0002s ]
SQL: SELECT * FROM `tarticle` ORDER BY tarticle_continue desc LIMIT 10   [ RunTime:0.0002s ]
INFO: [ view_parse ] --START--
INFO: [ template_filter ] --START--
INFO: Run Behavior\ContentReplaceBehavior [ RunTime:0.000129s ]
INFO: [ template_filter ] --END-- [ RunTime:0.000178s ]
NOTIC: [8] Undefined variable: login_info /var/www/html/daixu/Application/Runtime/Cache/Home/e47f4754f315ce581fa03e89eac20acb.php 第 32 行.
NOTIC: [8] Undefined variable: notice_news_num /var/www/html/daixu/Application/Runtime/Cache/Home/e47f4754f315ce581fa03e89eac20acb.php 第 35 行.
NOTIC: [8] Undefined variable: login_info /var/www/html/daixu/Application/Runtime/Cache/Home/e47f4754f315ce581fa03e89eac20acb.php 第 38 行.
NOTIC: [8] Undefined variable: login_info /var/www/html/daixu/Application/Runtime/Cache/Home/e47f4754f315ce581fa03e89eac20acb.php 第 38 行.
NOTIC: [8] Undefined variable: login_info /var/www/html/daixu/Application/Runtime/Cache/Home/e47f4754f315ce581fa03e89eac20acb.php 第 116 行.
NOTIC: [8] Undefined variable: login_info /var/www/html/daixu/Application/Runtime/Cache/Home/e47f4754f315ce581fa03e89eac20acb.php 第 117 行.
NOTIC: [8] Undefined variable: login_info /var/www/html/daixu/Application/Runtime/Cache/Home/e47f4754f315ce581fa03e89eac20acb.php 第 117 行.
NOTIC: [8] Undefined variable: login_info /var/www/html/daixu/Application/Runtime/Cache/Home/e47f4754f315ce581fa03e89eac20acb.php 第 119 行.
NOTIC: [8] Undefined variable: login_info /var/www/html/daixu/Application/Runtime/Cache/Home/e47f4754f315ce581fa03e89eac20acb.php 第 120 行.
NOTIC: [8] Undefined variable: login_info /var/www/html/daixu/Application/Runtime/Cache/Home/e47f4754f315ce581fa03e89eac20acb.php 第 121 行.
INFO: Run Behavior\ParseTemplateBehavior [ RunTime:0.012844s ]
INFO: [ view_parse ] --END-- [ RunTime:0.012889s ]
INFO: [ view_filter ] --START--
INFO: Run Behavior\WriteHtmlCacheBehavior [ RunTime:0.000133s ]
INFO: [ view_filter ] --END-- [ RunTime:0.000184s ]
INFO: [ app_end ] --START--
INFO: Run Behavior\ShowPageTraceBehavior [ RunTime:0.000399s ]
INFO: [ app_end ] --END-- [ RunTime:0.000445s ]

[ 2016-08-31T04:45:15+08:00 ] 107.151.202.23 http://www.sbjudge2.com/azenv.php
INFO: [ app_init ] --START--
INFO: Run Behavior\BuildLiteBehavior [ RunTime:0.000017s ]
INFO: [ app_init ] --END-- [ RunTime:0.000342s ]
INFO: [ app_begin ] --START--
INFO: Run Behavior\ReadHtmlCacheBehavior [ RunTime:0.000421s ]
INFO: [ app_begin ] --END-- [ RunTime:0.000466s ]
ERR: 无法加载控制器:Azenv.php

[ 2016-08-31T04:45:16+08:00 ] 107.151.202.23 www.baidu.com:443
INFO: [ app_init ] --START--
INFO: Run Behavior\BuildLiteBehavior [ RunTime:0.000014s ]
INFO: [ app_init ] --END-- [ RunTime:0.000338s ]
INFO: [ app_begin ] --START--
INFO: Run Behavior\ReadHtmlCacheBehavior [ RunTime:0.000341s ]
INFO: [ app_begin ] --END-- [ RunTime:0.000387s ]
SQL: SHOW COLUMNS FROM `adv` [ RunTime:0.0006s ]
SQL: SHOW COLUMNS FROM `article` [ RunTime:0.0005s ]
SQL: SHOW COLUMNS FROM `user` [ RunTime:0.0006s ]
SQL: SHOW COLUMNS FROM `tuser` [ RunTime:0.0004s ]
SQL: SHOW COLUMNS FROM `tarticle` [ RunTime:0.0004s ]
SQL: SELECT COUNT(*) AS tp_count FROM `article` LIMIT 1   [ RunTime:0.0003s ]
SQL: SELECT * FROM `article` ORDER BY article_update desc LIMIT 0,9   [ RunTime:0.0003s ]
SQL: SHOW COLUMNS FROM `user` [ RunTime:0.0006s ]
SQL: SELECT `user_id`,`user_name`,`user_img` FROM `user` WHERE `user_id` = 807  [ RunTime:0.0002s ]
SQL: SELECT `user_id`,`user_name`,`user_img` FROM `user` WHERE `user_id` = 793  [ RunTime:0.0001s ]
SQL: SELECT `user_id`,`user_name`,`user_img` FROM `user` WHERE `user_id` = 793  [ RunTime:0.0001s ]
SQL: SELECT `user_id`,`user_name`,`user_img` FROM `user` WHERE `user_id` = 811  [ RunTime:0.0001s ]
SQL: SELECT `user_id`,`user_name`,`user_img` FROM `user` WHERE `user_id` = 811  [ RunTime:0.0001s ]
SQL: SELECT `user_id`,`user_name`,`user_img` FROM `user` WHERE `user_id` = 793  [ RunTime:0.0001s ]
SQL: SELECT `user_id`,`user_name`,`user_img` FROM `user` WHERE `user_id` = 793  [ RunTime:0.0001s ]
SQL: SELECT `user_id`,`user_name`,`user_img` FROM `user` WHERE `user_id` = 811  [ RunTime:0.0002s ]
SQL: SELECT `user_id`,`user_name`,`user_img` FROM `user` WHERE `user_id` = 808  [ RunTime:0.0001s ]
INFO: [ view_parse ] --START--
INFO: [ template_filter ] --START--
INFO: Run Behavior\ContentReplaceBehavior [ RunTime:0.000107s ]
INFO: [ template_filter ] --END-- [ RunTime:0.000157s ]
NOTIC: [8] Undefined variable: login_info /var/www/html/daixu/Application/Runtime/Cache/Home/e47f4754f315ce581fa03e89eac20acb.php 第 32 行.
NOTIC: [8] Undefined variable: notice_news_num /var/www/html/daixu/Application/Runtime/Cache/Home/e47f4754f315ce581fa03e89eac20acb.php 第 35 行.
NOTIC: [8] Undefined variable: login_info /var/www/html/daixu/Application/Runtime/Cache/Home/e47f4754f315ce581fa03e89eac20acb.php 第 38 行.
NOTIC: [8] Undefined variable: login_info /var/www/html/daixu/Application/Runtime/Cache/Home/e47f4754f315ce581fa03e89eac20acb.php 第 38 行.
NOTIC: [8] Undefined variable: login_info /var/www/html/daixu/Application/Runtime/Cache/Home/e47f4754f315ce581fa03e89eac20acb.php 第 116 行.
NOTIC: [8] Undefined variable: login_info /var/www/html/daixu/Application/Runtime/Cache/Home/e47f4754f315ce581fa03e89eac20acb.php 第 117 行.
NOTIC: [8] Undefined variable: login_info /var/www/html/daixu/Application/Runtime/Cache/Home/e47f4754f315ce581fa03e89eac20acb.php 第 117 行.
NOTIC: [8] Undefined variable: login_info /var/www/html/daixu/Application/Runtime/Cache/Home/e47f4754f315ce581fa03e89eac20acb.php 第 119 行.
NOTIC: [8] Undefined variable: login_info /var/www/html/daixu/Application/Runtime/Cache/Home/e47f4754f315ce581fa03e89eac20acb.php 第 120 行.
NOTIC: [8] Undefined variable: login_info /var/www/html/daixu/Application/Runtime/Cache/Home/e47f4754f315ce581fa03e89eac20acb.php 第 121 行.
INFO: Run Behavior\ParseTemplateBehavior [ RunTime:0.012804s ]
INFO: [ view_parse ] --END-- [ RunTime:0.012903s ]
INFO: [ view_filter ] --START--
INFO: Run Behavior\WriteHtmlCacheBehavior [ RunTime:0.000124s ]
INFO: [ view_filter ] --END-- [ RunTime:0.000162s ]
INFO: [ app_end ] --START--
INFO: Run Behavior\ShowPageTraceBehavior [ RunTime:0.000430s ]
INFO: [ app_end ] --END-- [ RunTime:0.000475s ]

[ 2016-08-31T07:06:58+08:00 ] 107.151.202.23 http://domkrim.com/av.php
INFO: [ app_init ] --START--
INFO: Run Behavior\BuildLiteBehavior [ RunTime:0.000015s ]
INFO: [ app_init ] --END-- [ RunTime:0.000311s ]
INFO: [ app_begin ] --START--
INFO: Run Behavior\ReadHtmlCacheBehavior [ RunTime:0.000422s ]
INFO: [ app_begin ] --END-- [ RunTime:0.000468s ]
ERR: 无法加载控制器:Av.php

[ 2016-08-31T07:06:58+08:00 ] 107.151.202.23 www.baidu.com:443
INFO: [ app_init ] --START--
INFO: Run Behavior\BuildLiteBehavior [ RunTime:0.000017s ]
INFO: [ app_init ] --END-- [ RunTime:0.000342s ]
INFO: [ app_begin ] --START--
INFO: Run Behavior\ReadHtmlCacheBehavior [ RunTime:0.000350s ]
INFO: [ app_begin ] --END-- [ RunTime:0.000395s ]
SQL: SHOW COLUMNS FROM `adv` [ RunTime:0.0007s ]
SQL: SHOW COLUMNS FROM `article` [ RunTime:0.0005s ]
SQL: SHOW COLUMNS FROM `user` [ RunTime:0.0006s ]
SQL: SHOW COLUMNS FROM `tuser` [ RunTime:0.0004s ]
SQL: SHOW COLUMNS FROM `tarticle` [ RunTime:0.0004s ]
SQL: SELECT COUNT(*) AS tp_count FROM `article` LIMIT 1   [ RunTime:0.0003s ]
SQL: SELECT * FROM `article` ORDER BY article_update desc LIMIT 0,9   [ RunTime:0.0003s ]
SQL: SHOW COLUMNS FROM `user` [ RunTime:0.0006s ]
SQL: SELECT `user_id`,`user_name`,`user_img` FROM `user` WHERE `user_id` = 807  [ RunTime:0.0002s ]
SQL: SELECT `user_id`,`user_name`,`user_img` FROM `user` WHERE `user_id` = 793  [ RunTime:0.0002s ]
SQL: SELECT `user_id`,`user_name`,`user_img` FROM `user` WHERE `user_id` = 793  [ RunTime:0.0001s ]
SQL: SELECT `user_id`,`user_name`,`user_img` FROM `user` WHERE `user_id` = 811  [ RunTime:0.0001s ]
SQL: SELECT `user_id`,`user_name`,`user_img` FROM `user` WHERE `user_id` = 811  [ RunTime:0.0001s ]
SQL: SELECT `user_id`,`user_name`,`user_img` FROM `user` WHERE `user_id` = 793  [ RunTime:0.0001s ]
SQL: SELECT `user_id`,`user_name`,`user_img` FROM `user` WHERE `user_id` = 793  [ RunTime:0.0001s ]
SQL: SELECT `user_id`,`user_name`,`user_img` FROM `user` WHERE `user_id` = 811  [ RunTime:0.0001s ]
SQL: SELECT `user_id`,`user_name`,`user_img` FROM `user` WHERE `user_id` = 808  [ RunTime:0.0001s ]
SQL: SELECT `user_id`,`user_name`,`user_exp`,`user_img`,`user_brief` FROM `user` ORDER BY user_exp desc LIMIT 4   [ RunTime:0.0002s ]
SQL: SELECT * FROM `tuser` ORDER BY tuser_publish desc LIMIT 10   [ RunTime:0.0001s ]
SQL: SHOW COLUMNS FROM `user` [ RunTime:0.0006s ]
SQL: SELECT * FROM `user` WHERE `user_id` = 793  [ RunTime:0.0006s ]
SQL: SELECT * FROM `user` WHERE `user_id` = 794  [ RunTime:0.0002s ]
SQL: SELECT * FROM `tarticle` ORDER BY tarticle_continue desc LIMIT 10   [ RunTime:0.0002s ]
INFO: [ view_parse ] --START--
INFO: [ template_filter ] --START--
INFO: Run Behavior\ContentReplaceBehavior [ RunTime:0.000114s ]
INFO: [ template_filter ] --END-- [ RunTime:0.000190s ]
NOTIC: [8] Undefined variable: login_info /var/www/html/daixu/Application/Runtime/Cache/Home/e47f4754f315ce581fa03e89eac20acb.php 第 32 行.
NOTIC: [8] Undefined variable: notice_news_num /var/www/html/daixu/Application/Runtime/Cache/Home/e47f4754f315ce581fa03e89eac20acb.php 第 35 行.
NOTIC: [8] Undefined variable: login_info /var/www/html/daixu/Application/Runtime/Cache/Home/e47f4754f315ce581fa03e89eac20acb.php 第 38 行.
NOTIC: [8] Undefined variable: login_info /var/www/html/daixu/Application/Runtime/Cache/Home/e47f4754f315ce581fa03e89eac20acb.php 第 38 行.
NOTIC: [8] Undefined variable: login_info /var/www/html/daixu/Application/Runtime/Cache/Home/e47f4754f315ce581fa03e89eac20acb.php 第 116 行.
NOTIC: [8] Undefined variable: login_info /var/www/html/daixu/Application/Runtime/Cache/Home/e47f4754f315ce581fa03e89eac20acb.php 第 117 行.
NOTIC: [8] Undefined variable: login_info /var/www/html/daixu/Application/Runtime/Cache/Home/e47f4754f315ce581fa03e89eac20acb.php 第 117 行.
NOTIC: [8] Undefined variable: login_info /var/www/html/daixu/Application/Runtime/Cache/Home/e47f4754f315ce581fa03e89eac20acb.php 第 119 行.
NOTIC: [8] Undefined variable: login_info /var/www/html/daixu/Application/Runtime/Cache/Home/e47f4754f315ce581fa03e89eac20acb.php 第 120 行.
NOTIC: [8] Undefined variable: login_info /var/www/html/daixu/Application/Runtime/Cache/Home/e47f4754f315ce581fa03e89eac20acb.php 第 121 行.
INFO: Run Behavior\ParseTemplateBehavior [ RunTime:0.013328s ]
INFO: [ view_parse ] --END-- [ RunTime:0.013385s ]
INFO: [ view_filter ] --START--
INFO: Run Behavior\WriteHtmlCacheBehavior [ RunTime:0.000186s ]
INFO: [ view_filter ] --END-- [ RunTime:0.000224s ]
INFO: [ app_end ] --START--
INFO: Run Behavior\ShowPageTraceBehavior [ RunTime:0.000409s ]
INFO: [ app_end ] --END-- [ RunTime:0.000455s ]

[ 2016-08-31T08:22:38+08:00 ] 112.126.82.197 /phpmyadmin
INFO: [ app_init ] --START--
INFO: Run Behavior\BuildLiteBehavior [ RunTime:0.000025s ]
INFO: [ app_init ] --END-- [ RunTime:0.000421s ]
INFO: [ app_begin ] --START--
INFO: Run Behavior\ReadHtmlCacheBehavior [ RunTime:0.000552s ]
INFO: [ app_begin ] --END-- [ RunTime:0.000600s ]
ERR: 无法加载控制器:Phpmyadmin

[ 2016-08-31T08:45:38+08:00 ] 42.156.251.188 /Daixu/view_login
INFO: [ app_init ] --START--
INFO: Run Behavior\BuildLiteBehavior [ RunTime:0.000029s ]
INFO: [ app_init ] --END-- [ RunTime:0.000536s ]
INFO: [ app_begin ] --START--
INFO: Run Behavior\ReadHtmlCacheBehavior [ RunTime:0.000463s ]
INFO: [ app_begin ] --END-- [ RunTime:0.000513s ]
INFO: [ view_parse ] --START--
INFO: [ template_filter ] --START--
INFO: Run Behavior\ContentReplaceBehavior [ RunTime:0.000064s ]
INFO: [ template_filter ] --END-- [ RunTime:0.000123s ]
INFO: Run Behavior\ParseTemplateBehavior [ RunTime:0.005517s ]
INFO: [ view_parse ] --END-- [ RunTime:0.005569s ]
INFO: [ view_filter ] --START--
INFO: Run Behavior\WriteHtmlCacheBehavior [ RunTime:0.000122s ]
INFO: [ view_filter ] --END-- [ RunTime:0.000158s ]
INFO: [ app_end ] --START--
INFO: Run Behavior\ShowPageTraceBehavior [ RunTime:0.000405s ]
INFO: [ app_end ] --END-- [ RunTime:0.000451s ]

[ 2016-08-31T09:28:58+08:00 ] 107.151.202.23 http://www.luisaranguren.com/azenv.php
INFO: [ app_init ] --START--
INFO: Run Behavior\BuildLiteBehavior [ RunTime:0.000015s ]
INFO: [ app_init ] --END-- [ RunTime:0.000280s ]
INFO: [ app_begin ] --START--
INFO: Run Behavior\ReadHtmlCacheBehavior [ RunTime:0.000346s ]
INFO: [ app_begin ] --END-- [ RunTime:0.000391s ]
ERR: 无法加载控制器:Azenv.php

[ 2016-08-31T09:28:59+08:00 ] 107.151.202.23 www.baidu.com:443
INFO: [ app_init ] --START--
INFO: Run Behavior\BuildLiteBehavior [ RunTime:0.000016s ]
INFO: [ app_init ] --END-- [ RunTime:0.000407s ]
INFO: [ app_begin ] --START--
INFO: Run Behavior\ReadHtmlCacheBehavior [ RunTime:0.000381s ]
INFO: [ app_begin ] --END-- [ RunTime:0.000428s ]
SQL: SHOW COLUMNS FROM `adv` [ RunTime:0.0006s ]
SQL: SHOW COLUMNS FROM `article` [ RunTime:0.0005s ]
SQL: SHOW COLUMNS FROM `user` [ RunTime:0.0006s ]
SQL: SHOW COLUMNS FROM `tuser` [ RunTime:0.0004s ]
SQL: SHOW COLUMNS FROM `tarticle` [ RunTime:0.0004s ]
SQL: SELECT COUNT(*) AS tp_count FROM `article` LIMIT 1   [ RunTime:0.0003s ]
SQL: SELECT * FROM `article` ORDER BY article_update desc LIMIT 0,9   [ RunTime:0.0004s ]
SQL: SHOW COLUMNS FROM `user` [ RunTime:0.0006s ]
SQL: SELECT `user_id`,`user_name`,`user_img` FROM `user` WHERE `user_id` = 807  [ RunTime:0.0002s ]
SQL: SELECT `user_id`,`user_name`,`user_img` FROM `user` WHERE `user_id` = 793  [ RunTime:0.0001s ]
SQL: SELECT `user_id`,`user_name`,`user_img` FROM `user` WHERE `user_id` = 793  [ RunTime:0.0002s ]
SQL: SELECT `user_id`,`user_name`,`user_img` FROM `user` WHERE `user_id` = 811  [ RunTime:0.0001s ]
SQL: SELECT `user_id`,`user_name`,`user_img` FROM `user` WHERE `user_id` = 811  [ RunTime:0.0001s ]
SQL: SELECT `user_id`,`user_name`,`user_img` FROM `user` WHERE `user_id` = 793  [ RunTime:0.0002s ]
SQL: SELECT `user_id`,`user_name`,`user_img` FROM `user` WHERE `user_id` = 793  [ RunTime:0.0001s ]
SQL: SELECT `user_id`,`user_name`,`user_img` FROM `user` WHERE `user_id` = 811  [ RunTime:0.0001s ]
SQL: SELECT `user_id`,`user_name`,`user_img` FROM `user` WHERE `user_id` = 808  [ RunTime:0.0001s ]
SQL: SELECT `user_id`,`user_name`,`user_exp`,`user_img`,`user_brief` FROM `user` ORDER BY user_exp desc LIMIT 4   [ RunTime:0.0002s ]
SQL: SELECT * FROM `tuser` ORDER BY tuser_publish desc LIMIT 10   [ RunTime:0.0001s ]
SQL: SHOW COLUMNS FROM `user` [ RunTime:0.0006s ]
SQL: SELECT * FROM `user` WHERE `user_id` = 793  [ RunTime:0.0002s ]
SQL: SELECT * FROM `user` WHERE `user_id` = 794  [ RunTime:0.0002s ]
SQL: SELECT * FROM `tarticle` ORDER BY tarticle_continue desc LIMIT 10   [ RunTime:0.0002s ]
INFO: [ view_parse ] --START--
INFO: [ template_filter ] --START--
INFO: Run Behavior\ContentReplaceBehavior [ RunTime:0.000112s ]
INFO: [ template_filter ] --END-- [ RunTime:0.000162s ]
NOTIC: [8] Undefined variable: login_info /var/www/html/daixu/Application/Runtime/Cache/Home/e47f4754f315ce581fa03e89eac20acb.php 第 32 行.
NOTIC: [8] Undefined variable: notice_news_num /var/www/html/daixu/Application/Runtime/Cache/Home/e47f4754f315ce581fa03e89eac20acb.php 第 35 行.
NOTIC: [8] Undefined variable: login_info /var/www/html/daixu/Application/Runtime/Cache/Home/e47f4754f315ce581fa03e89eac20acb.php 第 38 行.
NOTIC: [8] Undefined variable: login_info /var/www/html/daixu/Application/Runtime/Cache/Home/e47f4754f315ce581fa03e89eac20acb.php 第 38 行.
NOTIC: [8] Undefined variable: login_info /var/www/html/daixu/Application/Runtime/Cache/Home/e47f4754f315ce581fa03e89eac20acb.php 第 116 行.
NOTIC: [8] Undefined variable: login_info /var/www/html/daixu/Application/Runtime/Cache/Home/e47f4754f315ce581fa03e89eac20acb.php 第 117 行.
NOTIC: [8] Undefined variable: login_info /var/www/html/daixu/Application/Runtime/Cache/Home/e47f4754f315ce581fa03e89eac20acb.php 第 117 行.
NOTIC: [8] Undefined variable: login_info /var/www/html/daixu/Application/Runtime/Cache/Home/e47f4754f315ce581fa03e89eac20acb.php 第 119 行.
NOTIC: [8] Undefined variable: login_info /var/www/html/daixu/Application/Runtime/Cache/Home/e47f4754f315ce581fa03e89eac20acb.php 第 120 行.
NOTIC: [8] Undefined variable: login_info /var/www/html/daixu/Application/Runtime/Cache/Home/e47f4754f315ce581fa03e89eac20acb.php 第 121 行.
INFO: Run Behavior\ParseTemplateBehavior [ RunTime:0.013157s ]
INFO: [ view_parse ] --END-- [ RunTime:0.013207s ]
INFO: [ view_filter ] --START--
INFO: Run Behavior\WriteHtmlCacheBehavior [ RunTime:0.000125s ]
INFO: [ view_filter ] --END-- [ RunTime:0.000163s ]
INFO: [ app_end ] --START--
INFO: Run Behavior\ShowPageTraceBehavior [ RunTime:0.000458s ]
INFO: [ app_end ] --END-- [ RunTime:0.000504s ]

[ 2016-08-31T11:01:10+08:00 ] 112.74.206.117 /?v=8
INFO: [ app_init ] --START--
INFO: Run Behavior\BuildLiteBehavior [ RunTime:0.000016s ]
INFO: [ app_init ] --END-- [ RunTime:0.000342s ]
INFO: [ app_begin ] --START--
INFO: Run Behavior\ReadHtmlCacheBehavior [ RunTime:0.000349s ]
INFO: [ app_begin ] --END-- [ RunTime:0.000394s ]
SQL: SHOW COLUMNS FROM `adv` [ RunTime:0.0007s ]
SQL: SHOW COLUMNS FROM `article` [ RunTime:0.0005s ]
SQL: SHOW COLUMNS FROM `user` [ RunTime:0.0006s ]
SQL: SHOW COLUMNS FROM `tuser` [ RunTime:0.0004s ]
SQL: SHOW COLUMNS FROM `tarticle` [ RunTime:0.0004s ]
SQL: SELECT COUNT(*) AS tp_count FROM `article` LIMIT 1   [ RunTime:0.0003s ]
SQL: SELECT * FROM `article` ORDER BY article_update desc LIMIT 0,9   [ RunTime:0.0003s ]
SQL: SHOW COLUMNS FROM `user` [ RunTime:0.0006s ]
SQL: SELECT `user_id`,`user_name`,`user_img` FROM `user` WHERE `user_id` = 807  [ RunTime:0.0002s ]
SQL: SELECT `user_id`,`user_name`,`user_img` FROM `user` WHERE `user_id` = 793  [ RunTime:0.0002s ]
SQL: SELECT `user_id`,`user_name`,`user_img` FROM `user` WHERE `user_id` = 793  [ RunTime:0.0002s ]
SQL: SELECT `user_id`,`user_name`,`user_img` FROM `user` WHERE `user_id` = 811  [ RunTime:0.0001s ]
SQL: SELECT `user_id`,`user_name`,`user_img` FROM `user` WHERE `user_id` = 811  [ RunTime:0.0001s ]
SQL: SELECT `user_id`,`user_name`,`user_img` FROM `user` WHERE `user_id` = 793  [ RunTime:0.0001s ]
SQL: SELECT `user_id`,`user_name`,`user_img` FROM `user` WHERE `user_id` = 793  [ RunTime:0.0002s ]
SQL: SELECT `user_id`,`user_name`,`user_img` FROM `user` WHERE `user_id` = 811  [ RunTime:0.0001s ]
SQL: SELECT `user_id`,`user_name`,`user_img` FROM `user` WHERE `user_id` = 808  [ RunTime:0.0001s ]
SQL: SELECT `user_id`,`user_name`,`user_exp`,`user_img`,`user_brief` FROM `user` ORDER BY user_exp desc LIMIT 4   [ RunTime:0.0002s ]
SQL: SELECT * FROM `tuser` ORDER BY tuser_publish desc LIMIT 10   [ RunTime:0.0002s ]
SQL: SHOW COLUMNS FROM `user` [ RunTime:0.0006s ]
SQL: SELECT * FROM `user` WHERE `user_id` = 793  [ RunTime:0.0002s ]
SQL: SELECT * FROM `user` WHERE `user_id` = 794  [ RunTime:0.0002s ]
SQL: SELECT * FROM `tarticle` ORDER BY tarticle_continue desc LIMIT 10   [ RunTime:0.0002s ]
INFO: [ view_parse ] --START--
INFO: [ template_filter ] --START--
INFO: Run Behavior\ContentReplaceBehavior [ RunTime:0.000151s ]
INFO: [ template_filter ] --END-- [ RunTime:0.000262s ]
NOTIC: [8] Undefined variable: login_info /var/www/html/daixu/Application/Runtime/Cache/Home/e47f4754f315ce581fa03e89eac20acb.php 第 32 行.
NOTIC: [8] Undefined variable: notice_news_num /var/www/html/daixu/Application/Runtime/Cache/Home/e47f4754f315ce581fa03e89eac20acb.php 第 35 行.
NOTIC: [8] Undefined variable: login_info /var/www/html/daixu/Application/Runtime/Cache/Home/e47f4754f315ce581fa03e89eac20acb.php 第 38 行.
NOTIC: [8] Undefined variable: login_info /var/www/html/daixu/Application/Runtime/Cache/Home/e47f4754f315ce581fa03e89eac20acb.php 第 38 行.
NOTIC: [8] Undefined variable: login_info /var/www/html/daixu/Application/Runtime/Cache/Home/e47f4754f315ce581fa03e89eac20acb.php 第 116 行.
NOTIC: [8] Undefined variable: login_info /var/www/html/daixu/Application/Runtime/Cache/Home/e47f4754f315ce581fa03e89eac20acb.php 第 117 行.
NOTIC: [8] Undefined variable: login_info /var/www/html/daixu/Application/Runtime/Cache/Home/e47f4754f315ce581fa03e89eac20acb.php 第 117 行.
NOTIC: [8] Undefined variable: login_info /var/www/html/daixu/Application/Runtime/Cache/Home/e47f4754f315ce581fa03e89eac20acb.php 第 119 行.
NOTIC: [8] Undefined variable: login_info /var/www/html/daixu/Application/Runtime/Cache/Home/e47f4754f315ce581fa03e89eac20acb.php 第 120 行.
NOTIC: [8] Undefined variable: login_info /var/www/html/daixu/Application/Runtime/Cache/Home/e47f4754f315ce581fa03e89eac20acb.php 第 121 行.
INFO: Run Behavior\ParseTemplateBehavior [ RunTime:0.019095s ]
INFO: [ view_parse ] --END-- [ RunTime:0.019155s ]
INFO: [ view_filter ] --START--
INFO: Run Behavior\WriteHtmlCacheBehavior [ RunTime:0.001447s ]
INFO: [ view_filter ] --END-- [ RunTime:0.001496s ]
INFO: [ app_end ] --START--
INFO: Run Behavior\ShowPageTraceBehavior [ RunTime:0.000437s ]
INFO: [ app_end ] --END-- [ RunTime:0.000497s ]

[ 2016-08-31T12:45:12+08:00 ] 107.151.202.23 http://www.sbjudge3.com/azenv.php
INFO: [ app_init ] --START--
INFO: Run Behavior\BuildLiteBehavior [ RunTime:0.000015s ]
INFO: [ app_init ] --END-- [ RunTime:0.000299s ]
INFO: [ app_begin ] --START--
INFO: Run Behavior\ReadHtmlCacheBehavior [ RunTime:0.000460s ]
INFO: [ app_begin ] --END-- [ RunTime:0.000532s ]
ERR: 无法加载控制器:Azenv.php

[ 2016-08-31T12:45:12+08:00 ] 107.151.202.23 www.baidu.com:443
INFO: [ app_init ] --START--
INFO: Run Behavior\BuildLiteBehavior [ RunTime:0.000015s ]
INFO: [ app_init ] --END-- [ RunTime:0.000629s ]
INFO: [ app_begin ] --START--
INFO: Run Behavior\ReadHtmlCacheBehavior [ RunTime:0.000402s ]
INFO: [ app_begin ] --END-- [ RunTime:0.000447s ]
SQL: SHOW COLUMNS FROM `adv` [ RunTime:0.0006s ]
SQL: SHOW COLUMNS FROM `article` [ RunTime:0.0005s ]
SQL: SHOW COLUMNS FROM `user` [ RunTime:0.0006s ]
SQL: SHOW COLUMNS FROM `tuser` [ RunTime:0.0004s ]
SQL: SHOW COLUMNS FROM `tarticle` [ RunTime:0.0004s ]
SQL: SELECT COUNT(*) AS tp_count FROM `article` LIMIT 1   [ RunTime:0.0003s ]
SQL: SELECT * FROM `article` ORDER BY article_update desc LIMIT 0,9   [ RunTime:0.0003s ]
SQL: SHOW COLUMNS FROM `user` [ RunTime:0.0005s ]
SQL: SELECT `user_id`,`user_name`,`user_img` FROM `user` WHERE `user_id` = 807  [ RunTime:0.0002s ]
SQL: SELECT `user_id`,`user_name`,`user_img` FROM `user` WHERE `user_id` = 793  [ RunTime:0.0001s ]
SQL: SELECT `user_id`,`user_name`,`user_img` FROM `user` WHERE `user_id` = 793  [ RunTime:0.0002s ]
SQL: SELECT `user_id`,`user_name`,`user_img` FROM `user` WHERE `user_id` = 811  [ RunTime:0.0001s ]
SQL: SELECT `user_id`,`user_name`,`user_img` FROM `user` WHERE `user_id` = 811  [ RunTime:0.0001s ]
SQL: SELECT `user_id`,`user_name`,`user_img` FROM `user` WHERE `user_id` = 793  [ RunTime:0.0001s ]
SQL: SELECT `user_id`,`user_name`,`user_img` FROM `user` WHERE `user_id` = 793  [ RunTime:0.0001s ]
SQL: SELECT `user_id`,`user_name`,`user_img` FROM `user` WHERE `user_id` = 811  [ RunTime:0.0001s ]
SQL: SELECT `user_id`,`user_name`,`user_img` FROM `user` WHERE `user_id` = 808  [ RunTime:0.0001s ]
SQL: SELECT `user_id`,`user_name`,`user_exp`,`user_img`,`user_brief` FROM `user` ORDER BY user_exp desc LIMIT 4   [ RunTime:0.0002s ]
SQL: SELECT * FROM `tuser` ORDER BY tuser_publish desc LIMIT 10   [ RunTime:0.0001s ]
SQL: SHOW COLUMNS FROM `user` [ RunTime:0.0006s ]
SQL: SELECT * FROM `user` WHERE `user_id` = 793  [ RunTime:0.0004s ]
SQL: SELECT * FROM `user` WHERE `user_id` = 794  [ RunTime:0.0002s ]
SQL: SELECT * FROM `tarticle` ORDER BY tarticle_continue desc LIMIT 10   [ RunTime:0.0002s ]
INFO: [ view_parse ] --START--
INFO: [ template_filter ] --START--
INFO: Run Behavior\ContentReplaceBehavior [ RunTime:0.000114s ]
INFO: [ template_filter ] --END-- [ RunTime:0.000165s ]
NOTIC: [8] Undefined variable: login_info /var/www/html/daixu/Application/Runtime/Cache/Home/e47f4754f315ce581fa03e89eac20acb.php 第 32 行.
NOTIC: [8] Undefined variable: notice_news_num /var/www/html/daixu/Application/Runtime/Cache/Home/e47f4754f315ce581fa03e89eac20acb.php 第 35 行.
NOTIC: [8] Undefined variable: login_info /var/www/html/daixu/Application/Runtime/Cache/Home/e47f4754f315ce581fa03e89eac20acb.php 第 38 行.
NOTIC: [8] Undefined variable: login_info /var/www/html/daixu/Application/Runtime/Cache/Home/e47f4754f315ce581fa03e89eac20acb.php 第 38 行.
NOTIC: [8] Undefined variable: login_info /var/www/html/daixu/Application/Runtime/Cache/Home/e47f4754f315ce581fa03e89eac20acb.php 第 116 行.
NOTIC: [8] Undefined variable: login_info /var/www/html/daixu/Application/Runtime/Cache/Home/e47f4754f315ce581fa03e89eac20acb.php 第 117 行.
NOTIC: [8] Undefined variable: login_info /var/www/html/daixu/Application/Runtime/Cache/Home/e47f4754f315ce581fa03e89eac20acb.php 第 117 行.
NOTIC: [8] Undefined variable: login_info /var/www/html/daixu/Application/Runtime/Cache/Home/e47f4754f315ce581fa03e89eac20acb.php 第 119 行.
NOTIC: [8] Undefined variable: login_info /var/www/html/daixu/Application/Runtime/Cache/Home/e47f4754f315ce581fa03e89eac20acb.php 第 120 行.
NOTIC: [8] Undefined variable: login_info /var/www/html/daixu/Application/Runtime/Cache/Home/e47f4754f315ce581fa03e89eac20acb.php 第 121 行.
INFO: Run Behavior\ParseTemplateBehavior [ RunTime:0.012866s ]
INFO: [ view_parse ] --END-- [ RunTime:0.012912s ]
INFO: [ view_filter ] --START--
INFO: Run Behavior\WriteHtmlCacheBehavior [ RunTime:0.000188s ]
INFO: [ view_filter ] --END-- [ RunTime:0.000232s ]
INFO: [ app_end ] --START--
INFO: Run Behavior\ShowPageTraceBehavior [ RunTime:0.000450s ]
INFO: [ app_end ] --END-- [ RunTime:0.000500s ]

[ 2016-08-31T13:15:05+08:00 ] 112.126.82.197 /phpmyadmin
INFO: [ app_init ] --START--
INFO: Run Behavior\BuildLiteBehavior [ RunTime:0.000014s ]
INFO: [ app_init ] --END-- [ RunTime:0.000292s ]
INFO: [ app_begin ] --START--
INFO: Run Behavior\ReadHtmlCacheBehavior [ RunTime:0.000357s ]
INFO: [ app_begin ] --END-- [ RunTime:0.000407s ]
ERR: 无法加载控制器:Phpmyadmin

[ 2016-08-31T13:36:18+08:00 ] 125.64.94.200 /
INFO: [ app_init ] --START--
INFO: Run Behavior\BuildLiteBehavior [ RunTime:0.000014s ]
INFO: [ app_init ] --END-- [ RunTime:0.000278s ]
INFO: [ app_begin ] --START--
INFO: Run Behavior\ReadHtmlCacheBehavior [ RunTime:0.000521s ]
INFO: [ app_begin ] --END-- [ RunTime:0.000567s ]
SQL: SHOW COLUMNS FROM `adv` [ RunTime:0.0006s ]
SQL: SHOW COLUMNS FROM `article` [ RunTime:0.0005s ]
SQL: SHOW COLUMNS FROM `user` [ RunTime:0.0006s ]
SQL: SHOW COLUMNS FROM `tuser` [ RunTime:0.0004s ]
SQL: SHOW COLUMNS FROM `tarticle` [ RunTime:0.0004s ]
SQL: SELECT COUNT(*) AS tp_count FROM `article` LIMIT 1   [ RunTime:0.0003s ]
SQL: SELECT * FROM `article` ORDER BY article_update desc LIMIT 0,9   [ RunTime:0.0003s ]
SQL: SHOW COLUMNS FROM `user` [ RunTime:0.0006s ]
SQL: SELECT `user_id`,`user_name`,`user_img` FROM `user` WHERE `user_id` = 807  [ RunTime:0.0002s ]
SQL: SELECT `user_id`,`user_name`,`user_img` FROM `user` WHERE `user_id` = 793  [ RunTime:0.0002s ]
SQL: SELECT `user_id`,`user_name`,`user_img` FROM `user` WHERE `user_id` = 793  [ RunTime:0.0001s ]
SQL: SELECT `user_id`,`user_name`,`user_img` FROM `user` WHERE `user_id` = 811  [ RunTime:0.0001s ]
SQL: SELECT `user_id`,`user_name`,`user_img` FROM `user` WHERE `user_id` = 811  [ RunTime:0.0001s ]
SQL: SELECT `user_id`,`user_name`,`user_img` FROM `user` WHERE `user_id` = 793  [ RunTime:0.0001s ]
SQL: SELECT `user_id`,`user_name`,`user_img` FROM `user` WHERE `user_id` = 793  [ RunTime:0.0001s ]
SQL: SELECT `user_id`,`user_name`,`user_img` FROM `user` WHERE `user_id` = 811  [ RunTime:0.0001s ]
SQL: SELECT `user_id`,`user_name`,`user_img` FROM `user` WHERE `user_id` = 808  [ RunTime:0.0002s ]
SQL: SELECT `user_id`,`user_name`,`user_exp`,`user_img`,`user_brief` FROM `user` ORDER BY user_exp desc LIMIT 4   [ RunTime:0.0002s ]
SQL: SELECT * FROM `tuser` ORDER BY tuser_publish desc LIMIT 10   [ RunTime:0.0001s ]
SQL: SHOW COLUMNS FROM `user` [ RunTime:0.0006s ]
SQL: SELECT * FROM `user` WHERE `user_id` = 793  [ RunTime:0.0002s ]
SQL: SELECT * FROM `user` WHERE `user_id` = 794  [ RunTime:0.0002s ]
SQL: SELECT * FROM `tarticle` ORDER BY tarticle_continue desc LIMIT 10   [ RunTime:0.0002s ]
INFO: [ view_parse ] --START--
INFO: [ template_filter ] --START--
INFO: Run Behavior\ContentReplaceBehavior [ RunTime:0.000142s ]
INFO: [ template_filter ] --END-- [ RunTime:0.000212s ]
NOTIC: [8] Undefined variable: login_info /var/www/html/daixu/Application/Runtime/Cache/Home/e47f4754f315ce581fa03e89eac20acb.php 第 32 行.
NOTIC: [8] Undefined variable: notice_news_num /var/www/html/daixu/Application/Runtime/Cache/Home/e47f4754f315ce581fa03e89eac20acb.php 第 35 行.
NOTIC: [8] Undefined variable: login_info /var/www/html/daixu/Application/Runtime/Cache/Home/e47f4754f315ce581fa03e89eac20acb.php 第 38 行.
NOTIC: [8] Undefined variable: login_info /var/www/html/daixu/Application/Runtime/Cache/Home/e47f4754f315ce581fa03e89eac20acb.php 第 38 行.
NOTIC: [8] Undefined variable: login_info /var/www/html/daixu/Application/Runtime/Cache/Home/e47f4754f315ce581fa03e89eac20acb.php 第 116 行.
NOTIC: [8] Undefined variable: login_info /var/www/html/daixu/Application/Runtime/Cache/Home/e47f4754f315ce581fa03e89eac20acb.php 第 117 行.
NOTIC: [8] Undefined variable: login_info /var/www/html/daixu/Application/Runtime/Cache/Home/e47f4754f315ce581fa03e89eac20acb.php 第 117 行.
NOTIC: [8] Undefined variable: login_info /var/www/html/daixu/Application/Runtime/Cache/Home/e47f4754f315ce581fa03e89eac20acb.php 第 119 行.
NOTIC: [8] Undefined variable: login_info /var/www/html/daixu/Application/Runtime/Cache/Home/e47f4754f315ce581fa03e89eac20acb.php 第 120 行.
NOTIC: [8] Undefined variable: login_info /var/www/html/daixu/Application/Runtime/Cache/Home/e47f4754f315ce581fa03e89eac20acb.php 第 121 行.
INFO: Run Behavior\ParseTemplateBehavior [ RunTime:0.015684s ]
INFO: [ view_parse ] --END-- [ RunTime:0.015729s ]
INFO: [ view_filter ] --START--
INFO: Run Behavior\WriteHtmlCacheBehavior [ RunTime:0.000134s ]
INFO: [ view_filter ] --END-- [ RunTime:0.000173s ]
INFO: [ app_end ] --START--
INFO: Run Behavior\ShowPageTraceBehavior [ RunTime:0.000501s ]
INFO: [ app_end ] --END-- [ RunTime:0.000548s ]

[ 2016-08-31T13:37:52+08:00 ] 121.41.9.246 /admin
INFO: [ app_init ] --START--
INFO: Run Behavior\BuildLiteBehavior [ RunTime:0.000014s ]
INFO: [ app_init ] --END-- [ RunTime:0.000286s ]
INFO: [ app_begin ] --START--
INFO: Run Behavior\ReadHtmlCacheBehavior [ RunTime:0.000404s ]
INFO: [ app_begin ] --END-- [ RunTime:0.000451s ]
ERR: 无法加载控制器:Admin

[ 2016-08-31T13:49:25+08:00 ] 101.200.86.96 http://www.izhongsai.com/
INFO: [ app_init ] --START--
INFO: Run Behavior\BuildLiteBehavior [ RunTime:0.000015s ]
INFO: [ app_init ] --END-- [ RunTime:0.000330s ]
INFO: [ app_begin ] --START--
INFO: Run Behavior\ReadHtmlCacheBehavior [ RunTime:0.000396s ]
INFO: [ app_begin ] --END-- [ RunTime:0.000442s ]
SQL: SHOW COLUMNS FROM `adv` [ RunTime:0.0007s ]
SQL: SHOW COLUMNS FROM `article` [ RunTime:0.0005s ]
SQL: SHOW COLUMNS FROM `user` [ RunTime:0.0006s ]
SQL: SHOW COLUMNS FROM `tuser` [ RunTime:0.0004s ]
SQL: SHOW COLUMNS FROM `tarticle` [ RunTime:0.0004s ]
SQL: SELECT COUNT(*) AS tp_count FROM `article` LIMIT 1   [ RunTime:0.0003s ]
SQL: SELECT * FROM `article` ORDER BY article_update desc LIMIT 0,9   [ RunTime:0.0003s ]
SQL: SHOW COLUMNS FROM `user` [ RunTime:0.0006s ]
SQL: SELECT `user_id`,`user_name`,`user_img` FROM `user` WHERE `user_id` = 807  [ RunTime:0.0002s ]
SQL: SELECT `user_id`,`user_name`,`user_img` FROM `user` WHERE `user_id` = 793  [ RunTime:0.0002s ]
SQL: SELECT `user_id`,`user_name`,`user_img` FROM `user` WHERE `user_id` = 793  [ RunTime:0.0001s ]
SQL: SELECT `user_id`,`user_name`,`user_img` FROM `user` WHERE `user_id` = 811  [ RunTime:0.0001s ]
SQL: SELECT `user_id`,`user_name`,`user_img` FROM `user` WHERE `user_id` = 811  [ RunTime:0.0002s ]
SQL: SELECT `user_id`,`user_name`,`user_img` FROM `user` WHERE `user_id` = 793  [ RunTime:0.0002s ]
SQL: SELECT `user_id`,`user_name`,`user_img` FROM `user` WHERE `user_id` = 793  [ RunTime:0.0001s ]
SQL: SELECT `user_id`,`user_name`,`user_img` FROM `user` WHERE `user_id` = 811  [ RunTime:0.0001s ]
SQL: SELECT `user_id`,`user_name`,`user_img` FROM `user` WHERE `user_id` = 808  [ RunTime:0.0002s ]
SQL: SELECT `user_id`,`user_name`,`user_exp`,`user_img`,`user_brief` FROM `user` ORDER BY user_exp desc LIMIT 4   [ RunTime:0.0002s ]
SQL: SELECT * FROM `tuser` ORDER BY tuser_publish desc LIMIT 10   [ RunTime:0.0001s ]
SQL: SHOW COLUMNS FROM `user` [ RunTime:0.0006s ]
SQL: SELECT * FROM `user` WHERE `user_id` = 793  [ RunTime:0.0002s ]
SQL: SELECT * FROM `user` WHERE `user_id` = 794  [ RunTime:0.0002s ]
SQL: SELECT * FROM `tarticle` ORDER BY tarticle_continue desc LIMIT 10   [ RunTime:0.0002s ]
INFO: [ view_parse ] --START--
INFO: [ template_filter ] --START--
INFO: Run Behavior\ContentReplaceBehavior [ RunTime:0.000111s ]
INFO: [ template_filter ] --END-- [ RunTime:0.000160s ]
NOTIC: [8] Undefined variable: login_info /var/www/html/daixu/Application/Runtime/Cache/Home/e47f4754f315ce581fa03e89eac20acb.php 第 32 行.
NOTIC: [8] Undefined variable: notice_news_num /var/www/html/daixu/Application/Runtime/Cache/Home/e47f4754f315ce581fa03e89eac20acb.php 第 35 行.
NOTIC: [8] Undefined variable: login_info /var/www/html/daixu/Application/Runtime/Cache/Home/e47f4754f315ce581fa03e89eac20acb.php 第 38 行.
NOTIC: [8] Undefined variable: login_info /var/www/html/daixu/Application/Runtime/Cache/Home/e47f4754f315ce581fa03e89eac20acb.php 第 38 行.
NOTIC: [8] Undefined variable: login_info /var/www/html/daixu/Application/Runtime/Cache/Home/e47f4754f315ce581fa03e89eac20acb.php 第 116 行.
NOTIC: [8] Undefined variable: login_info /var/www/html/daixu/Application/Runtime/Cache/Home/e47f4754f315ce581fa03e89eac20acb.php 第 117 行.
NOTIC: [8] Undefined variable: login_info /var/www/html/daixu/Application/Runtime/Cache/Home/e47f4754f315ce581fa03e89eac20acb.php 第 117 行.
NOTIC: [8] Undefined variable: login_info /var/www/html/daixu/Application/Runtime/Cache/Home/e47f4754f315ce581fa03e89eac20acb.php 第 119 行.
NOTIC: [8] Undefined variable: login_info /var/www/html/daixu/Application/Runtime/Cache/Home/e47f4754f315ce581fa03e89eac20acb.php 第 120 行.
NOTIC: [8] Undefined variable: login_info /var/www/html/daixu/Application/Runtime/Cache/Home/e47f4754f315ce581fa03e89eac20acb.php 第 121 行.
INFO: Run Behavior\ParseTemplateBehavior [ RunTime:0.013106s ]
INFO: [ view_parse ] --END-- [ RunTime:0.013152s ]
INFO: [ view_filter ] --START--
INFO: Run Behavior\WriteHtmlCacheBehavior [ RunTime:0.000125s ]
INFO: [ view_filter ] --END-- [ RunTime:0.000163s ]
INFO: [ app_end ] --START--
INFO: Run Behavior\ShowPageTraceBehavior [ RunTime:0.000467s ]
INFO: [ app_end ] --END-- [ RunTime:0.000513s ]

[ 2016-08-31T13:54:32+08:00 ] 121.42.144.38 search.yahoo.com:443
INFO: [ app_init ] --START--
INFO: Run Behavior\BuildLiteBehavior [ RunTime:0.000019s ]
INFO: [ app_init ] --END-- [ RunTime:0.000370s ]
INFO: [ app_begin ] --START--
INFO: Run Behavior\ReadHtmlCacheBehavior [ RunTime:0.000431s ]
INFO: [ app_begin ] --END-- [ RunTime:0.000482s ]
SQL: SHOW COLUMNS FROM `adv` [ RunTime:0.0007s ]
SQL: SHOW COLUMNS FROM `article` [ RunTime:0.0008s ]
SQL: SHOW COLUMNS FROM `user` [ RunTime:0.0007s ]
SQL: SHOW COLUMNS FROM `tuser` [ RunTime:0.0005s ]
SQL: SHOW COLUMNS FROM `tarticle` [ RunTime:0.0005s ]
SQL: SELECT COUNT(*) AS tp_count FROM `article` LIMIT 1   [ RunTime:0.0003s ]
SQL: SELECT * FROM `article` ORDER BY article_update desc LIMIT 0,9   [ RunTime:0.0004s ]
SQL: SHOW COLUMNS FROM `user` [ RunTime:0.0008s ]
SQL: SELECT `user_id`,`user_name`,`user_img` FROM `user` WHERE `user_id` = 807  [ RunTime:0.0002s ]
SQL: SELECT `user_id`,`user_name`,`user_img` FROM `user` WHERE `user_id` = 793  [ RunTime:0.0001s ]
SQL: SELECT `user_id`,`user_name`,`user_img` FROM `user` WHERE `user_id` = 793  [ RunTime:0.0001s ]
SQL: SELECT `user_id`,`user_name`,`user_img` FROM `user` WHERE `user_id` = 811  [ RunTime:0.0001s ]
SQL: SELECT `user_id`,`user_name`,`user_img` FROM `user` WHERE `user_id` = 811  [ RunTime:0.0001s ]
SQL: SELECT `user_id`,`user_name`,`user_img` FROM `user` WHERE `user_id` = 793  [ RunTime:0.0001s ]
SQL: SELECT `user_id`,`user_name`,`user_img` FROM `user` WHERE `user_id` = 793  [ RunTime:0.0001s ]
SQL: SELECT `user_id`,`user_name`,`user_img` FROM `user` WHERE `user_id` = 811  [ RunTime:0.0001s ]
SQL: SELECT `user_id`,`user_name`,`user_img` FROM `user` WHERE `user_id` = 808  [ RunTime:0.0002s ]
SQL: SELECT `user_id`,`user_name`,`user_exp`,`user_img`,`user_brief` FROM `user` ORDER BY user_exp desc LIMIT 4   [ RunTime:0.0002s ]
SQL: SELECT * FROM `tuser` ORDER BY tuser_publish desc LIMIT 10   [ RunTime:0.0001s ]
SQL: SHOW COLUMNS FROM `user` [ RunTime:0.0007s ]
SQL: SELECT * FROM `user` WHERE `user_id` = 793  [ RunTime:0.0002s ]
SQL: SELECT * FROM `user` WHERE `user_id` = 794  [ RunTime:0.0002s ]
SQL: SELECT * FROM `tarticle` ORDER BY tarticle_continue desc LIMIT 10   [ RunTime:0.0002s ]
INFO: [ view_parse ] --START--
INFO: [ template_filter ] --START--
INFO: Run Behavior\ContentReplaceBehavior [ RunTime:0.000176s ]
INFO: [ template_filter ] --END-- [ RunTime:0.000259s ]
NOTIC: [8] Undefined variable: login_info /var/www/html/daixu/Application/Runtime/Cache/Home/e47f4754f315ce581fa03e89eac20acb.php 第 32 行.
NOTIC: [8] Undefined variable: notice_news_num /var/www/html/daixu/Application/Runtime/Cache/Home/e47f4754f315ce581fa03e89eac20acb.php 第 35 行.
NOTIC: [8] Undefined variable: login_info /var/www/html/daixu/Application/Runtime/Cache/Home/e47f4754f315ce581fa03e89eac20acb.php 第 38 行.
NOTIC: [8] Undefined variable: login_info /var/www/html/daixu/Application/Runtime/Cache/Home/e47f4754f315ce581fa03e89eac20acb.php 第 38 行.
NOTIC: [8] Undefined variable: login_info /var/www/html/daixu/Application/Runtime/Cache/Home/e47f4754f315ce581fa03e89eac20acb.php 第 116 行.
NOTIC: [8] Undefined variable: login_info /var/www/html/daixu/Application/Runtime/Cache/Home/e47f4754f315ce581fa03e89eac20acb.php 第 117 行.
NOTIC: [8] Undefined variable: login_info /var/www/html/daixu/Application/Runtime/Cache/Home/e47f4754f315ce581fa03e89eac20acb.php 第 117 行.
NOTIC: [8] Undefined variable: login_info /var/www/html/daixu/Application/Runtime/Cache/Home/e47f4754f315ce581fa03e89eac20acb.php 第 119 行.
NOTIC: [8] Undefined variable: login_info /var/www/html/daixu/Application/Runtime/Cache/Home/e47f4754f315ce581fa03e89eac20acb.php 第 120 行.
NOTIC: [8] Undefined variable: login_info /var/www/html/daixu/Application/Runtime/Cache/Home/e47f4754f315ce581fa03e89eac20acb.php 第 121 行.
INFO: Run Behavior\ParseTemplateBehavior [ RunTime:0.013302s ]
INFO: [ view_parse ] --END-- [ RunTime:0.013349s ]
INFO: [ view_filter ] --START--
INFO: Run Behavior\WriteHtmlCacheBehavior [ RunTime:0.000136s ]
INFO: [ view_filter ] --END-- [ RunTime:0.000177s ]
INFO: [ app_end ] --START--
INFO: Run Behavior\ShowPageTraceBehavior [ RunTime:0.000543s ]
INFO: [ app_end ] --END-- [ RunTime:0.000594s ]

[ 2016-08-31T13:54:32+08:00 ] 121.42.144.38 search.yahoo.com:443
INFO: [ app_init ] --START--
INFO: Run Behavior\BuildLiteBehavior [ RunTime:0.000023s ]
INFO: [ app_init ] --END-- [ RunTime:0.000305s ]
INFO: [ app_begin ] --START--
INFO: Run Behavior\ReadHtmlCacheBehavior [ RunTime:0.000361s ]
INFO: [ app_begin ] --END-- [ RunTime:0.000415s ]
SQL: SHOW COLUMNS FROM `adv` [ RunTime:0.0007s ]
SQL: SHOW COLUMNS FROM `article` [ RunTime:0.0005s ]
SQL: SHOW COLUMNS FROM `user` [ RunTime:0.0010s ]
SQL: SHOW COLUMNS FROM `tuser` [ RunTime:0.0004s ]
SQL: SHOW COLUMNS FROM `tarticle` [ RunTime:0.0004s ]
SQL: SELECT COUNT(*) AS tp_count FROM `article` LIMIT 1   [ RunTime:0.0002s ]
SQL: SELECT * FROM `article` ORDER BY article_update desc LIMIT 0,9   [ RunTime:0.0004s ]
SQL: SHOW COLUMNS FROM `user` [ RunTime:0.0006s ]
SQL: SELECT `user_id`,`user_name`,`user_img` FROM `user` WHERE `user_id` = 807  [ RunTime:0.0002s ]
SQL: SELECT `user_id`,`user_name`,`user_img` FROM `user` WHERE `user_id` = 793  [ RunTime:0.0001s ]
SQL: SELECT `user_id`,`user_name`,`user_img` FROM `user` WHERE `user_id` = 793  [ RunTime:0.0002s ]
SQL: SELECT `user_id`,`user_name`,`user_img` FROM `user` WHERE `user_id` = 811  [ RunTime:0.0002s ]
SQL: SELECT `user_id`,`user_name`,`user_img` FROM `user` WHERE `user_id` = 811  [ RunTime:0.0002s ]
SQL: SELECT `user_id`,`user_name`,`user_img` FROM `user` WHERE `user_id` = 793  [ RunTime:0.0002s ]
SQL: SELECT `user_id`,`user_name`,`user_img` FROM `user` WHERE `user_id` = 793  [ RunTime:0.0001s ]
SQL: SELECT `user_id`,`user_name`,`user_img` FROM `user` WHERE `user_id` = 811  [ RunTime:0.0001s ]
SQL: SELECT `user_id`,`user_name`,`user_img` FROM `user` WHERE `user_id` = 808  [ RunTime:0.0001s ]
INFO: [ view_parse ] --START--
INFO: [ template_filter ] --START--
INFO: Run Behavior\ContentReplaceBehavior [ RunTime:0.000130s ]
INFO: [ template_filter ] --END-- [ RunTime:0.000198s ]
NOTIC: [8] Undefined variable: login_info /var/www/html/daixu/Application/Runtime/Cache/Home/e47f4754f315ce581fa03e89eac20acb.php 第 32 行.
NOTIC: [8] Undefined variable: notice_news_num /var/www/html/daixu/Application/Runtime/Cache/Home/e47f4754f315ce581fa03e89eac20acb.php 第 35 行.
NOTIC: [8] Undefined variable: login_info /var/www/html/daixu/Application/Runtime/Cache/Home/e47f4754f315ce581fa03e89eac20acb.php 第 38 行.
NOTIC: [8] Undefined variable: login_info /var/www/html/daixu/Application/Runtime/Cache/Home/e47f4754f315ce581fa03e89eac20acb.php 第 38 行.
NOTIC: [8] Undefined variable: login_info /var/www/html/daixu/Application/Runtime/Cache/Home/e47f4754f315ce581fa03e89eac20acb.php 第 116 行.
NOTIC: [8] Undefined variable: login_info /var/www/html/daixu/Application/Runtime/Cache/Home/e47f4754f315ce581fa03e89eac20acb.php 第 117 行.
NOTIC: [8] Undefined variable: login_info /var/www/html/daixu/Application/Runtime/Cache/Home/e47f4754f315ce581fa03e89eac20acb.php 第 117 行.
NOTIC: [8] Undefined variable: login_info /var/www/html/daixu/Application/Runtime/Cache/Home/e47f4754f315ce581fa03e89eac20acb.php 第 119 行.
NOTIC: [8] Undefined variable: login_info /var/www/html/daixu/Application/Runtime/Cache/Home/e47f4754f315ce581fa03e89eac20acb.php 第 120 行.
NOTIC: [8] Undefined variable: login_info /var/www/html/daixu/Application/Runtime/Cache/Home/e47f4754f315ce581fa03e89eac20acb.php 第 121 行.
INFO: Run Behavior\ParseTemplateBehavior [ RunTime:0.014013s ]
INFO: [ view_parse ] --END-- [ RunTime:0.014070s ]
INFO: [ view_filter ] --START--
INFO: Run Behavior\WriteHtmlCacheBehavior [ RunTime:0.000206s ]
INFO: [ view_filter ] --END-- [ RunTime:0.000251s ]
INFO: [ app_end ] --START--
INFO: Run Behavior\ShowPageTraceBehavior [ RunTime:0.000505s ]
INFO: [ app_end ] --END-- [ RunTime:0.000552s ]

[ 2016-08-31T14:14:37+08:00 ] 91.196.50.33 http://testp1.piwo.pila.pl/testproxy.php
INFO: [ app_init ] --START--
INFO: Run Behavior\BuildLiteBehavior [ RunTime:0.000016s ]
INFO: [ app_init ] --END-- [ RunTime:0.000476s ]
INFO: [ app_begin ] --START--
INFO: Run Behavior\ReadHtmlCacheBehavior [ RunTime:0.000357s ]
INFO: [ app_begin ] --END-- [ RunTime:0.000402s ]
ERR: 无法加载控制器:Testproxy.php

[ 2016-08-31T15:24:37+08:00 ] 107.151.202.23 http://www.proxyjudge.info/azenv.php
INFO: [ app_init ] --START--
INFO: Run Behavior\BuildLiteBehavior [ RunTime:0.000023s ]
INFO: [ app_init ] --END-- [ RunTime:0.000363s ]
INFO: [ app_begin ] --START--
INFO: Run Behavior\ReadHtmlCacheBehavior [ RunTime:0.000360s ]
INFO: [ app_begin ] --END-- [ RunTime:0.000406s ]
ERR: 无法加载控制器:Azenv.php

[ 2016-08-31T15:24:38+08:00 ] 107.151.202.23 www.baidu.com:443
INFO: [ app_init ] --START--
INFO: Run Behavior\BuildLiteBehavior [ RunTime:0.000015s ]
INFO: [ app_init ] --END-- [ RunTime:0.000290s ]
INFO: [ app_begin ] --START--
INFO: Run Behavior\ReadHtmlCacheBehavior [ RunTime:0.000388s ]
INFO: [ app_begin ] --END-- [ RunTime:0.000439s ]
SQL: SHOW COLUMNS FROM `adv` [ RunTime:0.0007s ]
SQL: SHOW COLUMNS FROM `article` [ RunTime:0.0005s ]
SQL: SHOW COLUMNS FROM `user` [ RunTime:0.0006s ]
SQL: SHOW COLUMNS FROM `tuser` [ RunTime:0.0004s ]
SQL: SHOW COLUMNS FROM `tarticle` [ RunTime:0.0004s ]
SQL: SELECT COUNT(*) AS tp_count FROM `article` LIMIT 1   [ RunTime:0.0003s ]
SQL: SELECT * FROM `article` ORDER BY article_update desc LIMIT 0,9   [ RunTime:0.0004s ]
SQL: SHOW COLUMNS FROM `user` [ RunTime:0.0007s ]
SQL: SELECT `user_id`,`user_name`,`user_img` FROM `user` WHERE `user_id` = 807  [ RunTime:0.0002s ]
SQL: SELECT `user_id`,`user_name`,`user_img` FROM `user` WHERE `user_id` = 793  [ RunTime:0.0001s ]
SQL: SELECT `user_id`,`user_name`,`user_img` FROM `user` WHERE `user_id` = 793  [ RunTime:0.0001s ]
SQL: SELECT `user_id`,`user_name`,`user_img` FROM `user` WHERE `user_id` = 811  [ RunTime:0.0001s ]
SQL: SELECT `user_id`,`user_name`,`user_img` FROM `user` WHERE `user_id` = 811  [ RunTime:0.0001s ]
SQL: SELECT `user_id`,`user_name`,`user_img` FROM `user` WHERE `user_id` = 793  [ RunTime:0.0001s ]
SQL: SELECT `user_id`,`user_name`,`user_img` FROM `user` WHERE `user_id` = 793  [ RunTime:0.0001s ]
SQL: SELECT `user_id`,`user_name`,`user_img` FROM `user` WHERE `user_id` = 811  [ RunTime:0.0001s ]
SQL: SELECT `user_id`,`user_name`,`user_img` FROM `user` WHERE `user_id` = 808  [ RunTime:0.0002s ]
SQL: SELECT `user_id`,`user_name`,`user_exp`,`user_img`,`user_brief` FROM `user` ORDER BY user_exp desc LIMIT 4   [ RunTime:0.0003s ]
SQL: SELECT * FROM `tuser` ORDER BY tuser_publish desc LIMIT 10   [ RunTime:0.0001s ]
SQL: SHOW COLUMNS FROM `user` [ RunTime:0.0006s ]
SQL: SELECT * FROM `user` WHERE `user_id` = 793  [ RunTime:0.0002s ]
SQL: SELECT * FROM `user` WHERE `user_id` = 794  [ RunTime:0.0002s ]
SQL: SELECT * FROM `tarticle` ORDER BY tarticle_continue desc LIMIT 10   [ RunTime:0.0002s ]
INFO: [ view_parse ] --START--
INFO: [ template_filter ] --START--
INFO: Run Behavior\ContentReplaceBehavior [ RunTime:0.000125s ]
INFO: [ template_filter ] --END-- [ RunTime:0.000193s ]
NOTIC: [8] Undefined variable: login_info /var/www/html/daixu/Application/Runtime/Cache/Home/e47f4754f315ce581fa03e89eac20acb.php 第 32 行.
NOTIC: [8] Undefined variable: notice_news_num /var/www/html/daixu/Application/Runtime/Cache/Home/e47f4754f315ce581fa03e89eac20acb.php 第 35 行.
NOTIC: [8] Undefined variable: login_info /var/www/html/daixu/Application/Runtime/Cache/Home/e47f4754f315ce581fa03e89eac20acb.php 第 38 行.
NOTIC: [8] Undefined variable: login_info /var/www/html/daixu/Application/Runtime/Cache/Home/e47f4754f315ce581fa03e89eac20acb.php 第 38 行.
NOTIC: [8] Undefined variable: login_info /var/www/html/daixu/Application/Runtime/Cache/Home/e47f4754f315ce581fa03e89eac20acb.php 第 116 行.
NOTIC: [8] Undefined variable: login_info /var/www/html/daixu/Application/Runtime/Cache/Home/e47f4754f315ce581fa03e89eac20acb.php 第 117 行.
NOTIC: [8] Undefined variable: login_info /var/www/html/daixu/Application/Runtime/Cache/Home/e47f4754f315ce581fa03e89eac20acb.php 第 117 行.
NOTIC: [8] Undefined variable: login_info /var/www/html/daixu/Application/Runtime/Cache/Home/e47f4754f315ce581fa03e89eac20acb.php 第 119 行.
NOTIC: [8] Undefined variable: login_info /var/www/html/daixu/Application/Runtime/Cache/Home/e47f4754f315ce581fa03e89eac20acb.php 第 120 行.
NOTIC: [8] Undefined variable: login_info /var/www/html/daixu/Application/Runtime/Cache/Home/e47f4754f315ce581fa03e89eac20acb.php 第 121 行.
INFO: Run Behavior\ParseTemplateBehavior [ RunTime:0.013607s ]
INFO: [ view_parse ] --END-- [ RunTime:0.013656s ]
INFO: [ view_filter ] --START--
INFO: Run Behavior\WriteHtmlCacheBehavior [ RunTime:0.000130s ]
INFO: [ view_filter ] --END-- [ RunTime:0.000168s ]
INFO: [ app_end ] --START--
INFO: Run Behavior\ShowPageTraceBehavior [ RunTime:0.000450s ]
INFO: [ app_end ] --END-- [ RunTime:0.000499s ]

[ 2016-08-31T15:25:15+08:00 ] 107.151.202.23 http://domkrim.com/av.php
INFO: [ app_init ] --START--
INFO: Run Behavior\BuildLiteBehavior [ RunTime:0.000015s ]
INFO: [ app_init ] --END-- [ RunTime:0.000287s ]
INFO: [ app_begin ] --START--
INFO: Run Behavior\ReadHtmlCacheBehavior [ RunTime:0.000433s ]
INFO: [ app_begin ] --END-- [ RunTime:0.000496s ]
ERR: 无法加载控制器:Av.php

[ 2016-08-31T15:25:16+08:00 ] 107.151.202.23 www.baidu.com:443
INFO: [ app_init ] --START--
INFO: Run Behavior\BuildLiteBehavior [ RunTime:0.000015s ]
INFO: [ app_init ] --END-- [ RunTime:0.000283s ]
INFO: [ app_begin ] --START--
INFO: Run Behavior\ReadHtmlCacheBehavior [ RunTime:0.000366s ]
INFO: [ app_begin ] --END-- [ RunTime:0.000415s ]
SQL: SHOW COLUMNS FROM `adv` [ RunTime:0.0007s ]
SQL: SHOW COLUMNS FROM `article` [ RunTime:0.0005s ]
SQL: SHOW COLUMNS FROM `user` [ RunTime:0.0007s ]
SQL: SHOW COLUMNS FROM `tuser` [ RunTime:0.0004s ]
SQL: SHOW COLUMNS FROM `tarticle` [ RunTime:0.0004s ]
SQL: SELECT COUNT(*) AS tp_count FROM `article` LIMIT 1   [ RunTime:0.0003s ]
SQL: SELECT * FROM `article` ORDER BY article_update desc LIMIT 0,9   [ RunTime:0.0003s ]
SQL: SHOW COLUMNS FROM `user` [ RunTime:0.0007s ]
SQL: SELECT `user_id`,`user_name`,`user_img` FROM `user` WHERE `user_id` = 807  [ RunTime:0.0002s ]
SQL: SELECT `user_id`,`user_name`,`user_img` FROM `user` WHERE `user_id` = 793  [ RunTime:0.0001s ]
SQL: SELECT `user_id`,`user_name`,`user_img` FROM `user` WHERE `user_id` = 793  [ RunTime:0.0001s ]
SQL: SELECT `user_id`,`user_name`,`user_img` FROM `user` WHERE `user_id` = 811  [ RunTime:0.0001s ]
SQL: SELECT `user_id`,`user_name`,`user_img` FROM `user` WHERE `user_id` = 811  [ RunTime:0.0002s ]
SQL: SELECT `user_id`,`user_name`,`user_img` FROM `user` WHERE `user_id` = 793  [ RunTime:0.0001s ]
SQL: SELECT `user_id`,`user_name`,`user_img` FROM `user` WHERE `user_id` = 793  [ RunTime:0.0001s ]
SQL: SELECT `user_id`,`user_name`,`user_img` FROM `user` WHERE `user_id` = 811  [ RunTime:0.0002s ]
SQL: SELECT `user_id`,`user_name`,`user_img` FROM `user` WHERE `user_id` = 808  [ RunTime:0.0002s ]
INFO: [ view_parse ] --START--
INFO: [ template_filter ] --START--
INFO: Run Behavior\ContentReplaceBehavior [ RunTime:0.000113s ]
INFO: [ template_filter ] --END-- [ RunTime:0.000169s ]
NOTIC: [8] Undefined variable: login_info /var/www/html/daixu/Application/Runtime/Cache/Home/e47f4754f315ce581fa03e89eac20acb.php 第 32 行.
NOTIC: [8] Undefined variable: notice_news_num /var/www/html/daixu/Application/Runtime/Cache/Home/e47f4754f315ce581fa03e89eac20acb.php 第 35 行.
NOTIC: [8] Undefined variable: login_info /var/www/html/daixu/Application/Runtime/Cache/Home/e47f4754f315ce581fa03e89eac20acb.php 第 38 行.
NOTIC: [8] Undefined variable: login_info /var/www/html/daixu/Application/Runtime/Cache/Home/e47f4754f315ce581fa03e89eac20acb.php 第 38 行.
NOTIC: [8] Undefined variable: login_info /var/www/html/daixu/Application/Runtime/Cache/Home/e47f4754f315ce581fa03e89eac20acb.php 第 116 行.
NOTIC: [8] Undefined variable: login_info /var/www/html/daixu/Application/Runtime/Cache/Home/e47f4754f315ce581fa03e89eac20acb.php 第 117 行.
NOTIC: [8] Undefined variable: login_info /var/www/html/daixu/Application/Runtime/Cache/Home/e47f4754f315ce581fa03e89eac20acb.php 第 117 行.
NOTIC: [8] Undefined variable: login_info /var/www/html/daixu/Application/Runtime/Cache/Home/e47f4754f315ce581fa03e89eac20acb.php 第 119 行.
NOTIC: [8] Undefined variable: login_info /var/www/html/daixu/Application/Runtime/Cache/Home/e47f4754f315ce581fa03e89eac20acb.php 第 120 行.
NOTIC: [8] Undefined variable: login_info /var/www/html/daixu/Application/Runtime/Cache/Home/e47f4754f315ce581fa03e89eac20acb.php 第 121 行.
INFO: Run Behavior\ParseTemplateBehavior [ RunTime:0.013122s ]
INFO: [ view_parse ] --END-- [ RunTime:0.013174s ]
INFO: [ view_filter ] --START--
INFO: Run Behavior\WriteHtmlCacheBehavior [ RunTime:0.000131s ]
INFO: [ view_filter ] --END-- [ RunTime:0.000169s ]
INFO: [ app_end ] --START--
INFO: Run Behavior\ShowPageTraceBehavior [ RunTime:0.000476s ]
INFO: [ app_end ] --END-- [ RunTime:0.000520s ]

[ 2016-08-31T16:57:38+08:00 ] 64.72.96.150 /admin/config.php
INFO: [ app_init ] --START--
INFO: Run Behavior\BuildLiteBehavior [ RunTime:0.000014s ]
INFO: [ app_init ] --END-- [ RunTime:0.000291s ]
INFO: [ app_begin ] --START--
INFO: Run Behavior\ReadHtmlCacheBehavior [ RunTime:0.000396s ]
INFO: [ app_begin ] --END-- [ RunTime:0.000442s ]
ERR: 无法加载控制器:Admin

[ 2016-08-31T17:59:20+08:00 ] 107.151.202.23 http://proxyjudge.us/
INFO: [ app_init ] --START--
INFO: Run Behavior\BuildLiteBehavior [ RunTime:0.000014s ]
INFO: [ app_init ] --END-- [ RunTime:0.000334s ]
INFO: [ app_begin ] --START--
INFO: Run Behavior\ReadHtmlCacheBehavior [ RunTime:0.000343s ]
INFO: [ app_begin ] --END-- [ RunTime:0.000387s ]
SQL: SHOW COLUMNS FROM `adv` [ RunTime:0.0006s ]
SQL: SHOW COLUMNS FROM `article` [ RunTime:0.0005s ]
SQL: SHOW COLUMNS FROM `user` [ RunTime:0.0006s ]
SQL: SHOW COLUMNS FROM `tuser` [ RunTime:0.0004s ]
SQL: SHOW COLUMNS FROM `tarticle` [ RunTime:0.0004s ]
SQL: SELECT COUNT(*) AS tp_count FROM `article` LIMIT 1   [ RunTime:0.0004s ]
SQL: SELECT * FROM `article` ORDER BY article_update desc LIMIT 0,9   [ RunTime:0.0003s ]
SQL: SHOW COLUMNS FROM `user` [ RunTime:0.0007s ]
SQL: SELECT `user_id`,`user_name`,`user_img` FROM `user` WHERE `user_id` = 807  [ RunTime:0.0002s ]
SQL: SELECT `user_id`,`user_name`,`user_img` FROM `user` WHERE `user_id` = 793  [ RunTime:0.0001s ]
SQL: SELECT `user_id`,`user_name`,`user_img` FROM `user` WHERE `user_id` = 793  [ RunTime:0.0001s ]
SQL: SELECT `user_id`,`user_name`,`user_img` FROM `user` WHERE `user_id` = 811  [ RunTime:0.0001s ]
SQL: SELECT `user_id`,`user_name`,`user_img` FROM `user` WHERE `user_id` = 811  [ RunTime:0.0001s ]
SQL: SELECT `user_id`,`user_name`,`user_img` FROM `user` WHERE `user_id` = 793  [ RunTime:0.0001s ]
SQL: SELECT `user_id`,`user_name`,`user_img` FROM `user` WHERE `user_id` = 793  [ RunTime:0.0001s ]
SQL: SELECT `user_id`,`user_name`,`user_img` FROM `user` WHERE `user_id` = 811  [ RunTime:0.0002s ]
SQL: SELECT `user_id`,`user_name`,`user_img` FROM `user` WHERE `user_id` = 808  [ RunTime:0.0001s ]
SQL: SELECT `user_id`,`user_name`,`user_exp`,`user_img`,`user_brief` FROM `user` ORDER BY user_exp desc LIMIT 4   [ RunTime:0.0002s ]
SQL: SELECT * FROM `tuser` ORDER BY tuser_publish desc LIMIT 10   [ RunTime:0.0001s ]
SQL: SHOW COLUMNS FROM `user` [ RunTime:0.0006s ]
SQL: SELECT * FROM `user` WHERE `user_id` = 793  [ RunTime:0.0002s ]
SQL: SELECT * FROM `user` WHERE `user_id` = 794  [ RunTime:0.0002s ]
SQL: SELECT * FROM `tarticle` ORDER BY tarticle_continue desc LIMIT 10   [ RunTime:0.0002s ]
INFO: [ view_parse ] --START--
INFO: [ template_filter ] --START--
INFO: Run Behavior\ContentReplaceBehavior [ RunTime:0.000110s ]
INFO: [ template_filter ] --END-- [ RunTime:0.000165s ]
NOTIC: [8] Undefined variable: login_info /var/www/html/daixu/Application/Runtime/Cache/Home/e47f4754f315ce581fa03e89eac20acb.php 第 32 行.
NOTIC: [8] Undefined variable: notice_news_num /var/www/html/daixu/Application/Runtime/Cache/Home/e47f4754f315ce581fa03e89eac20acb.php 第 35 行.
NOTIC: [8] Undefined variable: login_info /var/www/html/daixu/Application/Runtime/Cache/Home/e47f4754f315ce581fa03e89eac20acb.php 第 38 行.
NOTIC: [8] Undefined variable: login_info /var/www/html/daixu/Application/Runtime/Cache/Home/e47f4754f315ce581fa03e89eac20acb.php 第 38 行.
NOTIC: [8] Undefined variable: login_info /var/www/html/daixu/Application/Runtime/Cache/Home/e47f4754f315ce581fa03e89eac20acb.php 第 116 行.
NOTIC: [8] Undefined variable: login_info /var/www/html/daixu/Application/Runtime/Cache/Home/e47f4754f315ce581fa03e89eac20acb.php 第 117 行.
NOTIC: [8] Undefined variable: login_info /var/www/html/daixu/Application/Runtime/Cache/Home/e47f4754f315ce581fa03e89eac20acb.php 第 117 行.
NOTIC: [8] Undefined variable: login_info /var/www/html/daixu/Application/Runtime/Cache/Home/e47f4754f315ce581fa03e89eac20acb.php 第 119 行.
NOTIC: [8] Undefined variable: login_info /var/www/html/daixu/Application/Runtime/Cache/Home/e47f4754f315ce581fa03e89eac20acb.php 第 120 行.
NOTIC: [8] Undefined variable: login_info /var/www/html/daixu/Application/Runtime/Cache/Home/e47f4754f315ce581fa03e89eac20acb.php 第 121 行.
INFO: Run Behavior\ParseTemplateBehavior [ RunTime:0.013270s ]
INFO: [ view_parse ] --END-- [ RunTime:0.013316s ]
INFO: [ view_filter ] --START--
INFO: Run Behavior\WriteHtmlCacheBehavior [ RunTime:0.000124s ]
INFO: [ view_filter ] --END-- [ RunTime:0.000162s ]
INFO: [ app_end ] --START--
INFO: Run Behavior\ShowPageTraceBehavior [ RunTime:0.000400s ]
INFO: [ app_end ] --END-- [ RunTime:0.000448s ]

[ 2016-08-31T17:59:21+08:00 ] 107.151.202.23 www.alipay.com:443
INFO: [ app_init ] --START--
INFO: Run Behavior\BuildLiteBehavior [ RunTime:0.000015s ]
INFO: [ app_init ] --END-- [ RunTime:0.000330s ]
INFO: [ app_begin ] --START--
INFO: Run Behavior\ReadHtmlCacheBehavior [ RunTime:0.000353s ]
INFO: [ app_begin ] --END-- [ RunTime:0.000399s ]
SQL: SHOW COLUMNS FROM `adv` [ RunTime:0.0006s ]
SQL: SHOW COLUMNS FROM `article` [ RunTime:0.0005s ]
SQL: SHOW COLUMNS FROM `user` [ RunTime:0.0006s ]
SQL: SHOW COLUMNS FROM `tuser` [ RunTime:0.0004s ]
SQL: SHOW COLUMNS FROM `tarticle` [ RunTime:0.0004s ]
SQL: SELECT COUNT(*) AS tp_count FROM `article` LIMIT 1   [ RunTime:0.0003s ]
SQL: SELECT * FROM `article` ORDER BY article_update desc LIMIT 0,9   [ RunTime:0.0004s ]
SQL: SHOW COLUMNS FROM `user` [ RunTime:0.0006s ]
SQL: SELECT `user_id`,`user_name`,`user_img` FROM `user` WHERE `user_id` = 807  [ RunTime:0.0002s ]
SQL: SELECT `user_id`,`user_name`,`user_img` FROM `user` WHERE `user_id` = 793  [ RunTime:0.0001s ]
SQL: SELECT `user_id`,`user_name`,`user_img` FROM `user` WHERE `user_id` = 793  [ RunTime:0.0002s ]
SQL: SELECT `user_id`,`user_name`,`user_img` FROM `user` WHERE `user_id` = 811  [ RunTime:0.0001s ]
SQL: SELECT `user_id`,`user_name`,`user_img` FROM `user` WHERE `user_id` = 811  [ RunTime:0.0002s ]
SQL: SELECT `user_id`,`user_name`,`user_img` FROM `user` WHERE `user_id` = 793  [ RunTime:0.0002s ]
SQL: SELECT `user_id`,`user_name`,`user_img` FROM `user` WHERE `user_id` = 793  [ RunTime:0.0001s ]
SQL: SELECT `user_id`,`user_name`,`user_img` FROM `user` WHERE `user_id` = 811  [ RunTime:0.0001s ]
SQL: SELECT `user_id`,`user_name`,`user_img` FROM `user` WHERE `user_id` = 808  [ RunTime:0.0001s ]
INFO: [ view_parse ] --START--
INFO: [ template_filter ] --START--
INFO: Run Behavior\ContentReplaceBehavior [ RunTime:0.000110s ]
INFO: [ template_filter ] --END-- [ RunTime:0.000160s ]
NOTIC: [8] Undefined variable: login_info /var/www/html/daixu/Application/Runtime/Cache/Home/e47f4754f315ce581fa03e89eac20acb.php 第 32 行.
NOTIC: [8] Undefined variable: notice_news_num /var/www/html/daixu/Application/Runtime/Cache/Home/e47f4754f315ce581fa03e89eac20acb.php 第 35 行.
NOTIC: [8] Undefined variable: login_info /var/www/html/daixu/Application/Runtime/Cache/Home/e47f4754f315ce581fa03e89eac20acb.php 第 38 行.
NOTIC: [8] Undefined variable: login_info /var/www/html/daixu/Application/Runtime/Cache/Home/e47f4754f315ce581fa03e89eac20acb.php 第 38 行.
NOTIC: [8] Undefined variable: login_info /var/www/html/daixu/Application/Runtime/Cache/Home/e47f4754f315ce581fa03e89eac20acb.php 第 116 行.
NOTIC: [8] Undefined variable: login_info /var/www/html/daixu/Application/Runtime/Cache/Home/e47f4754f315ce581fa03e89eac20acb.php 第 117 行.
NOTIC: [8] Undefined variable: login_info /var/www/html/daixu/Application/Runtime/Cache/Home/e47f4754f315ce581fa03e89eac20acb.php 第 117 行.
NOTIC: [8] Undefined variable: login_info /var/www/html/daixu/Application/Runtime/Cache/Home/e47f4754f315ce581fa03e89eac20acb.php 第 119 行.
NOTIC: [8] Undefined variable: login_info /var/www/html/daixu/Application/Runtime/Cache/Home/e47f4754f315ce581fa03e89eac20acb.php 第 120 行.
NOTIC: [8] Undefined variable: login_info /var/www/html/daixu/Application/Runtime/Cache/Home/e47f4754f315ce581fa03e89eac20acb.php 第 121 行.
INFO: Run Behavior\ParseTemplateBehavior [ RunTime:0.013015s ]
INFO: [ view_parse ] --END-- [ RunTime:0.013062s ]
INFO: [ view_filter ] --START--
INFO: Run Behavior\WriteHtmlCacheBehavior [ RunTime:0.000118s ]
INFO: [ view_filter ] --END-- [ RunTime:0.000204s ]
INFO: [ app_end ] --START--
INFO: Run Behavior\ShowPageTraceBehavior [ RunTime:0.000389s ]
INFO: [ app_end ] --END-- [ RunTime:0.000432s ]

[ 2016-08-31T18:26:47+08:00 ] 80.82.78.38 http://www.baidu.com/cache/global/img/gs.gif
INFO: [ app_init ] --START--
INFO: Run Behavior\BuildLiteBehavior [ RunTime:0.000016s ]
INFO: [ app_init ] --END-- [ RunTime:0.000339s ]

[ 2016-08-31T19:37:08+08:00 ] 218.75.70.3 /
INFO: [ app_init ] --START--
INFO: Run Behavior\BuildLiteBehavior [ RunTime:0.000019s ]
INFO: [ app_init ] --END-- [ RunTime:0.000507s ]
INFO: [ app_begin ] --START--
INFO: Run Behavior\ReadHtmlCacheBehavior [ RunTime:0.000412s ]
INFO: [ app_begin ] --END-- [ RunTime:0.000467s ]
SQL: SHOW COLUMNS FROM `adv` [ RunTime:0.0007s ]
SQL: SHOW COLUMNS FROM `article` [ RunTime:0.0005s ]
SQL: SHOW COLUMNS FROM `user` [ RunTime:0.0006s ]
SQL: SHOW COLUMNS FROM `tuser` [ RunTime:0.0004s ]
SQL: SHOW COLUMNS FROM `tarticle` [ RunTime:0.0004s ]
SQL: SELECT COUNT(*) AS tp_count FROM `article` LIMIT 1   [ RunTime:0.0005s ]
SQL: SELECT * FROM `article` ORDER BY article_update desc LIMIT 0,9   [ RunTime:0.0003s ]
SQL: SHOW COLUMNS FROM `user` [ RunTime:0.0008s ]
SQL: SELECT `user_id`,`user_name`,`user_img` FROM `user` WHERE `user_id` = 807  [ RunTime:0.0002s ]
SQL: SELECT `user_id`,`user_name`,`user_img` FROM `user` WHERE `user_id` = 793  [ RunTime:0.0002s ]
SQL: SELECT `user_id`,`user_name`,`user_img` FROM `user` WHERE `user_id` = 793  [ RunTime:0.0001s ]
SQL: SELECT `user_id`,`user_name`,`user_img` FROM `user` WHERE `user_id` = 811  [ RunTime:0.0001s ]
SQL: SELECT `user_id`,`user_name`,`user_img` FROM `user` WHERE `user_id` = 811  [ RunTime:0.0001s ]
SQL: SELECT `user_id`,`user_name`,`user_img` FROM `user` WHERE `user_id` = 793  [ RunTime:0.0002s ]
SQL: SELECT `user_id`,`user_name`,`user_img` FROM `user` WHERE `user_id` = 793  [ RunTime:0.0001s ]
SQL: SELECT `user_id`,`user_name`,`user_img` FROM `user` WHERE `user_id` = 811  [ RunTime:0.0002s ]
SQL: SELECT `user_id`,`user_name`,`user_img` FROM `user` WHERE `user_id` = 808  [ RunTime:0.0002s ]
SQL: SELECT `user_id`,`user_name`,`user_exp`,`user_img`,`user_brief` FROM `user` ORDER BY user_exp desc LIMIT 4   [ RunTime:0.0002s ]
SQL: SELECT * FROM `tuser` ORDER BY tuser_publish desc LIMIT 10   [ RunTime:0.0001s ]
SQL: SHOW COLUMNS FROM `user` [ RunTime:0.0007s ]
SQL: SELECT * FROM `user` WHERE `user_id` = 793  [ RunTime:0.0002s ]
SQL: SELECT * FROM `user` WHERE `user_id` = 794  [ RunTime:0.0003s ]
SQL: SELECT * FROM `tarticle` ORDER BY tarticle_continue desc LIMIT 10   [ RunTime:0.0002s ]
INFO: [ view_parse ] --START--
INFO: [ template_filter ] --START--
INFO: Run Behavior\ContentReplaceBehavior [ RunTime:0.000139s ]
INFO: [ template_filter ] --END-- [ RunTime:0.000195s ]
NOTIC: [8] Undefined variable: login_info /var/www/html/daixu/Application/Runtime/Cache/Home/e47f4754f315ce581fa03e89eac20acb.php 第 32 行.
NOTIC: [8] Undefined variable: notice_news_num /var/www/html/daixu/Application/Runtime/Cache/Home/e47f4754f315ce581fa03e89eac20acb.php 第 35 行.
NOTIC: [8] Undefined variable: login_info /var/www/html/daixu/Application/Runtime/Cache/Home/e47f4754f315ce581fa03e89eac20acb.php 第 38 行.
NOTIC: [8] Undefined variable: login_info /var/www/html/daixu/Application/Runtime/Cache/Home/e47f4754f315ce581fa03e89eac20acb.php 第 38 行.
NOTIC: [8] Undefined variable: login_info /var/www/html/daixu/Application/Runtime/Cache/Home/e47f4754f315ce581fa03e89eac20acb.php 第 116 行.
NOTIC: [8] Undefined variable: login_info /var/www/html/daixu/Application/Runtime/Cache/Home/e47f4754f315ce581fa03e89eac20acb.php 第 117 行.
NOTIC: [8] Undefined variable: login_info /var/www/html/daixu/Application/Runtime/Cache/Home/e47f4754f315ce581fa03e89eac20acb.php 第 117 行.
NOTIC: [8] Undefined variable: login_info /var/www/html/daixu/Application/Runtime/Cache/Home/e47f4754f315ce581fa03e89eac20acb.php 第 119 行.
NOTIC: [8] Undefined variable: login_info /var/www/html/daixu/Application/Runtime/Cache/Home/e47f4754f315ce581fa03e89eac20acb.php 第 120 行.
NOTIC: [8] Undefined variable: login_info /var/www/html/daixu/Application/Runtime/Cache/Home/e47f4754f315ce581fa03e89eac20acb.php 第 121 行.
INFO: Run Behavior\ParseTemplateBehavior [ RunTime:0.013270s ]
INFO: [ view_parse ] --END-- [ RunTime:0.013329s ]
INFO: [ view_filter ] --START--
INFO: Run Behavior\WriteHtmlCacheBehavior [ RunTime:0.000141s ]
INFO: [ view_filter ] --END-- [ RunTime:0.000186s ]
INFO: [ app_end ] --START--
INFO: Run Behavior\ShowPageTraceBehavior [ RunTime:0.000456s ]
INFO: [ app_end ] --END-- [ RunTime:0.000506s ]

[ 2016-08-31T19:57:51+08:00 ] 123.56.65.139 /
INFO: [ app_init ] --START--
INFO: Run Behavior\BuildLiteBehavior [ RunTime:0.000015s ]
INFO: [ app_init ] --END-- [ RunTime:0.000285s ]
INFO: [ app_begin ] --START--
INFO: Run Behavior\ReadHtmlCacheBehavior [ RunTime:0.000368s ]
INFO: [ app_begin ] --END-- [ RunTime:0.000422s ]
SQL: SHOW COLUMNS FROM `adv` [ RunTime:0.0007s ]
SQL: SHOW COLUMNS FROM `article` [ RunTime:0.0006s ]
SQL: SHOW COLUMNS FROM `user` [ RunTime:0.0006s ]
SQL: SHOW COLUMNS FROM `tuser` [ RunTime:0.0004s ]
SQL: SHOW COLUMNS FROM `tarticle` [ RunTime:0.0004s ]
SQL: SELECT COUNT(*) AS tp_count FROM `article` LIMIT 1   [ RunTime:0.0004s ]
SQL: SELECT * FROM `article` ORDER BY article_update desc LIMIT 0,9   [ RunTime:0.0004s ]
SQL: SHOW COLUMNS FROM `user` [ RunTime:0.0006s ]
SQL: SELECT `user_id`,`user_name`,`user_img` FROM `user` WHERE `user_id` = 807  [ RunTime:0.0002s ]
SQL: SELECT `user_id`,`user_name`,`user_img` FROM `user` WHERE `user_id` = 793  [ RunTime:0.0003s ]
SQL: SELECT `user_id`,`user_name`,`user_img` FROM `user` WHERE `user_id` = 793  [ RunTime:0.0002s ]
SQL: SELECT `user_id`,`user_name`,`user_img` FROM `user` WHERE `user_id` = 811  [ RunTime:0.0001s ]
SQL: SELECT `user_id`,`user_name`,`user_img` FROM `user` WHERE `user_id` = 811  [ RunTime:0.0001s ]
SQL: SELECT `user_id`,`user_name`,`user_img` FROM `user` WHERE `user_id` = 793  [ RunTime:0.0001s ]
SQL: SELECT `user_id`,`user_name`,`user_img` FROM `user` WHERE `user_id` = 793  [ RunTime:0.0002s ]
SQL: SELECT `user_id`,`user_name`,`user_img` FROM `user` WHERE `user_id` = 811  [ RunTime:0.0001s ]
SQL: SELECT `user_id`,`user_name`,`user_img` FROM `user` WHERE `user_id` = 808  [ RunTime:0.0001s ]
SQL: SELECT `user_id`,`user_name`,`user_exp`,`user_img`,`user_brief` FROM `user` ORDER BY user_exp desc LIMIT 4   [ RunTime:0.0002s ]
SQL: SELECT * FROM `tuser` ORDER BY tuser_publish desc LIMIT 10   [ RunTime:0.0002s ]
SQL: SHOW COLUMNS FROM `user` [ RunTime:0.0006s ]
SQL: SELECT * FROM `user` WHERE `user_id` = 793  [ RunTime:0.0002s ]
SQL: SELECT * FROM `user` WHERE `user_id` = 794  [ RunTime:0.0002s ]
SQL: SELECT * FROM `tarticle` ORDER BY tarticle_continue desc LIMIT 10   [ RunTime:0.0002s ]
INFO: [ view_parse ] --START--
INFO: [ template_filter ] --START--
INFO: Run Behavior\ContentReplaceBehavior [ RunTime:0.000129s ]
INFO: [ template_filter ] --END-- [ RunTime:0.000221s ]
NOTIC: [8] Undefined variable: login_info /var/www/html/daixu/Application/Runtime/Cache/Home/e47f4754f315ce581fa03e89eac20acb.php 第 32 行.
NOTIC: [8] Undefined variable: notice_news_num /var/www/html/daixu/Application/Runtime/Cache/Home/e47f4754f315ce581fa03e89eac20acb.php 第 35 行.
NOTIC: [8] Undefined variable: login_info /var/www/html/daixu/Application/Runtime/Cache/Home/e47f4754f315ce581fa03e89eac20acb.php 第 38 行.
NOTIC: [8] Undefined variable: login_info /var/www/html/daixu/Application/Runtime/Cache/Home/e47f4754f315ce581fa03e89eac20acb.php 第 38 行.
NOTIC: [8] Undefined variable: login_info /var/www/html/daixu/Application/Runtime/Cache/Home/e47f4754f315ce581fa03e89eac20acb.php 第 116 行.
NOTIC: [8] Undefined variable: login_info /var/www/html/daixu/Application/Runtime/Cache/Home/e47f4754f315ce581fa03e89eac20acb.php 第 117 行.
NOTIC: [8] Undefined variable: login_info /var/www/html/daixu/Application/Runtime/Cache/Home/e47f4754f315ce581fa03e89eac20acb.php 第 117 行.
NOTIC: [8] Undefined variable: login_info /var/www/html/daixu/Application/Runtime/Cache/Home/e47f4754f315ce581fa03e89eac20acb.php 第 119 行.
NOTIC: [8] Undefined variable: login_info /var/www/html/daixu/Application/Runtime/Cache/Home/e47f4754f315ce581fa03e89eac20acb.php 第 120 行.
NOTIC: [8] Undefined variable: login_info /var/www/html/daixu/Application/Runtime/Cache/Home/e47f4754f315ce581fa03e89eac20acb.php 第 121 行.
INFO: Run Behavior\ParseTemplateBehavior [ RunTime:0.021588s ]
INFO: [ view_parse ] --END-- [ RunTime:0.021637s ]
INFO: [ view_filter ] --START--
INFO: Run Behavior\WriteHtmlCacheBehavior [ RunTime:0.000152s ]
INFO: [ view_filter ] --END-- [ RunTime:0.000191s ]
INFO: [ app_end ] --START--
INFO: Run Behavior\ShowPageTraceBehavior [ RunTime:0.000506s ]
INFO: [ app_end ] --END-- [ RunTime:0.000552s ]

[ 2016-08-31T20:32:53+08:00 ] 107.151.202.23 http://www.sbjudge2.com/azenv.php
INFO: [ app_init ] --START--
INFO: Run Behavior\BuildLiteBehavior [ RunTime:0.000015s ]
INFO: [ app_init ] --END-- [ RunTime:0.000292s ]
INFO: [ app_begin ] --START--
INFO: Run Behavior\ReadHtmlCacheBehavior [ RunTime:0.000410s ]
INFO: [ app_begin ] --END-- [ RunTime:0.000456s ]
ERR: 无法加载控制器:Azenv.php

[ 2016-08-31T20:32:54+08:00 ] 107.151.202.23 www.alipay.com:443
INFO: [ app_init ] --START--
INFO: Run Behavior\BuildLiteBehavior [ RunTime:0.000015s ]
INFO: [ app_init ] --END-- [ RunTime:0.000282s ]
INFO: [ app_begin ] --START--
INFO: Run Behavior\ReadHtmlCacheBehavior [ RunTime:0.000347s ]
INFO: [ app_begin ] --END-- [ RunTime:0.000395s ]
SQL: SHOW COLUMNS FROM `adv` [ RunTime:0.0006s ]
SQL: SHOW COLUMNS FROM `article` [ RunTime:0.0005s ]
SQL: SHOW COLUMNS FROM `user` [ RunTime:0.0006s ]
SQL: SHOW COLUMNS FROM `tuser` [ RunTime:0.0004s ]
SQL: SHOW COLUMNS FROM `tarticle` [ RunTime:0.0004s ]
SQL: SELECT COUNT(*) AS tp_count FROM `article` LIMIT 1   [ RunTime:0.0003s ]
SQL: SELECT * FROM `article` ORDER BY article_update desc LIMIT 0,9   [ RunTime:0.0003s ]
SQL: SHOW COLUMNS FROM `user` [ RunTime:0.0006s ]
SQL: SELECT `user_id`,`user_name`,`user_img` FROM `user` WHERE `user_id` = 807  [ RunTime:0.0002s ]
SQL: SELECT `user_id`,`user_name`,`user_img` FROM `user` WHERE `user_id` = 793  [ RunTime:0.0001s ]
SQL: SELECT `user_id`,`user_name`,`user_img` FROM `user` WHERE `user_id` = 793  [ RunTime:0.0001s ]
SQL: SELECT `user_id`,`user_name`,`user_img` FROM `user` WHERE `user_id` = 811  [ RunTime:0.0001s ]
SQL: SELECT `user_id`,`user_name`,`user_img` FROM `user` WHERE `user_id` = 811  [ RunTime:0.0001s ]
SQL: SELECT `user_id`,`user_name`,`user_img` FROM `user` WHERE `user_id` = 793  [ RunTime:0.0001s ]
SQL: SELECT `user_id`,`user_name`,`user_img` FROM `user` WHERE `user_id` = 793  [ RunTime:0.0001s ]
SQL: SELECT `user_id`,`user_name`,`user_img` FROM `user` WHERE `user_id` = 811  [ RunTime:0.0002s ]
SQL: SELECT `user_id`,`user_name`,`user_img` FROM `user` WHERE `user_id` = 808  [ RunTime:0.0001s ]
SQL: SELECT `user_id`,`user_name`,`user_exp`,`user_img`,`user_brief` FROM `user` ORDER BY user_exp desc LIMIT 4   [ RunTime:0.0002s ]
SQL: SELECT * FROM `tuser` ORDER BY tuser_publish desc LIMIT 10   [ RunTime:0.0001s ]
SQL: SHOW COLUMNS FROM `user` [ RunTime:0.0006s ]
SQL: SELECT * FROM `user` WHERE `user_id` = 793  [ RunTime:0.0002s ]
SQL: SELECT * FROM `user` WHERE `user_id` = 794  [ RunTime:0.0002s ]
SQL: SELECT * FROM `tarticle` ORDER BY tarticle_continue desc LIMIT 10   [ RunTime:0.0002s ]
INFO: [ view_parse ] --START--
INFO: [ template_filter ] --START--
INFO: Run Behavior\ContentReplaceBehavior [ RunTime:0.000134s ]
INFO: [ template_filter ] --END-- [ RunTime:0.000206s ]
NOTIC: [8] Undefined variable: login_info /var/www/html/daixu/Application/Runtime/Cache/Home/e47f4754f315ce581fa03e89eac20acb.php 第 32 行.
NOTIC: [8] Undefined variable: notice_news_num /var/www/html/daixu/Application/Runtime/Cache/Home/e47f4754f315ce581fa03e89eac20acb.php 第 35 行.
NOTIC: [8] Undefined variable: login_info /var/www/html/daixu/Application/Runtime/Cache/Home/e47f4754f315ce581fa03e89eac20acb.php 第 38 行.
NOTIC: [8] Undefined variable: login_info /var/www/html/daixu/Application/Runtime/Cache/Home/e47f4754f315ce581fa03e89eac20acb.php 第 38 行.
NOTIC: [8] Undefined variable: login_info /var/www/html/daixu/Application/Runtime/Cache/Home/e47f4754f315ce581fa03e89eac20acb.php 第 116 行.
NOTIC: [8] Undefined variable: login_info /var/www/html/daixu/Application/Runtime/Cache/Home/e47f4754f315ce581fa03e89eac20acb.php 第 117 行.
NOTIC: [8] Undefined variable: login_info /var/www/html/daixu/Application/Runtime/Cache/Home/e47f4754f315ce581fa03e89eac20acb.php 第 117 行.
NOTIC: [8] Undefined variable: login_info /var/www/html/daixu/Application/Runtime/Cache/Home/e47f4754f315ce581fa03e89eac20acb.php 第 119 行.
NOTIC: [8] Undefined variable: login_info /var/www/html/daixu/Application/Runtime/Cache/Home/e47f4754f315ce581fa03e89eac20acb.php 第 120 行.
NOTIC: [8] Undefined variable: login_info /var/www/html/daixu/Application/Runtime/Cache/Home/e47f4754f315ce581fa03e89eac20acb.php 第 121 行.
INFO: Run Behavior\ParseTemplateBehavior [ RunTime:0.014143s ]
INFO: [ view_parse ] --END-- [ RunTime:0.014188s ]
INFO: [ view_filter ] --START--
INFO: Run Behavior\WriteHtmlCacheBehavior [ RunTime:0.000125s ]
INFO: [ view_filter ] --END-- [ RunTime:0.000163s ]
INFO: [ app_end ] --START--
INFO: Run Behavior\ShowPageTraceBehavior [ RunTime:0.000444s ]
INFO: [ app_end ] --END-- [ RunTime:0.000498s ]

[ 2016-08-31T20:45:33+08:00 ] 171.88.125.198 /favicon.ico
INFO: [ app_init ] --START--
INFO: Run Behavior\BuildLiteBehavior [ RunTime:0.000126s ]
INFO: [ app_init ] --END-- [ RunTime:0.000414s ]

[ 2016-08-31T21:58:17+08:00 ] 171.221.44.41 /index.php
INFO: [ app_init ] --START--
INFO: Run Behavior\BuildLiteBehavior [ RunTime:0.000015s ]
INFO: [ app_init ] --END-- [ RunTime:0.000287s ]
INFO: [ app_begin ] --START--
INFO: Run Behavior\ReadHtmlCacheBehavior [ RunTime:0.000407s ]
INFO: [ app_begin ] --END-- [ RunTime:0.000451s ]
SQL: SHOW COLUMNS FROM `adv` [ RunTime:0.0007s ]
SQL: SHOW COLUMNS FROM `article` [ RunTime:0.0005s ]
SQL: SHOW COLUMNS FROM `user` [ RunTime:0.0006s ]
SQL: SHOW COLUMNS FROM `tuser` [ RunTime:0.0004s ]
SQL: SHOW COLUMNS FROM `tarticle` [ RunTime:0.0004s ]
SQL: SELECT COUNT(*) AS tp_count FROM `article` LIMIT 1   [ RunTime:0.0003s ]
SQL: SELECT * FROM `article` ORDER BY article_update desc LIMIT 0,9   [ RunTime:0.0003s ]
SQL: SHOW COLUMNS FROM `user` [ RunTime:0.0008s ]
SQL: SELECT `user_id`,`user_name`,`user_img` FROM `user` WHERE `user_id` = 807  [ RunTime:0.0002s ]
SQL: SELECT `user_id`,`user_name`,`user_img` FROM `user` WHERE `user_id` = 793  [ RunTime:0.0002s ]
SQL: SELECT `user_id`,`user_name`,`user_img` FROM `user` WHERE `user_id` = 793  [ RunTime:0.0001s ]
SQL: SELECT `user_id`,`user_name`,`user_img` FROM `user` WHERE `user_id` = 811  [ RunTime:0.0002s ]
SQL: SELECT `user_id`,`user_name`,`user_img` FROM `user` WHERE `user_id` = 811  [ RunTime:0.0001s ]
SQL: SELECT `user_id`,`user_name`,`user_img` FROM `user` WHERE `user_id` = 793  [ RunTime:0.0001s ]
SQL: SELECT `user_id`,`user_name`,`user_img` FROM `user` WHERE `user_id` = 793  [ RunTime:0.0002s ]
SQL: SELECT `user_id`,`user_name`,`user_img` FROM `user` WHERE `user_id` = 811  [ RunTime:0.0001s ]
SQL: SELECT `user_id`,`user_name`,`user_img` FROM `user` WHERE `user_id` = 808  [ RunTime:0.0001s ]
SQL: SELECT `user_id`,`user_name`,`user_exp`,`user_img`,`user_brief` FROM `user` ORDER BY user_exp desc LIMIT 4   [ RunTime:0.0002s ]
SQL: SELECT * FROM `tuser` ORDER BY tuser_publish desc LIMIT 10   [ RunTime:0.0001s ]
SQL: SHOW COLUMNS FROM `user` [ RunTime:0.0006s ]
SQL: SELECT * FROM `user` WHERE `user_id` = 793  [ RunTime:0.0002s ]
SQL: SELECT * FROM `user` WHERE `user_id` = 794  [ RunTime:0.0002s ]
SQL: SELECT * FROM `tarticle` ORDER BY tarticle_continue desc LIMIT 10   [ RunTime:0.0002s ]
INFO: [ view_parse ] --START--
INFO: [ template_filter ] --START--
INFO: Run Behavior\ContentReplaceBehavior [ RunTime:0.000110s ]
INFO: [ template_filter ] --END-- [ RunTime:0.000160s ]
NOTIC: [8] Undefined variable: login_info /var/www/html/daixu/Application/Runtime/Cache/Home/e47f4754f315ce581fa03e89eac20acb.php 第 32 行.
NOTIC: [8] Undefined variable: notice_news_num /var/www/html/daixu/Application/Runtime/Cache/Home/e47f4754f315ce581fa03e89eac20acb.php 第 35 行.
NOTIC: [8] Undefined variable: login_info /var/www/html/daixu/Application/Runtime/Cache/Home/e47f4754f315ce581fa03e89eac20acb.php 第 38 行.
NOTIC: [8] Undefined variable: login_info /var/www/html/daixu/Application/Runtime/Cache/Home/e47f4754f315ce581fa03e89eac20acb.php 第 38 行.
NOTIC: [8] Undefined variable: login_info /var/www/html/daixu/Application/Runtime/Cache/Home/e47f4754f315ce581fa03e89eac20acb.php 第 116 行.
NOTIC: [8] Undefined variable: login_info /var/www/html/daixu/Application/Runtime/Cache/Home/e47f4754f315ce581fa03e89eac20acb.php 第 117 行.
NOTIC: [8] Undefined variable: login_info /var/www/html/daixu/Application/Runtime/Cache/Home/e47f4754f315ce581fa03e89eac20acb.php 第 117 行.
NOTIC: [8] Undefined variable: login_info /var/www/html/daixu/Application/Runtime/Cache/Home/e47f4754f315ce581fa03e89eac20acb.php 第 119 行.
NOTIC: [8] Undefined variable: login_info /var/www/html/daixu/Application/Runtime/Cache/Home/e47f4754f315ce581fa03e89eac20acb.php 第 120 行.
NOTIC: [8] Undefined variable: login_info /var/www/html/daixu/Application/Runtime/Cache/Home/e47f4754f315ce581fa03e89eac20acb.php 第 121 行.
INFO: Run Behavior\ParseTemplateBehavior [ RunTime:0.013006s ]
INFO: [ view_parse ] --END-- [ RunTime:0.013064s ]
INFO: [ view_filter ] --START--
INFO: Run Behavior\WriteHtmlCacheBehavior [ RunTime:0.000125s ]
INFO: [ view_filter ] --END-- [ RunTime:0.000164s ]
INFO: [ app_end ] --START--
INFO: Run Behavior\ShowPageTraceBehavior [ RunTime:0.000491s ]
INFO: [ app_end ] --END-- [ RunTime:0.000539s ]

[ 2016-08-31T22:46:26+08:00 ] 107.151.202.23 http://www.proxyjudge.info/azenv.php
INFO: [ app_init ] --START--
INFO: Run Behavior\BuildLiteBehavior [ RunTime:0.000018s ]
INFO: [ app_init ] --END-- [ RunTime:0.000302s ]
INFO: [ app_begin ] --START--
INFO: Run Behavior\ReadHtmlCacheBehavior [ RunTime:0.000626s ]
INFO: [ app_begin ] --END-- [ RunTime:0.000706s ]
ERR: 无法加载控制器:Azenv.php

[ 2016-08-31T22:46:26+08:00 ] 107.151.202.23 www.alipay.com:443
INFO: [ app_init ] --START--
INFO: Run Behavior\BuildLiteBehavior [ RunTime:0.000019s ]
INFO: [ app_init ] --END-- [ RunTime:0.000304s ]
INFO: [ app_begin ] --START--
INFO: Run Behavior\ReadHtmlCacheBehavior [ RunTime:0.000401s ]
INFO: [ app_begin ] --END-- [ RunTime:0.000516s ]
SQL: SHOW COLUMNS FROM `adv` [ RunTime:0.0006s ]
SQL: SHOW COLUMNS FROM `article` [ RunTime:0.0006s ]
SQL: SHOW COLUMNS FROM `user` [ RunTime:0.0007s ]
SQL: SHOW COLUMNS FROM `tuser` [ RunTime:0.0004s ]
SQL: SHOW COLUMNS FROM `tarticle` [ RunTime:0.0004s ]
SQL: SELECT COUNT(*) AS tp_count FROM `article` LIMIT 1   [ RunTime:0.0003s ]
SQL: SELECT * FROM `article` ORDER BY article_update desc LIMIT 0,9   [ RunTime:0.0003s ]
SQL: SHOW COLUMNS FROM `user` [ RunTime:0.0006s ]
SQL: SELECT `user_id`,`user_name`,`user_img` FROM `user` WHERE `user_id` = 807  [ RunTime:0.0002s ]
SQL: SELECT `user_id`,`user_name`,`user_img` FROM `user` WHERE `user_id` = 793  [ RunTime:0.0001s ]
SQL: SELECT `user_id`,`user_name`,`user_img` FROM `user` WHERE `user_id` = 793  [ RunTime:0.0001s ]
SQL: SELECT `user_id`,`user_name`,`user_img` FROM `user` WHERE `user_id` = 811  [ RunTime:0.0002s ]
SQL: SELECT `user_id`,`user_name`,`user_img` FROM `user` WHERE `user_id` = 811  [ RunTime:0.0001s ]
SQL: SELECT `user_id`,`user_name`,`user_img` FROM `user` WHERE `user_id` = 793  [ RunTime:0.0001s ]
SQL: SELECT `user_id`,`user_name`,`user_img` FROM `user` WHERE `user_id` = 793  [ RunTime:0.0001s ]
SQL: SELECT `user_id`,`user_name`,`user_img` FROM `user` WHERE `user_id` = 811  [ RunTime:0.0001s ]
SQL: SELECT `user_id`,`user_name`,`user_img` FROM `user` WHERE `user_id` = 808  [ RunTime:0.0001s ]
SQL: SELECT `user_id`,`user_name`,`user_exp`,`user_img`,`user_brief` FROM `user` ORDER BY user_exp desc LIMIT 4   [ RunTime:0.0002s ]
SQL: SELECT * FROM `tuser` ORDER BY tuser_publish desc LIMIT 10   [ RunTime:0.0001s ]
SQL: SHOW COLUMNS FROM `user` [ RunTime:0.0006s ]
SQL: SELECT * FROM `user` WHERE `user_id` = 793  [ RunTime:0.0002s ]
SQL: SELECT * FROM `user` WHERE `user_id` = 794  [ RunTime:0.0002s ]
SQL: SELECT * FROM `tarticle` ORDER BY tarticle_continue desc LIMIT 10   [ RunTime:0.0002s ]
INFO: [ view_parse ] --START--
INFO: [ template_filter ] --START--
INFO: Run Behavior\ContentReplaceBehavior [ RunTime:0.000119s ]
INFO: [ template_filter ] --END-- [ RunTime:0.000175s ]
NOTIC: [8] Undefined variable: login_info /var/www/html/daixu/Application/Runtime/Cache/Home/e47f4754f315ce581fa03e89eac20acb.php 第 32 行.
NOTIC: [8] Undefined variable: notice_news_num /var/www/html/daixu/Application/Runtime/Cache/Home/e47f4754f315ce581fa03e89eac20acb.php 第 35 行.
NOTIC: [8] Undefined variable: login_info /var/www/html/daixu/Application/Runtime/Cache/Home/e47f4754f315ce581fa03e89eac20acb.php 第 38 行.
NOTIC: [8] Undefined variable: login_info /var/www/html/daixu/Application/Runtime/Cache/Home/e47f4754f315ce581fa03e89eac20acb.php 第 38 行.
NOTIC: [8] Undefined variable: login_info /var/www/html/daixu/Application/Runtime/Cache/Home/e47f4754f315ce581fa03e89eac20acb.php 第 116 行.
NOTIC: [8] Undefined variable: login_info /var/www/html/daixu/Application/Runtime/Cache/Home/e47f4754f315ce581fa03e89eac20acb.php 第 117 行.
NOTIC: [8] Undefined variable: login_info /var/www/html/daixu/Application/Runtime/Cache/Home/e47f4754f315ce581fa03e89eac20acb.php 第 117 行.
NOTIC: [8] Undefined variable: login_info /var/www/html/daixu/Application/Runtime/Cache/Home/e47f4754f315ce581fa03e89eac20acb.php 第 119 行.
NOTIC: [8] Undefined variable: login_info /var/www/html/daixu/Application/Runtime/Cache/Home/e47f4754f315ce581fa03e89eac20acb.php 第 120 行.
NOTIC: [8] Undefined variable: login_info /var/www/html/daixu/Application/Runtime/Cache/Home/e47f4754f315ce581fa03e89eac20acb.php 第 121 行.
INFO: Run Behavior\ParseTemplateBehavior [ RunTime:0.013243s ]
INFO: [ view_parse ] --END-- [ RunTime:0.013292s ]
INFO: [ view_filter ] --START--
INFO: Run Behavior\WriteHtmlCacheBehavior [ RunTime:0.000127s ]
INFO: [ view_filter ] --END-- [ RunTime:0.000165s ]
INFO: [ app_end ] --START--
INFO: Run Behavior\ShowPageTraceBehavior [ RunTime:0.000397s ]
INFO: [ app_end ] --END-- [ RunTime:0.000445s ]

