[ 2016-07-10T00:02:20+08:00 ] 123.249.27.192 http://60.173.26.241:61254/80
INFO: [ app_init ] --START--
INFO: Run Behavior\BuildLiteBehavior [ RunTime:0.000036s ]
INFO: [ app_init ] --END-- [ RunTime:0.013975s ]
INFO: [ app_begin ] --START--
INFO: Run Behavior\ReadHtmlCacheBehavior [ RunTime:0.023687s ]
INFO: [ app_begin ] --END-- [ RunTime:0.023828s ]
ERR: 无法加载控制器:80

[ 2016-07-10T00:11:37+08:00 ] 114.36.214.22 smtp.mail.yahoo.com:25
INFO: [ app_init ] --START--
INFO: Run Behavior\BuildLiteBehavior [ RunTime:0.000033s ]
INFO: [ app_init ] --END-- [ RunTime:0.026216s ]
INFO: [ app_begin ] --START--
INFO: Run Behavior\ReadHtmlCacheBehavior [ RunTime:0.016184s ]
INFO: [ app_begin ] --END-- [ RunTime:0.016284s ]
SQL: SHOW COLUMNS FROM `tuser` [ RunTime:0.0007s ]
SQL: SELECT * FROM `tuser` ORDER BY tuser_publish LIMIT 10   [ RunTime:0.0229s ]
ERR: Think\Controller:article_today_select方法不存在！

[ 2016-07-10T00:16:39+08:00 ] 23.251.51.125 http://www.luisaranguren.com/azenv.php
INFO: [ app_init ] --START--
INFO: Run Behavior\BuildLiteBehavior [ RunTime:0.000035s ]
INFO: [ app_init ] --END-- [ RunTime:0.009780s ]
INFO: [ app_begin ] --START--
INFO: Run Behavior\ReadHtmlCacheBehavior [ RunTime:0.022716s ]
INFO: [ app_begin ] --END-- [ RunTime:0.022836s ]
ERR: 无法加载控制器:Azenv.php

[ 2016-07-10T00:16:41+08:00 ] 23.251.51.125 www.alipay.com:443
INFO: [ app_init ] --START--
INFO: Run Behavior\BuildLiteBehavior [ RunTime:0.000022s ]
INFO: [ app_init ] --END-- [ RunTime:0.000371s ]
INFO: [ app_begin ] --START--
INFO: Run Behavior\ReadHtmlCacheBehavior [ RunTime:0.014975s ]
INFO: [ app_begin ] --END-- [ RunTime:0.015139s ]
SQL: SHOW COLUMNS FROM `tuser` [ RunTime:0.0007s ]
SQL: SELECT * FROM `tuser` ORDER BY tuser_publish LIMIT 10   [ RunTime:0.0230s ]
ERR: Think\Controller:article_today_select方法不存在！

[ 2016-07-10T00:24:01+08:00 ] 123.249.27.192 http://60.173.26.241:61254/80
INFO: [ app_init ] --START--
INFO: Run Behavior\BuildLiteBehavior [ RunTime:0.000038s ]
INFO: [ app_init ] --END-- [ RunTime:0.013026s ]
INFO: [ app_begin ] --START--
INFO: Run Behavior\ReadHtmlCacheBehavior [ RunTime:0.021507s ]
INFO: [ app_begin ] --END-- [ RunTime:0.021645s ]
ERR: 无法加载控制器:80

[ 2016-07-10T00:25:09+08:00 ] 114.36.214.22 smtp.mail.yahoo.com:25
INFO: [ app_init ] --START--
INFO: Run Behavior\BuildLiteBehavior [ RunTime:0.000036s ]
INFO: [ app_init ] --END-- [ RunTime:0.014051s ]
INFO: [ app_begin ] --START--
INFO: Run Behavior\ReadHtmlCacheBehavior [ RunTime:0.013947s ]
INFO: [ app_begin ] --END-- [ RunTime:0.014075s ]
SQL: SHOW COLUMNS FROM `tuser` [ RunTime:0.0136s ]
SQL: SELECT * FROM `tuser` ORDER BY tuser_publish LIMIT 10   [ RunTime:0.0135s ]
ERR: Think\Controller:article_today_select方法不存在！

[ 2016-07-10T00:38:49+08:00 ] 114.36.214.22 smtp.mail.yahoo.com:25
INFO: [ app_init ] --START--
INFO: Run Behavior\BuildLiteBehavior [ RunTime:0.000040s ]
INFO: [ app_init ] --END-- [ RunTime:0.013007s ]
INFO: [ app_begin ] --START--
INFO: Run Behavior\ReadHtmlCacheBehavior [ RunTime:0.019083s ]
INFO: [ app_begin ] --END-- [ RunTime:0.019212s ]
SQL: SHOW COLUMNS FROM `tuser` [ RunTime:0.0124s ]
SQL: SELECT * FROM `tuser` ORDER BY tuser_publish LIMIT 10   [ RunTime:0.0173s ]
ERR: Think\Controller:article_today_select方法不存在！

[ 2016-07-10T00:45:34+08:00 ] 123.249.27.192 http://60.173.26.241:61254/80
INFO: [ app_init ] --START--
INFO: Run Behavior\BuildLiteBehavior [ RunTime:0.000035s ]
INFO: [ app_init ] --END-- [ RunTime:0.013027s ]
INFO: [ app_begin ] --START--
INFO: Run Behavior\ReadHtmlCacheBehavior [ RunTime:0.026711s ]
INFO: [ app_begin ] --END-- [ RunTime:0.026847s ]
ERR: 无法加载控制器:80

[ 2016-07-10T00:52:34+08:00 ] 114.36.214.22 smtp.mail.yahoo.com:25
INFO: [ app_init ] --START--
INFO: Run Behavior\BuildLiteBehavior [ RunTime:0.000025s ]
INFO: [ app_init ] --END-- [ RunTime:0.006951s ]
INFO: [ app_begin ] --START--
INFO: Run Behavior\ReadHtmlCacheBehavior [ RunTime:0.015919s ]
INFO: [ app_begin ] --END-- [ RunTime:0.016047s ]
SQL: SHOW COLUMNS FROM `tuser` [ RunTime:0.0072s ]
SQL: SELECT * FROM `tuser` ORDER BY tuser_publish LIMIT 10   [ RunTime:0.0222s ]
ERR: Think\Controller:article_today_select方法不存在！

[ 2016-07-10T01:06:20+08:00 ] 114.36.214.22 smtp.mail.yahoo.com:25
INFO: [ app_init ] --START--
INFO: Run Behavior\BuildLiteBehavior [ RunTime:0.000034s ]
INFO: [ app_init ] --END-- [ RunTime:0.012133s ]
INFO: [ app_begin ] --START--
INFO: Run Behavior\ReadHtmlCacheBehavior [ RunTime:0.012914s ]
INFO: [ app_begin ] --END-- [ RunTime:0.013021s ]
SQL: SHOW COLUMNS FROM `tuser` [ RunTime:0.0007s ]
SQL: SELECT * FROM `tuser` ORDER BY tuser_publish LIMIT 10   [ RunTime:0.0258s ]
ERR: Think\Controller:article_today_select方法不存在！

[ 2016-07-10T01:07:35+08:00 ] 123.249.27.192 http://60.173.26.241:61254/80
INFO: [ app_init ] --START--
INFO: Run Behavior\BuildLiteBehavior [ RunTime:0.000035s ]
INFO: [ app_init ] --END-- [ RunTime:0.012969s ]
INFO: [ app_begin ] --START--
INFO: Run Behavior\ReadHtmlCacheBehavior [ RunTime:0.017735s ]
INFO: [ app_begin ] --END-- [ RunTime:0.017872s ]
ERR: 无法加载控制器:80

[ 2016-07-10T01:20:04+08:00 ] 114.36.214.22 smtp.mail.yahoo.com:25
INFO: [ app_init ] --START--
INFO: Run Behavior\BuildLiteBehavior [ RunTime:0.000029s ]
INFO: [ app_init ] --END-- [ RunTime:0.000370s ]
INFO: [ app_begin ] --START--
INFO: Run Behavior\ReadHtmlCacheBehavior [ RunTime:0.025342s ]
INFO: [ app_begin ] --END-- [ RunTime:0.025487s ]
SQL: SHOW COLUMNS FROM `tuser` [ RunTime:0.0168s ]
SQL: SELECT * FROM `tuser` ORDER BY tuser_publish LIMIT 10   [ RunTime:0.0137s ]
ERR: Think\Controller:article_today_select方法不存在！

[ 2016-07-10T01:33:20+08:00 ] 123.249.27.191 http://60.173.26.241:61254/80
INFO: [ app_init ] --START--
INFO: Run Behavior\BuildLiteBehavior [ RunTime:0.000037s ]
INFO: [ app_init ] --END-- [ RunTime:0.015948s ]
INFO: [ app_begin ] --START--
INFO: Run Behavior\ReadHtmlCacheBehavior [ RunTime:0.019425s ]
INFO: [ app_begin ] --END-- [ RunTime:0.019543s ]
ERR: 无法加载控制器:80

[ 2016-07-10T01:33:35+08:00 ] 23.251.51.125 http://domkrim.com/av.php
INFO: [ app_init ] --START--
INFO: Run Behavior\BuildLiteBehavior [ RunTime:0.000036s ]
INFO: [ app_init ] --END-- [ RunTime:0.029073s ]
INFO: [ app_begin ] --START--
INFO: Run Behavior\ReadHtmlCacheBehavior [ RunTime:0.025293s ]
INFO: [ app_begin ] --END-- [ RunTime:0.025409s ]
ERR: 无法加载控制器:Av.php

[ 2016-07-10T01:33:36+08:00 ] 23.251.51.125 www.baidu.com:443
INFO: [ app_init ] --START--
INFO: Run Behavior\BuildLiteBehavior [ RunTime:0.000031s ]
INFO: [ app_init ] --END-- [ RunTime:0.021286s ]
INFO: [ app_begin ] --START--
INFO: Run Behavior\ReadHtmlCacheBehavior [ RunTime:0.018763s ]
INFO: [ app_begin ] --END-- [ RunTime:0.018902s ]
SQL: SHOW COLUMNS FROM `tuser` [ RunTime:0.0083s ]
SQL: SELECT * FROM `tuser` ORDER BY tuser_publish LIMIT 10   [ RunTime:0.0170s ]
ERR: Think\Controller:article_today_select方法不存在！

[ 2016-07-10T01:34:12+08:00 ] 114.36.214.22 smtp.mail.yahoo.com:25
INFO: [ app_init ] --START--
INFO: Run Behavior\BuildLiteBehavior [ RunTime:0.000036s ]
INFO: [ app_init ] --END-- [ RunTime:0.018782s ]
INFO: [ app_begin ] --START--
INFO: Run Behavior\ReadHtmlCacheBehavior [ RunTime:0.019775s ]
INFO: [ app_begin ] --END-- [ RunTime:0.019925s ]
ERR: Think\Controller:article_today_select方法不存在！

[ 2016-07-10T01:48:07+08:00 ] 114.36.214.22 smtp.mail.yahoo.com:25
INFO: [ app_init ] --START--
INFO: Run Behavior\BuildLiteBehavior [ RunTime:0.000036s ]
INFO: [ app_init ] --END-- [ RunTime:0.012968s ]
INFO: [ app_begin ] --START--
INFO: Run Behavior\ReadHtmlCacheBehavior [ RunTime:0.020784s ]
INFO: [ app_begin ] --END-- [ RunTime:0.020928s ]
SQL: SHOW COLUMNS FROM `tuser` [ RunTime:0.0228s ]
SQL: SELECT * FROM `tuser` ORDER BY tuser_publish LIMIT 10   [ RunTime:0.0097s ]
ERR: Think\Controller:article_today_select方法不存在！

[ 2016-07-10T01:51:53+08:00 ] 123.249.27.192 http://60.173.26.241:61254/80
INFO: [ app_init ] --START--
INFO: Run Behavior\BuildLiteBehavior [ RunTime:0.000043s ]
INFO: [ app_init ] --END-- [ RunTime:0.017716s ]
INFO: [ app_begin ] --START--
INFO: Run Behavior\ReadHtmlCacheBehavior [ RunTime:0.031286s ]
INFO: [ app_begin ] --END-- [ RunTime:0.031422s ]
ERR: 无法加载控制器:80

[ 2016-07-10T02:02:54+08:00 ] 114.36.214.22 smtp.mail.yahoo.com:25
INFO: [ app_init ] --START--
INFO: Run Behavior\BuildLiteBehavior [ RunTime:0.000036s ]
INFO: [ app_init ] --END-- [ RunTime:0.022457s ]
INFO: [ app_begin ] --START--
INFO: Run Behavior\ReadHtmlCacheBehavior [ RunTime:0.019634s ]
INFO: [ app_begin ] --END-- [ RunTime:0.019763s ]
SQL: SHOW COLUMNS FROM `tuser` [ RunTime:0.0145s ]
SQL: SELECT * FROM `tuser` ORDER BY tuser_publish LIMIT 10   [ RunTime:0.0202s ]
ERR: Think\Controller:article_today_select方法不存在！

[ 2016-07-10T02:03:41+08:00 ] 80.82.78.38 http://www.baidu.com/cache/global/img/gs.gif
INFO: [ app_init ] --START--
INFO: Run Behavior\BuildLiteBehavior [ RunTime:0.000037s ]
INFO: [ app_init ] --END-- [ RunTime:0.014978s ]

[ 2016-07-10T02:13:03+08:00 ] 123.249.27.191 http://60.173.26.241:61254/80
INFO: [ app_init ] --START--
INFO: Run Behavior\BuildLiteBehavior [ RunTime:0.000022s ]
INFO: [ app_init ] --END-- [ RunTime:0.000368s ]
INFO: [ app_begin ] --START--
INFO: Run Behavior\ReadHtmlCacheBehavior [ RunTime:0.018710s ]
INFO: [ app_begin ] --END-- [ RunTime:0.018833s ]
ERR: 无法加载控制器:80

[ 2016-07-10T02:18:32+08:00 ] 114.36.214.22 smtp.mail.yahoo.com:25
INFO: [ app_init ] --START--
INFO: Run Behavior\BuildLiteBehavior [ RunTime:0.000033s ]
INFO: [ app_init ] --END-- [ RunTime:0.006996s ]
INFO: [ app_begin ] --START--
INFO: Run Behavior\ReadHtmlCacheBehavior [ RunTime:0.017762s ]
INFO: [ app_begin ] --END-- [ RunTime:0.017891s ]
SQL: SHOW COLUMNS FROM `tuser` [ RunTime:0.0131s ]
SQL: SELECT * FROM `tuser` ORDER BY tuser_publish LIMIT 10   [ RunTime:0.0203s ]
ERR: Think\Controller:article_today_select方法不存在！

[ 2016-07-10T02:33:09+08:00 ] 123.249.27.193 http://60.173.26.241:61254/80
INFO: [ app_init ] --START--
INFO: Run Behavior\BuildLiteBehavior [ RunTime:0.000036s ]
INFO: [ app_init ] --END-- [ RunTime:0.030236s ]
INFO: [ app_begin ] --START--
INFO: Run Behavior\ReadHtmlCacheBehavior [ RunTime:0.025642s ]
INFO: [ app_begin ] --END-- [ RunTime:0.025757s ]
ERR: 无法加载控制器:80

[ 2016-07-10T02:33:33+08:00 ] 114.36.214.22 smtp.mail.yahoo.com:25
INFO: [ app_init ] --START--
INFO: Run Behavior\BuildLiteBehavior [ RunTime:0.000037s ]
INFO: [ app_init ] --END-- [ RunTime:0.012106s ]
INFO: [ app_begin ] --START--
INFO: Run Behavior\ReadHtmlCacheBehavior [ RunTime:0.029133s ]
INFO: [ app_begin ] --END-- [ RunTime:0.029254s ]
SQL: SHOW COLUMNS FROM `tuser` [ RunTime:0.0211s ]
SQL: SELECT * FROM `tuser` ORDER BY tuser_publish LIMIT 10   [ RunTime:0.0093s ]
ERR: Think\Controller:article_today_select方法不存在！

[ 2016-07-10T02:49:05+08:00 ] 114.36.214.22 smtp.mail.yahoo.com:25
INFO: [ app_init ] --START--
INFO: Run Behavior\BuildLiteBehavior [ RunTime:0.000036s ]
INFO: [ app_init ] --END-- [ RunTime:0.013103s ]
INFO: [ app_begin ] --START--
INFO: Run Behavior\ReadHtmlCacheBehavior [ RunTime:0.018775s ]
INFO: [ app_begin ] --END-- [ RunTime:0.018899s ]
SQL: SHOW COLUMNS FROM `tuser` [ RunTime:0.0250s ]
SQL: SELECT * FROM `tuser` ORDER BY tuser_publish LIMIT 10   [ RunTime:0.0166s ]
ERR: Think\Controller:article_today_select方法不存在！

[ 2016-07-10T02:50:35+08:00 ] 23.251.51.125 http://www.proxyjudge.info/azenv.php
INFO: [ app_init ] --START--
INFO: Run Behavior\BuildLiteBehavior [ RunTime:0.000032s ]
INFO: [ app_init ] --END-- [ RunTime:0.018127s ]
INFO: [ app_begin ] --START--
INFO: Run Behavior\ReadHtmlCacheBehavior [ RunTime:0.024834s ]
INFO: [ app_begin ] --END-- [ RunTime:0.024948s ]
ERR: 无法加载控制器:Azenv.php

[ 2016-07-10T02:50:37+08:00 ] 23.251.51.125 www.baidu.com:443
INFO: [ app_init ] --START--
INFO: Run Behavior\BuildLiteBehavior [ RunTime:0.003428s ]
INFO: [ app_init ] --END-- [ RunTime:0.009785s ]
INFO: [ app_begin ] --START--
INFO: Run Behavior\ReadHtmlCacheBehavior [ RunTime:0.018780s ]
INFO: [ app_begin ] --END-- [ RunTime:0.018910s ]
SQL: SHOW COLUMNS FROM `tuser` [ RunTime:0.0189s ]
SQL: SELECT * FROM `tuser` ORDER BY tuser_publish LIMIT 10   [ RunTime:0.0084s ]
ERR: Think\Controller:article_today_select方法不存在！

[ 2016-07-10T02:54:13+08:00 ] 123.249.27.192 http://60.173.26.241:61254/80
INFO: [ app_init ] --START--
INFO: Run Behavior\BuildLiteBehavior [ RunTime:0.000042s ]
INFO: [ app_init ] --END-- [ RunTime:0.011826s ]
INFO: [ app_begin ] --START--
INFO: Run Behavior\ReadHtmlCacheBehavior [ RunTime:0.024715s ]
INFO: [ app_begin ] --END-- [ RunTime:0.024863s ]
ERR: 无法加载控制器:80

[ 2016-07-10T03:03:55+08:00 ] 114.36.214.22 smtp.mail.yahoo.com:25
INFO: [ app_init ] --START--
INFO: Run Behavior\BuildLiteBehavior [ RunTime:0.000030s ]
INFO: [ app_init ] --END-- [ RunTime:0.000426s ]
INFO: [ app_begin ] --START--
INFO: Run Behavior\ReadHtmlCacheBehavior [ RunTime:0.018750s ]
INFO: [ app_begin ] --END-- [ RunTime:0.018879s ]
SQL: SHOW COLUMNS FROM `tuser` [ RunTime:0.0139s ]
SQL: SELECT * FROM `tuser` ORDER BY tuser_publish LIMIT 10   [ RunTime:0.0146s ]
ERR: Think\Controller:article_today_select方法不存在！

[ 2016-07-10T03:05:24+08:00 ] 93.174.93.136 http://www.baidu.com/cache/global/img/gs.gif
INFO: [ app_init ] --START--
INFO: Run Behavior\BuildLiteBehavior [ RunTime:0.000036s ]
INFO: [ app_init ] --END-- [ RunTime:0.012053s ]

[ 2016-07-10T03:19:09+08:00 ] 114.36.214.22 smtp.mail.yahoo.com:25
INFO: [ app_init ] --START--
INFO: Run Behavior\BuildLiteBehavior [ RunTime:0.000022s ]
INFO: [ app_init ] --END-- [ RunTime:0.000365s ]
INFO: [ app_begin ] --START--
INFO: Run Behavior\ReadHtmlCacheBehavior [ RunTime:0.032153s ]
INFO: [ app_begin ] --END-- [ RunTime:0.032261s ]
SQL: SHOW COLUMNS FROM `tuser` [ RunTime:0.0260s ]
SQL: SELECT * FROM `tuser` ORDER BY tuser_publish LIMIT 10   [ RunTime:0.0144s ]
ERR: Think\Controller:article_today_select方法不存在！

[ 2016-07-10T03:32:44+08:00 ] 123.249.27.192 http://60.173.26.241:61254/80
INFO: [ app_init ] --START--
INFO: Run Behavior\BuildLiteBehavior [ RunTime:0.000046s ]
INFO: [ app_init ] --END-- [ RunTime:0.026375s ]
INFO: [ app_begin ] --START--
INFO: Run Behavior\ReadHtmlCacheBehavior [ RunTime:0.026604s ]
INFO: [ app_begin ] --END-- [ RunTime:0.026755s ]
ERR: 无法加载控制器:80

[ 2016-07-10T03:34:22+08:00 ] 114.36.214.22 smtp.mail.yahoo.com:25
INFO: [ app_init ] --START--
INFO: Run Behavior\BuildLiteBehavior [ RunTime:0.000046s ]
INFO: [ app_init ] --END-- [ RunTime:0.013199s ]
INFO: [ app_begin ] --START--
INFO: Run Behavior\ReadHtmlCacheBehavior [ RunTime:0.025694s ]
INFO: [ app_begin ] --END-- [ RunTime:0.025842s ]
SQL: SHOW COLUMNS FROM `tuser` [ RunTime:0.0078s ]
SQL: SELECT * FROM `tuser` ORDER BY tuser_publish LIMIT 10   [ RunTime:0.0115s ]
ERR: Think\Controller:article_today_select方法不存在！

[ 2016-07-10T03:50:02+08:00 ] 114.36.214.22 smtp.mail.yahoo.com:25
INFO: [ app_init ] --START--
INFO: Run Behavior\BuildLiteBehavior [ RunTime:0.000045s ]
INFO: [ app_init ] --END-- [ RunTime:0.016920s ]
INFO: [ app_begin ] --START--
INFO: Run Behavior\ReadHtmlCacheBehavior [ RunTime:0.022741s ]
INFO: [ app_begin ] --END-- [ RunTime:0.022874s ]
SQL: SHOW COLUMNS FROM `tuser` [ RunTime:0.0088s ]
SQL: SELECT * FROM `tuser` ORDER BY tuser_publish LIMIT 10   [ RunTime:0.0145s ]
ERR: Think\Controller:article_today_select方法不存在！

[ 2016-07-10T03:54:52+08:00 ] 123.249.27.192 http://60.173.26.241:61254/80
INFO: [ app_init ] --START--
INFO: Run Behavior\BuildLiteBehavior [ RunTime:0.000044s ]
INFO: [ app_init ] --END-- [ RunTime:0.014895s ]
INFO: [ app_begin ] --START--
INFO: Run Behavior\ReadHtmlCacheBehavior [ RunTime:0.031379s ]
INFO: [ app_begin ] --END-- [ RunTime:0.031519s ]
ERR: 无法加载控制器:80

[ 2016-07-10T03:56:24+08:00 ] 42.159.134.114 http://maxcd03-dev01.chinacloudapp.cn/index.php
INFO: [ app_init ] --START--
INFO: Run Behavior\BuildLiteBehavior [ RunTime:0.000064s ]
INFO: [ app_init ] --END-- [ RunTime:0.033403s ]
INFO: [ app_begin ] --START--
INFO: Run Behavior\ReadHtmlCacheBehavior [ RunTime:0.018717s ]
INFO: [ app_begin ] --END-- [ RunTime:0.018856s ]
SQL: SHOW COLUMNS FROM `tuser` [ RunTime:0.0088s ]
SQL: SELECT * FROM `tuser` ORDER BY tuser_publish LIMIT 10   [ RunTime:0.0075s ]
ERR: Think\Controller:article_today_select方法不存在！

[ 2016-07-10T04:05:02+08:00 ] 114.36.214.22 smtp.mail.yahoo.com:25
INFO: [ app_init ] --START--
INFO: Run Behavior\BuildLiteBehavior [ RunTime:0.000034s ]
INFO: [ app_init ] --END-- [ RunTime:0.013007s ]
INFO: [ app_begin ] --START--
INFO: Run Behavior\ReadHtmlCacheBehavior [ RunTime:0.018799s ]
INFO: [ app_begin ] --END-- [ RunTime:0.018940s ]
SQL: SHOW COLUMNS FROM `tuser` [ RunTime:0.0087s ]
SQL: SELECT * FROM `tuser` ORDER BY tuser_publish LIMIT 10   [ RunTime:0.0086s ]
ERR: Think\Controller:article_today_select方法不存在！

[ 2016-07-10T04:16:01+08:00 ] 123.249.27.193 http://60.173.26.241:61254/80
INFO: [ app_init ] --START--
INFO: Run Behavior\BuildLiteBehavior [ RunTime:0.000037s ]
INFO: [ app_init ] --END-- [ RunTime:0.012976s ]
INFO: [ app_begin ] --START--
INFO: Run Behavior\ReadHtmlCacheBehavior [ RunTime:0.019204s ]
INFO: [ app_begin ] --END-- [ RunTime:0.019324s ]
ERR: 无法加载控制器:80

[ 2016-07-10T04:19:32+08:00 ] 114.36.214.22 smtp.mail.yahoo.com:25
INFO: [ app_init ] --START--
INFO: Run Behavior\BuildLiteBehavior [ RunTime:0.000038s ]
INFO: [ app_init ] --END-- [ RunTime:0.018964s ]
INFO: [ app_begin ] --START--
INFO: Run Behavior\ReadHtmlCacheBehavior [ RunTime:0.017745s ]
INFO: [ app_begin ] --END-- [ RunTime:0.017880s ]
SQL: SHOW COLUMNS FROM `tuser` [ RunTime:0.0018s ]
SQL: SELECT * FROM `tuser` ORDER BY tuser_publish LIMIT 10   [ RunTime:0.0156s ]
ERR: Think\Controller:article_today_select方法不存在！

[ 2016-07-10T04:35:54+08:00 ] 114.36.214.22 smtp.mail.yahoo.com:25
INFO: [ app_init ] --START--
INFO: Run Behavior\BuildLiteBehavior [ RunTime:0.000037s ]
INFO: [ app_init ] --END-- [ RunTime:0.012970s ]
INFO: [ app_begin ] --START--
INFO: Run Behavior\ReadHtmlCacheBehavior [ RunTime:0.022787s ]
INFO: [ app_begin ] --END-- [ RunTime:0.022916s ]
SQL: SHOW COLUMNS FROM `tuser` [ RunTime:0.0169s ]
SQL: SELECT * FROM `tuser` ORDER BY tuser_publish LIMIT 10   [ RunTime:0.0136s ]
ERR: Think\Controller:article_today_select方法不存在！

[ 2016-07-10T04:37:05+08:00 ] 123.249.27.193 http://60.173.26.241:61254/80
INFO: [ app_init ] --START--
INFO: Run Behavior\BuildLiteBehavior [ RunTime:0.000025s ]
INFO: [ app_init ] --END-- [ RunTime:0.000418s ]
INFO: [ app_begin ] --START--
INFO: Run Behavior\ReadHtmlCacheBehavior [ RunTime:0.025442s ]
INFO: [ app_begin ] --END-- [ RunTime:0.025566s ]
ERR: 无法加载控制器:80

[ 2016-07-10T04:51:50+08:00 ] 114.36.214.22 smtp.mail.yahoo.com:25
INFO: [ app_init ] --START--
INFO: Run Behavior\BuildLiteBehavior [ RunTime:0.000023s ]
INFO: [ app_init ] --END-- [ RunTime:0.025470s ]
INFO: [ app_begin ] --START--
INFO: Run Behavior\ReadHtmlCacheBehavior [ RunTime:0.023740s ]
INFO: [ app_begin ] --END-- [ RunTime:0.023887s ]
SQL: SHOW COLUMNS FROM `tuser` [ RunTime:0.0219s ]
SQL: SELECT * FROM `tuser` ORDER BY tuser_publish LIMIT 10   [ RunTime:0.0066s ]
ERR: Think\Controller:article_today_select方法不存在！

[ 2016-07-10T04:57:22+08:00 ] 123.249.27.191 http://60.173.26.241:61254/80
INFO: [ app_init ] --START--
INFO: Run Behavior\BuildLiteBehavior [ RunTime:0.000044s ]
INFO: [ app_init ] --END-- [ RunTime:0.013193s ]
INFO: [ app_begin ] --START--
INFO: Run Behavior\ReadHtmlCacheBehavior [ RunTime:0.019100s ]
INFO: [ app_begin ] --END-- [ RunTime:0.041278s ]
ERR: 无法加载控制器:80

[ 2016-07-10T05:08:14+08:00 ] 114.36.214.22 smtp.mail.yahoo.com:25
INFO: [ app_init ] --START--
INFO: Run Behavior\BuildLiteBehavior [ RunTime:0.000025s ]
INFO: [ app_init ] --END-- [ RunTime:0.006944s ]
INFO: [ app_begin ] --START--
INFO: Run Behavior\ReadHtmlCacheBehavior [ RunTime:0.021729s ]
INFO: [ app_begin ] --END-- [ RunTime:0.021870s ]
SQL: SHOW COLUMNS FROM `tuser` [ RunTime:0.0149s ]
SQL: SELECT * FROM `tuser` ORDER BY tuser_publish LIMIT 10   [ RunTime:0.0155s ]
ERR: Think\Controller:article_today_select方法不存在！

[ 2016-07-10T05:19:22+08:00 ] 123.249.27.193 http://60.173.26.241:61254/80
INFO: [ app_init ] --START--
INFO: Run Behavior\BuildLiteBehavior [ RunTime:0.000039s ]
INFO: [ app_init ] --END-- [ RunTime:0.013014s ]
INFO: [ app_begin ] --START--
INFO: Run Behavior\ReadHtmlCacheBehavior [ RunTime:0.025382s ]
INFO: [ app_begin ] --END-- [ RunTime:0.025501s ]
ERR: 无法加载控制器:80

[ 2016-07-10T05:24:32+08:00 ] 114.36.214.22 smtp.mail.yahoo.com:25
INFO: [ app_init ] --START--
INFO: Run Behavior\BuildLiteBehavior [ RunTime:0.000037s ]
INFO: [ app_init ] --END-- [ RunTime:0.013030s ]
INFO: [ app_begin ] --START--
INFO: Run Behavior\ReadHtmlCacheBehavior [ RunTime:0.014783s ]
INFO: [ app_begin ] --END-- [ RunTime:0.014909s ]
SQL: SHOW COLUMNS FROM `tuser` [ RunTime:0.0219s ]
SQL: SELECT * FROM `tuser` ORDER BY tuser_publish LIMIT 10   [ RunTime:0.0076s ]
ERR: Think\Controller:article_today_select方法不存在！

[ 2016-07-10T05:40:40+08:00 ] 123.249.27.193 http://60.173.26.241:61254/80
INFO: [ app_init ] --START--
INFO: Run Behavior\BuildLiteBehavior [ RunTime:0.000023s ]
INFO: [ app_init ] --END-- [ RunTime:0.019471s ]
INFO: [ app_begin ] --START--
INFO: Run Behavior\ReadHtmlCacheBehavior [ RunTime:0.023714s ]
INFO: [ app_begin ] --END-- [ RunTime:0.023833s ]
ERR: 无法加载控制器:80

[ 2016-07-10T05:40:49+08:00 ] 114.36.214.22 smtp.mail.yahoo.com:25
INFO: [ app_init ] --START--
INFO: Run Behavior\BuildLiteBehavior [ RunTime:0.000037s ]
INFO: [ app_init ] --END-- [ RunTime:0.012978s ]
INFO: [ app_begin ] --START--
INFO: Run Behavior\ReadHtmlCacheBehavior [ RunTime:0.018970s ]
INFO: [ app_begin ] --END-- [ RunTime:0.025180s ]
SQL: SHOW COLUMNS FROM `tuser` [ RunTime:0.0075s ]
SQL: SELECT * FROM `tuser` ORDER BY tuser_publish LIMIT 10   [ RunTime:0.0242s ]
ERR: Think\Controller:article_today_select方法不存在！

[ 2016-07-10T05:57:13+08:00 ] 114.36.214.22 smtp.mail.yahoo.com:25
INFO: [ app_init ] --START--
INFO: Run Behavior\BuildLiteBehavior [ RunTime:0.000036s ]
INFO: [ app_init ] --END-- [ RunTime:0.012993s ]
INFO: [ app_begin ] --START--
INFO: Run Behavior\ReadHtmlCacheBehavior [ RunTime:0.018941s ]
INFO: [ app_begin ] --END-- [ RunTime:0.019068s ]
SQL: SHOW COLUMNS FROM `tuser` [ RunTime:0.0153s ]
SQL: SELECT * FROM `tuser` ORDER BY tuser_publish LIMIT 10   [ RunTime:0.0194s ]
ERR: Think\Controller:article_today_select方法不存在！

[ 2016-07-10T06:02:17+08:00 ] 123.249.27.193 http://60.173.26.241:61254/80
INFO: [ app_init ] --START--
INFO: Run Behavior\BuildLiteBehavior [ RunTime:0.000036s ]
INFO: [ app_init ] --END-- [ RunTime:0.017394s ]
INFO: [ app_begin ] --START--
INFO: Run Behavior\ReadHtmlCacheBehavior [ RunTime:0.030614s ]
INFO: [ app_begin ] --END-- [ RunTime:0.030769s ]
ERR: 无法加载控制器:80

[ 2016-07-10T06:13:02+08:00 ] 114.36.214.22 smtp.mail.yahoo.com:25
INFO: [ app_init ] --START--
INFO: Run Behavior\BuildLiteBehavior [ RunTime:0.000024s ]
INFO: [ app_init ] --END-- [ RunTime:0.000376s ]
INFO: [ app_begin ] --START--
INFO: Run Behavior\ReadHtmlCacheBehavior [ RunTime:0.021278s ]
INFO: [ app_begin ] --END-- [ RunTime:0.021406s ]
SQL: SHOW COLUMNS FROM `tuser` [ RunTime:0.0071s ]
SQL: SELECT * FROM `tuser` ORDER BY tuser_publish LIMIT 10   [ RunTime:0.0131s ]
ERR: Think\Controller:article_today_select方法不存在！

[ 2016-07-10T06:23:21+08:00 ] 123.249.27.192 http://60.173.26.241:61254/80
INFO: [ app_init ] --START--
INFO: Run Behavior\BuildLiteBehavior [ RunTime:0.000026s ]
INFO: [ app_init ] --END-- [ RunTime:0.006926s ]
INFO: [ app_begin ] --START--
INFO: Run Behavior\ReadHtmlCacheBehavior [ RunTime:0.014822s ]
INFO: [ app_begin ] --END-- [ RunTime:0.014919s ]
ERR: 无法加载控制器:80

[ 2016-07-10T06:28:51+08:00 ] 114.36.214.22 smtp.mail.yahoo.com:25
INFO: [ app_init ] --START--
INFO: Run Behavior\BuildLiteBehavior [ RunTime:0.000047s ]
INFO: [ app_init ] --END-- [ RunTime:0.013038s ]
INFO: [ app_begin ] --START--
INFO: Run Behavior\ReadHtmlCacheBehavior [ RunTime:0.020785s ]
INFO: [ app_begin ] --END-- [ RunTime:0.020912s ]
SQL: SHOW COLUMNS FROM `tuser` [ RunTime:0.0219s ]
SQL: SELECT * FROM `tuser` ORDER BY tuser_publish LIMIT 10   [ RunTime:0.0116s ]
ERR: Think\Controller:article_today_select方法不存在！

[ 2016-07-10T06:41:38+08:00 ] 111.85.191.131 /
INFO: [ app_init ] --START--
INFO: Run Behavior\BuildLiteBehavior [ RunTime:0.000038s ]
INFO: [ app_init ] --END-- [ RunTime:0.012952s ]
INFO: [ app_begin ] --START--
INFO: Run Behavior\ReadHtmlCacheBehavior [ RunTime:0.018758s ]
INFO: [ app_begin ] --END-- [ RunTime:0.018896s ]
SQL: SHOW COLUMNS FROM `tuser` [ RunTime:0.0197s ]
SQL: SELECT * FROM `tuser` ORDER BY tuser_publish LIMIT 10   [ RunTime:0.0058s ]
ERR: Think\Controller:article_today_select方法不存在！

[ 2016-07-10T06:45:19+08:00 ] 114.36.214.22 smtp.mail.yahoo.com:25
INFO: [ app_init ] --START--
INFO: Run Behavior\BuildLiteBehavior [ RunTime:0.000035s ]
INFO: [ app_init ] --END-- [ RunTime:0.011750s ]
INFO: [ app_begin ] --START--
INFO: Run Behavior\ReadHtmlCacheBehavior [ RunTime:0.018717s ]
INFO: [ app_begin ] --END-- [ RunTime:0.018847s ]
SQL: SHOW COLUMNS FROM `tuser` [ RunTime:0.0179s ]
SQL: SELECT * FROM `tuser` ORDER BY tuser_publish LIMIT 10   [ RunTime:0.0146s ]
ERR: Think\Controller:article_today_select方法不存在！

[ 2016-07-10T06:46:29+08:00 ] 123.249.27.193 http://60.173.26.241:61254/80
INFO: [ app_init ] --START--
INFO: Run Behavior\BuildLiteBehavior [ RunTime:0.000038s ]
INFO: [ app_init ] --END-- [ RunTime:0.015054s ]
INFO: [ app_begin ] --START--
INFO: Run Behavior\ReadHtmlCacheBehavior [ RunTime:0.018721s ]
INFO: [ app_begin ] --END-- [ RunTime:0.018838s ]
ERR: 无法加载控制器:80

[ 2016-07-10T06:54:02+08:00 ] 123.59.59.52 http://www.ctrip.com/
INFO: [ app_init ] --START--
INFO: Run Behavior\BuildLiteBehavior [ RunTime:0.000038s ]
INFO: [ app_init ] --END-- [ RunTime:0.014996s ]
INFO: [ app_begin ] --START--
INFO: Run Behavior\ReadHtmlCacheBehavior [ RunTime:0.018774s ]
INFO: [ app_begin ] --END-- [ RunTime:0.018894s ]
SQL: SHOW COLUMNS FROM `tuser` [ RunTime:0.0171s ]
SQL: SELECT * FROM `tuser` ORDER BY tuser_publish LIMIT 10   [ RunTime:0.0173s ]
ERR: Think\Controller:article_today_select方法不存在！

[ 2016-07-10T07:00:56+08:00 ] 185.49.14.190 http://testp1.piwo.pila.pl/testproxy.php
INFO: [ app_init ] --START--
INFO: Run Behavior\BuildLiteBehavior [ RunTime:0.000038s ]
INFO: [ app_init ] --END-- [ RunTime:0.012972s ]
INFO: [ app_begin ] --START--
INFO: Run Behavior\ReadHtmlCacheBehavior [ RunTime:0.025674s ]
INFO: [ app_begin ] --END-- [ RunTime:0.025788s ]
ERR: 无法加载控制器:Testproxy.php

[ 2016-07-10T07:01:11+08:00 ] 114.36.214.22 smtp.mail.yahoo.com:25
INFO: [ app_init ] --START--
INFO: Run Behavior\BuildLiteBehavior [ RunTime:0.000036s ]
INFO: [ app_init ] --END-- [ RunTime:0.014040s ]
INFO: [ app_begin ] --START--
INFO: Run Behavior\ReadHtmlCacheBehavior [ RunTime:0.000532s ]
INFO: [ app_begin ] --END-- [ RunTime:0.000623s ]
SQL: SHOW COLUMNS FROM `tuser` [ RunTime:0.0134s ]
SQL: SELECT * FROM `tuser` ORDER BY tuser_publish LIMIT 10   [ RunTime:0.0221s ]
ERR: Think\Controller:article_today_select方法不存在！

[ 2016-07-10T07:07:12+08:00 ] 123.249.27.191 http://60.173.26.241:61254/80
INFO: [ app_init ] --START--
INFO: Run Behavior\BuildLiteBehavior [ RunTime:0.000038s ]
INFO: [ app_init ] --END-- [ RunTime:0.015991s ]
INFO: [ app_begin ] --START--
INFO: Run Behavior\ReadHtmlCacheBehavior [ RunTime:0.015957s ]
INFO: [ app_begin ] --END-- [ RunTime:0.016126s ]
ERR: 无法加载控制器:80

[ 2016-07-10T07:17:12+08:00 ] 114.36.214.22 smtp.mail.yahoo.com:25
INFO: [ app_init ] --START--
INFO: Run Behavior\BuildLiteBehavior [ RunTime:0.000040s ]
INFO: [ app_init ] --END-- [ RunTime:0.013000s ]
INFO: [ app_begin ] --START--
INFO: Run Behavior\ReadHtmlCacheBehavior [ RunTime:0.022762s ]
INFO: [ app_begin ] --END-- [ RunTime:0.022893s ]
SQL: SHOW COLUMNS FROM `tuser` [ RunTime:0.0084s ]
SQL: SELECT * FROM `tuser` ORDER BY tuser_publish LIMIT 10   [ RunTime:0.0229s ]
ERR: Think\Controller:article_today_select方法不存在！

[ 2016-07-10T07:23:40+08:00 ] 122.178.48.232 /
INFO: [ app_init ] --START--
INFO: Run Behavior\BuildLiteBehavior [ RunTime:0.000036s ]
INFO: [ app_init ] --END-- [ RunTime:0.012969s ]
INFO: [ app_begin ] --START--
INFO: Run Behavior\ReadHtmlCacheBehavior [ RunTime:0.016901s ]
INFO: [ app_begin ] --END-- [ RunTime:0.017003s ]
SQL: SHOW COLUMNS FROM `tuser` [ RunTime:0.0132s ]
SQL: SELECT * FROM `tuser` ORDER BY tuser_publish LIMIT 10   [ RunTime:0.0200s ]
ERR: Think\Controller:article_today_select方法不存在！

[ 2016-07-10T07:27:29+08:00 ] 123.249.27.193 http://60.173.26.241:61254/80
INFO: [ app_init ] --START--
INFO: Run Behavior\BuildLiteBehavior [ RunTime:0.000036s ]
INFO: [ app_init ] --END-- [ RunTime:0.014943s ]
INFO: [ app_begin ] --START--
INFO: Run Behavior\ReadHtmlCacheBehavior [ RunTime:0.022710s ]
INFO: [ app_begin ] --END-- [ RunTime:0.022832s ]
ERR: 无法加载控制器:80

[ 2016-07-10T07:32:29+08:00 ] 114.36.214.22 smtp.mail.yahoo.com:25
INFO: [ app_init ] --START--
INFO: Run Behavior\BuildLiteBehavior [ RunTime:0.000037s ]
INFO: [ app_init ] --END-- [ RunTime:0.012977s ]
INFO: [ app_begin ] --START--
INFO: Run Behavior\ReadHtmlCacheBehavior [ RunTime:0.018557s ]
INFO: [ app_begin ] --END-- [ RunTime:0.018701s ]
SQL: SHOW COLUMNS FROM `tuser` [ RunTime:0.0028s ]
SQL: SELECT * FROM `tuser` ORDER BY tuser_publish LIMIT 10   [ RunTime:0.0176s ]
ERR: Think\Controller:article_today_select方法不存在！

[ 2016-07-10T07:40:43+08:00 ] 80.82.78.38 http://www.baidu.com/cache/global/img/gs.gif
INFO: [ app_init ] --START--
INFO: Run Behavior\BuildLiteBehavior [ RunTime:0.000029s ]
INFO: [ app_init ] --END-- [ RunTime:0.013278s ]

[ 2016-07-10T07:48:25+08:00 ] 114.36.214.22 smtp.mail.yahoo.com:25
INFO: [ app_init ] --START--
INFO: Run Behavior\BuildLiteBehavior [ RunTime:0.000023s ]
INFO: [ app_init ] --END-- [ RunTime:0.000414s ]
INFO: [ app_begin ] --START--
INFO: Run Behavior\ReadHtmlCacheBehavior [ RunTime:0.036123s ]
INFO: [ app_begin ] --END-- [ RunTime:0.036229s ]
SQL: SHOW COLUMNS FROM `tuser` [ RunTime:0.0075s ]
SQL: SELECT * FROM `tuser` ORDER BY tuser_publish LIMIT 10   [ RunTime:0.0181s ]
ERR: Think\Controller:article_today_select方法不存在！

[ 2016-07-10T07:51:10+08:00 ] 123.249.27.191 http://60.173.26.241:61254/80
INFO: [ app_init ] --START--
INFO: Run Behavior\BuildLiteBehavior [ RunTime:0.000025s ]
INFO: [ app_init ] --END-- [ RunTime:0.000387s ]
INFO: [ app_begin ] --START--
INFO: Run Behavior\ReadHtmlCacheBehavior [ RunTime:0.017716s ]
INFO: [ app_begin ] --END-- [ RunTime:0.017832s ]
ERR: 无法加载控制器:80

[ 2016-07-10T07:55:59+08:00 ] 93.174.93.136 http://www.baidu.com/cache/global/img/gs.gif
INFO: [ app_init ] --START--
INFO: Run Behavior\BuildLiteBehavior [ RunTime:0.000035s ]
INFO: [ app_init ] --END-- [ RunTime:0.012966s ]

[ 2016-07-10T08:04:18+08:00 ] 114.36.214.22 smtp.mail.yahoo.com:25
INFO: [ app_init ] --START--
INFO: Run Behavior\BuildLiteBehavior [ RunTime:0.000039s ]
INFO: [ app_init ] --END-- [ RunTime:0.012986s ]
INFO: [ app_begin ] --START--
INFO: Run Behavior\ReadHtmlCacheBehavior [ RunTime:0.018484s ]
INFO: [ app_begin ] --END-- [ RunTime:0.018613s ]
SQL: SHOW COLUMNS FROM `tuser` [ RunTime:0.0074s ]
SQL: SELECT * FROM `tuser` ORDER BY tuser_publish LIMIT 10   [ RunTime:0.0204s ]
ERR: Think\Controller:article_today_select方法不存在！

[ 2016-07-10T08:12:44+08:00 ] 123.249.27.193 http://60.173.26.241:61254/80
INFO: [ app_init ] --START--
INFO: Run Behavior\BuildLiteBehavior [ RunTime:0.000037s ]
INFO: [ app_init ] --END-- [ RunTime:0.012981s ]
INFO: [ app_begin ] --START--
INFO: Run Behavior\ReadHtmlCacheBehavior [ RunTime:0.017513s ]
INFO: [ app_begin ] --END-- [ RunTime:0.017628s ]
ERR: 无法加载控制器:80

[ 2016-07-10T08:19:22+08:00 ] 114.36.214.22 smtp.mail.yahoo.com:25
INFO: [ app_init ] --START--
INFO: Run Behavior\BuildLiteBehavior [ RunTime:0.000036s ]
INFO: [ app_init ] --END-- [ RunTime:0.014974s ]
INFO: [ app_begin ] --START--
INFO: Run Behavior\ReadHtmlCacheBehavior [ RunTime:0.022772s ]
INFO: [ app_begin ] --END-- [ RunTime:0.022900s ]
SQL: SHOW COLUMNS FROM `tuser` [ RunTime:0.0075s ]
SQL: SELECT * FROM `tuser` ORDER BY tuser_publish LIMIT 10   [ RunTime:0.0201s ]
ERR: Think\Controller:article_today_select方法不存在！

[ 2016-07-10T08:34:44+08:00 ] 114.36.214.22 smtp.mail.yahoo.com:25
INFO: [ app_init ] --START--
INFO: Run Behavior\BuildLiteBehavior [ RunTime:0.000024s ]
INFO: [ app_init ] --END-- [ RunTime:0.006634s ]
INFO: [ app_begin ] --START--
INFO: Run Behavior\ReadHtmlCacheBehavior [ RunTime:0.021796s ]
INFO: [ app_begin ] --END-- [ RunTime:0.021924s ]
SQL: SHOW COLUMNS FROM `tuser` [ RunTime:0.0155s ]
SQL: SELECT * FROM `tuser` ORDER BY tuser_publish LIMIT 10   [ RunTime:0.0203s ]
ERR: Think\Controller:article_today_select方法不存在！

[ 2016-07-10T08:35:34+08:00 ] 123.249.27.191 http://60.173.26.241:61254/80
INFO: [ app_init ] --START--
INFO: Run Behavior\BuildLiteBehavior [ RunTime:0.000023s ]
INFO: [ app_init ] --END-- [ RunTime:0.000399s ]
INFO: [ app_begin ] --START--
INFO: Run Behavior\ReadHtmlCacheBehavior [ RunTime:0.024708s ]
INFO: [ app_begin ] --END-- [ RunTime:0.024829s ]
ERR: 无法加载控制器:80

[ 2016-07-10T08:50:17+08:00 ] 114.36.214.22 smtp.mail.yahoo.com:25
INFO: [ app_init ] --START--
INFO: Run Behavior\BuildLiteBehavior [ RunTime:0.000037s ]
INFO: [ app_init ] --END-- [ RunTime:0.015984s ]
INFO: [ app_begin ] --START--
INFO: Run Behavior\ReadHtmlCacheBehavior [ RunTime:0.017278s ]
INFO: [ app_begin ] --END-- [ RunTime:0.017401s ]
SQL: SHOW COLUMNS FROM `tuser` [ RunTime:0.0074s ]
SQL: SELECT * FROM `tuser` ORDER BY tuser_publish LIMIT 10   [ RunTime:0.0151s ]
ERR: Think\Controller:article_today_select方法不存在！

[ 2016-07-10T08:57:09+08:00 ] 123.249.27.193 http://60.173.26.241:61254/80
INFO: [ app_init ] --START--
INFO: Run Behavior\BuildLiteBehavior [ RunTime:0.000037s ]
INFO: [ app_init ] --END-- [ RunTime:0.013951s ]
INFO: [ app_begin ] --START--
INFO: Run Behavior\ReadHtmlCacheBehavior [ RunTime:0.025333s ]
INFO: [ app_begin ] --END-- [ RunTime:0.025451s ]
ERR: 无法加载控制器:80

[ 2016-07-10T09:06:05+08:00 ] 114.36.214.22 smtp.mail.yahoo.com:25
INFO: [ app_init ] --START--
INFO: Run Behavior\BuildLiteBehavior [ RunTime:0.000033s ]
INFO: [ app_init ] --END-- [ RunTime:0.012476s ]
INFO: [ app_begin ] --START--
INFO: Run Behavior\ReadHtmlCacheBehavior [ RunTime:0.016781s ]
INFO: [ app_begin ] --END-- [ RunTime:0.016906s ]
SQL: SHOW COLUMNS FROM `tuser` [ RunTime:0.0073s ]
SQL: SELECT * FROM `tuser` ORDER BY tuser_publish LIMIT 10   [ RunTime:0.0225s ]
ERR: Think\Controller:article_today_select方法不存在！

[ 2016-07-10T09:20:52+08:00 ] 114.36.214.22 smtp.mail.yahoo.com:25
INFO: [ app_init ] --START--
INFO: Run Behavior\BuildLiteBehavior [ RunTime:0.000030s ]
INFO: [ app_init ] --END-- [ RunTime:0.012918s ]
INFO: [ app_begin ] --START--
INFO: Run Behavior\ReadHtmlCacheBehavior [ RunTime:0.015891s ]
INFO: [ app_begin ] --END-- [ RunTime:0.015999s ]
SQL: SHOW COLUMNS FROM `tuser` [ RunTime:0.0143s ]
SQL: SELECT * FROM `tuser` ORDER BY tuser_publish LIMIT 10   [ RunTime:0.0213s ]
ERR: Think\Controller:article_today_select方法不存在！

[ 2016-07-10T09:35:51+08:00 ] 114.36.214.22 smtp.mail.yahoo.com:25
INFO: [ app_init ] --START--
INFO: Run Behavior\BuildLiteBehavior [ RunTime:0.000037s ]
INFO: [ app_init ] --END-- [ RunTime:0.011067s ]
INFO: [ app_begin ] --START--
INFO: Run Behavior\ReadHtmlCacheBehavior [ RunTime:0.012928s ]
INFO: [ app_begin ] --END-- [ RunTime:0.013075s ]
SQL: SHOW COLUMNS FROM `tuser` [ RunTime:0.0218s ]
SQL: SELECT * FROM `tuser` ORDER BY tuser_publish LIMIT 10   [ RunTime:0.0127s ]
ERR: Think\Controller:article_today_select方法不存在！

[ 2016-07-10T09:42:52+08:00 ] 172.82.166.210 http://www.baidu.com/cache/global/img/gs.gif
INFO: [ app_init ] --START--
INFO: Run Behavior\BuildLiteBehavior [ RunTime:0.000037s ]
INFO: [ app_init ] --END-- [ RunTime:0.015926s ]

[ 2016-07-10T09:50:45+08:00 ] 114.36.214.22 smtp.mail.yahoo.com:25
INFO: [ app_init ] --START--
INFO: Run Behavior\BuildLiteBehavior [ RunTime:0.000040s ]
INFO: [ app_init ] --END-- [ RunTime:0.018920s ]
INFO: [ app_begin ] --START--
INFO: Run Behavior\ReadHtmlCacheBehavior [ RunTime:0.016793s ]
INFO: [ app_begin ] --END-- [ RunTime:0.016976s ]
SQL: SHOW COLUMNS FROM `tuser` [ RunTime:0.0008s ]
SQL: SELECT * FROM `tuser` ORDER BY tuser_publish LIMIT 10   [ RunTime:0.0259s ]
ERR: Think\Controller:article_today_select方法不存在！

[ 2016-07-10T09:57:05+08:00 ] 123.249.27.192 http://60.173.26.241:61254/80
INFO: [ app_init ] --START--
INFO: Run Behavior\BuildLiteBehavior [ RunTime:0.000038s ]
INFO: [ app_init ] --END-- [ RunTime:0.020608s ]
INFO: [ app_begin ] --START--
INFO: Run Behavior\ReadHtmlCacheBehavior [ RunTime:0.019715s ]
INFO: [ app_begin ] --END-- [ RunTime:0.019834s ]
ERR: 无法加载控制器:80

[ 2016-07-10T10:06:20+08:00 ] 114.36.214.22 smtp.mail.yahoo.com:25
INFO: [ app_init ] --START--
INFO: Run Behavior\BuildLiteBehavior [ RunTime:0.000024s ]
INFO: [ app_init ] --END-- [ RunTime:0.006547s ]
INFO: [ app_begin ] --START--
INFO: Run Behavior\ReadHtmlCacheBehavior [ RunTime:0.024760s ]
INFO: [ app_begin ] --END-- [ RunTime:0.024886s ]
SQL: SHOW COLUMNS FROM `tuser` [ RunTime:0.0145s ]
SQL: SELECT * FROM `tuser` ORDER BY tuser_publish LIMIT 10   [ RunTime:0.0202s ]
ERR: Think\Controller:article_today_select方法不存在！

[ 2016-07-10T10:21:54+08:00 ] 114.36.214.22 smtp.mail.yahoo.com:25
INFO: [ app_init ] --START--
INFO: Run Behavior\BuildLiteBehavior [ RunTime:0.000036s ]
INFO: [ app_init ] --END-- [ RunTime:0.012959s ]
INFO: [ app_begin ] --START--
INFO: Run Behavior\ReadHtmlCacheBehavior [ RunTime:0.014783s ]
INFO: [ app_begin ] --END-- [ RunTime:0.014913s ]
SQL: SHOW COLUMNS FROM `tuser` [ RunTime:0.0133s ]
SQL: SELECT * FROM `tuser` ORDER BY tuser_publish LIMIT 10   [ RunTime:0.0222s ]
ERR: Think\Controller:article_today_select方法不存在！

[ 2016-07-10T10:24:42+08:00 ] 93.174.93.218 http://httpheader.net/
INFO: [ app_init ] --START--
INFO: Run Behavior\BuildLiteBehavior [ RunTime:0.000036s ]
INFO: [ app_init ] --END-- [ RunTime:0.007057s ]
INFO: [ app_begin ] --START--
INFO: Run Behavior\ReadHtmlCacheBehavior [ RunTime:0.017789s ]
INFO: [ app_begin ] --END-- [ RunTime:0.017909s ]
SQL: SHOW COLUMNS FROM `tuser` [ RunTime:0.0073s ]
SQL: SELECT * FROM `tuser` ORDER BY tuser_publish LIMIT 10   [ RunTime:0.0205s ]
ERR: Think\Controller:article_today_select方法不存在！

[ 2016-07-10T10:36:11+08:00 ] 114.36.214.22 smtp.mail.yahoo.com:25
INFO: [ app_init ] --START--
INFO: Run Behavior\BuildLiteBehavior [ RunTime:0.000037s ]
INFO: [ app_init ] --END-- [ RunTime:0.013681s ]
INFO: [ app_begin ] --START--
INFO: Run Behavior\ReadHtmlCacheBehavior [ RunTime:0.021781s ]
INFO: [ app_begin ] --END-- [ RunTime:0.021939s ]
SQL: SHOW COLUMNS FROM `tuser` [ RunTime:0.0132s ]
SQL: SELECT * FROM `tuser` ORDER BY tuser_publish LIMIT 10   [ RunTime:0.0241s ]
ERR: Think\Controller:article_today_select方法不存在！

[ 2016-07-10T10:49:48+08:00 ] 114.36.214.22 smtp.mail.yahoo.com:25
INFO: [ app_init ] --START--
INFO: Run Behavior\BuildLiteBehavior [ RunTime:0.000038s ]
INFO: [ app_init ] --END-- [ RunTime:0.018906s ]
INFO: [ app_begin ] --START--
INFO: Run Behavior\ReadHtmlCacheBehavior [ RunTime:0.019690s ]
INFO: [ app_begin ] --END-- [ RunTime:0.019832s ]
SQL: SHOW COLUMNS FROM `tuser` [ RunTime:0.0178s ]
SQL: SELECT * FROM `tuser` ORDER BY tuser_publish LIMIT 10   [ RunTime:0.0137s ]
ERR: Think\Controller:article_today_select方法不存在！

[ 2016-07-10T11:02:48+08:00 ] 114.36.214.22 smtp.mail.yahoo.com:25
INFO: [ app_init ] --START--
INFO: Run Behavior\BuildLiteBehavior [ RunTime:0.000037s ]
INFO: [ app_init ] --END-- [ RunTime:0.025516s ]
INFO: [ app_begin ] --START--
INFO: Run Behavior\ReadHtmlCacheBehavior [ RunTime:0.029453s ]
INFO: [ app_begin ] --END-- [ RunTime:0.029597s ]
SQL: SHOW COLUMNS FROM `tuser` [ RunTime:0.0271s ]
SQL: SELECT * FROM `tuser` ORDER BY tuser_publish LIMIT 10   [ RunTime:0.0126s ]
ERR: Think\Controller:article_today_select方法不存在！

[ 2016-07-10T11:16:08+08:00 ] 114.36.214.22 smtp.mail.yahoo.com:25
INFO: [ app_init ] --START--
INFO: Run Behavior\BuildLiteBehavior [ RunTime:0.000048s ]
INFO: [ app_init ] --END-- [ RunTime:0.028437s ]
INFO: [ app_begin ] --START--
INFO: Run Behavior\ReadHtmlCacheBehavior [ RunTime:0.024803s ]
INFO: [ app_begin ] --END-- [ RunTime:0.024947s ]
SQL: SHOW COLUMNS FROM `tuser` [ RunTime:0.0088s ]
SQL: SELECT * FROM `tuser` ORDER BY tuser_publish LIMIT 10   [ RunTime:0.0126s ]
ERR: Think\Controller:article_today_select方法不存在！

[ 2016-07-10T11:29:59+08:00 ] 114.36.214.22 smtp.mail.yahoo.com:25
INFO: [ app_init ] --START--
INFO: Run Behavior\BuildLiteBehavior [ RunTime:0.000021s ]
INFO: [ app_init ] --END-- [ RunTime:0.000354s ]
INFO: [ app_begin ] --START--
INFO: Run Behavior\ReadHtmlCacheBehavior [ RunTime:0.028189s ]
INFO: [ app_begin ] --END-- [ RunTime:0.028293s ]
SQL: SHOW COLUMNS FROM `tuser` [ RunTime:0.0082s ]
SQL: SELECT * FROM `tuser` ORDER BY tuser_publish LIMIT 10   [ RunTime:0.0233s ]
ERR: Think\Controller:article_today_select方法不存在！

[ 2016-07-10T11:30:07+08:00 ] 23.251.51.125 http://www.sbjudge3.com/azenv.php
INFO: [ app_init ] --START--
INFO: Run Behavior\BuildLiteBehavior [ RunTime:0.000036s ]
INFO: [ app_init ] --END-- [ RunTime:0.012965s ]
INFO: [ app_begin ] --START--
INFO: Run Behavior\ReadHtmlCacheBehavior [ RunTime:0.016747s ]
INFO: [ app_begin ] --END-- [ RunTime:0.016821s ]
ERR: 无法加载控制器:Azenv.php

[ 2016-07-10T11:30:08+08:00 ] 23.251.51.125 www.baidu.com:443
INFO: [ app_init ] --START--
INFO: Run Behavior\BuildLiteBehavior [ RunTime:0.000038s ]
INFO: [ app_init ] --END-- [ RunTime:0.012963s ]
INFO: [ app_begin ] --START--
INFO: Run Behavior\ReadHtmlCacheBehavior [ RunTime:0.016782s ]
INFO: [ app_begin ] --END-- [ RunTime:0.016910s ]
ERR: Think\Controller:article_today_select方法不存在！

[ 2016-07-10T11:36:08+08:00 ] 121.199.70.200 /
INFO: [ app_init ] --START--
INFO: Run Behavior\BuildLiteBehavior [ RunTime:0.000036s ]
INFO: [ app_init ] --END-- [ RunTime:0.032222s ]
INFO: [ app_begin ] --START--
INFO: Run Behavior\ReadHtmlCacheBehavior [ RunTime:0.017799s ]
INFO: [ app_begin ] --END-- [ RunTime:0.017919s ]
SQL: SHOW COLUMNS FROM `tuser` [ RunTime:0.0170s ]
SQL: SELECT * FROM `tuser` ORDER BY tuser_publish LIMIT 10   [ RunTime:0.0144s ]
ERR: Think\Controller:article_today_select方法不存在！

[ 2016-07-10T11:44:07+08:00 ] 114.36.214.22 smtp.mail.yahoo.com:25
INFO: [ app_init ] --START--
INFO: Run Behavior\BuildLiteBehavior [ RunTime:0.000038s ]
INFO: [ app_init ] --END-- [ RunTime:0.013037s ]
INFO: [ app_begin ] --START--
INFO: Run Behavior\ReadHtmlCacheBehavior [ RunTime:0.021685s ]
INFO: [ app_begin ] --END-- [ RunTime:0.021820s ]
SQL: SHOW COLUMNS FROM `tuser` [ RunTime:0.0113s ]
SQL: SELECT * FROM `tuser` ORDER BY tuser_publish LIMIT 10   [ RunTime:0.0212s ]
ERR: Think\Controller:article_today_select方法不存在！

[ 2016-07-10T11:57:56+08:00 ] 114.36.214.22 smtp.mail.yahoo.com:25
INFO: [ app_init ] --START--
INFO: Run Behavior\BuildLiteBehavior [ RunTime:0.000038s ]
INFO: [ app_init ] --END-- [ RunTime:0.014961s ]
INFO: [ app_begin ] --START--
INFO: Run Behavior\ReadHtmlCacheBehavior [ RunTime:0.016774s ]
INFO: [ app_begin ] --END-- [ RunTime:0.016900s ]
SQL: SHOW COLUMNS FROM `tuser` [ RunTime:0.0167s ]
SQL: SELECT * FROM `tuser` ORDER BY tuser_publish LIMIT 10   [ RunTime:0.0220s ]
ERR: Think\Controller:article_today_select方法不存在！

[ 2016-07-10T12:09:40+08:00 ] 123.249.27.191 http://60.173.26.241:61254/80
INFO: [ app_init ] --START--
INFO: Run Behavior\BuildLiteBehavior [ RunTime:0.000046s ]
INFO: [ app_init ] --END-- [ RunTime:0.016973s ]
INFO: [ app_begin ] --START--
INFO: Run Behavior\ReadHtmlCacheBehavior [ RunTime:0.031575s ]
INFO: [ app_begin ] --END-- [ RunTime:0.031700s ]
ERR: 无法加载控制器:80

[ 2016-07-10T12:12:04+08:00 ] 114.36.214.22 smtp.mail.yahoo.com:25
INFO: [ app_init ] --START--
INFO: Run Behavior\BuildLiteBehavior [ RunTime:0.000037s ]
INFO: [ app_init ] --END-- [ RunTime:0.027490s ]
INFO: [ app_begin ] --START--
INFO: Run Behavior\ReadHtmlCacheBehavior [ RunTime:0.018986s ]
INFO: [ app_begin ] --END-- [ RunTime:0.019113s ]
SQL: SHOW COLUMNS FROM `tuser` [ RunTime:0.0074s ]
SQL: SELECT * FROM `tuser` ORDER BY tuser_publish LIMIT 10   [ RunTime:0.0223s ]
ERR: Think\Controller:article_today_select方法不存在！

[ 2016-07-10T12:26:53+08:00 ] 114.36.214.22 smtp.mail.yahoo.com:25
INFO: [ app_init ] --START--
INFO: Run Behavior\BuildLiteBehavior [ RunTime:0.000038s ]
INFO: [ app_init ] --END-- [ RunTime:0.012974s ]
INFO: [ app_begin ] --START--
INFO: Run Behavior\ReadHtmlCacheBehavior [ RunTime:0.023785s ]
INFO: [ app_begin ] --END-- [ RunTime:0.023914s ]
SQL: SHOW COLUMNS FROM `tuser` [ RunTime:0.0139s ]
SQL: SELECT * FROM `tuser` ORDER BY tuser_publish LIMIT 10   [ RunTime:0.0242s ]
ERR: Think\Controller:article_today_select方法不存在！

[ 2016-07-10T12:29:50+08:00 ] 123.249.27.193 http://60.173.26.241:61254/80
INFO: [ app_init ] --START--
INFO: Run Behavior\BuildLiteBehavior [ RunTime:0.000037s ]
INFO: [ app_init ] --END-- [ RunTime:0.012982s ]
INFO: [ app_begin ] --START--
INFO: Run Behavior\ReadHtmlCacheBehavior [ RunTime:0.019973s ]
INFO: [ app_begin ] --END-- [ RunTime:0.020089s ]
ERR: 无法加载控制器:80

[ 2016-07-10T12:40:57+08:00 ] 114.36.214.22 smtp.mail.yahoo.com:25
INFO: [ app_init ] --START--
INFO: Run Behavior\BuildLiteBehavior [ RunTime:0.000039s ]
INFO: [ app_init ] --END-- [ RunTime:0.011992s ]
INFO: [ app_begin ] --START--
INFO: Run Behavior\ReadHtmlCacheBehavior [ RunTime:0.015749s ]
INFO: [ app_begin ] --END-- [ RunTime:0.015880s ]
SQL: SHOW COLUMNS FROM `tuser` [ RunTime:0.0138s ]
SQL: SELECT * FROM `tuser` ORDER BY tuser_publish LIMIT 10   [ RunTime:0.0137s ]
ERR: Think\Controller:article_today_select方法不存在！

[ 2016-07-10T12:47:27+08:00 ] 93.174.93.136 http://www.baidu.com/cache/global/img/gs.gif
INFO: [ app_init ] --START--
INFO: Run Behavior\BuildLiteBehavior [ RunTime:0.000039s ]
INFO: [ app_init ] --END-- [ RunTime:0.019722s ]

[ 2016-07-10T12:52:08+08:00 ] 123.249.27.193 http://60.173.26.241:61254/80
INFO: [ app_init ] --START--
INFO: Run Behavior\BuildLiteBehavior [ RunTime:0.000038s ]
INFO: [ app_init ] --END-- [ RunTime:0.013029s ]
INFO: [ app_begin ] --START--
INFO: Run Behavior\ReadHtmlCacheBehavior [ RunTime:0.023599s ]
INFO: [ app_begin ] --END-- [ RunTime:0.023720s ]
ERR: 无法加载控制器:80

[ 2016-07-10T12:54:42+08:00 ] 114.36.214.22 smtp.mail.yahoo.com:25
INFO: [ app_init ] --START--
INFO: Run Behavior\BuildLiteBehavior [ RunTime:0.000021s ]
INFO: [ app_init ] --END-- [ RunTime:0.000329s ]
INFO: [ app_begin ] --START--
INFO: Run Behavior\ReadHtmlCacheBehavior [ RunTime:0.029648s ]
INFO: [ app_begin ] --END-- [ RunTime:0.029749s ]
SQL: SHOW COLUMNS FROM `tuser` [ RunTime:0.0149s ]
SQL: SELECT * FROM `tuser` ORDER BY tuser_publish LIMIT 10   [ RunTime:0.0147s ]
ERR: Think\Controller:article_today_select方法不存在！

[ 2016-07-10T12:56:09+08:00 ] 80.82.78.38 http://www.baidu.com/cache/global/img/gs.gif
INFO: [ app_init ] --START--
INFO: Run Behavior\BuildLiteBehavior [ RunTime:0.000022s ]
INFO: [ app_init ] --END-- [ RunTime:0.000366s ]

[ 2016-07-10T13:08:05+08:00 ] 114.36.214.22 smtp.mail.yahoo.com:25
INFO: [ app_init ] --START--
INFO: Run Behavior\BuildLiteBehavior [ RunTime:0.000034s ]
INFO: [ app_init ] --END-- [ RunTime:0.016960s ]
INFO: [ app_begin ] --START--
INFO: Run Behavior\ReadHtmlCacheBehavior [ RunTime:0.012874s ]
INFO: [ app_begin ] --END-- [ RunTime:0.012988s ]
SQL: SHOW COLUMNS FROM `tuser` [ RunTime:0.0143s ]
SQL: SELECT * FROM `tuser` ORDER BY tuser_publish LIMIT 10   [ RunTime:0.0201s ]
ERR: Think\Controller:article_today_select方法不存在！

[ 2016-07-10T13:14:01+08:00 ] 123.249.27.193 http://60.173.26.241:61254/80
INFO: [ app_init ] --START--
INFO: Run Behavior\BuildLiteBehavior [ RunTime:0.000039s ]
INFO: [ app_init ] --END-- [ RunTime:0.009053s ]
INFO: [ app_begin ] --START--
INFO: Run Behavior\ReadHtmlCacheBehavior [ RunTime:0.025702s ]
INFO: [ app_begin ] --END-- [ RunTime:0.025822s ]
ERR: 无法加载控制器:80

[ 2016-07-10T13:21:41+08:00 ] 114.36.214.22 smtp.mail.yahoo.com:25
INFO: [ app_init ] --START--
INFO: Run Behavior\BuildLiteBehavior [ RunTime:0.000037s ]
INFO: [ app_init ] --END-- [ RunTime:0.012936s ]
INFO: [ app_begin ] --START--
INFO: Run Behavior\ReadHtmlCacheBehavior [ RunTime:0.017560s ]
INFO: [ app_begin ] --END-- [ RunTime:0.017679s ]
SQL: SHOW COLUMNS FROM `tuser` [ RunTime:0.0249s ]
SQL: SELECT * FROM `tuser` ORDER BY tuser_publish LIMIT 10   [ RunTime:0.0144s ]
ERR: Think\Controller:article_today_select方法不存在！

[ 2016-07-10T13:35:03+08:00 ] 114.36.214.22 smtp.mail.yahoo.com:25
INFO: [ app_init ] --START--
INFO: Run Behavior\BuildLiteBehavior [ RunTime:0.000042s ]
INFO: [ app_init ] --END-- [ RunTime:0.013004s ]
INFO: [ app_begin ] --START--
INFO: Run Behavior\ReadHtmlCacheBehavior [ RunTime:0.018769s ]
INFO: [ app_begin ] --END-- [ RunTime:0.018902s ]
SQL: SHOW COLUMNS FROM `tuser` [ RunTime:0.0135s ]
SQL: SELECT * FROM `tuser` ORDER BY tuser_publish LIMIT 10   [ RunTime:0.0210s ]
ERR: Think\Controller:article_today_select方法不存在！

[ 2016-07-10T13:36:22+08:00 ] 123.249.27.192 http://60.173.26.241:61254/80
INFO: [ app_init ] --START--
INFO: Run Behavior\BuildLiteBehavior [ RunTime:0.000037s ]
INFO: [ app_init ] --END-- [ RunTime:0.018338s ]
INFO: [ app_begin ] --START--
INFO: Run Behavior\ReadHtmlCacheBehavior [ RunTime:0.023701s ]
INFO: [ app_begin ] --END-- [ RunTime:0.023810s ]
ERR: 无法加载控制器:80

[ 2016-07-10T13:48:35+08:00 ] 114.36.214.22 smtp.mail.yahoo.com:25
INFO: [ app_init ] --START--
INFO: Run Behavior\BuildLiteBehavior [ RunTime:0.000037s ]
INFO: [ app_init ] --END-- [ RunTime:0.013000s ]
INFO: [ app_begin ] --START--
INFO: Run Behavior\ReadHtmlCacheBehavior [ RunTime:0.018766s ]
INFO: [ app_begin ] --END-- [ RunTime:0.018892s ]
SQL: SHOW COLUMNS FROM `tuser` [ RunTime:0.0135s ]
SQL: SELECT * FROM `tuser` ORDER BY tuser_publish LIMIT 10   [ RunTime:0.0231s ]
ERR: Think\Controller:article_today_select方法不存在！

[ 2016-07-10T13:57:04+08:00 ] 123.249.27.193 http://60.173.26.241:61254/80
INFO: [ app_init ] --START--
INFO: Run Behavior\BuildLiteBehavior [ RunTime:0.000037s ]
INFO: [ app_init ] --END-- [ RunTime:0.007056s ]
INFO: [ app_begin ] --START--
INFO: Run Behavior\ReadHtmlCacheBehavior [ RunTime:0.027976s ]
INFO: [ app_begin ] --END-- [ RunTime:0.028114s ]
ERR: 无法加载控制器:80

[ 2016-07-10T14:01:47+08:00 ] 114.36.214.22 smtp.mail.yahoo.com:25
INFO: [ app_init ] --START--
INFO: Run Behavior\BuildLiteBehavior [ RunTime:0.000038s ]
INFO: [ app_init ] --END-- [ RunTime:0.015139s ]
INFO: [ app_begin ] --START--
INFO: Run Behavior\ReadHtmlCacheBehavior [ RunTime:0.018741s ]
INFO: [ app_begin ] --END-- [ RunTime:0.018881s ]
SQL: SHOW COLUMNS FROM `tuser` [ RunTime:0.0185s ]
SQL: SELECT * FROM `tuser` ORDER BY tuser_publish LIMIT 10   [ RunTime:0.0141s ]
ERR: Think\Controller:article_today_select方法不存在！

[ 2016-07-10T14:15:36+08:00 ] 114.36.214.22 smtp.mail.yahoo.com:25
INFO: [ app_init ] --START--
INFO: Run Behavior\BuildLiteBehavior [ RunTime:0.000038s ]
INFO: [ app_init ] --END-- [ RunTime:0.017950s ]
INFO: [ app_begin ] --START--
INFO: Run Behavior\ReadHtmlCacheBehavior [ RunTime:0.018762s ]
INFO: [ app_begin ] --END-- [ RunTime:0.018897s ]
SQL: SHOW COLUMNS FROM `tuser` [ RunTime:0.0249s ]
SQL: SELECT * FROM `tuser` ORDER BY tuser_publish LIMIT 10   [ RunTime:0.0135s ]
ERR: Think\Controller:article_today_select方法不存在！

[ 2016-07-10T14:26:10+08:00 ] 23.251.51.125 http://domkrim.com/av.php
INFO: [ app_init ] --START--
INFO: Run Behavior\BuildLiteBehavior [ RunTime:0.000043s ]
INFO: [ app_init ] --END-- [ RunTime:0.014996s ]
INFO: [ app_begin ] --START--
INFO: Run Behavior\ReadHtmlCacheBehavior [ RunTime:0.019707s ]
INFO: [ app_begin ] --END-- [ RunTime:0.019823s ]
ERR: 无法加载控制器:Av.php

[ 2016-07-10T14:26:11+08:00 ] 23.251.51.125 www.baidu.com:443
INFO: [ app_init ] --START--
INFO: Run Behavior\BuildLiteBehavior [ RunTime:0.000024s ]
INFO: [ app_init ] --END-- [ RunTime:0.000378s ]
INFO: [ app_begin ] --START--
INFO: Run Behavior\ReadHtmlCacheBehavior [ RunTime:0.014872s ]
INFO: [ app_begin ] --END-- [ RunTime:0.014993s ]
SQL: SHOW COLUMNS FROM `tuser` [ RunTime:0.0179s ]
SQL: SELECT * FROM `tuser` ORDER BY tuser_publish LIMIT 10   [ RunTime:0.0126s ]
ERR: Think\Controller:article_today_select方法不存在！

[ 2016-07-10T14:28:50+08:00 ] 114.36.214.22 smtp.mail.yahoo.com:25
INFO: [ app_init ] --START--
INFO: Run Behavior\BuildLiteBehavior [ RunTime:0.000036s ]
INFO: [ app_init ] --END-- [ RunTime:0.016965s ]
INFO: [ app_begin ] --START--
INFO: Run Behavior\ReadHtmlCacheBehavior [ RunTime:0.024237s ]
INFO: [ app_begin ] --END-- [ RunTime:0.024359s ]
SQL: SHOW COLUMNS FROM `tuser` [ RunTime:0.0103s ]
SQL: SELECT * FROM `tuser` ORDER BY tuser_publish LIMIT 10   [ RunTime:0.0228s ]
ERR: Think\Controller:article_today_select方法不存在！

[ 2016-07-10T14:42:33+08:00 ] 114.36.214.22 smtp.mail.yahoo.com:25
INFO: [ app_init ] --START--
INFO: Run Behavior\BuildLiteBehavior [ RunTime:0.000038s ]
INFO: [ app_init ] --END-- [ RunTime:0.018922s ]
INFO: [ app_begin ] --START--
INFO: Run Behavior\ReadHtmlCacheBehavior [ RunTime:0.023736s ]
INFO: [ app_begin ] --END-- [ RunTime:0.023871s ]
SQL: SHOW COLUMNS FROM `tuser` [ RunTime:0.0007s ]
SQL: SELECT * FROM `tuser` ORDER BY tuser_publish LIMIT 10   [ RunTime:0.0240s ]
ERR: Think\Controller:article_today_select方法不存在！

[ 2016-07-10T14:42:37+08:00 ] 59.46.158.18 /
INFO: [ app_init ] --START--
INFO: Run Behavior\BuildLiteBehavior [ RunTime:0.000035s ]
INFO: [ app_init ] --END-- [ RunTime:0.022442s ]
INFO: [ app_begin ] --START--
INFO: Run Behavior\ReadHtmlCacheBehavior [ RunTime:0.012839s ]
INFO: [ app_begin ] --END-- [ RunTime:0.012903s ]
ERR: Think\Controller:article_today_select方法不存在！

[ 2016-07-10T14:56:00+08:00 ] 114.36.214.22 smtp.mail.yahoo.com:25
INFO: [ app_init ] --START--
INFO: Run Behavior\BuildLiteBehavior [ RunTime:0.000036s ]
INFO: [ app_init ] --END-- [ RunTime:0.011276s ]
INFO: [ app_begin ] --START--
INFO: Run Behavior\ReadHtmlCacheBehavior [ RunTime:0.024737s ]
INFO: [ app_begin ] --END-- [ RunTime:0.024869s ]
SQL: SHOW COLUMNS FROM `tuser` [ RunTime:0.0209s ]
SQL: SELECT * FROM `tuser` ORDER BY tuser_publish LIMIT 10   [ RunTime:0.0136s ]
ERR: Think\Controller:article_today_select方法不存在！

[ 2016-07-10T15:09:23+08:00 ] 114.36.214.22 smtp.mail.yahoo.com:25
INFO: [ app_init ] --START--
INFO: Run Behavior\BuildLiteBehavior [ RunTime:0.000037s ]
INFO: [ app_init ] --END-- [ RunTime:0.032257s ]
INFO: [ app_begin ] --START--
INFO: Run Behavior\ReadHtmlCacheBehavior [ RunTime:0.020905s ]
INFO: [ app_begin ] --END-- [ RunTime:0.021037s ]
SQL: SHOW COLUMNS FROM `tuser` [ RunTime:0.0133s ]
SQL: SELECT * FROM `tuser` ORDER BY tuser_publish LIMIT 10   [ RunTime:0.0175s ]
ERR: Think\Controller:article_today_select方法不存在！

[ 2016-07-10T15:23:01+08:00 ] 114.36.214.22 smtp.mail.yahoo.com:25
INFO: [ app_init ] --START--
INFO: Run Behavior\BuildLiteBehavior [ RunTime:0.000024s ]
INFO: [ app_init ] --END-- [ RunTime:0.000511s ]
INFO: [ app_begin ] --START--
INFO: Run Behavior\ReadHtmlCacheBehavior [ RunTime:0.021767s ]
INFO: [ app_begin ] --END-- [ RunTime:0.021899s ]
SQL: SHOW COLUMNS FROM `tuser` [ RunTime:0.0093s ]
SQL: SELECT * FROM `tuser` ORDER BY tuser_publish LIMIT 10   [ RunTime:0.0212s ]
ERR: Think\Controller:article_today_select方法不存在！

[ 2016-07-10T15:36:21+08:00 ] 114.36.214.22 smtp.mail.yahoo.com:25
INFO: [ app_init ] --START--
INFO: Run Behavior\BuildLiteBehavior [ RunTime:0.000027s ]
INFO: [ app_init ] --END-- [ RunTime:0.006912s ]
INFO: [ app_begin ] --START--
INFO: Run Behavior\ReadHtmlCacheBehavior [ RunTime:0.018989s ]
INFO: [ app_begin ] --END-- [ RunTime:0.019116s ]
SQL: SHOW COLUMNS FROM `tuser` [ RunTime:0.0209s ]
SQL: SELECT * FROM `tuser` ORDER BY tuser_publish LIMIT 10   [ RunTime:0.0146s ]
ERR: Think\Controller:article_today_select方法不存在！

[ 2016-07-10T15:36:47+08:00 ] 123.249.27.192 http://60.173.26.241:61254/80
INFO: [ app_init ] --START--
INFO: Run Behavior\BuildLiteBehavior [ RunTime:0.000037s ]
INFO: [ app_init ] --END-- [ RunTime:0.009549s ]
INFO: [ app_begin ] --START--
INFO: Run Behavior\ReadHtmlCacheBehavior [ RunTime:0.023539s ]
INFO: [ app_begin ] --END-- [ RunTime:0.023656s ]
ERR: 无法加载控制器:80

[ 2016-07-10T15:49:43+08:00 ] 114.36.214.22 smtp.mail.yahoo.com:25
INFO: [ app_init ] --START--
INFO: Run Behavior\BuildLiteBehavior [ RunTime:0.000039s ]
INFO: [ app_init ] --END-- [ RunTime:0.017154s ]
INFO: [ app_begin ] --START--
INFO: Run Behavior\ReadHtmlCacheBehavior [ RunTime:0.015236s ]
INFO: [ app_begin ] --END-- [ RunTime:0.015365s ]
SQL: SHOW COLUMNS FROM `tuser` [ RunTime:0.0088s ]
SQL: SELECT * FROM `tuser` ORDER BY tuser_publish LIMIT 10   [ RunTime:0.0267s ]
ERR: Think\Controller:article_today_select方法不存在！

[ 2016-07-10T15:58:51+08:00 ] 190.252.3.122 /phpMyAdmin/scripts/setup.php
INFO: [ app_init ] --START--
INFO: Run Behavior\BuildLiteBehavior [ RunTime:0.000036s ]
INFO: [ app_init ] --END-- [ RunTime:0.017274s ]
INFO: [ app_begin ] --START--
INFO: Run Behavior\ReadHtmlCacheBehavior [ RunTime:0.025322s ]
INFO: [ app_begin ] --END-- [ RunTime:0.025442s ]
ERR: 无法加载控制器:PhpMyAdmin

[ 2016-07-10T15:58:52+08:00 ] 190.252.3.122 /pma/scripts/setup.php
INFO: [ app_init ] --START--
INFO: Run Behavior\BuildLiteBehavior [ RunTime:0.000037s ]
INFO: [ app_init ] --END-- [ RunTime:0.017800s ]
INFO: [ app_begin ] --START--
INFO: Run Behavior\ReadHtmlCacheBehavior [ RunTime:0.029547s ]
INFO: [ app_begin ] --END-- [ RunTime:0.029682s ]
ERR: 无法加载控制器:Pma

[ 2016-07-10T15:58:54+08:00 ] 190.252.3.122 /myadmin/scripts/setup.php
INFO: [ app_init ] --START--
INFO: Run Behavior\BuildLiteBehavior [ RunTime:0.000032s ]
INFO: [ app_init ] --END-- [ RunTime:0.014195s ]
INFO: [ app_begin ] --START--
INFO: Run Behavior\ReadHtmlCacheBehavior [ RunTime:0.021770s ]
INFO: [ app_begin ] --END-- [ RunTime:0.021903s ]
ERR: 无法加载控制器:Myadmin

[ 2016-07-10T15:58:54+08:00 ] 123.249.27.193 http://60.173.26.241:61254/80
INFO: [ app_init ] --START--
INFO: Run Behavior\BuildLiteBehavior [ RunTime:0.000034s ]
INFO: [ app_init ] --END-- [ RunTime:0.014774s ]
INFO: [ app_begin ] --START--
INFO: Run Behavior\ReadHtmlCacheBehavior [ RunTime:0.022513s ]
INFO: [ app_begin ] --END-- [ RunTime:0.022633s ]
ERR: 无法加载控制器:80

[ 2016-07-10T16:03:11+08:00 ] 114.36.214.22 smtp.mail.yahoo.com:25
INFO: [ app_init ] --START--
INFO: Run Behavior\BuildLiteBehavior [ RunTime:0.000037s ]
INFO: [ app_init ] --END-- [ RunTime:0.013053s ]
INFO: [ app_begin ] --START--
INFO: Run Behavior\ReadHtmlCacheBehavior [ RunTime:0.020763s ]
INFO: [ app_begin ] --END-- [ RunTime:0.020889s ]
SQL: SHOW COLUMNS FROM `tuser` [ RunTime:0.0123s ]
SQL: SELECT * FROM `tuser` ORDER BY tuser_publish LIMIT 10   [ RunTime:0.0194s ]
ERR: Think\Controller:article_today_select方法不存在！

[ 2016-07-10T16:16:37+08:00 ] 114.36.214.22 smtp.mail.yahoo.com:25
INFO: [ app_init ] --START--
INFO: Run Behavior\BuildLiteBehavior [ RunTime:0.000038s ]
INFO: [ app_init ] --END-- [ RunTime:0.019243s ]
INFO: [ app_begin ] --START--
INFO: Run Behavior\ReadHtmlCacheBehavior [ RunTime:0.016823s ]
INFO: [ app_begin ] --END-- [ RunTime:0.016944s ]
SQL: SHOW COLUMNS FROM `tuser` [ RunTime:0.0104s ]
SQL: SELECT * FROM `tuser` ORDER BY tuser_publish LIMIT 10   [ RunTime:0.0172s ]
ERR: Think\Controller:article_today_select方法不存在！

[ 2016-07-10T16:18:43+08:00 ] 23.251.51.125 http://www.sbjudge2.com/azenv.php
INFO: [ app_init ] --START--
INFO: Run Behavior\BuildLiteBehavior [ RunTime:0.000024s ]
INFO: [ app_init ] --END-- [ RunTime:0.000367s ]
INFO: [ app_begin ] --START--
INFO: Run Behavior\ReadHtmlCacheBehavior [ RunTime:0.018863s ]
INFO: [ app_begin ] --END-- [ RunTime:0.018988s ]
ERR: 无法加载控制器:Azenv.php

[ 2016-07-10T16:18:44+08:00 ] 23.251.51.125 www.baidu.com:443
INFO: [ app_init ] --START--
INFO: Run Behavior\BuildLiteBehavior [ RunTime:0.000038s ]
INFO: [ app_init ] --END-- [ RunTime:0.012873s ]
INFO: [ app_begin ] --START--
INFO: Run Behavior\ReadHtmlCacheBehavior [ RunTime:0.023798s ]
INFO: [ app_begin ] --END-- [ RunTime:0.023934s ]
SQL: SHOW COLUMNS FROM `tuser` [ RunTime:0.0084s ]
SQL: SELECT * FROM `tuser` ORDER BY tuser_publish LIMIT 10   [ RunTime:0.0116s ]
ERR: Think\Controller:article_today_select方法不存在！

[ 2016-07-10T16:21:14+08:00 ] 123.249.27.191 http://60.173.26.241:61254/80
INFO: [ app_init ] --START--
INFO: Run Behavior\BuildLiteBehavior [ RunTime:0.000026s ]
INFO: [ app_init ] --END-- [ RunTime:0.010872s ]
INFO: [ app_begin ] --START--
INFO: Run Behavior\ReadHtmlCacheBehavior [ RunTime:0.015597s ]
INFO: [ app_begin ] --END-- [ RunTime:0.015706s ]
ERR: 无法加载控制器:80

[ 2016-07-10T16:29:49+08:00 ] 114.36.214.22 smtp.mail.yahoo.com:25
INFO: [ app_init ] --START--
INFO: Run Behavior\BuildLiteBehavior [ RunTime:0.000049s ]
INFO: [ app_init ] --END-- [ RunTime:0.017180s ]
INFO: [ app_begin ] --START--
INFO: Run Behavior\ReadHtmlCacheBehavior [ RunTime:0.034671s ]
INFO: [ app_begin ] --END-- [ RunTime:0.034812s ]
SQL: SHOW COLUMNS FROM `tuser` [ RunTime:0.0074s ]
SQL: SELECT * FROM `tuser` ORDER BY tuser_publish LIMIT 10   [ RunTime:0.0252s ]
ERR: Think\Controller:article_today_select方法不存在！

[ 2016-07-10T16:32:59+08:00 ] 177.92.240.84 /
INFO: [ app_init ] --START--
INFO: Run Behavior\BuildLiteBehavior [ RunTime:0.000025s ]
INFO: [ app_init ] --END-- [ RunTime:0.000608s ]
INFO: [ app_begin ] --START--
INFO: Run Behavior\ReadHtmlCacheBehavior [ RunTime:0.019779s ]
INFO: [ app_begin ] --END-- [ RunTime:0.019904s ]
SQL: SHOW COLUMNS FROM `tuser` [ RunTime:0.0165s ]
SQL: SELECT * FROM `tuser` ORDER BY tuser_publish LIMIT 10   [ RunTime:0.0148s ]
ERR: Think\Controller:article_today_select方法不存在！

[ 2016-07-10T16:42:54+08:00 ] 123.249.27.193 http://60.173.26.241:61254/80
INFO: [ app_init ] --START--
INFO: Run Behavior\BuildLiteBehavior [ RunTime:0.000036s ]
INFO: [ app_init ] --END-- [ RunTime:0.017390s ]
INFO: [ app_begin ] --START--
INFO: Run Behavior\ReadHtmlCacheBehavior [ RunTime:0.018701s ]
INFO: [ app_begin ] --END-- [ RunTime:0.018826s ]
ERR: 无法加载控制器:80

[ 2016-07-10T16:43:32+08:00 ] 114.36.214.22 smtp.mail.yahoo.com:25
INFO: [ app_init ] --START--
INFO: Run Behavior\BuildLiteBehavior [ RunTime:0.000042s ]
INFO: [ app_init ] --END-- [ RunTime:0.012545s ]
INFO: [ app_begin ] --START--
INFO: Run Behavior\ReadHtmlCacheBehavior [ RunTime:0.022751s ]
INFO: [ app_begin ] --END-- [ RunTime:0.022889s ]
SQL: SHOW COLUMNS FROM `tuser` [ RunTime:0.0199s ]
SQL: SELECT * FROM `tuser` ORDER BY tuser_publish LIMIT 10   [ RunTime:0.0116s ]
ERR: Think\Controller:article_today_select方法不存在！

[ 2016-07-10T16:56:42+08:00 ] 23.251.51.125 http://www.sbjudge3.com/azenv.php
INFO: [ app_init ] --START--
INFO: Run Behavior\BuildLiteBehavior [ RunTime:0.000038s ]
INFO: [ app_init ] --END-- [ RunTime:0.019810s ]
INFO: [ app_begin ] --START--
INFO: Run Behavior\ReadHtmlCacheBehavior [ RunTime:0.019691s ]
INFO: [ app_begin ] --END-- [ RunTime:0.019808s ]
ERR: 无法加载控制器:Azenv.php

[ 2016-07-10T16:56:43+08:00 ] 23.251.51.125 www.baidu.com:443
INFO: [ app_init ] --START--
INFO: Run Behavior\BuildLiteBehavior [ RunTime:0.000028s ]
INFO: [ app_init ] --END-- [ RunTime:0.014907s ]
INFO: [ app_begin ] --START--
INFO: Run Behavior\ReadHtmlCacheBehavior [ RunTime:0.013933s ]
INFO: [ app_begin ] --END-- [ RunTime:0.014078s ]
SQL: SHOW COLUMNS FROM `tuser` [ RunTime:0.0082s ]
SQL: SELECT * FROM `tuser` ORDER BY tuser_publish LIMIT 10   [ RunTime:0.0171s ]
ERR: Think\Controller:article_today_select方法不存在！

[ 2016-07-10T16:57:06+08:00 ] 114.36.214.22 smtp.mail.yahoo.com:25
INFO: [ app_init ] --START--
INFO: Run Behavior\BuildLiteBehavior [ RunTime:0.000043s ]
INFO: [ app_init ] --END-- [ RunTime:0.013333s ]
INFO: [ app_begin ] --START--
INFO: Run Behavior\ReadHtmlCacheBehavior [ RunTime:0.021776s ]
INFO: [ app_begin ] --END-- [ RunTime:0.021911s ]
ERR: Think\Controller:article_today_select方法不存在！

[ 2016-07-10T17:04:16+08:00 ] 123.249.27.193 http://60.173.26.241:61254/80
INFO: [ app_init ] --START--
INFO: Run Behavior\BuildLiteBehavior [ RunTime:0.000035s ]
INFO: [ app_init ] --END-- [ RunTime:0.015160s ]
INFO: [ app_begin ] --START--
INFO: Run Behavior\ReadHtmlCacheBehavior [ RunTime:0.023818s ]
INFO: [ app_begin ] --END-- [ RunTime:0.023936s ]
ERR: 无法加载控制器:80

[ 2016-07-10T17:11:06+08:00 ] 114.36.214.22 smtp.mail.yahoo.com:25
INFO: [ app_init ] --START--
INFO: Run Behavior\BuildLiteBehavior [ RunTime:0.000023s ]
INFO: [ app_init ] --END-- [ RunTime:0.000371s ]
INFO: [ app_begin ] --START--
INFO: Run Behavior\ReadHtmlCacheBehavior [ RunTime:0.015775s ]
INFO: [ app_begin ] --END-- [ RunTime:0.015915s ]
SQL: SHOW COLUMNS FROM `tuser` [ RunTime:0.0073s ]
SQL: SELECT * FROM `tuser` ORDER BY tuser_publish LIMIT 10   [ RunTime:0.0189s ]
ERR: Think\Controller:article_today_select方法不存在！

[ 2016-07-10T17:25:30+08:00 ] 114.36.214.22 smtp.mail.yahoo.com:25
INFO: [ app_init ] --START--
INFO: Run Behavior\BuildLiteBehavior [ RunTime:0.005901s ]
INFO: [ app_init ] --END-- [ RunTime:0.016847s ]
INFO: [ app_begin ] --START--
INFO: Run Behavior\ReadHtmlCacheBehavior [ RunTime:0.018936s ]
INFO: [ app_begin ] --END-- [ RunTime:0.019080s ]
SQL: SHOW COLUMNS FROM `tuser` [ RunTime:0.0115s ]
SQL: SELECT * FROM `tuser` ORDER BY tuser_publish LIMIT 10   [ RunTime:0.0258s ]
ERR: Think\Controller:article_today_select方法不存在！

[ 2016-07-10T17:33:15+08:00 ] 114.44.56.73 163mx00.mxmail.netease.com:25
INFO: [ app_init ] --START--
INFO: Run Behavior\BuildLiteBehavior [ RunTime:0.000022s ]
INFO: [ app_init ] --END-- [ RunTime:0.000366s ]
INFO: [ app_begin ] --START--
INFO: Run Behavior\ReadHtmlCacheBehavior [ RunTime:0.033258s ]
INFO: [ app_begin ] --END-- [ RunTime:0.033372s ]
SQL: SHOW COLUMNS FROM `tuser` [ RunTime:0.0139s ]
SQL: SELECT * FROM `tuser` ORDER BY tuser_publish LIMIT 10   [ RunTime:0.0125s ]
ERR: Think\Controller:article_today_select方法不存在！

[ 2016-07-10T17:38:51+08:00 ] 93.174.93.136 http://www.baidu.com/cache/global/img/gs.gif
INFO: [ app_init ] --START--
INFO: Run Behavior\BuildLiteBehavior [ RunTime:0.000023s ]
INFO: [ app_init ] --END-- [ RunTime:0.000373s ]

[ 2016-07-10T17:40:08+08:00 ] 114.36.214.22 smtp.mail.yahoo.com:25
INFO: [ app_init ] --START--
INFO: Run Behavior\BuildLiteBehavior [ RunTime:0.000038s ]
INFO: [ app_init ] --END-- [ RunTime:0.013075s ]
INFO: [ app_begin ] --START--
INFO: Run Behavior\ReadHtmlCacheBehavior [ RunTime:0.023616s ]
INFO: [ app_begin ] --END-- [ RunTime:0.023758s ]
SQL: SHOW COLUMNS FROM `tuser` [ RunTime:0.0146s ]
SQL: SELECT * FROM `tuser` ORDER BY tuser_publish LIMIT 10   [ RunTime:0.0202s ]
ERR: Think\Controller:article_today_select方法不存在！

[ 2016-07-10T17:51:35+08:00 ] 123.59.59.52 http://www.ctrip.com/
INFO: [ app_init ] --START--
INFO: Run Behavior\BuildLiteBehavior [ RunTime:0.000025s ]
INFO: [ app_init ] --END-- [ RunTime:0.000376s ]
INFO: [ app_begin ] --START--
INFO: Run Behavior\ReadHtmlCacheBehavior [ RunTime:0.026865s ]
INFO: [ app_begin ] --END-- [ RunTime:0.026986s ]
SQL: SHOW COLUMNS FROM `tuser` [ RunTime:0.0152s ]
SQL: SELECT * FROM `tuser` ORDER BY tuser_publish LIMIT 10   [ RunTime:0.0155s ]
ERR: Think\Controller:article_today_select方法不存在！

[ 2016-07-10T17:54:22+08:00 ] 114.36.214.22 smtp.mail.yahoo.com:25
INFO: [ app_init ] --START--
INFO: Run Behavior\BuildLiteBehavior [ RunTime:0.000036s ]
INFO: [ app_init ] --END-- [ RunTime:0.012973s ]
INFO: [ app_begin ] --START--
INFO: Run Behavior\ReadHtmlCacheBehavior [ RunTime:0.021772s ]
INFO: [ app_begin ] --END-- [ RunTime:0.021900s ]
SQL: SHOW COLUMNS FROM `tuser` [ RunTime:0.0155s ]
SQL: SELECT * FROM `tuser` ORDER BY tuser_publish LIMIT 10   [ RunTime:0.0193s ]
ERR: Think\Controller:article_today_select方法不存在！

[ 2016-07-10T18:02:53+08:00 ] 185.25.148.240 http://testp3.pospr.waw.pl/testproxy.php
INFO: [ app_init ] --START--
INFO: Run Behavior\BuildLiteBehavior [ RunTime:0.000040s ]
INFO: [ app_init ] --END-- [ RunTime:0.013982s ]
INFO: [ app_begin ] --START--
INFO: Run Behavior\ReadHtmlCacheBehavior [ RunTime:0.023681s ]
INFO: [ app_begin ] --END-- [ RunTime:0.023800s ]
ERR: 无法加载控制器:Testproxy.php

[ 2016-07-10T18:07:51+08:00 ] 123.249.27.191 http://60.173.26.241:61254/80
INFO: [ app_init ] --START--
INFO: Run Behavior\BuildLiteBehavior [ RunTime:0.000037s ]
INFO: [ app_init ] --END-- [ RunTime:0.013978s ]
INFO: [ app_begin ] --START--
INFO: Run Behavior\ReadHtmlCacheBehavior [ RunTime:0.022691s ]
INFO: [ app_begin ] --END-- [ RunTime:0.022817s ]
ERR: 无法加载控制器:80

[ 2016-07-10T18:08:39+08:00 ] 114.36.214.22 smtp.mail.yahoo.com:25
INFO: [ app_init ] --START--
INFO: Run Behavior\BuildLiteBehavior [ RunTime:0.000037s ]
INFO: [ app_init ] --END-- [ RunTime:0.014958s ]
INFO: [ app_begin ] --START--
INFO: Run Behavior\ReadHtmlCacheBehavior [ RunTime:0.021694s ]
INFO: [ app_begin ] --END-- [ RunTime:0.027785s ]
SQL: SHOW COLUMNS FROM `tuser` [ RunTime:0.0074s ]
SQL: SELECT * FROM `tuser` ORDER BY tuser_publish LIMIT 10   [ RunTime:0.0214s ]
ERR: Think\Controller:article_today_select方法不存在！

[ 2016-07-10T18:23:00+08:00 ] 114.36.214.22 smtp.mail.yahoo.com:25
INFO: [ app_init ] --START--
INFO: Run Behavior\BuildLiteBehavior [ RunTime:0.000036s ]
INFO: [ app_init ] --END-- [ RunTime:0.019470s ]
INFO: [ app_begin ] --START--
INFO: Run Behavior\ReadHtmlCacheBehavior [ RunTime:0.027357s ]
INFO: [ app_begin ] --END-- [ RunTime:0.027484s ]
SQL: SHOW COLUMNS FROM `tuser` [ RunTime:0.0157s ]
SQL: SELECT * FROM `tuser` ORDER BY tuser_publish LIMIT 10   [ RunTime:0.0172s ]
ERR: Think\Controller:article_today_select方法不存在！

[ 2016-07-10T18:30:28+08:00 ] 123.249.27.191 http://60.173.26.241:61254/80
INFO: [ app_init ] --START--
INFO: Run Behavior\BuildLiteBehavior [ RunTime:0.000037s ]
INFO: [ app_init ] --END-- [ RunTime:0.010949s ]
INFO: [ app_begin ] --START--
INFO: Run Behavior\ReadHtmlCacheBehavior [ RunTime:0.023043s ]
INFO: [ app_begin ] --END-- [ RunTime:0.023164s ]
ERR: 无法加载控制器:80

[ 2016-07-10T18:37:47+08:00 ] 114.36.214.22 smtp.mail.yahoo.com:25
INFO: [ app_init ] --START--
INFO: Run Behavior\BuildLiteBehavior [ RunTime:0.000023s ]
INFO: [ app_init ] --END-- [ RunTime:0.000364s ]
INFO: [ app_begin ] --START--
INFO: Run Behavior\ReadHtmlCacheBehavior [ RunTime:0.012902s ]
INFO: [ app_begin ] --END-- [ RunTime:0.013044s ]
SQL: SHOW COLUMNS FROM `tuser` [ RunTime:0.0229s ]
SQL: SELECT * FROM `tuser` ORDER BY tuser_publish LIMIT 10   [ RunTime:0.0136s ]
ERR: Think\Controller:article_today_select方法不存在！

[ 2016-07-10T18:44:48+08:00 ] 80.82.78.38 http://www.baidu.com/cache/global/img/gs.gif
INFO: [ app_init ] --START--
INFO: Run Behavior\BuildLiteBehavior [ RunTime:0.000037s ]
INFO: [ app_init ] --END-- [ RunTime:0.013012s ]

[ 2016-07-10T18:52:36+08:00 ] 114.36.214.22 smtp.mail.yahoo.com:25
INFO: [ app_init ] --START--
INFO: Run Behavior\BuildLiteBehavior [ RunTime:0.000038s ]
INFO: [ app_init ] --END-- [ RunTime:0.012975s ]
INFO: [ app_begin ] --START--
INFO: Run Behavior\ReadHtmlCacheBehavior [ RunTime:0.022715s ]
INFO: [ app_begin ] --END-- [ RunTime:0.022841s ]
SQL: SHOW COLUMNS FROM `tuser` [ RunTime:0.0111s ]
SQL: SELECT * FROM `tuser` ORDER BY tuser_publish LIMIT 10   [ RunTime:0.0144s ]
ERR: Think\Controller:article_today_select方法不存在！

[ 2016-07-10T18:53:57+08:00 ] 123.249.27.191 http://60.173.26.241:61254/80
INFO: [ app_init ] --START--
INFO: Run Behavior\BuildLiteBehavior [ RunTime:0.000037s ]
INFO: [ app_init ] --END-- [ RunTime:0.015998s ]
INFO: [ app_begin ] --START--
INFO: Run Behavior\ReadHtmlCacheBehavior [ RunTime:0.020975s ]
INFO: [ app_begin ] --END-- [ RunTime:0.021101s ]
ERR: 无法加载控制器:80

[ 2016-07-10T19:07:09+08:00 ] 114.36.214.22 smtp.mail.yahoo.com:25
INFO: [ app_init ] --START--
INFO: Run Behavior\BuildLiteBehavior [ RunTime:0.000039s ]
INFO: [ app_init ] --END-- [ RunTime:0.013015s ]
INFO: [ app_begin ] --START--
INFO: Run Behavior\ReadHtmlCacheBehavior [ RunTime:0.022679s ]
INFO: [ app_begin ] --END-- [ RunTime:0.022809s ]
SQL: SHOW COLUMNS FROM `tuser` [ RunTime:0.0211s ]
SQL: SELECT * FROM `tuser` ORDER BY tuser_publish LIMIT 10   [ RunTime:0.0144s ]
ERR: Think\Controller:article_today_select方法不存在！

[ 2016-07-10T19:16:03+08:00 ] 123.249.27.191 http://60.173.26.241:61254/80
INFO: [ app_init ] --START--
INFO: Run Behavior\BuildLiteBehavior [ RunTime:0.000043s ]
INFO: [ app_init ] --END-- [ RunTime:0.026379s ]
INFO: [ app_begin ] --START--
INFO: Run Behavior\ReadHtmlCacheBehavior [ RunTime:0.017748s ]
INFO: [ app_begin ] --END-- [ RunTime:0.017906s ]
ERR: 无法加载控制器:80

[ 2016-07-10T19:20:45+08:00 ] 114.36.214.22 smtp.mail.yahoo.com:25
INFO: [ app_init ] --START--
INFO: Run Behavior\BuildLiteBehavior [ RunTime:0.000037s ]
INFO: [ app_init ] --END-- [ RunTime:0.010052s ]
INFO: [ app_begin ] --START--
INFO: Run Behavior\ReadHtmlCacheBehavior [ RunTime:0.020794s ]
INFO: [ app_begin ] --END-- [ RunTime:0.026825s ]
SQL: SHOW COLUMNS FROM `tuser` [ RunTime:0.0216s ]
SQL: SELECT * FROM `tuser` ORDER BY tuser_publish LIMIT 10   [ RunTime:0.0145s ]
ERR: Think\Controller:article_today_select方法不存在！

[ 2016-07-10T19:34:29+08:00 ] 114.36.214.22 smtp.mail.yahoo.com:25
INFO: [ app_init ] --START--
INFO: Run Behavior\BuildLiteBehavior [ RunTime:0.000036s ]
INFO: [ app_init ] --END-- [ RunTime:0.014970s ]
INFO: [ app_begin ] --START--
INFO: Run Behavior\ReadHtmlCacheBehavior [ RunTime:0.019053s ]
INFO: [ app_begin ] --END-- [ RunTime:0.019178s ]
SQL: SHOW COLUMNS FROM `tuser` [ RunTime:0.0239s ]
SQL: SELECT * FROM `tuser` ORDER BY tuser_publish LIMIT 10   [ RunTime:0.0168s ]
ERR: Think\Controller:article_today_select方法不存在！

[ 2016-07-10T19:37:48+08:00 ] 123.249.27.193 http://60.173.26.241:61254/80
INFO: [ app_init ] --START--
INFO: Run Behavior\BuildLiteBehavior [ RunTime:0.000036s ]
INFO: [ app_init ] --END-- [ RunTime:0.006851s ]
INFO: [ app_begin ] --START--
INFO: Run Behavior\ReadHtmlCacheBehavior [ RunTime:0.019454s ]
INFO: [ app_begin ] --END-- [ RunTime:0.019576s ]
ERR: 无法加载控制器:80

[ 2016-07-10T19:47:46+08:00 ] 114.36.214.22 smtp.mail.yahoo.com:25
INFO: [ app_init ] --START--
INFO: Run Behavior\BuildLiteBehavior [ RunTime:0.000038s ]
INFO: [ app_init ] --END-- [ RunTime:0.018826s ]
INFO: [ app_begin ] --START--
INFO: Run Behavior\ReadHtmlCacheBehavior [ RunTime:0.015760s ]
INFO: [ app_begin ] --END-- [ RunTime:0.015890s ]
SQL: SHOW COLUMNS FROM `tuser` [ RunTime:0.0134s ]
SQL: SELECT * FROM `tuser` ORDER BY tuser_publish LIMIT 10   [ RunTime:0.0194s ]
ERR: Think\Controller:article_today_select方法不存在！

[ 2016-07-10T20:01:18+08:00 ] 114.36.214.22 smtp.mail.yahoo.com:25
INFO: [ app_init ] --START--
INFO: Run Behavior\BuildLiteBehavior [ RunTime:0.000037s ]
INFO: [ app_init ] --END-- [ RunTime:0.012906s ]
INFO: [ app_begin ] --START--
INFO: Run Behavior\ReadHtmlCacheBehavior [ RunTime:0.023781s ]
INFO: [ app_begin ] --END-- [ RunTime:0.023933s ]
SQL: SHOW COLUMNS FROM `tuser` [ RunTime:0.0083s ]
SQL: SELECT * FROM `tuser` ORDER BY tuser_publish LIMIT 10   [ RunTime:0.0229s ]
ERR: Think\Controller:article_today_select方法不存在！

[ 2016-07-10T20:14:42+08:00 ] 114.36.214.22 smtp.mail.yahoo.com:25
INFO: [ app_init ] --START--
INFO: Run Behavior\BuildLiteBehavior [ RunTime:0.000024s ]
INFO: [ app_init ] --END-- [ RunTime:0.010968s ]
INFO: [ app_begin ] --START--
INFO: Run Behavior\ReadHtmlCacheBehavior [ RunTime:0.018783s ]
INFO: [ app_begin ] --END-- [ RunTime:0.018914s ]
SQL: SHOW COLUMNS FROM `tuser` [ RunTime:0.0179s ]
SQL: SELECT * FROM `tuser` ORDER BY tuser_publish LIMIT 10   [ RunTime:0.0124s ]
ERR: Think\Controller:article_today_select方法不存在！

[ 2016-07-10T20:21:42+08:00 ] 123.249.27.192 http://60.173.26.241:61254/80
INFO: [ app_init ] --START--
INFO: Run Behavior\BuildLiteBehavior [ RunTime:0.000070s ]
INFO: [ app_init ] --END-- [ RunTime:0.014860s ]
INFO: [ app_begin ] --START--
INFO: Run Behavior\ReadHtmlCacheBehavior [ RunTime:0.027200s ]
INFO: [ app_begin ] --END-- [ RunTime:0.027334s ]
ERR: 无法加载控制器:80

[ 2016-07-10T20:28:15+08:00 ] 114.36.214.22 smtp.mail.yahoo.com:25
INFO: [ app_init ] --START--
INFO: Run Behavior\BuildLiteBehavior [ RunTime:0.000037s ]
INFO: [ app_init ] --END-- [ RunTime:0.013955s ]
INFO: [ app_begin ] --START--
INFO: Run Behavior\ReadHtmlCacheBehavior [ RunTime:0.021512s ]
INFO: [ app_begin ] --END-- [ RunTime:0.021640s ]
SQL: SHOW COLUMNS FROM `tuser` [ RunTime:0.0104s ]
SQL: SELECT * FROM `tuser` ORDER BY tuser_publish LIMIT 10   [ RunTime:0.0241s ]
ERR: Think\Controller:article_today_select方法不存在！

[ 2016-07-10T20:33:37+08:00 ] 23.251.51.125 http://www.sbjudge1.com/azenv.php
INFO: [ app_init ] --START--
INFO: Run Behavior\BuildLiteBehavior [ RunTime:0.000037s ]
INFO: [ app_init ] --END-- [ RunTime:0.014195s ]
INFO: [ app_begin ] --START--
INFO: Run Behavior\ReadHtmlCacheBehavior [ RunTime:0.020788s ]
INFO: [ app_begin ] --END-- [ RunTime:0.020899s ]
ERR: 无法加载控制器:Azenv.php

[ 2016-07-10T20:33:38+08:00 ] 23.251.51.125 www.alipay.com:443
INFO: [ app_init ] --START--
INFO: Run Behavior\BuildLiteBehavior [ RunTime:0.000037s ]
INFO: [ app_init ] --END-- [ RunTime:0.014087s ]
INFO: [ app_begin ] --START--
INFO: Run Behavior\ReadHtmlCacheBehavior [ RunTime:0.033278s ]
INFO: [ app_begin ] --END-- [ RunTime:0.033386s ]
SQL: SHOW COLUMNS FROM `tuser` [ RunTime:0.0174s ]
SQL: SELECT * FROM `tuser` ORDER BY tuser_publish LIMIT 10   [ RunTime:0.0181s ]
ERR: Think\Controller:article_today_select方法不存在！

[ 2016-07-10T20:41:16+08:00 ] 114.36.214.22 smtp.mail.yahoo.com:25
INFO: [ app_init ] --START--
INFO: Run Behavior\BuildLiteBehavior [ RunTime:0.000038s ]
INFO: [ app_init ] --END-- [ RunTime:0.026316s ]
INFO: [ app_begin ] --START--
INFO: Run Behavior\ReadHtmlCacheBehavior [ RunTime:0.018765s ]
INFO: [ app_begin ] --END-- [ RunTime:0.018896s ]
SQL: SHOW COLUMNS FROM `tuser` [ RunTime:0.0154s ]
SQL: SELECT * FROM `tuser` ORDER BY tuser_publish LIMIT 10   [ RunTime:0.0201s ]
ERR: Think\Controller:article_today_select方法不存在！

[ 2016-07-10T20:43:03+08:00 ] 123.249.27.193 http://60.173.26.241:61254/80
INFO: [ app_init ] --START--
INFO: Run Behavior\BuildLiteBehavior [ RunTime:0.000025s ]
INFO: [ app_init ] --END-- [ RunTime:0.006954s ]
INFO: [ app_begin ] --START--
INFO: Run Behavior\ReadHtmlCacheBehavior [ RunTime:0.016617s ]
INFO: [ app_begin ] --END-- [ RunTime:0.016753s ]
ERR: 无法加载控制器:80

[ 2016-07-10T20:43:34+08:00 ] 84.10.163.224 http://www.bing.com/
INFO: [ app_init ] --START--
INFO: Run Behavior\BuildLiteBehavior [ RunTime:0.000044s ]
INFO: [ app_init ] --END-- [ RunTime:0.013017s ]
INFO: [ app_begin ] --START--
INFO: Run Behavior\ReadHtmlCacheBehavior [ RunTime:0.020779s ]
INFO: [ app_begin ] --END-- [ RunTime:0.020899s ]
SQL: SHOW COLUMNS FROM `tuser` [ RunTime:0.0071s ]
SQL: SELECT * FROM `tuser` ORDER BY tuser_publish LIMIT 10   [ RunTime:0.0131s ]
ERR: Think\Controller:article_today_select方法不存在！

[ 2016-07-10T20:54:02+08:00 ] 114.36.214.22 smtp.mail.yahoo.com:25
INFO: [ app_init ] --START--
INFO: Run Behavior\BuildLiteBehavior [ RunTime:0.000038s ]
INFO: [ app_init ] --END-- [ RunTime:0.012969s ]
INFO: [ app_begin ] --START--
INFO: Run Behavior\ReadHtmlCacheBehavior [ RunTime:0.012986s ]
INFO: [ app_begin ] --END-- [ RunTime:0.019224s ]
SQL: SHOW COLUMNS FROM `tuser` [ RunTime:0.0142s ]
SQL: SELECT * FROM `tuser` ORDER BY tuser_publish LIMIT 10   [ RunTime:0.0202s ]
ERR: Think\Controller:article_today_select方法不存在！

[ 2016-07-10T20:55:03+08:00 ] 112.74.206.117 /
INFO: [ app_init ] --START--
INFO: Run Behavior\BuildLiteBehavior [ RunTime:0.000041s ]
INFO: [ app_init ] --END-- [ RunTime:0.009024s ]
INFO: [ app_begin ] --START--
INFO: Run Behavior\ReadHtmlCacheBehavior [ RunTime:0.012145s ]
INFO: [ app_begin ] --END-- [ RunTime:0.018927s ]
SQL: SHOW COLUMNS FROM `tuser` [ RunTime:0.0017s ]
SQL: SELECT * FROM `tuser` ORDER BY tuser_publish LIMIT 10   [ RunTime:0.0259s ]
ERR: Think\Controller:article_today_select方法不存在！

[ 2016-07-10T20:56:40+08:00 ] 172.82.166.210 http://www.baidu.com/cache/global/img/gs.gif
INFO: [ app_init ] --START--
INFO: Run Behavior\BuildLiteBehavior [ RunTime:0.000035s ]
INFO: [ app_init ] --END-- [ RunTime:0.012317s ]

[ 2016-07-10T21:03:05+08:00 ] 101.200.86.96 http://www.izhongsai.com/
INFO: [ app_init ] --START--
INFO: Run Behavior\BuildLiteBehavior [ RunTime:0.000038s ]
INFO: [ app_init ] --END-- [ RunTime:0.010943s ]
INFO: [ app_begin ] --START--
INFO: Run Behavior\ReadHtmlCacheBehavior [ RunTime:0.024741s ]
INFO: [ app_begin ] --END-- [ RunTime:0.024865s ]
SQL: SHOW COLUMNS FROM `tuser` [ RunTime:0.0072s ]
SQL: SELECT * FROM `tuser` ORDER BY tuser_publish LIMIT 10   [ RunTime:0.0205s ]
ERR: Think\Controller:article_today_select方法不存在！

[ 2016-07-10T21:04:27+08:00 ] 123.249.27.193 http://60.173.26.241:61254/80
INFO: [ app_init ] --START--
INFO: Run Behavior\BuildLiteBehavior [ RunTime:0.000040s ]
INFO: [ app_init ] --END-- [ RunTime:0.016962s ]
INFO: [ app_begin ] --START--
INFO: Run Behavior\ReadHtmlCacheBehavior [ RunTime:0.027634s ]
INFO: [ app_begin ] --END-- [ RunTime:0.027769s ]
ERR: 无法加载控制器:80

[ 2016-07-10T21:07:28+08:00 ] 114.36.214.22 smtp.mail.yahoo.com:25
INFO: [ app_init ] --START--
INFO: Run Behavior\BuildLiteBehavior [ RunTime:0.000038s ]
INFO: [ app_init ] --END-- [ RunTime:0.019419s ]
INFO: [ app_begin ] --START--
INFO: Run Behavior\ReadHtmlCacheBehavior [ RunTime:0.026800s ]
INFO: [ app_begin ] --END-- [ RunTime:0.026939s ]
SQL: SHOW COLUMNS FROM `tuser` [ RunTime:0.0076s ]
SQL: SELECT * FROM `tuser` ORDER BY tuser_publish LIMIT 10   [ RunTime:0.0202s ]
ERR: Think\Controller:article_today_select方法不存在！

[ 2016-07-10T21:20:41+08:00 ] 114.36.214.22 smtp.mail.yahoo.com:25
INFO: [ app_init ] --START--
INFO: Run Behavior\BuildLiteBehavior [ RunTime:0.000026s ]
INFO: [ app_init ] --END-- [ RunTime:0.007004s ]
INFO: [ app_begin ] --START--
INFO: Run Behavior\ReadHtmlCacheBehavior [ RunTime:0.018798s ]
INFO: [ app_begin ] --END-- [ RunTime:0.018921s ]
SQL: SHOW COLUMNS FROM `tuser` [ RunTime:0.0149s ]
SQL: SELECT * FROM `tuser` ORDER BY tuser_publish LIMIT 10   [ RunTime:0.0145s ]
ERR: Think\Controller:article_today_select方法不存在！

[ 2016-07-10T21:34:06+08:00 ] 114.36.214.22 smtp.mail.yahoo.com:25
INFO: [ app_init ] --START--
INFO: Run Behavior\BuildLiteBehavior [ RunTime:0.000039s ]
INFO: [ app_init ] --END-- [ RunTime:0.031380s ]
INFO: [ app_begin ] --START--
INFO: Run Behavior\ReadHtmlCacheBehavior [ RunTime:0.023764s ]
INFO: [ app_begin ] --END-- [ RunTime:0.023892s ]
SQL: SHOW COLUMNS FROM `tuser` [ RunTime:0.0169s ]
SQL: SELECT * FROM `tuser` ORDER BY tuser_publish LIMIT 10   [ RunTime:0.0145s ]
ERR: Think\Controller:article_today_select方法不存在！

[ 2016-07-10T21:47:26+08:00 ] 114.36.214.22 smtp.mail.yahoo.com:25
INFO: [ app_init ] --START--
INFO: Run Behavior\BuildLiteBehavior [ RunTime:0.000037s ]
INFO: [ app_init ] --END-- [ RunTime:0.012984s ]
INFO: [ app_begin ] --START--
INFO: Run Behavior\ReadHtmlCacheBehavior [ RunTime:0.014757s ]
INFO: [ app_begin ] --END-- [ RunTime:0.014884s ]
SQL: SHOW COLUMNS FROM `tuser` [ RunTime:0.0258s ]
SQL: SELECT * FROM `tuser` ORDER BY tuser_publish LIMIT 10   [ RunTime:0.0137s ]
ERR: Think\Controller:article_today_select方法不存在！

[ 2016-07-10T21:48:20+08:00 ] 23.251.51.125 http://www.sbjudge3.com/azenv.php
INFO: [ app_init ] --START--
INFO: Run Behavior\BuildLiteBehavior [ RunTime:0.000036s ]
INFO: [ app_init ] --END-- [ RunTime:0.014007s ]
INFO: [ app_begin ] --START--
INFO: Run Behavior\ReadHtmlCacheBehavior [ RunTime:0.020721s ]
INFO: [ app_begin ] --END-- [ RunTime:0.020857s ]
ERR: 无法加载控制器:Azenv.php

[ 2016-07-10T21:48:21+08:00 ] 23.251.51.125 www.alipay.com:443
INFO: [ app_init ] --START--
INFO: Run Behavior\BuildLiteBehavior [ RunTime:0.000036s ]
INFO: [ app_init ] --END-- [ RunTime:0.017911s ]
INFO: [ app_begin ] --START--
INFO: Run Behavior\ReadHtmlCacheBehavior [ RunTime:0.012961s ]
INFO: [ app_begin ] --END-- [ RunTime:0.013073s ]
ERR: Think\Controller:article_today_select方法不存在！

[ 2016-07-10T21:51:28+08:00 ] 123.249.27.191 http://60.173.26.241:61254/80
INFO: [ app_init ] --START--
INFO: Run Behavior\BuildLiteBehavior [ RunTime:0.006917s ]
INFO: [ app_init ] --END-- [ RunTime:0.018888s ]
INFO: [ app_begin ] --START--
INFO: Run Behavior\ReadHtmlCacheBehavior [ RunTime:0.014653s ]
INFO: [ app_begin ] --END-- [ RunTime:0.014750s ]
ERR: 无法加载控制器:80

[ 2016-07-10T22:00:39+08:00 ] 114.36.214.22 smtp.mail.yahoo.com:25
INFO: [ app_init ] --START--
INFO: Run Behavior\BuildLiteBehavior [ RunTime:0.000036s ]
INFO: [ app_init ] --END-- [ RunTime:0.014738s ]
INFO: [ app_begin ] --START--
INFO: Run Behavior\ReadHtmlCacheBehavior [ RunTime:0.024758s ]
INFO: [ app_begin ] --END-- [ RunTime:0.024889s ]
SQL: SHOW COLUMNS FROM `tuser` [ RunTime:0.0209s ]
SQL: SELECT * FROM `tuser` ORDER BY tuser_publish LIMIT 10   [ RunTime:0.0145s ]
ERR: Think\Controller:article_today_select方法不存在！

[ 2016-07-10T22:13:47+08:00 ] 123.249.27.191 http://60.173.26.241:61254/80
INFO: [ app_init ] --START--
INFO: Run Behavior\BuildLiteBehavior [ RunTime:0.000037s ]
INFO: [ app_init ] --END-- [ RunTime:0.013058s ]
INFO: [ app_begin ] --START--
INFO: Run Behavior\ReadHtmlCacheBehavior [ RunTime:0.023663s ]
INFO: [ app_begin ] --END-- [ RunTime:0.023783s ]
ERR: 无法加载控制器:80

[ 2016-07-10T22:14:10+08:00 ] 114.36.214.22 smtp.mail.yahoo.com:25
INFO: [ app_init ] --START--
INFO: Run Behavior\BuildLiteBehavior [ RunTime:0.000037s ]
INFO: [ app_init ] --END-- [ RunTime:0.015953s ]
INFO: [ app_begin ] --START--
INFO: Run Behavior\ReadHtmlCacheBehavior [ RunTime:0.022748s ]
INFO: [ app_begin ] --END-- [ RunTime:0.022914s ]
SQL: SHOW COLUMNS FROM `tuser` [ RunTime:0.0221s ]
SQL: SELECT * FROM `tuser` ORDER BY tuser_publish LIMIT 10   [ RunTime:0.0145s ]
ERR: Think\Controller:article_today_select方法不存在！

[ 2016-07-10T22:27:42+08:00 ] 114.36.214.22 smtp.mail.yahoo.com:25
INFO: [ app_init ] --START--
INFO: Run Behavior\BuildLiteBehavior [ RunTime:0.000050s ]
INFO: [ app_init ] --END-- [ RunTime:0.018793s ]
INFO: [ app_begin ] --START--
INFO: Run Behavior\ReadHtmlCacheBehavior [ RunTime:0.019638s ]
INFO: [ app_begin ] --END-- [ RunTime:0.019766s ]
SQL: SHOW COLUMNS FROM `tuser` [ RunTime:0.0136s ]
SQL: SELECT * FROM `tuser` ORDER BY tuser_publish LIMIT 10   [ RunTime:0.0202s ]
ERR: Think\Controller:article_today_select方法不存在！

[ 2016-07-10T22:29:52+08:00 ] 93.174.93.136 http://www.baidu.com/cache/global/img/gs.gif
INFO: [ app_init ] --START--
INFO: Run Behavior\BuildLiteBehavior [ RunTime:0.000068s ]
INFO: [ app_init ] --END-- [ RunTime:0.018129s ]

[ 2016-07-10T22:35:43+08:00 ] 123.249.27.193 http://60.173.26.241:61254/80
INFO: [ app_init ] --START--
INFO: Run Behavior\BuildLiteBehavior [ RunTime:0.000037s ]
INFO: [ app_init ] --END-- [ RunTime:0.013034s ]
INFO: [ app_begin ] --START--
INFO: Run Behavior\ReadHtmlCacheBehavior [ RunTime:0.026748s ]
INFO: [ app_begin ] --END-- [ RunTime:0.026875s ]
ERR: 无法加载控制器:80

[ 2016-07-10T22:40:43+08:00 ] 114.36.214.22 smtp.mail.yahoo.com:25
INFO: [ app_init ] --START--
INFO: Run Behavior\BuildLiteBehavior [ RunTime:0.000033s ]
INFO: [ app_init ] --END-- [ RunTime:0.011104s ]
INFO: [ app_begin ] --START--
INFO: Run Behavior\ReadHtmlCacheBehavior [ RunTime:0.028655s ]
INFO: [ app_begin ] --END-- [ RunTime:0.028773s ]
SQL: SHOW COLUMNS FROM `tuser` [ RunTime:0.0180s ]
SQL: SELECT * FROM `tuser` ORDER BY tuser_publish LIMIT 10   [ RunTime:0.0145s ]
ERR: Think\Controller:article_today_select方法不存在！

[ 2016-07-10T22:43:23+08:00 ] 23.251.51.125 http://domkrim.com/av.php
INFO: [ app_init ] --START--
INFO: Run Behavior\BuildLiteBehavior [ RunTime:0.000038s ]
INFO: [ app_init ] --END-- [ RunTime:0.012983s ]
INFO: [ app_begin ] --START--
INFO: Run Behavior\ReadHtmlCacheBehavior [ RunTime:0.030258s ]
INFO: [ app_begin ] --END-- [ RunTime:0.030375s ]
ERR: 无法加载控制器:Av.php

[ 2016-07-10T22:43:24+08:00 ] 23.251.51.125 www.alipay.com:443
INFO: [ app_init ] --START--
INFO: Run Behavior\BuildLiteBehavior [ RunTime:0.000038s ]
INFO: [ app_init ] --END-- [ RunTime:0.013969s ]
INFO: [ app_begin ] --START--
INFO: Run Behavior\ReadHtmlCacheBehavior [ RunTime:0.021801s ]
INFO: [ app_begin ] --END-- [ RunTime:0.021926s ]
SQL: SHOW COLUMNS FROM `tuser` [ RunTime:0.0006s ]
SQL: SELECT * FROM `tuser` ORDER BY tuser_publish LIMIT 10   [ RunTime:0.0131s ]
ERR: Think\Controller:article_today_select方法不存在！

[ 2016-07-10T22:43:35+08:00 ] 23.251.51.125 http://www.sbjudge3.com/azenv.php
INFO: [ app_init ] --START--
INFO: Run Behavior\BuildLiteBehavior [ RunTime:0.000041s ]
INFO: [ app_init ] --END-- [ RunTime:0.019725s ]
INFO: [ app_begin ] --START--
INFO: Run Behavior\ReadHtmlCacheBehavior [ RunTime:0.025184s ]
INFO: [ app_begin ] --END-- [ RunTime:0.025306s ]
ERR: 无法加载控制器:Azenv.php

[ 2016-07-10T22:43:36+08:00 ] 23.251.51.125 www.baidu.com:443
INFO: [ app_init ] --START--
INFO: Run Behavior\BuildLiteBehavior [ RunTime:0.000037s ]
INFO: [ app_init ] --END-- [ RunTime:0.013997s ]
INFO: [ app_begin ] --START--
INFO: Run Behavior\ReadHtmlCacheBehavior [ RunTime:0.018752s ]
INFO: [ app_begin ] --END-- [ RunTime:0.018881s ]
ERR: Think\Controller:article_today_select方法不存在！

[ 2016-07-10T22:53:45+08:00 ] 123.249.27.191 http://60.173.26.241:61254/80
INFO: [ app_init ] --START--
INFO: Run Behavior\BuildLiteBehavior [ RunTime:0.000037s ]
INFO: [ app_init ] --END-- [ RunTime:0.012955s ]
INFO: [ app_begin ] --START--
INFO: Run Behavior\ReadHtmlCacheBehavior [ RunTime:0.017711s ]
INFO: [ app_begin ] --END-- [ RunTime:0.017826s ]
ERR: 无法加载控制器:80

[ 2016-07-10T22:54:14+08:00 ] 114.36.214.22 smtp.mail.yahoo.com:25
INFO: [ app_init ] --START--
INFO: Run Behavior\BuildLiteBehavior [ RunTime:0.000036s ]
INFO: [ app_init ] --END-- [ RunTime:0.011574s ]
INFO: [ app_begin ] --START--
INFO: Run Behavior\ReadHtmlCacheBehavior [ RunTime:0.000455s ]
INFO: [ app_begin ] --END-- [ RunTime:0.000532s ]
SQL: SHOW COLUMNS FROM `tuser` [ RunTime:0.0276s ]
SQL: SELECT * FROM `tuser` ORDER BY tuser_publish LIMIT 10   [ RunTime:0.0166s ]
ERR: Think\Controller:article_today_select方法不存在！

[ 2016-07-10T23:07:10+08:00 ] 114.36.214.22 smtp.mail.yahoo.com:25
INFO: [ app_init ] --START--
INFO: Run Behavior\BuildLiteBehavior [ RunTime:0.000038s ]
INFO: [ app_init ] --END-- [ RunTime:0.018970s ]
INFO: [ app_begin ] --START--
INFO: Run Behavior\ReadHtmlCacheBehavior [ RunTime:0.019764s ]
INFO: [ app_begin ] --END-- [ RunTime:0.019893s ]
SQL: SHOW COLUMNS FROM `tuser` [ RunTime:0.0135s ]
SQL: SELECT * FROM `tuser` ORDER BY tuser_publish LIMIT 10   [ RunTime:0.0232s ]
ERR: Think\Controller:article_today_select方法不存在！

[ 2016-07-10T23:20:27+08:00 ] 114.36.214.22 smtp.mail.yahoo.com:25
INFO: [ app_init ] --START--
INFO: Run Behavior\BuildLiteBehavior [ RunTime:0.000037s ]
INFO: [ app_init ] --END-- [ RunTime:0.012984s ]
INFO: [ app_begin ] --START--
INFO: Run Behavior\ReadHtmlCacheBehavior [ RunTime:0.019311s ]
INFO: [ app_begin ] --END-- [ RunTime:0.019436s ]
SQL: SHOW COLUMNS FROM `tuser` [ RunTime:0.0252s ]
SQL: SELECT * FROM `tuser` ORDER BY tuser_publish LIMIT 10   [ RunTime:0.0136s ]
ERR: Think\Controller:article_today_select方法不存在！

[ 2016-07-10T23:23:37+08:00 ] 123.249.27.192 http://60.173.26.241:61254/80
INFO: [ app_init ] --START--
INFO: Run Behavior\BuildLiteBehavior [ RunTime:0.000022s ]
INFO: [ app_init ] --END-- [ RunTime:0.000361s ]
INFO: [ app_begin ] --START--
INFO: Run Behavior\ReadHtmlCacheBehavior [ RunTime:0.014982s ]
INFO: [ app_begin ] --END-- [ RunTime:0.015150s ]
ERR: 无法加载控制器:80

[ 2016-07-10T23:34:19+08:00 ] 114.36.214.22 smtp.mail.yahoo.com:25
INFO: [ app_init ] --START--
INFO: Run Behavior\BuildLiteBehavior [ RunTime:0.000038s ]
INFO: [ app_init ] --END-- [ RunTime:0.008978s ]
INFO: [ app_begin ] --START--
INFO: Run Behavior\ReadHtmlCacheBehavior [ RunTime:0.022702s ]
INFO: [ app_begin ] --END-- [ RunTime:0.022845s ]
SQL: SHOW COLUMNS FROM `tuser` [ RunTime:0.0134s ]
SQL: SELECT * FROM `tuser` ORDER BY tuser_publish LIMIT 10   [ RunTime:0.0192s ]
ERR: Think\Controller:article_today_select方法不存在！

[ 2016-07-10T23:42:18+08:00 ] 123.249.27.192 http://60.173.26.241:61254/80
INFO: [ app_init ] --START--
INFO: Run Behavior\BuildLiteBehavior [ RunTime:0.000039s ]
INFO: [ app_init ] --END-- [ RunTime:0.014982s ]
INFO: [ app_begin ] --START--
INFO: Run Behavior\ReadHtmlCacheBehavior [ RunTime:0.024670s ]
INFO: [ app_begin ] --END-- [ RunTime:0.024786s ]
ERR: 无法加载控制器:80

[ 2016-07-10T23:48:11+08:00 ] 114.36.214.22 smtp.mail.yahoo.com:25
INFO: [ app_init ] --START--
INFO: Run Behavior\BuildLiteBehavior [ RunTime:0.000038s ]
INFO: [ app_init ] --END-- [ RunTime:0.012956s ]
INFO: [ app_begin ] --START--
INFO: Run Behavior\ReadHtmlCacheBehavior [ RunTime:0.019765s ]
INFO: [ app_begin ] --END-- [ RunTime:0.019894s ]
SQL: SHOW COLUMNS FROM `tuser` [ RunTime:0.0017s ]
SQL: SELECT * FROM `tuser` ORDER BY tuser_publish LIMIT 10   [ RunTime:0.0249s ]
ERR: Think\Controller:article_today_select方法不存在！

