[ 2016-07-15T00:09:43+08:00 ] 123.249.27.191 http://60.173.26.241:61254/80
INFO: [ app_init ] --START--
INFO: Run Behavior\BuildLiteBehavior [ RunTime:0.000034s ]
INFO: [ app_init ] --END-- [ RunTime:0.013153s ]
INFO: [ app_begin ] --START--
INFO: Run Behavior\ReadHtmlCacheBehavior [ RunTime:0.032556s ]
INFO: [ app_begin ] --END-- [ RunTime:0.032686s ]
ERR: 无法加载控制器:80

[ 2016-07-15T00:24:42+08:00 ] 123.249.27.191 http://60.173.26.241:61254/80
INFO: [ app_init ] --START--
INFO: Run Behavior\BuildLiteBehavior [ RunTime:0.000033s ]
INFO: [ app_init ] --END-- [ RunTime:0.014136s ]
INFO: [ app_begin ] --START--
INFO: Run Behavior\ReadHtmlCacheBehavior [ RunTime:0.024644s ]
INFO: [ app_begin ] --END-- [ RunTime:0.024778s ]
ERR: 无法加载控制器:80

[ 2016-07-15T00:26:30+08:00 ] 23.251.51.125 http://www.proxyjudge.info/azenv.php
INFO: [ app_init ] --START--
INFO: Run Behavior\BuildLiteBehavior [ RunTime:0.000036s ]
INFO: [ app_init ] --END-- [ RunTime:0.018939s ]
INFO: [ app_begin ] --START--
INFO: Run Behavior\ReadHtmlCacheBehavior [ RunTime:0.023663s ]
INFO: [ app_begin ] --END-- [ RunTime:0.023778s ]
ERR: 无法加载控制器:Azenv.php

[ 2016-07-15T00:26:32+08:00 ] 23.251.51.125 www.alipay.com:443
INFO: [ app_init ] --START--
INFO: Run Behavior\BuildLiteBehavior [ RunTime:0.000039s ]
INFO: [ app_init ] --END-- [ RunTime:0.013211s ]
INFO: [ app_begin ] --START--
INFO: Run Behavior\ReadHtmlCacheBehavior [ RunTime:0.025704s ]
INFO: [ app_begin ] --END-- [ RunTime:0.025828s ]
SQL: SHOW COLUMNS FROM `tuser` [ RunTime:0.0043s ]
SQL: SELECT * FROM `tuser` ORDER BY tuser_publish LIMIT 10   [ RunTime:0.0151s ]
SQL: SHOW COLUMNS FROM `tarticle` [ RunTime:0.0066s ]
SQL: SELECT * FROM `tarticle` ORDER BY tarticle_continue desc LIMIT 10   [ RunTime:0.0084s ]
INFO: [ view_parse ] --START--
INFO: [ template_filter ] --START--
INFO: Run Behavior\ContentReplaceBehavior [ RunTime:0.000154s ]
INFO: [ template_filter ] --END-- [ RunTime:0.000244s ]
INFO: Run Behavior\ParseTemplateBehavior [ RunTime:0.343571s ]
INFO: [ view_parse ] --END-- [ RunTime:0.343699s ]
INFO: [ view_filter ] --START--
INFO: Run Behavior\WriteHtmlCacheBehavior [ RunTime:0.006823s ]
INFO: [ view_filter ] --END-- [ RunTime:0.006916s ]
INFO: [ app_end ] --START--
INFO: Run Behavior\ShowPageTraceBehavior [ RunTime:0.031656s ]
INFO: [ app_end ] --END-- [ RunTime:0.031797s ]

[ 2016-07-15T00:29:07+08:00 ] 101.200.86.96 http://www.izhongsai.com/
INFO: [ app_init ] --START--
INFO: Run Behavior\BuildLiteBehavior [ RunTime:0.000025s ]
INFO: [ app_init ] --END-- [ RunTime:0.014880s ]
INFO: [ app_begin ] --START--
INFO: Run Behavior\ReadHtmlCacheBehavior [ RunTime:0.019764s ]
INFO: [ app_begin ] --END-- [ RunTime:0.019883s ]
SQL: SHOW COLUMNS FROM `tuser` [ RunTime:0.0074s ]
SQL: SELECT * FROM `tuser` ORDER BY tuser_publish LIMIT 10   [ RunTime:0.0201s ]
SQL: SHOW COLUMNS FROM `tarticle` [ RunTime:0.0234s ]
SQL: SELECT * FROM `tarticle` ORDER BY tarticle_continue desc LIMIT 10   [ RunTime:0.0018s ]
INFO: [ view_parse ] --START--
INFO: [ template_filter ] --START--
INFO: Run Behavior\ContentReplaceBehavior [ RunTime:0.000126s ]
INFO: [ template_filter ] --END-- [ RunTime:0.000211s ]
INFO: Run Behavior\ParseTemplateBehavior [ RunTime:0.294462s ]
INFO: [ view_parse ] --END-- [ RunTime:0.294566s ]
INFO: [ view_filter ] --START--
INFO: Run Behavior\WriteHtmlCacheBehavior [ RunTime:0.000170s ]
INFO: [ view_filter ] --END-- [ RunTime:0.000211s ]
INFO: [ app_end ] --START--
INFO: Run Behavior\ShowPageTraceBehavior [ RunTime:0.020880s ]
INFO: [ app_end ] --END-- [ RunTime:0.021070s ]

[ 2016-07-15T00:39:32+08:00 ] 123.249.27.191 http://60.173.26.241:61254/80
INFO: [ app_init ] --START--
INFO: Run Behavior\BuildLiteBehavior [ RunTime:0.000036s ]
INFO: [ app_init ] --END-- [ RunTime:0.012951s ]
INFO: [ app_begin ] --START--
INFO: Run Behavior\ReadHtmlCacheBehavior [ RunTime:0.017076s ]
INFO: [ app_begin ] --END-- [ RunTime:0.023743s ]
ERR: 无法加载控制器:80

[ 2016-07-15T01:24:17+08:00 ] 123.249.27.192 http://60.173.26.241:61254/80
INFO: [ app_init ] --START--
INFO: Run Behavior\BuildLiteBehavior [ RunTime:0.000039s ]
INFO: [ app_init ] --END-- [ RunTime:0.012709s ]
INFO: [ app_begin ] --START--
INFO: Run Behavior\ReadHtmlCacheBehavior [ RunTime:0.021629s ]
INFO: [ app_begin ] --END-- [ RunTime:0.021759s ]
ERR: 无法加载控制器:80

[ 2016-07-15T01:38:49+08:00 ] 123.249.27.192 http://60.173.26.241:61254/80
INFO: [ app_init ] --START--
INFO: Run Behavior\BuildLiteBehavior [ RunTime:0.000041s ]
INFO: [ app_init ] --END-- [ RunTime:0.014978s ]
INFO: [ app_begin ] --START--
INFO: Run Behavior\ReadHtmlCacheBehavior [ RunTime:0.019335s ]
INFO: [ app_begin ] --END-- [ RunTime:0.023207s ]
ERR: 无法加载控制器:80

[ 2016-07-15T01:53:35+08:00 ] 123.249.27.192 http://60.173.26.241:61254/80
INFO: [ app_init ] --START--
INFO: Run Behavior\BuildLiteBehavior [ RunTime:0.000038s ]
INFO: [ app_init ] --END-- [ RunTime:0.014026s ]
INFO: [ app_begin ] --START--
INFO: Run Behavior\ReadHtmlCacheBehavior [ RunTime:0.025694s ]
INFO: [ app_begin ] --END-- [ RunTime:0.025814s ]
ERR: 无法加载控制器:80

[ 2016-07-15T02:08:29+08:00 ] 123.249.27.191 http://60.173.26.241:61254/80
INFO: [ app_init ] --START--
INFO: Run Behavior\BuildLiteBehavior [ RunTime:0.000026s ]
INFO: [ app_init ] --END-- [ RunTime:0.014952s ]
INFO: [ app_begin ] --START--
INFO: Run Behavior\ReadHtmlCacheBehavior [ RunTime:0.022697s ]
INFO: [ app_begin ] --END-- [ RunTime:0.022813s ]
ERR: 无法加载控制器:80

[ 2016-07-15T02:24:04+08:00 ] 123.249.27.193 http://60.173.26.241:61254/80
INFO: [ app_init ] --START--
INFO: Run Behavior\BuildLiteBehavior [ RunTime:0.000037s ]
INFO: [ app_init ] --END-- [ RunTime:0.018964s ]
INFO: [ app_begin ] --START--
INFO: Run Behavior\ReadHtmlCacheBehavior [ RunTime:0.019724s ]
INFO: [ app_begin ] --END-- [ RunTime:0.019850s ]
ERR: 无法加载控制器:80

[ 2016-07-15T02:38:42+08:00 ] 123.249.27.191 http://60.173.26.241:61254/80
INFO: [ app_init ] --START--
INFO: Run Behavior\BuildLiteBehavior [ RunTime:0.000036s ]
INFO: [ app_init ] --END-- [ RunTime:0.019916s ]
INFO: [ app_begin ] --START--
INFO: Run Behavior\ReadHtmlCacheBehavior [ RunTime:0.024702s ]
INFO: [ app_begin ] --END-- [ RunTime:0.024832s ]
ERR: 无法加载控制器:80

[ 2016-07-15T02:53:43+08:00 ] 123.249.27.191 http://60.173.26.241:61254/80
INFO: [ app_init ] --START--
INFO: Run Behavior\BuildLiteBehavior [ RunTime:0.000036s ]
INFO: [ app_init ] --END-- [ RunTime:0.013047s ]
INFO: [ app_begin ] --START--
INFO: Run Behavior\ReadHtmlCacheBehavior [ RunTime:0.021691s ]
INFO: [ app_begin ] --END-- [ RunTime:0.021807s ]
ERR: 无法加载控制器:80

[ 2016-07-15T03:08:57+08:00 ] 123.249.27.193 http://60.173.26.241:61254/80
INFO: [ app_init ] --START--
INFO: Run Behavior\BuildLiteBehavior [ RunTime:0.000023s ]
INFO: [ app_init ] --END-- [ RunTime:0.000376s ]
INFO: [ app_begin ] --START--
INFO: Run Behavior\ReadHtmlCacheBehavior [ RunTime:0.015858s ]
INFO: [ app_begin ] --END-- [ RunTime:0.015977s ]
ERR: 无法加载控制器:80

[ 2016-07-15T03:13:16+08:00 ] 80.82.78.38 http://www.baidu.com/cache/global/img/gs.gif
INFO: [ app_init ] --START--
INFO: Run Behavior\BuildLiteBehavior [ RunTime:0.000037s ]
INFO: [ app_init ] --END-- [ RunTime:0.013942s ]

[ 2016-07-15T03:23:32+08:00 ] 123.249.27.191 http://60.173.26.241:61254/80
INFO: [ app_init ] --START--
INFO: Run Behavior\BuildLiteBehavior [ RunTime:0.000029s ]
INFO: [ app_init ] --END-- [ RunTime:0.005328s ]
INFO: [ app_begin ] --START--
INFO: Run Behavior\ReadHtmlCacheBehavior [ RunTime:0.012950s ]
INFO: [ app_begin ] --END-- [ RunTime:0.013082s ]
ERR: 无法加载控制器:80

[ 2016-07-15T03:38:20+08:00 ] 123.249.27.191 http://60.173.26.241:61254/80
INFO: [ app_init ] --START--
INFO: Run Behavior\BuildLiteBehavior [ RunTime:0.000046s ]
INFO: [ app_init ] --END-- [ RunTime:0.013003s ]
INFO: [ app_begin ] --START--
INFO: Run Behavior\ReadHtmlCacheBehavior [ RunTime:0.020901s ]
INFO: [ app_begin ] --END-- [ RunTime:0.021024s ]
ERR: 无法加载控制器:80

[ 2016-07-15T03:43:09+08:00 ] 23.251.51.125 http://www.sbjudge3.com/azenv.php
INFO: [ app_init ] --START--
INFO: Run Behavior\BuildLiteBehavior [ RunTime:0.000036s ]
INFO: [ app_init ] --END-- [ RunTime:0.012943s ]
INFO: [ app_begin ] --START--
INFO: Run Behavior\ReadHtmlCacheBehavior [ RunTime:0.020462s ]
INFO: [ app_begin ] --END-- [ RunTime:0.020585s ]
ERR: 无法加载控制器:Azenv.php

[ 2016-07-15T03:43:11+08:00 ] 23.251.51.125 www.alipay.com:443
INFO: [ app_init ] --START--
INFO: Run Behavior\BuildLiteBehavior [ RunTime:0.000041s ]
INFO: [ app_init ] --END-- [ RunTime:0.013336s ]
INFO: [ app_begin ] --START--
INFO: Run Behavior\ReadHtmlCacheBehavior [ RunTime:0.015759s ]
INFO: [ app_begin ] --END-- [ RunTime:0.015884s ]
SQL: SHOW COLUMNS FROM `tuser` [ RunTime:0.0103s ]
SQL: SELECT * FROM `tuser` ORDER BY tuser_publish LIMIT 10   [ RunTime:0.0261s ]
SQL: SHOW COLUMNS FROM `tarticle` [ RunTime:0.0079s ]
SQL: SELECT * FROM `tarticle` ORDER BY tarticle_continue desc LIMIT 10   [ RunTime:0.0134s ]
INFO: [ view_parse ] --START--
INFO: [ template_filter ] --START--
INFO: Run Behavior\ContentReplaceBehavior [ RunTime:0.000126s ]
INFO: [ template_filter ] --END-- [ RunTime:0.000213s ]
INFO: Run Behavior\ParseTemplateBehavior [ RunTime:0.328796s ]
INFO: [ view_parse ] --END-- [ RunTime:0.328921s ]
INFO: [ view_filter ] --START--
INFO: Run Behavior\WriteHtmlCacheBehavior [ RunTime:0.012836s ]
INFO: [ view_filter ] --END-- [ RunTime:0.012933s ]
INFO: [ app_end ] --START--
INFO: Run Behavior\ShowPageTraceBehavior [ RunTime:0.028706s ]
INFO: [ app_end ] --END-- [ RunTime:0.028807s ]

[ 2016-07-15T03:53:48+08:00 ] 123.249.27.191 http://60.173.26.241:61254/80
INFO: [ app_init ] --START--
INFO: Run Behavior\BuildLiteBehavior [ RunTime:0.000034s ]
INFO: [ app_init ] --END-- [ RunTime:0.007014s ]
INFO: [ app_begin ] --START--
INFO: Run Behavior\ReadHtmlCacheBehavior [ RunTime:0.022690s ]
INFO: [ app_begin ] --END-- [ RunTime:0.022806s ]
ERR: 无法加载控制器:80

[ 2016-07-15T04:24:58+08:00 ] 123.249.27.191 http://60.173.26.241:61254/80
INFO: [ app_init ] --START--
INFO: Run Behavior\BuildLiteBehavior [ RunTime:0.000037s ]
INFO: [ app_init ] --END-- [ RunTime:0.012952s ]
INFO: [ app_begin ] --START--
INFO: Run Behavior\ReadHtmlCacheBehavior [ RunTime:0.013064s ]
INFO: [ app_begin ] --END-- [ RunTime:0.027220s ]
ERR: 无法加载控制器:80

[ 2016-07-15T04:29:59+08:00 ] 23.251.51.125 http://fr.cyberpods.net/
INFO: [ app_init ] --START--
INFO: Run Behavior\BuildLiteBehavior [ RunTime:0.000038s ]
INFO: [ app_init ] --END-- [ RunTime:0.007043s ]
INFO: [ app_begin ] --START--
INFO: Run Behavior\ReadHtmlCacheBehavior [ RunTime:0.019002s ]
INFO: [ app_begin ] --END-- [ RunTime:0.019156s ]
SQL: SHOW COLUMNS FROM `tuser` [ RunTime:0.0009s ]
SQL: SELECT * FROM `tuser` ORDER BY tuser_publish LIMIT 10   [ RunTime:0.0106s ]
SQL: SHOW COLUMNS FROM `tarticle` [ RunTime:0.0043s ]
SQL: SELECT * FROM `tarticle` ORDER BY tarticle_continue desc LIMIT 10   [ RunTime:0.0067s ]
INFO: [ view_parse ] --START--
INFO: [ template_filter ] --START--
INFO: Run Behavior\ContentReplaceBehavior [ RunTime:0.026236s ]
INFO: [ template_filter ] --END-- [ RunTime:0.026355s ]
INFO: Run Behavior\ParseTemplateBehavior [ RunTime:0.330210s ]
INFO: [ view_parse ] --END-- [ RunTime:0.330315s ]
INFO: [ view_filter ] --START--
INFO: Run Behavior\WriteHtmlCacheBehavior [ RunTime:0.000166s ]
INFO: [ view_filter ] --END-- [ RunTime:0.000209s ]
INFO: [ app_end ] --START--
INFO: Run Behavior\ShowPageTraceBehavior [ RunTime:0.018754s ]
INFO: [ app_end ] --END-- [ RunTime:0.018895s ]

[ 2016-07-15T04:30:00+08:00 ] 23.251.51.125 www.alipay.com:443
INFO: [ app_init ] --START--
INFO: Run Behavior\BuildLiteBehavior [ RunTime:0.000037s ]
INFO: [ app_init ] --END-- [ RunTime:0.013013s ]
INFO: [ app_begin ] --START--
INFO: Run Behavior\ReadHtmlCacheBehavior [ RunTime:0.017577s ]
INFO: [ app_begin ] --END-- [ RunTime:0.017689s ]
INFO: [ view_parse ] --START--
INFO: [ template_filter ] --START--
INFO: Run Behavior\ContentReplaceBehavior [ RunTime:0.000127s ]
INFO: [ template_filter ] --END-- [ RunTime:0.000220s ]
INFO: Run Behavior\ParseTemplateBehavior [ RunTime:0.300531s ]
INFO: [ view_parse ] --END-- [ RunTime:0.300637s ]
INFO: [ view_filter ] --START--
INFO: Run Behavior\WriteHtmlCacheBehavior [ RunTime:0.011937s ]
INFO: [ view_filter ] --END-- [ RunTime:0.012029s ]
INFO: [ app_end ] --START--
INFO: Run Behavior\ShowPageTraceBehavior [ RunTime:0.019978s ]
INFO: [ app_end ] --END-- [ RunTime:0.020080s ]

[ 2016-07-15T04:39:43+08:00 ] 123.249.27.192 http://60.173.26.241:61254/80
INFO: [ app_init ] --START--
INFO: Run Behavior\BuildLiteBehavior [ RunTime:0.000035s ]
INFO: [ app_init ] --END-- [ RunTime:0.015957s ]
INFO: [ app_begin ] --START--
INFO: Run Behavior\ReadHtmlCacheBehavior [ RunTime:0.019788s ]
INFO: [ app_begin ] --END-- [ RunTime:0.019855s ]
ERR: 无法加载控制器:80

[ 2016-07-15T04:54:51+08:00 ] 123.249.27.192 http://60.173.26.241:61254/80
INFO: [ app_init ] --START--
INFO: Run Behavior\BuildLiteBehavior [ RunTime:0.000037s ]
INFO: [ app_init ] --END-- [ RunTime:0.016910s ]
INFO: [ app_begin ] --START--
INFO: Run Behavior\ReadHtmlCacheBehavior [ RunTime:0.019680s ]
INFO: [ app_begin ] --END-- [ RunTime:0.019793s ]
ERR: 无法加载控制器:80

[ 2016-07-15T05:10:58+08:00 ] 123.249.27.193 http://60.173.26.241:61254/80
INFO: [ app_init ] --START--
INFO: Run Behavior\BuildLiteBehavior [ RunTime:0.000044s ]
INFO: [ app_init ] --END-- [ RunTime:0.020164s ]
INFO: [ app_begin ] --START--
INFO: Run Behavior\ReadHtmlCacheBehavior [ RunTime:0.018714s ]
INFO: [ app_begin ] --END-- [ RunTime:0.018831s ]
ERR: 无法加载控制器:80

[ 2016-07-15T05:26:01+08:00 ] 123.249.27.193 http://60.173.26.241:61254/80
INFO: [ app_init ] --START--
INFO: Run Behavior\BuildLiteBehavior [ RunTime:0.000037s ]
INFO: [ app_init ] --END-- [ RunTime:0.012958s ]
INFO: [ app_begin ] --START--
INFO: Run Behavior\ReadHtmlCacheBehavior [ RunTime:0.022688s ]
INFO: [ app_begin ] --END-- [ RunTime:0.022809s ]
ERR: 无法加载控制器:80

[ 2016-07-15T05:40:03+08:00 ] 123.249.27.192 http://60.173.26.241:61254/80
INFO: [ app_init ] --START--
INFO: Run Behavior\BuildLiteBehavior [ RunTime:0.000037s ]
INFO: [ app_init ] --END-- [ RunTime:0.013971s ]
INFO: [ app_begin ] --START--
INFO: Run Behavior\ReadHtmlCacheBehavior [ RunTime:0.016703s ]
INFO: [ app_begin ] --END-- [ RunTime:0.016819s ]
ERR: 无法加载控制器:80

[ 2016-07-15T05:47:10+08:00 ] 23.251.51.125 http://www.sbjudge1.com/azenv.php
INFO: [ app_init ] --START--
INFO: Run Behavior\BuildLiteBehavior [ RunTime:0.000036s ]
INFO: [ app_init ] --END-- [ RunTime:0.014762s ]
INFO: [ app_begin ] --START--
INFO: Run Behavior\ReadHtmlCacheBehavior [ RunTime:0.018714s ]
INFO: [ app_begin ] --END-- [ RunTime:0.018829s ]
ERR: 无法加载控制器:Azenv.php

[ 2016-07-15T05:47:11+08:00 ] 23.251.51.125 www.alipay.com:443
INFO: [ app_init ] --START--
INFO: Run Behavior\BuildLiteBehavior [ RunTime:0.000023s ]
INFO: [ app_init ] --END-- [ RunTime:0.017614s ]
INFO: [ app_begin ] --START--
INFO: Run Behavior\ReadHtmlCacheBehavior [ RunTime:0.027421s ]
INFO: [ app_begin ] --END-- [ RunTime:0.027528s ]
SQL: SHOW COLUMNS FROM `tuser` [ RunTime:0.0138s ]
SQL: SELECT * FROM `tuser` ORDER BY tuser_publish LIMIT 10   [ RunTime:0.0147s ]
SQL: SHOW COLUMNS FROM `tarticle` [ RunTime:0.0079s ]
SQL: SELECT * FROM `tarticle` ORDER BY tarticle_continue desc LIMIT 10   [ RunTime:0.0155s ]
INFO: [ view_parse ] --START--
INFO: [ template_filter ] --START--
INFO: Run Behavior\ContentReplaceBehavior [ RunTime:0.000174s ]
INFO: [ template_filter ] --END-- [ RunTime:0.014350s ]
INFO: Run Behavior\ParseTemplateBehavior [ RunTime:0.305766s ]
INFO: [ view_parse ] --END-- [ RunTime:0.305864s ]
INFO: [ view_filter ] --START--
INFO: Run Behavior\WriteHtmlCacheBehavior [ RunTime:0.007082s ]
INFO: [ view_filter ] --END-- [ RunTime:0.007183s ]
INFO: [ app_end ] --START--
INFO: Run Behavior\ShowPageTraceBehavior [ RunTime:0.027057s ]
INFO: [ app_end ] --END-- [ RunTime:0.027155s ]

[ 2016-07-15T05:55:35+08:00 ] 123.249.27.191 http://60.173.26.241:61254/80
INFO: [ app_init ] --START--
INFO: Run Behavior\BuildLiteBehavior [ RunTime:0.000038s ]
INFO: [ app_init ] --END-- [ RunTime:0.021991s ]
INFO: [ app_begin ] --START--
INFO: Run Behavior\ReadHtmlCacheBehavior [ RunTime:0.020908s ]
INFO: [ app_begin ] --END-- [ RunTime:0.021025s ]
ERR: 无法加载控制器:80

[ 2016-07-15T06:12:05+08:00 ] 123.249.27.191 http://60.173.26.241:61254/80
INFO: [ app_init ] --START--
INFO: Run Behavior\BuildLiteBehavior [ RunTime:0.000045s ]
INFO: [ app_init ] --END-- [ RunTime:0.014060s ]
INFO: [ app_begin ] --START--
INFO: Run Behavior\ReadHtmlCacheBehavior [ RunTime:0.021834s ]
INFO: [ app_begin ] --END-- [ RunTime:0.021955s ]
ERR: 无法加载控制器:80

[ 2016-07-15T06:27:24+08:00 ] 123.249.27.191 http://60.173.26.241:61254/80
INFO: [ app_init ] --START--
INFO: Run Behavior\BuildLiteBehavior [ RunTime:0.000037s ]
INFO: [ app_init ] --END-- [ RunTime:0.014861s ]
INFO: [ app_begin ] --START--
INFO: Run Behavior\ReadHtmlCacheBehavior [ RunTime:0.024692s ]
INFO: [ app_begin ] --END-- [ RunTime:0.024809s ]
ERR: 无法加载控制器:80

[ 2016-07-15T06:42:13+08:00 ] 123.249.27.192 http://60.173.26.241:61254/80
INFO: [ app_init ] --START--
INFO: Run Behavior\BuildLiteBehavior [ RunTime:0.000036s ]
INFO: [ app_init ] --END-- [ RunTime:0.008045s ]
INFO: [ app_begin ] --START--
INFO: Run Behavior\ReadHtmlCacheBehavior [ RunTime:0.017779s ]
INFO: [ app_begin ] --END-- [ RunTime:0.017893s ]
ERR: 无法加载控制器:80

[ 2016-07-15T07:11:22+08:00 ] 123.249.27.191 http://60.173.26.241:61254/80
INFO: [ app_init ] --START--
INFO: Run Behavior\BuildLiteBehavior [ RunTime:0.000024s ]
INFO: [ app_init ] --END-- [ RunTime:0.000478s ]
INFO: [ app_begin ] --START--
INFO: Run Behavior\ReadHtmlCacheBehavior [ RunTime:0.023418s ]
INFO: [ app_begin ] --END-- [ RunTime:0.026782s ]
ERR: 无法加载控制器:80

[ 2016-07-15T07:25:56+08:00 ] 123.249.27.192 http://60.173.26.241:61254/80
INFO: [ app_init ] --START--
INFO: Run Behavior\BuildLiteBehavior [ RunTime:0.000044s ]
INFO: [ app_init ] --END-- [ RunTime:0.013001s ]
INFO: [ app_begin ] --START--
INFO: Run Behavior\ReadHtmlCacheBehavior [ RunTime:0.018721s ]
INFO: [ app_begin ] --END-- [ RunTime:0.018836s ]
ERR: 无法加载控制器:80

[ 2016-07-15T07:40:23+08:00 ] 123.249.27.192 http://60.173.26.241:61254/80
INFO: [ app_init ] --START--
INFO: Run Behavior\BuildLiteBehavior [ RunTime:0.000037s ]
INFO: [ app_init ] --END-- [ RunTime:0.013059s ]
INFO: [ app_begin ] --START--
INFO: Run Behavior\ReadHtmlCacheBehavior [ RunTime:0.023670s ]
INFO: [ app_begin ] --END-- [ RunTime:0.023785s ]
ERR: 无法加载控制器:80

[ 2016-07-15T07:48:06+08:00 ] 162.243.188.75 /
INFO: [ app_init ] --START--
INFO: Run Behavior\BuildLiteBehavior [ RunTime:0.000061s ]
INFO: [ app_init ] --END-- [ RunTime:0.011215s ]
INFO: [ app_begin ] --START--
INFO: Run Behavior\ReadHtmlCacheBehavior [ RunTime:0.025951s ]
INFO: [ app_begin ] --END-- [ RunTime:0.026076s ]
SQL: SHOW COLUMNS FROM `tuser` [ RunTime:0.0142s ]
SQL: SELECT * FROM `tuser` ORDER BY tuser_publish LIMIT 10   [ RunTime:0.0252s ]
SQL: SHOW COLUMNS FROM `tarticle` [ RunTime:0.0138s ]
SQL: SELECT * FROM `tarticle` ORDER BY tarticle_continue desc LIMIT 10   [ RunTime:0.0105s ]
INFO: [ view_parse ] --START--
INFO: [ template_filter ] --START--
INFO: Run Behavior\ContentReplaceBehavior [ RunTime:0.000128s ]
INFO: [ template_filter ] --END-- [ RunTime:0.000220s ]
INFO: Run Behavior\ParseTemplateBehavior [ RunTime:0.315855s ]
INFO: [ view_parse ] --END-- [ RunTime:0.315975s ]
INFO: [ view_filter ] --START--
INFO: Run Behavior\WriteHtmlCacheBehavior [ RunTime:0.012832s ]
INFO: [ view_filter ] --END-- [ RunTime:0.012930s ]
INFO: [ app_end ] --START--
INFO: Run Behavior\ShowPageTraceBehavior [ RunTime:0.020663s ]
INFO: [ app_end ] --END-- [ RunTime:0.020776s ]

[ 2016-07-15T07:55:36+08:00 ] 123.249.27.191 http://60.173.26.241:61254/80
INFO: [ app_init ] --START--
INFO: Run Behavior\BuildLiteBehavior [ RunTime:0.000036s ]
INFO: [ app_init ] --END-- [ RunTime:0.012950s ]
INFO: [ app_begin ] --START--
INFO: Run Behavior\ReadHtmlCacheBehavior [ RunTime:0.014717s ]
INFO: [ app_begin ] --END-- [ RunTime:0.014836s ]
ERR: 无法加载控制器:80

[ 2016-07-15T08:11:00+08:00 ] 123.249.27.191 http://60.173.26.241:61254/80
INFO: [ app_init ] --START--
INFO: Run Behavior\BuildLiteBehavior [ RunTime:0.000045s ]
INFO: [ app_init ] --END-- [ RunTime:0.019155s ]
INFO: [ app_begin ] --START--
INFO: Run Behavior\ReadHtmlCacheBehavior [ RunTime:0.023521s ]
INFO: [ app_begin ] --END-- [ RunTime:0.023644s ]
ERR: 无法加载控制器:80

[ 2016-07-15T08:19:58+08:00 ] 93.174.93.136 http://www.baidu.com/cache/global/img/gs.gif
INFO: [ app_init ] --START--
INFO: Run Behavior\BuildLiteBehavior [ RunTime:0.000037s ]
INFO: [ app_init ] --END-- [ RunTime:0.017968s ]

[ 2016-07-15T08:25:26+08:00 ] 123.249.27.192 http://60.173.26.241:61254/80
INFO: [ app_init ] --START--
INFO: Run Behavior\BuildLiteBehavior [ RunTime:0.000047s ]
INFO: [ app_init ] --END-- [ RunTime:0.012879s ]
INFO: [ app_begin ] --START--
INFO: Run Behavior\ReadHtmlCacheBehavior [ RunTime:0.023996s ]
INFO: [ app_begin ] --END-- [ RunTime:0.024115s ]
ERR: 无法加载控制器:80

[ 2016-07-15T08:27:23+08:00 ] 191.96.249.42 /nagiosxi/login.php?redirect=/nagiosxi/index.php0.000000&noauth=1
INFO: [ app_init ] --START--
INFO: Run Behavior\BuildLiteBehavior [ RunTime:0.000047s ]
INFO: [ app_init ] --END-- [ RunTime:0.012990s ]
INFO: [ app_begin ] --START--
INFO: Run Behavior\ReadHtmlCacheBehavior [ RunTime:0.024386s ]
INFO: [ app_begin ] --END-- [ RunTime:0.024521s ]
ERR: 无法加载控制器:Nagiosxi

[ 2016-07-15T08:55:41+08:00 ] 123.249.27.192 http://60.173.26.241:61254/80
INFO: [ app_init ] --START--
INFO: Run Behavior\BuildLiteBehavior [ RunTime:0.000033s ]
INFO: [ app_init ] --END-- [ RunTime:0.026172s ]
INFO: [ app_begin ] --START--
INFO: Run Behavior\ReadHtmlCacheBehavior [ RunTime:0.022369s ]
INFO: [ app_begin ] --END-- [ RunTime:0.022487s ]
ERR: 无法加载控制器:80

[ 2016-07-15T09:11:11+08:00 ] 123.249.27.193 http://60.173.26.241:61254/80
INFO: [ app_init ] --START--
INFO: Run Behavior\BuildLiteBehavior [ RunTime:0.000037s ]
INFO: [ app_init ] --END-- [ RunTime:0.015029s ]
INFO: [ app_begin ] --START--
INFO: Run Behavior\ReadHtmlCacheBehavior [ RunTime:0.021672s ]
INFO: [ app_begin ] --END-- [ RunTime:0.021790s ]
ERR: 无法加载控制器:80

[ 2016-07-15T09:12:29+08:00 ] 186.130.19.87 /
INFO: [ app_init ] --START--
INFO: Run Behavior\BuildLiteBehavior [ RunTime:0.000039s ]
INFO: [ app_init ] --END-- [ RunTime:0.026387s ]
INFO: [ app_begin ] --START--
INFO: Run Behavior\ReadHtmlCacheBehavior [ RunTime:0.019776s ]
INFO: [ app_begin ] --END-- [ RunTime:0.019895s ]
SQL: SHOW COLUMNS FROM `tuser` [ RunTime:0.0088s ]
SQL: SELECT * FROM `tuser` ORDER BY tuser_publish LIMIT 10   [ RunTime:0.0126s ]
SQL: SHOW COLUMNS FROM `tarticle` [ RunTime:0.0128s ]
SQL: SELECT * FROM `tarticle` ORDER BY tarticle_continue desc LIMIT 10   [ RunTime:0.0066s ]
INFO: [ view_parse ] --START--
INFO: [ template_filter ] --START--
INFO: Run Behavior\ContentReplaceBehavior [ RunTime:0.025240s ]
INFO: [ template_filter ] --END-- [ RunTime:0.025374s ]
INFO: Run Behavior\ParseTemplateBehavior [ RunTime:0.313658s ]
INFO: [ view_parse ] --END-- [ RunTime:0.328857s ]
INFO: [ view_filter ] --START--
INFO: Run Behavior\WriteHtmlCacheBehavior [ RunTime:0.006894s ]
INFO: [ view_filter ] --END-- [ RunTime:0.007029s ]
INFO: [ app_end ] --START--
INFO: Run Behavior\ShowPageTraceBehavior [ RunTime:0.036499s ]
INFO: [ app_end ] --END-- [ RunTime:0.036633s ]

[ 2016-07-15T09:25:11+08:00 ] 185.25.148.240 http://testp4.pospr.waw.pl/testproxy.php
INFO: [ app_init ] --START--
INFO: Run Behavior\BuildLiteBehavior [ RunTime:0.000036s ]
INFO: [ app_init ] --END-- [ RunTime:0.021285s ]
INFO: [ app_begin ] --START--
INFO: Run Behavior\ReadHtmlCacheBehavior [ RunTime:0.020701s ]
INFO: [ app_begin ] --END-- [ RunTime:0.020815s ]
ERR: 无法加载控制器:Testproxy.php

[ 2016-07-15T09:25:41+08:00 ] 123.249.27.192 http://60.173.26.241:61254/80
INFO: [ app_init ] --START--
INFO: Run Behavior\BuildLiteBehavior [ RunTime:0.000024s ]
INFO: [ app_init ] --END-- [ RunTime:0.014900s ]
INFO: [ app_begin ] --START--
INFO: Run Behavior\ReadHtmlCacheBehavior [ RunTime:0.012945s ]
INFO: [ app_begin ] --END-- [ RunTime:0.013039s ]
ERR: 无法加载控制器:80

[ 2016-07-15T09:33:08+08:00 ] 23.251.51.125 http://www.sbjudge2.com/azenv.php
INFO: [ app_init ] --START--
INFO: Run Behavior\BuildLiteBehavior [ RunTime:0.000049s ]
INFO: [ app_init ] --END-- [ RunTime:0.018395s ]
INFO: [ app_begin ] --START--
INFO: Run Behavior\ReadHtmlCacheBehavior [ RunTime:0.025767s ]
INFO: [ app_begin ] --END-- [ RunTime:0.025910s ]
ERR: 无法加载控制器:Azenv.php

[ 2016-07-15T09:33:09+08:00 ] 23.251.51.125 www.baidu.com:443
INFO: [ app_init ] --START--
INFO: Run Behavior\BuildLiteBehavior [ RunTime:0.000046s ]
INFO: [ app_init ] --END-- [ RunTime:0.013074s ]
INFO: [ app_begin ] --START--
INFO: Run Behavior\ReadHtmlCacheBehavior [ RunTime:0.025184s ]
INFO: [ app_begin ] --END-- [ RunTime:0.025325s ]
SQL: SHOW COLUMNS FROM `tuser` [ RunTime:0.0181s ]
SQL: SELECT * FROM `tuser` ORDER BY tuser_publish LIMIT 10   [ RunTime:0.0143s ]
SQL: SHOW COLUMNS FROM `tarticle` [ RunTime:0.0139s ]
SQL: SELECT * FROM `tarticle` ORDER BY tarticle_continue desc LIMIT 10   [ RunTime:0.0121s ]
INFO: [ view_parse ] --START--
INFO: [ template_filter ] --START--
INFO: Run Behavior\ContentReplaceBehavior [ RunTime:0.000123s ]
INFO: [ template_filter ] --END-- [ RunTime:0.000210s ]
INFO: Run Behavior\ParseTemplateBehavior [ RunTime:0.328161s ]
INFO: [ view_parse ] --END-- [ RunTime:0.328263s ]
INFO: [ view_filter ] --START--
INFO: Run Behavior\WriteHtmlCacheBehavior [ RunTime:0.012849s ]
INFO: [ view_filter ] --END-- [ RunTime:0.012940s ]
INFO: [ app_end ] --START--
INFO: Run Behavior\ShowPageTraceBehavior [ RunTime:0.021764s ]
INFO: [ app_end ] --END-- [ RunTime:0.021862s ]

[ 2016-07-15T09:33:36+08:00 ] 23.251.51.125 http://www.luisaranguren.com/azenv.php
INFO: [ app_init ] --START--
INFO: Run Behavior\BuildLiteBehavior [ RunTime:0.000039s ]
INFO: [ app_init ] --END-- [ RunTime:0.018942s ]
INFO: [ app_begin ] --START--
INFO: Run Behavior\ReadHtmlCacheBehavior [ RunTime:0.017958s ]
INFO: [ app_begin ] --END-- [ RunTime:0.018105s ]
ERR: 无法加载控制器:Azenv.php

[ 2016-07-15T09:33:37+08:00 ] 23.251.51.125 www.alipay.com:443
INFO: [ app_init ] --START--
INFO: Run Behavior\BuildLiteBehavior [ RunTime:0.000037s ]
INFO: [ app_init ] --END-- [ RunTime:0.013001s ]
INFO: [ app_begin ] --START--
INFO: Run Behavior\ReadHtmlCacheBehavior [ RunTime:0.034776s ]
INFO: [ app_begin ] --END-- [ RunTime:0.034920s ]
INFO: [ view_parse ] --START--
INFO: [ template_filter ] --START--
INFO: Run Behavior\ContentReplaceBehavior [ RunTime:0.000122s ]
INFO: [ template_filter ] --END-- [ RunTime:0.000210s ]
INFO: Run Behavior\ParseTemplateBehavior [ RunTime:0.329551s ]
INFO: [ view_parse ] --END-- [ RunTime:0.329667s ]
INFO: [ view_filter ] --START--
INFO: Run Behavior\WriteHtmlCacheBehavior [ RunTime:0.012857s ]
INFO: [ view_filter ] --END-- [ RunTime:0.012949s ]
INFO: [ app_end ] --START--
INFO: Run Behavior\ShowPageTraceBehavior [ RunTime:0.021827s ]
INFO: [ app_end ] --END-- [ RunTime:0.021928s ]

[ 2016-07-15T09:40:30+08:00 ] 123.249.27.192 http://60.173.26.241:61254/80
INFO: [ app_init ] --START--
INFO: Run Behavior\BuildLiteBehavior [ RunTime:0.000044s ]
INFO: [ app_init ] --END-- [ RunTime:0.021924s ]
INFO: [ app_begin ] --START--
INFO: Run Behavior\ReadHtmlCacheBehavior [ RunTime:0.018681s ]
INFO: [ app_begin ] --END-- [ RunTime:0.018798s ]
ERR: 无法加载控制器:80

[ 2016-07-15T09:55:42+08:00 ] 123.249.27.191 http://60.173.26.241:61254/80
INFO: [ app_init ] --START--
INFO: Run Behavior\BuildLiteBehavior [ RunTime:0.000037s ]
INFO: [ app_init ] --END-- [ RunTime:0.015959s ]
INFO: [ app_begin ] --START--
INFO: Run Behavior\ReadHtmlCacheBehavior [ RunTime:0.025684s ]
INFO: [ app_begin ] --END-- [ RunTime:0.025794s ]
ERR: 无法加载控制器:80

[ 2016-07-15T10:05:11+08:00 ] 23.251.51.125 http://www.sbjudge2.com/azenv.php
INFO: [ app_init ] --START--
INFO: Run Behavior\BuildLiteBehavior [ RunTime:0.000038s ]
INFO: [ app_init ] --END-- [ RunTime:0.012953s ]
INFO: [ app_begin ] --START--
INFO: Run Behavior\ReadHtmlCacheBehavior [ RunTime:0.027406s ]
INFO: [ app_begin ] --END-- [ RunTime:0.027552s ]
ERR: 无法加载控制器:Azenv.php

[ 2016-07-15T10:05:12+08:00 ] 23.251.51.125 www.baidu.com:443
INFO: [ app_init ] --START--
INFO: Run Behavior\BuildLiteBehavior [ RunTime:0.000038s ]
INFO: [ app_init ] --END-- [ RunTime:0.012981s ]
INFO: [ app_begin ] --START--
INFO: Run Behavior\ReadHtmlCacheBehavior [ RunTime:0.024743s ]
INFO: [ app_begin ] --END-- [ RunTime:0.024886s ]
SQL: SHOW COLUMNS FROM `tuser` [ RunTime:0.0088s ]
SQL: SELECT * FROM `tuser` ORDER BY tuser_publish LIMIT 10   [ RunTime:0.0145s ]
SQL: SHOW COLUMNS FROM `tarticle` [ RunTime:0.0070s ]
SQL: SELECT * FROM `tarticle` ORDER BY tarticle_continue desc LIMIT 10   [ RunTime:0.0126s ]
INFO: [ view_parse ] --START--
INFO: [ template_filter ] --START--
INFO: Run Behavior\ContentReplaceBehavior [ RunTime:0.000174s ]
INFO: [ template_filter ] --END-- [ RunTime:0.000322s ]
INFO: Run Behavior\ParseTemplateBehavior [ RunTime:0.326368s ]
INFO: [ view_parse ] --END-- [ RunTime:0.326466s ]
INFO: [ view_filter ] --START--
INFO: Run Behavior\WriteHtmlCacheBehavior [ RunTime:0.012949s ]
INFO: [ view_filter ] --END-- [ RunTime:0.013122s ]
INFO: [ app_end ] --START--
INFO: Run Behavior\ShowPageTraceBehavior [ RunTime:0.029665s ]
INFO: [ app_end ] --END-- [ RunTime:0.029782s ]

[ 2016-07-15T10:11:18+08:00 ] 123.249.27.193 http://60.173.26.241:61254/80
INFO: [ app_init ] --START--
INFO: Run Behavior\BuildLiteBehavior [ RunTime:0.000046s ]
INFO: [ app_init ] --END-- [ RunTime:0.013005s ]
INFO: [ app_begin ] --START--
INFO: Run Behavior\ReadHtmlCacheBehavior [ RunTime:0.026726s ]
INFO: [ app_begin ] --END-- [ RunTime:0.026841s ]
ERR: 无法加载控制器:80

[ 2016-07-15T10:25:39+08:00 ] 123.249.27.192 http://60.173.26.241:61254/80
INFO: [ app_init ] --START--
INFO: Run Behavior\BuildLiteBehavior [ RunTime:0.000039s ]
INFO: [ app_init ] --END-- [ RunTime:0.014946s ]
INFO: [ app_begin ] --START--
INFO: Run Behavior\ReadHtmlCacheBehavior [ RunTime:0.029639s ]
INFO: [ app_begin ] --END-- [ RunTime:0.029772s ]
ERR: 无法加载控制器:80

[ 2016-07-15T10:40:28+08:00 ] 123.249.27.192 http://60.173.26.241:61254/80
INFO: [ app_init ] --START--
INFO: Run Behavior\BuildLiteBehavior [ RunTime:0.000037s ]
INFO: [ app_init ] --END-- [ RunTime:0.014816s ]
INFO: [ app_begin ] --START--
INFO: Run Behavior\ReadHtmlCacheBehavior [ RunTime:0.020656s ]
INFO: [ app_begin ] --END-- [ RunTime:0.020769s ]
ERR: 无法加载控制器:80

[ 2016-07-15T10:55:48+08:00 ] 123.249.27.193 http://60.173.26.241:61254/80
INFO: [ app_init ] --START--
INFO: Run Behavior\BuildLiteBehavior [ RunTime:0.000034s ]
INFO: [ app_init ] --END-- [ RunTime:0.013924s ]
INFO: [ app_begin ] --START--
INFO: Run Behavior\ReadHtmlCacheBehavior [ RunTime:0.024615s ]
INFO: [ app_begin ] --END-- [ RunTime:0.024737s ]
ERR: 无法加载控制器:80

[ 2016-07-15T11:07:32+08:00 ] 23.251.51.125 http://www.sbjudge1.com/azenv.php
INFO: [ app_init ] --START--
INFO: Run Behavior\BuildLiteBehavior [ RunTime:0.000044s ]
INFO: [ app_init ] --END-- [ RunTime:0.021488s ]
INFO: [ app_begin ] --START--
INFO: Run Behavior\ReadHtmlCacheBehavior [ RunTime:0.025661s ]
INFO: [ app_begin ] --END-- [ RunTime:0.025779s ]
ERR: 无法加载控制器:Azenv.php

[ 2016-07-15T11:07:33+08:00 ] 23.251.51.125 www.alipay.com:443
INFO: [ app_init ] --START--
INFO: Run Behavior\BuildLiteBehavior [ RunTime:0.000043s ]
INFO: [ app_init ] --END-- [ RunTime:0.015025s ]
INFO: [ app_begin ] --START--
INFO: Run Behavior\ReadHtmlCacheBehavior [ RunTime:0.014755s ]
INFO: [ app_begin ] --END-- [ RunTime:0.014879s ]
SQL: SHOW COLUMNS FROM `tuser` [ RunTime:0.0083s ]
SQL: SELECT * FROM `tuser` ORDER BY tuser_publish LIMIT 10   [ RunTime:0.0145s ]
SQL: SHOW COLUMNS FROM `tarticle` [ RunTime:0.0139s ]
SQL: SELECT * FROM `tarticle` ORDER BY tarticle_continue desc LIMIT 10   [ RunTime:0.0211s ]
INFO: [ view_parse ] --START--
INFO: [ template_filter ] --START--
INFO: Run Behavior\ContentReplaceBehavior [ RunTime:0.000172s ]
INFO: [ template_filter ] --END-- [ RunTime:0.000278s ]
INFO: Run Behavior\ParseTemplateBehavior [ RunTime:0.319775s ]
INFO: [ view_parse ] --END-- [ RunTime:0.319899s ]
INFO: [ view_filter ] --START--
INFO: Run Behavior\WriteHtmlCacheBehavior [ RunTime:0.006849s ]
INFO: [ view_filter ] --END-- [ RunTime:0.006941s ]
INFO: [ app_end ] --START--
INFO: Run Behavior\ShowPageTraceBehavior [ RunTime:0.027692s ]
INFO: [ app_end ] --END-- [ RunTime:0.027794s ]

[ 2016-07-15T11:07:43+08:00 ] 23.251.51.125 http://domkrim.com/av.php
INFO: [ app_init ] --START--
INFO: Run Behavior\BuildLiteBehavior [ RunTime:0.000034s ]
INFO: [ app_init ] --END-- [ RunTime:0.015031s ]
INFO: [ app_begin ] --START--
INFO: Run Behavior\ReadHtmlCacheBehavior [ RunTime:0.025205s ]
INFO: [ app_begin ] --END-- [ RunTime:0.025319s ]
ERR: 无法加载控制器:Av.php

[ 2016-07-15T11:07:44+08:00 ] 23.251.51.125 www.alipay.com:443
INFO: [ app_init ] --START--
INFO: Run Behavior\BuildLiteBehavior [ RunTime:0.000036s ]
INFO: [ app_init ] --END-- [ RunTime:0.009375s ]
INFO: [ app_begin ] --START--
INFO: Run Behavior\ReadHtmlCacheBehavior [ RunTime:0.018730s ]
INFO: [ app_begin ] --END-- [ RunTime:0.018819s ]
INFO: [ view_parse ] --START--
INFO: [ template_filter ] --START--
INFO: Run Behavior\ContentReplaceBehavior [ RunTime:0.000123s ]
INFO: [ template_filter ] --END-- [ RunTime:0.000211s ]
INFO: Run Behavior\ParseTemplateBehavior [ RunTime:0.319028s ]
INFO: [ view_parse ] --END-- [ RunTime:0.319144s ]
INFO: [ view_filter ] --START--
INFO: Run Behavior\WriteHtmlCacheBehavior [ RunTime:0.006834s ]
INFO: [ view_filter ] --END-- [ RunTime:0.006934s ]
INFO: [ app_end ] --START--
INFO: Run Behavior\ShowPageTraceBehavior [ RunTime:0.025709s ]
INFO: [ app_end ] --END-- [ RunTime:0.025814s ]

[ 2016-07-15T11:10:47+08:00 ] 123.249.27.191 http://60.173.26.241:61254/80
INFO: [ app_init ] --START--
INFO: Run Behavior\BuildLiteBehavior [ RunTime:0.000038s ]
INFO: [ app_init ] --END-- [ RunTime:0.013031s ]
INFO: [ app_begin ] --START--
INFO: Run Behavior\ReadHtmlCacheBehavior [ RunTime:0.022615s ]
INFO: [ app_begin ] --END-- [ RunTime:0.022731s ]
ERR: 无法加载控制器:80

[ 2016-07-15T11:25:30+08:00 ] 123.249.27.192 http://60.173.26.241:61254/80
INFO: [ app_init ] --START--
INFO: Run Behavior\BuildLiteBehavior [ RunTime:0.000036s ]
INFO: [ app_init ] --END-- [ RunTime:0.012978s ]
INFO: [ app_begin ] --START--
INFO: Run Behavior\ReadHtmlCacheBehavior [ RunTime:0.017664s ]
INFO: [ app_begin ] --END-- [ RunTime:0.017777s ]
ERR: 无法加载控制器:80

[ 2016-07-15T11:41:06+08:00 ] 123.249.27.193 http://60.173.26.241:61254/80
INFO: [ app_init ] --START--
INFO: Run Behavior\BuildLiteBehavior [ RunTime:0.000036s ]
INFO: [ app_init ] --END-- [ RunTime:0.012910s ]
INFO: [ app_begin ] --START--
INFO: Run Behavior\ReadHtmlCacheBehavior [ RunTime:0.024218s ]
INFO: [ app_begin ] --END-- [ RunTime:0.024329s ]
ERR: 无法加载控制器:80

[ 2016-07-15T11:41:47+08:00 ] 23.251.51.125 http://www.proxyjudge.info/azenv.php
INFO: [ app_init ] --START--
INFO: Run Behavior\BuildLiteBehavior [ RunTime:0.000037s ]
INFO: [ app_init ] --END-- [ RunTime:0.021670s ]
INFO: [ app_begin ] --START--
INFO: Run Behavior\ReadHtmlCacheBehavior [ RunTime:0.021674s ]
INFO: [ app_begin ] --END-- [ RunTime:0.021795s ]
ERR: 无法加载控制器:Azenv.php

[ 2016-07-15T11:41:48+08:00 ] 23.251.51.125 www.baidu.com:443
INFO: [ app_init ] --START--
INFO: Run Behavior\BuildLiteBehavior [ RunTime:0.000037s ]
INFO: [ app_init ] --END-- [ RunTime:0.016027s ]
INFO: [ app_begin ] --START--
INFO: Run Behavior\ReadHtmlCacheBehavior [ RunTime:0.021799s ]
INFO: [ app_begin ] --END-- [ RunTime:0.021924s ]
SQL: SHOW COLUMNS FROM `tuser` [ RunTime:0.0007s ]
SQL: SELECT * FROM `tuser` ORDER BY tuser_publish LIMIT 10   [ RunTime:0.0233s ]
SQL: SHOW COLUMNS FROM `tarticle` [ RunTime:0.0135s ]
SQL: SELECT * FROM `tarticle` ORDER BY tarticle_continue desc LIMIT 10   [ RunTime:0.0110s ]
INFO: [ view_parse ] --START--
INFO: [ template_filter ] --START--
INFO: Run Behavior\ContentReplaceBehavior [ RunTime:0.000126s ]
INFO: [ template_filter ] --END-- [ RunTime:0.000214s ]
INFO: Run Behavior\ParseTemplateBehavior [ RunTime:0.306697s ]
INFO: [ view_parse ] --END-- [ RunTime:0.306802s ]
INFO: [ view_filter ] --START--
INFO: Run Behavior\WriteHtmlCacheBehavior [ RunTime:0.013572s ]
INFO: [ view_filter ] --END-- [ RunTime:0.013667s ]
INFO: [ app_end ] --START--
INFO: Run Behavior\ShowPageTraceBehavior [ RunTime:0.023771s ]
INFO: [ app_end ] --END-- [ RunTime:0.023902s ]

[ 2016-07-15T11:42:22+08:00 ] 101.226.64.174 /Daixu/homepage
INFO: [ app_init ] --START--
INFO: Run Behavior\BuildLiteBehavior [ RunTime:0.000040s ]
INFO: [ app_init ] --END-- [ RunTime:0.011856s ]
INFO: [ app_begin ] --START--
INFO: Run Behavior\ReadHtmlCacheBehavior [ RunTime:0.025695s ]
INFO: [ app_begin ] --END-- [ RunTime:0.025811s ]
INFO: [ view_parse ] --START--
INFO: [ template_filter ] --START--
INFO: Run Behavior\ContentReplaceBehavior [ RunTime:0.000135s ]
INFO: [ template_filter ] --END-- [ RunTime:0.000232s ]
INFO: Run Behavior\ParseTemplateBehavior [ RunTime:0.367555s ]
INFO: [ view_parse ] --END-- [ RunTime:0.367674s ]
INFO: [ view_filter ] --START--
INFO: Run Behavior\WriteHtmlCacheBehavior [ RunTime:0.017832s ]
INFO: [ view_filter ] --END-- [ RunTime:0.017924s ]
INFO: [ app_end ] --START--
INFO: Run Behavior\ShowPageTraceBehavior [ RunTime:0.021834s ]
INFO: [ app_end ] --END-- [ RunTime:0.021936s ]

[ 2016-07-15T11:42:29+08:00 ] 202.115.92.68 /Daixu/homepage
INFO: [ app_init ] --START--
INFO: Run Behavior\BuildLiteBehavior [ RunTime:0.000028s ]
INFO: [ app_init ] --END-- [ RunTime:0.002106s ]
INFO: [ app_begin ] --START--
INFO: Run Behavior\ReadHtmlCacheBehavior [ RunTime:0.018682s ]
INFO: [ app_begin ] --END-- [ RunTime:0.018797s ]
INFO: [ view_parse ] --START--
INFO: [ template_filter ] --START--
INFO: Run Behavior\ContentReplaceBehavior [ RunTime:0.000130s ]
INFO: [ template_filter ] --END-- [ RunTime:0.000225s ]
INFO: Run Behavior\ParseTemplateBehavior [ RunTime:0.300820s ]
INFO: [ view_parse ] --END-- [ RunTime:0.300921s ]
INFO: [ view_filter ] --START--
INFO: Run Behavior\WriteHtmlCacheBehavior [ RunTime:0.006894s ]
INFO: [ view_filter ] --END-- [ RunTime:0.006964s ]
INFO: [ app_end ] --START--
INFO: Run Behavior\ShowPageTraceBehavior [ RunTime:0.024755s ]
INFO: [ app_end ] --END-- [ RunTime:0.024858s ]

[ 2016-07-15T11:44:29+08:00 ] 220.181.132.216 /Daixu/homepage
INFO: [ app_init ] --START--
INFO: Run Behavior\BuildLiteBehavior [ RunTime:0.000037s ]
INFO: [ app_init ] --END-- [ RunTime:0.016963s ]
INFO: [ app_begin ] --START--
INFO: Run Behavior\ReadHtmlCacheBehavior [ RunTime:0.024694s ]
INFO: [ app_begin ] --END-- [ RunTime:0.024833s ]
SQL: SHOW COLUMNS FROM `tuser` [ RunTime:0.0191s ]
SQL: SELECT * FROM `tuser` ORDER BY tuser_publish LIMIT 10   [ RunTime:0.0144s ]
SQL: SHOW COLUMNS FROM `tarticle` [ RunTime:0.0109s ]
SQL: SELECT * FROM `tarticle` ORDER BY tarticle_continue desc LIMIT 10   [ RunTime:0.0133s ]
INFO: [ view_parse ] --START--
INFO: [ template_filter ] --START--
INFO: Run Behavior\ContentReplaceBehavior [ RunTime:0.000132s ]
INFO: [ template_filter ] --END-- [ RunTime:0.000224s ]
INFO: Run Behavior\ParseTemplateBehavior [ RunTime:0.316763s ]
INFO: [ view_parse ] --END-- [ RunTime:0.316853s ]
INFO: [ view_filter ] --START--
INFO: Run Behavior\WriteHtmlCacheBehavior [ RunTime:0.011990s ]
INFO: [ view_filter ] --END-- [ RunTime:0.012036s ]
INFO: [ app_end ] --START--
INFO: Run Behavior\ShowPageTraceBehavior [ RunTime:0.018687s ]
INFO: [ app_end ] --END-- [ RunTime:0.018813s ]

[ 2016-07-15T11:44:45+08:00 ] 101.199.112.49 /Daixu/homepage
INFO: [ app_init ] --START--
INFO: Run Behavior\BuildLiteBehavior [ RunTime:0.000027s ]
INFO: [ app_init ] --END-- [ RunTime:0.000399s ]
INFO: [ app_begin ] --START--
INFO: Run Behavior\ReadHtmlCacheBehavior [ RunTime:0.025683s ]
INFO: [ app_begin ] --END-- [ RunTime:0.025799s ]
INFO: [ view_parse ] --START--
INFO: [ template_filter ] --START--
INFO: Run Behavior\ContentReplaceBehavior [ RunTime:0.000124s ]
INFO: [ template_filter ] --END-- [ RunTime:0.000216s ]
INFO: Run Behavior\ParseTemplateBehavior [ RunTime:0.343664s ]
INFO: [ view_parse ] --END-- [ RunTime:0.343777s ]
INFO: [ view_filter ] --START--
INFO: Run Behavior\WriteHtmlCacheBehavior [ RunTime:0.010065s ]
INFO: [ view_filter ] --END-- [ RunTime:0.010151s ]
INFO: [ app_end ] --START--
INFO: Run Behavior\ShowPageTraceBehavior [ RunTime:0.019915s ]
INFO: [ app_end ] --END-- [ RunTime:0.020011s ]

[ 2016-07-15T11:56:24+08:00 ] 123.249.27.191 http://60.173.26.241:61254/80
INFO: [ app_init ] --START--
INFO: Run Behavior\BuildLiteBehavior [ RunTime:0.000032s ]
INFO: [ app_init ] --END-- [ RunTime:0.008499s ]
INFO: [ app_begin ] --START--
INFO: Run Behavior\ReadHtmlCacheBehavior [ RunTime:0.031579s ]
INFO: [ app_begin ] --END-- [ RunTime:0.031705s ]
ERR: 无法加载控制器:80

[ 2016-07-15T12:12:02+08:00 ] 123.249.27.193 http://60.173.26.241:61254/80
INFO: [ app_init ] --START--
INFO: Run Behavior\BuildLiteBehavior [ RunTime:0.000020s ]
INFO: [ app_init ] --END-- [ RunTime:0.000360s ]
INFO: [ app_begin ] --START--
INFO: Run Behavior\ReadHtmlCacheBehavior [ RunTime:0.021738s ]
INFO: [ app_begin ] --END-- [ RunTime:0.021856s ]
ERR: 无法加载控制器:80

[ 2016-07-15T12:19:35+08:00 ] 202.115.92.68 /favicon.ico
INFO: [ app_init ] --START--
INFO: Run Behavior\BuildLiteBehavior [ RunTime:0.000022s ]
INFO: [ app_init ] --END-- [ RunTime:0.000324s ]

[ 2016-07-15T12:19:35+08:00 ] 202.115.92.68 /Daixu/achievement
INFO: [ app_init ] --START--
INFO: Run Behavior\BuildLiteBehavior [ RunTime:0.000037s ]
INFO: [ app_init ] --END-- [ RunTime:0.017000s ]
INFO: [ app_begin ] --START--
INFO: Run Behavior\ReadHtmlCacheBehavior [ RunTime:0.021676s ]
INFO: [ app_begin ] --END-- [ RunTime:0.021789s ]
INFO: [ view_parse ] --START--
INFO: [ template_filter ] --START--
INFO: Run Behavior\ContentReplaceBehavior [ RunTime:0.000065s ]
INFO: [ template_filter ] --END-- [ RunTime:0.000148s ]
INFO: Run Behavior\ParseTemplateBehavior [ RunTime:0.186749s ]
INFO: [ view_parse ] --END-- [ RunTime:0.186886s ]
INFO: [ view_filter ] --START--
INFO: Run Behavior\WriteHtmlCacheBehavior [ RunTime:0.011845s ]
INFO: [ view_filter ] --END-- [ RunTime:0.011970s ]
INFO: [ app_end ] --START--
INFO: Run Behavior\ShowPageTraceBehavior [ RunTime:0.018778s ]
INFO: [ app_end ] --END-- [ RunTime:0.018890s ]

[ 2016-07-15T12:21:19+08:00 ] 220.181.132.216 /Daixu/achievement
INFO: [ app_init ] --START--
INFO: Run Behavior\BuildLiteBehavior [ RunTime:0.000038s ]
INFO: [ app_init ] --END-- [ RunTime:0.011799s ]
INFO: [ app_begin ] --START--
INFO: Run Behavior\ReadHtmlCacheBehavior [ RunTime:0.023673s ]
INFO: [ app_begin ] --END-- [ RunTime:0.023788s ]
INFO: [ view_parse ] --START--
INFO: [ template_filter ] --START--
INFO: Run Behavior\ContentReplaceBehavior [ RunTime:0.000069s ]
INFO: [ template_filter ] --END-- [ RunTime:0.000157s ]
INFO: Run Behavior\ParseTemplateBehavior [ RunTime:0.185048s ]
INFO: [ view_parse ] --END-- [ RunTime:0.185168s ]
INFO: [ view_filter ] --START--
INFO: Run Behavior\WriteHtmlCacheBehavior [ RunTime:0.012538s ]
INFO: [ view_filter ] --END-- [ RunTime:0.012608s ]
INFO: [ app_end ] --START--
INFO: Run Behavior\ShowPageTraceBehavior [ RunTime:0.017905s ]
INFO: [ app_end ] --END-- [ RunTime:0.018004s ]

[ 2016-07-15T12:21:39+08:00 ] 101.199.108.119 /Daixu/achievement
INFO: [ app_init ] --START--
INFO: Run Behavior\BuildLiteBehavior [ RunTime:0.000046s ]
INFO: [ app_init ] --END-- [ RunTime:0.016189s ]
INFO: [ app_begin ] --START--
INFO: Run Behavior\ReadHtmlCacheBehavior [ RunTime:0.028668s ]
INFO: [ app_begin ] --END-- [ RunTime:0.028777s ]
INFO: [ view_parse ] --START--
INFO: [ template_filter ] --START--
INFO: Run Behavior\ContentReplaceBehavior [ RunTime:0.000067s ]
INFO: [ template_filter ] --END-- [ RunTime:0.000154s ]
INFO: Run Behavior\ParseTemplateBehavior [ RunTime:0.181777s ]
INFO: [ view_parse ] --END-- [ RunTime:0.181920s ]
INFO: [ view_filter ] --START--
INFO: Run Behavior\WriteHtmlCacheBehavior [ RunTime:0.012304s ]
INFO: [ view_filter ] --END-- [ RunTime:0.012410s ]
INFO: [ app_end ] --START--
INFO: Run Behavior\ShowPageTraceBehavior [ RunTime:0.024333s ]
INFO: [ app_end ] --END-- [ RunTime:0.024431s ]

[ 2016-07-15T12:26:32+08:00 ] 123.249.27.192 http://60.173.26.241:61254/80
INFO: [ app_init ] --START--
INFO: Run Behavior\BuildLiteBehavior [ RunTime:0.000036s ]
INFO: [ app_init ] --END-- [ RunTime:0.030233s ]
INFO: [ app_begin ] --START--
INFO: Run Behavior\ReadHtmlCacheBehavior [ RunTime:0.017670s ]
INFO: [ app_begin ] --END-- [ RunTime:0.017799s ]
ERR: 无法加载控制器:80

[ 2016-07-15T12:42:13+08:00 ] 123.249.27.193 http://60.173.26.241:61254/80
INFO: [ app_init ] --START--
INFO: Run Behavior\BuildLiteBehavior [ RunTime:0.000037s ]
INFO: [ app_init ] --END-- [ RunTime:0.012963s ]
INFO: [ app_begin ] --START--
INFO: Run Behavior\ReadHtmlCacheBehavior [ RunTime:0.023675s ]
INFO: [ app_begin ] --END-- [ RunTime:0.023821s ]
ERR: 无法加载控制器:80

[ 2016-07-15T12:56:51+08:00 ] 123.249.27.192 http://60.173.26.241:61254/80
INFO: [ app_init ] --START--
INFO: Run Behavior\BuildLiteBehavior [ RunTime:0.000037s ]
INFO: [ app_init ] --END-- [ RunTime:0.017995s ]
INFO: [ app_begin ] --START--
INFO: Run Behavior\ReadHtmlCacheBehavior [ RunTime:0.016593s ]
INFO: [ app_begin ] --END-- [ RunTime:0.016719s ]
ERR: 无法加载控制器:80

[ 2016-07-15T13:00:58+08:00 ] 23.251.51.125 http://www.proxy-listen.de/azenv.php
INFO: [ app_init ] --START--
INFO: Run Behavior\BuildLiteBehavior [ RunTime:0.000025s ]
INFO: [ app_init ] --END-- [ RunTime:0.011179s ]
INFO: [ app_begin ] --START--
INFO: Run Behavior\ReadHtmlCacheBehavior [ RunTime:0.019274s ]
INFO: [ app_begin ] --END-- [ RunTime:0.019405s ]
ERR: 无法加载控制器:Azenv.php

[ 2016-07-15T13:00:59+08:00 ] 23.251.51.125 www.alipay.com:443
INFO: [ app_init ] --START--
INFO: Run Behavior\BuildLiteBehavior [ RunTime:0.000037s ]
INFO: [ app_init ] --END-- [ RunTime:0.016967s ]
INFO: [ app_begin ] --START--
INFO: Run Behavior\ReadHtmlCacheBehavior [ RunTime:0.023962s ]
INFO: [ app_begin ] --END-- [ RunTime:0.024149s ]
SQL: SHOW COLUMNS FROM `tuser` [ RunTime:0.0093s ]
SQL: SELECT * FROM `tuser` ORDER BY tuser_publish LIMIT 10   [ RunTime:0.0204s ]
SQL: SHOW COLUMNS FROM `tarticle` [ RunTime:0.0079s ]
SQL: SELECT * FROM `tarticle` ORDER BY tarticle_continue desc LIMIT 10   [ RunTime:0.0136s ]
INFO: [ view_parse ] --START--
INFO: [ template_filter ] --START--
INFO: Run Behavior\ContentReplaceBehavior [ RunTime:0.000165s ]
INFO: [ template_filter ] --END-- [ RunTime:0.024338s ]
INFO: Run Behavior\ParseTemplateBehavior [ RunTime:0.303104s ]
INFO: [ view_parse ] --END-- [ RunTime:0.303188s ]
INFO: [ view_filter ] --START--
INFO: Run Behavior\WriteHtmlCacheBehavior [ RunTime:0.000163s ]
INFO: [ view_filter ] --END-- [ RunTime:0.000203s ]

[ 2016-07-15T13:01:17+08:00 ] 121.42.183.123 search.yahoo.com:443
INFO: [ app_init ] --START--
INFO: Run Behavior\BuildLiteBehavior [ RunTime:0.000035s ]
INFO: [ app_init ] --END-- [ RunTime:0.012949s ]
INFO: [ app_begin ] --START--
INFO: Run Behavior\ReadHtmlCacheBehavior [ RunTime:0.017756s ]
INFO: [ app_begin ] --END-- [ RunTime:0.017880s ]
INFO: [ view_parse ] --START--
INFO: [ template_filter ] --START--
INFO: Run Behavior\ContentReplaceBehavior [ RunTime:0.028211s ]
INFO: [ template_filter ] --END-- [ RunTime:0.028354s ]
INFO: Run Behavior\ParseTemplateBehavior [ RunTime:0.307648s ]
INFO: [ view_parse ] --END-- [ RunTime:0.307760s ]
INFO: [ view_filter ] --START--
INFO: Run Behavior\WriteHtmlCacheBehavior [ RunTime:0.010366s ]
INFO: [ view_filter ] --END-- [ RunTime:0.016860s ]
INFO: [ app_end ] --START--
INFO: Run Behavior\ShowPageTraceBehavior [ RunTime:0.033690s ]
INFO: [ app_end ] --END-- [ RunTime:0.033808s ]

[ 2016-07-15T13:01:18+08:00 ] 121.42.183.123 search.yahoo.com:443
INFO: [ app_init ] --START--
INFO: Run Behavior\BuildLiteBehavior [ RunTime:0.000025s ]
INFO: [ app_init ] --END-- [ RunTime:0.000384s ]
INFO: [ app_begin ] --START--
INFO: Run Behavior\ReadHtmlCacheBehavior [ RunTime:0.025744s ]
INFO: [ app_begin ] --END-- [ RunTime:0.025876s ]
INFO: [ view_parse ] --START--
INFO: [ template_filter ] --START--
INFO: Run Behavior\ContentReplaceBehavior [ RunTime:0.000126s ]
INFO: [ template_filter ] --END-- [ RunTime:0.000221s ]
INFO: Run Behavior\ParseTemplateBehavior [ RunTime:0.331544s ]
INFO: [ view_parse ] --END-- [ RunTime:0.331648s ]
INFO: [ view_filter ] --START--
INFO: Run Behavior\WriteHtmlCacheBehavior [ RunTime:0.022788s ]
INFO: [ view_filter ] --END-- [ RunTime:0.022884s ]
INFO: [ app_end ] --START--
INFO: Run Behavior\ShowPageTraceBehavior [ RunTime:0.019941s ]
INFO: [ app_end ] --END-- [ RunTime:0.020088s ]

[ 2016-07-15T13:12:32+08:00 ] 123.249.27.193 http://60.173.26.241:61254/80
INFO: [ app_init ] --START--
INFO: Run Behavior\BuildLiteBehavior [ RunTime:0.000035s ]
INFO: [ app_init ] --END-- [ RunTime:0.014091s ]
INFO: [ app_begin ] --START--
INFO: Run Behavior\ReadHtmlCacheBehavior [ RunTime:0.025672s ]
INFO: [ app_begin ] --END-- [ RunTime:0.025789s ]
ERR: 无法加载控制器:80

[ 2016-07-15T13:27:17+08:00 ] 123.249.27.191 http://60.173.26.241:61254/80
INFO: [ app_init ] --START--
INFO: Run Behavior\BuildLiteBehavior [ RunTime:0.000045s ]
INFO: [ app_init ] --END-- [ RunTime:0.007094s ]
INFO: [ app_begin ] --START--
INFO: Run Behavior\ReadHtmlCacheBehavior [ RunTime:0.026678s ]
INFO: [ app_begin ] --END-- [ RunTime:0.026795s ]
ERR: 无法加载控制器:80

[ 2016-07-15T13:31:30+08:00 ] 120.26.55.211 /page.aspx
INFO: [ app_init ] --START--
INFO: Run Behavior\BuildLiteBehavior [ RunTime:0.000023s ]
INFO: [ app_init ] --END-- [ RunTime:0.000391s ]
INFO: [ app_begin ] --START--
INFO: Run Behavior\ReadHtmlCacheBehavior [ RunTime:0.035569s ]
INFO: [ app_begin ] --END-- [ RunTime:0.035731s ]
ERR: 无法加载控制器:Page.aspx

[ 2016-07-15T13:42:38+08:00 ] 123.249.27.191 http://60.173.26.241:61254/80
INFO: [ app_init ] --START--
INFO: Run Behavior\BuildLiteBehavior [ RunTime:0.000037s ]
INFO: [ app_init ] --END-- [ RunTime:0.012971s ]
INFO: [ app_begin ] --START--
INFO: Run Behavior\ReadHtmlCacheBehavior [ RunTime:0.022681s ]
INFO: [ app_begin ] --END-- [ RunTime:0.022794s ]
ERR: 无法加载控制器:80

[ 2016-07-15T13:58:14+08:00 ] 123.249.27.191 http://60.173.26.241:61254/80
INFO: [ app_init ] --START--
INFO: Run Behavior\BuildLiteBehavior [ RunTime:0.000037s ]
INFO: [ app_init ] --END-- [ RunTime:0.020968s ]
INFO: [ app_begin ] --START--
INFO: Run Behavior\ReadHtmlCacheBehavior [ RunTime:0.018930s ]
INFO: [ app_begin ] --END-- [ RunTime:0.025779s ]
ERR: 无法加载控制器:80

[ 2016-07-15T14:07:10+08:00 ] 202.115.92.68 /Daixu/achievement
INFO: [ app_init ] --START--
INFO: Run Behavior\BuildLiteBehavior [ RunTime:0.020082s ]
INFO: [ app_init ] --END-- [ RunTime:0.020470s ]
INFO: [ app_begin ] --START--
INFO: Run Behavior\ReadHtmlCacheBehavior [ RunTime:0.023246s ]
INFO: [ app_begin ] --END-- [ RunTime:0.023361s ]
INFO: [ view_parse ] --START--
INFO: [ template_filter ] --START--
INFO: Run Behavior\ContentReplaceBehavior [ RunTime:0.000067s ]
INFO: [ template_filter ] --END-- [ RunTime:0.000155s ]
INFO: Run Behavior\ParseTemplateBehavior [ RunTime:0.178746s ]
INFO: [ view_parse ] --END-- [ RunTime:0.178868s ]
INFO: [ view_filter ] --START--
INFO: Run Behavior\WriteHtmlCacheBehavior [ RunTime:0.013877s ]
INFO: [ view_filter ] --END-- [ RunTime:0.013968s ]
INFO: [ app_end ] --START--
INFO: Run Behavior\ShowPageTraceBehavior [ RunTime:0.017940s ]
INFO: [ app_end ] --END-- [ RunTime:0.018044s ]

[ 2016-07-15T14:07:12+08:00 ] 202.115.92.68 /Daixu/achievement
INFO: [ app_init ] --START--
INFO: Run Behavior\BuildLiteBehavior [ RunTime:0.000036s ]
INFO: [ app_init ] --END-- [ RunTime:0.015041s ]
INFO: [ app_begin ] --START--
INFO: Run Behavior\ReadHtmlCacheBehavior [ RunTime:0.026756s ]
INFO: [ app_begin ] --END-- [ RunTime:0.026871s ]
INFO: [ view_parse ] --START--
INFO: [ template_filter ] --START--
INFO: Run Behavior\ContentReplaceBehavior [ RunTime:0.000067s ]
INFO: [ template_filter ] --END-- [ RunTime:0.000160s ]
INFO: Run Behavior\ParseTemplateBehavior [ RunTime:0.177751s ]
INFO: [ view_parse ] --END-- [ RunTime:0.177875s ]
INFO: [ view_filter ] --START--
INFO: Run Behavior\WriteHtmlCacheBehavior [ RunTime:0.007883s ]
INFO: [ view_filter ] --END-- [ RunTime:0.007976s ]
INFO: [ app_end ] --START--
INFO: Run Behavior\ShowPageTraceBehavior [ RunTime:0.021694s ]
INFO: [ app_end ] --END-- [ RunTime:0.028152s ]

[ 2016-07-15T14:07:14+08:00 ] 202.115.92.68 /Daixu/achievement
INFO: [ app_init ] --START--
INFO: Run Behavior\BuildLiteBehavior [ RunTime:0.000032s ]
INFO: [ app_init ] --END-- [ RunTime:0.000459s ]
INFO: [ app_begin ] --START--
INFO: Run Behavior\ReadHtmlCacheBehavior [ RunTime:0.035658s ]
INFO: [ app_begin ] --END-- [ RunTime:0.035807s ]
INFO: [ view_parse ] --START--
INFO: [ template_filter ] --START--
INFO: Run Behavior\ContentReplaceBehavior [ RunTime:0.000087s ]
INFO: [ template_filter ] --END-- [ RunTime:0.000182s ]
INFO: Run Behavior\ParseTemplateBehavior [ RunTime:0.192547s ]
INFO: [ view_parse ] --END-- [ RunTime:0.192652s ]
INFO: [ view_filter ] --START--
INFO: Run Behavior\WriteHtmlCacheBehavior [ RunTime:0.006576s ]
INFO: [ view_filter ] --END-- [ RunTime:0.019728s ]
INFO: [ app_end ] --START--
INFO: Run Behavior\ShowPageTraceBehavior [ RunTime:0.025304s ]
INFO: [ app_end ] --END-- [ RunTime:0.025406s ]

[ 2016-07-15T14:07:35+08:00 ] 202.115.92.68 /Daixu/achievement
INFO: [ app_init ] --START--
INFO: Run Behavior\BuildLiteBehavior [ RunTime:0.000055s ]
INFO: [ app_init ] --END-- [ RunTime:0.012581s ]
INFO: [ app_begin ] --START--
INFO: Run Behavior\ReadHtmlCacheBehavior [ RunTime:0.025689s ]
INFO: [ app_begin ] --END-- [ RunTime:0.025830s ]
INFO: [ view_parse ] --START--
INFO: [ template_filter ] --START--
INFO: Run Behavior\ContentReplaceBehavior [ RunTime:0.000065s ]
INFO: [ template_filter ] --END-- [ RunTime:0.000151s ]
INFO: Run Behavior\ParseTemplateBehavior [ RunTime:0.168983s ]
INFO: [ view_parse ] --END-- [ RunTime:0.169095s ]
INFO: [ view_filter ] --START--
INFO: Run Behavior\WriteHtmlCacheBehavior [ RunTime:0.008736s ]
INFO: [ view_filter ] --END-- [ RunTime:0.008826s ]
INFO: [ app_end ] --START--
INFO: Run Behavior\ShowPageTraceBehavior [ RunTime:0.022854s ]
INFO: [ app_end ] --END-- [ RunTime:0.022978s ]

[ 2016-07-15T14:10:14+08:00 ] 36.229.234.134 163mx00.mxmail.netease.com:25
INFO: [ app_init ] --START--
INFO: Run Behavior\BuildLiteBehavior [ RunTime:0.000022s ]
INFO: [ app_init ] --END-- [ RunTime:0.000367s ]
INFO: [ app_begin ] --START--
INFO: Run Behavior\ReadHtmlCacheBehavior [ RunTime:0.022894s ]
INFO: [ app_begin ] --END-- [ RunTime:0.023031s ]
SQL: SHOW COLUMNS FROM `tuser` [ RunTime:0.0086s ]
SQL: SELECT * FROM `tuser` ORDER BY tuser_publish LIMIT 10   [ RunTime:0.0087s ]
SQL: SHOW COLUMNS FROM `tarticle` [ RunTime:0.0079s ]
SQL: SELECT * FROM `tarticle` ORDER BY tarticle_continue desc LIMIT 10   [ RunTime:0.0104s ]
INFO: [ view_parse ] --START--
INFO: [ template_filter ] --START--
INFO: Run Behavior\ContentReplaceBehavior [ RunTime:0.023209s ]
INFO: [ template_filter ] --END-- [ RunTime:0.023347s ]
INFO: Run Behavior\ParseTemplateBehavior [ RunTime:0.331593s ]
INFO: [ view_parse ] --END-- [ RunTime:0.331714s ]
INFO: [ view_filter ] --START--
INFO: Run Behavior\WriteHtmlCacheBehavior [ RunTime:0.012474s ]
INFO: [ view_filter ] --END-- [ RunTime:0.012560s ]
INFO: [ app_end ] --START--
INFO: Run Behavior\ShowPageTraceBehavior [ RunTime:0.030536s ]
INFO: [ app_end ] --END-- [ RunTime:0.030656s ]

[ 2016-07-15T14:13:30+08:00 ] 123.249.27.193 http://60.173.26.241:61254/80
INFO: [ app_init ] --START--
INFO: Run Behavior\BuildLiteBehavior [ RunTime:0.000035s ]
INFO: [ app_init ] --END-- [ RunTime:0.015067s ]
INFO: [ app_begin ] --START--
INFO: Run Behavior\ReadHtmlCacheBehavior [ RunTime:0.012819s ]
INFO: [ app_begin ] --END-- [ RunTime:0.012920s ]
ERR: 无法加载控制器:80

[ 2016-07-15T14:28:39+08:00 ] 123.249.27.191 http://60.173.26.241:61254/80
INFO: [ app_init ] --START--
INFO: Run Behavior\BuildLiteBehavior [ RunTime:0.000036s ]
INFO: [ app_init ] --END-- [ RunTime:0.012952s ]
INFO: [ app_begin ] --START--
INFO: Run Behavior\ReadHtmlCacheBehavior [ RunTime:0.016681s ]
INFO: [ app_begin ] --END-- [ RunTime:0.024773s ]
ERR: 无法加载控制器:80

[ 2016-07-15T14:43:34+08:00 ] 123.249.27.192 http://60.173.26.241:61254/80
INFO: [ app_init ] --START--
INFO: Run Behavior\BuildLiteBehavior [ RunTime:0.000046s ]
INFO: [ app_init ] --END-- [ RunTime:0.012975s ]
INFO: [ app_begin ] --START--
INFO: Run Behavior\ReadHtmlCacheBehavior [ RunTime:0.026675s ]
INFO: [ app_begin ] --END-- [ RunTime:0.026795s ]
ERR: 无法加载控制器:80

[ 2016-07-15T14:58:38+08:00 ] 123.249.27.192 http://60.173.26.241:61254/80
INFO: [ app_init ] --START--
INFO: Run Behavior\BuildLiteBehavior [ RunTime:0.000021s ]
INFO: [ app_init ] --END-- [ RunTime:0.000359s ]
INFO: [ app_begin ] --START--
INFO: Run Behavior\ReadHtmlCacheBehavior [ RunTime:0.025620s ]
INFO: [ app_begin ] --END-- [ RunTime:0.025747s ]
ERR: 无法加载控制器:80

[ 2016-07-15T15:14:14+08:00 ] 123.249.27.191 http://60.173.26.241:61254/80
INFO: [ app_init ] --START--
INFO: Run Behavior\BuildLiteBehavior [ RunTime:0.000031s ]
INFO: [ app_init ] --END-- [ RunTime:0.000567s ]
INFO: [ app_begin ] --START--
INFO: Run Behavior\ReadHtmlCacheBehavior [ RunTime:0.027130s ]
INFO: [ app_begin ] --END-- [ RunTime:0.027268s ]
ERR: 无法加载控制器:80

[ 2016-07-15T15:29:14+08:00 ] 123.249.27.192 http://60.173.26.241:61254/80
INFO: [ app_init ] --START--
INFO: Run Behavior\BuildLiteBehavior [ RunTime:0.000022s ]
INFO: [ app_init ] --END-- [ RunTime:0.000389s ]
INFO: [ app_begin ] --START--
INFO: Run Behavior\ReadHtmlCacheBehavior [ RunTime:0.000481s ]
INFO: [ app_begin ] --END-- [ RunTime:0.000530s ]
ERR: 无法加载控制器:80

[ 2016-07-15T16:00:27+08:00 ] 123.249.27.193 http://60.173.26.241:61254/80
INFO: [ app_init ] --START--
INFO: Run Behavior\BuildLiteBehavior [ RunTime:0.000021s ]
INFO: [ app_init ] --END-- [ RunTime:0.000439s ]
INFO: [ app_begin ] --START--
INFO: Run Behavior\ReadHtmlCacheBehavior [ RunTime:0.000443s ]
INFO: [ app_begin ] --END-- [ RunTime:0.000502s ]
ERR: 无法加载控制器:80

[ 2016-07-15T16:12:29+08:00 ] 23.251.40.103 http://www.sbjudge3.com/azenv.php
INFO: [ app_init ] --START--
INFO: Run Behavior\BuildLiteBehavior [ RunTime:0.000019s ]
INFO: [ app_init ] --END-- [ RunTime:0.000450s ]
INFO: [ app_begin ] --START--
INFO: Run Behavior\ReadHtmlCacheBehavior [ RunTime:0.000461s ]
INFO: [ app_begin ] --END-- [ RunTime:0.000519s ]
ERR: 无法加载控制器:Azenv.php

[ 2016-07-15T16:12:30+08:00 ] 23.251.40.103 www.baidu.com:443
INFO: [ app_init ] --START--
INFO: Run Behavior\BuildLiteBehavior [ RunTime:0.000021s ]
INFO: [ app_init ] --END-- [ RunTime:0.000431s ]
INFO: [ app_begin ] --START--
INFO: Run Behavior\ReadHtmlCacheBehavior [ RunTime:0.000348s ]
INFO: [ app_begin ] --END-- [ RunTime:0.000395s ]
SQL: SHOW COLUMNS FROM `tuser` [ RunTime:0.0007s ]
SQL: SELECT * FROM `tuser` ORDER BY tuser_publish LIMIT 10   [ RunTime:0.0004s ]
SQL: SHOW COLUMNS FROM `tarticle` [ RunTime:0.0004s ]
SQL: SELECT * FROM `tarticle` ORDER BY tarticle_continue desc LIMIT 10   [ RunTime:0.0002s ]
INFO: [ view_parse ] --START--
INFO: [ template_filter ] --START--
INFO: Run Behavior\ContentReplaceBehavior [ RunTime:0.000138s ]
INFO: [ template_filter ] --END-- [ RunTime:0.000238s ]
INFO: Run Behavior\ParseTemplateBehavior [ RunTime:0.012264s ]
INFO: [ view_parse ] --END-- [ RunTime:0.012321s ]
INFO: [ view_filter ] --START--
INFO: Run Behavior\WriteHtmlCacheBehavior [ RunTime:0.000299s ]
INFO: [ view_filter ] --END-- [ RunTime:0.000340s ]
INFO: [ app_end ] --START--
INFO: Run Behavior\ShowPageTraceBehavior [ RunTime:0.000503s ]
INFO: [ app_end ] --END-- [ RunTime:0.000552s ]

[ 2016-07-15T16:13:17+08:00 ] 23.251.40.103 http://www.luisaranguren.com/azenv.php
INFO: [ app_init ] --START--
INFO: Run Behavior\BuildLiteBehavior [ RunTime:0.000024s ]
INFO: [ app_init ] --END-- [ RunTime:0.000371s ]
INFO: [ app_begin ] --START--
INFO: Run Behavior\ReadHtmlCacheBehavior [ RunTime:0.000399s ]
INFO: [ app_begin ] --END-- [ RunTime:0.000449s ]
ERR: 无法加载控制器:Azenv.php

[ 2016-07-15T16:13:18+08:00 ] 23.251.40.103 www.baidu.com:443
INFO: [ app_init ] --START--
INFO: Run Behavior\BuildLiteBehavior [ RunTime:0.000021s ]
INFO: [ app_init ] --END-- [ RunTime:0.000316s ]
INFO: [ app_begin ] --START--
INFO: Run Behavior\ReadHtmlCacheBehavior [ RunTime:0.000399s ]
INFO: [ app_begin ] --END-- [ RunTime:0.000461s ]
INFO: [ view_parse ] --START--
INFO: [ template_filter ] --START--
INFO: Run Behavior\ContentReplaceBehavior [ RunTime:0.000119s ]
INFO: [ template_filter ] --END-- [ RunTime:0.000204s ]
INFO: Run Behavior\ParseTemplateBehavior [ RunTime:0.010509s ]
INFO: [ view_parse ] --END-- [ RunTime:0.010563s ]
INFO: [ view_filter ] --START--
INFO: Run Behavior\WriteHtmlCacheBehavior [ RunTime:0.000153s ]
INFO: [ view_filter ] --END-- [ RunTime:0.000194s ]
INFO: [ app_end ] --START--
INFO: Run Behavior\ShowPageTraceBehavior [ RunTime:0.000500s ]
INFO: [ app_end ] --END-- [ RunTime:0.000572s ]

[ 2016-07-15T16:15:48+08:00 ] 123.249.27.191 http://60.173.26.241:61254/80
INFO: [ app_init ] --START--
INFO: Run Behavior\BuildLiteBehavior [ RunTime:0.000020s ]
INFO: [ app_init ] --END-- [ RunTime:0.000374s ]
INFO: [ app_begin ] --START--
INFO: Run Behavior\ReadHtmlCacheBehavior [ RunTime:0.000376s ]
INFO: [ app_begin ] --END-- [ RunTime:0.000422s ]
ERR: 无法加载控制器:80

[ 2016-07-15T16:31:18+08:00 ] 123.249.27.193 http://60.173.26.241:61254/80
INFO: [ app_init ] --START--
INFO: Run Behavior\BuildLiteBehavior [ RunTime:0.000030s ]
INFO: [ app_init ] --END-- [ RunTime:0.000694s ]
INFO: [ app_begin ] --START--
INFO: Run Behavior\ReadHtmlCacheBehavior [ RunTime:0.000478s ]
INFO: [ app_begin ] --END-- [ RunTime:0.000528s ]
ERR: 无法加载控制器:80

[ 2016-07-15T16:46:00+08:00 ] 123.249.27.192 http://60.173.26.241:61254/80
INFO: [ app_init ] --START--
INFO: Run Behavior\BuildLiteBehavior [ RunTime:0.000019s ]
INFO: [ app_init ] --END-- [ RunTime:0.000314s ]
INFO: [ app_begin ] --START--
INFO: Run Behavior\ReadHtmlCacheBehavior [ RunTime:0.000363s ]
INFO: [ app_begin ] --END-- [ RunTime:0.000408s ]
ERR: 无法加载控制器:80

[ 2016-07-15T17:01:35+08:00 ] 123.249.27.193 http://60.173.26.241:61254/80
INFO: [ app_init ] --START--
INFO: Run Behavior\BuildLiteBehavior [ RunTime:0.000019s ]
INFO: [ app_init ] --END-- [ RunTime:0.000307s ]
INFO: [ app_begin ] --START--
INFO: Run Behavior\ReadHtmlCacheBehavior [ RunTime:0.000366s ]
INFO: [ app_begin ] --END-- [ RunTime:0.000717s ]
ERR: 无法加载控制器:80

[ 2016-07-15T17:02:00+08:00 ] 80.82.78.38 http://www.baidu.com/cache/global/img/gs.gif
INFO: [ app_init ] --START--
INFO: Run Behavior\BuildLiteBehavior [ RunTime:0.000025s ]
INFO: [ app_init ] --END-- [ RunTime:0.000561s ]

[ 2016-07-15T17:16:05+08:00 ] 123.249.27.192 http://60.173.26.241:61254/80
INFO: [ app_init ] --START--
INFO: Run Behavior\BuildLiteBehavior [ RunTime:0.000022s ]
INFO: [ app_init ] --END-- [ RunTime:0.000387s ]
INFO: [ app_begin ] --START--
INFO: Run Behavior\ReadHtmlCacheBehavior [ RunTime:0.000510s ]
INFO: [ app_begin ] --END-- [ RunTime:0.000563s ]
ERR: 无法加载控制器:80

[ 2016-07-15T17:32:02+08:00 ] 123.249.27.193 http://60.173.26.241:61254/80
INFO: [ app_init ] --START--
INFO: Run Behavior\BuildLiteBehavior [ RunTime:0.000019s ]
INFO: [ app_init ] --END-- [ RunTime:0.000313s ]
INFO: [ app_begin ] --START--
INFO: Run Behavior\ReadHtmlCacheBehavior [ RunTime:0.000366s ]
INFO: [ app_begin ] --END-- [ RunTime:0.000412s ]
ERR: 无法加载控制器:80

[ 2016-07-15T17:40:43+08:00 ] 208.100.26.232 /
INFO: [ app_init ] --START--
INFO: Run Behavior\BuildLiteBehavior [ RunTime:0.000025s ]
INFO: [ app_init ] --END-- [ RunTime:0.000515s ]
INFO: [ app_begin ] --START--
INFO: Run Behavior\ReadHtmlCacheBehavior [ RunTime:0.000575s ]
INFO: [ app_begin ] --END-- [ RunTime:0.000705s ]
SQL: SHOW COLUMNS FROM `tuser` [ RunTime:0.0007s ]
SQL: SELECT * FROM `tuser` ORDER BY tuser_publish LIMIT 10   [ RunTime:0.0004s ]
SQL: SHOW COLUMNS FROM `tarticle` [ RunTime:0.0004s ]
SQL: SELECT * FROM `tarticle` ORDER BY tarticle_continue desc LIMIT 10   [ RunTime:0.0003s ]
INFO: [ view_parse ] --START--
INFO: [ template_filter ] --START--
INFO: Run Behavior\ContentReplaceBehavior [ RunTime:0.000119s ]
INFO: [ template_filter ] --END-- [ RunTime:0.000201s ]
INFO: Run Behavior\ParseTemplateBehavior [ RunTime:0.010714s ]
INFO: [ view_parse ] --END-- [ RunTime:0.010767s ]
INFO: [ view_filter ] --START--
INFO: Run Behavior\WriteHtmlCacheBehavior [ RunTime:0.000156s ]
INFO: [ view_filter ] --END-- [ RunTime:0.000195s ]
INFO: [ app_end ] --START--
INFO: Run Behavior\ShowPageTraceBehavior [ RunTime:0.000476s ]
INFO: [ app_end ] --END-- [ RunTime:0.000522s ]

[ 2016-07-15T17:42:50+08:00 ] 208.100.26.232 /
INFO: [ app_init ] --START--
INFO: Run Behavior\BuildLiteBehavior [ RunTime:0.000021s ]
INFO: [ app_init ] --END-- [ RunTime:0.000332s ]
INFO: [ app_begin ] --START--
INFO: Run Behavior\ReadHtmlCacheBehavior [ RunTime:0.000444s ]
INFO: [ app_begin ] --END-- [ RunTime:0.000494s ]
SQL: SHOW COLUMNS FROM `tuser` [ RunTime:0.0007s ]
SQL: SELECT * FROM `tuser` ORDER BY tuser_publish LIMIT 10   [ RunTime:0.0004s ]
SQL: SHOW COLUMNS FROM `tarticle` [ RunTime:0.0006s ]
SQL: SELECT * FROM `tarticle` ORDER BY tarticle_continue desc LIMIT 10   [ RunTime:0.0002s ]
INFO: [ view_parse ] --START--
INFO: [ template_filter ] --START--
INFO: Run Behavior\ContentReplaceBehavior [ RunTime:0.000168s ]
INFO: [ template_filter ] --END-- [ RunTime:0.000288s ]
INFO: Run Behavior\ParseTemplateBehavior [ RunTime:0.015201s ]
INFO: [ view_parse ] --END-- [ RunTime:0.015293s ]
INFO: [ view_filter ] --START--
INFO: Run Behavior\WriteHtmlCacheBehavior [ RunTime:0.000232s ]
INFO: [ view_filter ] --END-- [ RunTime:0.000295s ]
INFO: 
INFO: 
INFO: 

[ 2016-07-15T17:46:47+08:00 ] 123.249.27.192 http://60.173.26.241:61254/80
INFO: [ app_init ] --START--
INFO: Run Behavior\BuildLiteBehavior [ RunTime:0.000021s ]
INFO: [ app_init ] --END-- [ RunTime:0.000328s ]
INFO: [ app_begin ] --START--
INFO: Run Behavior\ReadHtmlCacheBehavior [ RunTime:0.000453s ]
INFO: [ app_begin ] --END-- [ RunTime:0.000499s ]
ERR: 无法加载控制器:80

[ 2016-07-15T18:02:32+08:00 ] 123.249.27.191 http://60.173.26.241:61254/80
INFO: [ app_init ] --START--
INFO: Run Behavior\BuildLiteBehavior [ RunTime:0.000021s ]
INFO: [ app_init ] --END-- [ RunTime:0.000377s ]
INFO: [ app_begin ] --START--
INFO: Run Behavior\ReadHtmlCacheBehavior [ RunTime:0.000385s ]
INFO: [ app_begin ] --END-- [ RunTime:0.000430s ]
ERR: 无法加载控制器:80

[ 2016-07-15T18:18:29+08:00 ] 123.249.27.193 http://60.173.26.241:61254/80
INFO: [ app_init ] --START--
INFO: Run Behavior\BuildLiteBehavior [ RunTime:0.000021s ]
INFO: [ app_init ] --END-- [ RunTime:0.000319s ]
INFO: [ app_begin ] --START--
INFO: Run Behavior\ReadHtmlCacheBehavior [ RunTime:0.000388s ]
INFO: [ app_begin ] --END-- [ RunTime:0.000433s ]
ERR: 无法加载控制器:80

[ 2016-07-15T18:27:24+08:00 ] 23.251.51.125 http://www.luisaranguren.com/azenv.php
INFO: [ app_init ] --START--
INFO: Run Behavior\BuildLiteBehavior [ RunTime:0.000023s ]
INFO: [ app_init ] --END-- [ RunTime:0.000356s ]
INFO: [ app_begin ] --START--
INFO: Run Behavior\ReadHtmlCacheBehavior [ RunTime:0.000470s ]
INFO: [ app_begin ] --END-- [ RunTime:0.000532s ]
ERR: 无法加载控制器:Azenv.php

[ 2016-07-15T18:27:24+08:00 ] 23.251.51.125 www.alipay.com:443
INFO: [ app_init ] --START--
INFO: Run Behavior\BuildLiteBehavior [ RunTime:0.000018s ]
INFO: [ app_init ] --END-- [ RunTime:0.000308s ]
INFO: [ app_begin ] --START--
INFO: Run Behavior\ReadHtmlCacheBehavior [ RunTime:0.000423s ]
INFO: [ app_begin ] --END-- [ RunTime:0.000469s ]
SQL: SHOW COLUMNS FROM `tuser` [ RunTime:0.0009s ]
SQL: SELECT * FROM `tuser` ORDER BY tuser_publish LIMIT 10   [ RunTime:0.0006s ]
SQL: SHOW COLUMNS FROM `tarticle` [ RunTime:0.0007s ]
SQL: SELECT * FROM `tarticle` ORDER BY tarticle_continue desc LIMIT 10   [ RunTime:0.0003s ]
INFO: [ view_parse ] --START--
INFO: [ template_filter ] --START--
INFO: Run Behavior\ContentReplaceBehavior [ RunTime:0.000130s ]
INFO: [ template_filter ] --END-- [ RunTime:0.000235s ]
INFO: Run Behavior\ParseTemplateBehavior [ RunTime:0.011697s ]
INFO: [ view_parse ] --END-- [ RunTime:0.011761s ]
INFO: [ view_filter ] --START--
INFO: Run Behavior\WriteHtmlCacheBehavior [ RunTime:0.000168s ]
INFO: [ view_filter ] --END-- [ RunTime:0.000208s ]
INFO: [ app_end ] --START--
INFO: Run Behavior\ShowPageTraceBehavior [ RunTime:0.000506s ]
INFO: [ app_end ] --END-- [ RunTime:0.000565s ]

[ 2016-07-15T18:33:28+08:00 ] 123.249.27.192 http://60.173.26.241:61254/80
INFO: [ app_init ] --START--
INFO: Run Behavior\BuildLiteBehavior [ RunTime:0.000015s ]
INFO: [ app_init ] --END-- [ RunTime:0.000291s ]
INFO: [ app_begin ] --START--
INFO: Run Behavior\ReadHtmlCacheBehavior [ RunTime:0.000360s ]
INFO: [ app_begin ] --END-- [ RunTime:0.000406s ]
ERR: 无法加载控制器:80

[ 2016-07-15T18:33:33+08:00 ] 222.187.222.159 /index.aspx
INFO: [ app_init ] --START--
INFO: Run Behavior\BuildLiteBehavior [ RunTime:0.000019s ]
INFO: [ app_init ] --END-- [ RunTime:0.000316s ]
INFO: [ app_begin ] --START--
INFO: Run Behavior\ReadHtmlCacheBehavior [ RunTime:0.000376s ]
INFO: [ app_begin ] --END-- [ RunTime:0.000421s ]
ERR: 无法加载控制器:Index.aspx

[ 2016-07-15T18:48:36+08:00 ] 123.249.27.192 http://60.173.26.241:61254/80
INFO: [ app_init ] --START--
INFO: Run Behavior\BuildLiteBehavior [ RunTime:0.000020s ]
INFO: [ app_init ] --END-- [ RunTime:0.000324s ]
INFO: [ app_begin ] --START--
INFO: Run Behavior\ReadHtmlCacheBehavior [ RunTime:0.000440s ]
INFO: [ app_begin ] --END-- [ RunTime:0.000486s ]
ERR: 无法加载控制器:80

[ 2016-07-15T19:03:42+08:00 ] 123.249.27.192 http://60.173.26.241:61254/80
INFO: [ app_init ] --START--
INFO: Run Behavior\BuildLiteBehavior [ RunTime:0.000019s ]
INFO: [ app_init ] --END-- [ RunTime:0.000328s ]
INFO: [ app_begin ] --START--
INFO: Run Behavior\ReadHtmlCacheBehavior [ RunTime:0.000367s ]
INFO: [ app_begin ] --END-- [ RunTime:0.000412s ]
ERR: 无法加载控制器:80

[ 2016-07-15T19:19:14+08:00 ] 123.249.27.191 http://60.173.26.241:61254/80
INFO: [ app_init ] --START--
INFO: Run Behavior\BuildLiteBehavior [ RunTime:0.000019s ]
INFO: [ app_init ] --END-- [ RunTime:0.000302s ]
INFO: [ app_begin ] --START--
INFO: Run Behavior\ReadHtmlCacheBehavior [ RunTime:0.000408s ]
INFO: [ app_begin ] --END-- [ RunTime:0.000454s ]
ERR: 无法加载控制器:80

[ 2016-07-15T19:21:02+08:00 ] 49.114.70.215 /
INFO: [ app_init ] --START--
INFO: Run Behavior\BuildLiteBehavior [ RunTime:0.000023s ]
INFO: [ app_init ] --END-- [ RunTime:0.000345s ]
INFO: [ app_begin ] --START--
INFO: Run Behavior\ReadHtmlCacheBehavior [ RunTime:0.000401s ]
INFO: [ app_begin ] --END-- [ RunTime:0.000449s ]
SQL: SHOW COLUMNS FROM `tuser` [ RunTime:0.0006s ]
SQL: SELECT * FROM `tuser` ORDER BY tuser_publish LIMIT 10   [ RunTime:0.0004s ]
SQL: SHOW COLUMNS FROM `tarticle` [ RunTime:0.0004s ]
SQL: SELECT * FROM `tarticle` ORDER BY tarticle_continue desc LIMIT 10   [ RunTime:0.0002s ]
INFO: [ view_parse ] --START--
INFO: [ template_filter ] --START--
INFO: Run Behavior\ContentReplaceBehavior [ RunTime:0.000108s ]
INFO: [ template_filter ] --END-- [ RunTime:0.000170s ]
INFO: Run Behavior\ParseTemplateBehavior [ RunTime:0.010110s ]
INFO: [ view_parse ] --END-- [ RunTime:0.010161s ]
INFO: [ view_filter ] --START--
INFO: Run Behavior\WriteHtmlCacheBehavior [ RunTime:0.000149s ]
INFO: [ view_filter ] --END-- [ RunTime:0.000187s ]
INFO: [ app_end ] --START--
INFO: Run Behavior\ShowPageTraceBehavior [ RunTime:0.000500s ]
INFO: [ app_end ] --END-- [ RunTime:0.000548s ]

[ 2016-07-15T19:21:12+08:00 ] 49.114.70.215 /Daixu/achievement
INFO: [ app_init ] --START--
INFO: Run Behavior\BuildLiteBehavior [ RunTime:0.000037s ]
INFO: [ app_init ] --END-- [ RunTime:0.000700s ]
INFO: [ app_begin ] --START--
INFO: Run Behavior\ReadHtmlCacheBehavior [ RunTime:0.000582s ]
INFO: [ app_begin ] --END-- [ RunTime:0.000640s ]
INFO: [ view_parse ] --START--
INFO: [ template_filter ] --START--
INFO: Run Behavior\ContentReplaceBehavior [ RunTime:0.000062s ]
INFO: [ template_filter ] --END-- [ RunTime:0.000130s ]
INFO: Run Behavior\ParseTemplateBehavior [ RunTime:0.005195s ]
INFO: [ view_parse ] --END-- [ RunTime:0.005250s ]
INFO: [ view_filter ] --START--
INFO: Run Behavior\WriteHtmlCacheBehavior [ RunTime:0.000136s ]
INFO: [ view_filter ] --END-- [ RunTime:0.000173s ]
INFO: [ app_end ] --START--
INFO: Run Behavior\ShowPageTraceBehavior [ RunTime:0.000454s ]
INFO: [ app_end ] --END-- [ RunTime:0.000496s ]

[ 2016-07-15T19:21:13+08:00 ] 101.226.66.177 /daixu/achievement
INFO: [ app_init ] --START--
INFO: Run Behavior\BuildLiteBehavior [ RunTime:0.000023s ]
INFO: [ app_init ] --END-- [ RunTime:0.000380s ]
INFO: [ app_begin ] --START--
INFO: Run Behavior\ReadHtmlCacheBehavior [ RunTime:0.000399s ]
INFO: [ app_begin ] --END-- [ RunTime:0.000443s ]
INFO: [ view_parse ] --START--
INFO: [ template_filter ] --START--
INFO: Run Behavior\ContentReplaceBehavior [ RunTime:0.000068s ]
INFO: [ template_filter ] --END-- [ RunTime:0.000150s ]
INFO: Run Behavior\ParseTemplateBehavior [ RunTime:0.015543s ]
INFO: [ view_parse ] --END-- [ RunTime:0.015621s ]
INFO: [ view_filter ] --START--
INFO: Run Behavior\WriteHtmlCacheBehavior [ RunTime:0.000151s ]
INFO: [ view_filter ] --END-- [ RunTime:0.000190s ]
INFO: [ app_end ] --START--
INFO: Run Behavior\ShowPageTraceBehavior [ RunTime:0.000442s ]
INFO: [ app_end ] --END-- [ RunTime:0.000486s ]

[ 2016-07-15T19:21:13+08:00 ] 101.226.33.224 /daixu/achievement
INFO: [ app_init ] --START--
INFO: Run Behavior\BuildLiteBehavior [ RunTime:0.000021s ]
INFO: [ app_init ] --END-- [ RunTime:0.000348s ]
INFO: [ app_begin ] --START--
INFO: Run Behavior\ReadHtmlCacheBehavior [ RunTime:0.000459s ]
INFO: [ app_begin ] --END-- [ RunTime:0.000506s ]
INFO: [ view_parse ] --START--
INFO: [ template_filter ] --START--
INFO: Run Behavior\ContentReplaceBehavior [ RunTime:0.000077s ]
INFO: [ template_filter ] --END-- [ RunTime:0.000171s ]
INFO: Run Behavior\ParseTemplateBehavior [ RunTime:0.007134s ]
INFO: [ view_parse ] --END-- [ RunTime:0.007193s ]
INFO: [ view_filter ] --START--
INFO: Run Behavior\WriteHtmlCacheBehavior [ RunTime:0.000180s ]
INFO: [ view_filter ] --END-- [ RunTime:0.000218s ]
INFO: [ app_end ] --START--
INFO: Run Behavior\ShowPageTraceBehavior [ RunTime:0.000659s ]
INFO: [ app_end ] --END-- [ RunTime:0.000716s ]

[ 2016-07-15T19:21:26+08:00 ] 49.114.70.215 /Daixu/classify
INFO: [ app_init ] --START--
INFO: Run Behavior\BuildLiteBehavior [ RunTime:0.000022s ]
INFO: [ app_init ] --END-- [ RunTime:0.000328s ]
INFO: [ app_begin ] --START--
INFO: Run Behavior\ReadHtmlCacheBehavior [ RunTime:0.000395s ]
INFO: [ app_begin ] --END-- [ RunTime:0.000442s ]
INFO: [ view_parse ] --START--
INFO: [ template_filter ] --START--
INFO: Run Behavior\ContentReplaceBehavior [ RunTime:0.000104s ]
INFO: [ template_filter ] --END-- [ RunTime:0.000199s ]
INFO: Run Behavior\ParseTemplateBehavior [ RunTime:0.008661s ]
INFO: [ view_parse ] --END-- [ RunTime:0.008711s ]
INFO: [ view_filter ] --START--
INFO: Run Behavior\WriteHtmlCacheBehavior [ RunTime:0.000228s ]
INFO: [ view_filter ] --END-- [ RunTime:0.000267s ]
INFO: [ app_end ] --START--
INFO: Run Behavior\ShowPageTraceBehavior [ RunTime:0.000460s ]
INFO: [ app_end ] --END-- [ RunTime:0.000513s ]

[ 2016-07-15T19:21:26+08:00 ] 49.114.70.215 /Public/img/title_home.
INFO: [ app_init ] --START--
INFO: Run Behavior\BuildLiteBehavior [ RunTime:0.000016s ]
INFO: [ app_init ] --END-- [ RunTime:0.000357s ]
INFO: [ app_begin ] --START--
INFO: Run Behavior\ReadHtmlCacheBehavior [ RunTime:0.000367s ]
INFO: [ app_begin ] --END-- [ RunTime:0.000468s ]
ERR: 无法加载控制器:Public

[ 2016-07-15T19:21:27+08:00 ] 112.65.193.13 /daixu/classify
INFO: [ app_init ] --START--
INFO: Run Behavior\BuildLiteBehavior [ RunTime:0.000017s ]
INFO: [ app_init ] --END-- [ RunTime:0.001379s ]
INFO: [ app_begin ] --START--
INFO: Run Behavior\ReadHtmlCacheBehavior [ RunTime:0.001480s ]
INFO: [ app_begin ] --END-- [ RunTime:0.001530s ]
INFO: [ view_parse ] --START--
INFO: [ template_filter ] --START--
INFO: Run Behavior\ContentReplaceBehavior [ RunTime:0.005952s ]
INFO: [ template_filter ] --END-- [ RunTime:0.006094s ]
INFO: Run Behavior\ParseTemplateBehavior [ RunTime:0.020438s ]
INFO: [ view_parse ] --END-- [ RunTime:0.020508s ]
INFO: [ view_filter ] --START--
INFO: Run Behavior\WriteHtmlCacheBehavior [ RunTime:0.000245s ]
INFO: [ view_filter ] --END-- [ RunTime:0.000313s ]
INFO: [ app_end ] --START--
INFO: Run Behavior\ShowPageTraceBehavior [ RunTime:0.000536s ]
INFO: [ app_end ] --END-- [ RunTime:0.000599s ]

[ 2016-07-15T19:21:27+08:00 ] 101.226.89.121 /daixu/classify
INFO: [ app_init ] --START--
INFO: Run Behavior\BuildLiteBehavior [ RunTime:0.000021s ]
INFO: [ app_init ] --END-- [ RunTime:0.000310s ]
INFO: [ app_begin ] --START--
INFO: Run Behavior\ReadHtmlCacheBehavior [ RunTime:0.000411s ]
INFO: [ app_begin ] --END-- [ RunTime:0.000459s ]
INFO: [ view_parse ] --START--
INFO: [ template_filter ] --START--
INFO: Run Behavior\ContentReplaceBehavior [ RunTime:0.003211s ]
INFO: [ template_filter ] --END-- [ RunTime:0.003329s ]
INFO: Run Behavior\ParseTemplateBehavior [ RunTime:0.022945s ]
INFO: [ view_parse ] --END-- [ RunTime:0.023016s ]
INFO: [ view_filter ] --START--
INFO: Run Behavior\WriteHtmlCacheBehavior [ RunTime:0.000177s ]
INFO: [ view_filter ] --END-- [ RunTime:0.000217s ]
INFO: [ app_end ] --START--
INFO: Run Behavior\ShowPageTraceBehavior [ RunTime:0.000678s ]
INFO: [ app_end ] --END-- [ RunTime:0.000731s ]

[ 2016-07-15T19:21:29+08:00 ] 101.226.51.230 /daixu/classify
INFO: [ app_init ] --START--
INFO: Run Behavior\BuildLiteBehavior [ RunTime:0.000022s ]
INFO: [ app_init ] --END-- [ RunTime:0.000332s ]
INFO: [ app_begin ] --START--
INFO: Run Behavior\ReadHtmlCacheBehavior [ RunTime:0.000457s ]
INFO: [ app_begin ] --END-- [ RunTime:0.000505s ]
INFO: [ view_parse ] --START--
INFO: [ template_filter ] --START--
INFO: Run Behavior\ContentReplaceBehavior [ RunTime:0.000122s ]
INFO: [ template_filter ] --END-- [ RunTime:0.000210s ]
INFO: Run Behavior\ParseTemplateBehavior [ RunTime:0.016456s ]
INFO: [ view_parse ] --END-- [ RunTime:0.016540s ]
INFO: [ view_filter ] --START--
INFO: Run Behavior\WriteHtmlCacheBehavior [ RunTime:0.000157s ]
INFO: [ view_filter ] --END-- [ RunTime:0.000198s ]
INFO: [ app_end ] --START--
INFO: Run Behavior\ShowPageTraceBehavior [ RunTime:0.001555s ]
INFO: [ app_end ] --END-- [ RunTime:0.001627s ]

[ 2016-07-15T19:21:29+08:00 ] 101.226.89.116 /daixu/classify
INFO: [ app_init ] --START--
INFO: Run Behavior\BuildLiteBehavior [ RunTime:0.000021s ]
INFO: [ app_init ] --END-- [ RunTime:0.000329s ]
INFO: [ app_begin ] --START--
INFO: Run Behavior\ReadHtmlCacheBehavior [ RunTime:0.000451s ]
INFO: [ app_begin ] --END-- [ RunTime:0.000498s ]
INFO: [ view_parse ] --START--
INFO: [ template_filter ] --START--
INFO: Run Behavior\ContentReplaceBehavior [ RunTime:0.000106s ]
INFO: [ template_filter ] --END-- [ RunTime:0.000192s ]
INFO: Run Behavior\ParseTemplateBehavior [ RunTime:0.008252s ]
INFO: [ view_parse ] --END-- [ RunTime:0.008301s ]
INFO: [ view_filter ] --START--
INFO: Run Behavior\WriteHtmlCacheBehavior [ RunTime:0.000161s ]
INFO: [ view_filter ] --END-- [ RunTime:0.000198s ]
INFO: [ app_end ] --START--
INFO: Run Behavior\ShowPageTraceBehavior [ RunTime:0.000540s ]
INFO: [ app_end ] --END-- [ RunTime:0.000600s ]

[ 2016-07-15T19:34:40+08:00 ] 123.249.27.192 http://60.173.26.241:61254/80
INFO: [ app_init ] --START--
INFO: Run Behavior\BuildLiteBehavior [ RunTime:0.000021s ]
INFO: [ app_init ] --END-- [ RunTime:0.000493s ]
INFO: [ app_begin ] --START--
INFO: Run Behavior\ReadHtmlCacheBehavior [ RunTime:0.000487s ]
INFO: [ app_begin ] --END-- [ RunTime:0.000561s ]
ERR: 无法加载控制器:80

[ 2016-07-15T19:39:45+08:00 ] 185.25.148.240 http://testp3.pospr.waw.pl/testproxy.php
INFO: [ app_init ] --START--
INFO: Run Behavior\BuildLiteBehavior [ RunTime:0.000029s ]
INFO: [ app_init ] --END-- [ RunTime:0.000560s ]
INFO: [ app_begin ] --START--
INFO: Run Behavior\ReadHtmlCacheBehavior [ RunTime:0.000511s ]
INFO: [ app_begin ] --END-- [ RunTime:0.000570s ]
ERR: 无法加载控制器:Testproxy.php

[ 2016-07-15T19:42:16+08:00 ] 23.251.51.125 http://www.sbjudge2.com/azenv.php
INFO: [ app_init ] --START--
INFO: Run Behavior\BuildLiteBehavior [ RunTime:0.000027s ]
INFO: [ app_init ] --END-- [ RunTime:0.000459s ]
INFO: [ app_begin ] --START--
INFO: Run Behavior\ReadHtmlCacheBehavior [ RunTime:0.000633s ]
INFO: [ app_begin ] --END-- [ RunTime:0.000690s ]
ERR: 无法加载控制器:Azenv.php

[ 2016-07-15T19:42:16+08:00 ] 23.251.51.125 www.baidu.com:443
INFO: [ app_init ] --START--
INFO: Run Behavior\BuildLiteBehavior [ RunTime:0.000021s ]
INFO: [ app_init ] --END-- [ RunTime:0.000339s ]
INFO: [ app_begin ] --START--
INFO: Run Behavior\ReadHtmlCacheBehavior [ RunTime:0.000409s ]
INFO: [ app_begin ] --END-- [ RunTime:0.000461s ]
SQL: SHOW COLUMNS FROM `tuser` [ RunTime:0.0009s ]
SQL: SELECT * FROM `tuser` ORDER BY tuser_publish LIMIT 10   [ RunTime:0.0016s ]
SQL: SHOW COLUMNS FROM `tarticle` [ RunTime:0.0007s ]
SQL: SELECT * FROM `tarticle` ORDER BY tarticle_continue desc LIMIT 10   [ RunTime:0.0007s ]
INFO: [ view_parse ] --START--
INFO: [ template_filter ] --START--
INFO: Run Behavior\ContentReplaceBehavior [ RunTime:0.000125s ]
INFO: [ template_filter ] --END-- [ RunTime:0.000210s ]
INFO: Run Behavior\ParseTemplateBehavior [ RunTime:0.021699s ]
INFO: [ view_parse ] --END-- [ RunTime:0.021767s ]
INFO: [ view_filter ] --START--
INFO: Run Behavior\WriteHtmlCacheBehavior [ RunTime:0.001395s ]
INFO: [ view_filter ] --END-- [ RunTime:0.001446s ]
INFO: [ app_end ] --START--
INFO: Run Behavior\ShowPageTraceBehavior [ RunTime:0.000485s ]
INFO: [ app_end ] --END-- [ RunTime:0.000533s ]

[ 2016-07-15T19:47:11+08:00 ] 171.110.44.187 /jenkins/
INFO: [ app_init ] --START--
INFO: Run Behavior\BuildLiteBehavior [ RunTime:0.000016s ]
INFO: [ app_init ] --END-- [ RunTime:0.000340s ]
INFO: [ app_begin ] --START--
INFO: Run Behavior\ReadHtmlCacheBehavior [ RunTime:0.000415s ]
INFO: [ app_begin ] --END-- [ RunTime:0.000462s ]
ERR: 无法加载控制器:Jenkins

[ 2016-07-15T19:49:46+08:00 ] 123.249.27.192 http://60.173.26.241:61254/80
INFO: [ app_init ] --START--
INFO: Run Behavior\BuildLiteBehavior [ RunTime:0.000019s ]
INFO: [ app_init ] --END-- [ RunTime:0.000363s ]
INFO: [ app_begin ] --START--
INFO: Run Behavior\ReadHtmlCacheBehavior [ RunTime:0.000492s ]
INFO: [ app_begin ] --END-- [ RunTime:0.000541s ]
ERR: 无法加载控制器:80

[ 2016-07-15T20:06:00+08:00 ] 123.249.27.193 http://60.173.26.241:61254/80
INFO: [ app_init ] --START--
INFO: Run Behavior\BuildLiteBehavior [ RunTime:0.000015s ]
INFO: [ app_init ] --END-- [ RunTime:0.000359s ]
INFO: [ app_begin ] --START--
INFO: Run Behavior\ReadHtmlCacheBehavior [ RunTime:0.000400s ]
INFO: [ app_begin ] --END-- [ RunTime:0.000515s ]
ERR: 无法加载控制器:80

[ 2016-07-15T20:21:08+08:00 ] 123.249.27.192 http://60.173.26.241:61254/80
INFO: [ app_init ] --START--
INFO: Run Behavior\BuildLiteBehavior [ RunTime:0.000020s ]
INFO: [ app_init ] --END-- [ RunTime:0.000310s ]
INFO: [ app_begin ] --START--
INFO: Run Behavior\ReadHtmlCacheBehavior [ RunTime:0.000527s ]
INFO: [ app_begin ] --END-- [ RunTime:0.000579s ]
ERR: 无法加载控制器:80

[ 2016-07-15T20:36:08+08:00 ] 202.115.92.68 /Daixu/achievement
INFO: [ app_init ] --START--
INFO: Run Behavior\BuildLiteBehavior [ RunTime:0.000022s ]
INFO: [ app_init ] --END-- [ RunTime:0.000388s ]
INFO: [ app_begin ] --START--
INFO: Run Behavior\ReadHtmlCacheBehavior [ RunTime:0.000395s ]
INFO: [ app_begin ] --END-- [ RunTime:0.000499s ]
INFO: [ view_parse ] --START--
INFO: [ template_filter ] --START--
INFO: Run Behavior\ContentReplaceBehavior [ RunTime:0.000072s ]
INFO: [ template_filter ] --END-- [ RunTime:0.000159s ]
INFO: Run Behavior\ParseTemplateBehavior [ RunTime:0.006435s ]
INFO: [ view_parse ] --END-- [ RunTime:0.006490s ]
INFO: [ view_filter ] --START--
INFO: Run Behavior\WriteHtmlCacheBehavior [ RunTime:0.000171s ]
INFO: [ view_filter ] --END-- [ RunTime:0.000208s ]
INFO: [ app_end ] --START--
INFO: Run Behavior\ShowPageTraceBehavior [ RunTime:0.000443s ]
INFO: [ app_end ] --END-- [ RunTime:0.000491s ]

[ 2016-07-15T20:37:31+08:00 ] 123.249.27.193 http://60.173.26.241:61254/80
INFO: [ app_init ] --START--
INFO: Run Behavior\BuildLiteBehavior [ RunTime:0.000030s ]
INFO: [ app_init ] --END-- [ RunTime:0.000603s ]
INFO: [ app_begin ] --START--
INFO: Run Behavior\ReadHtmlCacheBehavior [ RunTime:0.000642s ]
INFO: [ app_begin ] --END-- [ RunTime:0.000724s ]
ERR: 无法加载控制器:80

[ 2016-07-15T20:53:18+08:00 ] 123.249.27.193 http://60.173.26.241:61254/80
INFO: [ app_init ] --START--
INFO: Run Behavior\BuildLiteBehavior [ RunTime:0.000028s ]
INFO: [ app_init ] --END-- [ RunTime:0.000388s ]
INFO: [ app_begin ] --START--
INFO: Run Behavior\ReadHtmlCacheBehavior [ RunTime:0.000440s ]
INFO: [ app_begin ] --END-- [ RunTime:0.000578s ]
ERR: 无法加载控制器:80

[ 2016-07-15T20:58:18+08:00 ] 120.25.204.30 /manager/html
INFO: [ app_init ] --START--
INFO: Run Behavior\BuildLiteBehavior [ RunTime:0.000020s ]
INFO: [ app_init ] --END-- [ RunTime:0.000367s ]
INFO: [ app_begin ] --START--
INFO: Run Behavior\ReadHtmlCacheBehavior [ RunTime:0.000381s ]
INFO: [ app_begin ] --END-- [ RunTime:0.000427s ]
ERR: 无法加载控制器:Manager

[ 2016-07-15T21:08:35+08:00 ] 123.249.27.191 http://60.173.26.241:61254/80
INFO: [ app_init ] --START--
INFO: Run Behavior\BuildLiteBehavior [ RunTime:0.000021s ]
INFO: [ app_init ] --END-- [ RunTime:0.000345s ]
INFO: [ app_begin ] --START--
INFO: Run Behavior\ReadHtmlCacheBehavior [ RunTime:0.000454s ]
INFO: [ app_begin ] --END-- [ RunTime:0.000502s ]
ERR: 无法加载控制器:80

[ 2016-07-15T21:13:05+08:00 ] 202.115.92.68 /favicon.ico
INFO: [ app_init ] --START--
INFO: Run Behavior\BuildLiteBehavior [ RunTime:0.000021s ]
INFO: [ app_init ] --END-- [ RunTime:0.000379s ]

[ 2016-07-15T21:24:15+08:00 ] 123.249.27.193 http://60.173.26.241:61254/80
INFO: [ app_init ] --START--
INFO: Run Behavior\BuildLiteBehavior [ RunTime:0.000021s ]
INFO: [ app_init ] --END-- [ RunTime:0.000333s ]
INFO: [ app_begin ] --START--
INFO: Run Behavior\ReadHtmlCacheBehavior [ RunTime:0.000396s ]
INFO: [ app_begin ] --END-- [ RunTime:0.000443s ]
ERR: 无法加载控制器:80

[ 2016-07-15T21:38:55+08:00 ] 123.249.27.192 http://60.173.26.241:61254/80
INFO: [ app_init ] --START--
INFO: Run Behavior\BuildLiteBehavior [ RunTime:0.000017s ]
INFO: [ app_init ] --END-- [ RunTime:0.000348s ]
INFO: [ app_begin ] --START--
INFO: Run Behavior\ReadHtmlCacheBehavior [ RunTime:0.000376s ]
INFO: [ app_begin ] --END-- [ RunTime:0.000422s ]
ERR: 无法加载控制器:80

[ 2016-07-15T21:54:37+08:00 ] 123.249.27.192 http://60.173.26.241:61254/80
INFO: [ app_init ] --START--
INFO: Run Behavior\BuildLiteBehavior [ RunTime:0.000020s ]
INFO: [ app_init ] --END-- [ RunTime:0.000419s ]
INFO: [ app_begin ] --START--
INFO: Run Behavior\ReadHtmlCacheBehavior [ RunTime:0.000898s ]
INFO: [ app_begin ] --END-- [ RunTime:0.000987s ]
ERR: 无法加载控制器:80

[ 2016-07-15T22:09:18+08:00 ] 123.249.27.192 http://60.173.26.241:61254/80
INFO: [ app_init ] --START--
INFO: Run Behavior\BuildLiteBehavior [ RunTime:0.000026s ]
INFO: [ app_init ] --END-- [ RunTime:0.000400s ]
INFO: [ app_begin ] --START--
INFO: Run Behavior\ReadHtmlCacheBehavior [ RunTime:0.000490s ]
INFO: [ app_begin ] --END-- [ RunTime:0.000557s ]
ERR: 无法加载控制器:80

[ 2016-07-15T22:25:20+08:00 ] 123.249.27.193 http://60.173.26.241:61254/80
INFO: [ app_init ] --START--
INFO: Run Behavior\BuildLiteBehavior [ RunTime:0.000025s ]
INFO: [ app_init ] --END-- [ RunTime:0.000503s ]
INFO: [ app_begin ] --START--
INFO: Run Behavior\ReadHtmlCacheBehavior [ RunTime:0.000628s ]
INFO: [ app_begin ] --END-- [ RunTime:0.000702s ]
ERR: 无法加载控制器:80

[ 2016-07-15T22:35:19+08:00 ] 199.33.125.108 /
INFO: [ app_init ] --START--
INFO: Run Behavior\BuildLiteBehavior [ RunTime:0.000021s ]
INFO: [ app_init ] --END-- [ RunTime:0.000338s ]
INFO: [ app_begin ] --START--
INFO: Run Behavior\ReadHtmlCacheBehavior [ RunTime:0.000556s ]
INFO: [ app_begin ] --END-- [ RunTime:0.000608s ]
SQL: SHOW COLUMNS FROM `tuser` [ RunTime:0.0008s ]
SQL: SELECT * FROM `tuser` ORDER BY tuser_publish LIMIT 10   [ RunTime:0.0004s ]
SQL: SHOW COLUMNS FROM `tarticle` [ RunTime:0.0004s ]
SQL: SELECT * FROM `tarticle` ORDER BY tarticle_continue desc LIMIT 10   [ RunTime:0.0002s ]
INFO: [ view_parse ] --START--
INFO: [ template_filter ] --START--
INFO: Run Behavior\ContentReplaceBehavior [ RunTime:0.000147s ]
INFO: [ template_filter ] --END-- [ RunTime:0.000211s ]
INFO: Run Behavior\ParseTemplateBehavior [ RunTime:0.011060s ]
INFO: [ view_parse ] --END-- [ RunTime:0.011116s ]
INFO: [ view_filter ] --START--
INFO: Run Behavior\WriteHtmlCacheBehavior [ RunTime:0.000184s ]
INFO: [ view_filter ] --END-- [ RunTime:0.000224s ]
INFO: 
INFO: 
INFO: 

[ 2016-07-15T22:40:06+08:00 ] 123.249.27.192 http://60.173.26.241:61254/80
INFO: [ app_init ] --START--
INFO: Run Behavior\BuildLiteBehavior [ RunTime:0.000017s ]
INFO: [ app_init ] --END-- [ RunTime:0.000351s ]
INFO: [ app_begin ] --START--
INFO: Run Behavior\ReadHtmlCacheBehavior [ RunTime:0.000437s ]
INFO: [ app_begin ] --END-- [ RunTime:0.000483s ]
ERR: 无法加载控制器:80

[ 2016-07-15T22:55:55+08:00 ] 123.249.27.193 http://60.173.26.241:61254/80
INFO: [ app_init ] --START--
INFO: Run Behavior\BuildLiteBehavior [ RunTime:0.000016s ]
INFO: [ app_init ] --END-- [ RunTime:0.000336s ]
INFO: [ app_begin ] --START--
INFO: Run Behavior\ReadHtmlCacheBehavior [ RunTime:0.000397s ]
INFO: [ app_begin ] --END-- [ RunTime:0.000444s ]
ERR: 无法加载控制器:80

[ 2016-07-15T23:11:36+08:00 ] 123.249.27.191 http://60.173.26.241:61254/80
INFO: [ app_init ] --START--
INFO: Run Behavior\BuildLiteBehavior [ RunTime:0.000026s ]
INFO: [ app_init ] --END-- [ RunTime:0.000568s ]
INFO: [ app_begin ] --START--
INFO: Run Behavior\ReadHtmlCacheBehavior [ RunTime:0.000435s ]
INFO: [ app_begin ] --END-- [ RunTime:0.000483s ]
ERR: 无法加载控制器:80

[ 2016-07-15T23:27:35+08:00 ] 123.249.27.191 http://60.173.26.241:61254/80
INFO: [ app_init ] --START--
INFO: Run Behavior\BuildLiteBehavior [ RunTime:0.000020s ]
INFO: [ app_init ] --END-- [ RunTime:0.000371s ]
INFO: [ app_begin ] --START--
INFO: Run Behavior\ReadHtmlCacheBehavior [ RunTime:0.000429s ]
INFO: [ app_begin ] --END-- [ RunTime:0.000475s ]
ERR: 无法加载控制器:80

[ 2016-07-15T23:43:00+08:00 ] 123.249.27.191 http://60.173.26.241:61254/80
INFO: [ app_init ] --START--
INFO: Run Behavior\BuildLiteBehavior [ RunTime:0.000018s ]
INFO: [ app_init ] --END-- [ RunTime:0.000354s ]
INFO: [ app_begin ] --START--
INFO: Run Behavior\ReadHtmlCacheBehavior [ RunTime:0.000464s ]
INFO: [ app_begin ] --END-- [ RunTime:0.000510s ]
ERR: 无法加载控制器:80

[ 2016-07-15T23:58:11+08:00 ] 123.249.27.192 http://60.173.26.241:61254/80
INFO: [ app_init ] --START--
INFO: Run Behavior\BuildLiteBehavior [ RunTime:0.000020s ]
INFO: [ app_init ] --END-- [ RunTime:0.000386s ]
INFO: [ app_begin ] --START--
INFO: Run Behavior\ReadHtmlCacheBehavior [ RunTime:0.000397s ]
INFO: [ app_begin ] --END-- [ RunTime:0.000445s ]
ERR: 无法加载控制器:80

