[ 2016-09-12T00:18:23+08:00 ] 107.151.202.23 http://www.sbjudge3.com/azenv.php
INFO: [ app_init ] --START--
INFO: Run Behavior\BuildLiteBehavior [ RunTime:0.000014s ]
INFO: [ app_init ] --END-- [ RunTime:0.000287s ]
INFO: [ app_begin ] --START--
INFO: Run Behavior\ReadHtmlCacheBehavior [ RunTime:0.000353s ]
INFO: [ app_begin ] --END-- [ RunTime:0.000400s ]
ERR: 无法加载控制器:Azenv.php

[ 2016-09-12T00:18:24+08:00 ] 107.151.202.23 www.alipay.com:443
INFO: [ app_init ] --START--
INFO: Run Behavior\BuildLiteBehavior [ RunTime:0.000018s ]
INFO: [ app_init ] --END-- [ RunTime:0.000335s ]
INFO: [ app_begin ] --START--
INFO: Run Behavior\ReadHtmlCacheBehavior [ RunTime:0.000400s ]
INFO: [ app_begin ] --END-- [ RunTime:0.000446s ]
SQL: SHOW COLUMNS FROM `adv` [ RunTime:0.0007s ]
SQL: SHOW COLUMNS FROM `article` [ RunTime:0.0006s ]
SQL: SHOW COLUMNS FROM `user` [ RunTime:0.0007s ]
SQL: SHOW COLUMNS FROM `tuser` [ RunTime:0.0004s ]
SQL: SHOW COLUMNS FROM `tarticle` [ RunTime:0.0004s ]
SQL: SELECT COUNT(*) AS tp_count FROM `article` LIMIT 1   [ RunTime:0.0004s ]
SQL: SELECT * FROM `article` ORDER BY article_update desc LIMIT 0,9   [ RunTime:0.0004s ]
SQL: SHOW COLUMNS FROM `user` [ RunTime:0.0006s ]
SQL: SELECT `user_id`,`user_name`,`user_img` FROM `user` WHERE `user_id` = 793  [ RunTime:0.0002s ]
SQL: SELECT `user_id`,`user_name`,`user_img` FROM `user` WHERE `user_id` = 834  [ RunTime:0.0001s ]
SQL: SELECT `user_id`,`user_name`,`user_img` FROM `user` WHERE `user_id` = 804  [ RunTime:0.0002s ]
SQL: SELECT `user_id`,`user_name`,`user_img` FROM `user` WHERE `user_id` = 807  [ RunTime:0.0001s ]
SQL: SELECT `user_id`,`user_name`,`user_img` FROM `user` WHERE `user_id` = 793  [ RunTime:0.0001s ]
SQL: SELECT `user_id`,`user_name`,`user_img` FROM `user` WHERE `user_id` = 793  [ RunTime:0.0001s ]
SQL: SELECT `user_id`,`user_name`,`user_img` FROM `user` WHERE `user_id` = 811  [ RunTime:0.0001s ]
SQL: SELECT `user_id`,`user_name`,`user_img` FROM `user` WHERE `user_id` = 811  [ RunTime:0.0001s ]
SQL: SELECT `user_id`,`user_name`,`user_img` FROM `user` WHERE `user_id` = 793  [ RunTime:0.0001s ]
SQL: SELECT `user_id`,`user_name`,`user_exp`,`user_img`,`user_brief` FROM `user` ORDER BY user_exp desc LIMIT 4   [ RunTime:0.0002s ]
SQL: SELECT * FROM `tuser` ORDER BY tuser_publish desc LIMIT 10   [ RunTime:0.0001s ]
SQL: SHOW COLUMNS FROM `user` [ RunTime:0.0006s ]
SQL: SELECT * FROM `user` WHERE `user_id` = 793  [ RunTime:0.0002s ]
SQL: SELECT * FROM `user` WHERE `user_id` = 794  [ RunTime:0.0002s ]
SQL: SELECT * FROM `tarticle` ORDER BY tarticle_continue desc LIMIT 10   [ RunTime:0.0002s ]
INFO: [ view_parse ] --START--
INFO: [ template_filter ] --START--
INFO: Run Behavior\ContentReplaceBehavior [ RunTime:0.000120s ]
INFO: [ template_filter ] --END-- [ RunTime:0.000180s ]
NOTIC: [8] Undefined variable: login_info /var/www/html/daixu/Application/Runtime/Cache/Home/e47f4754f315ce581fa03e89eac20acb.php 第 32 行.
NOTIC: [8] Undefined variable: notice_news_num /var/www/html/daixu/Application/Runtime/Cache/Home/e47f4754f315ce581fa03e89eac20acb.php 第 35 行.
NOTIC: [8] Undefined variable: login_info /var/www/html/daixu/Application/Runtime/Cache/Home/e47f4754f315ce581fa03e89eac20acb.php 第 38 行.
NOTIC: [8] Undefined variable: login_info /var/www/html/daixu/Application/Runtime/Cache/Home/e47f4754f315ce581fa03e89eac20acb.php 第 38 行.
NOTIC: [8] Undefined variable: login_info /var/www/html/daixu/Application/Runtime/Cache/Home/e47f4754f315ce581fa03e89eac20acb.php 第 116 行.
NOTIC: [8] Undefined variable: login_info /var/www/html/daixu/Application/Runtime/Cache/Home/e47f4754f315ce581fa03e89eac20acb.php 第 117 行.
NOTIC: [8] Undefined variable: login_info /var/www/html/daixu/Application/Runtime/Cache/Home/e47f4754f315ce581fa03e89eac20acb.php 第 117 行.
NOTIC: [8] Undefined variable: login_info /var/www/html/daixu/Application/Runtime/Cache/Home/e47f4754f315ce581fa03e89eac20acb.php 第 119 行.
NOTIC: [8] Undefined variable: login_info /var/www/html/daixu/Application/Runtime/Cache/Home/e47f4754f315ce581fa03e89eac20acb.php 第 120 行.
NOTIC: [8] Undefined variable: login_info /var/www/html/daixu/Application/Runtime/Cache/Home/e47f4754f315ce581fa03e89eac20acb.php 第 121 行.
INFO: Run Behavior\ParseTemplateBehavior [ RunTime:0.013697s ]
INFO: [ view_parse ] --END-- [ RunTime:0.013743s ]
INFO: [ view_filter ] --START--
INFO: Run Behavior\WriteHtmlCacheBehavior [ RunTime:0.000139s ]
INFO: [ view_filter ] --END-- [ RunTime:0.000176s ]
INFO: [ app_end ] --START--
INFO: Run Behavior\ShowPageTraceBehavior [ RunTime:0.000408s ]
INFO: [ app_end ] --END-- [ RunTime:0.000453s ]

[ 2016-09-12T01:11:28+08:00 ] 125.70.247.106 /favicon.ico
INFO: [ app_init ] --START--
INFO: Run Behavior\BuildLiteBehavior [ RunTime:0.000017s ]
INFO: [ app_init ] --END-- [ RunTime:0.000294s ]

[ 2016-09-12T02:57:11+08:00 ] 80.82.78.38 http://www.baidu.com/cache/global/img/gs.gif
INFO: [ app_init ] --START--
INFO: Run Behavior\BuildLiteBehavior [ RunTime:0.000014s ]
INFO: [ app_init ] --END-- [ RunTime:0.000287s ]

[ 2016-09-12T04:37:01+08:00 ] 163.172.173.181 http://www.baidu.com/cache/global/img/gs.gif
INFO: [ app_init ] --START--
INFO: Run Behavior\BuildLiteBehavior [ RunTime:0.000026s ]
INFO: [ app_init ] --END-- [ RunTime:0.000409s ]

[ 2016-09-12T04:59:37+08:00 ] 185.49.14.190 http://testp4.pospr.waw.pl/testproxy.php
INFO: [ app_init ] --START--
INFO: Run Behavior\BuildLiteBehavior [ RunTime:0.000037s ]
INFO: [ app_init ] --END-- [ RunTime:0.000586s ]
INFO: [ app_begin ] --START--
INFO: Run Behavior\ReadHtmlCacheBehavior [ RunTime:0.000635s ]
INFO: [ app_begin ] --END-- [ RunTime:0.000698s ]
ERR: 无法加载控制器:Testproxy.php

[ 2016-09-12T08:41:37+08:00 ] 42.156.251.188 /Daixu/view_login
INFO: [ app_init ] --START--
INFO: Run Behavior\BuildLiteBehavior [ RunTime:0.000024s ]
INFO: [ app_init ] --END-- [ RunTime:0.000476s ]
INFO: [ app_begin ] --START--
INFO: Run Behavior\ReadHtmlCacheBehavior [ RunTime:0.000461s ]
INFO: [ app_begin ] --END-- [ RunTime:0.000512s ]
INFO: [ view_parse ] --START--
INFO: [ template_filter ] --START--
INFO: Run Behavior\ContentReplaceBehavior [ RunTime:0.000062s ]
INFO: [ template_filter ] --END-- [ RunTime:0.000143s ]
INFO: Run Behavior\ParseTemplateBehavior [ RunTime:0.006588s ]
INFO: [ view_parse ] --END-- [ RunTime:0.006640s ]
INFO: [ view_filter ] --START--
INFO: Run Behavior\WriteHtmlCacheBehavior [ RunTime:0.000133s ]
INFO: [ view_filter ] --END-- [ RunTime:0.000174s ]
INFO: [ app_end ] --START--
INFO: Run Behavior\ShowPageTraceBehavior [ RunTime:0.000501s ]
INFO: [ app_end ] --END-- [ RunTime:0.000561s ]

[ 2016-09-12T09:10:28+08:00 ] 107.151.202.23 http://www.proxyjudge.info/azenv.php
INFO: [ app_init ] --START--
INFO: Run Behavior\BuildLiteBehavior [ RunTime:0.000024s ]
INFO: [ app_init ] --END-- [ RunTime:0.000423s ]
INFO: [ app_begin ] --START--
INFO: Run Behavior\ReadHtmlCacheBehavior [ RunTime:0.000401s ]
INFO: [ app_begin ] --END-- [ RunTime:0.000454s ]
ERR: 无法加载控制器:Azenv.php

[ 2016-09-12T09:10:29+08:00 ] 107.151.202.23 www.baidu.com:443
INFO: [ app_init ] --START--
INFO: Run Behavior\BuildLiteBehavior [ RunTime:0.000015s ]
INFO: [ app_init ] --END-- [ RunTime:0.000281s ]
INFO: [ app_begin ] --START--
INFO: Run Behavior\ReadHtmlCacheBehavior [ RunTime:0.000371s ]
INFO: [ app_begin ] --END-- [ RunTime:0.000418s ]
SQL: SHOW COLUMNS FROM `adv` [ RunTime:0.0007s ]
SQL: SHOW COLUMNS FROM `article` [ RunTime:0.0005s ]
SQL: SHOW COLUMNS FROM `user` [ RunTime:0.0006s ]
SQL: SHOW COLUMNS FROM `tuser` [ RunTime:0.0004s ]
SQL: SHOW COLUMNS FROM `tarticle` [ RunTime:0.0005s ]
SQL: SELECT COUNT(*) AS tp_count FROM `article` LIMIT 1   [ RunTime:0.0003s ]
SQL: SELECT * FROM `article` ORDER BY article_update desc LIMIT 0,9   [ RunTime:0.0003s ]
SQL: SHOW COLUMNS FROM `user` [ RunTime:0.0007s ]
SQL: SELECT `user_id`,`user_name`,`user_img` FROM `user` WHERE `user_id` = 793  [ RunTime:0.0002s ]
SQL: SELECT `user_id`,`user_name`,`user_img` FROM `user` WHERE `user_id` = 834  [ RunTime:0.0001s ]
SQL: SELECT `user_id`,`user_name`,`user_img` FROM `user` WHERE `user_id` = 804  [ RunTime:0.0002s ]
SQL: SELECT `user_id`,`user_name`,`user_img` FROM `user` WHERE `user_id` = 807  [ RunTime:0.0001s ]
SQL: SELECT `user_id`,`user_name`,`user_img` FROM `user` WHERE `user_id` = 793  [ RunTime:0.0002s ]
SQL: SELECT `user_id`,`user_name`,`user_img` FROM `user` WHERE `user_id` = 793  [ RunTime:0.0001s ]
SQL: SELECT `user_id`,`user_name`,`user_img` FROM `user` WHERE `user_id` = 811  [ RunTime:0.0001s ]
SQL: SELECT `user_id`,`user_name`,`user_img` FROM `user` WHERE `user_id` = 811  [ RunTime:0.0002s ]
SQL: SELECT `user_id`,`user_name`,`user_img` FROM `user` WHERE `user_id` = 793  [ RunTime:0.0001s ]
SQL: SELECT `user_id`,`user_name`,`user_exp`,`user_img`,`user_brief` FROM `user` ORDER BY user_exp desc LIMIT 4   [ RunTime:0.0002s ]
SQL: SELECT * FROM `tuser` ORDER BY tuser_publish desc LIMIT 10   [ RunTime:0.0002s ]
SQL: SHOW COLUMNS FROM `user` [ RunTime:0.0007s ]
SQL: SELECT * FROM `user` WHERE `user_id` = 793  [ RunTime:0.0002s ]
SQL: SELECT * FROM `user` WHERE `user_id` = 794  [ RunTime:0.0002s ]
SQL: SELECT * FROM `tarticle` ORDER BY tarticle_continue desc LIMIT 10   [ RunTime:0.0002s ]
INFO: [ view_parse ] --START--
INFO: [ template_filter ] --START--
INFO: Run Behavior\ContentReplaceBehavior [ RunTime:0.000125s ]
INFO: [ template_filter ] --END-- [ RunTime:0.000184s ]
NOTIC: [8] Undefined variable: login_info /var/www/html/daixu/Application/Runtime/Cache/Home/e47f4754f315ce581fa03e89eac20acb.php 第 32 行.
NOTIC: [8] Undefined variable: notice_news_num /var/www/html/daixu/Application/Runtime/Cache/Home/e47f4754f315ce581fa03e89eac20acb.php 第 35 行.
NOTIC: [8] Undefined variable: login_info /var/www/html/daixu/Application/Runtime/Cache/Home/e47f4754f315ce581fa03e89eac20acb.php 第 38 行.
NOTIC: [8] Undefined variable: login_info /var/www/html/daixu/Application/Runtime/Cache/Home/e47f4754f315ce581fa03e89eac20acb.php 第 38 行.
NOTIC: [8] Undefined variable: login_info /var/www/html/daixu/Application/Runtime/Cache/Home/e47f4754f315ce581fa03e89eac20acb.php 第 116 行.
NOTIC: [8] Undefined variable: login_info /var/www/html/daixu/Application/Runtime/Cache/Home/e47f4754f315ce581fa03e89eac20acb.php 第 117 行.
NOTIC: [8] Undefined variable: login_info /var/www/html/daixu/Application/Runtime/Cache/Home/e47f4754f315ce581fa03e89eac20acb.php 第 117 行.
NOTIC: [8] Undefined variable: login_info /var/www/html/daixu/Application/Runtime/Cache/Home/e47f4754f315ce581fa03e89eac20acb.php 第 119 行.
NOTIC: [8] Undefined variable: login_info /var/www/html/daixu/Application/Runtime/Cache/Home/e47f4754f315ce581fa03e89eac20acb.php 第 120 行.
NOTIC: [8] Undefined variable: login_info /var/www/html/daixu/Application/Runtime/Cache/Home/e47f4754f315ce581fa03e89eac20acb.php 第 121 行.
INFO: Run Behavior\ParseTemplateBehavior [ RunTime:0.013918s ]
INFO: [ view_parse ] --END-- [ RunTime:0.013971s ]
INFO: [ view_filter ] --START--
INFO: Run Behavior\WriteHtmlCacheBehavior [ RunTime:0.000134s ]
INFO: [ view_filter ] --END-- [ RunTime:0.000172s ]
INFO: [ app_end ] --START--
INFO: Run Behavior\ShowPageTraceBehavior [ RunTime:0.000474s ]
INFO: [ app_end ] --END-- [ RunTime:0.000522s ]

[ 2016-09-12T10:10:32+08:00 ] 59.122.126.26 163mx02.mxmail.netease.com:25
INFO: [ app_init ] --START--
INFO: Run Behavior\BuildLiteBehavior [ RunTime:0.000018s ]
INFO: [ app_init ] --END-- [ RunTime:0.000320s ]
INFO: [ app_begin ] --START--
INFO: Run Behavior\ReadHtmlCacheBehavior [ RunTime:0.000377s ]
INFO: [ app_begin ] --END-- [ RunTime:0.000429s ]
SQL: SHOW COLUMNS FROM `adv` [ RunTime:0.0006s ]
SQL: SHOW COLUMNS FROM `article` [ RunTime:0.0005s ]
SQL: SHOW COLUMNS FROM `user` [ RunTime:0.0006s ]
SQL: SHOW COLUMNS FROM `tuser` [ RunTime:0.0004s ]
SQL: SHOW COLUMNS FROM `tarticle` [ RunTime:0.0004s ]
SQL: SELECT COUNT(*) AS tp_count FROM `article` LIMIT 1   [ RunTime:0.0003s ]
SQL: SELECT * FROM `article` ORDER BY article_update desc LIMIT 0,9   [ RunTime:0.0003s ]
SQL: SHOW COLUMNS FROM `user` [ RunTime:0.0006s ]
SQL: SELECT `user_id`,`user_name`,`user_img` FROM `user` WHERE `user_id` = 793  [ RunTime:0.0002s ]
SQL: SELECT `user_id`,`user_name`,`user_img` FROM `user` WHERE `user_id` = 834  [ RunTime:0.0002s ]
SQL: SELECT `user_id`,`user_name`,`user_img` FROM `user` WHERE `user_id` = 804  [ RunTime:0.0001s ]
SQL: SELECT `user_id`,`user_name`,`user_img` FROM `user` WHERE `user_id` = 807  [ RunTime:0.0002s ]
SQL: SELECT `user_id`,`user_name`,`user_img` FROM `user` WHERE `user_id` = 793  [ RunTime:0.0001s ]
SQL: SELECT `user_id`,`user_name`,`user_img` FROM `user` WHERE `user_id` = 793  [ RunTime:0.0001s ]
SQL: SELECT `user_id`,`user_name`,`user_img` FROM `user` WHERE `user_id` = 811  [ RunTime:0.0001s ]
SQL: SELECT `user_id`,`user_name`,`user_img` FROM `user` WHERE `user_id` = 811  [ RunTime:0.0001s ]
SQL: SELECT `user_id`,`user_name`,`user_img` FROM `user` WHERE `user_id` = 793  [ RunTime:0.0001s ]
SQL: SELECT `user_id`,`user_name`,`user_exp`,`user_img`,`user_brief` FROM `user` ORDER BY user_exp desc LIMIT 4   [ RunTime:0.0002s ]
SQL: SELECT * FROM `tuser` ORDER BY tuser_publish desc LIMIT 10   [ RunTime:0.0001s ]
SQL: SHOW COLUMNS FROM `user` [ RunTime:0.0007s ]
SQL: SELECT * FROM `user` WHERE `user_id` = 793  [ RunTime:0.0003s ]
SQL: SELECT * FROM `user` WHERE `user_id` = 794  [ RunTime:0.0003s ]
SQL: SELECT * FROM `tarticle` ORDER BY tarticle_continue desc LIMIT 10   [ RunTime:0.0002s ]
INFO: [ view_parse ] --START--
INFO: [ template_filter ] --START--
INFO: Run Behavior\ContentReplaceBehavior [ RunTime:0.000134s ]
INFO: [ template_filter ] --END-- [ RunTime:0.000206s ]
NOTIC: [8] Undefined variable: login_info /var/www/html/daixu/Application/Runtime/Cache/Home/e47f4754f315ce581fa03e89eac20acb.php 第 32 行.
NOTIC: [8] Undefined variable: notice_news_num /var/www/html/daixu/Application/Runtime/Cache/Home/e47f4754f315ce581fa03e89eac20acb.php 第 35 行.
NOTIC: [8] Undefined variable: login_info /var/www/html/daixu/Application/Runtime/Cache/Home/e47f4754f315ce581fa03e89eac20acb.php 第 38 行.
NOTIC: [8] Undefined variable: login_info /var/www/html/daixu/Application/Runtime/Cache/Home/e47f4754f315ce581fa03e89eac20acb.php 第 38 行.
NOTIC: [8] Undefined variable: login_info /var/www/html/daixu/Application/Runtime/Cache/Home/e47f4754f315ce581fa03e89eac20acb.php 第 116 行.
NOTIC: [8] Undefined variable: login_info /var/www/html/daixu/Application/Runtime/Cache/Home/e47f4754f315ce581fa03e89eac20acb.php 第 117 行.
NOTIC: [8] Undefined variable: login_info /var/www/html/daixu/Application/Runtime/Cache/Home/e47f4754f315ce581fa03e89eac20acb.php 第 117 行.
NOTIC: [8] Undefined variable: login_info /var/www/html/daixu/Application/Runtime/Cache/Home/e47f4754f315ce581fa03e89eac20acb.php 第 119 行.
NOTIC: [8] Undefined variable: login_info /var/www/html/daixu/Application/Runtime/Cache/Home/e47f4754f315ce581fa03e89eac20acb.php 第 120 行.
NOTIC: [8] Undefined variable: login_info /var/www/html/daixu/Application/Runtime/Cache/Home/e47f4754f315ce581fa03e89eac20acb.php 第 121 行.
INFO: Run Behavior\ParseTemplateBehavior [ RunTime:0.020045s ]
INFO: [ view_parse ] --END-- [ RunTime:0.020098s ]
INFO: [ view_filter ] --START--
INFO: Run Behavior\WriteHtmlCacheBehavior [ RunTime:0.000147s ]
INFO: [ view_filter ] --END-- [ RunTime:0.000186s ]
INFO: [ app_end ] --START--
INFO: Run Behavior\ShowPageTraceBehavior [ RunTime:0.000507s ]
INFO: [ app_end ] --END-- [ RunTime:0.000555s ]

[ 2016-09-12T10:15:34+08:00 ] 80.82.70.24 http://httpheader.net/
INFO: [ app_init ] --START--
INFO: Run Behavior\BuildLiteBehavior [ RunTime:0.000026s ]
INFO: [ app_init ] --END-- [ RunTime:0.000420s ]
INFO: [ app_begin ] --START--
INFO: Run Behavior\ReadHtmlCacheBehavior [ RunTime:0.000467s ]
INFO: [ app_begin ] --END-- [ RunTime:0.000523s ]
SQL: SHOW COLUMNS FROM `adv` [ RunTime:0.0007s ]
SQL: SHOW COLUMNS FROM `article` [ RunTime:0.0005s ]
SQL: SHOW COLUMNS FROM `user` [ RunTime:0.0007s ]
SQL: SHOW COLUMNS FROM `tuser` [ RunTime:0.0004s ]
SQL: SHOW COLUMNS FROM `tarticle` [ RunTime:0.0004s ]
SQL: SELECT COUNT(*) AS tp_count FROM `article` LIMIT 1   [ RunTime:0.0003s ]
SQL: SELECT * FROM `article` ORDER BY article_update desc LIMIT 0,9   [ RunTime:0.0004s ]
SQL: SHOW COLUMNS FROM `user` [ RunTime:0.0006s ]
SQL: SELECT `user_id`,`user_name`,`user_img` FROM `user` WHERE `user_id` = 793  [ RunTime:0.0002s ]
SQL: SELECT `user_id`,`user_name`,`user_img` FROM `user` WHERE `user_id` = 834  [ RunTime:0.0002s ]
SQL: SELECT `user_id`,`user_name`,`user_img` FROM `user` WHERE `user_id` = 804  [ RunTime:0.0002s ]
SQL: SELECT `user_id`,`user_name`,`user_img` FROM `user` WHERE `user_id` = 807  [ RunTime:0.0002s ]
SQL: SELECT `user_id`,`user_name`,`user_img` FROM `user` WHERE `user_id` = 793  [ RunTime:0.0001s ]
SQL: SELECT `user_id`,`user_name`,`user_img` FROM `user` WHERE `user_id` = 793  [ RunTime:0.0001s ]
SQL: SELECT `user_id`,`user_name`,`user_img` FROM `user` WHERE `user_id` = 811  [ RunTime:0.0001s ]
SQL: SELECT `user_id`,`user_name`,`user_img` FROM `user` WHERE `user_id` = 811  [ RunTime:0.0001s ]
SQL: SELECT `user_id`,`user_name`,`user_img` FROM `user` WHERE `user_id` = 793  [ RunTime:0.0001s ]
SQL: SELECT `user_id`,`user_name`,`user_exp`,`user_img`,`user_brief` FROM `user` ORDER BY user_exp desc LIMIT 4   [ RunTime:0.0002s ]
SQL: SELECT * FROM `tuser` ORDER BY tuser_publish desc LIMIT 10   [ RunTime:0.0002s ]
SQL: SHOW COLUMNS FROM `user` [ RunTime:0.0006s ]
SQL: SELECT * FROM `user` WHERE `user_id` = 793  [ RunTime:0.0002s ]
SQL: SELECT * FROM `user` WHERE `user_id` = 794  [ RunTime:0.0002s ]
SQL: SELECT * FROM `tarticle` ORDER BY tarticle_continue desc LIMIT 10   [ RunTime:0.0002s ]
INFO: [ view_parse ] --START--
INFO: [ template_filter ] --START--
INFO: Run Behavior\ContentReplaceBehavior [ RunTime:0.000127s ]
INFO: [ template_filter ] --END-- [ RunTime:0.000197s ]
NOTIC: [8] Undefined variable: login_info /var/www/html/daixu/Application/Runtime/Cache/Home/e47f4754f315ce581fa03e89eac20acb.php 第 32 行.
NOTIC: [8] Undefined variable: notice_news_num /var/www/html/daixu/Application/Runtime/Cache/Home/e47f4754f315ce581fa03e89eac20acb.php 第 35 行.
NOTIC: [8] Undefined variable: login_info /var/www/html/daixu/Application/Runtime/Cache/Home/e47f4754f315ce581fa03e89eac20acb.php 第 38 行.
NOTIC: [8] Undefined variable: login_info /var/www/html/daixu/Application/Runtime/Cache/Home/e47f4754f315ce581fa03e89eac20acb.php 第 38 行.
NOTIC: [8] Undefined variable: login_info /var/www/html/daixu/Application/Runtime/Cache/Home/e47f4754f315ce581fa03e89eac20acb.php 第 116 行.
NOTIC: [8] Undefined variable: login_info /var/www/html/daixu/Application/Runtime/Cache/Home/e47f4754f315ce581fa03e89eac20acb.php 第 117 行.
NOTIC: [8] Undefined variable: login_info /var/www/html/daixu/Application/Runtime/Cache/Home/e47f4754f315ce581fa03e89eac20acb.php 第 117 行.
NOTIC: [8] Undefined variable: login_info /var/www/html/daixu/Application/Runtime/Cache/Home/e47f4754f315ce581fa03e89eac20acb.php 第 119 行.
NOTIC: [8] Undefined variable: login_info /var/www/html/daixu/Application/Runtime/Cache/Home/e47f4754f315ce581fa03e89eac20acb.php 第 120 行.
NOTIC: [8] Undefined variable: login_info /var/www/html/daixu/Application/Runtime/Cache/Home/e47f4754f315ce581fa03e89eac20acb.php 第 121 行.
INFO: Run Behavior\ParseTemplateBehavior [ RunTime:0.013980s ]
INFO: [ view_parse ] --END-- [ RunTime:0.014032s ]
INFO: [ view_filter ] --START--
INFO: Run Behavior\WriteHtmlCacheBehavior [ RunTime:0.000194s ]
INFO: [ view_filter ] --END-- [ RunTime:0.000233s ]
INFO: [ app_end ] --START--
INFO: Run Behavior\ShowPageTraceBehavior [ RunTime:0.000433s ]
INFO: [ app_end ] --END-- [ RunTime:0.000479s ]

[ 2016-09-12T10:16:00+08:00 ] 80.82.70.24 http://httpheader.net/
INFO: [ app_init ] --START--
INFO: Run Behavior\BuildLiteBehavior [ RunTime:0.000024s ]
INFO: [ app_init ] --END-- [ RunTime:0.000377s ]
INFO: [ app_begin ] --START--
INFO: Run Behavior\ReadHtmlCacheBehavior [ RunTime:0.000442s ]
INFO: [ app_begin ] --END-- [ RunTime:0.000492s ]
SQL: SHOW COLUMNS FROM `adv` [ RunTime:0.0006s ]
SQL: SHOW COLUMNS FROM `article` [ RunTime:0.0006s ]
SQL: SHOW COLUMNS FROM `user` [ RunTime:0.0006s ]
SQL: SHOW COLUMNS FROM `tuser` [ RunTime:0.0006s ]
SQL: SHOW COLUMNS FROM `tarticle` [ RunTime:0.0004s ]
SQL: SELECT COUNT(*) AS tp_count FROM `article` LIMIT 1   [ RunTime:0.0004s ]
SQL: SELECT * FROM `article` ORDER BY article_update desc LIMIT 0,9   [ RunTime:0.0003s ]
SQL: SHOW COLUMNS FROM `user` [ RunTime:0.0006s ]
SQL: SELECT `user_id`,`user_name`,`user_img` FROM `user` WHERE `user_id` = 793  [ RunTime:0.0002s ]
SQL: SELECT `user_id`,`user_name`,`user_img` FROM `user` WHERE `user_id` = 834  [ RunTime:0.0002s ]
SQL: SELECT `user_id`,`user_name`,`user_img` FROM `user` WHERE `user_id` = 804  [ RunTime:0.0002s ]
SQL: SELECT `user_id`,`user_name`,`user_img` FROM `user` WHERE `user_id` = 807  [ RunTime:0.0001s ]
SQL: SELECT `user_id`,`user_name`,`user_img` FROM `user` WHERE `user_id` = 793  [ RunTime:0.0001s ]
SQL: SELECT `user_id`,`user_name`,`user_img` FROM `user` WHERE `user_id` = 793  [ RunTime:0.0001s ]
SQL: SELECT `user_id`,`user_name`,`user_img` FROM `user` WHERE `user_id` = 811  [ RunTime:0.0001s ]
SQL: SELECT `user_id`,`user_name`,`user_img` FROM `user` WHERE `user_id` = 811  [ RunTime:0.0001s ]
SQL: SELECT `user_id`,`user_name`,`user_img` FROM `user` WHERE `user_id` = 793  [ RunTime:0.0001s ]
INFO: [ view_parse ] --START--
INFO: [ template_filter ] --START--
INFO: Run Behavior\ContentReplaceBehavior [ RunTime:0.000122s ]
INFO: [ template_filter ] --END-- [ RunTime:0.000194s ]
NOTIC: [8] Undefined variable: login_info /var/www/html/daixu/Application/Runtime/Cache/Home/e47f4754f315ce581fa03e89eac20acb.php 第 32 行.
NOTIC: [8] Undefined variable: notice_news_num /var/www/html/daixu/Application/Runtime/Cache/Home/e47f4754f315ce581fa03e89eac20acb.php 第 35 行.
NOTIC: [8] Undefined variable: login_info /var/www/html/daixu/Application/Runtime/Cache/Home/e47f4754f315ce581fa03e89eac20acb.php 第 38 行.
NOTIC: [8] Undefined variable: login_info /var/www/html/daixu/Application/Runtime/Cache/Home/e47f4754f315ce581fa03e89eac20acb.php 第 38 行.
NOTIC: [8] Undefined variable: login_info /var/www/html/daixu/Application/Runtime/Cache/Home/e47f4754f315ce581fa03e89eac20acb.php 第 116 行.
NOTIC: [8] Undefined variable: login_info /var/www/html/daixu/Application/Runtime/Cache/Home/e47f4754f315ce581fa03e89eac20acb.php 第 117 行.
NOTIC: [8] Undefined variable: login_info /var/www/html/daixu/Application/Runtime/Cache/Home/e47f4754f315ce581fa03e89eac20acb.php 第 117 行.
NOTIC: [8] Undefined variable: login_info /var/www/html/daixu/Application/Runtime/Cache/Home/e47f4754f315ce581fa03e89eac20acb.php 第 119 行.
NOTIC: [8] Undefined variable: login_info /var/www/html/daixu/Application/Runtime/Cache/Home/e47f4754f315ce581fa03e89eac20acb.php 第 120 行.
NOTIC: [8] Undefined variable: login_info /var/www/html/daixu/Application/Runtime/Cache/Home/e47f4754f315ce581fa03e89eac20acb.php 第 121 行.
INFO: Run Behavior\ParseTemplateBehavior [ RunTime:0.015148s ]
INFO: [ view_parse ] --END-- [ RunTime:0.015202s ]
INFO: [ view_filter ] --START--
INFO: Run Behavior\WriteHtmlCacheBehavior [ RunTime:0.000200s ]
INFO: [ view_filter ] --END-- [ RunTime:0.000240s ]
INFO: [ app_end ] --START--
INFO: Run Behavior\ShowPageTraceBehavior [ RunTime:0.000475s ]
INFO: [ app_end ] --END-- [ RunTime:0.000522s ]

[ 2016-09-12T11:08:59+08:00 ] 107.151.202.23 http://www.sbjudge1.com/azenv.php
INFO: [ app_init ] --START--
INFO: Run Behavior\BuildLiteBehavior [ RunTime:0.000015s ]
INFO: [ app_init ] --END-- [ RunTime:0.000284s ]
INFO: [ app_begin ] --START--
INFO: Run Behavior\ReadHtmlCacheBehavior [ RunTime:0.000349s ]
INFO: [ app_begin ] --END-- [ RunTime:0.000395s ]
ERR: 无法加载控制器:Azenv.php

[ 2016-09-12T11:09:01+08:00 ] 107.151.202.23 www.baidu.com:443
INFO: [ app_init ] --START--
INFO: Run Behavior\BuildLiteBehavior [ RunTime:0.000017s ]
INFO: [ app_init ] --END-- [ RunTime:0.000362s ]
INFO: [ app_begin ] --START--
INFO: Run Behavior\ReadHtmlCacheBehavior [ RunTime:0.000354s ]
INFO: [ app_begin ] --END-- [ RunTime:0.000401s ]
SQL: SHOW COLUMNS FROM `adv` [ RunTime:0.0009s ]
SQL: SHOW COLUMNS FROM `article` [ RunTime:0.0005s ]
SQL: SHOW COLUMNS FROM `user` [ RunTime:0.0006s ]
SQL: SHOW COLUMNS FROM `tuser` [ RunTime:0.0005s ]
SQL: SHOW COLUMNS FROM `tarticle` [ RunTime:0.0004s ]
SQL: SELECT COUNT(*) AS tp_count FROM `article` LIMIT 1   [ RunTime:0.0003s ]
SQL: SELECT * FROM `article` ORDER BY article_update desc LIMIT 0,9   [ RunTime:0.0004s ]
SQL: SHOW COLUMNS FROM `user` [ RunTime:0.0007s ]
SQL: SELECT `user_id`,`user_name`,`user_img` FROM `user` WHERE `user_id` = 793  [ RunTime:0.0002s ]
SQL: SELECT `user_id`,`user_name`,`user_img` FROM `user` WHERE `user_id` = 834  [ RunTime:0.0001s ]
SQL: SELECT `user_id`,`user_name`,`user_img` FROM `user` WHERE `user_id` = 804  [ RunTime:0.0002s ]
SQL: SELECT `user_id`,`user_name`,`user_img` FROM `user` WHERE `user_id` = 807  [ RunTime:0.0001s ]
SQL: SELECT `user_id`,`user_name`,`user_img` FROM `user` WHERE `user_id` = 793  [ RunTime:0.0001s ]
SQL: SELECT `user_id`,`user_name`,`user_img` FROM `user` WHERE `user_id` = 793  [ RunTime:0.0001s ]
SQL: SELECT `user_id`,`user_name`,`user_img` FROM `user` WHERE `user_id` = 811  [ RunTime:0.0001s ]
SQL: SELECT `user_id`,`user_name`,`user_img` FROM `user` WHERE `user_id` = 811  [ RunTime:0.0001s ]
SQL: SELECT `user_id`,`user_name`,`user_img` FROM `user` WHERE `user_id` = 793  [ RunTime:0.0001s ]
SQL: SELECT `user_id`,`user_name`,`user_exp`,`user_img`,`user_brief` FROM `user` ORDER BY user_exp desc LIMIT 4   [ RunTime:0.0002s ]
SQL: SELECT * FROM `tuser` ORDER BY tuser_publish desc LIMIT 10   [ RunTime:0.0002s ]
SQL: SHOW COLUMNS FROM `user` [ RunTime:0.0007s ]
SQL: SELECT * FROM `user` WHERE `user_id` = 793  [ RunTime:0.0002s ]
SQL: SELECT * FROM `user` WHERE `user_id` = 794  [ RunTime:0.0002s ]
SQL: SELECT * FROM `tarticle` ORDER BY tarticle_continue desc LIMIT 10   [ RunTime:0.0002s ]
INFO: [ view_parse ] --START--
INFO: [ template_filter ] --START--
INFO: Run Behavior\ContentReplaceBehavior [ RunTime:0.000122s ]
INFO: [ template_filter ] --END-- [ RunTime:0.000192s ]
NOTIC: [8] Undefined variable: login_info /var/www/html/daixu/Application/Runtime/Cache/Home/e47f4754f315ce581fa03e89eac20acb.php 第 32 行.
NOTIC: [8] Undefined variable: notice_news_num /var/www/html/daixu/Application/Runtime/Cache/Home/e47f4754f315ce581fa03e89eac20acb.php 第 35 行.
NOTIC: [8] Undefined variable: login_info /var/www/html/daixu/Application/Runtime/Cache/Home/e47f4754f315ce581fa03e89eac20acb.php 第 38 行.
NOTIC: [8] Undefined variable: login_info /var/www/html/daixu/Application/Runtime/Cache/Home/e47f4754f315ce581fa03e89eac20acb.php 第 38 行.
NOTIC: [8] Undefined variable: login_info /var/www/html/daixu/Application/Runtime/Cache/Home/e47f4754f315ce581fa03e89eac20acb.php 第 116 行.
NOTIC: [8] Undefined variable: login_info /var/www/html/daixu/Application/Runtime/Cache/Home/e47f4754f315ce581fa03e89eac20acb.php 第 117 行.
NOTIC: [8] Undefined variable: login_info /var/www/html/daixu/Application/Runtime/Cache/Home/e47f4754f315ce581fa03e89eac20acb.php 第 117 行.
NOTIC: [8] Undefined variable: login_info /var/www/html/daixu/Application/Runtime/Cache/Home/e47f4754f315ce581fa03e89eac20acb.php 第 119 行.
NOTIC: [8] Undefined variable: login_info /var/www/html/daixu/Application/Runtime/Cache/Home/e47f4754f315ce581fa03e89eac20acb.php 第 120 行.
NOTIC: [8] Undefined variable: login_info /var/www/html/daixu/Application/Runtime/Cache/Home/e47f4754f315ce581fa03e89eac20acb.php 第 121 行.
INFO: Run Behavior\ParseTemplateBehavior [ RunTime:0.013633s ]
INFO: [ view_parse ] --END-- [ RunTime:0.013686s ]
INFO: [ view_filter ] --START--
INFO: Run Behavior\WriteHtmlCacheBehavior [ RunTime:0.000143s ]
INFO: [ view_filter ] --END-- [ RunTime:0.000181s ]
INFO: [ app_end ] --START--
INFO: Run Behavior\ShowPageTraceBehavior [ RunTime:0.000487s ]
INFO: [ app_end ] --END-- [ RunTime:0.000534s ]

[ 2016-09-12T11:11:16+08:00 ] 107.151.202.23 http://domkrim.com/av.php
INFO: [ app_init ] --START--
INFO: Run Behavior\BuildLiteBehavior [ RunTime:0.000033s ]
INFO: [ app_init ] --END-- [ RunTime:0.000474s ]
INFO: [ app_begin ] --START--
INFO: Run Behavior\ReadHtmlCacheBehavior [ RunTime:0.000463s ]
INFO: [ app_begin ] --END-- [ RunTime:0.000515s ]
ERR: 无法加载控制器:Av.php

[ 2016-09-12T11:11:21+08:00 ] 107.151.202.23 www.baidu.com:443
INFO: [ app_init ] --START--
INFO: Run Behavior\BuildLiteBehavior [ RunTime:0.000015s ]
INFO: [ app_init ] --END-- [ RunTime:0.000281s ]
INFO: [ app_begin ] --START--
INFO: Run Behavior\ReadHtmlCacheBehavior [ RunTime:0.000493s ]
INFO: [ app_begin ] --END-- [ RunTime:0.000543s ]
SQL: SHOW COLUMNS FROM `adv` [ RunTime:0.0006s ]
SQL: SHOW COLUMNS FROM `article` [ RunTime:0.0006s ]
SQL: SHOW COLUMNS FROM `user` [ RunTime:0.0006s ]
SQL: SHOW COLUMNS FROM `tuser` [ RunTime:0.0004s ]
SQL: SHOW COLUMNS FROM `tarticle` [ RunTime:0.0004s ]
SQL: SELECT COUNT(*) AS tp_count FROM `article` LIMIT 1   [ RunTime:0.0003s ]
SQL: SELECT * FROM `article` ORDER BY article_update desc LIMIT 0,9   [ RunTime:0.0004s ]
SQL: SHOW COLUMNS FROM `user` [ RunTime:0.0007s ]
SQL: SELECT `user_id`,`user_name`,`user_img` FROM `user` WHERE `user_id` = 793  [ RunTime:0.0002s ]
SQL: SELECT `user_id`,`user_name`,`user_img` FROM `user` WHERE `user_id` = 834  [ RunTime:0.0002s ]
SQL: SELECT `user_id`,`user_name`,`user_img` FROM `user` WHERE `user_id` = 804  [ RunTime:0.0001s ]
SQL: SELECT `user_id`,`user_name`,`user_img` FROM `user` WHERE `user_id` = 807  [ RunTime:0.0001s ]
SQL: SELECT `user_id`,`user_name`,`user_img` FROM `user` WHERE `user_id` = 793  [ RunTime:0.0001s ]
SQL: SELECT `user_id`,`user_name`,`user_img` FROM `user` WHERE `user_id` = 793  [ RunTime:0.0001s ]
SQL: SELECT `user_id`,`user_name`,`user_img` FROM `user` WHERE `user_id` = 811  [ RunTime:0.0001s ]
SQL: SELECT `user_id`,`user_name`,`user_img` FROM `user` WHERE `user_id` = 811  [ RunTime:0.0001s ]
SQL: SELECT `user_id`,`user_name`,`user_img` FROM `user` WHERE `user_id` = 793  [ RunTime:0.0002s ]
SQL: SELECT `user_id`,`user_name`,`user_exp`,`user_img`,`user_brief` FROM `user` ORDER BY user_exp desc LIMIT 4   [ RunTime:0.0003s ]
SQL: SELECT * FROM `tuser` ORDER BY tuser_publish desc LIMIT 10   [ RunTime:0.0001s ]
SQL: SHOW COLUMNS FROM `user` [ RunTime:0.0006s ]
SQL: SELECT * FROM `user` WHERE `user_id` = 793  [ RunTime:0.0002s ]
SQL: SELECT * FROM `user` WHERE `user_id` = 794  [ RunTime:0.0002s ]
SQL: SELECT * FROM `tarticle` ORDER BY tarticle_continue desc LIMIT 10   [ RunTime:0.0002s ]
INFO: [ view_parse ] --START--
INFO: [ template_filter ] --START--
INFO: Run Behavior\ContentReplaceBehavior [ RunTime:0.000132s ]
INFO: [ template_filter ] --END-- [ RunTime:0.000194s ]
NOTIC: [8] Undefined variable: login_info /var/www/html/daixu/Application/Runtime/Cache/Home/e47f4754f315ce581fa03e89eac20acb.php 第 32 行.
NOTIC: [8] Undefined variable: notice_news_num /var/www/html/daixu/Application/Runtime/Cache/Home/e47f4754f315ce581fa03e89eac20acb.php 第 35 行.
NOTIC: [8] Undefined variable: login_info /var/www/html/daixu/Application/Runtime/Cache/Home/e47f4754f315ce581fa03e89eac20acb.php 第 38 行.
NOTIC: [8] Undefined variable: login_info /var/www/html/daixu/Application/Runtime/Cache/Home/e47f4754f315ce581fa03e89eac20acb.php 第 38 行.
NOTIC: [8] Undefined variable: login_info /var/www/html/daixu/Application/Runtime/Cache/Home/e47f4754f315ce581fa03e89eac20acb.php 第 116 行.
NOTIC: [8] Undefined variable: login_info /var/www/html/daixu/Application/Runtime/Cache/Home/e47f4754f315ce581fa03e89eac20acb.php 第 117 行.
NOTIC: [8] Undefined variable: login_info /var/www/html/daixu/Application/Runtime/Cache/Home/e47f4754f315ce581fa03e89eac20acb.php 第 117 行.
NOTIC: [8] Undefined variable: login_info /var/www/html/daixu/Application/Runtime/Cache/Home/e47f4754f315ce581fa03e89eac20acb.php 第 119 行.
NOTIC: [8] Undefined variable: login_info /var/www/html/daixu/Application/Runtime/Cache/Home/e47f4754f315ce581fa03e89eac20acb.php 第 120 行.
NOTIC: [8] Undefined variable: login_info /var/www/html/daixu/Application/Runtime/Cache/Home/e47f4754f315ce581fa03e89eac20acb.php 第 121 行.
INFO: Run Behavior\ParseTemplateBehavior [ RunTime:0.013034s ]
INFO: [ view_parse ] --END-- [ RunTime:0.013081s ]
INFO: [ view_filter ] --START--
INFO: Run Behavior\WriteHtmlCacheBehavior [ RunTime:0.000132s ]
INFO: [ view_filter ] --END-- [ RunTime:0.000169s ]
INFO: [ app_end ] --START--
INFO: Run Behavior\ShowPageTraceBehavior [ RunTime:0.000416s ]
INFO: [ app_end ] --END-- [ RunTime:0.000468s ]

[ 2016-09-12T13:39:51+08:00 ] 202.115.92.68 /favicon.ico
INFO: [ app_init ] --START--
INFO: Run Behavior\BuildLiteBehavior [ RunTime:0.000022s ]
INFO: [ app_init ] --END-- [ RunTime:0.000360s ]

[ 2016-09-12T14:04:59+08:00 ] 91.196.50.33 http://testp1.piwo.pila.pl/testproxy.php
INFO: [ app_init ] --START--
INFO: Run Behavior\BuildLiteBehavior [ RunTime:0.000020s ]
INFO: [ app_init ] --END-- [ RunTime:0.000487s ]
INFO: [ app_begin ] --START--
INFO: Run Behavior\ReadHtmlCacheBehavior [ RunTime:0.000484s ]
INFO: [ app_begin ] --END-- [ RunTime:0.000535s ]
ERR: 无法加载控制器:Testproxy.php

[ 2016-09-12T15:31:30+08:00 ] 107.151.202.23 http://www.sbjudge2.com/azenv.php
INFO: [ app_init ] --START--
INFO: Run Behavior\BuildLiteBehavior [ RunTime:0.000015s ]
INFO: [ app_init ] --END-- [ RunTime:0.000303s ]
INFO: [ app_begin ] --START--
INFO: Run Behavior\ReadHtmlCacheBehavior [ RunTime:0.000421s ]
INFO: [ app_begin ] --END-- [ RunTime:0.000467s ]
ERR: 无法加载控制器:Azenv.php

[ 2016-09-12T15:31:33+08:00 ] 107.151.202.23 www.baidu.com:443
INFO: [ app_init ] --START--
INFO: Run Behavior\BuildLiteBehavior [ RunTime:0.000024s ]
INFO: [ app_init ] --END-- [ RunTime:0.000425s ]
INFO: [ app_begin ] --START--
INFO: Run Behavior\ReadHtmlCacheBehavior [ RunTime:0.000412s ]
INFO: [ app_begin ] --END-- [ RunTime:0.000461s ]
SQL: SHOW COLUMNS FROM `adv` [ RunTime:0.0007s ]
SQL: SHOW COLUMNS FROM `article` [ RunTime:0.0005s ]
SQL: SHOW COLUMNS FROM `user` [ RunTime:0.0006s ]
SQL: SHOW COLUMNS FROM `tuser` [ RunTime:0.0005s ]
SQL: SHOW COLUMNS FROM `tarticle` [ RunTime:0.0005s ]
SQL: SELECT COUNT(*) AS tp_count FROM `article` LIMIT 1   [ RunTime:0.0004s ]
SQL: SELECT * FROM `article` ORDER BY article_update desc LIMIT 0,9   [ RunTime:0.0004s ]
SQL: SHOW COLUMNS FROM `user` [ RunTime:0.0006s ]
SQL: SELECT `user_id`,`user_name`,`user_img` FROM `user` WHERE `user_id` = 793  [ RunTime:0.0002s ]
SQL: SELECT `user_id`,`user_name`,`user_img` FROM `user` WHERE `user_id` = 834  [ RunTime:0.0002s ]
SQL: SELECT `user_id`,`user_name`,`user_img` FROM `user` WHERE `user_id` = 804  [ RunTime:0.0002s ]
SQL: SELECT `user_id`,`user_name`,`user_img` FROM `user` WHERE `user_id` = 807  [ RunTime:0.0001s ]
SQL: SELECT `user_id`,`user_name`,`user_img` FROM `user` WHERE `user_id` = 793  [ RunTime:0.0001s ]
SQL: SELECT `user_id`,`user_name`,`user_img` FROM `user` WHERE `user_id` = 793  [ RunTime:0.0002s ]
SQL: SELECT `user_id`,`user_name`,`user_img` FROM `user` WHERE `user_id` = 811  [ RunTime:0.0001s ]
SQL: SELECT `user_id`,`user_name`,`user_img` FROM `user` WHERE `user_id` = 811  [ RunTime:0.0001s ]
SQL: SELECT `user_id`,`user_name`,`user_img` FROM `user` WHERE `user_id` = 793  [ RunTime:0.0002s ]
SQL: SELECT `user_id`,`user_name`,`user_exp`,`user_img`,`user_brief` FROM `user` ORDER BY user_exp desc LIMIT 4   [ RunTime:0.0002s ]
SQL: SELECT * FROM `tuser` ORDER BY tuser_publish desc LIMIT 10   [ RunTime:0.0001s ]
SQL: SHOW COLUMNS FROM `user` [ RunTime:0.0008s ]
SQL: SELECT * FROM `user` WHERE `user_id` = 793  [ RunTime:0.0003s ]
SQL: SELECT * FROM `user` WHERE `user_id` = 794  [ RunTime:0.0002s ]
SQL: SELECT * FROM `tarticle` ORDER BY tarticle_continue desc LIMIT 10   [ RunTime:0.0002s ]
INFO: [ view_parse ] --START--
INFO: [ template_filter ] --START--
INFO: Run Behavior\ContentReplaceBehavior [ RunTime:0.000126s ]
INFO: [ template_filter ] --END-- [ RunTime:0.000182s ]
NOTIC: [8] Undefined variable: login_info /var/www/html/daixu/Application/Runtime/Cache/Home/e47f4754f315ce581fa03e89eac20acb.php 第 32 行.
NOTIC: [8] Undefined variable: notice_news_num /var/www/html/daixu/Application/Runtime/Cache/Home/e47f4754f315ce581fa03e89eac20acb.php 第 35 行.
NOTIC: [8] Undefined variable: login_info /var/www/html/daixu/Application/Runtime/Cache/Home/e47f4754f315ce581fa03e89eac20acb.php 第 38 行.
NOTIC: [8] Undefined variable: login_info /var/www/html/daixu/Application/Runtime/Cache/Home/e47f4754f315ce581fa03e89eac20acb.php 第 38 行.
NOTIC: [8] Undefined variable: login_info /var/www/html/daixu/Application/Runtime/Cache/Home/e47f4754f315ce581fa03e89eac20acb.php 第 116 行.
NOTIC: [8] Undefined variable: login_info /var/www/html/daixu/Application/Runtime/Cache/Home/e47f4754f315ce581fa03e89eac20acb.php 第 117 行.
NOTIC: [8] Undefined variable: login_info /var/www/html/daixu/Application/Runtime/Cache/Home/e47f4754f315ce581fa03e89eac20acb.php 第 117 行.
NOTIC: [8] Undefined variable: login_info /var/www/html/daixu/Application/Runtime/Cache/Home/e47f4754f315ce581fa03e89eac20acb.php 第 119 行.
NOTIC: [8] Undefined variable: login_info /var/www/html/daixu/Application/Runtime/Cache/Home/e47f4754f315ce581fa03e89eac20acb.php 第 120 行.
NOTIC: [8] Undefined variable: login_info /var/www/html/daixu/Application/Runtime/Cache/Home/e47f4754f315ce581fa03e89eac20acb.php 第 121 行.
INFO: Run Behavior\ParseTemplateBehavior [ RunTime:0.013747s ]
INFO: [ view_parse ] --END-- [ RunTime:0.013797s ]
INFO: [ view_filter ] --START--
INFO: Run Behavior\WriteHtmlCacheBehavior [ RunTime:0.000128s ]
INFO: [ view_filter ] --END-- [ RunTime:0.000166s ]
INFO: [ app_end ] --START--
INFO: Run Behavior\ShowPageTraceBehavior [ RunTime:0.000490s ]
INFO: [ app_end ] --END-- [ RunTime:0.000539s ]

[ 2016-09-12T15:54:10+08:00 ] 218.75.70.3 /
INFO: [ app_init ] --START--
INFO: Run Behavior\BuildLiteBehavior [ RunTime:0.000016s ]
INFO: [ app_init ] --END-- [ RunTime:0.000292s ]
INFO: [ app_begin ] --START--
INFO: Run Behavior\ReadHtmlCacheBehavior [ RunTime:0.000371s ]
INFO: [ app_begin ] --END-- [ RunTime:0.000423s ]
SQL: SHOW COLUMNS FROM `adv` [ RunTime:0.0007s ]
SQL: SHOW COLUMNS FROM `article` [ RunTime:0.0006s ]
SQL: SHOW COLUMNS FROM `user` [ RunTime:0.0007s ]
SQL: SHOW COLUMNS FROM `tuser` [ RunTime:0.0004s ]
SQL: SHOW COLUMNS FROM `tarticle` [ RunTime:0.0004s ]
SQL: SELECT COUNT(*) AS tp_count FROM `article` LIMIT 1   [ RunTime:0.0004s ]
SQL: SELECT * FROM `article` ORDER BY article_update desc LIMIT 0,9   [ RunTime:0.0003s ]
SQL: SHOW COLUMNS FROM `user` [ RunTime:0.0006s ]
SQL: SELECT `user_id`,`user_name`,`user_img` FROM `user` WHERE `user_id` = 793  [ RunTime:0.0002s ]
SQL: SELECT `user_id`,`user_name`,`user_img` FROM `user` WHERE `user_id` = 834  [ RunTime:0.0002s ]
SQL: SELECT `user_id`,`user_name`,`user_img` FROM `user` WHERE `user_id` = 804  [ RunTime:0.0002s ]
SQL: SELECT `user_id`,`user_name`,`user_img` FROM `user` WHERE `user_id` = 807  [ RunTime:0.0001s ]
SQL: SELECT `user_id`,`user_name`,`user_img` FROM `user` WHERE `user_id` = 793  [ RunTime:0.0002s ]
SQL: SELECT `user_id`,`user_name`,`user_img` FROM `user` WHERE `user_id` = 793  [ RunTime:0.0002s ]
SQL: SELECT `user_id`,`user_name`,`user_img` FROM `user` WHERE `user_id` = 811  [ RunTime:0.0002s ]
SQL: SELECT `user_id`,`user_name`,`user_img` FROM `user` WHERE `user_id` = 811  [ RunTime:0.0004s ]
SQL: SELECT `user_id`,`user_name`,`user_img` FROM `user` WHERE `user_id` = 793  [ RunTime:0.0002s ]
SQL: SELECT `user_id`,`user_name`,`user_exp`,`user_img`,`user_brief` FROM `user` ORDER BY user_exp desc LIMIT 4   [ RunTime:0.0002s ]
SQL: SELECT * FROM `tuser` ORDER BY tuser_publish desc LIMIT 10   [ RunTime:0.0001s ]
SQL: SHOW COLUMNS FROM `user` [ RunTime:0.0008s ]
SQL: SELECT * FROM `user` WHERE `user_id` = 793  [ RunTime:0.0003s ]
SQL: SELECT * FROM `user` WHERE `user_id` = 794  [ RunTime:0.0002s ]
SQL: SELECT * FROM `tarticle` ORDER BY tarticle_continue desc LIMIT 10   [ RunTime:0.0002s ]
INFO: [ view_parse ] --START--
INFO: [ template_filter ] --START--
INFO: Run Behavior\ContentReplaceBehavior [ RunTime:0.000121s ]
INFO: [ template_filter ] --END-- [ RunTime:0.000201s ]
NOTIC: [8] Undefined variable: login_info /var/www/html/daixu/Application/Runtime/Cache/Home/e47f4754f315ce581fa03e89eac20acb.php 第 32 行.
NOTIC: [8] Undefined variable: notice_news_num /var/www/html/daixu/Application/Runtime/Cache/Home/e47f4754f315ce581fa03e89eac20acb.php 第 35 行.
NOTIC: [8] Undefined variable: login_info /var/www/html/daixu/Application/Runtime/Cache/Home/e47f4754f315ce581fa03e89eac20acb.php 第 38 行.
NOTIC: [8] Undefined variable: login_info /var/www/html/daixu/Application/Runtime/Cache/Home/e47f4754f315ce581fa03e89eac20acb.php 第 38 行.
NOTIC: [8] Undefined variable: login_info /var/www/html/daixu/Application/Runtime/Cache/Home/e47f4754f315ce581fa03e89eac20acb.php 第 116 行.
NOTIC: [8] Undefined variable: login_info /var/www/html/daixu/Application/Runtime/Cache/Home/e47f4754f315ce581fa03e89eac20acb.php 第 117 行.
NOTIC: [8] Undefined variable: login_info /var/www/html/daixu/Application/Runtime/Cache/Home/e47f4754f315ce581fa03e89eac20acb.php 第 117 行.
NOTIC: [8] Undefined variable: login_info /var/www/html/daixu/Application/Runtime/Cache/Home/e47f4754f315ce581fa03e89eac20acb.php 第 119 行.
NOTIC: [8] Undefined variable: login_info /var/www/html/daixu/Application/Runtime/Cache/Home/e47f4754f315ce581fa03e89eac20acb.php 第 120 行.
NOTIC: [8] Undefined variable: login_info /var/www/html/daixu/Application/Runtime/Cache/Home/e47f4754f315ce581fa03e89eac20acb.php 第 121 行.
INFO: Run Behavior\ParseTemplateBehavior [ RunTime:0.013728s ]
INFO: [ view_parse ] --END-- [ RunTime:0.013778s ]
INFO: [ view_filter ] --START--
INFO: Run Behavior\WriteHtmlCacheBehavior [ RunTime:0.000137s ]
INFO: [ view_filter ] --END-- [ RunTime:0.000181s ]
INFO: [ app_end ] --START--
INFO: Run Behavior\ShowPageTraceBehavior [ RunTime:0.000530s ]
INFO: [ app_end ] --END-- [ RunTime:0.000578s ]

[ 2016-09-12T20:05:43+08:00 ] 202.115.92.118 /
INFO: [ app_init ] --START--
INFO: Run Behavior\BuildLiteBehavior [ RunTime:0.000018s ]
INFO: [ app_init ] --END-- [ RunTime:0.000309s ]
INFO: [ app_begin ] --START--
INFO: Run Behavior\ReadHtmlCacheBehavior [ RunTime:0.000462s ]
INFO: [ app_begin ] --END-- [ RunTime:0.000510s ]
SQL: SHOW COLUMNS FROM `adv` [ RunTime:0.0007s ]
SQL: SHOW COLUMNS FROM `article` [ RunTime:0.0008s ]
SQL: SHOW COLUMNS FROM `user` [ RunTime:0.0006s ]
SQL: SHOW COLUMNS FROM `tuser` [ RunTime:0.0004s ]
SQL: SHOW COLUMNS FROM `tarticle` [ RunTime:0.0004s ]
SQL: SELECT COUNT(*) AS tp_count FROM `article` LIMIT 1   [ RunTime:0.0003s ]
SQL: SELECT * FROM `article` ORDER BY article_update desc LIMIT 0,9   [ RunTime:0.0003s ]
SQL: SHOW COLUMNS FROM `user` [ RunTime:0.0007s ]
SQL: SELECT `user_id`,`user_name`,`user_img` FROM `user` WHERE `user_id` = 793  [ RunTime:0.0002s ]
SQL: SELECT `user_id`,`user_name`,`user_img` FROM `user` WHERE `user_id` = 834  [ RunTime:0.0001s ]
SQL: SELECT `user_id`,`user_name`,`user_img` FROM `user` WHERE `user_id` = 804  [ RunTime:0.0002s ]
SQL: SELECT `user_id`,`user_name`,`user_img` FROM `user` WHERE `user_id` = 807  [ RunTime:0.0002s ]
SQL: SELECT `user_id`,`user_name`,`user_img` FROM `user` WHERE `user_id` = 793  [ RunTime:0.0001s ]
SQL: SELECT `user_id`,`user_name`,`user_img` FROM `user` WHERE `user_id` = 793  [ RunTime:0.0002s ]
SQL: SELECT `user_id`,`user_name`,`user_img` FROM `user` WHERE `user_id` = 811  [ RunTime:0.0001s ]
SQL: SELECT `user_id`,`user_name`,`user_img` FROM `user` WHERE `user_id` = 811  [ RunTime:0.0001s ]
SQL: SELECT `user_id`,`user_name`,`user_img` FROM `user` WHERE `user_id` = 793  [ RunTime:0.0001s ]
SQL: SELECT `user_id`,`user_name`,`user_exp`,`user_img`,`user_brief` FROM `user` ORDER BY user_exp desc LIMIT 4   [ RunTime:0.0003s ]
SQL: SELECT * FROM `tuser` ORDER BY tuser_publish desc LIMIT 10   [ RunTime:0.0002s ]
SQL: SHOW COLUMNS FROM `user` [ RunTime:0.0007s ]
SQL: SELECT * FROM `user` WHERE `user_id` = 793  [ RunTime:0.0002s ]
SQL: SELECT * FROM `user` WHERE `user_id` = 794  [ RunTime:0.0003s ]
SQL: SELECT * FROM `tarticle` ORDER BY tarticle_continue desc LIMIT 10   [ RunTime:0.0002s ]
INFO: [ view_parse ] --START--
INFO: [ template_filter ] --START--
INFO: Run Behavior\ContentReplaceBehavior [ RunTime:0.000142s ]
INFO: [ template_filter ] --END-- [ RunTime:0.000203s ]
NOTIC: [8] Undefined variable: login_info /var/www/html/daixu/Application/Runtime/Cache/Home/e47f4754f315ce581fa03e89eac20acb.php 第 32 行.
NOTIC: [8] Undefined variable: notice_news_num /var/www/html/daixu/Application/Runtime/Cache/Home/e47f4754f315ce581fa03e89eac20acb.php 第 35 行.
NOTIC: [8] Undefined variable: login_info /var/www/html/daixu/Application/Runtime/Cache/Home/e47f4754f315ce581fa03e89eac20acb.php 第 38 行.
NOTIC: [8] Undefined variable: login_info /var/www/html/daixu/Application/Runtime/Cache/Home/e47f4754f315ce581fa03e89eac20acb.php 第 38 行.
NOTIC: [8] Undefined variable: login_info /var/www/html/daixu/Application/Runtime/Cache/Home/e47f4754f315ce581fa03e89eac20acb.php 第 116 行.
NOTIC: [8] Undefined variable: login_info /var/www/html/daixu/Application/Runtime/Cache/Home/e47f4754f315ce581fa03e89eac20acb.php 第 117 行.
NOTIC: [8] Undefined variable: login_info /var/www/html/daixu/Application/Runtime/Cache/Home/e47f4754f315ce581fa03e89eac20acb.php 第 117 行.
NOTIC: [8] Undefined variable: login_info /var/www/html/daixu/Application/Runtime/Cache/Home/e47f4754f315ce581fa03e89eac20acb.php 第 119 行.
NOTIC: [8] Undefined variable: login_info /var/www/html/daixu/Application/Runtime/Cache/Home/e47f4754f315ce581fa03e89eac20acb.php 第 120 行.
NOTIC: [8] Undefined variable: login_info /var/www/html/daixu/Application/Runtime/Cache/Home/e47f4754f315ce581fa03e89eac20acb.php 第 121 行.
INFO: Run Behavior\ParseTemplateBehavior [ RunTime:0.013775s ]
INFO: [ view_parse ] --END-- [ RunTime:0.013829s ]
INFO: [ view_filter ] --START--
INFO: Run Behavior\WriteHtmlCacheBehavior [ RunTime:0.000143s ]
INFO: [ view_filter ] --END-- [ RunTime:0.000182s ]
INFO: [ app_end ] --START--
INFO: Run Behavior\ShowPageTraceBehavior [ RunTime:0.000612s ]
INFO: [ app_end ] --END-- [ RunTime:0.000661s ]

[ 2016-09-12T20:05:43+08:00 ] 202.115.92.118 /Public/editor/plugins/emoticons/images/0.gif&...%20%20%20%20%20%20%20%20%20%20%20%20%20%20%20%20%20%20%20%20%3C/p%3E%20%20%20%20%20%20%20%20%20%20%20%20%20%20%20%20%3C/div%3E%20%20%20%20%20%20%20%20%20%20%20%20%20%20%20%20%3Cdiv%20class=%22publish_content_bottom%22%3E%20%20%20%20%20%20%20%20%20%20%20%20%20%20%20%20%20%20%20%20%3Cdiv%20class=%22publish_content_bottom_left%22%3E%20%20%20%20%20%20%20%20%20%20%20%20%20%20%20%20%20%20%20%20%20%20%20%20%3Cimg%20src=%22/Public/img/classify_icon.jpg%22%20class=%22classify_icon%22%3E%20%20%20%20%20%20%20%20%20%20%20%20%20%20%20%20%20%20%20%20%20%20%20%20%3Cspan%20id=%22article_classify_2%22%3E%E4%BB%99%E4%BE%A0%E7%8E%84%E5%B9%BB%3C/span%3E%C2%A0%C2%A0%C2%A0%C2%A0%3Cspan%20class=%22gray_color%22%3E2016-09-03%2011:12:25%3C/span%3E%20%20%20%20%20%20%20%20%20%20%20%20%20%20%20%20%20%20%20%20%3C/div%3E%20%20%20%20%20%20%20%20%20%20%20%20%20%20%20%20%20%20%20%20%3Cdiv%20class=%22publish_content_bottom_right%22%3E%20%20%20%20%20%20%20%20%20%20%20%20%20%20%20%20%20%20%20%20%20%20%20%20%3Cspan%20class=%22gray_color%22%20id=%22%22%3E%E8%B5%9E%EF%BC%88%3Ci%20id=%22%22%3E0%3C/i%3E%EF%BC%89%3C/span%3E%3Cspan%20class=%22gray_color%22%20id=%22%22%3E%E6%80%BB%E6%A5%BC%E4%B9%A6%EF%BC%88%3Ci%20id=%22%22%3E2%3C/i%3E%EF%BC%89%3C/span%3E%20%20%20%20%20%20%20%20%20%20%20%20%20%20%20%20%20%20%20%20%3C/div%3E%20%20%20%20%20%20%20%20%20%20%20%20%20%20%20%20%3C/div%3E%20%20%20%20%20%20%20%20%20%20%20%20%3C/div%3E%3C!--%20publish_content%20%20finish--%E8%AF%BB%E8%80%85%E5%8F%91%E5%B8%83%E5%86%85%E5%AE%B9%E5%9D%97--%3E%3Cdiv%20class=%22publish_content%22%3E%3C!--%20publish_content%20%20begin--%E8%AF%BB%E8%80%85%E5%8F%91%E5%B8%83%E5%86%85%E5%AE%B9%E5%9D%97--%3E%20%20%20%20%20%20%20%20%20%20%20%20%20%20%20%20%3Cdiv%20class=%22publish_content_top%22%3E%20%20%20%20%20%20%20%20%20%20%20%20%20%20%20%20%20%20%20%20%3Cimg%20src=%22/Public/daixu_picture/user/57bd5846de477.jpg%22%20id=%22%22%3E%3Ca%20href=%22/Daixu/personal?user_id=804%22%3E%3Ch3%20id=%22%22%3E123456%3C/h3%3E%3C/a%3E%20%20%20%20%20%20%20%20%20%20%20%20%20%20%20%20%20%20%20%20%3Cimg%20src=%22/Public/img/add.jpg%22%20class=%22add%22%3E%20%20%20%20%20%20%20%20%20%20%20%20%20%20%20%20%3C/div%3E%20%20%20%20%20%20%20%20%20%20%20%20%20%20%20%20%3Cdiv%20class=%22publish_content_center%22%3E%20%20%20%20%20%20%20%20%20%20%20%20%20%20%20%20%20%20%20%20%3Cimg%20src=%22/Public/daixu_picture/figure/57c97230df847.jpg%22%20class=
INFO: [ app_init ] --START--
INFO: Run Behavior\BuildLiteBehavior [ RunTime:0.000017s ]
INFO: [ app_init ] --END-- [ RunTime:0.000301s ]
INFO: [ app_begin ] --START--
INFO: Run Behavior\ReadHtmlCacheBehavior [ RunTime:0.000361s ]
INFO: [ app_begin ] --END-- [ RunTime:0.000408s ]
ERR: 无法加载控制器:Public

[ 2016-09-12T20:08:43+08:00 ] 101.226.125.100 /
INFO: [ app_init ] --START--
INFO: Run Behavior\BuildLiteBehavior [ RunTime:0.000018s ]
INFO: [ app_init ] --END-- [ RunTime:0.000306s ]
INFO: [ app_begin ] --START--
INFO: Run Behavior\ReadHtmlCacheBehavior [ RunTime:0.000418s ]
INFO: [ app_begin ] --END-- [ RunTime:0.000462s ]
SQL: SHOW COLUMNS FROM `adv` [ RunTime:0.0006s ]
SQL: SHOW COLUMNS FROM `article` [ RunTime:0.0006s ]
SQL: SHOW COLUMNS FROM `user` [ RunTime:0.0007s ]
SQL: SHOW COLUMNS FROM `tuser` [ RunTime:0.0004s ]
SQL: SHOW COLUMNS FROM `tarticle` [ RunTime:0.0004s ]
SQL: SELECT COUNT(*) AS tp_count FROM `article` LIMIT 1   [ RunTime:0.0003s ]
SQL: SELECT * FROM `article` ORDER BY article_update desc LIMIT 0,9   [ RunTime:0.0003s ]
SQL: SHOW COLUMNS FROM `user` [ RunTime:0.0006s ]
SQL: SELECT `user_id`,`user_name`,`user_img` FROM `user` WHERE `user_id` = 793  [ RunTime:0.0002s ]
SQL: SELECT `user_id`,`user_name`,`user_img` FROM `user` WHERE `user_id` = 834  [ RunTime:0.0001s ]
SQL: SELECT `user_id`,`user_name`,`user_img` FROM `user` WHERE `user_id` = 804  [ RunTime:0.0002s ]
SQL: SELECT `user_id`,`user_name`,`user_img` FROM `user` WHERE `user_id` = 807  [ RunTime:0.0002s ]
SQL: SELECT `user_id`,`user_name`,`user_img` FROM `user` WHERE `user_id` = 793  [ RunTime:0.0001s ]
SQL: SELECT `user_id`,`user_name`,`user_img` FROM `user` WHERE `user_id` = 793  [ RunTime:0.0002s ]
SQL: SELECT `user_id`,`user_name`,`user_img` FROM `user` WHERE `user_id` = 811  [ RunTime:0.0001s ]
SQL: SELECT `user_id`,`user_name`,`user_img` FROM `user` WHERE `user_id` = 811  [ RunTime:0.0002s ]
SQL: SELECT `user_id`,`user_name`,`user_img` FROM `user` WHERE `user_id` = 793  [ RunTime:0.0001s ]
SQL: SELECT `user_id`,`user_name`,`user_exp`,`user_img`,`user_brief` FROM `user` ORDER BY user_exp desc LIMIT 4   [ RunTime:0.0002s ]
SQL: SELECT * FROM `tuser` ORDER BY tuser_publish desc LIMIT 10   [ RunTime:0.0001s ]
SQL: SHOW COLUMNS FROM `user` [ RunTime:0.0007s ]
SQL: SELECT * FROM `user` WHERE `user_id` = 793  [ RunTime:0.0002s ]
SQL: SELECT * FROM `user` WHERE `user_id` = 794  [ RunTime:0.0002s ]
SQL: SELECT * FROM `tarticle` ORDER BY tarticle_continue desc LIMIT 10   [ RunTime:0.0002s ]
INFO: [ view_parse ] --START--
INFO: [ template_filter ] --START--
INFO: Run Behavior\ContentReplaceBehavior [ RunTime:0.000115s ]
INFO: [ template_filter ] --END-- [ RunTime:0.000178s ]
NOTIC: [8] Undefined variable: login_info /var/www/html/daixu/Application/Runtime/Cache/Home/e47f4754f315ce581fa03e89eac20acb.php 第 32 行.
NOTIC: [8] Undefined variable: notice_news_num /var/www/html/daixu/Application/Runtime/Cache/Home/e47f4754f315ce581fa03e89eac20acb.php 第 35 行.
NOTIC: [8] Undefined variable: login_info /var/www/html/daixu/Application/Runtime/Cache/Home/e47f4754f315ce581fa03e89eac20acb.php 第 38 行.
NOTIC: [8] Undefined variable: login_info /var/www/html/daixu/Application/Runtime/Cache/Home/e47f4754f315ce581fa03e89eac20acb.php 第 38 行.
NOTIC: [8] Undefined variable: login_info /var/www/html/daixu/Application/Runtime/Cache/Home/e47f4754f315ce581fa03e89eac20acb.php 第 116 行.
NOTIC: [8] Undefined variable: login_info /var/www/html/daixu/Application/Runtime/Cache/Home/e47f4754f315ce581fa03e89eac20acb.php 第 117 行.
NOTIC: [8] Undefined variable: login_info /var/www/html/daixu/Application/Runtime/Cache/Home/e47f4754f315ce581fa03e89eac20acb.php 第 117 行.
NOTIC: [8] Undefined variable: login_info /var/www/html/daixu/Application/Runtime/Cache/Home/e47f4754f315ce581fa03e89eac20acb.php 第 119 行.
NOTIC: [8] Undefined variable: login_info /var/www/html/daixu/Application/Runtime/Cache/Home/e47f4754f315ce581fa03e89eac20acb.php 第 120 行.
NOTIC: [8] Undefined variable: login_info /var/www/html/daixu/Application/Runtime/Cache/Home/e47f4754f315ce581fa03e89eac20acb.php 第 121 行.
INFO: Run Behavior\ParseTemplateBehavior [ RunTime:0.014322s ]
INFO: [ view_parse ] --END-- [ RunTime:0.014376s ]
INFO: [ view_filter ] --START--
INFO: Run Behavior\WriteHtmlCacheBehavior [ RunTime:0.000135s ]
INFO: [ view_filter ] --END-- [ RunTime:0.000174s ]
INFO: [ app_end ] --START--
INFO: Run Behavior\ShowPageTraceBehavior [ RunTime:0.000584s ]
INFO: [ app_end ] --END-- [ RunTime:0.000637s ]

[ 2016-09-12T20:33:53+08:00 ] 107.151.202.23 http://www.sbjudge2.com/azenv.php
INFO: [ app_init ] --START--
INFO: Run Behavior\BuildLiteBehavior [ RunTime:0.000020s ]
INFO: [ app_init ] --END-- [ RunTime:0.000355s ]
INFO: [ app_begin ] --START--
INFO: Run Behavior\ReadHtmlCacheBehavior [ RunTime:0.000373s ]
INFO: [ app_begin ] --END-- [ RunTime:0.000419s ]
ERR: 无法加载控制器:Azenv.php

[ 2016-09-12T20:33:57+08:00 ] 107.151.202.23 www.baidu.com:443
INFO: [ app_init ] --START--
INFO: Run Behavior\BuildLiteBehavior [ RunTime:0.000024s ]
INFO: [ app_init ] --END-- [ RunTime:0.000504s ]
INFO: [ app_begin ] --START--
INFO: Run Behavior\ReadHtmlCacheBehavior [ RunTime:0.000465s ]
INFO: [ app_begin ] --END-- [ RunTime:0.000531s ]
SQL: SHOW COLUMNS FROM `adv` [ RunTime:0.0007s ]
SQL: SHOW COLUMNS FROM `article` [ RunTime:0.0006s ]
SQL: SHOW COLUMNS FROM `user` [ RunTime:0.0007s ]
SQL: SHOW COLUMNS FROM `tuser` [ RunTime:0.0004s ]
SQL: SHOW COLUMNS FROM `tarticle` [ RunTime:0.0005s ]
SQL: SELECT COUNT(*) AS tp_count FROM `article` LIMIT 1   [ RunTime:0.0004s ]
SQL: SELECT * FROM `article` ORDER BY article_update desc LIMIT 0,9   [ RunTime:0.0003s ]
SQL: SHOW COLUMNS FROM `user` [ RunTime:0.0007s ]
SQL: SELECT `user_id`,`user_name`,`user_img` FROM `user` WHERE `user_id` = 793  [ RunTime:0.0002s ]
SQL: SELECT `user_id`,`user_name`,`user_img` FROM `user` WHERE `user_id` = 834  [ RunTime:0.0001s ]
SQL: SELECT `user_id`,`user_name`,`user_img` FROM `user` WHERE `user_id` = 804  [ RunTime:0.0001s ]
SQL: SELECT `user_id`,`user_name`,`user_img` FROM `user` WHERE `user_id` = 807  [ RunTime:0.0001s ]
SQL: SELECT `user_id`,`user_name`,`user_img` FROM `user` WHERE `user_id` = 793  [ RunTime:0.0001s ]
SQL: SELECT `user_id`,`user_name`,`user_img` FROM `user` WHERE `user_id` = 793  [ RunTime:0.0002s ]
SQL: SELECT `user_id`,`user_name`,`user_img` FROM `user` WHERE `user_id` = 811  [ RunTime:0.0002s ]
SQL: SELECT `user_id`,`user_name`,`user_img` FROM `user` WHERE `user_id` = 811  [ RunTime:0.0001s ]
SQL: SELECT `user_id`,`user_name`,`user_img` FROM `user` WHERE `user_id` = 793  [ RunTime:0.0001s ]
SQL: SELECT `user_id`,`user_name`,`user_exp`,`user_img`,`user_brief` FROM `user` ORDER BY user_exp desc LIMIT 4   [ RunTime:0.0002s ]
SQL: SELECT * FROM `tuser` ORDER BY tuser_publish desc LIMIT 10   [ RunTime:0.0002s ]
SQL: SHOW COLUMNS FROM `user` [ RunTime:0.0007s ]
SQL: SELECT * FROM `user` WHERE `user_id` = 793  [ RunTime:0.0002s ]
SQL: SELECT * FROM `user` WHERE `user_id` = 794  [ RunTime:0.0002s ]
SQL: SELECT * FROM `tarticle` ORDER BY tarticle_continue desc LIMIT 10   [ RunTime:0.0004s ]
INFO: [ view_parse ] --START--
INFO: [ template_filter ] --START--
INFO: Run Behavior\ContentReplaceBehavior [ RunTime:0.000131s ]
INFO: [ template_filter ] --END-- [ RunTime:0.000193s ]
NOTIC: [8] Undefined variable: login_info /var/www/html/daixu/Application/Runtime/Cache/Home/e47f4754f315ce581fa03e89eac20acb.php 第 32 行.
NOTIC: [8] Undefined variable: notice_news_num /var/www/html/daixu/Application/Runtime/Cache/Home/e47f4754f315ce581fa03e89eac20acb.php 第 35 行.
NOTIC: [8] Undefined variable: login_info /var/www/html/daixu/Application/Runtime/Cache/Home/e47f4754f315ce581fa03e89eac20acb.php 第 38 行.
NOTIC: [8] Undefined variable: login_info /var/www/html/daixu/Application/Runtime/Cache/Home/e47f4754f315ce581fa03e89eac20acb.php 第 38 行.
NOTIC: [8] Undefined variable: login_info /var/www/html/daixu/Application/Runtime/Cache/Home/e47f4754f315ce581fa03e89eac20acb.php 第 116 行.
NOTIC: [8] Undefined variable: login_info /var/www/html/daixu/Application/Runtime/Cache/Home/e47f4754f315ce581fa03e89eac20acb.php 第 117 行.
NOTIC: [8] Undefined variable: login_info /var/www/html/daixu/Application/Runtime/Cache/Home/e47f4754f315ce581fa03e89eac20acb.php 第 117 行.
NOTIC: [8] Undefined variable: login_info /var/www/html/daixu/Application/Runtime/Cache/Home/e47f4754f315ce581fa03e89eac20acb.php 第 119 行.
NOTIC: [8] Undefined variable: login_info /var/www/html/daixu/Application/Runtime/Cache/Home/e47f4754f315ce581fa03e89eac20acb.php 第 120 行.
NOTIC: [8] Undefined variable: login_info /var/www/html/daixu/Application/Runtime/Cache/Home/e47f4754f315ce581fa03e89eac20acb.php 第 121 行.
INFO: Run Behavior\ParseTemplateBehavior [ RunTime:0.014383s ]
INFO: [ view_parse ] --END-- [ RunTime:0.014451s ]
INFO: [ view_filter ] --START--
INFO: Run Behavior\WriteHtmlCacheBehavior [ RunTime:0.000144s ]
INFO: [ view_filter ] --END-- [ RunTime:0.000182s ]
INFO: [ app_end ] --START--
INFO: Run Behavior\ShowPageTraceBehavior [ RunTime:0.000429s ]
INFO: [ app_end ] --END-- [ RunTime:0.000487s ]

[ 2016-09-12T21:02:29+08:00 ] 182.148.211.53 /favicon.ico
INFO: [ app_init ] --START--
INFO: Run Behavior\BuildLiteBehavior [ RunTime:0.000027s ]
INFO: [ app_init ] --END-- [ RunTime:0.000374s ]

[ 2016-09-12T22:00:29+08:00 ] 112.126.82.197 /phpmyadmin
INFO: [ app_init ] --START--
INFO: Run Behavior\BuildLiteBehavior [ RunTime:0.000037s ]
INFO: [ app_init ] --END-- [ RunTime:0.000785s ]
INFO: [ app_begin ] --START--
INFO: Run Behavior\ReadHtmlCacheBehavior [ RunTime:0.000512s ]
INFO: [ app_begin ] --END-- [ RunTime:0.000584s ]
ERR: 无法加载控制器:Phpmyadmin

[ 2016-09-12T22:51:05+08:00 ] 185.25.148.240 http://testp3.pospr.waw.pl/testproxy.php
INFO: [ app_init ] --START--
INFO: Run Behavior\BuildLiteBehavior [ RunTime:0.000022s ]
INFO: [ app_init ] --END-- [ RunTime:0.000301s ]
INFO: [ app_begin ] --START--
INFO: Run Behavior\ReadHtmlCacheBehavior [ RunTime:0.000356s ]
INFO: [ app_begin ] --END-- [ RunTime:0.000403s ]
ERR: 无法加载控制器:Testproxy.php

[ 2016-09-12T23:19:42+08:00 ] 182.148.211.53 /favicon.ico
INFO: [ app_init ] --START--
INFO: Run Behavior\BuildLiteBehavior [ RunTime:0.000016s ]
INFO: [ app_init ] --END-- [ RunTime:0.000286s ]

[ 2016-09-12T23:20:06+08:00 ] 218.156.17.203 /
INFO: [ app_init ] --START--
INFO: Run Behavior\BuildLiteBehavior [ RunTime:0.000015s ]
INFO: [ app_init ] --END-- [ RunTime:0.000292s ]
INFO: [ app_begin ] --START--
INFO: Run Behavior\ReadHtmlCacheBehavior [ RunTime:0.000361s ]
INFO: [ app_begin ] --END-- [ RunTime:0.000408s ]
SQL: SHOW COLUMNS FROM `adv` [ RunTime:0.0006s ]
SQL: SHOW COLUMNS FROM `article` [ RunTime:0.0005s ]
SQL: SHOW COLUMNS FROM `user` [ RunTime:0.0006s ]
SQL: SHOW COLUMNS FROM `tuser` [ RunTime:0.0004s ]
SQL: SHOW COLUMNS FROM `tarticle` [ RunTime:0.0004s ]
SQL: SELECT COUNT(*) AS tp_count FROM `article` LIMIT 1   [ RunTime:0.0003s ]
SQL: SELECT * FROM `article` ORDER BY article_update desc LIMIT 0,9   [ RunTime:0.0004s ]
SQL: SHOW COLUMNS FROM `user` [ RunTime:0.0006s ]
SQL: SELECT `user_id`,`user_name`,`user_img` FROM `user` WHERE `user_id` = 793  [ RunTime:0.0003s ]
SQL: SELECT `user_id`,`user_name`,`user_img` FROM `user` WHERE `user_id` = 834  [ RunTime:0.0002s ]
SQL: SELECT `user_id`,`user_name`,`user_img` FROM `user` WHERE `user_id` = 804  [ RunTime:0.0002s ]
SQL: SELECT `user_id`,`user_name`,`user_img` FROM `user` WHERE `user_id` = 807  [ RunTime:0.0001s ]
SQL: SELECT `user_id`,`user_name`,`user_img` FROM `user` WHERE `user_id` = 793  [ RunTime:0.0001s ]
SQL: SELECT `user_id`,`user_name`,`user_img` FROM `user` WHERE `user_id` = 793  [ RunTime:0.0001s ]
SQL: SELECT `user_id`,`user_name`,`user_img` FROM `user` WHERE `user_id` = 811  [ RunTime:0.0001s ]
SQL: SELECT `user_id`,`user_name`,`user_img` FROM `user` WHERE `user_id` = 811  [ RunTime:0.0001s ]
SQL: SELECT `user_id`,`user_name`,`user_img` FROM `user` WHERE `user_id` = 793  [ RunTime:0.0002s ]
SQL: SELECT `user_id`,`user_name`,`user_exp`,`user_img`,`user_brief` FROM `user` ORDER BY user_exp desc LIMIT 4   [ RunTime:0.0002s ]
SQL: SELECT * FROM `tuser` ORDER BY tuser_publish desc LIMIT 10   [ RunTime:0.0001s ]
SQL: SHOW COLUMNS FROM `user` [ RunTime:0.0006s ]
SQL: SELECT * FROM `user` WHERE `user_id` = 793  [ RunTime:0.0002s ]
SQL: SELECT * FROM `user` WHERE `user_id` = 794  [ RunTime:0.0002s ]
SQL: SELECT * FROM `tarticle` ORDER BY tarticle_continue desc LIMIT 10   [ RunTime:0.0002s ]
INFO: [ view_parse ] --START--
INFO: [ template_filter ] --START--
INFO: Run Behavior\ContentReplaceBehavior [ RunTime:0.000113s ]
INFO: [ template_filter ] --END-- [ RunTime:0.000175s ]
NOTIC: [8] Undefined variable: login_info /var/www/html/daixu/Application/Runtime/Cache/Home/e47f4754f315ce581fa03e89eac20acb.php 第 32 行.
NOTIC: [8] Undefined variable: notice_news_num /var/www/html/daixu/Application/Runtime/Cache/Home/e47f4754f315ce581fa03e89eac20acb.php 第 35 行.
NOTIC: [8] Undefined variable: login_info /var/www/html/daixu/Application/Runtime/Cache/Home/e47f4754f315ce581fa03e89eac20acb.php 第 38 行.
NOTIC: [8] Undefined variable: login_info /var/www/html/daixu/Application/Runtime/Cache/Home/e47f4754f315ce581fa03e89eac20acb.php 第 38 行.
NOTIC: [8] Undefined variable: login_info /var/www/html/daixu/Application/Runtime/Cache/Home/e47f4754f315ce581fa03e89eac20acb.php 第 116 行.
NOTIC: [8] Undefined variable: login_info /var/www/html/daixu/Application/Runtime/Cache/Home/e47f4754f315ce581fa03e89eac20acb.php 第 117 行.
NOTIC: [8] Undefined variable: login_info /var/www/html/daixu/Application/Runtime/Cache/Home/e47f4754f315ce581fa03e89eac20acb.php 第 117 行.
NOTIC: [8] Undefined variable: login_info /var/www/html/daixu/Application/Runtime/Cache/Home/e47f4754f315ce581fa03e89eac20acb.php 第 119 行.
NOTIC: [8] Undefined variable: login_info /var/www/html/daixu/Application/Runtime/Cache/Home/e47f4754f315ce581fa03e89eac20acb.php 第 120 行.
NOTIC: [8] Undefined variable: login_info /var/www/html/daixu/Application/Runtime/Cache/Home/e47f4754f315ce581fa03e89eac20acb.php 第 121 行.
INFO: Run Behavior\ParseTemplateBehavior [ RunTime:0.013112s ]
INFO: [ view_parse ] --END-- [ RunTime:0.013160s ]
INFO: [ view_filter ] --START--
INFO: Run Behavior\WriteHtmlCacheBehavior [ RunTime:0.000148s ]
INFO: [ view_filter ] --END-- [ RunTime:0.000188s ]
INFO: 
INFO: 
INFO: 

