[ 2016-07-12T00:24:44+08:00 ] 123.249.27.192 http://60.173.26.241:61254/80
INFO: [ app_init ] --START--
INFO: Run Behavior\BuildLiteBehavior [ RunTime:0.000039s ]
INFO: [ app_init ] --END-- [ RunTime:0.012989s ]
INFO: [ app_begin ] --START--
INFO: Run Behavior\ReadHtmlCacheBehavior [ RunTime:0.026727s ]
INFO: [ app_begin ] --END-- [ RunTime:0.026851s ]
ERR: 无法加载控制器:80

[ 2016-07-12T00:38:16+08:00 ] 23.251.51.125 http://domkrim.com/av.php
INFO: [ app_init ] --START--
INFO: Run Behavior\BuildLiteBehavior [ RunTime:0.000024s ]
INFO: [ app_init ] --END-- [ RunTime:0.000397s ]
INFO: [ app_begin ] --START--
INFO: Run Behavior\ReadHtmlCacheBehavior [ RunTime:0.027118s ]
INFO: [ app_begin ] --END-- [ RunTime:0.027238s ]
ERR: 无法加载控制器:Av.php

[ 2016-07-12T00:38:17+08:00 ] 23.251.51.125 www.baidu.com:443
INFO: [ app_init ] --START--
INFO: Run Behavior\BuildLiteBehavior [ RunTime:0.000024s ]
INFO: [ app_init ] --END-- [ RunTime:0.000389s ]
INFO: [ app_begin ] --START--
INFO: Run Behavior\ReadHtmlCacheBehavior [ RunTime:0.019979s ]
INFO: [ app_begin ] --END-- [ RunTime:0.020110s ]
SQL: SHOW COLUMNS FROM `tuser` [ RunTime:0.0075s ]
SQL: SELECT * FROM `tuser` ORDER BY tuser_publish LIMIT 10   [ RunTime:0.0213s ]
ERR: Think\Controller:article_today_select方法不存在！

[ 2016-07-12T01:17:46+08:00 ] 123.249.27.193 http://60.173.26.241:61254/80
INFO: [ app_init ] --START--
INFO: Run Behavior\BuildLiteBehavior [ RunTime:0.000025s ]
INFO: [ app_init ] --END-- [ RunTime:0.000401s ]
INFO: [ app_begin ] --START--
INFO: Run Behavior\ReadHtmlCacheBehavior [ RunTime:0.019659s ]
INFO: [ app_begin ] --END-- [ RunTime:0.019779s ]
ERR: 无法加载控制器:80

[ 2016-07-12T01:22:25+08:00 ] 42.159.134.114 http://maxcd03-dev01.chinacloudapp.cn/index.php
INFO: [ app_init ] --START--
INFO: Run Behavior\BuildLiteBehavior [ RunTime:0.000040s ]
INFO: [ app_init ] --END-- [ RunTime:0.012951s ]
INFO: [ app_begin ] --START--
INFO: Run Behavior\ReadHtmlCacheBehavior [ RunTime:0.016802s ]
INFO: [ app_begin ] --END-- [ RunTime:0.016921s ]
SQL: SHOW COLUMNS FROM `tuser` [ RunTime:0.0009s ]
SQL: SELECT * FROM `tuser` ORDER BY tuser_publish LIMIT 10   [ RunTime:0.0199s ]
ERR: Think\Controller:article_today_select方法不存在！

[ 2016-07-12T03:32:32+08:00 ] 93.174.93.136 http://www.baidu.com/cache/global/img/gs.gif
INFO: [ app_init ] --START--
INFO: Run Behavior\BuildLiteBehavior [ RunTime:0.000035s ]
INFO: [ app_init ] --END-- [ RunTime:0.015967s ]

[ 2016-07-12T03:48:14+08:00 ] 80.82.78.38 http://www.baidu.com/cache/global/img/gs.gif
INFO: [ app_init ] --START--
INFO: Run Behavior\BuildLiteBehavior [ RunTime:0.000037s ]
INFO: [ app_init ] --END-- [ RunTime:0.013975s ]

[ 2016-07-12T03:54:37+08:00 ] 23.251.51.125 http://proxyjudge.us/
INFO: [ app_init ] --START--
INFO: Run Behavior\BuildLiteBehavior [ RunTime:0.000037s ]
INFO: [ app_init ] --END-- [ RunTime:0.012937s ]
INFO: [ app_begin ] --START--
INFO: Run Behavior\ReadHtmlCacheBehavior [ RunTime:0.019787s ]
INFO: [ app_begin ] --END-- [ RunTime:0.019908s ]
SQL: SHOW COLUMNS FROM `tuser` [ RunTime:0.0075s ]
SQL: SELECT * FROM `tuser` ORDER BY tuser_publish LIMIT 10   [ RunTime:0.0191s ]
ERR: Think\Controller:article_today_select方法不存在！

[ 2016-07-12T03:54:38+08:00 ] 23.251.51.125 www.baidu.com:443
INFO: [ app_init ] --START--
INFO: Run Behavior\BuildLiteBehavior [ RunTime:0.000035s ]
INFO: [ app_init ] --END-- [ RunTime:0.012973s ]
INFO: [ app_begin ] --START--
INFO: Run Behavior\ReadHtmlCacheBehavior [ RunTime:0.013782s ]
INFO: [ app_begin ] --END-- [ RunTime:0.013906s ]
ERR: Think\Controller:article_today_select方法不存在！

[ 2016-07-12T04:11:31+08:00 ] 123.249.27.192 http://60.173.26.241:61254/80
INFO: [ app_init ] --START--
INFO: Run Behavior\BuildLiteBehavior [ RunTime:0.000037s ]
INFO: [ app_init ] --END-- [ RunTime:0.013079s ]
INFO: [ app_begin ] --START--
INFO: Run Behavior\ReadHtmlCacheBehavior [ RunTime:0.021159s ]
INFO: [ app_begin ] --END-- [ RunTime:0.021278s ]
ERR: 无法加载控制器:80

[ 2016-07-12T04:34:34+08:00 ] 23.251.51.125 http://www.proxy-listen.de/azenv.php
INFO: [ app_init ] --START--
INFO: Run Behavior\BuildLiteBehavior [ RunTime:0.000020s ]
INFO: [ app_init ] --END-- [ RunTime:0.000354s ]
INFO: [ app_begin ] --START--
INFO: Run Behavior\ReadHtmlCacheBehavior [ RunTime:0.027491s ]
INFO: [ app_begin ] --END-- [ RunTime:0.027596s ]
ERR: 无法加载控制器:Azenv.php

[ 2016-07-12T04:34:35+08:00 ] 23.251.51.125 www.baidu.com:443
INFO: [ app_init ] --START--
INFO: Run Behavior\BuildLiteBehavior [ RunTime:0.000035s ]
INFO: [ app_init ] --END-- [ RunTime:0.021609s ]
INFO: [ app_begin ] --START--
INFO: Run Behavior\ReadHtmlCacheBehavior [ RunTime:0.028330s ]
INFO: [ app_begin ] --END-- [ RunTime:0.028433s ]
SQL: SHOW COLUMNS FROM `tuser` [ RunTime:0.0159s ]
SQL: SELECT * FROM `tuser` ORDER BY tuser_publish LIMIT 10   [ RunTime:0.0146s ]
ERR: Think\Controller:article_today_select方法不存在！

[ 2016-07-12T05:36:34+08:00 ] 69.30.251.126 /
INFO: [ app_init ] --START--
INFO: Run Behavior\BuildLiteBehavior [ RunTime:0.000038s ]
INFO: [ app_init ] --END-- [ RunTime:0.016959s ]
INFO: [ app_begin ] --START--
INFO: Run Behavior\ReadHtmlCacheBehavior [ RunTime:0.023793s ]
INFO: [ app_begin ] --END-- [ RunTime:0.023909s ]
SQL: SHOW COLUMNS FROM `tuser` [ RunTime:0.0180s ]
SQL: SELECT * FROM `tuser` ORDER BY tuser_publish LIMIT 10   [ RunTime:0.0135s ]
ERR: Think\Controller:article_today_select方法不存在！

[ 2016-07-12T05:57:34+08:00 ] 123.249.27.191 http://60.173.26.241:61254/80
INFO: [ app_init ] --START--
INFO: Run Behavior\BuildLiteBehavior [ RunTime:0.000037s ]
INFO: [ app_init ] --END-- [ RunTime:0.013041s ]
INFO: [ app_begin ] --START--
INFO: Run Behavior\ReadHtmlCacheBehavior [ RunTime:0.018708s ]
INFO: [ app_begin ] --END-- [ RunTime:0.018823s ]
ERR: 无法加载控制器:80

[ 2016-07-12T06:01:41+08:00 ] 23.251.51.125 http://www.sbjudge3.com/azenv.php
INFO: [ app_init ] --START--
INFO: Run Behavior\BuildLiteBehavior [ RunTime:0.000037s ]
INFO: [ app_init ] --END-- [ RunTime:0.016018s ]
INFO: [ app_begin ] --START--
INFO: Run Behavior\ReadHtmlCacheBehavior [ RunTime:0.024695s ]
INFO: [ app_begin ] --END-- [ RunTime:0.024808s ]
ERR: 无法加载控制器:Azenv.php

[ 2016-07-12T06:01:42+08:00 ] 23.251.51.125 www.alipay.com:443
INFO: [ app_init ] --START--
INFO: Run Behavior\BuildLiteBehavior [ RunTime:0.000035s ]
INFO: [ app_init ] --END-- [ RunTime:0.013084s ]
INFO: [ app_begin ] --START--
INFO: Run Behavior\ReadHtmlCacheBehavior [ RunTime:0.017640s ]
INFO: [ app_begin ] --END-- [ RunTime:0.017840s ]
SQL: SHOW COLUMNS FROM `tuser` [ RunTime:0.0079s ]
SQL: SELECT * FROM `tuser` ORDER BY tuser_publish LIMIT 10   [ RunTime:0.0222s ]
ERR: Think\Controller:article_today_select方法不存在！

[ 2016-07-12T06:19:49+08:00 ] 177.53.116.2 /
INFO: [ app_init ] --START--
INFO: Run Behavior\BuildLiteBehavior [ RunTime:0.000036s ]
INFO: [ app_init ] --END-- [ RunTime:0.018965s ]
INFO: [ app_begin ] --START--
INFO: Run Behavior\ReadHtmlCacheBehavior [ RunTime:0.027792s ]
INFO: [ app_begin ] --END-- [ RunTime:0.027914s ]
SQL: SHOW COLUMNS FROM `tuser` [ RunTime:0.0200s ]
SQL: SELECT * FROM `tuser` ORDER BY tuser_publish LIMIT 10   [ RunTime:0.0103s ]
ERR: Think\Controller:article_today_select方法不存在！

[ 2016-07-12T06:50:01+08:00 ] 172.82.166.210 http://www.baidu.com/cache/global/img/gs.gif
INFO: [ app_init ] --START--
INFO: Run Behavior\BuildLiteBehavior [ RunTime:0.000038s ]
INFO: [ app_init ] --END-- [ RunTime:0.012975s ]

[ 2016-07-12T07:19:40+08:00 ] 123.249.27.191 http://60.173.26.241:61254/80
INFO: [ app_init ] --START--
INFO: Run Behavior\BuildLiteBehavior [ RunTime:0.000038s ]
INFO: [ app_init ] --END-- [ RunTime:0.017662s ]
INFO: [ app_begin ] --START--
INFO: Run Behavior\ReadHtmlCacheBehavior [ RunTime:0.017805s ]
INFO: [ app_begin ] --END-- [ RunTime:0.017919s ]
ERR: 无法加载控制器:80

[ 2016-07-12T07:57:28+08:00 ] 23.251.51.125 http://fr.cyberpods.net/
INFO: [ app_init ] --START--
INFO: Run Behavior\BuildLiteBehavior [ RunTime:0.000034s ]
INFO: [ app_init ] --END-- [ RunTime:0.007427s ]
INFO: [ app_begin ] --START--
INFO: Run Behavior\ReadHtmlCacheBehavior [ RunTime:0.019778s ]
INFO: [ app_begin ] --END-- [ RunTime:0.019910s ]
SQL: SHOW COLUMNS FROM `tuser` [ RunTime:0.0187s ]
SQL: SELECT * FROM `tuser` ORDER BY tuser_publish LIMIT 10   [ RunTime:0.0137s ]
ERR: Think\Controller:article_today_select方法不存在！

[ 2016-07-12T07:57:29+08:00 ] 23.251.51.125 www.alipay.com:443
INFO: [ app_init ] --START--
INFO: Run Behavior\BuildLiteBehavior [ RunTime:0.000037s ]
INFO: [ app_init ] --END-- [ RunTime:0.018968s ]
INFO: [ app_begin ] --START--
INFO: Run Behavior\ReadHtmlCacheBehavior [ RunTime:0.017770s ]
INFO: [ app_begin ] --END-- [ RunTime:0.017898s ]
ERR: Think\Controller:article_today_select方法不存在！

[ 2016-07-12T08:23:17+08:00 ] 93.174.93.136 http://www.baidu.com/cache/global/img/gs.gif
INFO: [ app_init ] --START--
INFO: Run Behavior\BuildLiteBehavior [ RunTime:0.000038s ]
INFO: [ app_init ] --END-- [ RunTime:0.027293s ]

[ 2016-07-12T08:41:16+08:00 ] 123.249.27.192 http://60.173.26.241:61254/80
INFO: [ app_init ] --START--
INFO: Run Behavior\BuildLiteBehavior [ RunTime:0.000035s ]
INFO: [ app_init ] --END-- [ RunTime:0.014959s ]
INFO: [ app_begin ] --START--
INFO: Run Behavior\ReadHtmlCacheBehavior [ RunTime:0.022637s ]
INFO: [ app_begin ] --END-- [ RunTime:0.022756s ]
ERR: 无法加载控制器:80

[ 2016-07-12T08:47:18+08:00 ] 120.55.68.246 /manager/html
INFO: [ app_init ] --START--
INFO: Run Behavior\BuildLiteBehavior [ RunTime:0.000036s ]
INFO: [ app_init ] --END-- [ RunTime:0.012970s ]
INFO: [ app_begin ] --START--
INFO: Run Behavior\ReadHtmlCacheBehavior [ RunTime:0.022650s ]
INFO: [ app_begin ] --END-- [ RunTime:0.022764s ]
ERR: 无法加载控制器:Manager

[ 2016-07-12T08:54:34+08:00 ] 123.249.27.192 http://60.173.26.241:61254/80
INFO: [ app_init ] --START--
INFO: Run Behavior\BuildLiteBehavior [ RunTime:0.000036s ]
INFO: [ app_init ] --END-- [ RunTime:0.011007s ]
INFO: [ app_begin ] --START--
INFO: Run Behavior\ReadHtmlCacheBehavior [ RunTime:0.024788s ]
INFO: [ app_begin ] --END-- [ RunTime:0.024914s ]
ERR: 无法加载控制器:80

[ 2016-07-12T10:04:00+08:00 ] 185.49.14.190 http://testp1.piwo.pila.pl/testproxy.php
INFO: [ app_init ] --START--
INFO: Run Behavior\BuildLiteBehavior [ RunTime:0.000038s ]
INFO: [ app_init ] --END-- [ RunTime:0.012974s ]
INFO: [ app_begin ] --START--
INFO: Run Behavior\ReadHtmlCacheBehavior [ RunTime:0.024907s ]
INFO: [ app_begin ] --END-- [ RunTime:0.025027s ]
ERR: 无法加载控制器:Testproxy.php

[ 2016-07-12T10:09:33+08:00 ] 80.82.78.38 http://www.baidu.com/cache/global/img/gs.gif
INFO: [ app_init ] --START--
INFO: Run Behavior\BuildLiteBehavior [ RunTime:0.000037s ]
INFO: [ app_init ] --END-- [ RunTime:0.018934s ]

[ 2016-07-12T10:14:28+08:00 ] 123.249.27.193 http://60.173.26.241:61254/80
INFO: [ app_init ] --START--
INFO: Run Behavior\BuildLiteBehavior [ RunTime:0.000047s ]
INFO: [ app_init ] --END-- [ RunTime:0.013023s ]
INFO: [ app_begin ] --START--
INFO: Run Behavior\ReadHtmlCacheBehavior [ RunTime:0.031533s ]
INFO: [ app_begin ] --END-- [ RunTime:0.031651s ]
ERR: 无法加载控制器:80

[ 2016-07-12T10:27:46+08:00 ] 123.249.27.191 http://60.173.26.241:61254/80
INFO: [ app_init ] --START--
INFO: Run Behavior\BuildLiteBehavior [ RunTime:0.000036s ]
INFO: [ app_init ] --END-- [ RunTime:0.013964s ]
INFO: [ app_begin ] --START--
INFO: Run Behavior\ReadHtmlCacheBehavior [ RunTime:0.032505s ]
INFO: [ app_begin ] --END-- [ RunTime:0.032620s ]
ERR: 无法加载控制器:80

[ 2016-07-12T10:40:44+08:00 ] 123.249.27.191 http://60.173.26.241:61254/80
INFO: [ app_init ] --START--
INFO: Run Behavior\BuildLiteBehavior [ RunTime:0.000036s ]
INFO: [ app_init ] --END-- [ RunTime:0.022328s ]
INFO: [ app_begin ] --START--
INFO: Run Behavior\ReadHtmlCacheBehavior [ RunTime:0.021116s ]
INFO: [ app_begin ] --END-- [ RunTime:0.021226s ]
ERR: 无法加载控制器:80

[ 2016-07-12T10:54:03+08:00 ] 123.249.27.192 http://60.173.26.241:61254/80
INFO: [ app_init ] --START--
INFO: Run Behavior\BuildLiteBehavior [ RunTime:0.000037s ]
INFO: [ app_init ] --END-- [ RunTime:0.009911s ]
INFO: [ app_begin ] --START--
INFO: Run Behavior\ReadHtmlCacheBehavior [ RunTime:0.019701s ]
INFO: [ app_begin ] --END-- [ RunTime:0.019819s ]
ERR: 无法加载控制器:80

[ 2016-07-12T11:20:51+08:00 ] 123.249.27.193 http://60.173.26.241:61254/80
INFO: [ app_init ] --START--
INFO: Run Behavior\BuildLiteBehavior [ RunTime:0.000037s ]
INFO: [ app_init ] --END-- [ RunTime:0.018536s ]
INFO: [ app_begin ] --START--
INFO: Run Behavior\ReadHtmlCacheBehavior [ RunTime:0.018763s ]
INFO: [ app_begin ] --END-- [ RunTime:0.018890s ]
ERR: 无法加载控制器:80

[ 2016-07-12T11:27:57+08:00 ] 159.8.210.77 /webcalendar/install/index.php
INFO: [ app_init ] --START--
INFO: Run Behavior\BuildLiteBehavior [ RunTime:0.000037s ]
INFO: [ app_init ] --END-- [ RunTime:0.010964s ]
INFO: [ app_begin ] --START--
INFO: Run Behavior\ReadHtmlCacheBehavior [ RunTime:0.012795s ]
INFO: [ app_begin ] --END-- [ RunTime:0.012900s ]
ERR: 无法加载控制器:Webcalendar

[ 2016-07-12T11:31:48+08:00 ] 23.251.51.125 http://www.sbjudge1.com/azenv.php
INFO: [ app_init ] --START--
INFO: Run Behavior\BuildLiteBehavior [ RunTime:0.000044s ]
INFO: [ app_init ] --END-- [ RunTime:0.016586s ]
INFO: [ app_begin ] --START--
INFO: Run Behavior\ReadHtmlCacheBehavior [ RunTime:0.018715s ]
INFO: [ app_begin ] --END-- [ RunTime:0.018837s ]
ERR: 无法加载控制器:Azenv.php

[ 2016-07-12T11:31:49+08:00 ] 23.251.51.125 www.baidu.com:443
INFO: [ app_init ] --START--
INFO: Run Behavior\BuildLiteBehavior [ RunTime:0.000036s ]
INFO: [ app_init ] --END-- [ RunTime:0.019543s ]
INFO: [ app_begin ] --START--
INFO: Run Behavior\ReadHtmlCacheBehavior [ RunTime:0.032371s ]
INFO: [ app_begin ] --END-- [ RunTime:0.032477s ]
SQL: SHOW COLUMNS FROM `tuser` [ RunTime:0.0087s ]
SQL: SELECT * FROM `tuser` ORDER BY tuser_publish LIMIT 10   [ RunTime:0.0258s ]
ERR: Think\Controller:article_today_select方法不存在！

[ 2016-07-12T13:30:44+08:00 ] 23.251.51.125 http://www.proxy-listen.de/azenv.php
INFO: [ app_init ] --START--
INFO: Run Behavior\BuildLiteBehavior [ RunTime:0.000037s ]
INFO: [ app_init ] --END-- [ RunTime:0.012979s ]
INFO: [ app_begin ] --START--
INFO: Run Behavior\ReadHtmlCacheBehavior [ RunTime:0.021515s ]
INFO: [ app_begin ] --END-- [ RunTime:0.021621s ]
ERR: 无法加载控制器:Azenv.php

[ 2016-07-12T13:30:45+08:00 ] 23.251.51.125 www.alipay.com:443
INFO: [ app_init ] --START--
INFO: Run Behavior\BuildLiteBehavior [ RunTime:0.000047s ]
INFO: [ app_init ] --END-- [ RunTime:0.017948s ]
INFO: [ app_begin ] --START--
INFO: Run Behavior\ReadHtmlCacheBehavior [ RunTime:0.020776s ]
INFO: [ app_begin ] --END-- [ RunTime:0.020904s ]
SQL: SHOW COLUMNS FROM `tuser` [ RunTime:0.0239s ]
SQL: SELECT * FROM `tuser` ORDER BY tuser_publish LIMIT 10   [ RunTime:0.0146s ]
ERR: Think\Controller:article_today_select方法不存在！

[ 2016-07-12T13:33:04+08:00 ] 123.249.27.191 http://60.173.26.241:61254/80
INFO: [ app_init ] --START--
INFO: Run Behavior\BuildLiteBehavior [ RunTime:0.000023s ]
INFO: [ app_init ] --END-- [ RunTime:0.000454s ]
INFO: [ app_begin ] --START--
INFO: Run Behavior\ReadHtmlCacheBehavior [ RunTime:0.018995s ]
INFO: [ app_begin ] --END-- [ RunTime:0.027204s ]
ERR: 无法加载控制器:80

[ 2016-07-12T13:46:15+08:00 ] 123.249.27.193 http://60.173.26.241:61254/80
INFO: [ app_init ] --START--
INFO: Run Behavior\BuildLiteBehavior [ RunTime:0.000037s ]
INFO: [ app_init ] --END-- [ RunTime:0.010506s ]
INFO: [ app_begin ] --START--
INFO: Run Behavior\ReadHtmlCacheBehavior [ RunTime:0.000512s ]
INFO: [ app_begin ] --END-- [ RunTime:0.000588s ]
ERR: 无法加载控制器:80

[ 2016-07-12T13:59:18+08:00 ] 120.25.199.116 /phpMyAdmin/scripts/setup.php
INFO: [ app_init ] --START--
INFO: Run Behavior\BuildLiteBehavior [ RunTime:0.000036s ]
INFO: [ app_init ] --END-- [ RunTime:0.012975s ]
INFO: [ app_begin ] --START--
INFO: Run Behavior\ReadHtmlCacheBehavior [ RunTime:0.023687s ]
INFO: [ app_begin ] --END-- [ RunTime:0.023808s ]
ERR: 无法加载控制器:PhpMyAdmin

[ 2016-07-12T13:59:18+08:00 ] 120.25.199.116 /pma/scripts/setup.php
INFO: [ app_init ] --START--
INFO: Run Behavior\BuildLiteBehavior [ RunTime:0.000044s ]
INFO: [ app_init ] --END-- [ RunTime:0.016989s ]
INFO: [ app_begin ] --START--
INFO: Run Behavior\ReadHtmlCacheBehavior [ RunTime:0.024717s ]
INFO: [ app_begin ] --END-- [ RunTime:0.024836s ]
ERR: 无法加载控制器:Pma

[ 2016-07-12T13:59:19+08:00 ] 120.25.199.116 /myadmin/scripts/setup.php
INFO: [ app_init ] --START--
INFO: Run Behavior\BuildLiteBehavior [ RunTime:0.000035s ]
INFO: [ app_init ] --END-- [ RunTime:0.020546s ]
INFO: [ app_begin ] --START--
INFO: Run Behavior\ReadHtmlCacheBehavior [ RunTime:0.018694s ]
INFO: [ app_begin ] --END-- [ RunTime:0.018811s ]
ERR: 无法加载控制器:Myadmin

[ 2016-07-12T13:59:34+08:00 ] 123.249.27.191 http://60.173.26.241:61254/80
INFO: [ app_init ] --START--
INFO: Run Behavior\BuildLiteBehavior [ RunTime:0.000037s ]
INFO: [ app_init ] --END-- [ RunTime:0.014839s ]
INFO: [ app_begin ] --START--
INFO: Run Behavior\ReadHtmlCacheBehavior [ RunTime:0.023360s ]
INFO: [ app_begin ] --END-- [ RunTime:0.023496s ]
ERR: 无法加载控制器:80

[ 2016-07-12T14:39:26+08:00 ] 123.249.27.191 http://60.173.26.241:61254/80
INFO: [ app_init ] --START--
INFO: Run Behavior\BuildLiteBehavior [ RunTime:0.000038s ]
INFO: [ app_init ] --END-- [ RunTime:0.014697s ]
INFO: [ app_begin ] --START--
INFO: Run Behavior\ReadHtmlCacheBehavior [ RunTime:0.019421s ]
INFO: [ app_begin ] --END-- [ RunTime:0.019537s ]
ERR: 无法加载控制器:80

[ 2016-07-12T15:19:14+08:00 ] 123.249.27.191 http://60.173.26.241:61254/80
INFO: [ app_init ] --START--
INFO: Run Behavior\BuildLiteBehavior [ RunTime:0.000025s ]
INFO: [ app_init ] --END-- [ RunTime:0.019320s ]
INFO: [ app_begin ] --START--
INFO: Run Behavior\ReadHtmlCacheBehavior [ RunTime:0.012853s ]
INFO: [ app_begin ] --END-- [ RunTime:0.012954s ]
ERR: 无法加载控制器:80

[ 2016-07-12T15:45:41+08:00 ] 123.249.27.191 http://60.173.26.241:61254/80
INFO: [ app_init ] --START--
INFO: Run Behavior\BuildLiteBehavior [ RunTime:0.000048s ]
INFO: [ app_init ] --END-- [ RunTime:0.013035s ]
INFO: [ app_begin ] --START--
INFO: Run Behavior\ReadHtmlCacheBehavior [ RunTime:0.024185s ]
INFO: [ app_begin ] --END-- [ RunTime:0.024332s ]
ERR: 无法加载控制器:80

[ 2016-07-12T15:58:26+08:00 ] 23.251.51.125 http://www.sbjudge1.com/azenv.php
INFO: [ app_init ] --START--
INFO: Run Behavior\BuildLiteBehavior [ RunTime:0.000048s ]
INFO: [ app_init ] --END-- [ RunTime:0.015621s ]
INFO: [ app_begin ] --START--
INFO: Run Behavior\ReadHtmlCacheBehavior [ RunTime:0.017723s ]
INFO: [ app_begin ] --END-- [ RunTime:0.017838s ]
ERR: 无法加载控制器:Azenv.php

[ 2016-07-12T15:58:28+08:00 ] 23.251.51.125 www.alipay.com:443
INFO: [ app_init ] --START--
INFO: Run Behavior\BuildLiteBehavior [ RunTime:0.000038s ]
INFO: [ app_init ] --END-- [ RunTime:0.012978s ]
INFO: [ app_begin ] --START--
INFO: Run Behavior\ReadHtmlCacheBehavior [ RunTime:0.021729s ]
INFO: [ app_begin ] --END-- [ RunTime:0.021858s ]
SQL: SHOW COLUMNS FROM `tuser` [ RunTime:0.0200s ]
SQL: SELECT * FROM `tuser` ORDER BY tuser_publish LIMIT 10   [ RunTime:0.0078s ]
ERR: Think\Controller:article_today_select方法不存在！

[ 2016-07-12T16:52:04+08:00 ] 123.249.27.191 http://60.173.26.241:61254/80
INFO: [ app_init ] --START--
INFO: Run Behavior\BuildLiteBehavior [ RunTime:0.000032s ]
INFO: [ app_init ] --END-- [ RunTime:0.019591s ]
INFO: [ app_begin ] --START--
INFO: Run Behavior\ReadHtmlCacheBehavior [ RunTime:0.029294s ]
INFO: [ app_begin ] --END-- [ RunTime:0.029393s ]
ERR: 无法加载控制器:80

[ 2016-07-12T16:57:34+08:00 ] 121.42.183.123 search.yahoo.com:443
INFO: [ app_init ] --START--
INFO: Run Behavior\BuildLiteBehavior [ RunTime:0.000036s ]
INFO: [ app_init ] --END-- [ RunTime:0.016962s ]
INFO: [ app_begin ] --START--
INFO: Run Behavior\ReadHtmlCacheBehavior [ RunTime:0.021753s ]
INFO: [ app_begin ] --END-- [ RunTime:0.021880s ]
SQL: SHOW COLUMNS FROM `tuser` [ RunTime:0.0135s ]
SQL: SELECT * FROM `tuser` ORDER BY tuser_publish LIMIT 10   [ RunTime:0.0232s ]
ERR: Think\Controller:article_today_select方法不存在！

[ 2016-07-12T17:05:46+08:00 ] 123.249.27.192 http://60.173.26.241:61254/80
INFO: [ app_init ] --START--
INFO: Run Behavior\BuildLiteBehavior [ RunTime:0.000036s ]
INFO: [ app_init ] --END-- [ RunTime:0.012925s ]
INFO: [ app_begin ] --START--
INFO: Run Behavior\ReadHtmlCacheBehavior [ RunTime:0.029597s ]
INFO: [ app_begin ] --END-- [ RunTime:0.029761s ]
ERR: 无法加载控制器:80

[ 2016-07-12T17:16:35+08:00 ] 93.174.93.218 http://httpheader.net/
INFO: [ app_init ] --START--
INFO: Run Behavior\BuildLiteBehavior [ RunTime:0.000036s ]
INFO: [ app_init ] --END-- [ RunTime:0.018934s ]
INFO: [ app_begin ] --START--
INFO: Run Behavior\ReadHtmlCacheBehavior [ RunTime:0.018819s ]
INFO: [ app_begin ] --END-- [ RunTime:0.018939s ]
SQL: SHOW COLUMNS FROM `tuser` [ RunTime:0.0080s ]
SQL: SELECT * FROM `tuser` ORDER BY tuser_publish LIMIT 10   [ RunTime:0.0176s ]
ERR: Think\Controller:article_today_select方法不存在！

[ 2016-07-12T17:33:25+08:00 ] 23.251.51.125 http://proxyjudge.us/
INFO: [ app_init ] --START--
INFO: Run Behavior\BuildLiteBehavior [ RunTime:0.000036s ]
INFO: [ app_init ] --END-- [ RunTime:0.012970s ]
INFO: [ app_begin ] --START--
INFO: Run Behavior\ReadHtmlCacheBehavior [ RunTime:0.016206s ]
INFO: [ app_begin ] --END-- [ RunTime:0.016327s ]
SQL: SHOW COLUMNS FROM `tuser` [ RunTime:0.0074s ]
SQL: SELECT * FROM `tuser` ORDER BY tuser_publish LIMIT 10   [ RunTime:0.0201s ]
ERR: Think\Controller:article_today_select方法不存在！

[ 2016-07-12T17:33:26+08:00 ] 23.251.51.125 www.baidu.com:443
INFO: [ app_init ] --START--
INFO: Run Behavior\BuildLiteBehavior [ RunTime:0.000044s ]
INFO: [ app_init ] --END-- [ RunTime:0.015049s ]
INFO: [ app_begin ] --START--
INFO: Run Behavior\ReadHtmlCacheBehavior [ RunTime:0.020778s ]
INFO: [ app_begin ] --END-- [ RunTime:0.020912s ]
ERR: Think\Controller:article_today_select方法不存在！

[ 2016-07-12T17:34:03+08:00 ] 23.251.51.125 http://domkrim.com/av.php
INFO: [ app_init ] --START--
INFO: Run Behavior\BuildLiteBehavior [ RunTime:0.000034s ]
INFO: [ app_init ] --END-- [ RunTime:0.012931s ]
INFO: [ app_begin ] --START--
INFO: Run Behavior\ReadHtmlCacheBehavior [ RunTime:0.025708s ]
INFO: [ app_begin ] --END-- [ RunTime:0.025827s ]
ERR: 无法加载控制器:Av.php

[ 2016-07-12T17:34:07+08:00 ] 23.251.51.125 www.baidu.com:443
INFO: [ app_init ] --START--
INFO: Run Behavior\BuildLiteBehavior [ RunTime:0.000038s ]
INFO: [ app_init ] --END-- [ RunTime:0.012965s ]
INFO: [ app_begin ] --START--
INFO: Run Behavior\ReadHtmlCacheBehavior [ RunTime:0.024988s ]
INFO: [ app_begin ] --END-- [ RunTime:0.025102s ]
ERR: Think\Controller:article_today_select方法不存在！

[ 2016-07-12T17:58:30+08:00 ] 123.249.27.191 http://60.173.26.241:61254/80
INFO: [ app_init ] --START--
INFO: Run Behavior\BuildLiteBehavior [ RunTime:0.000039s ]
INFO: [ app_init ] --END-- [ RunTime:0.012975s ]
INFO: [ app_begin ] --START--
INFO: Run Behavior\ReadHtmlCacheBehavior [ RunTime:0.035548s ]
INFO: [ app_begin ] --END-- [ RunTime:0.035704s ]
ERR: 无法加载控制器:80

[ 2016-07-12T18:05:38+08:00 ] 93.174.93.136 http://www.baidu.com/cache/global/img/gs.gif
INFO: [ app_init ] --START--
INFO: Run Behavior\BuildLiteBehavior [ RunTime:0.000037s ]
INFO: [ app_init ] --END-- [ RunTime:0.012975s ]

[ 2016-07-12T19:01:26+08:00 ] 159.8.210.77 /calendar/install/index.php
INFO: [ app_init ] --START--
INFO: Run Behavior\BuildLiteBehavior [ RunTime:0.000039s ]
INFO: [ app_init ] --END-- [ RunTime:0.012986s ]
INFO: [ app_begin ] --START--
INFO: Run Behavior\ReadHtmlCacheBehavior [ RunTime:0.025377s ]
INFO: [ app_begin ] --END-- [ RunTime:0.025496s ]
ERR: 无法加载控制器:Calendar

[ 2016-07-12T19:45:01+08:00 ] 123.249.27.193 http://60.173.26.241:61254/80
INFO: [ app_init ] --START--
INFO: Run Behavior\BuildLiteBehavior [ RunTime:0.000043s ]
INFO: [ app_init ] --END-- [ RunTime:0.016972s ]
INFO: [ app_begin ] --START--
INFO: Run Behavior\ReadHtmlCacheBehavior [ RunTime:0.027685s ]
INFO: [ app_begin ] --END-- [ RunTime:0.027803s ]
ERR: 无法加载控制器:80

[ 2016-07-12T19:45:09+08:00 ] 101.200.78.64 /
INFO: [ app_init ] --START--
INFO: Run Behavior\BuildLiteBehavior [ RunTime:0.000039s ]
INFO: [ app_init ] --END-- [ RunTime:0.011085s ]
INFO: [ app_begin ] --START--
INFO: Run Behavior\ReadHtmlCacheBehavior [ RunTime:0.022769s ]
INFO: [ app_begin ] --END-- [ RunTime:0.022890s ]
SQL: SHOW COLUMNS FROM `tuser` [ RunTime:0.0201s ]
SQL: SELECT * FROM `tuser` ORDER BY tuser_publish LIMIT 10   [ RunTime:0.0140s ]
ERR: Think\Controller:article_today_select方法不存在！

[ 2016-07-12T19:58:50+08:00 ] 123.249.27.192 http://60.173.26.241:61254/80
INFO: [ app_init ] --START--
INFO: Run Behavior\BuildLiteBehavior [ RunTime:0.000038s ]
INFO: [ app_init ] --END-- [ RunTime:0.013988s ]
INFO: [ app_begin ] --START--
INFO: Run Behavior\ReadHtmlCacheBehavior [ RunTime:0.018710s ]
INFO: [ app_begin ] --END-- [ RunTime:0.018831s ]
ERR: 无法加载控制器:80

[ 2016-07-12T20:21:30+08:00 ] 91.196.50.33 http://testp1.piwo.pila.pl/testproxy.php
INFO: [ app_init ] --START--
INFO: Run Behavior\BuildLiteBehavior [ RunTime:0.000037s ]
INFO: [ app_init ] --END-- [ RunTime:0.009406s ]
INFO: [ app_begin ] --START--
INFO: Run Behavior\ReadHtmlCacheBehavior [ RunTime:0.018712s ]
INFO: [ app_begin ] --END-- [ RunTime:0.018825s ]
ERR: 无法加载控制器:Testproxy.php

[ 2016-07-12T20:39:01+08:00 ] 123.249.27.192 http://60.173.26.241:61254/80
INFO: [ app_init ] --START--
INFO: Run Behavior\BuildLiteBehavior [ RunTime:0.000037s ]
INFO: [ app_init ] --END-- [ RunTime:0.016968s ]
INFO: [ app_begin ] --START--
INFO: Run Behavior\ReadHtmlCacheBehavior [ RunTime:0.018942s ]
INFO: [ app_begin ] --END-- [ RunTime:0.019195s ]
ERR: 无法加载控制器:80

[ 2016-07-12T20:55:01+08:00 ] 222.187.222.159 /forum.php
INFO: [ app_init ] --START--
INFO: Run Behavior\BuildLiteBehavior [ RunTime:0.000037s ]
INFO: [ app_init ] --END-- [ RunTime:0.011591s ]
INFO: [ app_begin ] --START--
INFO: Run Behavior\ReadHtmlCacheBehavior [ RunTime:0.019702s ]
INFO: [ app_begin ] --END-- [ RunTime:0.019821s ]
ERR: 无法加载控制器:Forum.php

[ 2016-07-12T21:05:43+08:00 ] 123.249.27.192 http://60.173.26.241:61254/80
INFO: [ app_init ] --START--
INFO: Run Behavior\BuildLiteBehavior [ RunTime:0.000042s ]
INFO: [ app_init ] --END-- [ RunTime:0.012104s ]
INFO: [ app_begin ] --START--
INFO: Run Behavior\ReadHtmlCacheBehavior [ RunTime:0.036860s ]
INFO: [ app_begin ] --END-- [ RunTime:0.037015s ]
ERR: 无法加载控制器:80

[ 2016-07-12T21:10:32+08:00 ] 42.159.134.114 http://maxcd03-dev01.chinacloudapp.cn/index.php
INFO: [ app_init ] --START--
INFO: Run Behavior\BuildLiteBehavior [ RunTime:0.000023s ]
INFO: [ app_init ] --END-- [ RunTime:0.000370s ]
INFO: [ app_begin ] --START--
INFO: Run Behavior\ReadHtmlCacheBehavior [ RunTime:0.017384s ]
INFO: [ app_begin ] --END-- [ RunTime:0.017505s ]
SQL: SHOW COLUMNS FROM `tuser` [ RunTime:0.0207s ]
SQL: SELECT * FROM `tuser` ORDER BY tuser_publish LIMIT 10   [ RunTime:0.0164s ]
ERR: Think\Controller:article_today_select方法不存在！

[ 2016-07-12T21:10:44+08:00 ] 61.160.195.222 http://119.90.40.16:8090/
INFO: [ app_init ] --START--
INFO: Run Behavior\BuildLiteBehavior [ RunTime:0.000037s ]
INFO: [ app_init ] --END-- [ RunTime:0.018042s ]
INFO: [ app_begin ] --START--
INFO: Run Behavior\ReadHtmlCacheBehavior [ RunTime:0.018065s ]
INFO: [ app_begin ] --END-- [ RunTime:0.018185s ]
ERR: Think\Controller:article_today_select方法不存在！

[ 2016-07-12T21:45:25+08:00 ] 123.249.27.191 http://60.173.26.241:61254/80
INFO: [ app_init ] --START--
INFO: Run Behavior\BuildLiteBehavior [ RunTime:0.000037s ]
INFO: [ app_init ] --END-- [ RunTime:0.015974s ]
INFO: [ app_begin ] --START--
INFO: Run Behavior\ReadHtmlCacheBehavior [ RunTime:0.025683s ]
INFO: [ app_begin ] --END-- [ RunTime:0.025814s ]
ERR: 无法加载控制器:80

[ 2016-07-12T21:55:31+08:00 ] 23.251.51.125 http://www.sbjudge3.com/azenv.php
INFO: [ app_init ] --START--
INFO: Run Behavior\BuildLiteBehavior [ RunTime:0.000051s ]
INFO: [ app_init ] --END-- [ RunTime:0.017074s ]
INFO: [ app_begin ] --START--
INFO: Run Behavior\ReadHtmlCacheBehavior [ RunTime:0.027696s ]
INFO: [ app_begin ] --END-- [ RunTime:0.027820s ]
ERR: 无法加载控制器:Azenv.php

[ 2016-07-12T21:55:32+08:00 ] 23.251.51.125 www.alipay.com:443
INFO: [ app_init ] --START--
INFO: Run Behavior\BuildLiteBehavior [ RunTime:0.000037s ]
INFO: [ app_init ] --END-- [ RunTime:0.031628s ]
INFO: [ app_begin ] --START--
INFO: Run Behavior\ReadHtmlCacheBehavior [ RunTime:0.022958s ]
INFO: [ app_begin ] --END-- [ RunTime:0.023088s ]
SQL: SHOW COLUMNS FROM `tuser` [ RunTime:0.0145s ]
SQL: SELECT * FROM `tuser` ORDER BY tuser_publish LIMIT 10   [ RunTime:0.0235s ]
ERR: Think\Controller:article_today_select方法不存在！

[ 2016-07-12T22:04:59+08:00 ] 80.82.78.38 http://www.baidu.com/cache/global/img/gs.gif
INFO: [ app_init ] --START--
INFO: Run Behavior\BuildLiteBehavior [ RunTime:0.000037s ]
INFO: [ app_init ] --END-- [ RunTime:0.013913s ]

[ 2016-07-12T22:12:24+08:00 ] 123.249.27.193 http://60.173.26.241:61254/80
INFO: [ app_init ] --START--
INFO: Run Behavior\BuildLiteBehavior [ RunTime:0.000040s ]
INFO: [ app_init ] --END-- [ RunTime:0.013995s ]
INFO: [ app_begin ] --START--
INFO: Run Behavior\ReadHtmlCacheBehavior [ RunTime:0.021945s ]
INFO: [ app_begin ] --END-- [ RunTime:0.022061s ]
ERR: 无法加载控制器:80

[ 2016-07-12T22:24:06+08:00 ] 101.201.208.90 /manager/html
INFO: [ app_init ] --START--
INFO: Run Behavior\BuildLiteBehavior [ RunTime:0.000040s ]
INFO: [ app_init ] --END-- [ RunTime:0.009129s ]
INFO: [ app_begin ] --START--
INFO: Run Behavior\ReadHtmlCacheBehavior [ RunTime:0.028725s ]
INFO: [ app_begin ] --END-- [ RunTime:0.028842s ]
ERR: 无法加载控制器:Manager

[ 2016-07-12T22:25:51+08:00 ] 123.249.27.193 http://60.173.26.241:61254/80
INFO: [ app_init ] --START--
INFO: Run Behavior\BuildLiteBehavior [ RunTime:0.000034s ]
INFO: [ app_init ] --END-- [ RunTime:0.012967s ]
INFO: [ app_begin ] --START--
INFO: Run Behavior\ReadHtmlCacheBehavior [ RunTime:0.019709s ]
INFO: [ app_begin ] --END-- [ RunTime:0.019836s ]
ERR: 无法加载控制器:80

[ 2016-07-12T22:36:15+08:00 ] 138.97.220.226 /
INFO: [ app_init ] --START--
INFO: Run Behavior\BuildLiteBehavior [ RunTime:0.000037s ]
INFO: [ app_init ] --END-- [ RunTime:0.015099s ]
INFO: [ app_begin ] --START--
INFO: Run Behavior\ReadHtmlCacheBehavior [ RunTime:0.034320s ]
INFO: [ app_begin ] --END-- [ RunTime:0.034425s ]
SQL: SHOW COLUMNS FROM `tuser` [ RunTime:0.0199s ]
SQL: SELECT * FROM `tuser` ORDER BY tuser_publish LIMIT 10   [ RunTime:0.0117s ]
ERR: Think\Controller:article_today_select方法不存在！

[ 2016-07-12T22:50:44+08:00 ] 101.200.86.96 http://www.izhongsai.com/
INFO: [ app_init ] --START--
INFO: Run Behavior\BuildLiteBehavior [ RunTime:0.000039s ]
INFO: [ app_init ] --END-- [ RunTime:0.018966s ]
INFO: [ app_begin ] --START--
INFO: Run Behavior\ReadHtmlCacheBehavior [ RunTime:0.032647s ]
INFO: [ app_begin ] --END-- [ RunTime:0.032787s ]
SQL: SHOW COLUMNS FROM `tuser` [ RunTime:0.0148s ]
SQL: SELECT * FROM `tuser` ORDER BY tuser_publish LIMIT 10   [ RunTime:0.0201s ]
ERR: Think\Controller:article_today_select方法不存在！

[ 2016-07-12T22:52:37+08:00 ] 123.249.27.191 http://60.173.26.241:61254/80
INFO: [ app_init ] --START--
INFO: Run Behavior\BuildLiteBehavior [ RunTime:0.000042s ]
INFO: [ app_init ] --END-- [ RunTime:0.009310s ]
INFO: [ app_begin ] --START--
INFO: Run Behavior\ReadHtmlCacheBehavior [ RunTime:0.024708s ]
INFO: [ app_begin ] --END-- [ RunTime:0.024826s ]
ERR: 无法加载控制器:80

[ 2016-07-12T22:56:26+08:00 ] 93.174.93.136 http://www.baidu.com/cache/global/img/gs.gif
INFO: [ app_init ] --START--
INFO: Run Behavior\BuildLiteBehavior [ RunTime:0.000038s ]
INFO: [ app_init ] --END-- [ RunTime:0.014019s ]

[ 2016-07-12T23:32:33+08:00 ] 123.249.27.193 http://60.173.26.241:61254/80
INFO: [ app_init ] --START--
INFO: Run Behavior\BuildLiteBehavior [ RunTime:0.000037s ]
INFO: [ app_init ] --END-- [ RunTime:0.025737s ]
INFO: [ app_begin ] --START--
INFO: Run Behavior\ReadHtmlCacheBehavior [ RunTime:0.019702s ]
INFO: [ app_begin ] --END-- [ RunTime:0.019817s ]
ERR: 无法加载控制器:80

[ 2016-07-12T23:46:05+08:00 ] 123.249.27.192 http://60.173.26.241:61254/80
INFO: [ app_init ] --START--
INFO: Run Behavior\BuildLiteBehavior [ RunTime:0.000036s ]
INFO: [ app_init ] --END-- [ RunTime:0.016558s ]
INFO: [ app_begin ] --START--
INFO: Run Behavior\ReadHtmlCacheBehavior [ RunTime:0.018694s ]
INFO: [ app_begin ] --END-- [ RunTime:0.018834s ]
ERR: 无法加载控制器:80

[ 2016-07-12T23:53:50+08:00 ] 23.251.51.125 http://www.luisaranguren.com/azenv.php
INFO: [ app_init ] --START--
INFO: Run Behavior\BuildLiteBehavior [ RunTime:0.000037s ]
INFO: [ app_init ] --END-- [ RunTime:0.012979s ]
INFO: [ app_begin ] --START--
INFO: Run Behavior\ReadHtmlCacheBehavior [ RunTime:0.020705s ]
INFO: [ app_begin ] --END-- [ RunTime:0.020826s ]
ERR: 无法加载控制器:Azenv.php

[ 2016-07-12T23:53:51+08:00 ] 23.251.51.125 www.baidu.com:443
INFO: [ app_init ] --START--
INFO: Run Behavior\BuildLiteBehavior [ RunTime:0.000036s ]
INFO: [ app_init ] --END-- [ RunTime:0.012975s ]
INFO: [ app_begin ] --START--
INFO: Run Behavior\ReadHtmlCacheBehavior [ RunTime:0.018759s ]
INFO: [ app_begin ] --END-- [ RunTime:0.018886s ]
SQL: SHOW COLUMNS FROM `tuser` [ RunTime:0.0135s ]
SQL: SELECT * FROM `tuser` ORDER BY tuser_publish LIMIT 10   [ RunTime:0.0221s ]
ERR: Think\Controller:article_today_select方法不存在！

[ 2016-07-12T23:59:26+08:00 ] 123.249.27.193 http://60.173.26.241:61254/80
INFO: [ app_init ] --START--
INFO: Run Behavior\BuildLiteBehavior [ RunTime:0.000047s ]
INFO: [ app_init ] --END-- [ RunTime:0.017035s ]
INFO: [ app_begin ] --START--
INFO: Run Behavior\ReadHtmlCacheBehavior [ RunTime:0.029629s ]
INFO: [ app_begin ] --END-- [ RunTime:0.029759s ]
ERR: 无法加载控制器:80

