[ 2016-10-29T01:34:42+08:00 ] 107.151.202.23 http://www.baidu.com/
INFO: [ app_init ] --START--
INFO: Run Behavior\BuildLiteBehavior [ RunTime:0.000064s ]
INFO: [ app_init ] --END-- [ RunTime:0.000331s ]
INFO: [ app_begin ] --START--
INFO: Run Behavior\ReadHtmlCacheBehavior [ RunTime:0.000626s ]
INFO: [ app_begin ] --END-- [ RunTime:0.000709s ]
SQL: SHOW COLUMNS FROM `adv` [ RunTime:0.0006s ]
SQL: SHOW COLUMNS FROM `article` [ RunTime:0.0005s ]
SQL: SHOW COLUMNS FROM `user` [ RunTime:0.0006s ]
SQL: SHOW COLUMNS FROM `tuser` [ RunTime:0.0004s ]
SQL: SHOW COLUMNS FROM `tarticle` [ RunTime:0.0004s ]
SQL: SELECT COUNT(*) AS tp_count FROM `article` LIMIT 1   [ RunTime:0.0004s ]
SQL: SELECT * FROM `article` ORDER BY article_update desc LIMIT 0,9   [ RunTime:0.0003s ]
SQL: SHOW COLUMNS FROM `user` [ RunTime:0.0006s ]
SQL: SELECT `user_id`,`user_name`,`user_img`,`user_rank` FROM `user` WHERE `user_id` = 887  [ RunTime:0.0002s ]
SQL: SELECT `user_id`,`user_name`,`user_img`,`user_rank` FROM `user` WHERE `user_id` = 869  [ RunTime:0.0002s ]
SQL: SELECT `user_id`,`user_name`,`user_img`,`user_rank` FROM `user` WHERE `user_id` = 869  [ RunTime:0.0002s ]
SQL: SELECT `user_id`,`user_name`,`user_img`,`user_rank` FROM `user` WHERE `user_id` = 879  [ RunTime:0.0001s ]
SQL: SELECT `user_id`,`user_name`,`user_img`,`user_rank` FROM `user` WHERE `user_id` = 881  [ RunTime:0.0001s ]
SQL: SELECT `user_id`,`user_name`,`user_img`,`user_rank` FROM `user` WHERE `user_id` = 890  [ RunTime:0.0001s ]
SQL: SELECT `user_id`,`user_name`,`user_img`,`user_rank` FROM `user` WHERE `user_id` = 881  [ RunTime:0.0001s ]
SQL: SELECT `user_id`,`user_name`,`user_img`,`user_rank` FROM `user` WHERE `user_id` = 889  [ RunTime:0.0001s ]
SQL: SELECT `user_id`,`user_name`,`user_img`,`user_rank` FROM `user` WHERE `user_id` = 888  [ RunTime:0.0002s ]
SQL: SELECT `user_id`,`user_name`,`user_exp`,`user_img`,`user_brief` FROM `user` ORDER BY user_exp desc LIMIT 4   [ RunTime:0.0003s ]
SQL: SELECT * FROM `tuser` ORDER BY tuser_publish desc LIMIT 10   [ RunTime:0.0001s ]
SQL: SHOW COLUMNS FROM `user` [ RunTime:0.0006s ]
SQL: SELECT * FROM `user` WHERE `user_id` = 793  [ RunTime:0.0002s ]
SQL: SELECT * FROM `user` WHERE `user_id` = 794  [ RunTime:0.0002s ]
SQL: SELECT * FROM `tarticle` ORDER BY tarticle_continue desc LIMIT 10   [ RunTime:0.0002s ]
INFO: [ view_parse ] --START--
INFO: [ template_filter ] --START--
INFO: Run Behavior\ContentReplaceBehavior [ RunTime:0.000132s ]
INFO: [ template_filter ] --END-- [ RunTime:0.000189s ]
NOTIC: [8] Undefined variable: login_info /var/www/html/daixu/Application/Runtime/Cache/Home/e47f4754f315ce581fa03e89eac20acb.php 第 32 行.
NOTIC: [8] Undefined variable: notice_news_num /var/www/html/daixu/Application/Runtime/Cache/Home/e47f4754f315ce581fa03e89eac20acb.php 第 35 行.
NOTIC: [8] Undefined variable: login_info /var/www/html/daixu/Application/Runtime/Cache/Home/e47f4754f315ce581fa03e89eac20acb.php 第 38 行.
NOTIC: [8] Undefined variable: login_info /var/www/html/daixu/Application/Runtime/Cache/Home/e47f4754f315ce581fa03e89eac20acb.php 第 38 行.
NOTIC: [8] Undefined variable: login_info /var/www/html/daixu/Application/Runtime/Cache/Home/e47f4754f315ce581fa03e89eac20acb.php 第 121 行.
NOTIC: [8] Undefined variable: login_info /var/www/html/daixu/Application/Runtime/Cache/Home/e47f4754f315ce581fa03e89eac20acb.php 第 122 行.
NOTIC: [8] Undefined variable: login_info /var/www/html/daixu/Application/Runtime/Cache/Home/e47f4754f315ce581fa03e89eac20acb.php 第 122 行.
NOTIC: [8] Undefined variable: login_info /var/www/html/daixu/Application/Runtime/Cache/Home/e47f4754f315ce581fa03e89eac20acb.php 第 124 行.
NOTIC: [8] Undefined variable: login_info /var/www/html/daixu/Application/Runtime/Cache/Home/e47f4754f315ce581fa03e89eac20acb.php 第 125 行.
NOTIC: [8] Undefined variable: login_info /var/www/html/daixu/Application/Runtime/Cache/Home/e47f4754f315ce581fa03e89eac20acb.php 第 126 行.
INFO: Run Behavior\ParseTemplateBehavior [ RunTime:0.013597s ]
INFO: [ view_parse ] --END-- [ RunTime:0.013646s ]
INFO: [ view_filter ] --START--
INFO: Run Behavior\WriteHtmlCacheBehavior [ RunTime:0.000129s ]
INFO: [ view_filter ] --END-- [ RunTime:0.000167s ]
INFO: [ app_end ] --START--
INFO: Run Behavior\ShowPageTraceBehavior [ RunTime:0.000453s ]
INFO: [ app_end ] --END-- [ RunTime:0.000499s ]

[ 2016-10-29T01:34:42+08:00 ] 107.151.202.23 www.baidu.com:443
INFO: [ app_init ] --START--
INFO: Run Behavior\BuildLiteBehavior [ RunTime:0.000020s ]
INFO: [ app_init ] --END-- [ RunTime:0.000472s ]
INFO: [ app_begin ] --START--
INFO: Run Behavior\ReadHtmlCacheBehavior [ RunTime:0.000431s ]
INFO: [ app_begin ] --END-- [ RunTime:0.000479s ]
SQL: SHOW COLUMNS FROM `adv` [ RunTime:0.0006s ]
SQL: SHOW COLUMNS FROM `article` [ RunTime:0.0005s ]
SQL: SHOW COLUMNS FROM `user` [ RunTime:0.0006s ]
SQL: SHOW COLUMNS FROM `tuser` [ RunTime:0.0004s ]
SQL: SHOW COLUMNS FROM `tarticle` [ RunTime:0.0004s ]
SQL: SELECT COUNT(*) AS tp_count FROM `article` LIMIT 1   [ RunTime:0.0002s ]
SQL: SELECT * FROM `article` ORDER BY article_update desc LIMIT 0,9   [ RunTime:0.0003s ]
SQL: SHOW COLUMNS FROM `user` [ RunTime:0.0006s ]
SQL: SELECT `user_id`,`user_name`,`user_img`,`user_rank` FROM `user` WHERE `user_id` = 887  [ RunTime:0.0002s ]
SQL: SELECT `user_id`,`user_name`,`user_img`,`user_rank` FROM `user` WHERE `user_id` = 869  [ RunTime:0.0004s ]
SQL: SELECT `user_id`,`user_name`,`user_img`,`user_rank` FROM `user` WHERE `user_id` = 869  [ RunTime:0.0002s ]
SQL: SELECT `user_id`,`user_name`,`user_img`,`user_rank` FROM `user` WHERE `user_id` = 879  [ RunTime:0.0002s ]
SQL: SELECT `user_id`,`user_name`,`user_img`,`user_rank` FROM `user` WHERE `user_id` = 881  [ RunTime:0.0002s ]
SQL: SELECT `user_id`,`user_name`,`user_img`,`user_rank` FROM `user` WHERE `user_id` = 890  [ RunTime:0.0002s ]
SQL: SELECT `user_id`,`user_name`,`user_img`,`user_rank` FROM `user` WHERE `user_id` = 881  [ RunTime:0.0001s ]
SQL: SELECT `user_id`,`user_name`,`user_img`,`user_rank` FROM `user` WHERE `user_id` = 889  [ RunTime:0.0001s ]
SQL: SELECT `user_id`,`user_name`,`user_img`,`user_rank` FROM `user` WHERE `user_id` = 888  [ RunTime:0.0001s ]
INFO: [ view_parse ] --START--
INFO: [ template_filter ] --START--
INFO: Run Behavior\ContentReplaceBehavior [ RunTime:0.000118s ]
INFO: [ template_filter ] --END-- [ RunTime:0.000177s ]
NOTIC: [8] Undefined variable: login_info /var/www/html/daixu/Application/Runtime/Cache/Home/e47f4754f315ce581fa03e89eac20acb.php 第 32 行.
NOTIC: [8] Undefined variable: notice_news_num /var/www/html/daixu/Application/Runtime/Cache/Home/e47f4754f315ce581fa03e89eac20acb.php 第 35 行.
NOTIC: [8] Undefined variable: login_info /var/www/html/daixu/Application/Runtime/Cache/Home/e47f4754f315ce581fa03e89eac20acb.php 第 38 行.
NOTIC: [8] Undefined variable: login_info /var/www/html/daixu/Application/Runtime/Cache/Home/e47f4754f315ce581fa03e89eac20acb.php 第 38 行.
NOTIC: [8] Undefined variable: login_info /var/www/html/daixu/Application/Runtime/Cache/Home/e47f4754f315ce581fa03e89eac20acb.php 第 121 行.
NOTIC: [8] Undefined variable: login_info /var/www/html/daixu/Application/Runtime/Cache/Home/e47f4754f315ce581fa03e89eac20acb.php 第 122 行.
NOTIC: [8] Undefined variable: login_info /var/www/html/daixu/Application/Runtime/Cache/Home/e47f4754f315ce581fa03e89eac20acb.php 第 122 行.
NOTIC: [8] Undefined variable: login_info /var/www/html/daixu/Application/Runtime/Cache/Home/e47f4754f315ce581fa03e89eac20acb.php 第 124 行.
NOTIC: [8] Undefined variable: login_info /var/www/html/daixu/Application/Runtime/Cache/Home/e47f4754f315ce581fa03e89eac20acb.php 第 125 行.
NOTIC: [8] Undefined variable: login_info /var/www/html/daixu/Application/Runtime/Cache/Home/e47f4754f315ce581fa03e89eac20acb.php 第 126 行.
INFO: Run Behavior\ParseTemplateBehavior [ RunTime:0.015023s ]
INFO: [ view_parse ] --END-- [ RunTime:0.015093s ]
INFO: [ view_filter ] --START--
INFO: Run Behavior\WriteHtmlCacheBehavior [ RunTime:0.000172s ]
INFO: [ view_filter ] --END-- [ RunTime:0.000226s ]
INFO: [ app_end ] --START--
INFO: Run Behavior\ShowPageTraceBehavior [ RunTime:0.000542s ]
INFO: [ app_end ] --END-- [ RunTime:0.000605s ]

[ 2016-10-29T02:43:44+08:00 ] 185.49.14.190 http://testp1.piwo.pila.pl/testproxy.php
INFO: [ app_init ] --START--
INFO: Run Behavior\BuildLiteBehavior [ RunTime:0.000016s ]
INFO: [ app_init ] --END-- [ RunTime:0.000285s ]
INFO: [ app_begin ] --START--
INFO: Run Behavior\ReadHtmlCacheBehavior [ RunTime:0.000351s ]
INFO: [ app_begin ] --END-- [ RunTime:0.000394s ]
ERR: 无法加载控制器:Testproxy.php

[ 2016-10-29T03:53:13+08:00 ] 108.174.113.45 /
INFO: [ app_init ] --START--
INFO: Run Behavior\BuildLiteBehavior [ RunTime:0.000016s ]
INFO: [ app_init ] --END-- [ RunTime:0.000337s ]
INFO: [ app_begin ] --START--
INFO: Run Behavior\ReadHtmlCacheBehavior [ RunTime:0.000466s ]
INFO: [ app_begin ] --END-- [ RunTime:0.000524s ]
SQL: SHOW COLUMNS FROM `adv` [ RunTime:0.0006s ]
SQL: SHOW COLUMNS FROM `article` [ RunTime:0.0005s ]
SQL: SHOW COLUMNS FROM `user` [ RunTime:0.0009s ]
SQL: SHOW COLUMNS FROM `tuser` [ RunTime:0.0004s ]
SQL: SHOW COLUMNS FROM `tarticle` [ RunTime:0.0004s ]
SQL: SELECT COUNT(*) AS tp_count FROM `article` LIMIT 1   [ RunTime:0.0003s ]
SQL: SELECT * FROM `article` ORDER BY article_update desc LIMIT 0,9   [ RunTime:0.0004s ]
SQL: SHOW COLUMNS FROM `user` [ RunTime:0.0007s ]
SQL: SELECT `user_id`,`user_name`,`user_img`,`user_rank` FROM `user` WHERE `user_id` = 887  [ RunTime:0.0002s ]
SQL: SELECT `user_id`,`user_name`,`user_img`,`user_rank` FROM `user` WHERE `user_id` = 869  [ RunTime:0.0002s ]
SQL: SELECT `user_id`,`user_name`,`user_img`,`user_rank` FROM `user` WHERE `user_id` = 869  [ RunTime:0.0001s ]
SQL: SELECT `user_id`,`user_name`,`user_img`,`user_rank` FROM `user` WHERE `user_id` = 879  [ RunTime:0.0002s ]
SQL: SELECT `user_id`,`user_name`,`user_img`,`user_rank` FROM `user` WHERE `user_id` = 881  [ RunTime:0.0001s ]
SQL: SELECT `user_id`,`user_name`,`user_img`,`user_rank` FROM `user` WHERE `user_id` = 890  [ RunTime:0.0002s ]
SQL: SELECT `user_id`,`user_name`,`user_img`,`user_rank` FROM `user` WHERE `user_id` = 881  [ RunTime:0.0002s ]
SQL: SELECT `user_id`,`user_name`,`user_img`,`user_rank` FROM `user` WHERE `user_id` = 889  [ RunTime:0.0001s ]
SQL: SELECT `user_id`,`user_name`,`user_img`,`user_rank` FROM `user` WHERE `user_id` = 888  [ RunTime:0.0001s ]
SQL: SELECT `user_id`,`user_name`,`user_exp`,`user_img`,`user_brief` FROM `user` ORDER BY user_exp desc LIMIT 4   [ RunTime:0.0004s ]
SQL: SELECT * FROM `tuser` ORDER BY tuser_publish desc LIMIT 10   [ RunTime:0.0002s ]
SQL: SHOW COLUMNS FROM `user` [ RunTime:0.0007s ]
SQL: SELECT * FROM `user` WHERE `user_id` = 793  [ RunTime:0.0002s ]
SQL: SELECT * FROM `user` WHERE `user_id` = 794  [ RunTime:0.0002s ]
SQL: SELECT * FROM `tarticle` ORDER BY tarticle_continue desc LIMIT 10   [ RunTime:0.0002s ]
INFO: [ view_parse ] --START--
INFO: [ template_filter ] --START--
INFO: Run Behavior\ContentReplaceBehavior [ RunTime:0.000163s ]
INFO: [ template_filter ] --END-- [ RunTime:0.000252s ]
NOTIC: [8] Undefined variable: login_info /var/www/html/daixu/Application/Runtime/Cache/Home/e47f4754f315ce581fa03e89eac20acb.php 第 32 行.
NOTIC: [8] Undefined variable: notice_news_num /var/www/html/daixu/Application/Runtime/Cache/Home/e47f4754f315ce581fa03e89eac20acb.php 第 35 行.
NOTIC: [8] Undefined variable: login_info /var/www/html/daixu/Application/Runtime/Cache/Home/e47f4754f315ce581fa03e89eac20acb.php 第 38 行.
NOTIC: [8] Undefined variable: login_info /var/www/html/daixu/Application/Runtime/Cache/Home/e47f4754f315ce581fa03e89eac20acb.php 第 38 行.
NOTIC: [8] Undefined variable: login_info /var/www/html/daixu/Application/Runtime/Cache/Home/e47f4754f315ce581fa03e89eac20acb.php 第 121 行.
NOTIC: [8] Undefined variable: login_info /var/www/html/daixu/Application/Runtime/Cache/Home/e47f4754f315ce581fa03e89eac20acb.php 第 122 行.
NOTIC: [8] Undefined variable: login_info /var/www/html/daixu/Application/Runtime/Cache/Home/e47f4754f315ce581fa03e89eac20acb.php 第 122 行.
NOTIC: [8] Undefined variable: login_info /var/www/html/daixu/Application/Runtime/Cache/Home/e47f4754f315ce581fa03e89eac20acb.php 第 124 行.
NOTIC: [8] Undefined variable: login_info /var/www/html/daixu/Application/Runtime/Cache/Home/e47f4754f315ce581fa03e89eac20acb.php 第 125 行.
NOTIC: [8] Undefined variable: login_info /var/www/html/daixu/Application/Runtime/Cache/Home/e47f4754f315ce581fa03e89eac20acb.php 第 126 行.
INFO: Run Behavior\ParseTemplateBehavior [ RunTime:0.013907s ]
INFO: [ view_parse ] --END-- [ RunTime:0.013953s ]
INFO: [ view_filter ] --START--
INFO: Run Behavior\WriteHtmlCacheBehavior [ RunTime:0.000154s ]
INFO: [ view_filter ] --END-- [ RunTime:0.000193s ]
INFO: [ app_end ] --START--
INFO: Run Behavior\ShowPageTraceBehavior [ RunTime:0.000526s ]
INFO: [ app_end ] --END-- [ RunTime:0.000573s ]

[ 2016-10-29T05:14:11+08:00 ] 61.231.0.35 vip163mx01.mxmail.netease.com:25
INFO: [ app_init ] --START--
INFO: Run Behavior\BuildLiteBehavior [ RunTime:0.000018s ]
INFO: [ app_init ] --END-- [ RunTime:0.000345s ]
INFO: [ app_begin ] --START--
INFO: Run Behavior\ReadHtmlCacheBehavior [ RunTime:0.000349s ]
INFO: [ app_begin ] --END-- [ RunTime:0.000393s ]
SQL: SHOW COLUMNS FROM `adv` [ RunTime:0.0006s ]
SQL: SHOW COLUMNS FROM `article` [ RunTime:0.0006s ]
SQL: SHOW COLUMNS FROM `user` [ RunTime:0.0006s ]
SQL: SHOW COLUMNS FROM `tuser` [ RunTime:0.0004s ]
SQL: SHOW COLUMNS FROM `tarticle` [ RunTime:0.0004s ]
SQL: SELECT COUNT(*) AS tp_count FROM `article` LIMIT 1   [ RunTime:0.0004s ]
SQL: SELECT * FROM `article` ORDER BY article_update desc LIMIT 0,9   [ RunTime:0.0003s ]
SQL: SHOW COLUMNS FROM `user` [ RunTime:0.0007s ]
SQL: SELECT `user_id`,`user_name`,`user_img`,`user_rank` FROM `user` WHERE `user_id` = 887  [ RunTime:0.0002s ]
SQL: SELECT `user_id`,`user_name`,`user_img`,`user_rank` FROM `user` WHERE `user_id` = 869  [ RunTime:0.0002s ]
SQL: SELECT `user_id`,`user_name`,`user_img`,`user_rank` FROM `user` WHERE `user_id` = 869  [ RunTime:0.0001s ]
SQL: SELECT `user_id`,`user_name`,`user_img`,`user_rank` FROM `user` WHERE `user_id` = 879  [ RunTime:0.0001s ]
SQL: SELECT `user_id`,`user_name`,`user_img`,`user_rank` FROM `user` WHERE `user_id` = 881  [ RunTime:0.0002s ]
SQL: SELECT `user_id`,`user_name`,`user_img`,`user_rank` FROM `user` WHERE `user_id` = 890  [ RunTime:0.0001s ]
SQL: SELECT `user_id`,`user_name`,`user_img`,`user_rank` FROM `user` WHERE `user_id` = 881  [ RunTime:0.0001s ]
SQL: SELECT `user_id`,`user_name`,`user_img`,`user_rank` FROM `user` WHERE `user_id` = 889  [ RunTime:0.0001s ]
SQL: SELECT `user_id`,`user_name`,`user_img`,`user_rank` FROM `user` WHERE `user_id` = 888  [ RunTime:0.0001s ]
SQL: SELECT `user_id`,`user_name`,`user_exp`,`user_img`,`user_brief` FROM `user` ORDER BY user_exp desc LIMIT 4   [ RunTime:0.0003s ]
SQL: SELECT * FROM `tuser` ORDER BY tuser_publish desc LIMIT 10   [ RunTime:0.0002s ]
SQL: SHOW COLUMNS FROM `user` [ RunTime:0.0007s ]
SQL: SELECT * FROM `user` WHERE `user_id` = 793  [ RunTime:0.0003s ]
SQL: SELECT * FROM `user` WHERE `user_id` = 794  [ RunTime:0.0002s ]
SQL: SELECT * FROM `tarticle` ORDER BY tarticle_continue desc LIMIT 10   [ RunTime:0.0002s ]
INFO: [ view_parse ] --START--
INFO: [ template_filter ] --START--
INFO: Run Behavior\ContentReplaceBehavior [ RunTime:0.000126s ]
INFO: [ template_filter ] --END-- [ RunTime:0.000230s ]
NOTIC: [8] Undefined variable: login_info /var/www/html/daixu/Application/Runtime/Cache/Home/e47f4754f315ce581fa03e89eac20acb.php 第 32 行.
NOTIC: [8] Undefined variable: notice_news_num /var/www/html/daixu/Application/Runtime/Cache/Home/e47f4754f315ce581fa03e89eac20acb.php 第 35 行.
NOTIC: [8] Undefined variable: login_info /var/www/html/daixu/Application/Runtime/Cache/Home/e47f4754f315ce581fa03e89eac20acb.php 第 38 行.
NOTIC: [8] Undefined variable: login_info /var/www/html/daixu/Application/Runtime/Cache/Home/e47f4754f315ce581fa03e89eac20acb.php 第 38 行.
NOTIC: [8] Undefined variable: login_info /var/www/html/daixu/Application/Runtime/Cache/Home/e47f4754f315ce581fa03e89eac20acb.php 第 121 行.
NOTIC: [8] Undefined variable: login_info /var/www/html/daixu/Application/Runtime/Cache/Home/e47f4754f315ce581fa03e89eac20acb.php 第 122 行.
NOTIC: [8] Undefined variable: login_info /var/www/html/daixu/Application/Runtime/Cache/Home/e47f4754f315ce581fa03e89eac20acb.php 第 122 行.
NOTIC: [8] Undefined variable: login_info /var/www/html/daixu/Application/Runtime/Cache/Home/e47f4754f315ce581fa03e89eac20acb.php 第 124 行.
NOTIC: [8] Undefined variable: login_info /var/www/html/daixu/Application/Runtime/Cache/Home/e47f4754f315ce581fa03e89eac20acb.php 第 125 行.
NOTIC: [8] Undefined variable: login_info /var/www/html/daixu/Application/Runtime/Cache/Home/e47f4754f315ce581fa03e89eac20acb.php 第 126 行.
INFO: Run Behavior\ParseTemplateBehavior [ RunTime:0.022185s ]
INFO: [ view_parse ] --END-- [ RunTime:0.022262s ]
INFO: [ view_filter ] --START--
INFO: Run Behavior\WriteHtmlCacheBehavior [ RunTime:0.000148s ]
INFO: [ view_filter ] --END-- [ RunTime:0.000195s ]
INFO: [ app_end ] --START--
INFO: Run Behavior\ShowPageTraceBehavior [ RunTime:0.000501s ]
INFO: [ app_end ] --END-- [ RunTime:0.000548s ]

[ 2016-10-29T06:05:23+08:00 ] 107.151.202.23 http://www.baidu.com/
INFO: [ app_init ] --START--
INFO: Run Behavior\BuildLiteBehavior [ RunTime:0.000016s ]
INFO: [ app_init ] --END-- [ RunTime:0.000433s ]
INFO: [ app_begin ] --START--
INFO: Run Behavior\ReadHtmlCacheBehavior [ RunTime:0.000359s ]
INFO: [ app_begin ] --END-- [ RunTime:0.000457s ]
SQL: SHOW COLUMNS FROM `adv` [ RunTime:0.0009s ]
SQL: SHOW COLUMNS FROM `article` [ RunTime:0.0005s ]
SQL: SHOW COLUMNS FROM `user` [ RunTime:0.0006s ]
SQL: SHOW COLUMNS FROM `tuser` [ RunTime:0.0004s ]
SQL: SHOW COLUMNS FROM `tarticle` [ RunTime:0.0004s ]
SQL: SELECT COUNT(*) AS tp_count FROM `article` LIMIT 1   [ RunTime:0.0004s ]
SQL: SELECT * FROM `article` ORDER BY article_update desc LIMIT 0,9   [ RunTime:0.0004s ]
SQL: SHOW COLUMNS FROM `user` [ RunTime:0.0007s ]
SQL: SELECT `user_id`,`user_name`,`user_img`,`user_rank` FROM `user` WHERE `user_id` = 887  [ RunTime:0.0002s ]
SQL: SELECT `user_id`,`user_name`,`user_img`,`user_rank` FROM `user` WHERE `user_id` = 869  [ RunTime:0.0002s ]
SQL: SELECT `user_id`,`user_name`,`user_img`,`user_rank` FROM `user` WHERE `user_id` = 869  [ RunTime:0.0002s ]
SQL: SELECT `user_id`,`user_name`,`user_img`,`user_rank` FROM `user` WHERE `user_id` = 879  [ RunTime:0.0001s ]
SQL: SELECT `user_id`,`user_name`,`user_img`,`user_rank` FROM `user` WHERE `user_id` = 881  [ RunTime:0.0001s ]
SQL: SELECT `user_id`,`user_name`,`user_img`,`user_rank` FROM `user` WHERE `user_id` = 890  [ RunTime:0.0001s ]
SQL: SELECT `user_id`,`user_name`,`user_img`,`user_rank` FROM `user` WHERE `user_id` = 881  [ RunTime:0.0002s ]
SQL: SELECT `user_id`,`user_name`,`user_img`,`user_rank` FROM `user` WHERE `user_id` = 889  [ RunTime:0.0002s ]
SQL: SELECT `user_id`,`user_name`,`user_img`,`user_rank` FROM `user` WHERE `user_id` = 888  [ RunTime:0.0002s ]
SQL: SELECT `user_id`,`user_name`,`user_exp`,`user_img`,`user_brief` FROM `user` ORDER BY user_exp desc LIMIT 4   [ RunTime:0.0004s ]
SQL: SELECT * FROM `tuser` ORDER BY tuser_publish desc LIMIT 10   [ RunTime:0.0002s ]
SQL: SHOW COLUMNS FROM `user` [ RunTime:0.0010s ]
SQL: SELECT * FROM `user` WHERE `user_id` = 793  [ RunTime:0.0003s ]
SQL: SELECT * FROM `user` WHERE `user_id` = 794  [ RunTime:0.0003s ]
SQL: SELECT * FROM `tarticle` ORDER BY tarticle_continue desc LIMIT 10   [ RunTime:0.0002s ]
INFO: [ view_parse ] --START--
INFO: [ template_filter ] --START--
INFO: Run Behavior\ContentReplaceBehavior [ RunTime:0.000116s ]
INFO: [ template_filter ] --END-- [ RunTime:0.000195s ]
NOTIC: [8] Undefined variable: login_info /var/www/html/daixu/Application/Runtime/Cache/Home/e47f4754f315ce581fa03e89eac20acb.php 第 32 行.
NOTIC: [8] Undefined variable: notice_news_num /var/www/html/daixu/Application/Runtime/Cache/Home/e47f4754f315ce581fa03e89eac20acb.php 第 35 行.
NOTIC: [8] Undefined variable: login_info /var/www/html/daixu/Application/Runtime/Cache/Home/e47f4754f315ce581fa03e89eac20acb.php 第 38 行.
NOTIC: [8] Undefined variable: login_info /var/www/html/daixu/Application/Runtime/Cache/Home/e47f4754f315ce581fa03e89eac20acb.php 第 38 行.
NOTIC: [8] Undefined variable: login_info /var/www/html/daixu/Application/Runtime/Cache/Home/e47f4754f315ce581fa03e89eac20acb.php 第 121 行.
NOTIC: [8] Undefined variable: login_info /var/www/html/daixu/Application/Runtime/Cache/Home/e47f4754f315ce581fa03e89eac20acb.php 第 122 行.
NOTIC: [8] Undefined variable: login_info /var/www/html/daixu/Application/Runtime/Cache/Home/e47f4754f315ce581fa03e89eac20acb.php 第 122 行.
NOTIC: [8] Undefined variable: login_info /var/www/html/daixu/Application/Runtime/Cache/Home/e47f4754f315ce581fa03e89eac20acb.php 第 124 行.
NOTIC: [8] Undefined variable: login_info /var/www/html/daixu/Application/Runtime/Cache/Home/e47f4754f315ce581fa03e89eac20acb.php 第 125 行.
NOTIC: [8] Undefined variable: login_info /var/www/html/daixu/Application/Runtime/Cache/Home/e47f4754f315ce581fa03e89eac20acb.php 第 126 行.
INFO: Run Behavior\ParseTemplateBehavior [ RunTime:0.013148s ]
INFO: [ view_parse ] --END-- [ RunTime:0.013207s ]
INFO: [ view_filter ] --START--
INFO: Run Behavior\WriteHtmlCacheBehavior [ RunTime:0.000177s ]
INFO: [ view_filter ] --END-- [ RunTime:0.000216s ]
INFO: [ app_end ] --START--
INFO: Run Behavior\ShowPageTraceBehavior [ RunTime:0.000479s ]
INFO: [ app_end ] --END-- [ RunTime:0.000525s ]

[ 2016-10-29T06:05:24+08:00 ] 107.151.202.23 www.baidu.com:443
INFO: [ app_init ] --START--
INFO: Run Behavior\BuildLiteBehavior [ RunTime:0.000021s ]
INFO: [ app_init ] --END-- [ RunTime:0.000328s ]
INFO: [ app_begin ] --START--
INFO: Run Behavior\ReadHtmlCacheBehavior [ RunTime:0.000355s ]
INFO: [ app_begin ] --END-- [ RunTime:0.000400s ]
SQL: SHOW COLUMNS FROM `adv` [ RunTime:0.0007s ]
SQL: SHOW COLUMNS FROM `article` [ RunTime:0.0006s ]
SQL: SHOW COLUMNS FROM `user` [ RunTime:0.0006s ]
SQL: SHOW COLUMNS FROM `tuser` [ RunTime:0.0004s ]
SQL: SHOW COLUMNS FROM `tarticle` [ RunTime:0.0004s ]
SQL: SELECT COUNT(*) AS tp_count FROM `article` LIMIT 1   [ RunTime:0.0003s ]
SQL: SELECT * FROM `article` ORDER BY article_update desc LIMIT 0,9   [ RunTime:0.0004s ]
SQL: SHOW COLUMNS FROM `user` [ RunTime:0.0006s ]
SQL: SELECT `user_id`,`user_name`,`user_img`,`user_rank` FROM `user` WHERE `user_id` = 887  [ RunTime:0.0002s ]
SQL: SELECT `user_id`,`user_name`,`user_img`,`user_rank` FROM `user` WHERE `user_id` = 869  [ RunTime:0.0002s ]
SQL: SELECT `user_id`,`user_name`,`user_img`,`user_rank` FROM `user` WHERE `user_id` = 869  [ RunTime:0.0002s ]
SQL: SELECT `user_id`,`user_name`,`user_img`,`user_rank` FROM `user` WHERE `user_id` = 879  [ RunTime:0.0001s ]
SQL: SELECT `user_id`,`user_name`,`user_img`,`user_rank` FROM `user` WHERE `user_id` = 881  [ RunTime:0.0001s ]
SQL: SELECT `user_id`,`user_name`,`user_img`,`user_rank` FROM `user` WHERE `user_id` = 890  [ RunTime:0.0002s ]
SQL: SELECT `user_id`,`user_name`,`user_img`,`user_rank` FROM `user` WHERE `user_id` = 881  [ RunTime:0.0001s ]
SQL: SELECT `user_id`,`user_name`,`user_img`,`user_rank` FROM `user` WHERE `user_id` = 889  [ RunTime:0.0001s ]
SQL: SELECT `user_id`,`user_name`,`user_img`,`user_rank` FROM `user` WHERE `user_id` = 888  [ RunTime:0.0001s ]
INFO: [ view_parse ] --START--
INFO: [ template_filter ] --START--
INFO: Run Behavior\ContentReplaceBehavior [ RunTime:0.000120s ]
INFO: [ template_filter ] --END-- [ RunTime:0.000179s ]
NOTIC: [8] Undefined variable: login_info /var/www/html/daixu/Application/Runtime/Cache/Home/e47f4754f315ce581fa03e89eac20acb.php 第 32 行.
NOTIC: [8] Undefined variable: notice_news_num /var/www/html/daixu/Application/Runtime/Cache/Home/e47f4754f315ce581fa03e89eac20acb.php 第 35 行.
NOTIC: [8] Undefined variable: login_info /var/www/html/daixu/Application/Runtime/Cache/Home/e47f4754f315ce581fa03e89eac20acb.php 第 38 行.
NOTIC: [8] Undefined variable: login_info /var/www/html/daixu/Application/Runtime/Cache/Home/e47f4754f315ce581fa03e89eac20acb.php 第 38 行.
NOTIC: [8] Undefined variable: login_info /var/www/html/daixu/Application/Runtime/Cache/Home/e47f4754f315ce581fa03e89eac20acb.php 第 121 行.
NOTIC: [8] Undefined variable: login_info /var/www/html/daixu/Application/Runtime/Cache/Home/e47f4754f315ce581fa03e89eac20acb.php 第 122 行.
NOTIC: [8] Undefined variable: login_info /var/www/html/daixu/Application/Runtime/Cache/Home/e47f4754f315ce581fa03e89eac20acb.php 第 122 行.
NOTIC: [8] Undefined variable: login_info /var/www/html/daixu/Application/Runtime/Cache/Home/e47f4754f315ce581fa03e89eac20acb.php 第 124 行.
NOTIC: [8] Undefined variable: login_info /var/www/html/daixu/Application/Runtime/Cache/Home/e47f4754f315ce581fa03e89eac20acb.php 第 125 行.
NOTIC: [8] Undefined variable: login_info /var/www/html/daixu/Application/Runtime/Cache/Home/e47f4754f315ce581fa03e89eac20acb.php 第 126 行.
INFO: Run Behavior\ParseTemplateBehavior [ RunTime:0.014066s ]
INFO: [ view_parse ] --END-- [ RunTime:0.014112s ]
INFO: [ view_filter ] --START--
INFO: Run Behavior\WriteHtmlCacheBehavior [ RunTime:0.000127s ]
INFO: [ view_filter ] --END-- [ RunTime:0.000166s ]
INFO: [ app_end ] --START--
INFO: Run Behavior\ShowPageTraceBehavior [ RunTime:0.000392s ]
INFO: [ app_end ] --END-- [ RunTime:0.000437s ]

[ 2016-10-29T08:36:03+08:00 ] 107.151.202.23 http://www.baidu.com/
INFO: [ app_init ] --START--
INFO: Run Behavior\BuildLiteBehavior [ RunTime:0.000020s ]
INFO: [ app_init ] --END-- [ RunTime:0.000321s ]
INFO: [ app_begin ] --START--
INFO: Run Behavior\ReadHtmlCacheBehavior [ RunTime:0.000363s ]
INFO: [ app_begin ] --END-- [ RunTime:0.000412s ]
SQL: SHOW COLUMNS FROM `adv` [ RunTime:0.0008s ]
SQL: SHOW COLUMNS FROM `article` [ RunTime:0.0006s ]
SQL: SHOW COLUMNS FROM `user` [ RunTime:0.0006s ]
SQL: SHOW COLUMNS FROM `tuser` [ RunTime:0.0004s ]
SQL: SHOW COLUMNS FROM `tarticle` [ RunTime:0.0004s ]
SQL: SELECT COUNT(*) AS tp_count FROM `article` LIMIT 1   [ RunTime:0.0003s ]
SQL: SELECT * FROM `article` ORDER BY article_update desc LIMIT 0,9   [ RunTime:0.0003s ]
SQL: SHOW COLUMNS FROM `user` [ RunTime:0.0008s ]
SQL: SELECT `user_id`,`user_name`,`user_img`,`user_rank` FROM `user` WHERE `user_id` = 887  [ RunTime:0.0002s ]
SQL: SELECT `user_id`,`user_name`,`user_img`,`user_rank` FROM `user` WHERE `user_id` = 869  [ RunTime:0.0002s ]
SQL: SELECT `user_id`,`user_name`,`user_img`,`user_rank` FROM `user` WHERE `user_id` = 869  [ RunTime:0.0002s ]
SQL: SELECT `user_id`,`user_name`,`user_img`,`user_rank` FROM `user` WHERE `user_id` = 879  [ RunTime:0.0002s ]
SQL: SELECT `user_id`,`user_name`,`user_img`,`user_rank` FROM `user` WHERE `user_id` = 881  [ RunTime:0.0001s ]
SQL: SELECT `user_id`,`user_name`,`user_img`,`user_rank` FROM `user` WHERE `user_id` = 890  [ RunTime:0.0002s ]
SQL: SELECT `user_id`,`user_name`,`user_img`,`user_rank` FROM `user` WHERE `user_id` = 881  [ RunTime:0.0001s ]
SQL: SELECT `user_id`,`user_name`,`user_img`,`user_rank` FROM `user` WHERE `user_id` = 889  [ RunTime:0.0001s ]
SQL: SELECT `user_id`,`user_name`,`user_img`,`user_rank` FROM `user` WHERE `user_id` = 888  [ RunTime:0.0001s ]
SQL: SELECT `user_id`,`user_name`,`user_exp`,`user_img`,`user_brief` FROM `user` ORDER BY user_exp desc LIMIT 4   [ RunTime:0.0003s ]
SQL: SELECT * FROM `tuser` ORDER BY tuser_publish desc LIMIT 10   [ RunTime:0.0002s ]
SQL: SHOW COLUMNS FROM `user` [ RunTime:0.0007s ]
SQL: SELECT * FROM `user` WHERE `user_id` = 793  [ RunTime:0.0002s ]
SQL: SELECT * FROM `user` WHERE `user_id` = 794  [ RunTime:0.0002s ]
SQL: SELECT * FROM `tarticle` ORDER BY tarticle_continue desc LIMIT 10   [ RunTime:0.0002s ]
INFO: [ view_parse ] --START--
INFO: [ template_filter ] --START--
INFO: Run Behavior\ContentReplaceBehavior [ RunTime:0.000128s ]
INFO: [ template_filter ] --END-- [ RunTime:0.000229s ]
NOTIC: [8] Undefined variable: login_info /var/www/html/daixu/Application/Runtime/Cache/Home/e47f4754f315ce581fa03e89eac20acb.php 第 32 行.
NOTIC: [8] Undefined variable: notice_news_num /var/www/html/daixu/Application/Runtime/Cache/Home/e47f4754f315ce581fa03e89eac20acb.php 第 35 行.
NOTIC: [8] Undefined variable: login_info /var/www/html/daixu/Application/Runtime/Cache/Home/e47f4754f315ce581fa03e89eac20acb.php 第 38 行.
NOTIC: [8] Undefined variable: login_info /var/www/html/daixu/Application/Runtime/Cache/Home/e47f4754f315ce581fa03e89eac20acb.php 第 38 行.
NOTIC: [8] Undefined variable: login_info /var/www/html/daixu/Application/Runtime/Cache/Home/e47f4754f315ce581fa03e89eac20acb.php 第 121 行.
NOTIC: [8] Undefined variable: login_info /var/www/html/daixu/Application/Runtime/Cache/Home/e47f4754f315ce581fa03e89eac20acb.php 第 122 行.
NOTIC: [8] Undefined variable: login_info /var/www/html/daixu/Application/Runtime/Cache/Home/e47f4754f315ce581fa03e89eac20acb.php 第 122 行.
NOTIC: [8] Undefined variable: login_info /var/www/html/daixu/Application/Runtime/Cache/Home/e47f4754f315ce581fa03e89eac20acb.php 第 124 行.
NOTIC: [8] Undefined variable: login_info /var/www/html/daixu/Application/Runtime/Cache/Home/e47f4754f315ce581fa03e89eac20acb.php 第 125 行.
NOTIC: [8] Undefined variable: login_info /var/www/html/daixu/Application/Runtime/Cache/Home/e47f4754f315ce581fa03e89eac20acb.php 第 126 行.
INFO: Run Behavior\ParseTemplateBehavior [ RunTime:0.016444s ]
INFO: [ view_parse ] --END-- [ RunTime:0.016520s ]
INFO: [ view_filter ] --START--
INFO: Run Behavior\WriteHtmlCacheBehavior [ RunTime:0.000212s ]
INFO: [ view_filter ] --END-- [ RunTime:0.000285s ]
INFO: [ app_end ] --START--
INFO: Run Behavior\ShowPageTraceBehavior [ RunTime:0.000746s ]
INFO: [ app_end ] --END-- [ RunTime:0.000826s ]

[ 2016-10-29T08:36:04+08:00 ] 107.151.202.23 www.baidu.com:443
INFO: [ app_init ] --START--
INFO: Run Behavior\BuildLiteBehavior [ RunTime:0.000023s ]
INFO: [ app_init ] --END-- [ RunTime:0.000438s ]
INFO: [ app_begin ] --START--
INFO: Run Behavior\ReadHtmlCacheBehavior [ RunTime:0.000546s ]
INFO: [ app_begin ] --END-- [ RunTime:0.000619s ]
SQL: SHOW COLUMNS FROM `adv` [ RunTime:0.0006s ]
SQL: SHOW COLUMNS FROM `article` [ RunTime:0.0006s ]
SQL: SHOW COLUMNS FROM `user` [ RunTime:0.0006s ]
SQL: SHOW COLUMNS FROM `tuser` [ RunTime:0.0004s ]
SQL: SHOW COLUMNS FROM `tarticle` [ RunTime:0.0004s ]
SQL: SELECT COUNT(*) AS tp_count FROM `article` LIMIT 1   [ RunTime:0.0003s ]
SQL: SELECT * FROM `article` ORDER BY article_update desc LIMIT 0,9   [ RunTime:0.0004s ]
SQL: SHOW COLUMNS FROM `user` [ RunTime:0.0007s ]
SQL: SELECT `user_id`,`user_name`,`user_img`,`user_rank` FROM `user` WHERE `user_id` = 887  [ RunTime:0.0002s ]
SQL: SELECT `user_id`,`user_name`,`user_img`,`user_rank` FROM `user` WHERE `user_id` = 869  [ RunTime:0.0002s ]
SQL: SELECT `user_id`,`user_name`,`user_img`,`user_rank` FROM `user` WHERE `user_id` = 869  [ RunTime:0.0001s ]
SQL: SELECT `user_id`,`user_name`,`user_img`,`user_rank` FROM `user` WHERE `user_id` = 879  [ RunTime:0.0001s ]
SQL: SELECT `user_id`,`user_name`,`user_img`,`user_rank` FROM `user` WHERE `user_id` = 881  [ RunTime:0.0001s ]
SQL: SELECT `user_id`,`user_name`,`user_img`,`user_rank` FROM `user` WHERE `user_id` = 890  [ RunTime:0.0001s ]
SQL: SELECT `user_id`,`user_name`,`user_img`,`user_rank` FROM `user` WHERE `user_id` = 881  [ RunTime:0.0001s ]
SQL: SELECT `user_id`,`user_name`,`user_img`,`user_rank` FROM `user` WHERE `user_id` = 889  [ RunTime:0.0002s ]
SQL: SELECT `user_id`,`user_name`,`user_img`,`user_rank` FROM `user` WHERE `user_id` = 888  [ RunTime:0.0001s ]
INFO: [ view_parse ] --START--
INFO: [ template_filter ] --START--
INFO: Run Behavior\ContentReplaceBehavior [ RunTime:0.000119s ]
INFO: [ template_filter ] --END-- [ RunTime:0.000187s ]
NOTIC: [8] Undefined variable: login_info /var/www/html/daixu/Application/Runtime/Cache/Home/e47f4754f315ce581fa03e89eac20acb.php 第 32 行.
NOTIC: [8] Undefined variable: notice_news_num /var/www/html/daixu/Application/Runtime/Cache/Home/e47f4754f315ce581fa03e89eac20acb.php 第 35 行.
NOTIC: [8] Undefined variable: login_info /var/www/html/daixu/Application/Runtime/Cache/Home/e47f4754f315ce581fa03e89eac20acb.php 第 38 行.
NOTIC: [8] Undefined variable: login_info /var/www/html/daixu/Application/Runtime/Cache/Home/e47f4754f315ce581fa03e89eac20acb.php 第 38 行.
NOTIC: [8] Undefined variable: login_info /var/www/html/daixu/Application/Runtime/Cache/Home/e47f4754f315ce581fa03e89eac20acb.php 第 121 行.
NOTIC: [8] Undefined variable: login_info /var/www/html/daixu/Application/Runtime/Cache/Home/e47f4754f315ce581fa03e89eac20acb.php 第 122 行.
NOTIC: [8] Undefined variable: login_info /var/www/html/daixu/Application/Runtime/Cache/Home/e47f4754f315ce581fa03e89eac20acb.php 第 122 行.
NOTIC: [8] Undefined variable: login_info /var/www/html/daixu/Application/Runtime/Cache/Home/e47f4754f315ce581fa03e89eac20acb.php 第 124 行.
NOTIC: [8] Undefined variable: login_info /var/www/html/daixu/Application/Runtime/Cache/Home/e47f4754f315ce581fa03e89eac20acb.php 第 125 行.
NOTIC: [8] Undefined variable: login_info /var/www/html/daixu/Application/Runtime/Cache/Home/e47f4754f315ce581fa03e89eac20acb.php 第 126 行.
INFO: Run Behavior\ParseTemplateBehavior [ RunTime:0.014034s ]
INFO: [ view_parse ] --END-- [ RunTime:0.014081s ]
INFO: [ view_filter ] --START--
INFO: Run Behavior\WriteHtmlCacheBehavior [ RunTime:0.000166s ]
INFO: [ view_filter ] --END-- [ RunTime:0.000219s ]
INFO: [ app_end ] --START--
INFO: Run Behavior\ShowPageTraceBehavior [ RunTime:0.000469s ]
INFO: [ app_end ] --END-- [ RunTime:0.000515s ]

[ 2016-10-29T12:39:24+08:00 ] 185.25.148.240 http://testp1.piwo.pila.pl/testproxy.php
INFO: [ app_init ] --START--
INFO: Run Behavior\BuildLiteBehavior [ RunTime:0.000022s ]
INFO: [ app_init ] --END-- [ RunTime:0.000451s ]
INFO: [ app_begin ] --START--
INFO: Run Behavior\ReadHtmlCacheBehavior [ RunTime:0.000401s ]
INFO: [ app_begin ] --END-- [ RunTime:0.000447s ]
ERR: 无法加载控制器:Testproxy.php

[ 2016-10-29T12:56:04+08:00 ] 171.88.124.160 /favicon.ico
INFO: [ app_init ] --START--
INFO: Run Behavior\BuildLiteBehavior [ RunTime:0.000015s ]
INFO: [ app_init ] --END-- [ RunTime:0.000339s ]

[ 2016-10-29T13:47:29+08:00 ] 112.74.206.117 /admin
INFO: [ app_init ] --START--
INFO: Run Behavior\BuildLiteBehavior [ RunTime:0.000016s ]
INFO: [ app_init ] --END-- [ RunTime:0.000287s ]
INFO: [ app_begin ] --START--
INFO: Run Behavior\ReadHtmlCacheBehavior [ RunTime:0.000413s ]
INFO: [ app_begin ] --END-- [ RunTime:0.000462s ]
ERR: 无法加载控制器:Admin

[ 2016-10-29T15:28:55+08:00 ] 193.179.12.122 /
INFO: [ app_init ] --START--
INFO: Run Behavior\BuildLiteBehavior [ RunTime:0.000016s ]
INFO: [ app_init ] --END-- [ RunTime:0.000289s ]
INFO: [ app_begin ] --START--
INFO: Run Behavior\ReadHtmlCacheBehavior [ RunTime:0.000372s ]
INFO: [ app_begin ] --END-- [ RunTime:0.000467s ]
SQL: SHOW COLUMNS FROM `adv` [ RunTime:0.0007s ]
SQL: SHOW COLUMNS FROM `article` [ RunTime:0.0006s ]
SQL: SHOW COLUMNS FROM `user` [ RunTime:0.0006s ]
SQL: SHOW COLUMNS FROM `tuser` [ RunTime:0.0005s ]
SQL: SHOW COLUMNS FROM `tarticle` [ RunTime:0.0004s ]
SQL: SELECT COUNT(*) AS tp_count FROM `article` LIMIT 1   [ RunTime:0.0003s ]
SQL: SELECT * FROM `article` ORDER BY article_update desc LIMIT 0,9   [ RunTime:0.0004s ]
SQL: SHOW COLUMNS FROM `user` [ RunTime:0.0007s ]
SQL: SELECT `user_id`,`user_name`,`user_img`,`user_rank` FROM `user` WHERE `user_id` = 887  [ RunTime:0.0002s ]
SQL: SELECT `user_id`,`user_name`,`user_img`,`user_rank` FROM `user` WHERE `user_id` = 869  [ RunTime:0.0002s ]
SQL: SELECT `user_id`,`user_name`,`user_img`,`user_rank` FROM `user` WHERE `user_id` = 869  [ RunTime:0.0001s ]
SQL: SELECT `user_id`,`user_name`,`user_img`,`user_rank` FROM `user` WHERE `user_id` = 879  [ RunTime:0.0001s ]
SQL: SELECT `user_id`,`user_name`,`user_img`,`user_rank` FROM `user` WHERE `user_id` = 881  [ RunTime:0.0001s ]
SQL: SELECT `user_id`,`user_name`,`user_img`,`user_rank` FROM `user` WHERE `user_id` = 890  [ RunTime:0.0001s ]
SQL: SELECT `user_id`,`user_name`,`user_img`,`user_rank` FROM `user` WHERE `user_id` = 881  [ RunTime:0.0001s ]
SQL: SELECT `user_id`,`user_name`,`user_img`,`user_rank` FROM `user` WHERE `user_id` = 889  [ RunTime:0.0001s ]
SQL: SELECT `user_id`,`user_name`,`user_img`,`user_rank` FROM `user` WHERE `user_id` = 888  [ RunTime:0.0002s ]
SQL: SELECT `user_id`,`user_name`,`user_exp`,`user_img`,`user_brief` FROM `user` ORDER BY user_exp desc LIMIT 4   [ RunTime:0.0003s ]
SQL: SELECT * FROM `tuser` ORDER BY tuser_publish desc LIMIT 10   [ RunTime:0.0003s ]
SQL: SHOW COLUMNS FROM `user` [ RunTime:0.0006s ]
SQL: SELECT * FROM `user` WHERE `user_id` = 793  [ RunTime:0.0002s ]
SQL: SELECT * FROM `user` WHERE `user_id` = 794  [ RunTime:0.0002s ]
SQL: SELECT * FROM `tarticle` ORDER BY tarticle_continue desc LIMIT 10   [ RunTime:0.0002s ]
INFO: [ view_parse ] --START--
INFO: [ template_filter ] --START--
INFO: Run Behavior\ContentReplaceBehavior [ RunTime:0.000135s ]
INFO: [ template_filter ] --END-- [ RunTime:0.000211s ]
NOTIC: [8] Undefined variable: login_info /var/www/html/daixu/Application/Runtime/Cache/Home/e47f4754f315ce581fa03e89eac20acb.php 第 32 行.
NOTIC: [8] Undefined variable: notice_news_num /var/www/html/daixu/Application/Runtime/Cache/Home/e47f4754f315ce581fa03e89eac20acb.php 第 35 行.
NOTIC: [8] Undefined variable: login_info /var/www/html/daixu/Application/Runtime/Cache/Home/e47f4754f315ce581fa03e89eac20acb.php 第 38 行.
NOTIC: [8] Undefined variable: login_info /var/www/html/daixu/Application/Runtime/Cache/Home/e47f4754f315ce581fa03e89eac20acb.php 第 38 行.
NOTIC: [8] Undefined variable: login_info /var/www/html/daixu/Application/Runtime/Cache/Home/e47f4754f315ce581fa03e89eac20acb.php 第 121 行.
NOTIC: [8] Undefined variable: login_info /var/www/html/daixu/Application/Runtime/Cache/Home/e47f4754f315ce581fa03e89eac20acb.php 第 122 行.
NOTIC: [8] Undefined variable: login_info /var/www/html/daixu/Application/Runtime/Cache/Home/e47f4754f315ce581fa03e89eac20acb.php 第 122 行.
NOTIC: [8] Undefined variable: login_info /var/www/html/daixu/Application/Runtime/Cache/Home/e47f4754f315ce581fa03e89eac20acb.php 第 124 行.
NOTIC: [8] Undefined variable: login_info /var/www/html/daixu/Application/Runtime/Cache/Home/e47f4754f315ce581fa03e89eac20acb.php 第 125 行.
NOTIC: [8] Undefined variable: login_info /var/www/html/daixu/Application/Runtime/Cache/Home/e47f4754f315ce581fa03e89eac20acb.php 第 126 行.
INFO: Run Behavior\ParseTemplateBehavior [ RunTime:0.014922s ]
INFO: [ view_parse ] --END-- [ RunTime:0.014971s ]
INFO: [ view_filter ] --START--
INFO: Run Behavior\WriteHtmlCacheBehavior [ RunTime:0.000193s ]
INFO: [ view_filter ] --END-- [ RunTime:0.000236s ]
INFO: [ app_end ] --START--
INFO: Run Behavior\ShowPageTraceBehavior [ RunTime:0.000418s ]
INFO: [ app_end ] --END-- [ RunTime:0.000467s ]

[ 2016-10-29T16:36:28+08:00 ] 121.42.32.107 search.yahoo.com:443
INFO: [ app_init ] --START--
INFO: Run Behavior\BuildLiteBehavior [ RunTime:0.000018s ]
INFO: [ app_init ] --END-- [ RunTime:0.000400s ]
INFO: [ app_begin ] --START--
INFO: Run Behavior\ReadHtmlCacheBehavior [ RunTime:0.000408s ]
INFO: [ app_begin ] --END-- [ RunTime:0.000455s ]
SQL: SHOW COLUMNS FROM `adv` [ RunTime:0.0008s ]
SQL: SHOW COLUMNS FROM `article` [ RunTime:0.0007s ]
SQL: SHOW COLUMNS FROM `user` [ RunTime:0.0008s ]
SQL: SHOW COLUMNS FROM `tuser` [ RunTime:0.0006s ]
SQL: SHOW COLUMNS FROM `tarticle` [ RunTime:0.0005s ]
SQL: SELECT COUNT(*) AS tp_count FROM `article` LIMIT 1   [ RunTime:0.0003s ]
SQL: SELECT * FROM `article` ORDER BY article_update desc LIMIT 0,9   [ RunTime:0.0004s ]
SQL: SHOW COLUMNS FROM `user` [ RunTime:0.0006s ]
SQL: SELECT `user_id`,`user_name`,`user_img`,`user_rank` FROM `user` WHERE `user_id` = 887  [ RunTime:0.0002s ]
SQL: SELECT `user_id`,`user_name`,`user_img`,`user_rank` FROM `user` WHERE `user_id` = 869  [ RunTime:0.0002s ]
SQL: SELECT `user_id`,`user_name`,`user_img`,`user_rank` FROM `user` WHERE `user_id` = 869  [ RunTime:0.0002s ]
SQL: SELECT `user_id`,`user_name`,`user_img`,`user_rank` FROM `user` WHERE `user_id` = 879  [ RunTime:0.0001s ]
SQL: SELECT `user_id`,`user_name`,`user_img`,`user_rank` FROM `user` WHERE `user_id` = 881  [ RunTime:0.0001s ]
SQL: SELECT `user_id`,`user_name`,`user_img`,`user_rank` FROM `user` WHERE `user_id` = 890  [ RunTime:0.0002s ]
SQL: SELECT `user_id`,`user_name`,`user_img`,`user_rank` FROM `user` WHERE `user_id` = 881  [ RunTime:0.0001s ]
SQL: SELECT `user_id`,`user_name`,`user_img`,`user_rank` FROM `user` WHERE `user_id` = 889  [ RunTime:0.0001s ]
SQL: SELECT `user_id`,`user_name`,`user_img`,`user_rank` FROM `user` WHERE `user_id` = 888  [ RunTime:0.0001s ]
SQL: SELECT `user_id`,`user_name`,`user_exp`,`user_img`,`user_brief` FROM `user` ORDER BY user_exp desc LIMIT 4   [ RunTime:0.0002s ]
SQL: SELECT * FROM `tuser` ORDER BY tuser_publish desc LIMIT 10   [ RunTime:0.0002s ]
SQL: SHOW COLUMNS FROM `user` [ RunTime:0.0006s ]
SQL: SELECT * FROM `user` WHERE `user_id` = 793  [ RunTime:0.0003s ]
SQL: SELECT * FROM `user` WHERE `user_id` = 794  [ RunTime:0.0002s ]
SQL: SELECT * FROM `tarticle` ORDER BY tarticle_continue desc LIMIT 10   [ RunTime:0.0002s ]
INFO: [ view_parse ] --START--
INFO: [ template_filter ] --START--
INFO: Run Behavior\ContentReplaceBehavior [ RunTime:0.000118s ]
INFO: [ template_filter ] --END-- [ RunTime:0.000184s ]
NOTIC: [8] Undefined variable: login_info /var/www/html/daixu/Application/Runtime/Cache/Home/e47f4754f315ce581fa03e89eac20acb.php 第 32 行.
NOTIC: [8] Undefined variable: notice_news_num /var/www/html/daixu/Application/Runtime/Cache/Home/e47f4754f315ce581fa03e89eac20acb.php 第 35 行.
NOTIC: [8] Undefined variable: login_info /var/www/html/daixu/Application/Runtime/Cache/Home/e47f4754f315ce581fa03e89eac20acb.php 第 38 行.
NOTIC: [8] Undefined variable: login_info /var/www/html/daixu/Application/Runtime/Cache/Home/e47f4754f315ce581fa03e89eac20acb.php 第 38 行.
NOTIC: [8] Undefined variable: login_info /var/www/html/daixu/Application/Runtime/Cache/Home/e47f4754f315ce581fa03e89eac20acb.php 第 121 行.
NOTIC: [8] Undefined variable: login_info /var/www/html/daixu/Application/Runtime/Cache/Home/e47f4754f315ce581fa03e89eac20acb.php 第 122 行.
NOTIC: [8] Undefined variable: login_info /var/www/html/daixu/Application/Runtime/Cache/Home/e47f4754f315ce581fa03e89eac20acb.php 第 122 行.
NOTIC: [8] Undefined variable: login_info /var/www/html/daixu/Application/Runtime/Cache/Home/e47f4754f315ce581fa03e89eac20acb.php 第 124 行.
NOTIC: [8] Undefined variable: login_info /var/www/html/daixu/Application/Runtime/Cache/Home/e47f4754f315ce581fa03e89eac20acb.php 第 125 行.
NOTIC: [8] Undefined variable: login_info /var/www/html/daixu/Application/Runtime/Cache/Home/e47f4754f315ce581fa03e89eac20acb.php 第 126 行.
INFO: Run Behavior\ParseTemplateBehavior [ RunTime:0.013375s ]
INFO: [ view_parse ] --END-- [ RunTime:0.013422s ]
INFO: [ view_filter ] --START--
INFO: Run Behavior\WriteHtmlCacheBehavior [ RunTime:0.000128s ]
INFO: [ view_filter ] --END-- [ RunTime:0.000167s ]
INFO: [ app_end ] --START--
INFO: Run Behavior\ShowPageTraceBehavior [ RunTime:0.000458s ]
INFO: [ app_end ] --END-- [ RunTime:0.000504s ]

[ 2016-10-29T16:36:28+08:00 ] 121.42.32.107 search.yahoo.com:443
INFO: [ app_init ] --START--
INFO: Run Behavior\BuildLiteBehavior [ RunTime:0.000019s ]
INFO: [ app_init ] --END-- [ RunTime:0.000306s ]
INFO: [ app_begin ] --START--
INFO: Run Behavior\ReadHtmlCacheBehavior [ RunTime:0.000373s ]
INFO: [ app_begin ] --END-- [ RunTime:0.000469s ]
SQL: SHOW COLUMNS FROM `adv` [ RunTime:0.0007s ]
SQL: SHOW COLUMNS FROM `article` [ RunTime:0.0005s ]
SQL: SHOW COLUMNS FROM `user` [ RunTime:0.0006s ]
SQL: SHOW COLUMNS FROM `tuser` [ RunTime:0.0004s ]
SQL: SHOW COLUMNS FROM `tarticle` [ RunTime:0.0004s ]
SQL: SELECT COUNT(*) AS tp_count FROM `article` LIMIT 1   [ RunTime:0.0002s ]
SQL: SELECT * FROM `article` ORDER BY article_update desc LIMIT 0,9   [ RunTime:0.0003s ]
SQL: SHOW COLUMNS FROM `user` [ RunTime:0.0006s ]
SQL: SELECT `user_id`,`user_name`,`user_img`,`user_rank` FROM `user` WHERE `user_id` = 887  [ RunTime:0.0002s ]
SQL: SELECT `user_id`,`user_name`,`user_img`,`user_rank` FROM `user` WHERE `user_id` = 869  [ RunTime:0.0002s ]
SQL: SELECT `user_id`,`user_name`,`user_img`,`user_rank` FROM `user` WHERE `user_id` = 869  [ RunTime:0.0002s ]
SQL: SELECT `user_id`,`user_name`,`user_img`,`user_rank` FROM `user` WHERE `user_id` = 879  [ RunTime:0.0001s ]
SQL: SELECT `user_id`,`user_name`,`user_img`,`user_rank` FROM `user` WHERE `user_id` = 881  [ RunTime:0.0001s ]
SQL: SELECT `user_id`,`user_name`,`user_img`,`user_rank` FROM `user` WHERE `user_id` = 890  [ RunTime:0.0001s ]
SQL: SELECT `user_id`,`user_name`,`user_img`,`user_rank` FROM `user` WHERE `user_id` = 881  [ RunTime:0.0002s ]
SQL: SELECT `user_id`,`user_name`,`user_img`,`user_rank` FROM `user` WHERE `user_id` = 889  [ RunTime:0.0001s ]
SQL: SELECT `user_id`,`user_name`,`user_img`,`user_rank` FROM `user` WHERE `user_id` = 888  [ RunTime:0.0001s ]
INFO: [ view_parse ] --START--
INFO: [ template_filter ] --START--
INFO: Run Behavior\ContentReplaceBehavior [ RunTime:0.000117s ]
INFO: [ template_filter ] --END-- [ RunTime:0.000180s ]
NOTIC: [8] Undefined variable: login_info /var/www/html/daixu/Application/Runtime/Cache/Home/e47f4754f315ce581fa03e89eac20acb.php 第 32 行.
NOTIC: [8] Undefined variable: notice_news_num /var/www/html/daixu/Application/Runtime/Cache/Home/e47f4754f315ce581fa03e89eac20acb.php 第 35 行.
NOTIC: [8] Undefined variable: login_info /var/www/html/daixu/Application/Runtime/Cache/Home/e47f4754f315ce581fa03e89eac20acb.php 第 38 行.
NOTIC: [8] Undefined variable: login_info /var/www/html/daixu/Application/Runtime/Cache/Home/e47f4754f315ce581fa03e89eac20acb.php 第 38 行.
NOTIC: [8] Undefined variable: login_info /var/www/html/daixu/Application/Runtime/Cache/Home/e47f4754f315ce581fa03e89eac20acb.php 第 121 行.
NOTIC: [8] Undefined variable: login_info /var/www/html/daixu/Application/Runtime/Cache/Home/e47f4754f315ce581fa03e89eac20acb.php 第 122 行.
NOTIC: [8] Undefined variable: login_info /var/www/html/daixu/Application/Runtime/Cache/Home/e47f4754f315ce581fa03e89eac20acb.php 第 122 行.
NOTIC: [8] Undefined variable: login_info /var/www/html/daixu/Application/Runtime/Cache/Home/e47f4754f315ce581fa03e89eac20acb.php 第 124 行.
NOTIC: [8] Undefined variable: login_info /var/www/html/daixu/Application/Runtime/Cache/Home/e47f4754f315ce581fa03e89eac20acb.php 第 125 行.
NOTIC: [8] Undefined variable: login_info /var/www/html/daixu/Application/Runtime/Cache/Home/e47f4754f315ce581fa03e89eac20acb.php 第 126 行.
INFO: Run Behavior\ParseTemplateBehavior [ RunTime:0.013437s ]
INFO: [ view_parse ] --END-- [ RunTime:0.013485s ]
INFO: [ view_filter ] --START--
INFO: Run Behavior\WriteHtmlCacheBehavior [ RunTime:0.000134s ]
INFO: [ view_filter ] --END-- [ RunTime:0.000173s ]
INFO: [ app_end ] --START--
INFO: Run Behavior\ShowPageTraceBehavior [ RunTime:0.000460s ]
INFO: [ app_end ] --END-- [ RunTime:0.000506s ]

[ 2016-10-29T17:02:53+08:00 ] 172.82.166.210 http://www.baidu.com/cache/global/img/gs.gif
INFO: [ app_init ] --START--
INFO: Run Behavior\BuildLiteBehavior [ RunTime:0.000020s ]
INFO: [ app_init ] --END-- [ RunTime:0.000299s ]

[ 2016-10-29T17:28:48+08:00 ] 112.90.82.218 /
INFO: [ app_init ] --START--
INFO: Run Behavior\BuildLiteBehavior [ RunTime:0.000016s ]
INFO: [ app_init ] --END-- [ RunTime:0.000342s ]
INFO: [ app_begin ] --START--
INFO: Run Behavior\ReadHtmlCacheBehavior [ RunTime:0.000352s ]
INFO: [ app_begin ] --END-- [ RunTime:0.000397s ]
SQL: SHOW COLUMNS FROM `adv` [ RunTime:0.0007s ]
SQL: SHOW COLUMNS FROM `article` [ RunTime:0.0006s ]
SQL: SHOW COLUMNS FROM `user` [ RunTime:0.0006s ]
SQL: SHOW COLUMNS FROM `tuser` [ RunTime:0.0004s ]
SQL: SHOW COLUMNS FROM `tarticle` [ RunTime:0.0004s ]
SQL: SELECT COUNT(*) AS tp_count FROM `article` LIMIT 1   [ RunTime:0.0003s ]
SQL: SELECT * FROM `article` ORDER BY article_update desc LIMIT 0,9   [ RunTime:0.0003s ]
SQL: SHOW COLUMNS FROM `user` [ RunTime:0.0006s ]
SQL: SELECT `user_id`,`user_name`,`user_img`,`user_rank` FROM `user` WHERE `user_id` = 887  [ RunTime:0.0002s ]
SQL: SELECT `user_id`,`user_name`,`user_img`,`user_rank` FROM `user` WHERE `user_id` = 869  [ RunTime:0.0002s ]
SQL: SELECT `user_id`,`user_name`,`user_img`,`user_rank` FROM `user` WHERE `user_id` = 869  [ RunTime:0.0002s ]
SQL: SELECT `user_id`,`user_name`,`user_img`,`user_rank` FROM `user` WHERE `user_id` = 879  [ RunTime:0.0002s ]
SQL: SELECT `user_id`,`user_name`,`user_img`,`user_rank` FROM `user` WHERE `user_id` = 881  [ RunTime:0.0001s ]
SQL: SELECT `user_id`,`user_name`,`user_img`,`user_rank` FROM `user` WHERE `user_id` = 890  [ RunTime:0.0001s ]
SQL: SELECT `user_id`,`user_name`,`user_img`,`user_rank` FROM `user` WHERE `user_id` = 881  [ RunTime:0.0001s ]
SQL: SELECT `user_id`,`user_name`,`user_img`,`user_rank` FROM `user` WHERE `user_id` = 889  [ RunTime:0.0001s ]
SQL: SELECT `user_id`,`user_name`,`user_img`,`user_rank` FROM `user` WHERE `user_id` = 888  [ RunTime:0.0001s ]
SQL: SELECT `user_id`,`user_name`,`user_exp`,`user_img`,`user_brief` FROM `user` ORDER BY user_exp desc LIMIT 4   [ RunTime:0.0002s ]
SQL: SELECT * FROM `tuser` ORDER BY tuser_publish desc LIMIT 10   [ RunTime:0.0001s ]
SQL: SHOW COLUMNS FROM `user` [ RunTime:0.0006s ]
SQL: SELECT * FROM `user` WHERE `user_id` = 793  [ RunTime:0.0002s ]
SQL: SELECT * FROM `user` WHERE `user_id` = 794  [ RunTime:0.0002s ]
SQL: SELECT * FROM `tarticle` ORDER BY tarticle_continue desc LIMIT 10   [ RunTime:0.0002s ]
INFO: [ view_parse ] --START--
INFO: [ template_filter ] --START--
INFO: Run Behavior\ContentReplaceBehavior [ RunTime:0.000116s ]
INFO: [ template_filter ] --END-- [ RunTime:0.000171s ]
NOTIC: [8] Undefined variable: login_info /var/www/html/daixu/Application/Runtime/Cache/Home/e47f4754f315ce581fa03e89eac20acb.php 第 32 行.
NOTIC: [8] Undefined variable: notice_news_num /var/www/html/daixu/Application/Runtime/Cache/Home/e47f4754f315ce581fa03e89eac20acb.php 第 35 行.
NOTIC: [8] Undefined variable: login_info /var/www/html/daixu/Application/Runtime/Cache/Home/e47f4754f315ce581fa03e89eac20acb.php 第 38 行.
NOTIC: [8] Undefined variable: login_info /var/www/html/daixu/Application/Runtime/Cache/Home/e47f4754f315ce581fa03e89eac20acb.php 第 38 行.
NOTIC: [8] Undefined variable: login_info /var/www/html/daixu/Application/Runtime/Cache/Home/e47f4754f315ce581fa03e89eac20acb.php 第 121 行.
NOTIC: [8] Undefined variable: login_info /var/www/html/daixu/Application/Runtime/Cache/Home/e47f4754f315ce581fa03e89eac20acb.php 第 122 行.
NOTIC: [8] Undefined variable: login_info /var/www/html/daixu/Application/Runtime/Cache/Home/e47f4754f315ce581fa03e89eac20acb.php 第 122 行.
NOTIC: [8] Undefined variable: login_info /var/www/html/daixu/Application/Runtime/Cache/Home/e47f4754f315ce581fa03e89eac20acb.php 第 124 行.
NOTIC: [8] Undefined variable: login_info /var/www/html/daixu/Application/Runtime/Cache/Home/e47f4754f315ce581fa03e89eac20acb.php 第 125 行.
NOTIC: [8] Undefined variable: login_info /var/www/html/daixu/Application/Runtime/Cache/Home/e47f4754f315ce581fa03e89eac20acb.php 第 126 行.
INFO: Run Behavior\ParseTemplateBehavior [ RunTime:0.013235s ]
INFO: [ view_parse ] --END-- [ RunTime:0.013281s ]
INFO: [ view_filter ] --START--
INFO: Run Behavior\WriteHtmlCacheBehavior [ RunTime:0.000256s ]
INFO: [ view_filter ] --END-- [ RunTime:0.000304s ]
INFO: [ app_end ] --START--
INFO: Run Behavior\ShowPageTraceBehavior [ RunTime:0.000501s ]
INFO: [ app_end ] --END-- [ RunTime:0.000554s ]

[ 2016-10-29T17:28:58+08:00 ] 101.226.33.206 /
INFO: [ app_init ] --START--
INFO: Run Behavior\BuildLiteBehavior [ RunTime:0.000016s ]
INFO: [ app_init ] --END-- [ RunTime:0.001386s ]
INFO: [ app_begin ] --START--
INFO: Run Behavior\ReadHtmlCacheBehavior [ RunTime:0.000363s ]
INFO: [ app_begin ] --END-- [ RunTime:0.000405s ]
SQL: SHOW COLUMNS FROM `adv` [ RunTime:0.0026s ]
SQL: SHOW COLUMNS FROM `article` [ RunTime:0.0006s ]
SQL: SHOW COLUMNS FROM `user` [ RunTime:0.0015s ]
SQL: SHOW COLUMNS FROM `tuser` [ RunTime:0.0007s ]
SQL: SHOW COLUMNS FROM `tarticle` [ RunTime:0.0025s ]
SQL: SELECT COUNT(*) AS tp_count FROM `article` LIMIT 1   [ RunTime:0.0013s ]
SQL: SELECT * FROM `article` ORDER BY article_update desc LIMIT 0,9   [ RunTime:0.0004s ]
SQL: SHOW COLUMNS FROM `user` [ RunTime:0.0026s ]
SQL: SELECT `user_id`,`user_name`,`user_img`,`user_rank` FROM `user` WHERE `user_id` = 887  [ RunTime:0.0002s ]
SQL: SELECT `user_id`,`user_name`,`user_img`,`user_rank` FROM `user` WHERE `user_id` = 869  [ RunTime:0.0008s ]
SQL: SELECT `user_id`,`user_name`,`user_img`,`user_rank` FROM `user` WHERE `user_id` = 869  [ RunTime:0.0005s ]
SQL: SELECT `user_id`,`user_name`,`user_img`,`user_rank` FROM `user` WHERE `user_id` = 879  [ RunTime:0.0004s ]
SQL: SELECT `user_id`,`user_name`,`user_img`,`user_rank` FROM `user` WHERE `user_id` = 881  [ RunTime:0.0004s ]
SQL: SELECT `user_id`,`user_name`,`user_img`,`user_rank` FROM `user` WHERE `user_id` = 890  [ RunTime:0.0006s ]
SQL: SELECT `user_id`,`user_name`,`user_img`,`user_rank` FROM `user` WHERE `user_id` = 881  [ RunTime:0.0004s ]
SQL: SELECT `user_id`,`user_name`,`user_img`,`user_rank` FROM `user` WHERE `user_id` = 889  [ RunTime:0.0001s ]
SQL: SELECT `user_id`,`user_name`,`user_img`,`user_rank` FROM `user` WHERE `user_id` = 888  [ RunTime:0.0004s ]
INFO: [ view_parse ] --START--
INFO: [ template_filter ] --START--
INFO: Run Behavior\ContentReplaceBehavior [ RunTime:0.000119s ]
INFO: [ template_filter ] --END-- [ RunTime:0.000188s ]
NOTIC: [8] Undefined variable: login_info /var/www/html/daixu/Application/Runtime/Cache/Home/e47f4754f315ce581fa03e89eac20acb.php 第 32 行.
NOTIC: [8] Undefined variable: notice_news_num /var/www/html/daixu/Application/Runtime/Cache/Home/e47f4754f315ce581fa03e89eac20acb.php 第 35 行.
NOTIC: [8] Undefined variable: login_info /var/www/html/daixu/Application/Runtime/Cache/Home/e47f4754f315ce581fa03e89eac20acb.php 第 38 行.
NOTIC: [8] Undefined variable: login_info /var/www/html/daixu/Application/Runtime/Cache/Home/e47f4754f315ce581fa03e89eac20acb.php 第 38 行.
NOTIC: [8] Undefined variable: login_info /var/www/html/daixu/Application/Runtime/Cache/Home/e47f4754f315ce581fa03e89eac20acb.php 第 121 行.
NOTIC: [8] Undefined variable: login_info /var/www/html/daixu/Application/Runtime/Cache/Home/e47f4754f315ce581fa03e89eac20acb.php 第 122 行.
NOTIC: [8] Undefined variable: login_info /var/www/html/daixu/Application/Runtime/Cache/Home/e47f4754f315ce581fa03e89eac20acb.php 第 122 行.
NOTIC: [8] Undefined variable: login_info /var/www/html/daixu/Application/Runtime/Cache/Home/e47f4754f315ce581fa03e89eac20acb.php 第 124 行.
NOTIC: [8] Undefined variable: login_info /var/www/html/daixu/Application/Runtime/Cache/Home/e47f4754f315ce581fa03e89eac20acb.php 第 125 行.
NOTIC: [8] Undefined variable: login_info /var/www/html/daixu/Application/Runtime/Cache/Home/e47f4754f315ce581fa03e89eac20acb.php 第 126 行.
INFO: Run Behavior\ParseTemplateBehavior [ RunTime:0.032292s ]
INFO: [ view_parse ] --END-- [ RunTime:0.032346s ]
INFO: [ view_filter ] --START--
INFO: Run Behavior\WriteHtmlCacheBehavior [ RunTime:0.000159s ]
INFO: [ view_filter ] --END-- [ RunTime:0.000202s ]
INFO: [ app_end ] --START--
INFO: Run Behavior\ShowPageTraceBehavior [ RunTime:0.001471s ]
INFO: [ app_end ] --END-- [ RunTime:0.001526s ]

[ 2016-10-29T17:28:58+08:00 ] 101.226.33.216 /
INFO: [ app_init ] --START--
INFO: Run Behavior\BuildLiteBehavior [ RunTime:0.000023s ]
INFO: [ app_init ] --END-- [ RunTime:0.000385s ]
INFO: [ app_begin ] --START--
INFO: Run Behavior\ReadHtmlCacheBehavior [ RunTime:0.000365s ]
INFO: [ app_begin ] --END-- [ RunTime:0.000411s ]
SQL: SHOW COLUMNS FROM `adv` [ RunTime:0.0012s ]
SQL: SHOW COLUMNS FROM `article` [ RunTime:0.0029s ]
SQL: SHOW COLUMNS FROM `user` [ RunTime:0.0029s ]
SQL: SHOW COLUMNS FROM `tuser` [ RunTime:0.0004s ]
SQL: SHOW COLUMNS FROM `tarticle` [ RunTime:0.0016s ]
SQL: SELECT COUNT(*) AS tp_count FROM `article` LIMIT 1   [ RunTime:0.0015s ]
SQL: SELECT * FROM `article` ORDER BY article_update desc LIMIT 0,9   [ RunTime:0.0008s ]
SQL: SHOW COLUMNS FROM `user` [ RunTime:0.0016s ]
SQL: SELECT `user_id`,`user_name`,`user_img`,`user_rank` FROM `user` WHERE `user_id` = 887  [ RunTime:0.0006s ]
SQL: SELECT `user_id`,`user_name`,`user_img`,`user_rank` FROM `user` WHERE `user_id` = 869  [ RunTime:0.0004s ]
SQL: SELECT `user_id`,`user_name`,`user_img`,`user_rank` FROM `user` WHERE `user_id` = 869  [ RunTime:0.0005s ]
SQL: SELECT `user_id`,`user_name`,`user_img`,`user_rank` FROM `user` WHERE `user_id` = 879  [ RunTime:0.0004s ]
SQL: SELECT `user_id`,`user_name`,`user_img`,`user_rank` FROM `user` WHERE `user_id` = 881  [ RunTime:0.0004s ]
SQL: SELECT `user_id`,`user_name`,`user_img`,`user_rank` FROM `user` WHERE `user_id` = 890  [ RunTime:0.0002s ]
SQL: SELECT `user_id`,`user_name`,`user_img`,`user_rank` FROM `user` WHERE `user_id` = 881  [ RunTime:0.0006s ]
SQL: SELECT `user_id`,`user_name`,`user_img`,`user_rank` FROM `user` WHERE `user_id` = 889  [ RunTime:0.0008s ]
SQL: SELECT `user_id`,`user_name`,`user_img`,`user_rank` FROM `user` WHERE `user_id` = 888  [ RunTime:0.0002s ]
INFO: [ view_parse ] --START--
INFO: [ template_filter ] --START--
INFO: Run Behavior\ContentReplaceBehavior [ RunTime:0.000103s ]
INFO: [ template_filter ] --END-- [ RunTime:0.000161s ]
NOTIC: [8] Undefined variable: login_info /var/www/html/daixu/Application/Runtime/Cache/Home/e47f4754f315ce581fa03e89eac20acb.php 第 32 行.
NOTIC: [8] Undefined variable: notice_news_num /var/www/html/daixu/Application/Runtime/Cache/Home/e47f4754f315ce581fa03e89eac20acb.php 第 35 行.
NOTIC: [8] Undefined variable: login_info /var/www/html/daixu/Application/Runtime/Cache/Home/e47f4754f315ce581fa03e89eac20acb.php 第 38 行.
NOTIC: [8] Undefined variable: login_info /var/www/html/daixu/Application/Runtime/Cache/Home/e47f4754f315ce581fa03e89eac20acb.php 第 38 行.
NOTIC: [8] Undefined variable: login_info /var/www/html/daixu/Application/Runtime/Cache/Home/e47f4754f315ce581fa03e89eac20acb.php 第 121 行.
NOTIC: [8] Undefined variable: login_info /var/www/html/daixu/Application/Runtime/Cache/Home/e47f4754f315ce581fa03e89eac20acb.php 第 122 行.
NOTIC: [8] Undefined variable: login_info /var/www/html/daixu/Application/Runtime/Cache/Home/e47f4754f315ce581fa03e89eac20acb.php 第 122 行.
NOTIC: [8] Undefined variable: login_info /var/www/html/daixu/Application/Runtime/Cache/Home/e47f4754f315ce581fa03e89eac20acb.php 第 124 行.
NOTIC: [8] Undefined variable: login_info /var/www/html/daixu/Application/Runtime/Cache/Home/e47f4754f315ce581fa03e89eac20acb.php 第 125 行.
NOTIC: [8] Undefined variable: login_info /var/www/html/daixu/Application/Runtime/Cache/Home/e47f4754f315ce581fa03e89eac20acb.php 第 126 行.
INFO: Run Behavior\ParseTemplateBehavior [ RunTime:0.032339s ]
INFO: [ view_parse ] --END-- [ RunTime:0.032391s ]
INFO: [ view_filter ] --START--
INFO: Run Behavior\WriteHtmlCacheBehavior [ RunTime:0.000138s ]
INFO: [ view_filter ] --END-- [ RunTime:0.001359s ]
INFO: [ app_end ] --START--
INFO: Run Behavior\ShowPageTraceBehavior [ RunTime:0.000426s ]
INFO: [ app_end ] --END-- [ RunTime:0.000483s ]

[ 2016-10-29T17:54:13+08:00 ] 123.56.65.139 /
INFO: [ app_init ] --START--
INFO: Run Behavior\BuildLiteBehavior [ RunTime:0.000018s ]
INFO: [ app_init ] --END-- [ RunTime:0.000370s ]
INFO: [ app_begin ] --START--
INFO: Run Behavior\ReadHtmlCacheBehavior [ RunTime:0.000352s ]
INFO: [ app_begin ] --END-- [ RunTime:0.000447s ]
SQL: SHOW COLUMNS FROM `adv` [ RunTime:0.0007s ]
SQL: SHOW COLUMNS FROM `article` [ RunTime:0.0006s ]
SQL: SHOW COLUMNS FROM `user` [ RunTime:0.0006s ]
SQL: SHOW COLUMNS FROM `tuser` [ RunTime:0.0004s ]
SQL: SHOW COLUMNS FROM `tarticle` [ RunTime:0.0005s ]
SQL: SELECT COUNT(*) AS tp_count FROM `article` LIMIT 1   [ RunTime:0.0003s ]
SQL: SELECT * FROM `article` ORDER BY article_update desc LIMIT 0,9   [ RunTime:0.0004s ]
SQL: SHOW COLUMNS FROM `user` [ RunTime:0.0007s ]
SQL: SELECT `user_id`,`user_name`,`user_img`,`user_rank` FROM `user` WHERE `user_id` = 887  [ RunTime:0.0002s ]
SQL: SELECT `user_id`,`user_name`,`user_img`,`user_rank` FROM `user` WHERE `user_id` = 869  [ RunTime:0.0001s ]
SQL: SELECT `user_id`,`user_name`,`user_img`,`user_rank` FROM `user` WHERE `user_id` = 869  [ RunTime:0.0001s ]
SQL: SELECT `user_id`,`user_name`,`user_img`,`user_rank` FROM `user` WHERE `user_id` = 879  [ RunTime:0.0002s ]
SQL: SELECT `user_id`,`user_name`,`user_img`,`user_rank` FROM `user` WHERE `user_id` = 881  [ RunTime:0.0002s ]
SQL: SELECT `user_id`,`user_name`,`user_img`,`user_rank` FROM `user` WHERE `user_id` = 890  [ RunTime:0.0001s ]
SQL: SELECT `user_id`,`user_name`,`user_img`,`user_rank` FROM `user` WHERE `user_id` = 881  [ RunTime:0.0001s ]
SQL: SELECT `user_id`,`user_name`,`user_img`,`user_rank` FROM `user` WHERE `user_id` = 889  [ RunTime:0.0001s ]
SQL: SELECT `user_id`,`user_name`,`user_img`,`user_rank` FROM `user` WHERE `user_id` = 888  [ RunTime:0.0001s ]
SQL: SELECT `user_id`,`user_name`,`user_exp`,`user_img`,`user_brief` FROM `user` ORDER BY user_exp desc LIMIT 4   [ RunTime:0.0002s ]
SQL: SELECT * FROM `tuser` ORDER BY tuser_publish desc LIMIT 10   [ RunTime:0.0001s ]
SQL: SHOW COLUMNS FROM `user` [ RunTime:0.0006s ]
SQL: SELECT * FROM `user` WHERE `user_id` = 793  [ RunTime:0.0002s ]
SQL: SELECT * FROM `user` WHERE `user_id` = 794  [ RunTime:0.0002s ]
SQL: SELECT * FROM `tarticle` ORDER BY tarticle_continue desc LIMIT 10   [ RunTime:0.0002s ]
INFO: [ view_parse ] --START--
INFO: [ template_filter ] --START--
INFO: Run Behavior\ContentReplaceBehavior [ RunTime:0.000117s ]
INFO: [ template_filter ] --END-- [ RunTime:0.000184s ]
NOTIC: [8] Undefined variable: login_info /var/www/html/daixu/Application/Runtime/Cache/Home/e47f4754f315ce581fa03e89eac20acb.php 第 32 行.
NOTIC: [8] Undefined variable: notice_news_num /var/www/html/daixu/Application/Runtime/Cache/Home/e47f4754f315ce581fa03e89eac20acb.php 第 35 行.
NOTIC: [8] Undefined variable: login_info /var/www/html/daixu/Application/Runtime/Cache/Home/e47f4754f315ce581fa03e89eac20acb.php 第 38 行.
NOTIC: [8] Undefined variable: login_info /var/www/html/daixu/Application/Runtime/Cache/Home/e47f4754f315ce581fa03e89eac20acb.php 第 38 行.
NOTIC: [8] Undefined variable: login_info /var/www/html/daixu/Application/Runtime/Cache/Home/e47f4754f315ce581fa03e89eac20acb.php 第 121 行.
NOTIC: [8] Undefined variable: login_info /var/www/html/daixu/Application/Runtime/Cache/Home/e47f4754f315ce581fa03e89eac20acb.php 第 122 行.
NOTIC: [8] Undefined variable: login_info /var/www/html/daixu/Application/Runtime/Cache/Home/e47f4754f315ce581fa03e89eac20acb.php 第 122 行.
NOTIC: [8] Undefined variable: login_info /var/www/html/daixu/Application/Runtime/Cache/Home/e47f4754f315ce581fa03e89eac20acb.php 第 124 行.
NOTIC: [8] Undefined variable: login_info /var/www/html/daixu/Application/Runtime/Cache/Home/e47f4754f315ce581fa03e89eac20acb.php 第 125 行.
NOTIC: [8] Undefined variable: login_info /var/www/html/daixu/Application/Runtime/Cache/Home/e47f4754f315ce581fa03e89eac20acb.php 第 126 行.
INFO: Run Behavior\ParseTemplateBehavior [ RunTime:0.016452s ]
INFO: [ view_parse ] --END-- [ RunTime:0.016505s ]
INFO: [ view_filter ] --START--
INFO: Run Behavior\WriteHtmlCacheBehavior [ RunTime:0.000144s ]
INFO: [ view_filter ] --END-- [ RunTime:0.000181s ]
INFO: [ app_end ] --START--
INFO: Run Behavior\ShowPageTraceBehavior [ RunTime:0.000429s ]
INFO: [ app_end ] --END-- [ RunTime:0.000473s ]

[ 2016-10-29T18:02:45+08:00 ] 107.151.202.23 http://www.baidu.com/
INFO: [ app_init ] --START--
INFO: Run Behavior\BuildLiteBehavior [ RunTime:0.000018s ]
INFO: [ app_init ] --END-- [ RunTime:0.000310s ]
INFO: [ app_begin ] --START--
INFO: Run Behavior\ReadHtmlCacheBehavior [ RunTime:0.000375s ]
INFO: [ app_begin ] --END-- [ RunTime:0.000424s ]
SQL: SHOW COLUMNS FROM `adv` [ RunTime:0.0007s ]
SQL: SHOW COLUMNS FROM `article` [ RunTime:0.0008s ]
SQL: SHOW COLUMNS FROM `user` [ RunTime:0.0008s ]
SQL: SHOW COLUMNS FROM `tuser` [ RunTime:0.0004s ]
SQL: SHOW COLUMNS FROM `tarticle` [ RunTime:0.0004s ]
SQL: SELECT COUNT(*) AS tp_count FROM `article` LIMIT 1   [ RunTime:0.0003s ]
SQL: SELECT * FROM `article` ORDER BY article_update desc LIMIT 0,9   [ RunTime:0.0003s ]
SQL: SHOW COLUMNS FROM `user` [ RunTime:0.0007s ]
SQL: SELECT `user_id`,`user_name`,`user_img`,`user_rank` FROM `user` WHERE `user_id` = 887  [ RunTime:0.0002s ]
SQL: SELECT `user_id`,`user_name`,`user_img`,`user_rank` FROM `user` WHERE `user_id` = 869  [ RunTime:0.0002s ]
SQL: SELECT `user_id`,`user_name`,`user_img`,`user_rank` FROM `user` WHERE `user_id` = 869  [ RunTime:0.0002s ]
SQL: SELECT `user_id`,`user_name`,`user_img`,`user_rank` FROM `user` WHERE `user_id` = 879  [ RunTime:0.0001s ]
SQL: SELECT `user_id`,`user_name`,`user_img`,`user_rank` FROM `user` WHERE `user_id` = 881  [ RunTime:0.0001s ]
SQL: SELECT `user_id`,`user_name`,`user_img`,`user_rank` FROM `user` WHERE `user_id` = 890  [ RunTime:0.0002s ]
SQL: SELECT `user_id`,`user_name`,`user_img`,`user_rank` FROM `user` WHERE `user_id` = 881  [ RunTime:0.0002s ]
SQL: SELECT `user_id`,`user_name`,`user_img`,`user_rank` FROM `user` WHERE `user_id` = 889  [ RunTime:0.0001s ]
SQL: SELECT `user_id`,`user_name`,`user_img`,`user_rank` FROM `user` WHERE `user_id` = 888  [ RunTime:0.0001s ]
SQL: SELECT `user_id`,`user_name`,`user_exp`,`user_img`,`user_brief` FROM `user` ORDER BY user_exp desc LIMIT 4   [ RunTime:0.0003s ]
SQL: SELECT * FROM `tuser` ORDER BY tuser_publish desc LIMIT 10   [ RunTime:0.0002s ]
SQL: SHOW COLUMNS FROM `user` [ RunTime:0.0006s ]
SQL: SELECT * FROM `user` WHERE `user_id` = 793  [ RunTime:0.0002s ]
SQL: SELECT * FROM `user` WHERE `user_id` = 794  [ RunTime:0.0002s ]
SQL: SELECT * FROM `tarticle` ORDER BY tarticle_continue desc LIMIT 10   [ RunTime:0.0002s ]
INFO: [ view_parse ] --START--
INFO: [ template_filter ] --START--
INFO: Run Behavior\ContentReplaceBehavior [ RunTime:0.000130s ]
INFO: [ template_filter ] --END-- [ RunTime:0.000213s ]
NOTIC: [8] Undefined variable: login_info /var/www/html/daixu/Application/Runtime/Cache/Home/e47f4754f315ce581fa03e89eac20acb.php 第 32 行.
NOTIC: [8] Undefined variable: notice_news_num /var/www/html/daixu/Application/Runtime/Cache/Home/e47f4754f315ce581fa03e89eac20acb.php 第 35 行.
NOTIC: [8] Undefined variable: login_info /var/www/html/daixu/Application/Runtime/Cache/Home/e47f4754f315ce581fa03e89eac20acb.php 第 38 行.
NOTIC: [8] Undefined variable: login_info /var/www/html/daixu/Application/Runtime/Cache/Home/e47f4754f315ce581fa03e89eac20acb.php 第 38 行.
NOTIC: [8] Undefined variable: login_info /var/www/html/daixu/Application/Runtime/Cache/Home/e47f4754f315ce581fa03e89eac20acb.php 第 121 行.
NOTIC: [8] Undefined variable: login_info /var/www/html/daixu/Application/Runtime/Cache/Home/e47f4754f315ce581fa03e89eac20acb.php 第 122 行.
NOTIC: [8] Undefined variable: login_info /var/www/html/daixu/Application/Runtime/Cache/Home/e47f4754f315ce581fa03e89eac20acb.php 第 122 行.
NOTIC: [8] Undefined variable: login_info /var/www/html/daixu/Application/Runtime/Cache/Home/e47f4754f315ce581fa03e89eac20acb.php 第 124 行.
NOTIC: [8] Undefined variable: login_info /var/www/html/daixu/Application/Runtime/Cache/Home/e47f4754f315ce581fa03e89eac20acb.php 第 125 行.
NOTIC: [8] Undefined variable: login_info /var/www/html/daixu/Application/Runtime/Cache/Home/e47f4754f315ce581fa03e89eac20acb.php 第 126 行.
INFO: Run Behavior\ParseTemplateBehavior [ RunTime:0.014353s ]
INFO: [ view_parse ] --END-- [ RunTime:0.014411s ]
INFO: [ view_filter ] --START--
INFO: Run Behavior\WriteHtmlCacheBehavior [ RunTime:0.000158s ]
INFO: [ view_filter ] --END-- [ RunTime:0.000198s ]
INFO: [ app_end ] --START--
INFO: Run Behavior\ShowPageTraceBehavior [ RunTime:0.000535s ]
INFO: [ app_end ] --END-- [ RunTime:0.000594s ]

[ 2016-10-29T18:02:46+08:00 ] 107.151.202.23 www.baidu.com:443
INFO: [ app_init ] --START--
INFO: Run Behavior\BuildLiteBehavior [ RunTime:0.000018s ]
INFO: [ app_init ] --END-- [ RunTime:0.000291s ]
INFO: [ app_begin ] --START--
INFO: Run Behavior\ReadHtmlCacheBehavior [ RunTime:0.000406s ]
INFO: [ app_begin ] --END-- [ RunTime:0.000452s ]
SQL: SHOW COLUMNS FROM `adv` [ RunTime:0.0008s ]
SQL: SHOW COLUMNS FROM `article` [ RunTime:0.0005s ]
SQL: SHOW COLUMNS FROM `user` [ RunTime:0.0006s ]
SQL: SHOW COLUMNS FROM `tuser` [ RunTime:0.0005s ]
SQL: SHOW COLUMNS FROM `tarticle` [ RunTime:0.0006s ]
SQL: SELECT COUNT(*) AS tp_count FROM `article` LIMIT 1   [ RunTime:0.0003s ]
SQL: SELECT * FROM `article` ORDER BY article_update desc LIMIT 0,9   [ RunTime:0.0003s ]
SQL: SHOW COLUMNS FROM `user` [ RunTime:0.0007s ]
SQL: SELECT `user_id`,`user_name`,`user_img`,`user_rank` FROM `user` WHERE `user_id` = 887  [ RunTime:0.0002s ]
SQL: SELECT `user_id`,`user_name`,`user_img`,`user_rank` FROM `user` WHERE `user_id` = 869  [ RunTime:0.0002s ]
SQL: SELECT `user_id`,`user_name`,`user_img`,`user_rank` FROM `user` WHERE `user_id` = 869  [ RunTime:0.0001s ]
SQL: SELECT `user_id`,`user_name`,`user_img`,`user_rank` FROM `user` WHERE `user_id` = 879  [ RunTime:0.0003s ]
SQL: SELECT `user_id`,`user_name`,`user_img`,`user_rank` FROM `user` WHERE `user_id` = 881  [ RunTime:0.0002s ]
SQL: SELECT `user_id`,`user_name`,`user_img`,`user_rank` FROM `user` WHERE `user_id` = 890  [ RunTime:0.0001s ]
SQL: SELECT `user_id`,`user_name`,`user_img`,`user_rank` FROM `user` WHERE `user_id` = 881  [ RunTime:0.0001s ]
SQL: SELECT `user_id`,`user_name`,`user_img`,`user_rank` FROM `user` WHERE `user_id` = 889  [ RunTime:0.0001s ]
SQL: SELECT `user_id`,`user_name`,`user_img`,`user_rank` FROM `user` WHERE `user_id` = 888  [ RunTime:0.0001s ]
INFO: [ view_parse ] --START--
INFO: [ template_filter ] --START--
INFO: Run Behavior\ContentReplaceBehavior [ RunTime:0.000118s ]
INFO: [ template_filter ] --END-- [ RunTime:0.000185s ]
NOTIC: [8] Undefined variable: login_info /var/www/html/daixu/Application/Runtime/Cache/Home/e47f4754f315ce581fa03e89eac20acb.php 第 32 行.
NOTIC: [8] Undefined variable: notice_news_num /var/www/html/daixu/Application/Runtime/Cache/Home/e47f4754f315ce581fa03e89eac20acb.php 第 35 行.
NOTIC: [8] Undefined variable: login_info /var/www/html/daixu/Application/Runtime/Cache/Home/e47f4754f315ce581fa03e89eac20acb.php 第 38 行.
NOTIC: [8] Undefined variable: login_info /var/www/html/daixu/Application/Runtime/Cache/Home/e47f4754f315ce581fa03e89eac20acb.php 第 38 行.
NOTIC: [8] Undefined variable: login_info /var/www/html/daixu/Application/Runtime/Cache/Home/e47f4754f315ce581fa03e89eac20acb.php 第 121 行.
NOTIC: [8] Undefined variable: login_info /var/www/html/daixu/Application/Runtime/Cache/Home/e47f4754f315ce581fa03e89eac20acb.php 第 122 行.
NOTIC: [8] Undefined variable: login_info /var/www/html/daixu/Application/Runtime/Cache/Home/e47f4754f315ce581fa03e89eac20acb.php 第 122 行.
NOTIC: [8] Undefined variable: login_info /var/www/html/daixu/Application/Runtime/Cache/Home/e47f4754f315ce581fa03e89eac20acb.php 第 124 行.
NOTIC: [8] Undefined variable: login_info /var/www/html/daixu/Application/Runtime/Cache/Home/e47f4754f315ce581fa03e89eac20acb.php 第 125 行.
NOTIC: [8] Undefined variable: login_info /var/www/html/daixu/Application/Runtime/Cache/Home/e47f4754f315ce581fa03e89eac20acb.php 第 126 行.
INFO: Run Behavior\ParseTemplateBehavior [ RunTime:0.013771s ]
INFO: [ view_parse ] --END-- [ RunTime:0.013820s ]
INFO: [ view_filter ] --START--
INFO: Run Behavior\WriteHtmlCacheBehavior [ RunTime:0.000190s ]
INFO: [ view_filter ] --END-- [ RunTime:0.000229s ]
INFO: [ app_end ] --START--
INFO: Run Behavior\ShowPageTraceBehavior [ RunTime:0.000439s ]
INFO: [ app_end ] --END-- [ RunTime:0.000485s ]

[ 2016-10-29T19:53:38+08:00 ] 171.88.124.160 /favicon.ico
INFO: [ app_init ] --START--
INFO: Run Behavior\BuildLiteBehavior [ RunTime:0.000020s ]
INFO: [ app_init ] --END-- [ RunTime:0.000400s ]

[ 2016-10-29T20:13:43+08:00 ] 107.151.202.23 http://www.baidu.com/
INFO: [ app_init ] --START--
INFO: Run Behavior\BuildLiteBehavior [ RunTime:0.000018s ]
INFO: [ app_init ] --END-- [ RunTime:0.000340s ]
INFO: [ app_begin ] --START--
INFO: Run Behavior\ReadHtmlCacheBehavior [ RunTime:0.000364s ]
INFO: [ app_begin ] --END-- [ RunTime:0.000410s ]
SQL: SHOW COLUMNS FROM `adv` [ RunTime:0.0006s ]
SQL: SHOW COLUMNS FROM `article` [ RunTime:0.0006s ]
SQL: SHOW COLUMNS FROM `user` [ RunTime:0.0007s ]
SQL: SHOW COLUMNS FROM `tuser` [ RunTime:0.0004s ]
SQL: SHOW COLUMNS FROM `tarticle` [ RunTime:0.0005s ]
SQL: SELECT COUNT(*) AS tp_count FROM `article` LIMIT 1   [ RunTime:0.0004s ]
SQL: SELECT * FROM `article` ORDER BY article_update desc LIMIT 0,9   [ RunTime:0.0003s ]
SQL: SHOW COLUMNS FROM `user` [ RunTime:0.0007s ]
SQL: SELECT `user_id`,`user_name`,`user_img`,`user_rank` FROM `user` WHERE `user_id` = 887  [ RunTime:0.0002s ]
SQL: SELECT `user_id`,`user_name`,`user_img`,`user_rank` FROM `user` WHERE `user_id` = 869  [ RunTime:0.0002s ]
SQL: SELECT `user_id`,`user_name`,`user_img`,`user_rank` FROM `user` WHERE `user_id` = 869  [ RunTime:0.0002s ]
SQL: SELECT `user_id`,`user_name`,`user_img`,`user_rank` FROM `user` WHERE `user_id` = 879  [ RunTime:0.0002s ]
SQL: SELECT `user_id`,`user_name`,`user_img`,`user_rank` FROM `user` WHERE `user_id` = 881  [ RunTime:0.0001s ]
SQL: SELECT `user_id`,`user_name`,`user_img`,`user_rank` FROM `user` WHERE `user_id` = 890  [ RunTime:0.0002s ]
SQL: SELECT `user_id`,`user_name`,`user_img`,`user_rank` FROM `user` WHERE `user_id` = 881  [ RunTime:0.0001s ]
SQL: SELECT `user_id`,`user_name`,`user_img`,`user_rank` FROM `user` WHERE `user_id` = 889  [ RunTime:0.0001s ]
SQL: SELECT `user_id`,`user_name`,`user_img`,`user_rank` FROM `user` WHERE `user_id` = 888  [ RunTime:0.0001s ]
SQL: SELECT `user_id`,`user_name`,`user_exp`,`user_img`,`user_brief` FROM `user` ORDER BY user_exp desc LIMIT 4   [ RunTime:0.0003s ]
SQL: SELECT * FROM `tuser` ORDER BY tuser_publish desc LIMIT 10   [ RunTime:0.0002s ]
SQL: SHOW COLUMNS FROM `user` [ RunTime:0.0006s ]
SQL: SELECT * FROM `user` WHERE `user_id` = 793  [ RunTime:0.0002s ]
SQL: SELECT * FROM `user` WHERE `user_id` = 794  [ RunTime:0.0002s ]
SQL: SELECT * FROM `tarticle` ORDER BY tarticle_continue desc LIMIT 10   [ RunTime:0.0002s ]
INFO: [ view_parse ] --START--
INFO: [ template_filter ] --START--
INFO: Run Behavior\ContentReplaceBehavior [ RunTime:0.000116s ]
INFO: [ template_filter ] --END-- [ RunTime:0.000177s ]
NOTIC: [8] Undefined variable: login_info /var/www/html/daixu/Application/Runtime/Cache/Home/e47f4754f315ce581fa03e89eac20acb.php 第 32 行.
NOTIC: [8] Undefined variable: notice_news_num /var/www/html/daixu/Application/Runtime/Cache/Home/e47f4754f315ce581fa03e89eac20acb.php 第 35 行.
NOTIC: [8] Undefined variable: login_info /var/www/html/daixu/Application/Runtime/Cache/Home/e47f4754f315ce581fa03e89eac20acb.php 第 38 行.
NOTIC: [8] Undefined variable: login_info /var/www/html/daixu/Application/Runtime/Cache/Home/e47f4754f315ce581fa03e89eac20acb.php 第 38 行.
NOTIC: [8] Undefined variable: login_info /var/www/html/daixu/Application/Runtime/Cache/Home/e47f4754f315ce581fa03e89eac20acb.php 第 121 行.
NOTIC: [8] Undefined variable: login_info /var/www/html/daixu/Application/Runtime/Cache/Home/e47f4754f315ce581fa03e89eac20acb.php 第 122 行.
NOTIC: [8] Undefined variable: login_info /var/www/html/daixu/Application/Runtime/Cache/Home/e47f4754f315ce581fa03e89eac20acb.php 第 122 行.
NOTIC: [8] Undefined variable: login_info /var/www/html/daixu/Application/Runtime/Cache/Home/e47f4754f315ce581fa03e89eac20acb.php 第 124 行.
NOTIC: [8] Undefined variable: login_info /var/www/html/daixu/Application/Runtime/Cache/Home/e47f4754f315ce581fa03e89eac20acb.php 第 125 行.
NOTIC: [8] Undefined variable: login_info /var/www/html/daixu/Application/Runtime/Cache/Home/e47f4754f315ce581fa03e89eac20acb.php 第 126 行.
INFO: Run Behavior\ParseTemplateBehavior [ RunTime:0.013354s ]
INFO: [ view_parse ] --END-- [ RunTime:0.013403s ]
INFO: [ view_filter ] --START--
INFO: Run Behavior\WriteHtmlCacheBehavior [ RunTime:0.000134s ]
INFO: [ view_filter ] --END-- [ RunTime:0.000172s ]
INFO: [ app_end ] --START--
INFO: Run Behavior\ShowPageTraceBehavior [ RunTime:0.000423s ]
INFO: [ app_end ] --END-- [ RunTime:0.000470s ]

[ 2016-10-29T20:13:43+08:00 ] 107.151.202.23 www.alipay.com:443
INFO: [ app_init ] --START--
INFO: Run Behavior\BuildLiteBehavior [ RunTime:0.000016s ]
INFO: [ app_init ] --END-- [ RunTime:0.000292s ]
INFO: [ app_begin ] --START--
INFO: Run Behavior\ReadHtmlCacheBehavior [ RunTime:0.000417s ]
INFO: [ app_begin ] --END-- [ RunTime:0.000466s ]
SQL: SHOW COLUMNS FROM `adv` [ RunTime:0.0006s ]
SQL: SHOW COLUMNS FROM `article` [ RunTime:0.0005s ]
SQL: SHOW COLUMNS FROM `user` [ RunTime:0.0006s ]
SQL: SHOW COLUMNS FROM `tuser` [ RunTime:0.0004s ]
SQL: SHOW COLUMNS FROM `tarticle` [ RunTime:0.0004s ]
SQL: SELECT COUNT(*) AS tp_count FROM `article` LIMIT 1   [ RunTime:0.0002s ]
SQL: SELECT * FROM `article` ORDER BY article_update desc LIMIT 0,9   [ RunTime:0.0003s ]
SQL: SHOW COLUMNS FROM `user` [ RunTime:0.0006s ]
SQL: SELECT `user_id`,`user_name`,`user_img`,`user_rank` FROM `user` WHERE `user_id` = 887  [ RunTime:0.0002s ]
SQL: SELECT `user_id`,`user_name`,`user_img`,`user_rank` FROM `user` WHERE `user_id` = 869  [ RunTime:0.0002s ]
SQL: SELECT `user_id`,`user_name`,`user_img`,`user_rank` FROM `user` WHERE `user_id` = 869  [ RunTime:0.0001s ]
SQL: SELECT `user_id`,`user_name`,`user_img`,`user_rank` FROM `user` WHERE `user_id` = 879  [ RunTime:0.0001s ]
SQL: SELECT `user_id`,`user_name`,`user_img`,`user_rank` FROM `user` WHERE `user_id` = 881  [ RunTime:0.0001s ]
SQL: SELECT `user_id`,`user_name`,`user_img`,`user_rank` FROM `user` WHERE `user_id` = 890  [ RunTime:0.0001s ]
SQL: SELECT `user_id`,`user_name`,`user_img`,`user_rank` FROM `user` WHERE `user_id` = 881  [ RunTime:0.0001s ]
SQL: SELECT `user_id`,`user_name`,`user_img`,`user_rank` FROM `user` WHERE `user_id` = 889  [ RunTime:0.0002s ]
SQL: SELECT `user_id`,`user_name`,`user_img`,`user_rank` FROM `user` WHERE `user_id` = 888  [ RunTime:0.0001s ]
INFO: [ view_parse ] --START--
INFO: [ template_filter ] --START--
INFO: Run Behavior\ContentReplaceBehavior [ RunTime:0.000144s ]
INFO: [ template_filter ] --END-- [ RunTime:0.000235s ]
NOTIC: [8] Undefined variable: login_info /var/www/html/daixu/Application/Runtime/Cache/Home/e47f4754f315ce581fa03e89eac20acb.php 第 32 行.
NOTIC: [8] Undefined variable: notice_news_num /var/www/html/daixu/Application/Runtime/Cache/Home/e47f4754f315ce581fa03e89eac20acb.php 第 35 行.
NOTIC: [8] Undefined variable: login_info /var/www/html/daixu/Application/Runtime/Cache/Home/e47f4754f315ce581fa03e89eac20acb.php 第 38 行.
NOTIC: [8] Undefined variable: login_info /var/www/html/daixu/Application/Runtime/Cache/Home/e47f4754f315ce581fa03e89eac20acb.php 第 38 行.
NOTIC: [8] Undefined variable: login_info /var/www/html/daixu/Application/Runtime/Cache/Home/e47f4754f315ce581fa03e89eac20acb.php 第 121 行.
NOTIC: [8] Undefined variable: login_info /var/www/html/daixu/Application/Runtime/Cache/Home/e47f4754f315ce581fa03e89eac20acb.php 第 122 行.
NOTIC: [8] Undefined variable: login_info /var/www/html/daixu/Application/Runtime/Cache/Home/e47f4754f315ce581fa03e89eac20acb.php 第 122 行.
NOTIC: [8] Undefined variable: login_info /var/www/html/daixu/Application/Runtime/Cache/Home/e47f4754f315ce581fa03e89eac20acb.php 第 124 行.
NOTIC: [8] Undefined variable: login_info /var/www/html/daixu/Application/Runtime/Cache/Home/e47f4754f315ce581fa03e89eac20acb.php 第 125 行.
NOTIC: [8] Undefined variable: login_info /var/www/html/daixu/Application/Runtime/Cache/Home/e47f4754f315ce581fa03e89eac20acb.php 第 126 行.
INFO: Run Behavior\ParseTemplateBehavior [ RunTime:0.014393s ]
INFO: [ view_parse ] --END-- [ RunTime:0.014452s ]
INFO: [ view_filter ] --START--
INFO: Run Behavior\WriteHtmlCacheBehavior [ RunTime:0.000202s ]
INFO: [ view_filter ] --END-- [ RunTime:0.000242s ]
INFO: [ app_end ] --START--
INFO: Run Behavior\ShowPageTraceBehavior [ RunTime:0.000424s ]
INFO: [ app_end ] --END-- [ RunTime:0.000470s ]

[ 2016-10-29T22:04:50+08:00 ] 89.248.172.90 http://httpheader.net/
INFO: [ app_init ] --START--
INFO: Run Behavior\BuildLiteBehavior [ RunTime:0.000021s ]
INFO: [ app_init ] --END-- [ RunTime:0.000491s ]
INFO: [ app_begin ] --START--
INFO: Run Behavior\ReadHtmlCacheBehavior [ RunTime:0.000391s ]
INFO: [ app_begin ] --END-- [ RunTime:0.000437s ]
SQL: SHOW COLUMNS FROM `adv` [ RunTime:0.0006s ]
SQL: SHOW COLUMNS FROM `article` [ RunTime:0.0007s ]
SQL: SHOW COLUMNS FROM `user` [ RunTime:0.0007s ]
SQL: SHOW COLUMNS FROM `tuser` [ RunTime:0.0005s ]
SQL: SHOW COLUMNS FROM `tarticle` [ RunTime:0.0006s ]
SQL: SELECT COUNT(*) AS tp_count FROM `article` LIMIT 1   [ RunTime:0.0004s ]
SQL: SELECT * FROM `article` ORDER BY article_update desc LIMIT 0,9   [ RunTime:0.0004s ]
SQL: SHOW COLUMNS FROM `user` [ RunTime:0.0010s ]
SQL: SELECT `user_id`,`user_name`,`user_img`,`user_rank` FROM `user` WHERE `user_id` = 887  [ RunTime:0.0003s ]
SQL: SELECT `user_id`,`user_name`,`user_img`,`user_rank` FROM `user` WHERE `user_id` = 869  [ RunTime:0.0003s ]
SQL: SELECT `user_id`,`user_name`,`user_img`,`user_rank` FROM `user` WHERE `user_id` = 869  [ RunTime:0.0003s ]
SQL: SELECT `user_id`,`user_name`,`user_img`,`user_rank` FROM `user` WHERE `user_id` = 879  [ RunTime:0.0002s ]
SQL: SELECT `user_id`,`user_name`,`user_img`,`user_rank` FROM `user` WHERE `user_id` = 881  [ RunTime:0.0002s ]
SQL: SELECT `user_id`,`user_name`,`user_img`,`user_rank` FROM `user` WHERE `user_id` = 890  [ RunTime:0.0002s ]
SQL: SELECT `user_id`,`user_name`,`user_img`,`user_rank` FROM `user` WHERE `user_id` = 881  [ RunTime:0.0002s ]
SQL: SELECT `user_id`,`user_name`,`user_img`,`user_rank` FROM `user` WHERE `user_id` = 889  [ RunTime:0.0002s ]
SQL: SELECT `user_id`,`user_name`,`user_img`,`user_rank` FROM `user` WHERE `user_id` = 888  [ RunTime:0.0002s ]
SQL: SELECT `user_id`,`user_name`,`user_exp`,`user_img`,`user_brief` FROM `user` ORDER BY user_exp desc LIMIT 4   [ RunTime:0.0003s ]
SQL: SELECT * FROM `tuser` ORDER BY tuser_publish desc LIMIT 10   [ RunTime:0.0002s ]
SQL: SHOW COLUMNS FROM `user` [ RunTime:0.0008s ]
SQL: SELECT * FROM `user` WHERE `user_id` = 793  [ RunTime:0.0003s ]
SQL: SELECT * FROM `user` WHERE `user_id` = 794  [ RunTime:0.0002s ]
SQL: SELECT * FROM `tarticle` ORDER BY tarticle_continue desc LIMIT 10   [ RunTime:0.0002s ]
INFO: [ view_parse ] --START--
INFO: [ template_filter ] --START--
INFO: Run Behavior\ContentReplaceBehavior [ RunTime:0.000123s ]
INFO: [ template_filter ] --END-- [ RunTime:0.000198s ]
NOTIC: [8] Undefined variable: login_info /var/www/html/daixu/Application/Runtime/Cache/Home/e47f4754f315ce581fa03e89eac20acb.php 第 32 行.
NOTIC: [8] Undefined variable: notice_news_num /var/www/html/daixu/Application/Runtime/Cache/Home/e47f4754f315ce581fa03e89eac20acb.php 第 35 行.
NOTIC: [8] Undefined variable: login_info /var/www/html/daixu/Application/Runtime/Cache/Home/e47f4754f315ce581fa03e89eac20acb.php 第 38 行.
NOTIC: [8] Undefined variable: login_info /var/www/html/daixu/Application/Runtime/Cache/Home/e47f4754f315ce581fa03e89eac20acb.php 第 38 行.
NOTIC: [8] Undefined variable: login_info /var/www/html/daixu/Application/Runtime/Cache/Home/e47f4754f315ce581fa03e89eac20acb.php 第 121 行.
NOTIC: [8] Undefined variable: login_info /var/www/html/daixu/Application/Runtime/Cache/Home/e47f4754f315ce581fa03e89eac20acb.php 第 122 行.
NOTIC: [8] Undefined variable: login_info /var/www/html/daixu/Application/Runtime/Cache/Home/e47f4754f315ce581fa03e89eac20acb.php 第 122 行.
NOTIC: [8] Undefined variable: login_info /var/www/html/daixu/Application/Runtime/Cache/Home/e47f4754f315ce581fa03e89eac20acb.php 第 124 行.
NOTIC: [8] Undefined variable: login_info /var/www/html/daixu/Application/Runtime/Cache/Home/e47f4754f315ce581fa03e89eac20acb.php 第 125 行.
NOTIC: [8] Undefined variable: login_info /var/www/html/daixu/Application/Runtime/Cache/Home/e47f4754f315ce581fa03e89eac20acb.php 第 126 行.
INFO: Run Behavior\ParseTemplateBehavior [ RunTime:0.014573s ]
INFO: [ view_parse ] --END-- [ RunTime:0.014627s ]
INFO: [ view_filter ] --START--
INFO: Run Behavior\WriteHtmlCacheBehavior [ RunTime:0.000148s ]
INFO: [ view_filter ] --END-- [ RunTime:0.000186s ]
INFO: [ app_end ] --START--
INFO: Run Behavior\ShowPageTraceBehavior [ RunTime:0.000564s ]
INFO: [ app_end ] --END-- [ RunTime:0.000610s ]

[ 2016-10-29T22:34:55+08:00 ] 107.151.202.23 http://www.baidu.com/
INFO: [ app_init ] --START--
INFO: Run Behavior\BuildLiteBehavior [ RunTime:0.000019s ]
INFO: [ app_init ] --END-- [ RunTime:0.000411s ]
INFO: [ app_begin ] --START--
INFO: Run Behavior\ReadHtmlCacheBehavior [ RunTime:0.000431s ]
INFO: [ app_begin ] --END-- [ RunTime:0.000526s ]
SQL: SHOW COLUMNS FROM `adv` [ RunTime:0.0007s ]
SQL: SHOW COLUMNS FROM `article` [ RunTime:0.0007s ]
SQL: SHOW COLUMNS FROM `user` [ RunTime:0.0008s ]
SQL: SHOW COLUMNS FROM `tuser` [ RunTime:0.0006s ]
SQL: SHOW COLUMNS FROM `tarticle` [ RunTime:0.0005s ]
SQL: SELECT COUNT(*) AS tp_count FROM `article` LIMIT 1   [ RunTime:0.0004s ]
SQL: SELECT * FROM `article` ORDER BY article_update desc LIMIT 0,9   [ RunTime:0.0003s ]
SQL: SHOW COLUMNS FROM `user` [ RunTime:0.0007s ]
SQL: SELECT `user_id`,`user_name`,`user_img`,`user_rank` FROM `user` WHERE `user_id` = 887  [ RunTime:0.0002s ]
SQL: SELECT `user_id`,`user_name`,`user_img`,`user_rank` FROM `user` WHERE `user_id` = 869  [ RunTime:0.0002s ]
SQL: SELECT `user_id`,`user_name`,`user_img`,`user_rank` FROM `user` WHERE `user_id` = 869  [ RunTime:0.0001s ]
SQL: SELECT `user_id`,`user_name`,`user_img`,`user_rank` FROM `user` WHERE `user_id` = 879  [ RunTime:0.0001s ]
SQL: SELECT `user_id`,`user_name`,`user_img`,`user_rank` FROM `user` WHERE `user_id` = 881  [ RunTime:0.0001s ]
SQL: SELECT `user_id`,`user_name`,`user_img`,`user_rank` FROM `user` WHERE `user_id` = 890  [ RunTime:0.0002s ]
SQL: SELECT `user_id`,`user_name`,`user_img`,`user_rank` FROM `user` WHERE `user_id` = 881  [ RunTime:0.0002s ]
SQL: SELECT `user_id`,`user_name`,`user_img`,`user_rank` FROM `user` WHERE `user_id` = 889  [ RunTime:0.0001s ]
SQL: SELECT `user_id`,`user_name`,`user_img`,`user_rank` FROM `user` WHERE `user_id` = 888  [ RunTime:0.0001s ]
SQL: SELECT `user_id`,`user_name`,`user_exp`,`user_img`,`user_brief` FROM `user` ORDER BY user_exp desc LIMIT 4   [ RunTime:0.0003s ]
SQL: SELECT * FROM `tuser` ORDER BY tuser_publish desc LIMIT 10   [ RunTime:0.0002s ]
SQL: SHOW COLUMNS FROM `user` [ RunTime:0.0008s ]
SQL: SELECT * FROM `user` WHERE `user_id` = 793  [ RunTime:0.0002s ]
SQL: SELECT * FROM `user` WHERE `user_id` = 794  [ RunTime:0.0002s ]
SQL: SELECT * FROM `tarticle` ORDER BY tarticle_continue desc LIMIT 10   [ RunTime:0.0002s ]
INFO: [ view_parse ] --START--
INFO: [ template_filter ] --START--
INFO: Run Behavior\ContentReplaceBehavior [ RunTime:0.000147s ]
INFO: [ template_filter ] --END-- [ RunTime:0.000239s ]
NOTIC: [8] Undefined variable: login_info /var/www/html/daixu/Application/Runtime/Cache/Home/e47f4754f315ce581fa03e89eac20acb.php 第 32 行.
NOTIC: [8] Undefined variable: notice_news_num /var/www/html/daixu/Application/Runtime/Cache/Home/e47f4754f315ce581fa03e89eac20acb.php 第 35 行.
NOTIC: [8] Undefined variable: login_info /var/www/html/daixu/Application/Runtime/Cache/Home/e47f4754f315ce581fa03e89eac20acb.php 第 38 行.
NOTIC: [8] Undefined variable: login_info /var/www/html/daixu/Application/Runtime/Cache/Home/e47f4754f315ce581fa03e89eac20acb.php 第 38 行.
NOTIC: [8] Undefined variable: login_info /var/www/html/daixu/Application/Runtime/Cache/Home/e47f4754f315ce581fa03e89eac20acb.php 第 121 行.
NOTIC: [8] Undefined variable: login_info /var/www/html/daixu/Application/Runtime/Cache/Home/e47f4754f315ce581fa03e89eac20acb.php 第 122 行.
NOTIC: [8] Undefined variable: login_info /var/www/html/daixu/Application/Runtime/Cache/Home/e47f4754f315ce581fa03e89eac20acb.php 第 122 行.
NOTIC: [8] Undefined variable: login_info /var/www/html/daixu/Application/Runtime/Cache/Home/e47f4754f315ce581fa03e89eac20acb.php 第 124 行.
NOTIC: [8] Undefined variable: login_info /var/www/html/daixu/Application/Runtime/Cache/Home/e47f4754f315ce581fa03e89eac20acb.php 第 125 行.
NOTIC: [8] Undefined variable: login_info /var/www/html/daixu/Application/Runtime/Cache/Home/e47f4754f315ce581fa03e89eac20acb.php 第 126 行.
INFO: Run Behavior\ParseTemplateBehavior [ RunTime:0.014824s ]
INFO: [ view_parse ] --END-- [ RunTime:0.014876s ]
INFO: [ view_filter ] --START--
INFO: Run Behavior\WriteHtmlCacheBehavior [ RunTime:0.000143s ]
INFO: [ view_filter ] --END-- [ RunTime:0.000181s ]
INFO: [ app_end ] --START--
INFO: Run Behavior\ShowPageTraceBehavior [ RunTime:0.000580s ]
INFO: [ app_end ] --END-- [ RunTime:0.000744s ]

[ 2016-10-29T22:34:55+08:00 ] 107.151.202.23 www.baidu.com:443
INFO: [ app_init ] --START--
INFO: Run Behavior\BuildLiteBehavior [ RunTime:0.000016s ]
INFO: [ app_init ] --END-- [ RunTime:0.000297s ]
INFO: [ app_begin ] --START--
INFO: Run Behavior\ReadHtmlCacheBehavior [ RunTime:0.000348s ]
INFO: [ app_begin ] --END-- [ RunTime:0.000394s ]
SQL: SHOW COLUMNS FROM `adv` [ RunTime:0.0007s ]
SQL: SHOW COLUMNS FROM `article` [ RunTime:0.0006s ]
SQL: SHOW COLUMNS FROM `user` [ RunTime:0.0006s ]
SQL: SHOW COLUMNS FROM `tuser` [ RunTime:0.0004s ]
SQL: SHOW COLUMNS FROM `tarticle` [ RunTime:0.0004s ]
SQL: SELECT COUNT(*) AS tp_count FROM `article` LIMIT 1   [ RunTime:0.0003s ]
SQL: SELECT * FROM `article` ORDER BY article_update desc LIMIT 0,9   [ RunTime:0.0004s ]
SQL: SHOW COLUMNS FROM `user` [ RunTime:0.0006s ]
SQL: SELECT `user_id`,`user_name`,`user_img`,`user_rank` FROM `user` WHERE `user_id` = 887  [ RunTime:0.0002s ]
SQL: SELECT `user_id`,`user_name`,`user_img`,`user_rank` FROM `user` WHERE `user_id` = 869  [ RunTime:0.0001s ]
SQL: SELECT `user_id`,`user_name`,`user_img`,`user_rank` FROM `user` WHERE `user_id` = 869  [ RunTime:0.0002s ]
SQL: SELECT `user_id`,`user_name`,`user_img`,`user_rank` FROM `user` WHERE `user_id` = 879  [ RunTime:0.0002s ]
SQL: SELECT `user_id`,`user_name`,`user_img`,`user_rank` FROM `user` WHERE `user_id` = 881  [ RunTime:0.0001s ]
SQL: SELECT `user_id`,`user_name`,`user_img`,`user_rank` FROM `user` WHERE `user_id` = 890  [ RunTime:0.0002s ]
SQL: SELECT `user_id`,`user_name`,`user_img`,`user_rank` FROM `user` WHERE `user_id` = 881  [ RunTime:0.0002s ]
SQL: SELECT `user_id`,`user_name`,`user_img`,`user_rank` FROM `user` WHERE `user_id` = 889  [ RunTime:0.0002s ]
SQL: SELECT `user_id`,`user_name`,`user_img`,`user_rank` FROM `user` WHERE `user_id` = 888  [ RunTime:0.0002s ]
INFO: [ view_parse ] --START--
INFO: [ template_filter ] --START--
INFO: Run Behavior\ContentReplaceBehavior [ RunTime:0.000133s ]
INFO: [ template_filter ] --END-- [ RunTime:0.000203s ]
NOTIC: [8] Undefined variable: login_info /var/www/html/daixu/Application/Runtime/Cache/Home/e47f4754f315ce581fa03e89eac20acb.php 第 32 行.
NOTIC: [8] Undefined variable: notice_news_num /var/www/html/daixu/Application/Runtime/Cache/Home/e47f4754f315ce581fa03e89eac20acb.php 第 35 行.
NOTIC: [8] Undefined variable: login_info /var/www/html/daixu/Application/Runtime/Cache/Home/e47f4754f315ce581fa03e89eac20acb.php 第 38 行.
NOTIC: [8] Undefined variable: login_info /var/www/html/daixu/Application/Runtime/Cache/Home/e47f4754f315ce581fa03e89eac20acb.php 第 38 行.
NOTIC: [8] Undefined variable: login_info /var/www/html/daixu/Application/Runtime/Cache/Home/e47f4754f315ce581fa03e89eac20acb.php 第 121 行.
NOTIC: [8] Undefined variable: login_info /var/www/html/daixu/Application/Runtime/Cache/Home/e47f4754f315ce581fa03e89eac20acb.php 第 122 行.
NOTIC: [8] Undefined variable: login_info /var/www/html/daixu/Application/Runtime/Cache/Home/e47f4754f315ce581fa03e89eac20acb.php 第 122 行.
NOTIC: [8] Undefined variable: login_info /var/www/html/daixu/Application/Runtime/Cache/Home/e47f4754f315ce581fa03e89eac20acb.php 第 124 行.
NOTIC: [8] Undefined variable: login_info /var/www/html/daixu/Application/Runtime/Cache/Home/e47f4754f315ce581fa03e89eac20acb.php 第 125 行.
NOTIC: [8] Undefined variable: login_info /var/www/html/daixu/Application/Runtime/Cache/Home/e47f4754f315ce581fa03e89eac20acb.php 第 126 行.
INFO: Run Behavior\ParseTemplateBehavior [ RunTime:0.013522s ]
INFO: [ view_parse ] --END-- [ RunTime:0.013573s ]
INFO: [ view_filter ] --START--
INFO: Run Behavior\WriteHtmlCacheBehavior [ RunTime:0.000227s ]
INFO: [ view_filter ] --END-- [ RunTime:0.000272s ]
INFO: [ app_end ] --START--
INFO: Run Behavior\ShowPageTraceBehavior [ RunTime:0.000612s ]
INFO: [ app_end ] --END-- [ RunTime:0.000659s ]

[ 2016-10-29T23:02:50+08:00 ] 118.178.228.150 /phpmyadmin
INFO: [ app_init ] --START--
INFO: Run Behavior\BuildLiteBehavior [ RunTime:0.000021s ]
INFO: [ app_init ] --END-- [ RunTime:0.000363s ]
INFO: [ app_begin ] --START--
INFO: Run Behavior\ReadHtmlCacheBehavior [ RunTime:0.000502s ]
INFO: [ app_begin ] --END-- [ RunTime:0.000557s ]
ERR: 无法加载控制器:Phpmyadmin

