[ 2017-01-17T02:05:31+08:00 ] 1.162.170.242 mx-tw.mail.gm0.yahoodns.net:25
INFO: [ app_init ] --START--
INFO: Run Behavior\BuildLiteBehavior [ RunTime:0.000078s ]
INFO: [ app_init ] --END-- [ RunTime:0.020006s ]
INFO: [ app_begin ] --START--
INFO: Run Behavior\ReadHtmlCacheBehavior [ RunTime:0.023422s ]
INFO: [ app_begin ] --END-- [ RunTime:0.023691s ]
SQL: SHOW COLUMNS FROM `adv` [ RunTime:0.0375s ]
ERR: Redis server went away

[ 2017-01-17T02:06:09+08:00 ] 1.162.170.242 mx-tw.mail.gm0.yahoodns.net:25
INFO: [ app_init ] --START--
INFO: Run Behavior\BuildLiteBehavior [ RunTime:0.000066s ]
INFO: [ app_init ] --END-- [ RunTime:0.029628s ]
INFO: [ app_begin ] --START--
INFO: Run Behavior\ReadHtmlCacheBehavior [ RunTime:0.029390s ]
INFO: [ app_begin ] --END-- [ RunTime:0.029535s ]
SQL: SHOW COLUMNS FROM `adv` [ RunTime:0.0086s ]
ERR: Redis server went away

[ 2017-01-17T02:11:31+08:00 ] 140.205.201.18 /
INFO: [ app_init ] --START--
INFO: Run Behavior\BuildLiteBehavior [ RunTime:0.000042s ]
INFO: [ app_init ] --END-- [ RunTime:0.019270s ]
INFO: [ app_begin ] --START--
INFO: Run Behavior\ReadHtmlCacheBehavior [ RunTime:0.006819s ]
INFO: [ app_begin ] --END-- [ RunTime:0.006979s ]
SQL: SHOW COLUMNS FROM `adv` [ RunTime:0.0367s ]
ERR: Redis server went away

[ 2017-01-17T02:25:26+08:00 ] 1.162.170.242 mx-tw.mail.gm0.yahoodns.net:25
INFO: [ app_init ] --START--
INFO: Run Behavior\BuildLiteBehavior [ RunTime:0.000062s ]
INFO: [ app_init ] --END-- [ RunTime:0.015100s ]
INFO: [ app_begin ] --START--
INFO: Run Behavior\ReadHtmlCacheBehavior [ RunTime:0.023655s ]
INFO: [ app_begin ] --END-- [ RunTime:0.023793s ]
SQL: SHOW COLUMNS FROM `adv` [ RunTime:0.0029s ]
ERR: Redis server went away

[ 2017-01-17T02:45:54+08:00 ] 1.162.170.242 mx-tw.mail.gm0.yahoodns.net:25
INFO: [ app_init ] --START--
INFO: Run Behavior\BuildLiteBehavior [ RunTime:0.000057s ]
INFO: [ app_init ] --END-- [ RunTime:0.018697s ]
INFO: [ app_begin ] --START--
INFO: Run Behavior\ReadHtmlCacheBehavior [ RunTime:0.041578s ]
INFO: [ app_begin ] --END-- [ RunTime:0.041744s ]
SQL: SHOW COLUMNS FROM `adv` [ RunTime:0.0087s ]
ERR: Redis server went away

[ 2017-01-17T02:46:44+08:00 ] 1.162.170.242 mx-tw.mail.gm0.yahoodns.net:25
INFO: [ app_init ] --START--
INFO: Run Behavior\BuildLiteBehavior [ RunTime:0.000047s ]
INFO: [ app_init ] --END-- [ RunTime:0.025133s ]
INFO: [ app_begin ] --START--
INFO: Run Behavior\ReadHtmlCacheBehavior [ RunTime:0.036367s ]
INFO: [ app_begin ] --END-- [ RunTime:0.036576s ]
SQL: SHOW COLUMNS FROM `adv` [ RunTime:0.0008s ]
ERR: Redis server went away

[ 2017-01-17T02:47:31+08:00 ] 1.162.170.242 mx-tw.mail.gm0.yahoodns.net:25
INFO: [ app_init ] --START--
INFO: Run Behavior\BuildLiteBehavior [ RunTime:0.000048s ]
INFO: [ app_init ] --END-- [ RunTime:0.013308s ]
INFO: [ app_begin ] --START--
INFO: Run Behavior\ReadHtmlCacheBehavior [ RunTime:0.020697s ]
INFO: [ app_begin ] --END-- [ RunTime:0.020883s ]
SQL: SHOW COLUMNS FROM `adv` [ RunTime:0.0087s ]
ERR: Redis server went away

[ 2017-01-17T03:06:28+08:00 ] 1.162.170.242 mx-tw.mail.gm0.yahoodns.net:25
INFO: [ app_init ] --START--
INFO: Run Behavior\BuildLiteBehavior [ RunTime:0.000055s ]
INFO: [ app_init ] --END-- [ RunTime:0.014759s ]
INFO: [ app_begin ] --START--
INFO: Run Behavior\ReadHtmlCacheBehavior [ RunTime:0.035181s ]
INFO: [ app_begin ] --END-- [ RunTime:0.035431s ]
SQL: SHOW COLUMNS FROM `adv` [ RunTime:0.0107s ]
ERR: Redis server went away

[ 2017-01-17T03:26:14+08:00 ] 1.162.170.242 mx-tw.mail.gm0.yahoodns.net:25
INFO: [ app_init ] --START--
INFO: Run Behavior\BuildLiteBehavior [ RunTime:0.000068s ]
INFO: [ app_init ] --END-- [ RunTime:0.025110s ]
INFO: [ app_begin ] --START--
INFO: Run Behavior\ReadHtmlCacheBehavior [ RunTime:0.023784s ]
INFO: [ app_begin ] --END-- [ RunTime:0.023988s ]
SQL: SHOW COLUMNS FROM `adv` [ RunTime:0.0090s ]
ERR: Redis server went away

[ 2017-01-17T03:46:40+08:00 ] 1.162.170.242 mx-tw.mail.gm0.yahoodns.net:25
INFO: [ app_init ] --START--
INFO: Run Behavior\BuildLiteBehavior [ RunTime:0.000079s ]
INFO: [ app_init ] --END-- [ RunTime:0.019269s ]
INFO: [ app_begin ] --START--
INFO: Run Behavior\ReadHtmlCacheBehavior [ RunTime:0.027391s ]
INFO: [ app_begin ] --END-- [ RunTime:0.027557s ]
SQL: SHOW COLUMNS FROM `adv` [ RunTime:0.0082s ]
ERR: Redis server went away

[ 2017-01-17T03:47:49+08:00 ] 1.162.170.242 mx-tw.mail.gm0.yahoodns.net:25
INFO: [ app_init ] --START--
INFO: Run Behavior\BuildLiteBehavior [ RunTime:0.000054s ]
INFO: [ app_init ] --END-- [ RunTime:0.045279s ]
INFO: [ app_begin ] --START--
INFO: Run Behavior\ReadHtmlCacheBehavior [ RunTime:0.027927s ]
INFO: [ app_begin ] --END-- [ RunTime:0.028056s ]
SQL: SHOW COLUMNS FROM `adv` [ RunTime:0.0010s ]
ERR: Redis server went away

[ 2017-01-17T04:06:42+08:00 ] 1.162.170.242 mx-tw.mail.gm0.yahoodns.net:25
INFO: [ app_init ] --START--
INFO: Run Behavior\BuildLiteBehavior [ RunTime:0.000046s ]
INFO: [ app_init ] --END-- [ RunTime:0.020087s ]
INFO: [ app_begin ] --START--
INFO: Run Behavior\ReadHtmlCacheBehavior [ RunTime:0.031338s ]
INFO: [ app_begin ] --END-- [ RunTime:0.031571s ]
SQL: SHOW COLUMNS FROM `adv` [ RunTime:0.0093s ]
ERR: Redis server went away

[ 2017-01-17T04:07:25+08:00 ] 1.162.170.242 mx-tw.mail.gm0.yahoodns.net:25
INFO: [ app_init ] --START--
INFO: Run Behavior\BuildLiteBehavior [ RunTime:0.000044s ]
INFO: [ app_init ] --END-- [ RunTime:0.033457s ]
INFO: [ app_begin ] --START--
INFO: Run Behavior\ReadHtmlCacheBehavior [ RunTime:0.045556s ]
INFO: [ app_begin ] --END-- [ RunTime:0.045718s ]
SQL: SHOW COLUMNS FROM `adv` [ RunTime:0.0089s ]
ERR: Redis server went away

[ 2017-01-17T04:08:38+08:00 ] 1.162.170.242 mx-tw.mail.gm0.yahoodns.net:25
INFO: [ app_init ] --START--
INFO: Run Behavior\BuildLiteBehavior [ RunTime:0.000031s ]
INFO: [ app_init ] --END-- [ RunTime:0.009928s ]
INFO: [ app_begin ] --START--
INFO: Run Behavior\ReadHtmlCacheBehavior [ RunTime:0.018790s ]
INFO: [ app_begin ] --END-- [ RunTime:0.018945s ]
SQL: SHOW COLUMNS FROM `adv` [ RunTime:0.0127s ]
ERR: Redis server went away

[ 2017-01-17T04:27:55+08:00 ] 1.162.170.242 mx-tw.mail.gm0.yahoodns.net:25
INFO: [ app_init ] --START--
INFO: Run Behavior\BuildLiteBehavior [ RunTime:0.000046s ]
INFO: [ app_init ] --END-- [ RunTime:0.017637s ]
INFO: [ app_begin ] --START--
INFO: Run Behavior\ReadHtmlCacheBehavior [ RunTime:0.022700s ]
INFO: [ app_begin ] --END-- [ RunTime:0.022937s ]
SQL: SHOW COLUMNS FROM `adv` [ RunTime:0.0090s ]
ERR: Redis server went away

[ 2017-01-17T04:52:17+08:00 ] 89.248.172.90 http://httpheader.net/
INFO: [ app_init ] --START--
INFO: Run Behavior\BuildLiteBehavior [ RunTime:0.000040s ]
INFO: [ app_init ] --END-- [ RunTime:0.028069s ]
INFO: [ app_begin ] --START--
INFO: Run Behavior\ReadHtmlCacheBehavior [ RunTime:0.025036s ]
INFO: [ app_begin ] --END-- [ RunTime:0.025196s ]
SQL: SHOW COLUMNS FROM `adv` [ RunTime:0.0086s ]
ERR: Redis server went away

[ 2017-01-17T05:06:10+08:00 ] 101.4.110.154 /
INFO: [ app_init ] --START--
INFO: Run Behavior\BuildLiteBehavior [ RunTime:0.000066s ]
INFO: [ app_init ] --END-- [ RunTime:0.017189s ]
INFO: [ app_begin ] --START--
INFO: Run Behavior\ReadHtmlCacheBehavior [ RunTime:0.043072s ]
INFO: [ app_begin ] --END-- [ RunTime:0.043225s ]
SQL: SHOW COLUMNS FROM `adv` [ RunTime:0.0098s ]
ERR: Redis server went away

[ 2017-01-17T05:06:25+08:00 ] 23.251.63.45 www.baidu.com:443
INFO: [ app_init ] --START--
INFO: Run Behavior\BuildLiteBehavior [ RunTime:0.000022s ]
INFO: [ app_init ] --END-- [ RunTime:0.000383s ]
INFO: [ app_begin ] --START--
INFO: Run Behavior\ReadHtmlCacheBehavior [ RunTime:0.020758s ]
INFO: [ app_begin ] --END-- [ RunTime:0.020946s ]
SQL: SHOW COLUMNS FROM `adv` [ RunTime:0.0212s ]
ERR: Redis server went away

[ 2017-01-17T05:07:55+08:00 ] 1.162.170.242 mx-tw.mail.gm0.yahoodns.net:25
INFO: [ app_init ] --START--
INFO: Run Behavior\BuildLiteBehavior [ RunTime:0.002462s ]
INFO: [ app_init ] --END-- [ RunTime:0.014913s ]
INFO: [ app_begin ] --START--
INFO: Run Behavior\ReadHtmlCacheBehavior [ RunTime:0.023939s ]
INFO: [ app_begin ] --END-- [ RunTime:0.024112s ]
SQL: SHOW COLUMNS FROM `adv` [ RunTime:0.0333s ]
ERR: Redis server went away

[ 2017-01-17T05:08:49+08:00 ] 1.162.170.242 mx-tw.mail.gm0.yahoodns.net:25
INFO: [ app_init ] --START--
INFO: Run Behavior\BuildLiteBehavior [ RunTime:0.000035s ]
INFO: [ app_init ] --END-- [ RunTime:0.025871s ]
INFO: [ app_begin ] --START--
INFO: Run Behavior\ReadHtmlCacheBehavior [ RunTime:0.019912s ]
INFO: [ app_begin ] --END-- [ RunTime:0.020160s ]
SQL: SHOW COLUMNS FROM `adv` [ RunTime:0.0007s ]
ERR: Redis server went away

[ 2017-01-17T06:09:03+08:00 ] 1.162.170.242 mx-tw.mail.gm0.yahoodns.net:25
INFO: [ app_init ] --START--
INFO: Run Behavior\BuildLiteBehavior [ RunTime:0.000090s ]
INFO: [ app_init ] --END-- [ RunTime:0.028966s ]
INFO: [ app_begin ] --START--
INFO: Run Behavior\ReadHtmlCacheBehavior [ RunTime:0.023421s ]
INFO: [ app_begin ] --END-- [ RunTime:0.035659s ]
SQL: SHOW COLUMNS FROM `adv` [ RunTime:0.0160s ]
ERR: Redis server went away

[ 2017-01-17T06:09:52+08:00 ] 1.162.170.242 mx-tw.mail.gm0.yahoodns.net:25
INFO: [ app_init ] --START--
INFO: Run Behavior\BuildLiteBehavior [ RunTime:0.000024s ]
INFO: [ app_init ] --END-- [ RunTime:0.000374s ]
INFO: [ app_begin ] --START--
INFO: Run Behavior\ReadHtmlCacheBehavior [ RunTime:0.030523s ]
INFO: [ app_begin ] --END-- [ RunTime:0.030712s ]
SQL: SHOW COLUMNS FROM `adv` [ RunTime:0.0154s ]
ERR: Redis server went away

[ 2017-01-17T06:10:45+08:00 ] 1.162.170.242 mx-tw.mail.gm0.yahoodns.net:25
INFO: [ app_init ] --START--
INFO: Run Behavior\BuildLiteBehavior [ RunTime:0.000047s ]
INFO: [ app_init ] --END-- [ RunTime:0.020410s ]
INFO: [ app_begin ] --START--
INFO: Run Behavior\ReadHtmlCacheBehavior [ RunTime:0.014749s ]
INFO: [ app_begin ] --END-- [ RunTime:0.014859s ]
SQL: SHOW COLUMNS FROM `adv` [ RunTime:0.0325s ]
ERR: Redis server went away

[ 2017-01-17T06:29:09+08:00 ] 1.162.170.242 mx-tw.mail.gm0.yahoodns.net:25
INFO: [ app_init ] --START--
INFO: Run Behavior\BuildLiteBehavior [ RunTime:0.000037s ]
INFO: [ app_init ] --END-- [ RunTime:0.015013s ]
INFO: [ app_begin ] --START--
INFO: Run Behavior\ReadHtmlCacheBehavior [ RunTime:0.019810s ]
INFO: [ app_begin ] --END-- [ RunTime:0.020009s ]
SQL: SHOW COLUMNS FROM `adv` [ RunTime:0.0073s ]
ERR: Redis server went away

[ 2017-01-17T06:49:28+08:00 ] 1.162.170.242 mx-tw.mail.gm0.yahoodns.net:25
INFO: [ app_init ] --START--
INFO: Run Behavior\BuildLiteBehavior [ RunTime:0.000053s ]
INFO: [ app_init ] --END-- [ RunTime:0.031091s ]
INFO: [ app_begin ] --START--
INFO: Run Behavior\ReadHtmlCacheBehavior [ RunTime:0.025788s ]
INFO: [ app_begin ] --END-- [ RunTime:0.025941s ]
SQL: SHOW COLUMNS FROM `adv` [ RunTime:0.0171s ]
ERR: Redis server went away

[ 2017-01-17T06:50:13+08:00 ] 1.162.170.242 mx-tw.mail.gm0.yahoodns.net:25
INFO: [ app_init ] --START--
INFO: Run Behavior\BuildLiteBehavior [ RunTime:0.000044s ]
INFO: [ app_init ] --END-- [ RunTime:0.011039s ]
INFO: [ app_begin ] --START--
INFO: Run Behavior\ReadHtmlCacheBehavior [ RunTime:0.032009s ]
INFO: [ app_begin ] --END-- [ RunTime:0.032205s ]
SQL: SHOW COLUMNS FROM `adv` [ RunTime:0.0153s ]
ERR: Redis server went away

[ 2017-01-17T06:55:25+08:00 ] 60.169.77.130 http://14.215.177.37/
INFO: [ app_init ] --START--
INFO: Run Behavior\BuildLiteBehavior [ RunTime:0.000039s ]
INFO: [ app_init ] --END-- [ RunTime:0.036634s ]
INFO: [ app_begin ] --START--
INFO: Run Behavior\ReadHtmlCacheBehavior [ RunTime:0.042416s ]
INFO: [ app_begin ] --END-- [ RunTime:0.042606s ]
SQL: SHOW COLUMNS FROM `adv` [ RunTime:0.0057s ]
ERR: Redis server went away

[ 2017-01-17T07:05:13+08:00 ] 23.251.63.45 www.baidu.com:443
INFO: [ app_init ] --START--
INFO: Run Behavior\BuildLiteBehavior [ RunTime:0.000039s ]
INFO: [ app_init ] --END-- [ RunTime:0.013022s ]
INFO: [ app_begin ] --START--
INFO: Run Behavior\ReadHtmlCacheBehavior [ RunTime:0.020735s ]
INFO: [ app_begin ] --END-- [ RunTime:0.020891s ]
SQL: SHOW COLUMNS FROM `adv` [ RunTime:0.0300s ]
ERR: Redis server went away

[ 2017-01-17T07:09:50+08:00 ] 1.162.170.242 mx-tw.mail.gm0.yahoodns.net:25
INFO: [ app_init ] --START--
INFO: Run Behavior\BuildLiteBehavior [ RunTime:0.000041s ]
INFO: [ app_init ] --END-- [ RunTime:0.023006s ]
INFO: [ app_begin ] --START--
INFO: Run Behavior\ReadHtmlCacheBehavior [ RunTime:0.030490s ]
INFO: [ app_begin ] --END-- [ RunTime:0.030591s ]
SQL: SHOW COLUMNS FROM `adv` [ RunTime:0.0141s ]
ERR: Redis server went away

[ 2017-01-17T07:30:19+08:00 ] 1.162.170.242 mx-tw.mail.gm0.yahoodns.net:25
INFO: [ app_init ] --START--
INFO: Run Behavior\BuildLiteBehavior [ RunTime:0.000039s ]
INFO: [ app_init ] --END-- [ RunTime:0.009876s ]
INFO: [ app_begin ] --START--
INFO: Run Behavior\ReadHtmlCacheBehavior [ RunTime:0.035799s ]
INFO: [ app_begin ] --END-- [ RunTime:0.036010s ]
SQL: SHOW COLUMNS FROM `adv` [ RunTime:0.0133s ]
ERR: Redis server went away

[ 2017-01-17T07:31:09+08:00 ] 1.162.170.242 mx-tw.mail.gm0.yahoodns.net:25
INFO: [ app_init ] --START--
INFO: Run Behavior\BuildLiteBehavior [ RunTime:0.000058s ]
INFO: [ app_init ] --END-- [ RunTime:0.023935s ]
INFO: [ app_begin ] --START--
INFO: Run Behavior\ReadHtmlCacheBehavior [ RunTime:0.030945s ]
INFO: [ app_begin ] --END-- [ RunTime:0.031098s ]
SQL: SHOW COLUMNS FROM `adv` [ RunTime:0.0160s ]
ERR: Redis server went away

[ 2017-01-17T07:51:05+08:00 ] 1.162.170.242 mx-tw.mail.gm0.yahoodns.net:25
INFO: [ app_init ] --START--
INFO: Run Behavior\BuildLiteBehavior [ RunTime:0.000030s ]
INFO: [ app_init ] --END-- [ RunTime:0.024494s ]
INFO: [ app_begin ] --START--
INFO: Run Behavior\ReadHtmlCacheBehavior [ RunTime:0.034695s ]
INFO: [ app_begin ] --END-- [ RunTime:0.034888s ]
SQL: SHOW COLUMNS FROM `adv` [ RunTime:0.0073s ]
ERR: Redis server went away

[ 2017-01-17T08:10:52+08:00 ] 1.162.170.242 mx-tw.mail.gm0.yahoodns.net:25
INFO: [ app_init ] --START--
INFO: Run Behavior\BuildLiteBehavior [ RunTime:0.000061s ]
INFO: [ app_init ] --END-- [ RunTime:0.015152s ]
INFO: [ app_begin ] --START--
INFO: Run Behavior\ReadHtmlCacheBehavior [ RunTime:0.035551s ]
INFO: [ app_begin ] --END-- [ RunTime:0.035712s ]
SQL: SHOW COLUMNS FROM `adv` [ RunTime:0.0156s ]
ERR: Redis server went away

[ 2017-01-17T08:30:48+08:00 ] 1.162.170.242 mx-tw.mail.gm0.yahoodns.net:25
INFO: [ app_init ] --START--
INFO: Run Behavior\BuildLiteBehavior [ RunTime:0.000035s ]
INFO: [ app_init ] --END-- [ RunTime:0.015971s ]
INFO: [ app_begin ] --START--
INFO: Run Behavior\ReadHtmlCacheBehavior [ RunTime:0.019842s ]
INFO: [ app_begin ] --END-- [ RunTime:0.019964s ]
SQL: SHOW COLUMNS FROM `adv` [ RunTime:0.0261s ]
ERR: Redis server went away

[ 2017-01-17T08:31:58+08:00 ] 1.162.170.242 mx-tw.mail.gm0.yahoodns.net:25
INFO: [ app_init ] --START--
INFO: Run Behavior\BuildLiteBehavior [ RunTime:0.000060s ]
INFO: [ app_init ] --END-- [ RunTime:0.030919s ]
INFO: [ app_begin ] --START--
INFO: Run Behavior\ReadHtmlCacheBehavior [ RunTime:0.028903s ]
INFO: [ app_begin ] --END-- [ RunTime:0.029065s ]
SQL: SHOW COLUMNS FROM `adv` [ RunTime:0.0075s ]
ERR: Redis server went away

[ 2017-01-17T08:51:20+08:00 ] 1.162.170.242 mx-tw.mail.gm0.yahoodns.net:25
INFO: [ app_init ] --START--
INFO: Run Behavior\BuildLiteBehavior [ RunTime:0.000078s ]
INFO: [ app_init ] --END-- [ RunTime:0.018057s ]
INFO: [ app_begin ] --START--
INFO: Run Behavior\ReadHtmlCacheBehavior [ RunTime:0.020340s ]
INFO: [ app_begin ] --END-- [ RunTime:0.020496s ]
SQL: SHOW COLUMNS FROM `adv` [ RunTime:0.0140s ]
ERR: Redis server went away

[ 2017-01-17T09:12:27+08:00 ] 1.162.170.242 mx-tw.mail.gm0.yahoodns.net:25
INFO: [ app_init ] --START--
INFO: Run Behavior\BuildLiteBehavior [ RunTime:0.000038s ]
INFO: [ app_init ] --END-- [ RunTime:0.024965s ]
INFO: [ app_begin ] --START--
INFO: Run Behavior\ReadHtmlCacheBehavior [ RunTime:0.032030s ]
INFO: [ app_begin ] --END-- [ RunTime:0.032159s ]
SQL: SHOW COLUMNS FROM `adv` [ RunTime:0.0078s ]
ERR: Redis server went away

[ 2017-01-17T09:32:18+08:00 ] 1.162.170.242 mx-tw.mail.gm0.yahoodns.net:25
INFO: [ app_init ] --START--
INFO: Run Behavior\BuildLiteBehavior [ RunTime:0.000047s ]
INFO: [ app_init ] --END-- [ RunTime:0.012687s ]
INFO: [ app_begin ] --START--
INFO: Run Behavior\ReadHtmlCacheBehavior [ RunTime:0.038616s ]
INFO: [ app_begin ] --END-- [ RunTime:0.038768s ]
SQL: SHOW COLUMNS FROM `adv` [ RunTime:0.0125s ]
ERR: Redis server went away

[ 2017-01-17T10:12:32+08:00 ] 1.162.170.242 mx-tw.mail.gm0.yahoodns.net:25
INFO: [ app_init ] --START--
INFO: Run Behavior\BuildLiteBehavior [ RunTime:0.000036s ]
INFO: [ app_init ] --END-- [ RunTime:0.028333s ]
INFO: [ app_begin ] --START--
INFO: Run Behavior\ReadHtmlCacheBehavior [ RunTime:0.027565s ]
INFO: [ app_begin ] --END-- [ RunTime:0.027743s ]
SQL: SHOW COLUMNS FROM `adv` [ RunTime:0.0112s ]
ERR: Redis server went away

[ 2017-01-17T10:13:17+08:00 ] 1.162.170.242 mx-tw.mail.gm0.yahoodns.net:25
INFO: [ app_init ] --START--
INFO: Run Behavior\BuildLiteBehavior [ RunTime:0.000075s ]
INFO: [ app_init ] --END-- [ RunTime:0.019927s ]
INFO: [ app_begin ] --START--
INFO: Run Behavior\ReadHtmlCacheBehavior [ RunTime:0.028372s ]
INFO: [ app_begin ] --END-- [ RunTime:0.028530s ]
SQL: SHOW COLUMNS FROM `adv` [ RunTime:0.0047s ]
ERR: Redis server went away

[ 2017-01-17T10:24:40+08:00 ] 61.49.45.43 /
INFO: [ app_init ] --START--
INFO: Run Behavior\BuildLiteBehavior [ RunTime:0.000055s ]
INFO: [ app_init ] --END-- [ RunTime:0.022367s ]
INFO: [ app_begin ] --START--
INFO: Run Behavior\ReadHtmlCacheBehavior [ RunTime:0.021789s ]
INFO: [ app_begin ] --END-- [ RunTime:0.021923s ]
SQL: SHOW COLUMNS FROM `adv` [ RunTime:0.0075s ]
ERR: Redis server went away

[ 2017-01-17T10:25:09+08:00 ] 61.49.45.43 /
INFO: [ app_init ] --START--
INFO: Run Behavior\BuildLiteBehavior [ RunTime:0.000087s ]
INFO: [ app_init ] --END-- [ RunTime:0.028498s ]
INFO: [ app_begin ] --START--
INFO: Run Behavior\ReadHtmlCacheBehavior [ RunTime:0.051182s ]
INFO: [ app_begin ] --END-- [ RunTime:0.051322s ]
SQL: SHOW COLUMNS FROM `adv` [ RunTime:0.0009s ]
ERR: Redis server went away

[ 2017-01-17T10:53:50+08:00 ] 1.162.170.242 mx-tw.mail.gm0.yahoodns.net:25
INFO: [ app_init ] --START--
INFO: Run Behavior\BuildLiteBehavior [ RunTime:0.000050s ]
INFO: [ app_init ] --END-- [ RunTime:0.025272s ]
INFO: [ app_begin ] --START--
INFO: Run Behavior\ReadHtmlCacheBehavior [ RunTime:0.018911s ]
INFO: [ app_begin ] --END-- [ RunTime:0.019105s ]
SQL: SHOW COLUMNS FROM `adv` [ RunTime:0.0358s ]
ERR: Redis server went away

[ 2017-01-17T11:00:41+08:00 ] 61.49.45.43 /
INFO: [ app_init ] --START--
INFO: Run Behavior\BuildLiteBehavior [ RunTime:0.000037s ]
INFO: [ app_init ] --END-- [ RunTime:0.018973s ]
INFO: [ app_begin ] --START--
INFO: Run Behavior\ReadHtmlCacheBehavior [ RunTime:0.024852s ]
INFO: [ app_begin ] --END-- [ RunTime:0.024971s ]
SQL: SHOW COLUMNS FROM `adv` [ RunTime:0.0072s ]
ERR: Redis server went away

[ 2017-01-17T11:01:11+08:00 ] 61.49.45.43 /
INFO: [ app_init ] --START--
INFO: Run Behavior\BuildLiteBehavior [ RunTime:0.000056s ]
INFO: [ app_init ] --END-- [ RunTime:0.021990s ]
INFO: [ app_begin ] --START--
INFO: Run Behavior\ReadHtmlCacheBehavior [ RunTime:0.018793s ]
INFO: [ app_begin ] --END-- [ RunTime:0.018915s ]
SQL: SHOW COLUMNS FROM `adv` [ RunTime:0.0118s ]
ERR: Redis server went away

[ 2017-01-17T11:34:38+08:00 ] 1.162.170.242 mx-tw.mail.gm0.yahoodns.net:25
INFO: [ app_init ] --START--
INFO: Run Behavior\BuildLiteBehavior [ RunTime:0.000053s ]
INFO: [ app_init ] --END-- [ RunTime:0.019424s ]
INFO: [ app_begin ] --START--
INFO: Run Behavior\ReadHtmlCacheBehavior [ RunTime:0.017728s ]
INFO: [ app_begin ] --END-- [ RunTime:0.017876s ]
SQL: SHOW COLUMNS FROM `adv` [ RunTime:0.0008s ]
ERR: Redis server went away

[ 2017-01-17T11:35:30+08:00 ] 1.162.170.242 mx-tw.mail.gm0.yahoodns.net:25
INFO: [ app_init ] --START--
INFO: Run Behavior\BuildLiteBehavior [ RunTime:0.000032s ]
INFO: [ app_init ] --END-- [ RunTime:0.026874s ]
INFO: [ app_begin ] --START--
INFO: Run Behavior\ReadHtmlCacheBehavior [ RunTime:0.032276s ]
INFO: [ app_begin ] --END-- [ RunTime:0.032469s ]
SQL: SHOW COLUMNS FROM `adv` [ RunTime:0.0085s ]
ERR: Redis server went away

[ 2017-01-17T11:54:06+08:00 ] 121.42.150.103 search.yahoo.com:443
INFO: [ app_init ] --START--
INFO: Run Behavior\BuildLiteBehavior [ RunTime:0.000020s ]
INFO: [ app_init ] --END-- [ RunTime:0.000362s ]
INFO: [ app_begin ] --START--
INFO: Run Behavior\ReadHtmlCacheBehavior [ RunTime:0.000482s ]
INFO: [ app_begin ] --END-- [ RunTime:0.022611s ]
SQL: SHOW COLUMNS FROM `adv` [ RunTime:0.0223s ]
ERR: Redis server went away

[ 2017-01-17T12:08:02+08:00 ] 49.114.63.188 /
INFO: [ app_init ] --START--
INFO: Run Behavior\BuildLiteBehavior [ RunTime:0.000064s ]
INFO: [ app_init ] --END-- [ RunTime:0.029035s ]
INFO: [ app_begin ] --START--
INFO: Run Behavior\ReadHtmlCacheBehavior [ RunTime:0.029816s ]
INFO: [ app_begin ] --END-- [ RunTime:0.029937s ]
SQL: SHOW COLUMNS FROM `adv` [ RunTime:0.0059s ]
ERR: Redis server went away

[ 2017-01-17T12:08:03+08:00 ] 49.114.63.188 /
INFO: [ app_init ] --START--
INFO: Run Behavior\BuildLiteBehavior [ RunTime:0.000077s ]
INFO: [ app_init ] --END-- [ RunTime:0.025006s ]
INFO: [ app_begin ] --START--
INFO: Run Behavior\ReadHtmlCacheBehavior [ RunTime:0.023810s ]
INFO: [ app_begin ] --END-- [ RunTime:0.023946s ]
SQL: SHOW COLUMNS FROM `adv` [ RunTime:0.0193s ]
ERR: Redis server went away

[ 2017-01-17T12:15:12+08:00 ] 1.162.170.242 mx-tw.mail.gm0.yahoodns.net:25
INFO: [ app_init ] --START--
INFO: Run Behavior\BuildLiteBehavior [ RunTime:0.000082s ]
INFO: [ app_init ] --END-- [ RunTime:0.026856s ]
INFO: [ app_begin ] --START--
INFO: Run Behavior\ReadHtmlCacheBehavior [ RunTime:0.037760s ]
INFO: [ app_begin ] --END-- [ RunTime:0.037941s ]
SQL: SHOW COLUMNS FROM `adv` [ RunTime:0.0103s ]
ERR: Redis server went away

[ 2017-01-17T12:32:10+08:00 ] 54.183.9.193 /
INFO: [ app_init ] --START--
INFO: Run Behavior\BuildLiteBehavior [ RunTime:0.000035s ]
INFO: [ app_init ] --END-- [ RunTime:0.013130s ]
INFO: [ app_begin ] --START--
INFO: Run Behavior\ReadHtmlCacheBehavior [ RunTime:0.017983s ]
INFO: [ app_begin ] --END-- [ RunTime:0.018210s ]
SQL: SHOW COLUMNS FROM `adv` [ RunTime:0.0007s ]
ERR: Redis server went away

[ 2017-01-17T12:34:58+08:00 ] 1.162.170.242 mx-tw.mail.gm0.yahoodns.net:25
INFO: [ app_init ] --START--
INFO: Run Behavior\BuildLiteBehavior [ RunTime:0.000035s ]
INFO: [ app_init ] --END-- [ RunTime:0.017956s ]
INFO: [ app_begin ] --START--
INFO: Run Behavior\ReadHtmlCacheBehavior [ RunTime:0.018792s ]
INFO: [ app_begin ] --END-- [ RunTime:0.018945s ]
SQL: SHOW COLUMNS FROM `adv` [ RunTime:0.0089s ]
ERR: Redis server went away

[ 2017-01-17T12:54:19+08:00 ] 121.42.150.103 search.yahoo.com:443
INFO: [ app_init ] --START--
INFO: Run Behavior\BuildLiteBehavior [ RunTime:0.000039s ]
INFO: [ app_init ] --END-- [ RunTime:0.018871s ]
INFO: [ app_begin ] --START--
INFO: Run Behavior\ReadHtmlCacheBehavior [ RunTime:0.037670s ]
INFO: [ app_begin ] --END-- [ RunTime:0.037849s ]
SQL: SHOW COLUMNS FROM `adv` [ RunTime:0.0055s ]
ERR: Redis server went away

[ 2017-01-17T12:55:05+08:00 ] 1.162.170.242 mx-tw.mail.gm0.yahoodns.net:25
INFO: [ app_init ] --START--
INFO: Run Behavior\BuildLiteBehavior [ RunTime:0.000031s ]
INFO: [ app_init ] --END-- [ RunTime:0.018655s ]
INFO: [ app_begin ] --START--
INFO: Run Behavior\ReadHtmlCacheBehavior [ RunTime:0.030963s ]
INFO: [ app_begin ] --END-- [ RunTime:0.031084s ]
SQL: SHOW COLUMNS FROM `adv` [ RunTime:0.0083s ]
ERR: Redis server went away

[ 2017-01-17T12:56:21+08:00 ] 1.162.170.242 mx-tw.mail.gm0.yahoodns.net:25
INFO: [ app_init ] --START--
INFO: Run Behavior\BuildLiteBehavior [ RunTime:0.000035s ]
INFO: [ app_init ] --END-- [ RunTime:0.026916s ]
INFO: [ app_begin ] --START--
INFO: Run Behavior\ReadHtmlCacheBehavior [ RunTime:0.028119s ]
INFO: [ app_begin ] --END-- [ RunTime:0.028280s ]
SQL: SHOW COLUMNS FROM `adv` [ RunTime:0.0278s ]
ERR: Redis server went away

[ 2017-01-17T13:16:11+08:00 ] 1.162.170.242 mx-tw.mail.gm0.yahoodns.net:25
INFO: [ app_init ] --START--
INFO: Run Behavior\BuildLiteBehavior [ RunTime:0.000058s ]
INFO: [ app_init ] --END-- [ RunTime:0.016097s ]
INFO: [ app_begin ] --START--
INFO: Run Behavior\ReadHtmlCacheBehavior [ RunTime:0.036426s ]
INFO: [ app_begin ] --END-- [ RunTime:0.036688s ]
SQL: SHOW COLUMNS FROM `adv` [ RunTime:0.0208s ]
ERR: Redis server went away

[ 2017-01-17T13:35:40+08:00 ] 1.162.170.242 mx-tw.mail.gm0.yahoodns.net:25
INFO: [ app_init ] --START--
INFO: Run Behavior\BuildLiteBehavior [ RunTime:0.000043s ]
INFO: [ app_init ] --END-- [ RunTime:0.017973s ]
INFO: [ app_begin ] --START--
INFO: Run Behavior\ReadHtmlCacheBehavior [ RunTime:0.033567s ]
INFO: [ app_begin ] --END-- [ RunTime:0.033771s ]
SQL: SHOW COLUMNS FROM `adv` [ RunTime:0.0260s ]
ERR: Redis server went away

[ 2017-01-17T13:36:49+08:00 ] 1.162.170.242 mx-tw.mail.gm0.yahoodns.net:25
INFO: [ app_init ] --START--
INFO: Run Behavior\BuildLiteBehavior [ RunTime:0.000034s ]
INFO: [ app_init ] --END-- [ RunTime:0.012948s ]
INFO: [ app_begin ] --START--
INFO: Run Behavior\ReadHtmlCacheBehavior [ RunTime:0.028340s ]
INFO: [ app_begin ] --END-- [ RunTime:0.028464s ]
SQL: SHOW COLUMNS FROM `adv` [ RunTime:0.0198s ]
ERR: Redis server went away

[ 2017-01-17T13:56:10+08:00 ] 1.162.170.242 mx-tw.mail.gm0.yahoodns.net:25
INFO: [ app_init ] --START--
INFO: Run Behavior\BuildLiteBehavior [ RunTime:0.000044s ]
INFO: [ app_init ] --END-- [ RunTime:0.018116s ]
INFO: [ app_begin ] --START--
INFO: Run Behavior\ReadHtmlCacheBehavior [ RunTime:0.033219s ]
INFO: [ app_begin ] --END-- [ RunTime:0.033405s ]
SQL: SHOW COLUMNS FROM `adv` [ RunTime:0.0008s ]
ERR: Redis server went away

[ 2017-01-17T13:57:12+08:00 ] 1.162.170.242 mx-tw.mail.gm0.yahoodns.net:25
INFO: [ app_init ] --START--
INFO: Run Behavior\BuildLiteBehavior [ RunTime:0.000055s ]
INFO: [ app_init ] --END-- [ RunTime:0.017555s ]
INFO: [ app_begin ] --START--
INFO: Run Behavior\ReadHtmlCacheBehavior [ RunTime:0.025791s ]
INFO: [ app_begin ] --END-- [ RunTime:0.025978s ]
SQL: SHOW COLUMNS FROM `adv` [ RunTime:0.0105s ]
ERR: Redis server went away

[ 2017-01-17T13:58:10+08:00 ] 117.185.27.102 /
INFO: [ app_init ] --START--
INFO: Run Behavior\BuildLiteBehavior [ RunTime:0.000059s ]
INFO: [ app_init ] --END-- [ RunTime:0.017192s ]
INFO: [ app_begin ] --START--
INFO: Run Behavior\ReadHtmlCacheBehavior [ RunTime:0.026096s ]
INFO: [ app_begin ] --END-- [ RunTime:0.026236s ]
SQL: SHOW COLUMNS FROM `adv` [ RunTime:0.0276s ]
ERR: Redis server went away

[ 2017-01-17T13:58:10+08:00 ] 140.207.185.123 /
INFO: [ app_init ] --START--
INFO: Run Behavior\BuildLiteBehavior [ RunTime:0.000020s ]
INFO: [ app_init ] --END-- [ RunTime:0.000319s ]
INFO: [ app_begin ] --START--
INFO: Run Behavior\ReadHtmlCacheBehavior [ RunTime:0.026881s ]
INFO: [ app_begin ] --END-- [ RunTime:0.027019s ]
SQL: SHOW COLUMNS FROM `adv` [ RunTime:0.0024s ]
ERR: Redis server went away

[ 2017-01-17T13:58:10+08:00 ] 117.185.27.144 /
INFO: [ app_init ] --START--
INFO: Run Behavior\BuildLiteBehavior [ RunTime:0.000050s ]
INFO: [ app_init ] --END-- [ RunTime:0.008117s ]
INFO: [ app_begin ] --START--
INFO: Run Behavior\ReadHtmlCacheBehavior [ RunTime:0.015840s ]
INFO: [ app_begin ] --END-- [ RunTime:0.015935s ]
SQL: SHOW COLUMNS FROM `adv` [ RunTime:0.0248s ]
ERR: Redis server went away

[ 2017-01-17T13:58:10+08:00 ] 140.207.55.80 /
INFO: [ app_init ] --START--
INFO: Run Behavior\BuildLiteBehavior [ RunTime:0.000034s ]
INFO: [ app_init ] --END-- [ RunTime:0.031208s ]
INFO: [ app_begin ] --START--
INFO: Run Behavior\ReadHtmlCacheBehavior [ RunTime:0.000469s ]
INFO: [ app_begin ] --END-- [ RunTime:0.000539s ]
SQL: SHOW COLUMNS FROM `adv` [ RunTime:0.0104s ]
ERR: Redis server went away

[ 2017-01-17T14:16:57+08:00 ] 1.162.170.242 mx-tw.mail.gm0.yahoodns.net:25
INFO: [ app_init ] --START--
INFO: Run Behavior\BuildLiteBehavior [ RunTime:0.000032s ]
INFO: [ app_init ] --END-- [ RunTime:0.018784s ]
INFO: [ app_begin ] --START--
INFO: Run Behavior\ReadHtmlCacheBehavior [ RunTime:0.037312s ]
INFO: [ app_begin ] --END-- [ RunTime:0.037477s ]
SQL: SHOW COLUMNS FROM `adv` [ RunTime:0.0180s ]
ERR: Redis server went away

[ 2017-01-17T14:36:45+08:00 ] 1.162.170.242 mx-tw.mail.gm0.yahoodns.net:25
INFO: [ app_init ] --START--
INFO: Run Behavior\BuildLiteBehavior [ RunTime:0.000058s ]
INFO: [ app_init ] --END-- [ RunTime:0.013018s ]
INFO: [ app_begin ] --START--
INFO: Run Behavior\ReadHtmlCacheBehavior [ RunTime:0.022802s ]
INFO: [ app_begin ] --END-- [ RunTime:0.022963s ]
SQL: SHOW COLUMNS FROM `adv` [ RunTime:0.0312s ]
ERR: Redis server went away

[ 2017-01-17T14:37:09+08:00 ] 1.162.170.242 mx-tw.mail.gm0.yahoodns.net:25
INFO: [ app_init ] --START--
INFO: Run Behavior\BuildLiteBehavior [ RunTime:0.000023s ]
INFO: [ app_init ] --END-- [ RunTime:0.000381s ]
INFO: [ app_begin ] --START--
INFO: Run Behavior\ReadHtmlCacheBehavior [ RunTime:0.027958s ]
INFO: [ app_begin ] --END-- [ RunTime:0.028082s ]
SQL: SHOW COLUMNS FROM `adv` [ RunTime:0.0206s ]
ERR: Redis server went away

[ 2017-01-17T14:38:25+08:00 ] 1.162.170.242 mx-tw.mail.gm0.yahoodns.net:25
INFO: [ app_init ] --START--
INFO: Run Behavior\BuildLiteBehavior [ RunTime:0.000023s ]
INFO: [ app_init ] --END-- [ RunTime:0.000370s ]
INFO: [ app_begin ] --START--
INFO: Run Behavior\ReadHtmlCacheBehavior [ RunTime:0.033400s ]
INFO: [ app_begin ] --END-- [ RunTime:0.033616s ]
SQL: SHOW COLUMNS FROM `adv` [ RunTime:0.0112s ]
ERR: Redis server went away

[ 2017-01-17T15:11:08+08:00 ] 23.251.63.45 www.baidu.com:443
INFO: [ app_init ] --START--
INFO: Run Behavior\BuildLiteBehavior [ RunTime:0.000072s ]
INFO: [ app_init ] --END-- [ RunTime:0.014515s ]
INFO: [ app_begin ] --START--
INFO: Run Behavior\ReadHtmlCacheBehavior [ RunTime:0.049253s ]
INFO: [ app_begin ] --END-- [ RunTime:0.049422s ]
SQL: SHOW COLUMNS FROM `adv` [ RunTime:0.0082s ]
ERR: Redis server went away

[ 2017-01-17T15:16:59+08:00 ] 1.162.170.242 mx-tw.mail.gm0.yahoodns.net:25
INFO: [ app_init ] --START--
INFO: Run Behavior\BuildLiteBehavior [ RunTime:0.000069s ]
INFO: [ app_init ] --END-- [ RunTime:0.023034s ]
INFO: [ app_begin ] --START--
INFO: Run Behavior\ReadHtmlCacheBehavior [ RunTime:0.029747s ]
INFO: [ app_begin ] --END-- [ RunTime:0.029898s ]
SQL: SHOW COLUMNS FROM `adv` [ RunTime:0.0008s ]
ERR: Redis server went away

[ 2017-01-17T15:37:51+08:00 ] 1.162.170.242 mx-tw.mail.gm0.yahoodns.net:25
INFO: [ app_init ] --START--
INFO: Run Behavior\BuildLiteBehavior [ RunTime:0.000063s ]
INFO: [ app_init ] --END-- [ RunTime:0.013163s ]
INFO: [ app_begin ] --START--
INFO: Run Behavior\ReadHtmlCacheBehavior [ RunTime:0.020976s ]
INFO: [ app_begin ] --END-- [ RunTime:0.037196s ]
SQL: SHOW COLUMNS FROM `adv` [ RunTime:0.0075s ]
ERR: Redis server went away

[ 2017-01-17T15:57:47+08:00 ] 1.162.170.242 mx-tw.mail.gm0.yahoodns.net:25
INFO: [ app_init ] --START--
INFO: Run Behavior\BuildLiteBehavior [ RunTime:0.000033s ]
INFO: [ app_init ] --END-- [ RunTime:0.014474s ]
INFO: [ app_begin ] --START--
INFO: Run Behavior\ReadHtmlCacheBehavior [ RunTime:0.028936s ]
INFO: [ app_begin ] --END-- [ RunTime:0.029088s ]
SQL: SHOW COLUMNS FROM `adv` [ RunTime:0.0238s ]
ERR: Redis server went away

[ 2017-01-17T16:17:53+08:00 ] 1.162.170.242 mx-tw.mail.gm0.yahoodns.net:25
INFO: [ app_init ] --START--
INFO: Run Behavior\BuildLiteBehavior [ RunTime:0.000090s ]
INFO: [ app_init ] --END-- [ RunTime:0.025906s ]
INFO: [ app_begin ] --START--
INFO: Run Behavior\ReadHtmlCacheBehavior [ RunTime:0.032855s ]
INFO: [ app_begin ] --END-- [ RunTime:0.033179s ]
SQL: SHOW COLUMNS FROM `adv` [ RunTime:0.0133s ]
ERR: Redis server went away

[ 2017-01-17T16:37:31+08:00 ] 1.162.170.242 mx-tw.mail.gm0.yahoodns.net:25
INFO: [ app_init ] --START--
INFO: Run Behavior\BuildLiteBehavior [ RunTime:0.000073s ]
INFO: [ app_init ] --END-- [ RunTime:0.014120s ]
INFO: [ app_begin ] --START--
INFO: Run Behavior\ReadHtmlCacheBehavior [ RunTime:0.040764s ]
INFO: [ app_begin ] --END-- [ RunTime:0.040949s ]
SQL: SHOW COLUMNS FROM `adv` [ RunTime:0.0131s ]
ERR: Redis server went away

[ 2017-01-17T16:38:49+08:00 ] 1.162.170.242 mx-tw.mail.gm0.yahoodns.net:25
INFO: [ app_init ] --START--
INFO: Run Behavior\BuildLiteBehavior [ RunTime:0.000035s ]
INFO: [ app_init ] --END-- [ RunTime:0.018998s ]
INFO: [ app_begin ] --START--
INFO: Run Behavior\ReadHtmlCacheBehavior [ RunTime:0.039322s ]
INFO: [ app_begin ] --END-- [ RunTime:0.039464s ]
SQL: SHOW COLUMNS FROM `adv` [ RunTime:0.0107s ]
ERR: Redis server went away

[ 2017-01-17T16:44:09+08:00 ] 121.42.150.103 search.yahoo.com:443
INFO: [ app_init ] --START--
INFO: Run Behavior\BuildLiteBehavior [ RunTime:0.000060s ]
INFO: [ app_init ] --END-- [ RunTime:0.013091s ]
INFO: [ app_begin ] --START--
INFO: Run Behavior\ReadHtmlCacheBehavior [ RunTime:0.025745s ]
INFO: [ app_begin ] --END-- [ RunTime:0.031917s ]
SQL: SHOW COLUMNS FROM `adv` [ RunTime:0.0249s ]
ERR: Redis server went away

[ 2017-01-17T16:58:11+08:00 ] 1.162.170.242 mx-tw.mail.gm0.yahoodns.net:25
INFO: [ app_init ] --START--
INFO: Run Behavior\BuildLiteBehavior [ RunTime:0.000031s ]
INFO: [ app_init ] --END-- [ RunTime:0.012979s ]
INFO: [ app_begin ] --START--
INFO: Run Behavior\ReadHtmlCacheBehavior [ RunTime:0.034168s ]
INFO: [ app_begin ] --END-- [ RunTime:0.034319s ]
SQL: SHOW COLUMNS FROM `adv` [ RunTime:0.0201s ]
ERR: Redis server went away

[ 2017-01-17T16:59:02+08:00 ] 1.162.170.242 mx-tw.mail.gm0.yahoodns.net:25
INFO: [ app_init ] --START--
INFO: Run Behavior\BuildLiteBehavior [ RunTime:0.000069s ]
INFO: [ app_init ] --END-- [ RunTime:0.024258s ]
INFO: [ app_begin ] --START--
INFO: Run Behavior\ReadHtmlCacheBehavior [ RunTime:0.035334s ]
INFO: [ app_begin ] --END-- [ RunTime:0.035522s ]
SQL: SHOW COLUMNS FROM `adv` [ RunTime:0.0078s ]
ERR: Redis server went away

[ 2017-01-17T17:18:40+08:00 ] 1.162.170.242 mx-tw.mail.gm0.yahoodns.net:25
INFO: [ app_init ] --START--
INFO: Run Behavior\BuildLiteBehavior [ RunTime:0.000054s ]
INFO: [ app_init ] --END-- [ RunTime:0.028932s ]
INFO: [ app_begin ] --START--
INFO: Run Behavior\ReadHtmlCacheBehavior [ RunTime:0.015820s ]
INFO: [ app_begin ] --END-- [ RunTime:0.015966s ]
SQL: SHOW COLUMNS FROM `adv` [ RunTime:0.0018s ]
ERR: Redis server went away

[ 2017-01-17T17:31:12+08:00 ] 140.205.201.33 /
INFO: [ app_init ] --START--
INFO: Run Behavior\BuildLiteBehavior [ RunTime:0.000037s ]
INFO: [ app_init ] --END-- [ RunTime:0.033791s ]
INFO: [ app_begin ] --START--
INFO: Run Behavior\ReadHtmlCacheBehavior [ RunTime:0.037676s ]
INFO: [ app_begin ] --END-- [ RunTime:0.037848s ]
SQL: SHOW COLUMNS FROM `adv` [ RunTime:0.0017s ]
ERR: Redis server went away

[ 2017-01-17T17:38:55+08:00 ] 1.162.170.242 mx-tw.mail.gm0.yahoodns.net:25
INFO: [ app_init ] --START--
INFO: Run Behavior\BuildLiteBehavior [ RunTime:0.000043s ]
INFO: [ app_init ] --END-- [ RunTime:0.018893s ]
INFO: [ app_begin ] --START--
INFO: Run Behavior\ReadHtmlCacheBehavior [ RunTime:0.023436s ]
INFO: [ app_begin ] --END-- [ RunTime:0.023570s ]
SQL: SHOW COLUMNS FROM `adv` [ RunTime:0.0241s ]
ERR: Redis server went away

[ 2017-01-17T17:39:53+08:00 ] 1.162.170.242 mx-tw.mail.gm0.yahoodns.net:25
INFO: [ app_init ] --START--
INFO: Run Behavior\BuildLiteBehavior [ RunTime:0.000051s ]
INFO: [ app_init ] --END-- [ RunTime:0.011988s ]
INFO: [ app_begin ] --START--
INFO: Run Behavior\ReadHtmlCacheBehavior [ RunTime:0.041635s ]
INFO: [ app_begin ] --END-- [ RunTime:0.041773s ]
SQL: SHOW COLUMNS FROM `adv` [ RunTime:0.0298s ]
ERR: Redis server went away

[ 2017-01-17T17:59:27+08:00 ] 1.162.170.242 mx-tw.mail.gm0.yahoodns.net:25
INFO: [ app_init ] --START--
INFO: Run Behavior\BuildLiteBehavior [ RunTime:0.000030s ]
INFO: [ app_init ] --END-- [ RunTime:0.000569s ]
INFO: [ app_begin ] --START--
INFO: Run Behavior\ReadHtmlCacheBehavior [ RunTime:0.034867s ]
INFO: [ app_begin ] --END-- [ RunTime:0.035112s ]
SQL: SHOW COLUMNS FROM `adv` [ RunTime:0.0253s ]
ERR: Redis server went away

[ 2017-01-17T18:13:52+08:00 ] 120.25.103.140 /
INFO: [ app_init ] --START--
INFO: Run Behavior\BuildLiteBehavior [ RunTime:0.000056s ]
INFO: [ app_init ] --END-- [ RunTime:0.006531s ]
INFO: [ app_begin ] --START--
INFO: Run Behavior\ReadHtmlCacheBehavior [ RunTime:0.025669s ]
INFO: [ app_begin ] --END-- [ RunTime:0.025808s ]
SQL: SHOW COLUMNS FROM `adv` [ RunTime:0.0141s ]
ERR: Redis server went away

[ 2017-01-17T18:19:04+08:00 ] 1.162.170.242 mx-tw.mail.gm0.yahoodns.net:25
INFO: [ app_init ] --START--
INFO: Run Behavior\BuildLiteBehavior [ RunTime:0.000030s ]
INFO: [ app_init ] --END-- [ RunTime:0.009927s ]
INFO: [ app_begin ] --START--
INFO: Run Behavior\ReadHtmlCacheBehavior [ RunTime:0.030058s ]
INFO: [ app_begin ] --END-- [ RunTime:0.030364s ]
SQL: SHOW COLUMNS FROM `adv` [ RunTime:0.0146s ]
ERR: Redis server went away

[ 2017-01-17T18:19:59+08:00 ] 1.162.170.242 mx-tw.mail.gm0.yahoodns.net:25
INFO: [ app_init ] --START--
INFO: Run Behavior\BuildLiteBehavior [ RunTime:0.000061s ]
INFO: [ app_init ] --END-- [ RunTime:0.026568s ]
INFO: [ app_begin ] --START--
INFO: Run Behavior\ReadHtmlCacheBehavior [ RunTime:0.018741s ]
INFO: [ app_begin ] --END-- [ RunTime:0.018927s ]
SQL: SHOW COLUMNS FROM `adv` [ RunTime:0.0319s ]
ERR: Redis server went away

[ 2017-01-17T19:00:39+08:00 ] 1.162.170.242 mx-tw.mail.gm0.yahoodns.net:25
INFO: [ app_init ] --START--
INFO: Run Behavior\BuildLiteBehavior [ RunTime:0.000023s ]
INFO: [ app_init ] --END-- [ RunTime:0.000371s ]
INFO: [ app_begin ] --START--
INFO: Run Behavior\ReadHtmlCacheBehavior [ RunTime:0.026735s ]
INFO: [ app_begin ] --END-- [ RunTime:0.026927s ]
SQL: SHOW COLUMNS FROM `adv` [ RunTime:0.0212s ]
ERR: Redis server went away

[ 2017-01-17T19:20:16+08:00 ] 1.162.170.242 mx-tw.mail.gm0.yahoodns.net:25
INFO: [ app_init ] --START--
INFO: Run Behavior\BuildLiteBehavior [ RunTime:0.000079s ]
INFO: [ app_init ] --END-- [ RunTime:0.017012s ]
INFO: [ app_begin ] --START--
INFO: Run Behavior\ReadHtmlCacheBehavior [ RunTime:0.015350s ]
INFO: [ app_begin ] --END-- [ RunTime:0.015537s ]
SQL: SHOW COLUMNS FROM `adv` [ RunTime:0.0085s ]
ERR: Redis server went away

[ 2017-01-17T19:21:05+08:00 ] 1.162.170.242 mx-tw.mail.gm0.yahoodns.net:25
INFO: [ app_init ] --START--
INFO: Run Behavior\BuildLiteBehavior [ RunTime:0.000036s ]
INFO: [ app_init ] --END-- [ RunTime:0.013970s ]
INFO: [ app_begin ] --START--
INFO: Run Behavior\ReadHtmlCacheBehavior [ RunTime:0.028827s ]
INFO: [ app_begin ] --END-- [ RunTime:0.029002s ]
SQL: SHOW COLUMNS FROM `adv` [ RunTime:0.0075s ]
ERR: Redis server went away

[ 2017-01-17T19:22:24+08:00 ] 23.251.63.45 www.alipay.com:443
INFO: [ app_init ] --START--
INFO: Run Behavior\BuildLiteBehavior [ RunTime:0.000021s ]
INFO: [ app_init ] --END-- [ RunTime:0.000374s ]
INFO: [ app_begin ] --START--
INFO: Run Behavior\ReadHtmlCacheBehavior [ RunTime:0.025007s ]
INFO: [ app_begin ] --END-- [ RunTime:0.025252s ]
SQL: SHOW COLUMNS FROM `adv` [ RunTime:0.0076s ]
ERR: Redis server went away

[ 2017-01-17T20:00:25+08:00 ] 1.162.170.242 mx-tw.mail.gm0.yahoodns.net:25
INFO: [ app_init ] --START--
INFO: Run Behavior\BuildLiteBehavior [ RunTime:0.000084s ]
INFO: [ app_init ] --END-- [ RunTime:0.011281s ]
INFO: [ app_begin ] --START--
INFO: Run Behavior\ReadHtmlCacheBehavior [ RunTime:0.017198s ]
INFO: [ app_begin ] --END-- [ RunTime:0.017419s ]
SQL: SHOW COLUMNS FROM `adv` [ RunTime:0.0150s ]
ERR: Redis server went away

[ 2017-01-17T20:01:09+08:00 ] 1.162.170.242 mx-tw.mail.gm0.yahoodns.net:25
INFO: [ app_init ] --START--
INFO: Run Behavior\BuildLiteBehavior [ RunTime:0.000051s ]
INFO: [ app_init ] --END-- [ RunTime:0.015032s ]
INFO: [ app_begin ] --START--
INFO: Run Behavior\ReadHtmlCacheBehavior [ RunTime:0.020584s ]
INFO: [ app_begin ] --END-- [ RunTime:0.026872s ]
SQL: SHOW COLUMNS FROM `adv` [ RunTime:0.0181s ]
ERR: Redis server went away

[ 2017-01-17T20:21:12+08:00 ] 1.162.170.242 mx-tw.mail.gm0.yahoodns.net:25
INFO: [ app_init ] --START--
INFO: Run Behavior\BuildLiteBehavior [ RunTime:0.000042s ]
INFO: [ app_init ] --END-- [ RunTime:0.021884s ]
INFO: [ app_begin ] --START--
INFO: Run Behavior\ReadHtmlCacheBehavior [ RunTime:0.015654s ]
INFO: [ app_begin ] --END-- [ RunTime:0.017909s ]
SQL: SHOW COLUMNS FROM `adv` [ RunTime:0.0128s ]
ERR: Redis server went away

[ 2017-01-17T20:32:26+08:00 ] 121.42.150.103 search.yahoo.com:443
INFO: [ app_init ] --START--
INFO: Run Behavior\BuildLiteBehavior [ RunTime:0.000076s ]
INFO: [ app_init ] --END-- [ RunTime:0.019134s ]
INFO: [ app_begin ] --START--
INFO: Run Behavior\ReadHtmlCacheBehavior [ RunTime:0.038410s ]
INFO: [ app_begin ] --END-- [ RunTime:0.038670s ]
SQL: SHOW COLUMNS FROM `adv` [ RunTime:0.0211s ]
ERR: Redis server went away

[ 2017-01-17T20:41:41+08:00 ] 1.162.170.242 mx-tw.mail.gm0.yahoodns.net:25
INFO: [ app_init ] --START--
INFO: Run Behavior\BuildLiteBehavior [ RunTime:0.000046s ]
INFO: [ app_init ] --END-- [ RunTime:0.029763s ]
INFO: [ app_begin ] --START--
INFO: Run Behavior\ReadHtmlCacheBehavior [ RunTime:0.025921s ]
INFO: [ app_begin ] --END-- [ RunTime:0.026050s ]
SQL: SHOW COLUMNS FROM `adv` [ RunTime:0.0074s ]
ERR: Redis server went away

[ 2017-01-17T21:01:20+08:00 ] 1.162.170.242 mx-tw.mail.gm0.yahoodns.net:25
INFO: [ app_init ] --START--
INFO: Run Behavior\BuildLiteBehavior [ RunTime:0.000037s ]
INFO: [ app_init ] --END-- [ RunTime:0.018906s ]
INFO: [ app_begin ] --START--
INFO: Run Behavior\ReadHtmlCacheBehavior [ RunTime:0.030696s ]
INFO: [ app_begin ] --END-- [ RunTime:0.030932s ]
SQL: SHOW COLUMNS FROM `adv` [ RunTime:0.0368s ]
ERR: Redis server went away

[ 2017-01-17T21:01:53+08:00 ] 1.162.170.242 mx-tw.mail.gm0.yahoodns.net:25
INFO: [ app_init ] --START--
INFO: Run Behavior\BuildLiteBehavior [ RunTime:0.000045s ]
INFO: [ app_init ] --END-- [ RunTime:0.016166s ]
INFO: [ app_begin ] --START--
INFO: Run Behavior\ReadHtmlCacheBehavior [ RunTime:0.029727s ]
INFO: [ app_begin ] --END-- [ RunTime:0.029944s ]
SQL: SHOW COLUMNS FROM `adv` [ RunTime:0.0487s ]
ERR: Redis server went away

[ 2017-01-17T21:21:35+08:00 ] 1.162.170.242 mx-tw.mail.gm0.yahoodns.net:25
INFO: [ app_init ] --START--
INFO: Run Behavior\BuildLiteBehavior [ RunTime:0.000054s ]
INFO: [ app_init ] --END-- [ RunTime:0.025057s ]
INFO: [ app_begin ] --START--
INFO: Run Behavior\ReadHtmlCacheBehavior [ RunTime:0.037370s ]
INFO: [ app_begin ] --END-- [ RunTime:0.037508s ]
SQL: SHOW COLUMNS FROM `adv` [ RunTime:0.0152s ]
ERR: Redis server went away

[ 2017-01-17T21:22:18+08:00 ] 1.162.170.242 mx-tw.mail.gm0.yahoodns.net:25
INFO: [ app_init ] --START--
INFO: Run Behavior\BuildLiteBehavior [ RunTime:0.000058s ]
INFO: [ app_init ] --END-- [ RunTime:0.011076s ]
INFO: [ app_begin ] --START--
INFO: Run Behavior\ReadHtmlCacheBehavior [ RunTime:0.017752s ]
INFO: [ app_begin ] --END-- [ RunTime:0.017887s ]
SQL: SHOW COLUMNS FROM `adv` [ RunTime:0.0147s ]
ERR: Redis server went away

[ 2017-01-17T21:32:16+08:00 ] 23.251.63.45 http://fr.cyberpods.net/
INFO: [ app_init ] --START--
INFO: Run Behavior\BuildLiteBehavior [ RunTime:0.000037s ]
INFO: [ app_init ] --END-- [ RunTime:0.034287s ]
INFO: [ app_begin ] --START--
INFO: Run Behavior\ReadHtmlCacheBehavior [ RunTime:0.023021s ]
INFO: [ app_begin ] --END-- [ RunTime:0.030298s ]
SQL: SHOW COLUMNS FROM `adv` [ RunTime:0.0185s ]
ERR: Redis server went away

[ 2017-01-17T21:32:18+08:00 ] 23.251.63.45 www.alipay.com:443
INFO: [ app_init ] --START--
INFO: Run Behavior\BuildLiteBehavior [ RunTime:0.000056s ]
INFO: [ app_init ] --END-- [ RunTime:0.013068s ]
INFO: [ app_begin ] --START--
INFO: Run Behavior\ReadHtmlCacheBehavior [ RunTime:0.020817s ]
INFO: [ app_begin ] --END-- [ RunTime:0.020997s ]
SQL: SHOW COLUMNS FROM `adv` [ RunTime:0.0160s ]
ERR: Redis server went away

[ 2017-01-17T21:36:40+08:00 ] 60.169.77.130 http://14.215.177.37/
INFO: [ app_init ] --START--
INFO: Run Behavior\BuildLiteBehavior [ RunTime:0.000069s ]
INFO: [ app_init ] --END-- [ RunTime:0.044509s ]
INFO: [ app_begin ] --START--
INFO: Run Behavior\ReadHtmlCacheBehavior [ RunTime:0.038438s ]
INFO: [ app_begin ] --END-- [ RunTime:0.038623s ]
SQL: SHOW COLUMNS FROM `adv` [ RunTime:0.0189s ]
ERR: Redis server went away

[ 2017-01-17T21:41:26+08:00 ] 1.162.170.242 mx-tw.mail.gm0.yahoodns.net:25
INFO: [ app_init ] --START--
INFO: Run Behavior\BuildLiteBehavior [ RunTime:0.000038s ]
INFO: [ app_init ] --END-- [ RunTime:0.013043s ]
INFO: [ app_begin ] --START--
INFO: Run Behavior\ReadHtmlCacheBehavior [ RunTime:0.039584s ]
INFO: [ app_begin ] --END-- [ RunTime:0.039807s ]
SQL: SHOW COLUMNS FROM `adv` [ RunTime:0.0012s ]
ERR: Redis server went away

[ 2017-01-17T21:42:34+08:00 ] 1.162.170.242 mx-tw.mail.gm0.yahoodns.net:25
INFO: [ app_init ] --START--
INFO: Run Behavior\BuildLiteBehavior [ RunTime:0.000058s ]
INFO: [ app_init ] --END-- [ RunTime:0.013613s ]
INFO: [ app_begin ] --START--
INFO: Run Behavior\ReadHtmlCacheBehavior [ RunTime:0.023610s ]
INFO: [ app_begin ] --END-- [ RunTime:0.029830s ]
SQL: SHOW COLUMNS FROM `adv` [ RunTime:0.0075s ]
ERR: Redis server went away

[ 2017-01-17T22:22:00+08:00 ] 1.162.170.242 mx-tw.mail.gm0.yahoodns.net:25
INFO: [ app_init ] --START--
INFO: Run Behavior\BuildLiteBehavior [ RunTime:0.000038s ]
INFO: [ app_init ] --END-- [ RunTime:0.019018s ]
INFO: [ app_begin ] --START--
INFO: Run Behavior\ReadHtmlCacheBehavior [ RunTime:0.025702s ]
INFO: [ app_begin ] --END-- [ RunTime:0.025858s ]
SQL: SHOW COLUMNS FROM `adv` [ RunTime:0.0300s ]
ERR: Redis server went away

[ 2017-01-17T22:23:09+08:00 ] 1.162.170.242 mx-tw.mail.gm0.yahoodns.net:25
INFO: [ app_init ] --START--
INFO: Run Behavior\BuildLiteBehavior [ RunTime:0.000046s ]
INFO: [ app_init ] --END-- [ RunTime:0.030335s ]
INFO: [ app_begin ] --START--
INFO: Run Behavior\ReadHtmlCacheBehavior [ RunTime:0.023041s ]
INFO: [ app_begin ] --END-- [ RunTime:0.023282s ]
SQL: SHOW COLUMNS FROM `adv` [ RunTime:0.0307s ]
ERR: Redis server went away

[ 2017-01-17T22:58:59+08:00 ] 59.111.32.13 http://baidu.com/
INFO: [ app_init ] --START--
INFO: Run Behavior\BuildLiteBehavior [ RunTime:0.000022s ]
INFO: [ app_init ] --END-- [ RunTime:0.027604s ]
INFO: [ app_begin ] --START--
INFO: Run Behavior\ReadHtmlCacheBehavior [ RunTime:0.053711s ]
INFO: [ app_begin ] --END-- [ RunTime:0.053922s ]
SQL: SHOW COLUMNS FROM `adv` [ RunTime:0.0137s ]
ERR: Redis server went away

[ 2017-01-17T23:03:05+08:00 ] 1.162.170.242 mx-tw.mail.gm0.yahoodns.net:25
INFO: [ app_init ] --START--
INFO: Run Behavior\BuildLiteBehavior [ RunTime:0.000062s ]
INFO: [ app_init ] --END-- [ RunTime:0.012144s ]
INFO: [ app_begin ] --START--
INFO: Run Behavior\ReadHtmlCacheBehavior [ RunTime:0.000494s ]
INFO: [ app_begin ] --END-- [ RunTime:0.000576s ]
SQL: SHOW COLUMNS FROM `adv` [ RunTime:0.0134s ]
ERR: Redis server went away

[ 2017-01-17T23:22:31+08:00 ] 1.162.170.242 mx-tw.mail.gm0.yahoodns.net:25
INFO: [ app_init ] --START--
INFO: Run Behavior\BuildLiteBehavior [ RunTime:0.000066s ]
INFO: [ app_init ] --END-- [ RunTime:0.023968s ]
INFO: [ app_begin ] --START--
INFO: Run Behavior\ReadHtmlCacheBehavior [ RunTime:0.040466s ]
INFO: [ app_begin ] --END-- [ RunTime:0.040666s ]
SQL: SHOW COLUMNS FROM `adv` [ RunTime:0.0007s ]
ERR: Redis server went away

[ 2017-01-17T23:23:13+08:00 ] 1.162.170.242 mx-tw.mail.gm0.yahoodns.net:25
INFO: [ app_init ] --START--
INFO: Run Behavior\BuildLiteBehavior [ RunTime:0.000051s ]
INFO: [ app_init ] --END-- [ RunTime:0.017070s ]
INFO: [ app_begin ] --START--
INFO: Run Behavior\ReadHtmlCacheBehavior [ RunTime:0.035608s ]
INFO: [ app_begin ] --END-- [ RunTime:0.035774s ]
SQL: SHOW COLUMNS FROM `adv` [ RunTime:0.0249s ]
ERR: Redis server went away

[ 2017-01-17T23:42:50+08:00 ] 1.162.170.242 mx-tw.mail.gm0.yahoodns.net:25
INFO: [ app_init ] --START--
INFO: Run Behavior\BuildLiteBehavior [ RunTime:0.000071s ]
INFO: [ app_init ] --END-- [ RunTime:0.019167s ]
INFO: [ app_begin ] --START--
INFO: Run Behavior\ReadHtmlCacheBehavior [ RunTime:0.029537s ]
INFO: [ app_begin ] --END-- [ RunTime:0.029764s ]
SQL: SHOW COLUMNS FROM `adv` [ RunTime:0.0075s ]
ERR: Redis server went away

[ 2017-01-17T23:43:37+08:00 ] 1.162.170.242 mx-tw.mail.gm0.yahoodns.net:25
INFO: [ app_init ] --START--
INFO: Run Behavior\BuildLiteBehavior [ RunTime:0.000035s ]
INFO: [ app_init ] --END-- [ RunTime:0.019358s ]
INFO: [ app_begin ] --START--
INFO: Run Behavior\ReadHtmlCacheBehavior [ RunTime:0.028624s ]
INFO: [ app_begin ] --END-- [ RunTime:0.028796s ]
SQL: SHOW COLUMNS FROM `adv` [ RunTime:0.0131s ]
ERR: Redis server went away

