[ 2017-01-28T00:14:01+08:00 ] 1.162.174.241 mx-tw.mail.gm0.yahoodns.net:25
INFO: [ app_init ] --START--
INFO: Run Behavior\BuildLiteBehavior [ RunTime:0.000085s ]
INFO: [ app_init ] --END-- [ RunTime:0.021871s ]
INFO: [ app_begin ] --START--
INFO: Run Behavior\ReadHtmlCacheBehavior [ RunTime:0.031505s ]
INFO: [ app_begin ] --END-- [ RunTime:0.031689s ]
SQL: SHOW COLUMNS FROM `adv` [ RunTime:0.0153s ]
ERR: Redis server went away

[ 2017-01-28T00:29:46+08:00 ] 1.162.174.241 mx-tw.mail.gm0.yahoodns.net:25
INFO: [ app_init ] --START--
INFO: Run Behavior\BuildLiteBehavior [ RunTime:0.000041s ]
INFO: [ app_init ] --END-- [ RunTime:0.026788s ]
INFO: [ app_begin ] --START--
INFO: Run Behavior\ReadHtmlCacheBehavior [ RunTime:0.041965s ]
INFO: [ app_begin ] --END-- [ RunTime:0.042255s ]
SQL: SHOW COLUMNS FROM `adv` [ RunTime:0.0371s ]
ERR: Redis server went away

[ 2017-01-28T00:39:08+08:00 ] 1.162.174.241 mx-tw.mail.gm0.yahoodns.net:25
INFO: [ app_init ] --START--
INFO: Run Behavior\BuildLiteBehavior [ RunTime:0.000070s ]
INFO: [ app_init ] --END-- [ RunTime:0.026022s ]
INFO: [ app_begin ] --START--
INFO: Run Behavior\ReadHtmlCacheBehavior [ RunTime:0.020773s ]
INFO: [ app_begin ] --END-- [ RunTime:0.020903s ]
SQL: SHOW COLUMNS FROM `adv` [ RunTime:0.0074s ]
ERR: Redis server went away

[ 2017-01-28T00:55:58+08:00 ] 1.162.174.241 mx-tw.mail.gm0.yahoodns.net:25
INFO: [ app_init ] --START--
INFO: Run Behavior\BuildLiteBehavior [ RunTime:0.000058s ]
INFO: [ app_init ] --END-- [ RunTime:0.032559s ]
INFO: [ app_begin ] --START--
INFO: Run Behavior\ReadHtmlCacheBehavior [ RunTime:0.029801s ]
INFO: [ app_begin ] --END-- [ RunTime:0.029984s ]
SQL: SHOW COLUMNS FROM `adv` [ RunTime:0.0188s ]
ERR: Redis server went away

[ 2017-01-28T01:12:01+08:00 ] 1.162.174.241 mx-tw.mail.gm0.yahoodns.net:25
INFO: [ app_init ] --START--
INFO: Run Behavior\BuildLiteBehavior [ RunTime:0.000021s ]
INFO: [ app_init ] --END-- [ RunTime:0.000300s ]
INFO: [ app_begin ] --START--
INFO: Run Behavior\ReadHtmlCacheBehavior [ RunTime:0.000354s ]
INFO: [ app_begin ] --END-- [ RunTime:0.000400s ]
SQL: SHOW COLUMNS FROM `adv` [ RunTime:0.0008s ]
ERR: Redis server went away

[ 2017-01-28T01:26:09+08:00 ] 1.162.174.241 mx-tw.mail.gm0.yahoodns.net:25
INFO: [ app_init ] --START--
INFO: Run Behavior\BuildLiteBehavior [ RunTime:0.000057s ]
INFO: [ app_init ] --END-- [ RunTime:0.020083s ]
INFO: [ app_begin ] --START--
INFO: Run Behavior\ReadHtmlCacheBehavior [ RunTime:0.023806s ]
INFO: [ app_begin ] --END-- [ RunTime:0.024018s ]
SQL: SHOW COLUMNS FROM `adv` [ RunTime:0.0260s ]
ERR: Redis server went away

[ 2017-01-28T01:39:30+08:00 ] 1.162.174.241 mx-tw.mail.gm0.yahoodns.net:25
INFO: [ app_init ] --START--
INFO: Run Behavior\BuildLiteBehavior [ RunTime:0.000036s ]
INFO: [ app_init ] --END-- [ RunTime:0.012969s ]
INFO: [ app_begin ] --START--
INFO: Run Behavior\ReadHtmlCacheBehavior [ RunTime:0.031713s ]
INFO: [ app_begin ] --END-- [ RunTime:0.031851s ]
SQL: SHOW COLUMNS FROM `adv` [ RunTime:0.0282s ]
ERR: Redis server went away

[ 2017-01-28T01:54:29+08:00 ] 1.162.174.241 mx-tw.mail.gm0.yahoodns.net:25
INFO: [ app_init ] --START--
INFO: Run Behavior\BuildLiteBehavior [ RunTime:0.000048s ]
INFO: [ app_init ] --END-- [ RunTime:0.032983s ]
INFO: [ app_begin ] --START--
INFO: Run Behavior\ReadHtmlCacheBehavior [ RunTime:0.030611s ]
INFO: [ app_begin ] --END-- [ RunTime:0.030769s ]
SQL: SHOW COLUMNS FROM `adv` [ RunTime:0.0199s ]
ERR: Redis server went away

[ 2017-01-28T02:07:22+08:00 ] 1.162.174.241 mx-tw.mail.gm0.yahoodns.net:25
INFO: [ app_init ] --START--
INFO: Run Behavior\BuildLiteBehavior [ RunTime:0.000045s ]
INFO: [ app_init ] --END-- [ RunTime:0.023874s ]
INFO: [ app_begin ] --START--
INFO: Run Behavior\ReadHtmlCacheBehavior [ RunTime:0.025340s ]
INFO: [ app_begin ] --END-- [ RunTime:0.025606s ]
SQL: SHOW COLUMNS FROM `adv` [ RunTime:0.0142s ]
ERR: Redis server went away

[ 2017-01-28T02:24:34+08:00 ] 1.162.174.241 mx-tw.mail.gm0.yahoodns.net:25
INFO: [ app_init ] --START--
INFO: Run Behavior\BuildLiteBehavior [ RunTime:0.000057s ]
INFO: [ app_init ] --END-- [ RunTime:0.030788s ]
INFO: [ app_begin ] --START--
INFO: Run Behavior\ReadHtmlCacheBehavior [ RunTime:0.032662s ]
INFO: [ app_begin ] --END-- [ RunTime:0.032798s ]
SQL: SHOW COLUMNS FROM `adv` [ RunTime:0.0172s ]
ERR: Redis server went away

[ 2017-01-28T02:35:12+08:00 ] 1.162.174.241 mx-tw.mail.gm0.yahoodns.net:25
INFO: [ app_init ] --START--
INFO: Run Behavior\BuildLiteBehavior [ RunTime:0.000048s ]
INFO: [ app_init ] --END-- [ RunTime:0.014102s ]
INFO: [ app_begin ] --START--
INFO: Run Behavior\ReadHtmlCacheBehavior [ RunTime:0.018820s ]
INFO: [ app_begin ] --END-- [ RunTime:0.019028s ]
SQL: SHOW COLUMNS FROM `adv` [ RunTime:0.0390s ]
ERR: Redis server went away

[ 2017-01-28T02:49:48+08:00 ] 1.162.174.241 mx-tw.mail.gm0.yahoodns.net:25
INFO: [ app_init ] --START--
INFO: Run Behavior\BuildLiteBehavior [ RunTime:0.000045s ]
INFO: [ app_init ] --END-- [ RunTime:0.013065s ]
INFO: [ app_begin ] --START--
INFO: Run Behavior\ReadHtmlCacheBehavior [ RunTime:0.022776s ]
INFO: [ app_begin ] --END-- [ RunTime:0.022910s ]
SQL: SHOW COLUMNS FROM `adv` [ RunTime:0.0211s ]
ERR: Redis server went away

[ 2017-01-28T03:04:43+08:00 ] 1.162.174.241 mx-tw.mail.gm0.yahoodns.net:25
INFO: [ app_init ] --START--
INFO: Run Behavior\BuildLiteBehavior [ RunTime:0.000067s ]
INFO: [ app_init ] --END-- [ RunTime:0.021091s ]
INFO: [ app_begin ] --START--
INFO: Run Behavior\ReadHtmlCacheBehavior [ RunTime:0.039739s ]
INFO: [ app_begin ] --END-- [ RunTime:0.040162s ]
SQL: SHOW COLUMNS FROM `adv` [ RunTime:0.0072s ]
ERR: Redis server went away

[ 2017-01-28T03:18:57+08:00 ] 1.162.174.241 mx-tw.mail.gm0.yahoodns.net:25
INFO: [ app_init ] --START--
INFO: Run Behavior\BuildLiteBehavior [ RunTime:0.000032s ]
INFO: [ app_init ] --END-- [ RunTime:0.019399s ]
INFO: [ app_begin ] --START--
INFO: Run Behavior\ReadHtmlCacheBehavior [ RunTime:0.022557s ]
INFO: [ app_begin ] --END-- [ RunTime:0.022759s ]
SQL: SHOW COLUMNS FROM `adv` [ RunTime:0.0189s ]
ERR: Redis server went away

[ 2017-01-28T03:36:57+08:00 ] 1.162.174.241 mx-tw.mail.gm0.yahoodns.net:25
INFO: [ app_init ] --START--
INFO: Run Behavior\BuildLiteBehavior [ RunTime:0.000036s ]
INFO: [ app_init ] --END-- [ RunTime:0.017989s ]
INFO: [ app_begin ] --START--
INFO: Run Behavior\ReadHtmlCacheBehavior [ RunTime:0.022800s ]
INFO: [ app_begin ] --END-- [ RunTime:0.022929s ]
SQL: SHOW COLUMNS FROM `adv` [ RunTime:0.0151s ]
ERR: Redis server went away

[ 2017-01-28T03:47:47+08:00 ] 1.162.174.241 mx-tw.mail.gm0.yahoodns.net:25
INFO: [ app_init ] --START--
INFO: Run Behavior\BuildLiteBehavior [ RunTime:0.000039s ]
INFO: [ app_init ] --END-- [ RunTime:0.019466s ]
INFO: [ app_begin ] --START--
INFO: Run Behavior\ReadHtmlCacheBehavior [ RunTime:0.036707s ]
INFO: [ app_begin ] --END-- [ RunTime:0.040721s ]
SQL: SHOW COLUMNS FROM `adv` [ RunTime:0.0202s ]
ERR: Redis server went away

[ 2017-01-28T03:55:43+08:00 ] 60.169.77.130 http://14.215.177.37/
INFO: [ app_init ] --START--
INFO: Run Behavior\BuildLiteBehavior [ RunTime:0.000043s ]
INFO: [ app_init ] --END-- [ RunTime:0.013035s ]
INFO: [ app_begin ] --START--
INFO: Run Behavior\ReadHtmlCacheBehavior [ RunTime:0.036387s ]
INFO: [ app_begin ] --END-- [ RunTime:0.036550s ]
SQL: SHOW COLUMNS FROM `adv` [ RunTime:0.0180s ]
ERR: Redis server went away

[ 2017-01-28T04:04:50+08:00 ] 1.162.174.241 mx-tw.mail.gm0.yahoodns.net:25
INFO: [ app_init ] --START--
INFO: Run Behavior\BuildLiteBehavior [ RunTime:0.000022s ]
INFO: [ app_init ] --END-- [ RunTime:0.000369s ]
INFO: [ app_begin ] --START--
INFO: Run Behavior\ReadHtmlCacheBehavior [ RunTime:0.030743s ]
INFO: [ app_begin ] --END-- [ RunTime:0.030915s ]
SQL: SHOW COLUMNS FROM `adv` [ RunTime:0.0205s ]
ERR: Redis server went away

[ 2017-01-28T04:18:02+08:00 ] 1.162.174.241 mx-tw.mail.gm0.yahoodns.net:25
INFO: [ app_init ] --START--
INFO: Run Behavior\BuildLiteBehavior [ RunTime:0.000023s ]
INFO: [ app_init ] --END-- [ RunTime:0.012516s ]
INFO: [ app_begin ] --START--
INFO: Run Behavior\ReadHtmlCacheBehavior [ RunTime:0.033394s ]
INFO: [ app_begin ] --END-- [ RunTime:0.033542s ]
SQL: SHOW COLUMNS FROM `adv` [ RunTime:0.0162s ]
ERR: Redis server went away

[ 2017-01-28T04:32:01+08:00 ] 1.162.174.241 mx-tw.mail.gm0.yahoodns.net:25
INFO: [ app_init ] --START--
INFO: Run Behavior\BuildLiteBehavior [ RunTime:0.000042s ]
INFO: [ app_init ] --END-- [ RunTime:0.024848s ]
INFO: [ app_begin ] --START--
INFO: Run Behavior\ReadHtmlCacheBehavior [ RunTime:0.019774s ]
INFO: [ app_begin ] --END-- [ RunTime:0.019902s ]
SQL: SHOW COLUMNS FROM `adv` [ RunTime:0.0206s ]
ERR: Redis server went away

[ 2017-01-28T04:45:16+08:00 ] 1.162.174.241 mx-tw.mail.gm0.yahoodns.net:25
INFO: [ app_init ] --START--
INFO: Run Behavior\BuildLiteBehavior [ RunTime:0.000032s ]
INFO: [ app_init ] --END-- [ RunTime:0.010035s ]
INFO: [ app_begin ] --START--
INFO: Run Behavior\ReadHtmlCacheBehavior [ RunTime:0.038598s ]
INFO: [ app_begin ] --END-- [ RunTime:0.038819s ]
SQL: SHOW COLUMNS FROM `adv` [ RunTime:0.0068s ]
ERR: Redis server went away

[ 2017-01-28T05:01:42+08:00 ] 1.162.174.241 mx-tw.mail.gm0.yahoodns.net:25
INFO: [ app_init ] --START--
INFO: Run Behavior\BuildLiteBehavior [ RunTime:0.000040s ]
INFO: [ app_init ] --END-- [ RunTime:0.021464s ]
INFO: [ app_begin ] --START--
INFO: Run Behavior\ReadHtmlCacheBehavior [ RunTime:0.021024s ]
INFO: [ app_begin ] --END-- [ RunTime:0.021168s ]
SQL: SHOW COLUMNS FROM `adv` [ RunTime:0.0079s ]
ERR: Redis server went away

[ 2017-01-28T05:14:25+08:00 ] 1.162.174.241 mx-tw.mail.gm0.yahoodns.net:25
INFO: [ app_init ] --START--
INFO: Run Behavior\BuildLiteBehavior [ RunTime:0.000058s ]
INFO: [ app_init ] --END-- [ RunTime:0.022087s ]
INFO: [ app_begin ] --START--
INFO: Run Behavior\ReadHtmlCacheBehavior [ RunTime:0.018002s ]
INFO: [ app_begin ] --END-- [ RunTime:0.018157s ]
SQL: SHOW COLUMNS FROM `adv` [ RunTime:0.0175s ]
ERR: Redis server went away

[ 2017-01-28T05:31:50+08:00 ] 1.162.174.241 mx-tw.mail.gm0.yahoodns.net:25
INFO: [ app_init ] --START--
INFO: Run Behavior\BuildLiteBehavior [ RunTime:0.000044s ]
INFO: [ app_init ] --END-- [ RunTime:0.012183s ]
INFO: [ app_begin ] --START--
INFO: Run Behavior\ReadHtmlCacheBehavior [ RunTime:0.037663s ]
INFO: [ app_begin ] --END-- [ RunTime:0.037899s ]
SQL: SHOW COLUMNS FROM `adv` [ RunTime:0.0144s ]
ERR: Redis server went away

[ 2017-01-28T05:46:15+08:00 ] 1.162.174.241 mx-tw.mail.gm0.yahoodns.net:25
INFO: [ app_init ] --START--
INFO: Run Behavior\BuildLiteBehavior [ RunTime:0.000065s ]
INFO: [ app_init ] --END-- [ RunTime:0.025430s ]
INFO: [ app_begin ] --START--
INFO: Run Behavior\ReadHtmlCacheBehavior [ RunTime:0.033436s ]
INFO: [ app_begin ] --END-- [ RunTime:0.033641s ]
SQL: SHOW COLUMNS FROM `adv` [ RunTime:0.0141s ]
ERR: Redis server went away

[ 2017-01-28T06:28:52+08:00 ] 1.162.174.241 mx-tw.mail.gm0.yahoodns.net:25
INFO: [ app_init ] --START--
INFO: Run Behavior\BuildLiteBehavior [ RunTime:0.000047s ]
INFO: [ app_init ] --END-- [ RunTime:0.014026s ]
INFO: [ app_begin ] --START--
INFO: Run Behavior\ReadHtmlCacheBehavior [ RunTime:0.036052s ]
INFO: [ app_begin ] --END-- [ RunTime:0.039648s ]
SQL: SHOW COLUMNS FROM `adv` [ RunTime:0.0110s ]
ERR: Redis server went away

[ 2017-01-28T06:45:44+08:00 ] 1.162.174.241 mx-tw.mail.gm0.yahoodns.net:25
INFO: [ app_init ] --START--
INFO: Run Behavior\BuildLiteBehavior [ RunTime:0.000058s ]
INFO: [ app_init ] --END-- [ RunTime:0.025908s ]
INFO: [ app_begin ] --START--
INFO: Run Behavior\ReadHtmlCacheBehavior [ RunTime:0.023123s ]
INFO: [ app_begin ] --END-- [ RunTime:0.023255s ]
SQL: SHOW COLUMNS FROM `adv` [ RunTime:0.0139s ]
ERR: Redis server went away

[ 2017-01-28T07:01:47+08:00 ] 1.162.174.241 mx-tw.mail.gm0.yahoodns.net:25
INFO: [ app_init ] --START--
INFO: Run Behavior\BuildLiteBehavior [ RunTime:0.000048s ]
INFO: [ app_init ] --END-- [ RunTime:0.023956s ]
INFO: [ app_begin ] --START--
INFO: Run Behavior\ReadHtmlCacheBehavior [ RunTime:0.025764s ]
INFO: [ app_begin ] --END-- [ RunTime:0.025896s ]
SQL: SHOW COLUMNS FROM `adv` [ RunTime:0.0295s ]
ERR: Redis server went away

[ 2017-01-28T07:10:39+08:00 ] 23.251.63.45 www.baidu.com:443
INFO: [ app_init ] --START--
INFO: Run Behavior\BuildLiteBehavior [ RunTime:0.000070s ]
INFO: [ app_init ] --END-- [ RunTime:0.016083s ]
INFO: [ app_begin ] --START--
INFO: Run Behavior\ReadHtmlCacheBehavior [ RunTime:0.031599s ]
INFO: [ app_begin ] --END-- [ RunTime:0.031871s ]
SQL: SHOW COLUMNS FROM `adv` [ RunTime:0.0150s ]
ERR: Redis server went away

[ 2017-01-28T07:10:49+08:00 ] 117.14.144.13 http://www.123cha.com
INFO: [ app_init ] --START--
INFO: Run Behavior\BuildLiteBehavior [ RunTime:0.000037s ]
INFO: [ app_init ] --END-- [ RunTime:0.021488s ]
INFO: [ app_begin ] --START--
INFO: Run Behavior\ReadHtmlCacheBehavior [ RunTime:0.037622s ]
INFO: [ app_begin ] --END-- [ RunTime:0.037794s ]
SQL: SHOW COLUMNS FROM `adv` [ RunTime:0.0260s ]
ERR: Redis server went away

[ 2017-01-28T07:13:05+08:00 ] 1.162.174.241 mx-tw.mail.gm0.yahoodns.net:25
INFO: [ app_init ] --START--
INFO: Run Behavior\BuildLiteBehavior [ RunTime:0.000049s ]
INFO: [ app_init ] --END-- [ RunTime:0.007183s ]
INFO: [ app_begin ] --START--
INFO: Run Behavior\ReadHtmlCacheBehavior [ RunTime:0.031996s ]
INFO: [ app_begin ] --END-- [ RunTime:0.032168s ]
SQL: SHOW COLUMNS FROM `adv` [ RunTime:0.0083s ]
ERR: Redis server went away

[ 2017-01-28T07:19:07+08:00 ] 42.156.251.187 /
INFO: [ app_init ] --START--
INFO: Run Behavior\BuildLiteBehavior [ RunTime:0.000044s ]
INFO: [ app_init ] --END-- [ RunTime:0.015010s ]
INFO: [ app_begin ] --START--
INFO: Run Behavior\ReadHtmlCacheBehavior [ RunTime:0.020357s ]
INFO: [ app_begin ] --END-- [ RunTime:0.020504s ]
SQL: SHOW COLUMNS FROM `adv` [ RunTime:0.0230s ]
ERR: Redis server went away

[ 2017-01-28T07:27:02+08:00 ] 1.162.174.241 mx-tw.mail.gm0.yahoodns.net:25
INFO: [ app_init ] --START--
INFO: Run Behavior\BuildLiteBehavior [ RunTime:0.000036s ]
INFO: [ app_init ] --END-- [ RunTime:0.043344s ]
INFO: [ app_begin ] --START--
INFO: Run Behavior\ReadHtmlCacheBehavior [ RunTime:0.040326s ]
INFO: [ app_begin ] --END-- [ RunTime:0.040429s ]
SQL: SHOW COLUMNS FROM `adv` [ RunTime:0.0150s ]
ERR: Redis server went away

[ 2017-01-28T07:41:32+08:00 ] 1.162.174.241 mx-tw.mail.gm0.yahoodns.net:25
INFO: [ app_init ] --START--
INFO: Run Behavior\BuildLiteBehavior [ RunTime:0.000043s ]
INFO: [ app_init ] --END-- [ RunTime:0.023962s ]
INFO: [ app_begin ] --START--
INFO: Run Behavior\ReadHtmlCacheBehavior [ RunTime:0.030350s ]
INFO: [ app_begin ] --END-- [ RunTime:0.030504s ]
SQL: SHOW COLUMNS FROM `adv` [ RunTime:0.0143s ]
ERR: Redis server went away

[ 2017-01-28T07:55:33+08:00 ] 1.162.174.241 mx-tw.mail.gm0.yahoodns.net:25
INFO: [ app_init ] --START--
INFO: Run Behavior\BuildLiteBehavior [ RunTime:0.000040s ]
INFO: [ app_init ] --END-- [ RunTime:0.026420s ]
INFO: [ app_begin ] --START--
INFO: Run Behavior\ReadHtmlCacheBehavior [ RunTime:0.023917s ]
INFO: [ app_begin ] --END-- [ RunTime:0.024133s ]
SQL: SHOW COLUMNS FROM `adv` [ RunTime:0.0085s ]
ERR: Redis server went away

[ 2017-01-28T08:13:41+08:00 ] 1.162.174.241 mx-tw.mail.gm0.yahoodns.net:25
INFO: [ app_init ] --START--
INFO: Run Behavior\BuildLiteBehavior [ RunTime:0.000047s ]
INFO: [ app_init ] --END-- [ RunTime:0.017466s ]
INFO: [ app_begin ] --START--
INFO: Run Behavior\ReadHtmlCacheBehavior [ RunTime:0.024783s ]
INFO: [ app_begin ] --END-- [ RunTime:0.024933s ]
SQL: SHOW COLUMNS FROM `adv` [ RunTime:0.0082s ]
ERR: Redis server went away

[ 2017-01-28T08:29:48+08:00 ] 1.162.174.241 mx-tw.mail.gm0.yahoodns.net:25
INFO: [ app_init ] --START--
INFO: Run Behavior\BuildLiteBehavior [ RunTime:0.000066s ]
INFO: [ app_init ] --END-- [ RunTime:0.013177s ]
INFO: [ app_begin ] --START--
INFO: Run Behavior\ReadHtmlCacheBehavior [ RunTime:0.037613s ]
INFO: [ app_begin ] --END-- [ RunTime:0.037857s ]
SQL: SHOW COLUMNS FROM `adv` [ RunTime:0.0103s ]
ERR: Redis server went away

[ 2017-01-28T08:42:47+08:00 ] 1.162.174.241 mx-tw.mail.gm0.yahoodns.net:25
INFO: [ app_init ] --START--
INFO: Run Behavior\BuildLiteBehavior [ RunTime:0.000040s ]
INFO: [ app_init ] --END-- [ RunTime:0.029570s ]
INFO: [ app_begin ] --START--
INFO: Run Behavior\ReadHtmlCacheBehavior [ RunTime:0.019748s ]
INFO: [ app_begin ] --END-- [ RunTime:0.019906s ]
SQL: SHOW COLUMNS FROM `adv` [ RunTime:0.0173s ]
ERR: Redis server went away

[ 2017-01-28T08:56:07+08:00 ] 1.162.174.241 mx-tw.mail.gm0.yahoodns.net:25
INFO: [ app_init ] --START--
INFO: Run Behavior\BuildLiteBehavior [ RunTime:0.000037s ]
INFO: [ app_init ] --END-- [ RunTime:0.017945s ]
INFO: [ app_begin ] --START--
INFO: Run Behavior\ReadHtmlCacheBehavior [ RunTime:0.031659s ]
INFO: [ app_begin ] --END-- [ RunTime:0.031870s ]
SQL: SHOW COLUMNS FROM `adv` [ RunTime:0.0074s ]
ERR: Redis server went away

[ 2017-01-28T09:12:09+08:00 ] 1.162.174.241 mx-tw.mail.gm0.yahoodns.net:25
INFO: [ app_init ] --START--
INFO: Run Behavior\BuildLiteBehavior [ RunTime:0.000037s ]
INFO: [ app_init ] --END-- [ RunTime:0.012329s ]
INFO: [ app_begin ] --START--
INFO: Run Behavior\ReadHtmlCacheBehavior [ RunTime:0.026117s ]
INFO: [ app_begin ] --END-- [ RunTime:0.026242s ]
SQL: SHOW COLUMNS FROM `adv` [ RunTime:0.0255s ]
ERR: Redis server went away

[ 2017-01-28T09:44:41+08:00 ] 1.162.174.241 mx-tw.mail.gm0.yahoodns.net:25
INFO: [ app_init ] --START--
INFO: Run Behavior\BuildLiteBehavior [ RunTime:0.000032s ]
INFO: [ app_init ] --END-- [ RunTime:0.026915s ]
INFO: [ app_begin ] --START--
INFO: Run Behavior\ReadHtmlCacheBehavior [ RunTime:0.021732s ]
INFO: [ app_begin ] --END-- [ RunTime:0.021950s ]
SQL: SHOW COLUMNS FROM `adv` [ RunTime:0.0008s ]
ERR: Redis server went away

[ 2017-01-28T10:00:25+08:00 ] 1.162.174.241 mx-tw.mail.gm0.yahoodns.net:25
INFO: [ app_init ] --START--
INFO: Run Behavior\BuildLiteBehavior [ RunTime:0.000060s ]
INFO: [ app_init ] --END-- [ RunTime:0.023803s ]
INFO: [ app_begin ] --START--
INFO: Run Behavior\ReadHtmlCacheBehavior [ RunTime:0.037575s ]
INFO: [ app_begin ] --END-- [ RunTime:0.037715s ]
SQL: SHOW COLUMNS FROM `adv` [ RunTime:0.0152s ]
ERR: Redis server went away

[ 2017-01-28T10:13:07+08:00 ] 1.162.174.241 mx-tw.mail.gm0.yahoodns.net:25
INFO: [ app_init ] --START--
INFO: Run Behavior\BuildLiteBehavior [ RunTime:0.000052s ]
INFO: [ app_init ] --END-- [ RunTime:0.019110s ]
INFO: [ app_begin ] --START--
INFO: Run Behavior\ReadHtmlCacheBehavior [ RunTime:0.042318s ]
INFO: [ app_begin ] --END-- [ RunTime:0.042600s ]
SQL: SHOW COLUMNS FROM `adv` [ RunTime:0.0096s ]
ERR: Redis server went away

[ 2017-01-28T10:18:54+08:00 ] 198.20.69.74 /
INFO: [ app_init ] --START--
INFO: Run Behavior\BuildLiteBehavior [ RunTime:0.000076s ]
INFO: [ app_init ] --END-- [ RunTime:0.036067s ]
INFO: [ app_begin ] --START--
INFO: Run Behavior\ReadHtmlCacheBehavior [ RunTime:0.029957s ]
INFO: [ app_begin ] --END-- [ RunTime:0.030081s ]
SQL: SHOW COLUMNS FROM `adv` [ RunTime:0.0167s ]
ERR: Redis server went away

[ 2017-01-28T10:29:15+08:00 ] 1.162.174.241 mx-tw.mail.gm0.yahoodns.net:25
INFO: [ app_init ] --START--
INFO: Run Behavior\BuildLiteBehavior [ RunTime:0.000036s ]
INFO: [ app_init ] --END-- [ RunTime:0.031272s ]
INFO: [ app_begin ] --START--
INFO: Run Behavior\ReadHtmlCacheBehavior [ RunTime:0.024794s ]
INFO: [ app_begin ] --END-- [ RunTime:0.024949s ]
SQL: SHOW COLUMNS FROM `adv` [ RunTime:0.0142s ]
ERR: Redis server went away

[ 2017-01-28T10:58:54+08:00 ] 1.162.174.241 mx-tw.mail.gm0.yahoodns.net:25
INFO: [ app_init ] --START--
INFO: Run Behavior\BuildLiteBehavior [ RunTime:0.000023s ]
INFO: [ app_init ] --END-- [ RunTime:0.022511s ]
INFO: [ app_begin ] --START--
INFO: Run Behavior\ReadHtmlCacheBehavior [ RunTime:0.029727s ]
INFO: [ app_begin ] --END-- [ RunTime:0.029901s ]
SQL: SHOW COLUMNS FROM `adv` [ RunTime:0.0084s ]
ERR: Redis server went away

[ 2017-01-28T11:01:42+08:00 ] 218.75.70.3 /
INFO: [ app_init ] --START--
INFO: Run Behavior\BuildLiteBehavior [ RunTime:0.000036s ]
INFO: [ app_init ] --END-- [ RunTime:0.022808s ]
INFO: [ app_begin ] --START--
INFO: Run Behavior\ReadHtmlCacheBehavior [ RunTime:0.016841s ]
INFO: [ app_begin ] --END-- [ RunTime:0.017011s ]
SQL: SHOW COLUMNS FROM `adv` [ RunTime:0.0159s ]
ERR: Redis server went away

[ 2017-01-28T11:14:07+08:00 ] 1.162.174.241 mx-tw.mail.gm0.yahoodns.net:25
INFO: [ app_init ] --START--
INFO: Run Behavior\BuildLiteBehavior [ RunTime:0.000039s ]
INFO: [ app_init ] --END-- [ RunTime:0.016995s ]
INFO: [ app_begin ] --START--
INFO: Run Behavior\ReadHtmlCacheBehavior [ RunTime:0.022799s ]
INFO: [ app_begin ] --END-- [ RunTime:0.023018s ]
SQL: SHOW COLUMNS FROM `adv` [ RunTime:0.0074s ]
ERR: Redis server went away

[ 2017-01-28T11:16:36+08:00 ] 60.250.245.57 /
INFO: [ app_init ] --START--
INFO: Run Behavior\BuildLiteBehavior [ RunTime:0.000033s ]
INFO: [ app_init ] --END-- [ RunTime:0.012750s ]
INFO: [ app_begin ] --START--
INFO: Run Behavior\ReadHtmlCacheBehavior [ RunTime:0.027697s ]
INFO: [ app_begin ] --END-- [ RunTime:0.027833s ]
SQL: SHOW COLUMNS FROM `adv` [ RunTime:0.0250s ]
ERR: Redis server went away

[ 2017-01-28T11:17:21+08:00 ] 140.205.225.183 /
INFO: [ app_init ] --START--
INFO: Run Behavior\BuildLiteBehavior [ RunTime:0.000037s ]
INFO: [ app_init ] --END-- [ RunTime:0.014256s ]
INFO: [ app_begin ] --START--
INFO: Run Behavior\ReadHtmlCacheBehavior [ RunTime:0.015585s ]
INFO: [ app_begin ] --END-- [ RunTime:0.015707s ]
SQL: SHOW COLUMNS FROM `adv` [ RunTime:0.0298s ]
ERR: Redis server went away

[ 2017-01-28T11:22:43+08:00 ] 140.205.225.183 /index.php
INFO: [ app_init ] --START--
INFO: Run Behavior\BuildLiteBehavior [ RunTime:0.000056s ]
INFO: [ app_init ] --END-- [ RunTime:0.017341s ]
INFO: [ app_begin ] --START--
INFO: Run Behavior\ReadHtmlCacheBehavior [ RunTime:0.020863s ]
INFO: [ app_begin ] --END-- [ RunTime:0.021022s ]
SQL: SHOW COLUMNS FROM `adv` [ RunTime:0.0173s ]
ERR: Redis server went away

[ 2017-01-28T11:31:20+08:00 ] 1.162.174.241 mx-tw.mail.gm0.yahoodns.net:25
INFO: [ app_init ] --START--
INFO: Run Behavior\BuildLiteBehavior [ RunTime:0.000037s ]
INFO: [ app_init ] --END-- [ RunTime:0.013744s ]
INFO: [ app_begin ] --START--
INFO: Run Behavior\ReadHtmlCacheBehavior [ RunTime:0.042564s ]
INFO: [ app_begin ] --END-- [ RunTime:0.042743s ]
SQL: SHOW COLUMNS FROM `adv` [ RunTime:0.0300s ]
ERR: Redis server went away

[ 2017-01-28T11:42:21+08:00 ] 1.162.174.241 mx-tw.mail.gm0.yahoodns.net:25
INFO: [ app_init ] --START--
INFO: Run Behavior\BuildLiteBehavior [ RunTime:0.000051s ]
INFO: [ app_init ] --END-- [ RunTime:0.021015s ]
INFO: [ app_begin ] --START--
INFO: Run Behavior\ReadHtmlCacheBehavior [ RunTime:0.031466s ]
INFO: [ app_begin ] --END-- [ RunTime:0.031681s ]
SQL: SHOW COLUMNS FROM `adv` [ RunTime:0.0242s ]
ERR: Redis server went away

[ 2017-01-28T11:44:28+08:00 ] 140.205.225.183 /
INFO: [ app_init ] --START--
INFO: Run Behavior\BuildLiteBehavior [ RunTime:0.000040s ]
INFO: [ app_init ] --END-- [ RunTime:0.017748s ]
INFO: [ app_begin ] --START--
INFO: Run Behavior\ReadHtmlCacheBehavior [ RunTime:0.023666s ]
INFO: [ app_begin ] --END-- [ RunTime:0.023798s ]
SQL: SHOW COLUMNS FROM `adv` [ RunTime:0.0260s ]
ERR: Redis server went away

[ 2017-01-28T11:47:42+08:00 ] 121.42.150.103 search.yahoo.com:443
INFO: [ app_init ] --START--
INFO: Run Behavior\BuildLiteBehavior [ RunTime:0.000047s ]
INFO: [ app_init ] --END-- [ RunTime:0.025860s ]
INFO: [ app_begin ] --START--
INFO: Run Behavior\ReadHtmlCacheBehavior [ RunTime:0.018877s ]
INFO: [ app_begin ] --END-- [ RunTime:0.019098s ]
SQL: SHOW COLUMNS FROM `adv` [ RunTime:0.0097s ]
ERR: Redis server went away

[ 2017-01-28T12:01:31+08:00 ] 1.162.174.241 mx-tw.mail.gm0.yahoodns.net:25
INFO: [ app_init ] --START--
INFO: Run Behavior\BuildLiteBehavior [ RunTime:0.000067s ]
INFO: [ app_init ] --END-- [ RunTime:0.019102s ]
INFO: [ app_begin ] --START--
INFO: Run Behavior\ReadHtmlCacheBehavior [ RunTime:0.027322s ]
INFO: [ app_begin ] --END-- [ RunTime:0.027489s ]
SQL: SHOW COLUMNS FROM `adv` [ RunTime:0.0095s ]
ERR: Redis server went away

[ 2017-01-28T12:16:19+08:00 ] 1.162.174.241 mx-tw.mail.gm0.yahoodns.net:25
INFO: [ app_init ] --START--
INFO: Run Behavior\BuildLiteBehavior [ RunTime:0.000038s ]
INFO: [ app_init ] --END-- [ RunTime:0.022846s ]
INFO: [ app_begin ] --START--
INFO: Run Behavior\ReadHtmlCacheBehavior [ RunTime:0.024847s ]
INFO: [ app_begin ] --END-- [ RunTime:0.025045s ]
SQL: SHOW COLUMNS FROM `adv` [ RunTime:0.0095s ]
ERR: Redis server went away

[ 2017-01-28T12:30:00+08:00 ] 1.162.174.241 mx-tw.mail.gm0.yahoodns.net:25
INFO: [ app_init ] --START--
INFO: Run Behavior\BuildLiteBehavior [ RunTime:0.000050s ]
INFO: [ app_init ] --END-- [ RunTime:0.024399s ]
INFO: [ app_begin ] --START--
INFO: Run Behavior\ReadHtmlCacheBehavior [ RunTime:0.033545s ]
INFO: [ app_begin ] --END-- [ RunTime:0.039716s ]
SQL: SHOW COLUMNS FROM `adv` [ RunTime:0.0212s ]
ERR: Redis server went away

[ 2017-01-28T12:47:48+08:00 ] 1.162.174.241 mx-tw.mail.gm0.yahoodns.net:25
INFO: [ app_init ] --START--
INFO: Run Behavior\BuildLiteBehavior [ RunTime:0.000036s ]
INFO: [ app_init ] --END-- [ RunTime:0.019997s ]
INFO: [ app_begin ] --START--
INFO: Run Behavior\ReadHtmlCacheBehavior [ RunTime:0.037368s ]
INFO: [ app_begin ] --END-- [ RunTime:0.037509s ]
SQL: SHOW COLUMNS FROM `adv` [ RunTime:0.0281s ]
ERR: Redis server went away

[ 2017-01-28T12:57:38+08:00 ] 1.162.174.241 mx-tw.mail.gm0.yahoodns.net:25
INFO: [ app_init ] --START--
INFO: Run Behavior\BuildLiteBehavior [ RunTime:0.000035s ]
INFO: [ app_init ] --END-- [ RunTime:0.013005s ]
INFO: [ app_begin ] --START--
INFO: Run Behavior\ReadHtmlCacheBehavior [ RunTime:0.020779s ]
INFO: [ app_begin ] --END-- [ RunTime:0.020914s ]
SQL: SHOW COLUMNS FROM `adv` [ RunTime:0.0450s ]
ERR: Redis server went away

[ 2017-01-28T13:15:07+08:00 ] 1.162.174.241 mx-tw.mail.gm0.yahoodns.net:25
INFO: [ app_init ] --START--
INFO: Run Behavior\BuildLiteBehavior [ RunTime:0.000034s ]
INFO: [ app_init ] --END-- [ RunTime:0.012017s ]
INFO: [ app_begin ] --START--
INFO: Run Behavior\ReadHtmlCacheBehavior [ RunTime:0.019830s ]
INFO: [ app_begin ] --END-- [ RunTime:0.020041s ]
SQL: SHOW COLUMNS FROM `adv` [ RunTime:0.0008s ]
ERR: Redis server went away

[ 2017-01-28T13:24:08+08:00 ] 23.251.63.45 http://proxyjudge.us/
INFO: [ app_init ] --START--
INFO: Run Behavior\BuildLiteBehavior [ RunTime:0.000034s ]
INFO: [ app_init ] --END-- [ RunTime:0.014913s ]
INFO: [ app_begin ] --START--
INFO: Run Behavior\ReadHtmlCacheBehavior [ RunTime:0.023862s ]
INFO: [ app_begin ] --END-- [ RunTime:0.023992s ]
SQL: SHOW COLUMNS FROM `adv` [ RunTime:0.0076s ]
ERR: Redis server went away

[ 2017-01-28T13:32:18+08:00 ] 1.162.174.241 mx-tw.mail.gm0.yahoodns.net:25
INFO: [ app_init ] --START--
INFO: Run Behavior\BuildLiteBehavior [ RunTime:0.006203s ]
INFO: [ app_init ] --END-- [ RunTime:0.017190s ]
INFO: [ app_begin ] --START--
INFO: Run Behavior\ReadHtmlCacheBehavior [ RunTime:0.036577s ]
INFO: [ app_begin ] --END-- [ RunTime:0.036783s ]
SQL: SHOW COLUMNS FROM `adv` [ RunTime:0.0353s ]
ERR: Redis server went away

[ 2017-01-28T13:39:13+08:00 ] 90.63.255.13 /
INFO: [ app_init ] --START--
INFO: Run Behavior\BuildLiteBehavior [ RunTime:0.000058s ]
INFO: [ app_init ] --END-- [ RunTime:0.012134s ]
INFO: [ app_begin ] --START--
INFO: Run Behavior\ReadHtmlCacheBehavior [ RunTime:0.013069s ]
INFO: [ app_begin ] --END-- [ RunTime:0.013340s ]
SQL: SHOW COLUMNS FROM `adv` [ RunTime:0.0320s ]
ERR: Redis server went away

[ 2017-01-28T13:48:23+08:00 ] 1.162.174.241 mx-tw.mail.gm0.yahoodns.net:25
INFO: [ app_init ] --START--
INFO: Run Behavior\BuildLiteBehavior [ RunTime:0.000045s ]
INFO: [ app_init ] --END-- [ RunTime:0.023066s ]
INFO: [ app_begin ] --START--
INFO: Run Behavior\ReadHtmlCacheBehavior [ RunTime:0.025086s ]
INFO: [ app_begin ] --END-- [ RunTime:0.025247s ]
SQL: SHOW COLUMNS FROM `adv` [ RunTime:0.0088s ]
ERR: Redis server went away

[ 2017-01-28T14:03:20+08:00 ] 1.162.174.241 mx-tw.mail.gm0.yahoodns.net:25
INFO: [ app_init ] --START--
INFO: Run Behavior\BuildLiteBehavior [ RunTime:0.000036s ]
INFO: [ app_init ] --END-- [ RunTime:0.024382s ]
INFO: [ app_begin ] --START--
INFO: Run Behavior\ReadHtmlCacheBehavior [ RunTime:0.023889s ]
INFO: [ app_begin ] --END-- [ RunTime:0.024047s ]
SQL: SHOW COLUMNS FROM `adv` [ RunTime:0.0133s ]
ERR: Redis server went away

[ 2017-01-28T14:14:05+08:00 ] 139.162.108.53 /
INFO: [ app_init ] --START--
INFO: Run Behavior\BuildLiteBehavior [ RunTime:0.000058s ]
INFO: [ app_init ] --END-- [ RunTime:0.022498s ]
INFO: [ app_begin ] --START--
INFO: Run Behavior\ReadHtmlCacheBehavior [ RunTime:0.022097s ]
INFO: [ app_begin ] --END-- [ RunTime:0.022221s ]
SQL: SHOW COLUMNS FROM `adv` [ RunTime:0.0213s ]
ERR: Redis server went away

[ 2017-01-28T14:21:43+08:00 ] 1.162.174.241 mx-tw.mail.gm0.yahoodns.net:25
INFO: [ app_init ] --START--
INFO: Run Behavior\BuildLiteBehavior [ RunTime:0.000046s ]
INFO: [ app_init ] --END-- [ RunTime:0.029512s ]
INFO: [ app_begin ] --START--
INFO: Run Behavior\ReadHtmlCacheBehavior [ RunTime:0.043462s ]
INFO: [ app_begin ] --END-- [ RunTime:0.043627s ]
SQL: SHOW COLUMNS FROM `adv` [ RunTime:0.0337s ]
ERR: Redis server went away

[ 2017-01-28T14:36:48+08:00 ] 1.162.174.241 mx-tw.mail.gm0.yahoodns.net:25
INFO: [ app_init ] --START--
INFO: Run Behavior\BuildLiteBehavior [ RunTime:0.000055s ]
INFO: [ app_init ] --END-- [ RunTime:0.010172s ]
INFO: [ app_begin ] --START--
INFO: Run Behavior\ReadHtmlCacheBehavior [ RunTime:0.033579s ]
INFO: [ app_begin ] --END-- [ RunTime:0.033849s ]
SQL: SHOW COLUMNS FROM `adv` [ RunTime:0.0289s ]
ERR: Redis server went away

[ 2017-01-28T14:49:39+08:00 ] 1.162.174.241 mx-tw.mail.gm0.yahoodns.net:25
INFO: [ app_init ] --START--
INFO: Run Behavior\BuildLiteBehavior [ RunTime:0.000044s ]
INFO: [ app_init ] --END-- [ RunTime:0.030357s ]
INFO: [ app_begin ] --START--
INFO: Run Behavior\ReadHtmlCacheBehavior [ RunTime:0.031688s ]
INFO: [ app_begin ] --END-- [ RunTime:0.031909s ]
SQL: SHOW COLUMNS FROM `adv` [ RunTime:0.0007s ]
ERR: Redis server went away

[ 2017-01-28T15:05:58+08:00 ] 1.162.174.241 mx-tw.mail.gm0.yahoodns.net:25
INFO: [ app_init ] --START--
INFO: Run Behavior\BuildLiteBehavior [ RunTime:0.000046s ]
INFO: [ app_init ] --END-- [ RunTime:0.013084s ]
INFO: [ app_begin ] --START--
INFO: Run Behavior\ReadHtmlCacheBehavior [ RunTime:0.041478s ]
INFO: [ app_begin ] --END-- [ RunTime:0.041663s ]
SQL: SHOW COLUMNS FROM `adv` [ RunTime:0.0131s ]
ERR: Redis server went away

[ 2017-01-28T15:19:40+08:00 ] 1.162.174.241 mx-tw.mail.gm0.yahoodns.net:25
INFO: [ app_init ] --START--
INFO: Run Behavior\BuildLiteBehavior [ RunTime:0.002280s ]
INFO: [ app_init ] --END-- [ RunTime:0.017940s ]
INFO: [ app_begin ] --START--
INFO: Run Behavior\ReadHtmlCacheBehavior [ RunTime:0.034536s ]
INFO: [ app_begin ] --END-- [ RunTime:0.034707s ]
SQL: SHOW COLUMNS FROM `adv` [ RunTime:0.0166s ]
ERR: Redis server went away

[ 2017-01-28T15:32:05+08:00 ] 1.162.174.241 mx-tw.mail.gm0.yahoodns.net:25
INFO: [ app_init ] --START--
INFO: Run Behavior\BuildLiteBehavior [ RunTime:0.000057s ]
INFO: [ app_init ] --END-- [ RunTime:0.010102s ]
INFO: [ app_begin ] --START--
INFO: Run Behavior\ReadHtmlCacheBehavior [ RunTime:0.015932s ]
INFO: [ app_begin ] --END-- [ RunTime:0.016128s ]
SQL: SHOW COLUMNS FROM `adv` [ RunTime:0.0209s ]
ERR: Redis server went away

[ 2017-01-28T15:33:00+08:00 ] 1.162.174.241 mx-tw.mail.gm0.yahoodns.net:25
INFO: [ app_init ] --START--
INFO: Run Behavior\BuildLiteBehavior [ RunTime:0.000052s ]
INFO: [ app_init ] --END-- [ RunTime:0.020455s ]
INFO: [ app_begin ] --START--
INFO: Run Behavior\ReadHtmlCacheBehavior [ RunTime:0.016420s ]
INFO: [ app_begin ] --END-- [ RunTime:0.016588s ]
SQL: SHOW COLUMNS FROM `adv` [ RunTime:0.0174s ]
ERR: Redis server went away

[ 2017-01-28T15:58:13+08:00 ] 1.162.174.241 mx-tw.mail.gm0.yahoodns.net:25
INFO: [ app_init ] --START--
INFO: Run Behavior\BuildLiteBehavior [ RunTime:0.000035s ]
INFO: [ app_init ] --END-- [ RunTime:0.011958s ]
INFO: [ app_begin ] --START--
INFO: Run Behavior\ReadHtmlCacheBehavior [ RunTime:0.022803s ]
INFO: [ app_begin ] --END-- [ RunTime:0.022961s ]
SQL: SHOW COLUMNS FROM `adv` [ RunTime:0.0184s ]
ERR: Redis server went away

[ 2017-01-28T15:58:52+08:00 ] 1.162.174.241 mx-tw.mail.gm0.yahoodns.net:25
INFO: [ app_init ] --START--
INFO: Run Behavior\BuildLiteBehavior [ RunTime:0.000056s ]
INFO: [ app_init ] --END-- [ RunTime:0.022701s ]
INFO: [ app_begin ] --START--
INFO: Run Behavior\ReadHtmlCacheBehavior [ RunTime:0.030368s ]
INFO: [ app_begin ] --END-- [ RunTime:0.030571s ]
SQL: SHOW COLUMNS FROM `adv` [ RunTime:0.0184s ]
ERR: Redis server went away

[ 2017-01-28T16:23:48+08:00 ] 1.162.174.241 mx-tw.mail.gm0.yahoodns.net:25
INFO: [ app_init ] --START--
INFO: Run Behavior\BuildLiteBehavior [ RunTime:0.000042s ]
INFO: [ app_init ] --END-- [ RunTime:0.018925s ]
INFO: [ app_begin ] --START--
INFO: Run Behavior\ReadHtmlCacheBehavior [ RunTime:0.012800s ]
INFO: [ app_begin ] --END-- [ RunTime:0.012925s ]
SQL: SHOW COLUMNS FROM `adv` [ RunTime:0.0137s ]
ERR: Redis server went away

[ 2017-01-28T16:24:47+08:00 ] 1.162.174.241 mx-tw.mail.gm0.yahoodns.net:25
INFO: [ app_init ] --START--
INFO: Run Behavior\BuildLiteBehavior [ RunTime:0.000035s ]
INFO: [ app_init ] --END-- [ RunTime:0.013995s ]
INFO: [ app_begin ] --START--
INFO: Run Behavior\ReadHtmlCacheBehavior [ RunTime:0.024736s ]
INFO: [ app_begin ] --END-- [ RunTime:0.024882s ]
SQL: SHOW COLUMNS FROM `adv` [ RunTime:0.0161s ]
ERR: Redis server went away

[ 2017-01-28T16:50:39+08:00 ] 1.162.174.241 mx-tw.mail.gm0.yahoodns.net:25
INFO: [ app_init ] --START--
INFO: Run Behavior\BuildLiteBehavior [ RunTime:0.000099s ]
INFO: [ app_init ] --END-- [ RunTime:0.025196s ]
INFO: [ app_begin ] --START--
INFO: Run Behavior\ReadHtmlCacheBehavior [ RunTime:0.000464s ]
INFO: [ app_begin ] --END-- [ RunTime:0.000546s ]
SQL: SHOW COLUMNS FROM `adv` [ RunTime:0.0199s ]
ERR: Redis server went away

[ 2017-01-28T17:17:03+08:00 ] 1.162.174.241 mx-tw.mail.gm0.yahoodns.net:25
INFO: [ app_init ] --START--
INFO: Run Behavior\BuildLiteBehavior [ RunTime:0.000060s ]
INFO: [ app_init ] --END-- [ RunTime:0.028971s ]
INFO: [ app_begin ] --START--
INFO: Run Behavior\ReadHtmlCacheBehavior [ RunTime:0.019046s ]
INFO: [ app_begin ] --END-- [ RunTime:0.019218s ]
SQL: SHOW COLUMNS FROM `adv` [ RunTime:0.0075s ]
ERR: Redis server went away

[ 2017-01-28T17:27:05+08:00 ] 23.251.63.45 www.baidu.com:443
INFO: [ app_init ] --START--
INFO: Run Behavior\BuildLiteBehavior [ RunTime:0.000065s ]
INFO: [ app_init ] --END-- [ RunTime:0.024171s ]
INFO: [ app_begin ] --START--
INFO: Run Behavior\ReadHtmlCacheBehavior [ RunTime:0.036535s ]
INFO: [ app_begin ] --END-- [ RunTime:0.036691s ]
SQL: SHOW COLUMNS FROM `adv` [ RunTime:0.0014s ]
ERR: Redis server went away

[ 2017-01-28T17:27:16+08:00 ] 106.91.210.56 http://www.123cha.com
INFO: [ app_init ] --START--
INFO: Run Behavior\BuildLiteBehavior [ RunTime:0.000061s ]
INFO: [ app_init ] --END-- [ RunTime:0.016172s ]
INFO: [ app_begin ] --START--
INFO: Run Behavior\ReadHtmlCacheBehavior [ RunTime:0.040596s ]
INFO: [ app_begin ] --END-- [ RunTime:0.040841s ]
SQL: SHOW COLUMNS FROM `adv` [ RunTime:0.0125s ]
ERR: Redis server went away

[ 2017-01-28T17:31:29+08:00 ] 179.155.145.89 /
INFO: [ app_init ] --START--
INFO: Run Behavior\BuildLiteBehavior [ RunTime:0.000033s ]
INFO: [ app_init ] --END-- [ RunTime:0.018931s ]
INFO: [ app_begin ] --START--
INFO: Run Behavior\ReadHtmlCacheBehavior [ RunTime:0.017378s ]
INFO: [ app_begin ] --END-- [ RunTime:0.017501s ]
SQL: SHOW COLUMNS FROM `adv` [ RunTime:0.0225s ]
ERR: Redis server went away

[ 2017-01-28T17:42:54+08:00 ] 1.162.174.241 mx-tw.mail.gm0.yahoodns.net:25
INFO: [ app_init ] --START--
INFO: Run Behavior\BuildLiteBehavior [ RunTime:0.000036s ]
INFO: [ app_init ] --END-- [ RunTime:0.018230s ]
INFO: [ app_begin ] --START--
INFO: Run Behavior\ReadHtmlCacheBehavior [ RunTime:0.039256s ]
INFO: [ app_begin ] --END-- [ RunTime:0.039373s ]
SQL: SHOW COLUMNS FROM `adv` [ RunTime:0.0210s ]
ERR: Redis server went away

[ 2017-01-28T17:44:29+08:00 ] 1.162.174.241 mx-tw.mail.gm0.yahoodns.net:25
INFO: [ app_init ] --START--
INFO: Run Behavior\BuildLiteBehavior [ RunTime:0.000035s ]
INFO: [ app_init ] --END-- [ RunTime:0.026794s ]
INFO: [ app_begin ] --START--
INFO: Run Behavior\ReadHtmlCacheBehavior [ RunTime:0.018844s ]
INFO: [ app_begin ] --END-- [ RunTime:0.018970s ]
SQL: SHOW COLUMNS FROM `adv` [ RunTime:0.0139s ]
ERR: Redis server went away

[ 2017-01-28T18:09:34+08:00 ] 1.162.174.241 mx-tw.mail.gm0.yahoodns.net:25
INFO: [ app_init ] --START--
INFO: Run Behavior\BuildLiteBehavior [ RunTime:0.000054s ]
INFO: [ app_init ] --END-- [ RunTime:0.010077s ]
INFO: [ app_begin ] --START--
INFO: Run Behavior\ReadHtmlCacheBehavior [ RunTime:0.030779s ]
INFO: [ app_begin ] --END-- [ RunTime:0.030984s ]
SQL: SHOW COLUMNS FROM `adv` [ RunTime:0.0077s ]
ERR: Redis server went away

[ 2017-01-28T18:10:20+08:00 ] 1.162.174.241 mx-tw.mail.gm0.yahoodns.net:25
INFO: [ app_init ] --START--
INFO: Run Behavior\BuildLiteBehavior [ RunTime:0.000035s ]
INFO: [ app_init ] --END-- [ RunTime:0.024832s ]
INFO: [ app_begin ] --START--
INFO: Run Behavior\ReadHtmlCacheBehavior [ RunTime:0.030593s ]
INFO: [ app_begin ] --END-- [ RunTime:0.030783s ]
SQL: SHOW COLUMNS FROM `adv` [ RunTime:0.0079s ]
ERR: Redis server went away

[ 2017-01-28T18:35:28+08:00 ] 1.162.174.241 mx-tw.mail.gm0.yahoodns.net:25
INFO: [ app_init ] --START--
INFO: Run Behavior\BuildLiteBehavior [ RunTime:0.000036s ]
INFO: [ app_init ] --END-- [ RunTime:0.018939s ]
INFO: [ app_begin ] --START--
INFO: Run Behavior\ReadHtmlCacheBehavior [ RunTime:0.030569s ]
INFO: [ app_begin ] --END-- [ RunTime:0.030777s ]
SQL: SHOW COLUMNS FROM `adv` [ RunTime:0.0007s ]
ERR: Redis server went away

[ 2017-01-28T19:01:42+08:00 ] 1.162.174.241 mx-tw.mail.gm0.yahoodns.net:25
INFO: [ app_init ] --START--
INFO: Run Behavior\BuildLiteBehavior [ RunTime:0.000073s ]
INFO: [ app_init ] --END-- [ RunTime:0.022771s ]
INFO: [ app_begin ] --START--
INFO: Run Behavior\ReadHtmlCacheBehavior [ RunTime:0.018820s ]
INFO: [ app_begin ] --END-- [ RunTime:0.019003s ]
SQL: SHOW COLUMNS FROM `adv` [ RunTime:0.0014s ]
ERR: Redis server went away

[ 2017-01-28T19:15:07+08:00 ] 121.42.150.103 search.yahoo.com:443
INFO: [ app_init ] --START--
INFO: Run Behavior\BuildLiteBehavior [ RunTime:0.000024s ]
INFO: [ app_init ] --END-- [ RunTime:0.000465s ]
INFO: [ app_begin ] --START--
INFO: Run Behavior\ReadHtmlCacheBehavior [ RunTime:0.018728s ]
INFO: [ app_begin ] --END-- [ RunTime:0.018898s ]
SQL: SHOW COLUMNS FROM `adv` [ RunTime:0.0151s ]
ERR: Redis server went away

[ 2017-01-28T19:27:34+08:00 ] 1.162.174.241 mx-tw.mail.gm0.yahoodns.net:25
INFO: [ app_init ] --START--
INFO: Run Behavior\BuildLiteBehavior [ RunTime:0.000052s ]
INFO: [ app_init ] --END-- [ RunTime:0.023881s ]
INFO: [ app_begin ] --START--
INFO: Run Behavior\ReadHtmlCacheBehavior [ RunTime:0.022817s ]
INFO: [ app_begin ] --END-- [ RunTime:0.022995s ]
SQL: SHOW COLUMNS FROM `adv` [ RunTime:0.0161s ]
ERR: Redis server went away

[ 2017-01-28T19:28:19+08:00 ] 1.162.174.241 mx-tw.mail.gm0.yahoodns.net:25
INFO: [ app_init ] --START--
INFO: Run Behavior\BuildLiteBehavior [ RunTime:0.000058s ]
INFO: [ app_init ] --END-- [ RunTime:0.011025s ]
INFO: [ app_begin ] --START--
INFO: Run Behavior\ReadHtmlCacheBehavior [ RunTime:0.019637s ]
INFO: [ app_begin ] --END-- [ RunTime:0.025950s ]
SQL: SHOW COLUMNS FROM `adv` [ RunTime:0.0079s ]
ERR: Redis server went away

[ 2017-01-28T19:54:13+08:00 ] 1.162.174.241 mx-tw.mail.gm0.yahoodns.net:25
INFO: [ app_init ] --START--
INFO: Run Behavior\BuildLiteBehavior [ RunTime:0.000042s ]
INFO: [ app_init ] --END-- [ RunTime:0.013083s ]
INFO: [ app_begin ] --START--
INFO: Run Behavior\ReadHtmlCacheBehavior [ RunTime:0.025793s ]
INFO: [ app_begin ] --END-- [ RunTime:0.025946s ]
SQL: SHOW COLUMNS FROM `adv` [ RunTime:0.0137s ]
ERR: Redis server went away

[ 2017-01-28T20:20:19+08:00 ] 1.162.174.241 mx-tw.mail.gm0.yahoodns.net:25
INFO: [ app_init ] --START--
INFO: Run Behavior\BuildLiteBehavior [ RunTime:0.000073s ]
INFO: [ app_init ] --END-- [ RunTime:0.020020s ]
INFO: [ app_begin ] --START--
INFO: Run Behavior\ReadHtmlCacheBehavior [ RunTime:0.034574s ]
INFO: [ app_begin ] --END-- [ RunTime:0.034799s ]
SQL: SHOW COLUMNS FROM `adv` [ RunTime:0.0073s ]
ERR: Redis server went away

[ 2017-01-28T20:46:03+08:00 ] 1.162.174.241 mx-tw.mail.gm0.yahoodns.net:25
INFO: [ app_init ] --START--
INFO: Run Behavior\BuildLiteBehavior [ RunTime:0.000037s ]
INFO: [ app_init ] --END-- [ RunTime:0.021989s ]
INFO: [ app_begin ] --START--
INFO: Run Behavior\ReadHtmlCacheBehavior [ RunTime:0.017848s ]
INFO: [ app_begin ] --END-- [ RunTime:0.017974s ]
SQL: SHOW COLUMNS FROM `adv` [ RunTime:0.0168s ]
ERR: Redis server went away

[ 2017-01-28T20:46:34+08:00 ] 1.162.174.241 mx-tw.mail.gm0.yahoodns.net:25
INFO: [ app_init ] --START--
INFO: Run Behavior\BuildLiteBehavior [ RunTime:0.000035s ]
INFO: [ app_init ] --END-- [ RunTime:0.013000s ]
INFO: [ app_begin ] --START--
INFO: Run Behavior\ReadHtmlCacheBehavior [ RunTime:0.026020s ]
INFO: [ app_begin ] --END-- [ RunTime:0.026145s ]
SQL: SHOW COLUMNS FROM `adv` [ RunTime:0.0340s ]
ERR: Redis server went away

[ 2017-01-28T21:12:48+08:00 ] 1.162.174.241 mx-tw.mail.gm0.yahoodns.net:25
INFO: [ app_init ] --START--
INFO: Run Behavior\BuildLiteBehavior [ RunTime:0.000039s ]
INFO: [ app_init ] --END-- [ RunTime:0.024781s ]
INFO: [ app_begin ] --START--
INFO: Run Behavior\ReadHtmlCacheBehavior [ RunTime:0.032614s ]
INFO: [ app_begin ] --END-- [ RunTime:0.032856s ]
SQL: SHOW COLUMNS FROM `adv` [ RunTime:0.0142s ]
ERR: Redis server went away

[ 2017-01-28T21:51:22+08:00 ] 23.251.63.45 www.baidu.com:443
INFO: [ app_init ] --START--
INFO: Run Behavior\BuildLiteBehavior [ RunTime:0.000039s ]
INFO: [ app_init ] --END-- [ RunTime:0.024398s ]
INFO: [ app_begin ] --START--
INFO: Run Behavior\ReadHtmlCacheBehavior [ RunTime:0.000510s ]
INFO: [ app_begin ] --END-- [ RunTime:0.023640s ]
SQL: SHOW COLUMNS FROM `adv` [ RunTime:0.0094s ]
ERR: Redis server went away

[ 2017-01-28T21:51:24+08:00 ] 61.52.71.220 http://www.123cha.com
INFO: [ app_init ] --START--
INFO: Run Behavior\BuildLiteBehavior [ RunTime:0.000024s ]
INFO: [ app_init ] --END-- [ RunTime:0.000461s ]
INFO: [ app_begin ] --START--
INFO: Run Behavior\ReadHtmlCacheBehavior [ RunTime:0.032120s ]
INFO: [ app_begin ] --END-- [ RunTime:0.032269s ]
SQL: SHOW COLUMNS FROM `adv` [ RunTime:0.0015s ]
ERR: Redis server went away

[ 2017-01-28T22:04:34+08:00 ] 1.162.174.241 mx-tw.mail.gm0.yahoodns.net:25
INFO: [ app_init ] --START--
INFO: Run Behavior\BuildLiteBehavior [ RunTime:0.000040s ]
INFO: [ app_init ] --END-- [ RunTime:0.034640s ]
INFO: [ app_begin ] --START--
INFO: Run Behavior\ReadHtmlCacheBehavior [ RunTime:0.033728s ]
INFO: [ app_begin ] --END-- [ RunTime:0.033937s ]
SQL: SHOW COLUMNS FROM `adv` [ RunTime:0.0144s ]
ERR: Redis server went away

[ 2017-01-28T22:05:36+08:00 ] 1.162.174.241 mx-tw.mail.gm0.yahoodns.net:25
INFO: [ app_init ] --START--
INFO: Run Behavior\BuildLiteBehavior [ RunTime:0.000034s ]
INFO: [ app_init ] --END-- [ RunTime:0.025678s ]
INFO: [ app_begin ] --START--
INFO: Run Behavior\ReadHtmlCacheBehavior [ RunTime:0.016831s ]
INFO: [ app_begin ] --END-- [ RunTime:0.017023s ]
SQL: SHOW COLUMNS FROM `adv` [ RunTime:0.0190s ]
ERR: Redis server went away

[ 2017-01-28T22:06:44+08:00 ] 68.204.82.115 /
INFO: [ app_init ] --START--
INFO: Run Behavior\BuildLiteBehavior [ RunTime:0.000056s ]
INFO: [ app_init ] --END-- [ RunTime:0.013315s ]
INFO: [ app_begin ] --START--
INFO: Run Behavior\ReadHtmlCacheBehavior [ RunTime:0.027218s ]
INFO: [ app_begin ] --END-- [ RunTime:0.027349s ]
SQL: SHOW COLUMNS FROM `adv` [ RunTime:0.0386s ]
ERR: Redis server went away

[ 2017-01-28T22:06:45+08:00 ] 68.204.82.115 /
INFO: [ app_init ] --START--
INFO: Run Behavior\BuildLiteBehavior [ RunTime:0.000034s ]
INFO: [ app_init ] --END-- [ RunTime:0.018848s ]
INFO: [ app_begin ] --START--
INFO: Run Behavior\ReadHtmlCacheBehavior [ RunTime:0.031856s ]
INFO: [ app_begin ] --END-- [ RunTime:0.032047s ]
SQL: SHOW COLUMNS FROM `adv` [ RunTime:0.0102s ]
ERR: Redis server went away

[ 2017-01-28T22:30:17+08:00 ] 1.162.174.241 mx-tw.mail.gm0.yahoodns.net:25
INFO: [ app_init ] --START--
INFO: Run Behavior\BuildLiteBehavior [ RunTime:0.000063s ]
INFO: [ app_init ] --END-- [ RunTime:0.013157s ]
INFO: [ app_begin ] --START--
INFO: Run Behavior\ReadHtmlCacheBehavior [ RunTime:0.018833s ]
INFO: [ app_begin ] --END-- [ RunTime:0.019026s ]
SQL: SHOW COLUMNS FROM `adv` [ RunTime:0.0202s ]
ERR: Redis server went away

[ 2017-01-28T22:31:03+08:00 ] 1.162.174.241 mx-tw.mail.gm0.yahoodns.net:25
INFO: [ app_init ] --START--
INFO: Run Behavior\BuildLiteBehavior [ RunTime:0.000028s ]
INFO: [ app_init ] --END-- [ RunTime:0.013337s ]
INFO: [ app_begin ] --START--
INFO: Run Behavior\ReadHtmlCacheBehavior [ RunTime:0.019513s ]
INFO: [ app_begin ] --END-- [ RunTime:0.019604s ]
SQL: SHOW COLUMNS FROM `adv` [ RunTime:0.0076s ]
ERR: Redis server went away

[ 2017-01-28T22:57:18+08:00 ] 1.162.174.241 mx-tw.mail.gm0.yahoodns.net:25
INFO: [ app_init ] --START--
INFO: Run Behavior\BuildLiteBehavior [ RunTime:0.006349s ]
INFO: [ app_init ] --END-- [ RunTime:0.014012s ]
INFO: [ app_begin ] --START--
INFO: Run Behavior\ReadHtmlCacheBehavior [ RunTime:0.020864s ]
INFO: [ app_begin ] --END-- [ RunTime:0.021032s ]
SQL: SHOW COLUMNS FROM `adv` [ RunTime:0.0007s ]
ERR: Redis server went away

[ 2017-01-28T23:23:10+08:00 ] 1.162.174.241 mx-tw.mail.gm0.yahoodns.net:25
INFO: [ app_init ] --START--
INFO: Run Behavior\BuildLiteBehavior [ RunTime:0.000035s ]
INFO: [ app_init ] --END-- [ RunTime:0.018946s ]
INFO: [ app_begin ] --START--
INFO: Run Behavior\ReadHtmlCacheBehavior [ RunTime:0.029947s ]
INFO: [ app_begin ] --END-- [ RunTime:0.030068s ]
SQL: SHOW COLUMNS FROM `adv` [ RunTime:0.0220s ]
ERR: Redis server went away

[ 2017-01-28T23:49:28+08:00 ] 1.162.174.241 mx-tw.mail.gm0.yahoodns.net:25
INFO: [ app_init ] --START--
INFO: Run Behavior\BuildLiteBehavior [ RunTime:0.000069s ]
INFO: [ app_init ] --END-- [ RunTime:0.014842s ]
INFO: [ app_begin ] --START--
INFO: Run Behavior\ReadHtmlCacheBehavior [ RunTime:0.014843s ]
INFO: [ app_begin ] --END-- [ RunTime:0.015248s ]
SQL: SHOW COLUMNS FROM `adv` [ RunTime:0.0135s ]
ERR: Redis server went away

[ 2017-01-28T23:50:56+08:00 ] 1.162.174.241 mx-tw.mail.gm0.yahoodns.net:25
INFO: [ app_init ] --START--
INFO: Run Behavior\BuildLiteBehavior [ RunTime:0.000040s ]
INFO: [ app_init ] --END-- [ RunTime:0.029924s ]
INFO: [ app_begin ] --START--
INFO: Run Behavior\ReadHtmlCacheBehavior [ RunTime:0.030585s ]
INFO: [ app_begin ] --END-- [ RunTime:0.030801s ]
SQL: SHOW COLUMNS FROM `adv` [ RunTime:0.0084s ]
ERR: Redis server went away

