[ 2017-01-06T18:50:48+08:00 ] 202.115.92.118 /
INFO: [ app_init ] --START--
INFO: Run Behavior\BuildLiteBehavior [ RunTime:0.000053s ]
INFO: [ app_init ] --END-- [ RunTime:0.023864s ]
INFO: [ app_begin ] --START--
INFO: Run Behavior\ReadHtmlCacheBehavior [ RunTime:0.014060s ]
INFO: [ app_begin ] --END-- [ RunTime:0.014197s ]
SQL: SHOW COLUMNS FROM `adv` [ RunTime:0.0216s ]
ERR: Redis server went away

[ 2017-01-06T18:53:12+08:00 ] 202.115.92.118 /krp_demo/vtour/tour.html
INFO: [ app_init ] --START--
INFO: Run Behavior\BuildLiteBehavior [ RunTime:0.000025s ]
INFO: [ app_init ] --END-- [ RunTime:0.000423s ]
INFO: [ app_begin ] --START--
INFO: Run Behavior\ReadHtmlCacheBehavior [ RunTime:0.000399s ]
INFO: [ app_begin ] --END-- [ RunTime:0.000458s ]
ERR: 无法加载控制器:Krp_demo

[ 2017-01-06T18:53:21+08:00 ] 101.226.89.115 /krp_demo/vtour/tour.html
INFO: [ app_init ] --START--
INFO: Run Behavior\BuildLiteBehavior [ RunTime:0.000025s ]
INFO: [ app_init ] --END-- [ RunTime:0.000420s ]
INFO: [ app_begin ] --START--
INFO: Run Behavior\ReadHtmlCacheBehavior [ RunTime:0.000434s ]
INFO: [ app_begin ] --END-- [ RunTime:0.000488s ]
ERR: 无法加载控制器:Krp_demo

[ 2017-01-06T18:55:19+08:00 ] 202.115.92.118 /
INFO: [ app_init ] --START--
INFO: Run Behavior\BuildLiteBehavior [ RunTime:0.000034s ]
INFO: [ app_init ] --END-- [ RunTime:0.000447s ]
INFO: [ app_begin ] --START--
INFO: Run Behavior\ReadHtmlCacheBehavior [ RunTime:0.000436s ]
INFO: [ app_begin ] --END-- [ RunTime:0.000564s ]
SQL: SHOW COLUMNS FROM `adv` [ RunTime:0.0008s ]
ERR: Redis server went away

[ 2017-01-06T18:55:20+08:00 ] 202.115.92.118 /krp_demo/vtour/tour.html
INFO: [ app_init ] --START--
INFO: Run Behavior\BuildLiteBehavior [ RunTime:0.000020s ]
INFO: [ app_init ] --END-- [ RunTime:0.000363s ]
INFO: [ app_begin ] --START--
INFO: Run Behavior\ReadHtmlCacheBehavior [ RunTime:0.000441s ]
INFO: [ app_begin ] --END-- [ RunTime:0.000489s ]
ERR: 无法加载控制器:Krp_demo

[ 2017-01-06T18:55:25+08:00 ] 202.115.92.118 /demo/krp_demo/vtour/tour.html
INFO: [ app_init ] --START--
INFO: Run Behavior\BuildLiteBehavior [ RunTime:0.000018s ]
INFO: [ app_init ] --END-- [ RunTime:0.000355s ]
INFO: [ app_begin ] --START--
INFO: Run Behavior\ReadHtmlCacheBehavior [ RunTime:0.000379s ]
INFO: [ app_begin ] --END-- [ RunTime:0.000438s ]
ERR: 无法加载控制器:Demo

[ 2017-01-06T18:55:34+08:00 ] 101.226.125.105 /demo/krp_demo/vtour/tour.html
INFO: [ app_init ] --START--
INFO: Run Behavior\BuildLiteBehavior [ RunTime:0.000024s ]
INFO: [ app_init ] --END-- [ RunTime:0.000435s ]
INFO: [ app_begin ] --START--
INFO: Run Behavior\ReadHtmlCacheBehavior [ RunTime:0.000449s ]
INFO: [ app_begin ] --END-- [ RunTime:0.000499s ]
ERR: 无法加载控制器:Demo

[ 2017-01-06T18:55:37+08:00 ] 202.115.92.118 /daixu/demo/krp_demo/vtour/tour.html
INFO: [ app_init ] --START--
INFO: Run Behavior\BuildLiteBehavior [ RunTime:0.000030s ]
INFO: [ app_init ] --END-- [ RunTime:0.000509s ]
INFO: [ app_begin ] --START--
INFO: Run Behavior\ReadHtmlCacheBehavior [ RunTime:0.000415s ]
INFO: [ app_begin ] --END-- [ RunTime:0.000469s ]
ERR: 非法操作:demo

[ 2017-01-06T18:55:47+08:00 ] 180.153.201.79 /daixu/demo/krp_demo/vtour/tour.html
INFO: [ app_init ] --START--
INFO: Run Behavior\BuildLiteBehavior [ RunTime:0.000015s ]
INFO: [ app_init ] --END-- [ RunTime:0.000293s ]
INFO: [ app_begin ] --START--
INFO: Run Behavior\ReadHtmlCacheBehavior [ RunTime:0.000421s ]
INFO: [ app_begin ] --END-- [ RunTime:0.000470s ]
ERR: 非法操作:demo

[ 2017-01-06T18:56:21+08:00 ] 202.115.92.118 /daixu/demo/html5
INFO: [ app_init ] --START--
INFO: Run Behavior\BuildLiteBehavior [ RunTime:0.000018s ]
INFO: [ app_init ] --END-- [ RunTime:0.000360s ]
INFO: [ app_begin ] --START--
INFO: Run Behavior\ReadHtmlCacheBehavior [ RunTime:0.000371s ]
INFO: [ app_begin ] --END-- [ RunTime:0.000418s ]
ERR: 非法操作:demo

[ 2017-01-06T18:56:30+08:00 ] 101.226.33.208 /daixu/demo/html5
INFO: [ app_init ] --START--
INFO: Run Behavior\BuildLiteBehavior [ RunTime:0.000026s ]
INFO: [ app_init ] --END-- [ RunTime:0.000428s ]
INFO: [ app_begin ] --START--
INFO: Run Behavior\ReadHtmlCacheBehavior [ RunTime:0.000559s ]
INFO: [ app_begin ] --END-- [ RunTime:0.000611s ]
ERR: 非法操作:demo

[ 2017-01-06T18:58:52+08:00 ] 202.115.92.118 /daixu/demo/phone/sdfsd
INFO: [ app_init ] --START--
INFO: Run Behavior\BuildLiteBehavior [ RunTime:0.000021s ]
INFO: [ app_init ] --END-- [ RunTime:0.000361s ]
INFO: [ app_begin ] --START--
INFO: Run Behavior\ReadHtmlCacheBehavior [ RunTime:0.000400s ]
INFO: [ app_begin ] --END-- [ RunTime:0.000448s ]
ERR: 非法操作:demo

[ 2017-01-06T18:59:02+08:00 ] 140.207.124.105 /daixu/demo/phone/sdfsd
INFO: [ app_init ] --START--
INFO: Run Behavior\BuildLiteBehavior [ RunTime:0.000045s ]
INFO: [ app_init ] --END-- [ RunTime:0.031392s ]
INFO: [ app_begin ] --START--
INFO: Run Behavior\ReadHtmlCacheBehavior [ RunTime:0.025479s ]
INFO: [ app_begin ] --END-- [ RunTime:0.025586s ]
ERR: 非法操作:demo

[ 2017-01-06T18:59:06+08:00 ] 202.115.92.118 /demo/phone/sdfsd
INFO: [ app_init ] --START--
INFO: Run Behavior\BuildLiteBehavior [ RunTime:0.000033s ]
INFO: [ app_init ] --END-- [ RunTime:0.010618s ]
INFO: [ app_begin ] --START--
INFO: Run Behavior\ReadHtmlCacheBehavior [ RunTime:0.021622s ]
INFO: [ app_begin ] --END-- [ RunTime:0.021853s ]
ERR: 无法加载控制器:Demo

[ 2017-01-06T18:59:16+08:00 ] 180.153.205.252 /demo/phone/sdfsd
INFO: [ app_init ] --START--
INFO: Run Behavior\BuildLiteBehavior [ RunTime:0.000022s ]
INFO: [ app_init ] --END-- [ RunTime:0.000392s ]
INFO: [ app_begin ] --START--
INFO: Run Behavior\ReadHtmlCacheBehavior [ RunTime:0.024725s ]
INFO: [ app_begin ] --END-- [ RunTime:0.024852s ]
ERR: 无法加载控制器:Demo

[ 2017-01-06T18:59:46+08:00 ] 202.115.92.118 /daixu/demo/panorama/home.html
INFO: [ app_init ] --START--
INFO: Run Behavior\BuildLiteBehavior [ RunTime:0.000030s ]
INFO: [ app_init ] --END-- [ RunTime:0.012011s ]
INFO: [ app_begin ] --START--
INFO: Run Behavior\ReadHtmlCacheBehavior [ RunTime:0.033609s ]
INFO: [ app_begin ] --END-- [ RunTime:0.033730s ]
ERR: 非法操作:demo

[ 2017-01-06T18:59:49+08:00 ] 202.115.92.118 /daixu/demo/panorama/home.html
INFO: [ app_init ] --START--
INFO: Run Behavior\BuildLiteBehavior [ RunTime:0.000033s ]
INFO: [ app_init ] --END-- [ RunTime:0.013064s ]
INFO: [ app_begin ] --START--
INFO: Run Behavior\ReadHtmlCacheBehavior [ RunTime:0.024734s ]
INFO: [ app_begin ] --END-- [ RunTime:0.024858s ]
ERR: 非法操作:demo

[ 2017-01-06T18:59:56+08:00 ] 140.207.185.112 /daixu/demo/panorama/home.html
INFO: [ app_init ] --START--
INFO: Run Behavior\BuildLiteBehavior [ RunTime:0.000036s ]
INFO: [ app_init ] --END-- [ RunTime:0.017838s ]
INFO: [ app_begin ] --START--
INFO: Run Behavior\ReadHtmlCacheBehavior [ RunTime:0.027615s ]
INFO: [ app_begin ] --END-- [ RunTime:0.027746s ]
ERR: 非法操作:demo

[ 2017-01-06T19:00:13+08:00 ] 27.29.176.238 /daixu/demo/panorama/home.html
INFO: [ app_init ] --START--
INFO: Run Behavior\BuildLiteBehavior [ RunTime:0.000035s ]
INFO: [ app_init ] --END-- [ RunTime:0.013851s ]
INFO: [ app_begin ] --START--
INFO: Run Behavior\ReadHtmlCacheBehavior [ RunTime:0.026582s ]
INFO: [ app_begin ] --END-- [ RunTime:0.026711s ]
ERR: 非法操作:demo

[ 2017-01-06T19:00:17+08:00 ] 119.147.146.60 /krp_demo/vtour/tour.html
INFO: [ app_init ] --START--
INFO: Run Behavior\BuildLiteBehavior [ RunTime:0.000037s ]
INFO: [ app_init ] --END-- [ RunTime:0.012546s ]
INFO: [ app_begin ] --START--
INFO: Run Behavior\ReadHtmlCacheBehavior [ RunTime:0.018718s ]
INFO: [ app_begin ] --END-- [ RunTime:0.018863s ]
ERR: 无法加载控制器:Krp_demo

[ 2017-01-06T19:00:18+08:00 ] 119.147.146.60 /krp_demo/vtour/tour.html
INFO: [ app_init ] --START--
INFO: Run Behavior\BuildLiteBehavior [ RunTime:0.000030s ]
INFO: [ app_init ] --END-- [ RunTime:0.012976s ]
INFO: [ app_begin ] --START--
INFO: Run Behavior\ReadHtmlCacheBehavior [ RunTime:0.015848s ]
INFO: [ app_begin ] --END-- [ RunTime:0.015957s ]
ERR: 无法加载控制器:Krp_demo

[ 2017-01-06T19:09:49+08:00 ] 111.251.93.167 mx-tw.mail.gm0.yahoodns.net:25
INFO: [ app_init ] --START--
INFO: Run Behavior\BuildLiteBehavior [ RunTime:0.000023s ]
INFO: [ app_init ] --END-- [ RunTime:0.000418s ]
INFO: [ app_begin ] --START--
INFO: Run Behavior\ReadHtmlCacheBehavior [ RunTime:0.013920s ]
INFO: [ app_begin ] --END-- [ RunTime:0.014054s ]
SQL: SHOW COLUMNS FROM `adv` [ RunTime:0.0008s ]
ERR: Redis server went away

[ 2017-01-06T19:10:43+08:00 ] 111.251.93.167 mx-tw.mail.gm0.yahoodns.net:25
INFO: [ app_init ] --START--
INFO: Run Behavior\BuildLiteBehavior [ RunTime:0.000030s ]
INFO: [ app_init ] --END-- [ RunTime:0.000511s ]
INFO: [ app_begin ] --START--
INFO: Run Behavior\ReadHtmlCacheBehavior [ RunTime:0.021801s ]
INFO: [ app_begin ] --END-- [ RunTime:0.021944s ]
SQL: SHOW COLUMNS FROM `adv` [ RunTime:0.0088s ]
ERR: Redis server went away

[ 2017-01-06T19:13:47+08:00 ] 162.243.41.28 /
INFO: [ app_init ] --START--
INFO: Run Behavior\BuildLiteBehavior [ RunTime:0.000030s ]
INFO: [ app_init ] --END-- [ RunTime:0.013929s ]
INFO: [ app_begin ] --START--
INFO: Run Behavior\ReadHtmlCacheBehavior [ RunTime:0.012802s ]
INFO: [ app_begin ] --END-- [ RunTime:0.012909s ]
SQL: SHOW COLUMNS FROM `adv` [ RunTime:0.0087s ]
ERR: Redis server went away

[ 2017-01-06T19:16:46+08:00 ] 162.243.39.202 /
INFO: [ app_init ] --START--
INFO: Run Behavior\BuildLiteBehavior [ RunTime:0.000035s ]
INFO: [ app_init ] --END-- [ RunTime:0.010159s ]
INFO: [ app_begin ] --START--
INFO: Run Behavior\ReadHtmlCacheBehavior [ RunTime:0.025456s ]
INFO: [ app_begin ] --END-- [ RunTime:0.025593s ]
SQL: SHOW COLUMNS FROM `adv` [ RunTime:0.0160s ]
ERR: Redis server went away

[ 2017-01-06T19:18:57+08:00 ] 23.251.63.45 www.baidu.com:443
INFO: [ app_init ] --START--
INFO: Run Behavior\BuildLiteBehavior [ RunTime:0.000045s ]
INFO: [ app_init ] --END-- [ RunTime:0.015920s ]
INFO: [ app_begin ] --START--
INFO: Run Behavior\ReadHtmlCacheBehavior [ RunTime:0.018766s ]
INFO: [ app_begin ] --END-- [ RunTime:0.018895s ]
SQL: SHOW COLUMNS FROM `adv` [ RunTime:0.0028s ]
ERR: Redis server went away

[ 2017-01-06T19:36:46+08:00 ] 111.251.93.167 mx-tw.mail.gm0.yahoodns.net:25
INFO: [ app_init ] --START--
INFO: Run Behavior\BuildLiteBehavior [ RunTime:0.000022s ]
INFO: [ app_init ] --END-- [ RunTime:0.018578s ]
INFO: [ app_begin ] --START--
INFO: Run Behavior\ReadHtmlCacheBehavior [ RunTime:0.013032s ]
INFO: [ app_begin ] --END-- [ RunTime:0.019237s ]
SQL: SHOW COLUMNS FROM `adv` [ RunTime:0.0007s ]
ERR: Redis server went away

[ 2017-01-06T19:40:06+08:00 ] 202.115.92.118 /
INFO: [ app_init ] --START--
INFO: Run Behavior\BuildLiteBehavior [ RunTime:0.000050s ]
INFO: [ app_init ] --END-- [ RunTime:0.031576s ]
INFO: [ app_begin ] --START--
INFO: Run Behavior\ReadHtmlCacheBehavior [ RunTime:0.011982s ]
INFO: [ app_begin ] --END-- [ RunTime:0.031160s ]
SQL: SHOW COLUMNS FROM `adv` [ RunTime:0.0018s ]
ERR: Redis server went away

[ 2017-01-06T19:40:17+08:00 ] 202.115.92.118 /
INFO: [ app_init ] --START--
INFO: Run Behavior\BuildLiteBehavior [ RunTime:0.000042s ]
INFO: [ app_init ] --END-- [ RunTime:0.013033s ]
INFO: [ app_begin ] --START--
INFO: Run Behavior\ReadHtmlCacheBehavior [ RunTime:0.022737s ]
INFO: [ app_begin ] --END-- [ RunTime:0.022874s ]
SQL: SHOW COLUMNS FROM `adv` [ RunTime:0.0079s ]
ERR: Redis server went away

[ 2017-01-06T19:44:35+08:00 ] 162.243.44.121 /
INFO: [ app_init ] --START--
INFO: Run Behavior\BuildLiteBehavior [ RunTime:0.000047s ]
INFO: [ app_init ] --END-- [ RunTime:0.016802s ]
INFO: [ app_begin ] --START--
INFO: Run Behavior\ReadHtmlCacheBehavior [ RunTime:0.019239s ]
INFO: [ app_begin ] --END-- [ RunTime:0.019377s ]
SQL: SHOW COLUMNS FROM `adv` [ RunTime:0.0067s ]
ERR: Redis server went away

[ 2017-01-06T19:50:55+08:00 ] 202.115.92.118 /
INFO: [ app_init ] --START--
INFO: Run Behavior\BuildLiteBehavior [ RunTime:0.000035s ]
INFO: [ app_init ] --END-- [ RunTime:0.013061s ]
INFO: [ app_begin ] --START--
INFO: Run Behavior\ReadHtmlCacheBehavior [ RunTime:0.017806s ]
INFO: [ app_begin ] --END-- [ RunTime:0.017918s ]
SQL: SHOW COLUMNS FROM `adv` [ RunTime:0.0006s ]
ERR: Redis server went away

[ 2017-01-06T20:04:53+08:00 ] 111.251.93.167 mx-tw.mail.gm0.yahoodns.net:25
INFO: [ app_init ] --START--
INFO: Run Behavior\BuildLiteBehavior [ RunTime:0.000035s ]
INFO: [ app_init ] --END-- [ RunTime:0.015980s ]
INFO: [ app_begin ] --START--
INFO: Run Behavior\ReadHtmlCacheBehavior [ RunTime:0.018794s ]
INFO: [ app_begin ] --END-- [ RunTime:0.018948s ]
SQL: SHOW COLUMNS FROM `adv` [ RunTime:0.0142s ]
ERR: Redis server went away

[ 2017-01-06T20:13:34+08:00 ] 162.243.44.121 /
INFO: [ app_init ] --START--
INFO: Run Behavior\BuildLiteBehavior [ RunTime:0.000023s ]
INFO: [ app_init ] --END-- [ RunTime:0.000383s ]
INFO: [ app_begin ] --START--
INFO: Run Behavior\ReadHtmlCacheBehavior [ RunTime:0.026784s ]
INFO: [ app_begin ] --END-- [ RunTime:0.026910s ]
SQL: SHOW COLUMNS FROM `adv` [ RunTime:0.0132s ]
ERR: Redis server went away

