[ 2017-02-11T00:00:35+08:00 ] 1.162.238.217 mx-tw.mail.gm0.yahoodns.net:25
INFO: [ app_init ] --START--
INFO: Run Behavior\BuildLiteBehavior [ RunTime:0.000038s ]
INFO: [ app_init ] --END-- [ RunTime:0.012861s ]
INFO: [ app_begin ] --START--
INFO: Run Behavior\ReadHtmlCacheBehavior [ RunTime:0.020777s ]
INFO: [ app_begin ] --END-- [ RunTime:0.020937s ]
SQL: SHOW COLUMNS FROM `adv` [ RunTime:0.0139s ]
ERR: Redis server went away

[ 2017-02-11T00:52:43+08:00 ] 1.162.238.217 mx-tw.mail.gm0.yahoodns.net:25
INFO: [ app_init ] --START--
INFO: Run Behavior\BuildLiteBehavior [ RunTime:0.000033s ]
INFO: [ app_init ] --END-- [ RunTime:0.017355s ]
INFO: [ app_begin ] --START--
INFO: Run Behavior\ReadHtmlCacheBehavior [ RunTime:0.033459s ]
INFO: [ app_begin ] --END-- [ RunTime:0.033661s ]
SQL: SHOW COLUMNS FROM `adv` [ RunTime:0.0155s ]
ERR: Redis server went away

[ 2017-02-11T00:53:33+08:00 ] 1.162.238.217 mx-tw.mail.gm0.yahoodns.net:25
INFO: [ app_init ] --START--
INFO: Run Behavior\BuildLiteBehavior [ RunTime:0.000038s ]
INFO: [ app_init ] --END-- [ RunTime:0.022859s ]
INFO: [ app_begin ] --START--
INFO: Run Behavior\ReadHtmlCacheBehavior [ RunTime:0.022795s ]
INFO: [ app_begin ] --END-- [ RunTime:0.022947s ]
SQL: SHOW COLUMNS FROM `adv` [ RunTime:0.0139s ]
ERR: Redis server went away

[ 2017-02-11T00:54:29+08:00 ] 1.162.238.217 mx-tw.mail.gm0.yahoodns.net:25
INFO: [ app_init ] --START--
INFO: Run Behavior\BuildLiteBehavior [ RunTime:0.000062s ]
INFO: [ app_init ] --END-- [ RunTime:0.035001s ]
INFO: [ app_begin ] --START--
INFO: Run Behavior\ReadHtmlCacheBehavior [ RunTime:0.030669s ]
INFO: [ app_begin ] --END-- [ RunTime:0.030932s ]
SQL: SHOW COLUMNS FROM `adv` [ RunTime:0.0075s ]
ERR: Redis server went away

[ 2017-02-11T00:55:41+08:00 ] 1.162.238.217 mx-tw.mail.gm0.yahoodns.net:25
INFO: [ app_init ] --START--
INFO: Run Behavior\BuildLiteBehavior [ RunTime:0.000044s ]
INFO: [ app_init ] --END-- [ RunTime:0.019927s ]
INFO: [ app_begin ] --START--
INFO: Run Behavior\ReadHtmlCacheBehavior [ RunTime:0.020376s ]
INFO: [ app_begin ] --END-- [ RunTime:0.020507s ]
SQL: SHOW COLUMNS FROM `adv` [ RunTime:0.0065s ]
ERR: Redis server went away

[ 2017-02-11T01:19:40+08:00 ] 1.162.238.217 mx-tw.mail.gm0.yahoodns.net:25
INFO: [ app_init ] --START--
INFO: Run Behavior\BuildLiteBehavior [ RunTime:0.000035s ]
INFO: [ app_init ] --END-- [ RunTime:0.012968s ]
INFO: [ app_begin ] --START--
INFO: Run Behavior\ReadHtmlCacheBehavior [ RunTime:0.025115s ]
INFO: [ app_begin ] --END-- [ RunTime:0.025262s ]
SQL: SHOW COLUMNS FROM `adv` [ RunTime:0.0135s ]
ERR: Redis server went away

[ 2017-02-11T01:21:14+08:00 ] 60.169.77.130 http://14.215.177.37/
INFO: [ app_init ] --START--
INFO: Run Behavior\BuildLiteBehavior [ RunTime:0.000036s ]
INFO: [ app_init ] --END-- [ RunTime:0.014272s ]
INFO: [ app_begin ] --START--
INFO: Run Behavior\ReadHtmlCacheBehavior [ RunTime:0.029573s ]
INFO: [ app_begin ] --END-- [ RunTime:0.029698s ]
SQL: SHOW COLUMNS FROM `adv` [ RunTime:0.0094s ]
ERR: Redis server went away

[ 2017-02-11T01:30:45+08:00 ] 23.251.63.45 www.baidu.com:443
INFO: [ app_init ] --START--
INFO: Run Behavior\BuildLiteBehavior [ RunTime:0.000036s ]
INFO: [ app_init ] --END-- [ RunTime:0.012991s ]
INFO: [ app_begin ] --START--
INFO: Run Behavior\ReadHtmlCacheBehavior [ RunTime:0.038675s ]
INFO: [ app_begin ] --END-- [ RunTime:0.038870s ]
SQL: SHOW COLUMNS FROM `adv` [ RunTime:0.0075s ]
ERR: Redis server went away

[ 2017-02-11T01:45:46+08:00 ] 1.162.238.217 mx-tw.mail.gm0.yahoodns.net:25
INFO: [ app_init ] --START--
INFO: Run Behavior\BuildLiteBehavior [ RunTime:0.000051s ]
INFO: [ app_init ] --END-- [ RunTime:0.029912s ]
INFO: [ app_begin ] --START--
INFO: Run Behavior\ReadHtmlCacheBehavior [ RunTime:0.032720s ]
INFO: [ app_begin ] --END-- [ RunTime:0.032865s ]
SQL: SHOW COLUMNS FROM `adv` [ RunTime:0.0371s ]
ERR: Redis server went away

[ 2017-02-11T02:11:41+08:00 ] 1.162.238.217 mx-tw.mail.gm0.yahoodns.net:25
INFO: [ app_init ] --START--
INFO: Run Behavior\BuildLiteBehavior [ RunTime:0.006423s ]
INFO: [ app_init ] --END-- [ RunTime:0.030880s ]
INFO: [ app_begin ] --START--
INFO: Run Behavior\ReadHtmlCacheBehavior [ RunTime:0.019751s ]
INFO: [ app_begin ] --END-- [ RunTime:0.019881s ]
SQL: SHOW COLUMNS FROM `adv` [ RunTime:0.0220s ]
ERR: Redis server went away

[ 2017-02-11T03:04:01+08:00 ] 1.162.238.217 mx-tw.mail.gm0.yahoodns.net:25
INFO: [ app_init ] --START--
INFO: Run Behavior\BuildLiteBehavior [ RunTime:0.000065s ]
INFO: [ app_init ] --END-- [ RunTime:0.012514s ]
INFO: [ app_begin ] --START--
INFO: Run Behavior\ReadHtmlCacheBehavior [ RunTime:0.024845s ]
INFO: [ app_begin ] --END-- [ RunTime:0.024988s ]
SQL: SHOW COLUMNS FROM `adv` [ RunTime:0.0027s ]
ERR: Redis server went away

[ 2017-02-11T03:04:43+08:00 ] 1.162.238.217 mx-tw.mail.gm0.yahoodns.net:25
INFO: [ app_init ] --START--
INFO: Run Behavior\BuildLiteBehavior [ RunTime:0.000075s ]
INFO: [ app_init ] --END-- [ RunTime:0.011315s ]
INFO: [ app_begin ] --START--
INFO: Run Behavior\ReadHtmlCacheBehavior [ RunTime:0.018740s ]
INFO: [ app_begin ] --END-- [ RunTime:0.018911s ]
SQL: SHOW COLUMNS FROM `adv` [ RunTime:0.0122s ]
ERR: Redis server went away

[ 2017-02-11T03:30:38+08:00 ] 1.162.238.217 mx-tw.mail.gm0.yahoodns.net:25
INFO: [ app_init ] --START--
INFO: Run Behavior\BuildLiteBehavior [ RunTime:0.000052s ]
INFO: [ app_init ] --END-- [ RunTime:0.011092s ]
INFO: [ app_begin ] --START--
INFO: Run Behavior\ReadHtmlCacheBehavior [ RunTime:0.020777s ]
INFO: [ app_begin ] --END-- [ RunTime:0.020916s ]
SQL: SHOW COLUMNS FROM `adv` [ RunTime:0.0200s ]
ERR: Redis server went away

[ 2017-02-11T03:31:34+08:00 ] 1.162.238.217 mx-tw.mail.gm0.yahoodns.net:25
INFO: [ app_init ] --START--
INFO: Run Behavior\BuildLiteBehavior [ RunTime:0.000036s ]
INFO: [ app_init ] --END-- [ RunTime:0.016019s ]
INFO: [ app_begin ] --START--
INFO: Run Behavior\ReadHtmlCacheBehavior [ RunTime:0.030911s ]
INFO: [ app_begin ] --END-- [ RunTime:0.031141s ]
SQL: SHOW COLUMNS FROM `adv` [ RunTime:0.0300s ]
ERR: Redis server went away

[ 2017-02-11T03:49:42+08:00 ] 139.162.119.197 /
INFO: [ app_init ] --START--
INFO: Run Behavior\BuildLiteBehavior [ RunTime:0.000048s ]
INFO: [ app_init ] --END-- [ RunTime:0.025206s ]
INFO: [ app_begin ] --START--
INFO: Run Behavior\ReadHtmlCacheBehavior [ RunTime:0.018804s ]
INFO: [ app_begin ] --END-- [ RunTime:0.018929s ]
SQL: SHOW COLUMNS FROM `adv` [ RunTime:0.0324s ]
ERR: Redis server went away

[ 2017-02-11T03:57:04+08:00 ] 1.162.238.217 mx-tw.mail.gm0.yahoodns.net:25
INFO: [ app_init ] --START--
INFO: Run Behavior\BuildLiteBehavior [ RunTime:0.000037s ]
INFO: [ app_init ] --END-- [ RunTime:0.014965s ]
INFO: [ app_begin ] --START--
INFO: Run Behavior\ReadHtmlCacheBehavior [ RunTime:0.022064s ]
INFO: [ app_begin ] --END-- [ RunTime:0.022280s ]
SQL: SHOW COLUMNS FROM `adv` [ RunTime:0.0174s ]
ERR: Redis server went away

[ 2017-02-11T03:57:56+08:00 ] 1.162.238.217 mx-tw.mail.gm0.yahoodns.net:25
INFO: [ app_init ] --START--
INFO: Run Behavior\BuildLiteBehavior [ RunTime:0.000056s ]
INFO: [ app_init ] --END-- [ RunTime:0.017982s ]
INFO: [ app_begin ] --START--
INFO: Run Behavior\ReadHtmlCacheBehavior [ RunTime:0.029821s ]
INFO: [ app_begin ] --END-- [ RunTime:0.029985s ]
SQL: SHOW COLUMNS FROM `adv` [ RunTime:0.0267s ]
ERR: Redis server went away

[ 2017-02-11T04:23:10+08:00 ] 1.162.238.217 mx-tw.mail.gm0.yahoodns.net:25
INFO: [ app_init ] --START--
INFO: Run Behavior\BuildLiteBehavior [ RunTime:0.000035s ]
INFO: [ app_init ] --END-- [ RunTime:0.021891s ]
INFO: [ app_begin ] --START--
INFO: Run Behavior\ReadHtmlCacheBehavior [ RunTime:0.035371s ]
INFO: [ app_begin ] --END-- [ RunTime:0.035497s ]
SQL: SHOW COLUMNS FROM `adv` [ RunTime:0.0079s ]
ERR: Redis server went away

[ 2017-02-11T04:49:44+08:00 ] 1.162.238.217 mx-tw.mail.gm0.yahoodns.net:25
INFO: [ app_init ] --START--
INFO: Run Behavior\BuildLiteBehavior [ RunTime:0.000037s ]
INFO: [ app_init ] --END-- [ RunTime:0.018963s ]
INFO: [ app_begin ] --START--
INFO: Run Behavior\ReadHtmlCacheBehavior [ RunTime:0.038134s ]
INFO: [ app_begin ] --END-- [ RunTime:0.038274s ]
SQL: SHOW COLUMNS FROM `adv` [ RunTime:0.0175s ]
ERR: Redis server went away

[ 2017-02-11T05:34:37+08:00 ] 23.251.63.45 www.baidu.com:443
INFO: [ app_init ] --START--
INFO: Run Behavior\BuildLiteBehavior [ RunTime:0.000044s ]
INFO: [ app_init ] --END-- [ RunTime:0.016020s ]
INFO: [ app_begin ] --START--
INFO: Run Behavior\ReadHtmlCacheBehavior [ RunTime:0.021512s ]
INFO: [ app_begin ] --END-- [ RunTime:0.021662s ]
SQL: SHOW COLUMNS FROM `adv` [ RunTime:0.0139s ]
ERR: Redis server went away

[ 2017-02-11T05:42:01+08:00 ] 1.162.238.217 mx-tw.mail.gm0.yahoodns.net:25
INFO: [ app_init ] --START--
INFO: Run Behavior\BuildLiteBehavior [ RunTime:0.000036s ]
INFO: [ app_init ] --END-- [ RunTime:0.011288s ]
INFO: [ app_begin ] --START--
INFO: Run Behavior\ReadHtmlCacheBehavior [ RunTime:0.035223s ]
INFO: [ app_begin ] --END-- [ RunTime:0.035411s ]
SQL: SHOW COLUMNS FROM `adv` [ RunTime:0.0140s ]
ERR: Redis server went away

[ 2017-02-11T05:42:55+08:00 ] 1.162.238.217 mx-tw.mail.gm0.yahoodns.net:25
INFO: [ app_init ] --START--
INFO: Run Behavior\BuildLiteBehavior [ RunTime:0.000037s ]
INFO: [ app_init ] --END-- [ RunTime:0.020897s ]
INFO: [ app_begin ] --START--
INFO: Run Behavior\ReadHtmlCacheBehavior [ RunTime:0.030907s ]
INFO: [ app_begin ] --END-- [ RunTime:0.031106s ]
SQL: SHOW COLUMNS FROM `adv` [ RunTime:0.0171s ]
ERR: Redis server went away

[ 2017-02-11T06:08:23+08:00 ] 1.162.238.217 mx-tw.mail.gm0.yahoodns.net:25
INFO: [ app_init ] --START--
INFO: Run Behavior\BuildLiteBehavior [ RunTime:0.006085s ]
INFO: [ app_init ] --END-- [ RunTime:0.022859s ]
INFO: [ app_begin ] --START--
INFO: Run Behavior\ReadHtmlCacheBehavior [ RunTime:0.037582s ]
INFO: [ app_begin ] --END-- [ RunTime:0.037750s ]
SQL: SHOW COLUMNS FROM `adv` [ RunTime:0.0299s ]
ERR: Redis server went away

[ 2017-02-11T07:01:07+08:00 ] 1.162.238.217 mx-tw.mail.gm0.yahoodns.net:25
INFO: [ app_init ] --START--
INFO: Run Behavior\BuildLiteBehavior [ RunTime:0.000021s ]
INFO: [ app_init ] --END-- [ RunTime:0.000359s ]
INFO: [ app_begin ] --START--
INFO: Run Behavior\ReadHtmlCacheBehavior [ RunTime:0.040402s ]
INFO: [ app_begin ] --END-- [ RunTime:0.040591s ]
SQL: SHOW COLUMNS FROM `adv` [ RunTime:0.0162s ]
ERR: Redis server went away

[ 2017-02-11T07:02:20+08:00 ] 1.162.238.217 mx-tw.mail.gm0.yahoodns.net:25
INFO: [ app_init ] --START--
INFO: Run Behavior\BuildLiteBehavior [ RunTime:0.000071s ]
INFO: [ app_init ] --END-- [ RunTime:0.016515s ]
INFO: [ app_begin ] --START--
INFO: Run Behavior\ReadHtmlCacheBehavior [ RunTime:0.046516s ]
INFO: [ app_begin ] --END-- [ RunTime:0.046745s ]
SQL: SHOW COLUMNS FROM `adv` [ RunTime:0.0082s ]
ERR: Redis server went away

[ 2017-02-11T07:03:36+08:00 ] 1.162.238.217 mx-tw.mail.gm0.yahoodns.net:25
INFO: [ app_init ] --START--
INFO: Run Behavior\BuildLiteBehavior [ RunTime:0.000050s ]
INFO: [ app_init ] --END-- [ RunTime:0.017942s ]
INFO: [ app_begin ] --START--
INFO: Run Behavior\ReadHtmlCacheBehavior [ RunTime:0.038593s ]
INFO: [ app_begin ] --END-- [ RunTime:0.038879s ]
SQL: SHOW COLUMNS FROM `adv` [ RunTime:0.0181s ]
ERR: Redis server went away

[ 2017-02-11T07:27:08+08:00 ] 1.162.238.217 mx-tw.mail.gm0.yahoodns.net:25
INFO: [ app_init ] --START--
INFO: Run Behavior\BuildLiteBehavior [ RunTime:0.000034s ]
INFO: [ app_init ] --END-- [ RunTime:0.017942s ]
INFO: [ app_begin ] --START--
INFO: Run Behavior\ReadHtmlCacheBehavior [ RunTime:0.014895s ]
INFO: [ app_begin ] --END-- [ RunTime:0.015093s ]
SQL: SHOW COLUMNS FROM `adv` [ RunTime:0.0337s ]
ERR: Redis server went away

[ 2017-02-11T07:31:38+08:00 ] 23.251.63.45 http://proxyjudge.us/
INFO: [ app_init ] --START--
INFO: Run Behavior\BuildLiteBehavior [ RunTime:0.000056s ]
INFO: [ app_init ] --END-- [ RunTime:0.018387s ]
INFO: [ app_begin ] --START--
INFO: Run Behavior\ReadHtmlCacheBehavior [ RunTime:0.000516s ]
INFO: [ app_begin ] --END-- [ RunTime:0.000600s ]
SQL: SHOW COLUMNS FROM `adv` [ RunTime:0.0250s ]
ERR: Redis server went away

[ 2017-02-11T07:31:39+08:00 ] 23.251.63.45 www.baidu.com:443
INFO: [ app_init ] --START--
INFO: Run Behavior\BuildLiteBehavior [ RunTime:0.000036s ]
INFO: [ app_init ] --END-- [ RunTime:0.019875s ]
INFO: [ app_begin ] --START--
INFO: Run Behavior\ReadHtmlCacheBehavior [ RunTime:0.028579s ]
INFO: [ app_begin ] --END-- [ RunTime:0.028712s ]
SQL: SHOW COLUMNS FROM `adv` [ RunTime:0.0073s ]
ERR: Redis server went away

[ 2017-02-11T07:34:29+08:00 ] 42.156.251.187 /
INFO: [ app_init ] --START--
INFO: Run Behavior\BuildLiteBehavior [ RunTime:0.000047s ]
INFO: [ app_init ] --END-- [ RunTime:0.011288s ]
INFO: [ app_begin ] --START--
INFO: Run Behavior\ReadHtmlCacheBehavior [ RunTime:0.036632s ]
INFO: [ app_begin ] --END-- [ RunTime:0.036860s ]
SQL: SHOW COLUMNS FROM `adv` [ RunTime:0.0141s ]
ERR: Redis server went away

[ 2017-02-11T08:19:49+08:00 ] 1.162.238.217 mx-tw.mail.gm0.yahoodns.net:25
INFO: [ app_init ] --START--
INFO: Run Behavior\BuildLiteBehavior [ RunTime:0.000036s ]
INFO: [ app_init ] --END-- [ RunTime:0.021888s ]
INFO: [ app_begin ] --START--
INFO: Run Behavior\ReadHtmlCacheBehavior [ RunTime:0.030355s ]
INFO: [ app_begin ] --END-- [ RunTime:0.030527s ]
SQL: SHOW COLUMNS FROM `adv` [ RunTime:0.0145s ]
ERR: Redis server went away

[ 2017-02-11T08:20:52+08:00 ] 1.162.238.217 mx-tw.mail.gm0.yahoodns.net:25
INFO: [ app_init ] --START--
INFO: Run Behavior\BuildLiteBehavior [ RunTime:0.000063s ]
INFO: [ app_init ] --END-- [ RunTime:0.018034s ]
INFO: [ app_begin ] --START--
INFO: Run Behavior\ReadHtmlCacheBehavior [ RunTime:0.031612s ]
INFO: [ app_begin ] --END-- [ RunTime:0.031755s ]
SQL: SHOW COLUMNS FROM `adv` [ RunTime:0.0166s ]
ERR: Redis server went away

[ 2017-02-11T08:45:53+08:00 ] 1.162.238.217 mx-tw.mail.gm0.yahoodns.net:25
INFO: [ app_init ] --START--
INFO: Run Behavior\BuildLiteBehavior [ RunTime:0.000038s ]
INFO: [ app_init ] --END-- [ RunTime:0.013928s ]
INFO: [ app_begin ] --START--
INFO: Run Behavior\ReadHtmlCacheBehavior [ RunTime:0.014847s ]
INFO: [ app_begin ] --END-- [ RunTime:0.014977s ]
SQL: SHOW COLUMNS FROM `adv` [ RunTime:0.0230s ]
ERR: Redis server went away

[ 2017-02-11T08:46:35+08:00 ] 1.162.238.217 mx-tw.mail.gm0.yahoodns.net:25
INFO: [ app_init ] --START--
INFO: Run Behavior\BuildLiteBehavior [ RunTime:0.000071s ]
INFO: [ app_init ] --END-- [ RunTime:0.019974s ]
INFO: [ app_begin ] --START--
INFO: Run Behavior\ReadHtmlCacheBehavior [ RunTime:0.042263s ]
INFO: [ app_begin ] --END-- [ RunTime:0.042496s ]
SQL: SHOW COLUMNS FROM `adv` [ RunTime:0.0221s ]
ERR: Redis server went away

[ 2017-02-11T09:05:15+08:00 ] 212.179.90.226 /
INFO: [ app_init ] --START--
INFO: Run Behavior\BuildLiteBehavior [ RunTime:0.000043s ]
INFO: [ app_init ] --END-- [ RunTime:0.019967s ]
INFO: [ app_begin ] --START--
INFO: Run Behavior\ReadHtmlCacheBehavior [ RunTime:0.019084s ]
INFO: [ app_begin ] --END-- [ RunTime:0.019199s ]
SQL: SHOW COLUMNS FROM `adv` [ RunTime:0.0349s ]
ERR: Redis server went away

[ 2017-02-11T09:09:34+08:00 ] 201.254.185.192 /
INFO: [ app_init ] --START--
INFO: Run Behavior\BuildLiteBehavior [ RunTime:0.000023s ]
INFO: [ app_init ] --END-- [ RunTime:0.000377s ]
INFO: [ app_begin ] --START--
INFO: Run Behavior\ReadHtmlCacheBehavior [ RunTime:0.018811s ]
INFO: [ app_begin ] --END-- [ RunTime:0.018937s ]
SQL: SHOW COLUMNS FROM `adv` [ RunTime:0.0141s ]
ERR: Redis server went away

[ 2017-02-11T09:38:54+08:00 ] 1.162.238.217 mx-tw.mail.gm0.yahoodns.net:25
INFO: [ app_init ] --START--
INFO: Run Behavior\BuildLiteBehavior [ RunTime:0.000044s ]
INFO: [ app_init ] --END-- [ RunTime:0.034756s ]
INFO: [ app_begin ] --START--
INFO: Run Behavior\ReadHtmlCacheBehavior [ RunTime:0.018341s ]
INFO: [ app_begin ] --END-- [ RunTime:0.018502s ]
SQL: SHOW COLUMNS FROM `adv` [ RunTime:0.0142s ]
ERR: Redis server went away

[ 2017-02-11T09:39:30+08:00 ] 1.162.238.217 mx-tw.mail.gm0.yahoodns.net:25
INFO: [ app_init ] --START--
INFO: Run Behavior\BuildLiteBehavior [ RunTime:0.000036s ]
INFO: [ app_init ] --END-- [ RunTime:0.020856s ]
INFO: [ app_begin ] --START--
INFO: Run Behavior\ReadHtmlCacheBehavior [ RunTime:0.034662s ]
INFO: [ app_begin ] --END-- [ RunTime:0.034820s ]
SQL: SHOW COLUMNS FROM `adv` [ RunTime:0.0149s ]
ERR: Redis server went away

[ 2017-02-11T09:40:38+08:00 ] 1.162.238.217 mx-tw.mail.gm0.yahoodns.net:25
INFO: [ app_init ] --START--
INFO: Run Behavior\BuildLiteBehavior [ RunTime:0.000036s ]
INFO: [ app_init ] --END-- [ RunTime:0.014969s ]
INFO: [ app_begin ] --START--
INFO: Run Behavior\ReadHtmlCacheBehavior [ RunTime:0.032611s ]
INFO: [ app_begin ] --END-- [ RunTime:0.032784s ]
SQL: SHOW COLUMNS FROM `adv` [ RunTime:0.0166s ]
ERR: Redis server went away

[ 2017-02-11T09:41:51+08:00 ] 23.251.63.45 www.alipay.com:443
INFO: [ app_init ] --START--
INFO: Run Behavior\BuildLiteBehavior [ RunTime:0.000037s ]
INFO: [ app_init ] --END-- [ RunTime:0.019846s ]
INFO: [ app_begin ] --START--
INFO: Run Behavior\ReadHtmlCacheBehavior [ RunTime:0.016773s ]
INFO: [ app_begin ] --END-- [ RunTime:0.016905s ]
SQL: SHOW COLUMNS FROM `adv` [ RunTime:0.0007s ]
ERR: Redis server went away

[ 2017-02-11T10:05:17+08:00 ] 1.162.238.217 mx-tw.mail.gm0.yahoodns.net:25
INFO: [ app_init ] --START--
INFO: Run Behavior\BuildLiteBehavior [ RunTime:0.000068s ]
INFO: [ app_init ] --END-- [ RunTime:0.017215s ]
INFO: [ app_begin ] --START--
INFO: Run Behavior\ReadHtmlCacheBehavior [ RunTime:0.034341s ]
INFO: [ app_begin ] --END-- [ RunTime:0.034578s ]
SQL: SHOW COLUMNS FROM `adv` [ RunTime:0.0221s ]
ERR: Redis server went away

[ 2017-02-11T10:58:04+08:00 ] 1.162.238.217 mx-tw.mail.gm0.yahoodns.net:25
INFO: [ app_init ] --START--
INFO: Run Behavior\BuildLiteBehavior [ RunTime:0.000047s ]
INFO: [ app_init ] --END-- [ RunTime:0.023009s ]
INFO: [ app_begin ] --START--
INFO: Run Behavior\ReadHtmlCacheBehavior [ RunTime:0.037158s ]
INFO: [ app_begin ] --END-- [ RunTime:0.037314s ]
SQL: SHOW COLUMNS FROM `adv` [ RunTime:0.0101s ]
ERR: Redis server went away

[ 2017-02-11T11:24:11+08:00 ] 1.162.238.217 mx-tw.mail.gm0.yahoodns.net:25
INFO: [ app_init ] --START--
INFO: Run Behavior\BuildLiteBehavior [ RunTime:0.000059s ]
INFO: [ app_init ] --END-- [ RunTime:0.016719s ]
INFO: [ app_begin ] --START--
INFO: Run Behavior\ReadHtmlCacheBehavior [ RunTime:0.018783s ]
INFO: [ app_begin ] --END-- [ RunTime:0.018945s ]
SQL: SHOW COLUMNS FROM `adv` [ RunTime:0.0115s ]
ERR: Redis server went away

[ 2017-02-11T11:25:26+08:00 ] 1.162.238.217 mx-tw.mail.gm0.yahoodns.net:25
INFO: [ app_init ] --START--
INFO: Run Behavior\BuildLiteBehavior [ RunTime:0.000028s ]
INFO: [ app_init ] --END-- [ RunTime:0.000483s ]
INFO: [ app_begin ] --START--
INFO: Run Behavior\ReadHtmlCacheBehavior [ RunTime:0.000464s ]
INFO: [ app_begin ] --END-- [ RunTime:0.023641s ]
SQL: SHOW COLUMNS FROM `adv` [ RunTime:0.0170s ]
ERR: Redis server went away

[ 2017-02-11T12:13:17+08:00 ] 23.251.63.45 www.alipay.com:443
INFO: [ app_init ] --START--
INFO: Run Behavior\BuildLiteBehavior [ RunTime:0.000047s ]
INFO: [ app_init ] --END-- [ RunTime:0.021618s ]
INFO: [ app_begin ] --START--
INFO: Run Behavior\ReadHtmlCacheBehavior [ RunTime:0.033643s ]
INFO: [ app_begin ] --END-- [ RunTime:0.033827s ]
SQL: SHOW COLUMNS FROM `adv` [ RunTime:0.0151s ]
ERR: Redis server went away

[ 2017-02-11T12:18:34+08:00 ] 1.162.238.217 mx-tw.mail.gm0.yahoodns.net:25
INFO: [ app_init ] --START--
INFO: Run Behavior\BuildLiteBehavior [ RunTime:0.000071s ]
INFO: [ app_init ] --END-- [ RunTime:0.025073s ]
INFO: [ app_begin ] --START--
INFO: Run Behavior\ReadHtmlCacheBehavior [ RunTime:0.034346s ]
INFO: [ app_begin ] --END-- [ RunTime:0.034536s ]
SQL: SHOW COLUMNS FROM `adv` [ RunTime:0.0150s ]
ERR: Redis server went away

[ 2017-02-11T12:32:00+08:00 ] 140.205.201.34 /
INFO: [ app_init ] --START--
INFO: Run Behavior\BuildLiteBehavior [ RunTime:0.000037s ]
INFO: [ app_init ] --END-- [ RunTime:0.036398s ]
INFO: [ app_begin ] --START--
INFO: Run Behavior\ReadHtmlCacheBehavior [ RunTime:0.012948s ]
INFO: [ app_begin ] --END-- [ RunTime:0.013076s ]
SQL: SHOW COLUMNS FROM `adv` [ RunTime:0.0386s ]
ERR: Redis server went away

[ 2017-02-11T12:42:57+08:00 ] 1.162.238.217 mx-tw.mail.gm0.yahoodns.net:25
INFO: [ app_init ] --START--
INFO: Run Behavior\BuildLiteBehavior [ RunTime:0.000030s ]
INFO: [ app_init ] --END-- [ RunTime:0.007137s ]
INFO: [ app_begin ] --START--
INFO: Run Behavior\ReadHtmlCacheBehavior [ RunTime:0.035386s ]
INFO: [ app_begin ] --END-- [ RunTime:0.035542s ]
SQL: SHOW COLUMNS FROM `adv` [ RunTime:0.0251s ]
ERR: Redis server went away

[ 2017-02-11T12:44:11+08:00 ] 140.205.201.34 /
INFO: [ app_init ] --START--
INFO: Run Behavior\BuildLiteBehavior [ RunTime:0.000022s ]
INFO: [ app_init ] --END-- [ RunTime:0.000356s ]
INFO: [ app_begin ] --START--
INFO: Run Behavior\ReadHtmlCacheBehavior [ RunTime:0.025860s ]
INFO: [ app_begin ] --END-- [ RunTime:0.026053s ]
SQL: SHOW COLUMNS FROM `adv` [ RunTime:0.0192s ]
ERR: Redis server went away

[ 2017-02-11T12:45:53+08:00 ] 140.205.201.34 /index.php
INFO: [ app_init ] --START--
INFO: Run Behavior\BuildLiteBehavior [ RunTime:0.000036s ]
INFO: [ app_init ] --END-- [ RunTime:0.019859s ]
INFO: [ app_begin ] --START--
INFO: Run Behavior\ReadHtmlCacheBehavior [ RunTime:0.021871s ]
INFO: [ app_begin ] --END-- [ RunTime:0.022050s ]
SQL: SHOW COLUMNS FROM `adv` [ RunTime:0.0205s ]
ERR: Redis server went away

[ 2017-02-11T13:09:29+08:00 ] 1.162.238.217 mx-tw.mail.gm0.yahoodns.net:25
INFO: [ app_init ] --START--
INFO: Run Behavior\BuildLiteBehavior [ RunTime:0.000038s ]
INFO: [ app_init ] --END-- [ RunTime:0.028339s ]
INFO: [ app_begin ] --START--
INFO: Run Behavior\ReadHtmlCacheBehavior [ RunTime:0.031696s ]
INFO: [ app_begin ] --END-- [ RunTime:0.031862s ]
SQL: SHOW COLUMNS FROM `adv` [ RunTime:0.0074s ]
ERR: Redis server went away

[ 2017-02-11T13:10:06+08:00 ] 1.162.238.217 mx-tw.mail.gm0.yahoodns.net:25
INFO: [ app_init ] --START--
INFO: Run Behavior\BuildLiteBehavior [ RunTime:0.000036s ]
INFO: [ app_init ] --END-- [ RunTime:0.022842s ]
INFO: [ app_begin ] --START--
INFO: Run Behavior\ReadHtmlCacheBehavior [ RunTime:0.026068s ]
INFO: [ app_begin ] --END-- [ RunTime:0.026272s ]
SQL: SHOW COLUMNS FROM `adv` [ RunTime:0.0100s ]
ERR: Redis server went away

[ 2017-02-11T13:19:23+08:00 ] 140.205.201.34 /
INFO: [ app_init ] --START--
INFO: Run Behavior\BuildLiteBehavior [ RunTime:0.000039s ]
INFO: [ app_init ] --END-- [ RunTime:0.031361s ]
INFO: [ app_begin ] --START--
INFO: Run Behavior\ReadHtmlCacheBehavior [ RunTime:0.017755s ]
INFO: [ app_begin ] --END-- [ RunTime:0.017873s ]
SQL: SHOW COLUMNS FROM `adv` [ RunTime:0.0369s ]
ERR: Redis server went away

[ 2017-02-11T13:36:23+08:00 ] 1.162.238.217 mx-tw.mail.gm0.yahoodns.net:25
INFO: [ app_init ] --START--
INFO: Run Behavior\BuildLiteBehavior [ RunTime:0.000065s ]
INFO: [ app_init ] --END-- [ RunTime:0.026071s ]
INFO: [ app_begin ] --START--
INFO: Run Behavior\ReadHtmlCacheBehavior [ RunTime:0.036648s ]
INFO: [ app_begin ] --END-- [ RunTime:0.036827s ]
SQL: SHOW COLUMNS FROM `adv` [ RunTime:0.0153s ]
ERR: Redis server went away

[ 2017-02-11T14:02:25+08:00 ] 1.162.238.217 mx-tw.mail.gm0.yahoodns.net:25
INFO: [ app_init ] --START--
INFO: Run Behavior\BuildLiteBehavior [ RunTime:0.000039s ]
INFO: [ app_init ] --END-- [ RunTime:0.014987s ]
INFO: [ app_begin ] --START--
INFO: Run Behavior\ReadHtmlCacheBehavior [ RunTime:0.028804s ]
INFO: [ app_begin ] --END-- [ RunTime:0.032198s ]
SQL: SHOW COLUMNS FROM `adv` [ RunTime:0.0326s ]
ERR: Redis server went away

[ 2017-02-11T14:03:46+08:00 ] 1.162.238.217 mx-tw.mail.gm0.yahoodns.net:25
INFO: [ app_init ] --START--
INFO: Run Behavior\BuildLiteBehavior [ RunTime:0.000077s ]
INFO: [ app_init ] --END-- [ RunTime:0.026553s ]
INFO: [ app_begin ] --START--
INFO: Run Behavior\ReadHtmlCacheBehavior [ RunTime:0.037505s ]
INFO: [ app_begin ] --END-- [ RunTime:0.037673s ]
SQL: SHOW COLUMNS FROM `adv` [ RunTime:0.0017s ]
ERR: Redis server went away

[ 2017-02-11T14:29:26+08:00 ] 1.162.238.217 mx-tw.mail.gm0.yahoodns.net:25
INFO: [ app_init ] --START--
INFO: Run Behavior\BuildLiteBehavior [ RunTime:0.000040s ]
INFO: [ app_init ] --END-- [ RunTime:0.013370s ]
INFO: [ app_begin ] --START--
INFO: Run Behavior\ReadHtmlCacheBehavior [ RunTime:0.018777s ]
INFO: [ app_begin ] --END-- [ RunTime:0.018906s ]
SQL: SHOW COLUMNS FROM `adv` [ RunTime:0.0116s ]
ERR: Redis server went away

[ 2017-02-11T14:46:47+08:00 ] 23.251.63.45 www.baidu.com:443
INFO: [ app_init ] --START--
INFO: Run Behavior\BuildLiteBehavior [ RunTime:0.000033s ]
INFO: [ app_init ] --END-- [ RunTime:0.025518s ]
INFO: [ app_begin ] --START--
INFO: Run Behavior\ReadHtmlCacheBehavior [ RunTime:0.026849s ]
INFO: [ app_begin ] --END-- [ RunTime:0.026992s ]
SQL: SHOW COLUMNS FROM `adv` [ RunTime:0.0258s ]
ERR: Redis server went away

[ 2017-02-11T14:54:43+08:00 ] 1.162.238.217 mx-tw.mail.gm0.yahoodns.net:25
INFO: [ app_init ] --START--
INFO: Run Behavior\BuildLiteBehavior [ RunTime:0.000038s ]
INFO: [ app_init ] --END-- [ RunTime:0.016092s ]
INFO: [ app_begin ] --START--
INFO: Run Behavior\ReadHtmlCacheBehavior [ RunTime:0.021760s ]
INFO: [ app_begin ] --END-- [ RunTime:0.021904s ]
SQL: SHOW COLUMNS FROM `adv` [ RunTime:0.0230s ]
ERR: Redis server went away

[ 2017-02-11T15:21:05+08:00 ] 1.162.238.217 mx-tw.mail.gm0.yahoodns.net:25
INFO: [ app_init ] --START--
INFO: Run Behavior\BuildLiteBehavior [ RunTime:0.000043s ]
INFO: [ app_init ] --END-- [ RunTime:0.025628s ]
INFO: [ app_begin ] --START--
INFO: Run Behavior\ReadHtmlCacheBehavior [ RunTime:0.014882s ]
INFO: [ app_begin ] --END-- [ RunTime:0.015069s ]
SQL: SHOW COLUMNS FROM `adv` [ RunTime:0.0104s ]
ERR: Redis server went away

[ 2017-02-11T15:21:36+08:00 ] 1.162.238.217 mx-tw.mail.gm0.yahoodns.net:25
INFO: [ app_init ] --START--
INFO: Run Behavior\BuildLiteBehavior [ RunTime:0.000025s ]
INFO: [ app_init ] --END-- [ RunTime:0.000473s ]
INFO: [ app_begin ] --START--
INFO: Run Behavior\ReadHtmlCacheBehavior [ RunTime:0.044133s ]
INFO: [ app_begin ] --END-- [ RunTime:0.044267s ]
SQL: SHOW COLUMNS FROM `adv` [ RunTime:0.0150s ]
ERR: Redis server went away

[ 2017-02-11T15:47:54+08:00 ] 1.162.238.217 mx-tw.mail.gm0.yahoodns.net:25
INFO: [ app_init ] --START--
INFO: Run Behavior\BuildLiteBehavior [ RunTime:0.000044s ]
INFO: [ app_init ] --END-- [ RunTime:0.019975s ]
INFO: [ app_begin ] --START--
INFO: Run Behavior\ReadHtmlCacheBehavior [ RunTime:0.029880s ]
INFO: [ app_begin ] --END-- [ RunTime:0.030024s ]
SQL: SHOW COLUMNS FROM `adv` [ RunTime:0.0148s ]
ERR: Redis server went away

[ 2017-02-11T15:51:17+08:00 ] 60.191.38.77 /
INFO: [ app_init ] --START--
INFO: Run Behavior\BuildLiteBehavior [ RunTime:0.000055s ]
INFO: [ app_init ] --END-- [ RunTime:0.026862s ]
INFO: [ app_begin ] --START--
INFO: Run Behavior\ReadHtmlCacheBehavior [ RunTime:0.018884s ]
INFO: [ app_begin ] --END-- [ RunTime:0.025873s ]
SQL: SHOW COLUMNS FROM `adv` [ RunTime:0.0197s ]
ERR: Redis server went away

[ 2017-02-11T16:13:46+08:00 ] 1.162.238.217 mx-tw.mail.gm0.yahoodns.net:25
INFO: [ app_init ] --START--
INFO: Run Behavior\BuildLiteBehavior [ RunTime:0.000041s ]
INFO: [ app_init ] --END-- [ RunTime:0.029082s ]
INFO: [ app_begin ] --START--
INFO: Run Behavior\ReadHtmlCacheBehavior [ RunTime:0.019809s ]
INFO: [ app_begin ] --END-- [ RunTime:0.019935s ]
SQL: SHOW COLUMNS FROM `adv` [ RunTime:0.0136s ]
ERR: Redis server went away

[ 2017-02-11T16:40:01+08:00 ] 1.162.238.217 mx-tw.mail.gm0.yahoodns.net:25
INFO: [ app_init ] --START--
INFO: Run Behavior\BuildLiteBehavior [ RunTime:0.000037s ]
INFO: [ app_init ] --END-- [ RunTime:0.016001s ]
INFO: [ app_begin ] --START--
INFO: Run Behavior\ReadHtmlCacheBehavior [ RunTime:0.019868s ]
INFO: [ app_begin ] --END-- [ RunTime:0.020085s ]
SQL: SHOW COLUMNS FROM `adv` [ RunTime:0.0196s ]
ERR: Redis server went away

[ 2017-02-11T16:41:12+08:00 ] 1.162.238.217 mx-tw.mail.gm0.yahoodns.net:25
INFO: [ app_init ] --START--
INFO: Run Behavior\BuildLiteBehavior [ RunTime:0.000036s ]
INFO: [ app_init ] --END-- [ RunTime:0.012942s ]
INFO: [ app_begin ] --START--
INFO: Run Behavior\ReadHtmlCacheBehavior [ RunTime:0.016596s ]
INFO: [ app_begin ] --END-- [ RunTime:0.016774s ]
SQL: SHOW COLUMNS FROM `adv` [ RunTime:0.0112s ]
ERR: Redis server went away

[ 2017-02-11T17:06:43+08:00 ] 1.162.238.217 mx-tw.mail.gm0.yahoodns.net:25
INFO: [ app_init ] --START--
INFO: Run Behavior\BuildLiteBehavior [ RunTime:0.000038s ]
INFO: [ app_init ] --END-- [ RunTime:0.014959s ]
INFO: [ app_begin ] --START--
INFO: Run Behavior\ReadHtmlCacheBehavior [ RunTime:0.020647s ]
INFO: [ app_begin ] --END-- [ RunTime:0.020778s ]
SQL: SHOW COLUMNS FROM `adv` [ RunTime:0.0285s ]
ERR: Redis server went away

[ 2017-02-11T17:32:27+08:00 ] 1.162.238.217 mx-tw.mail.gm0.yahoodns.net:25
INFO: [ app_init ] --START--
INFO: Run Behavior\BuildLiteBehavior [ RunTime:0.000076s ]
INFO: [ app_init ] --END-- [ RunTime:0.019084s ]
INFO: [ app_begin ] --START--
INFO: Run Behavior\ReadHtmlCacheBehavior [ RunTime:0.020788s ]
INFO: [ app_begin ] --END-- [ RunTime:0.020933s ]
SQL: SHOW COLUMNS FROM `adv` [ RunTime:0.0338s ]
ERR: Redis server went away

[ 2017-02-11T17:58:39+08:00 ] 1.162.238.217 mx-tw.mail.gm0.yahoodns.net:25
INFO: [ app_init ] --START--
INFO: Run Behavior\BuildLiteBehavior [ RunTime:0.000037s ]
INFO: [ app_init ] --END-- [ RunTime:0.012012s ]
INFO: [ app_begin ] --START--
INFO: Run Behavior\ReadHtmlCacheBehavior [ RunTime:0.033807s ]
INFO: [ app_begin ] --END-- [ RunTime:0.034022s ]
SQL: SHOW COLUMNS FROM `adv` [ RunTime:0.0220s ]
ERR: Redis server went away

[ 2017-02-11T17:59:38+08:00 ] 1.162.238.217 mx-tw.mail.gm0.yahoodns.net:25
INFO: [ app_init ] --START--
INFO: Run Behavior\BuildLiteBehavior [ RunTime:0.000041s ]
INFO: [ app_init ] --END-- [ RunTime:0.025923s ]
INFO: [ app_begin ] --START--
INFO: Run Behavior\ReadHtmlCacheBehavior [ RunTime:0.017806s ]
INFO: [ app_begin ] --END-- [ RunTime:0.017935s ]
SQL: SHOW COLUMNS FROM `adv` [ RunTime:0.0132s ]
ERR: Redis server went away

[ 2017-02-11T18:25:49+08:00 ] 1.162.238.217 mx-tw.mail.gm0.yahoodns.net:25
INFO: [ app_init ] --START--
INFO: Run Behavior\BuildLiteBehavior [ RunTime:0.000053s ]
INFO: [ app_init ] --END-- [ RunTime:0.021116s ]
INFO: [ app_begin ] --START--
INFO: Run Behavior\ReadHtmlCacheBehavior [ RunTime:0.032721s ]
INFO: [ app_begin ] --END-- [ RunTime:0.032935s ]
SQL: SHOW COLUMNS FROM `adv` [ RunTime:0.0170s ]
ERR: Redis server went away

[ 2017-02-11T18:35:39+08:00 ] 182.48.105.210 /
INFO: [ app_init ] --START--
INFO: Run Behavior\BuildLiteBehavior [ RunTime:0.000064s ]
INFO: [ app_init ] --END-- [ RunTime:0.019847s ]
INFO: [ app_begin ] --START--
INFO: Run Behavior\ReadHtmlCacheBehavior [ RunTime:0.045571s ]
INFO: [ app_begin ] --END-- [ RunTime:0.045791s ]
SQL: SHOW COLUMNS FROM `adv` [ RunTime:0.0180s ]
ERR: Redis server went away

[ 2017-02-11T18:51:36+08:00 ] 1.162.238.217 mx-tw.mail.gm0.yahoodns.net:25
INFO: [ app_init ] --START--
INFO: Run Behavior\BuildLiteBehavior [ RunTime:0.000036s ]
INFO: [ app_init ] --END-- [ RunTime:0.019859s ]
INFO: [ app_begin ] --START--
INFO: Run Behavior\ReadHtmlCacheBehavior [ RunTime:0.046661s ]
INFO: [ app_begin ] --END-- [ RunTime:0.046824s ]
SQL: SHOW COLUMNS FROM `adv` [ RunTime:0.0143s ]
ERR: Redis server went away

[ 2017-02-11T19:18:13+08:00 ] 1.162.238.217 mx-tw.mail.gm0.yahoodns.net:25
INFO: [ app_init ] --START--
INFO: Run Behavior\BuildLiteBehavior [ RunTime:0.000052s ]
INFO: [ app_init ] --END-- [ RunTime:0.013608s ]
INFO: [ app_begin ] --START--
INFO: Run Behavior\ReadHtmlCacheBehavior [ RunTime:0.016854s ]
INFO: [ app_begin ] --END-- [ RunTime:0.016998s ]
SQL: SHOW COLUMNS FROM `adv` [ RunTime:0.0203s ]
ERR: Redis server went away

[ 2017-02-11T19:18:58+08:00 ] 1.162.238.217 mx-tw.mail.gm0.yahoodns.net:25
INFO: [ app_init ] --START--
INFO: Run Behavior\BuildLiteBehavior [ RunTime:0.000037s ]
INFO: [ app_init ] --END-- [ RunTime:0.016886s ]
INFO: [ app_begin ] --START--
INFO: Run Behavior\ReadHtmlCacheBehavior [ RunTime:0.018787s ]
INFO: [ app_begin ] --END-- [ RunTime:0.018917s ]
SQL: SHOW COLUMNS FROM `adv` [ RunTime:0.0127s ]
ERR: Redis server went away

[ 2017-02-11T19:44:48+08:00 ] 1.162.238.217 mx-tw.mail.gm0.yahoodns.net:25
INFO: [ app_init ] --START--
INFO: Run Behavior\BuildLiteBehavior [ RunTime:0.000045s ]
INFO: [ app_init ] --END-- [ RunTime:0.012970s ]
INFO: [ app_begin ] --START--
INFO: Run Behavior\ReadHtmlCacheBehavior [ RunTime:0.030418s ]
INFO: [ app_begin ] --END-- [ RunTime:0.030690s ]
SQL: SHOW COLUMNS FROM `adv` [ RunTime:0.0094s ]
ERR: Redis server went away

[ 2017-02-11T20:10:26+08:00 ] 1.162.238.217 mx-tw.mail.gm0.yahoodns.net:25
INFO: [ app_init ] --START--
INFO: Run Behavior\BuildLiteBehavior [ RunTime:0.000041s ]
INFO: [ app_init ] --END-- [ RunTime:0.030543s ]
INFO: [ app_begin ] --START--
INFO: Run Behavior\ReadHtmlCacheBehavior [ RunTime:0.020806s ]
INFO: [ app_begin ] --END-- [ RunTime:0.020936s ]
SQL: SHOW COLUMNS FROM `adv` [ RunTime:0.0074s ]
ERR: Redis server went away

[ 2017-02-11T20:11:13+08:00 ] 1.162.238.217 mx-tw.mail.gm0.yahoodns.net:25
INFO: [ app_init ] --START--
INFO: Run Behavior\BuildLiteBehavior [ RunTime:0.000044s ]
INFO: [ app_init ] --END-- [ RunTime:0.022025s ]
INFO: [ app_begin ] --START--
INFO: Run Behavior\ReadHtmlCacheBehavior [ RunTime:0.033657s ]
INFO: [ app_begin ] --END-- [ RunTime:0.033815s ]
SQL: SHOW COLUMNS FROM `adv` [ RunTime:0.0192s ]
ERR: Redis server went away

[ 2017-02-11T20:14:27+08:00 ] 114.215.45.101 /
INFO: [ app_init ] --START--
INFO: Run Behavior\BuildLiteBehavior [ RunTime:0.000067s ]
INFO: [ app_init ] --END-- [ RunTime:0.031555s ]
INFO: [ app_begin ] --START--
INFO: Run Behavior\ReadHtmlCacheBehavior [ RunTime:0.031664s ]
INFO: [ app_begin ] --END-- [ RunTime:0.031808s ]
SQL: SHOW COLUMNS FROM `adv` [ RunTime:0.0143s ]
ERR: Redis server went away

[ 2017-02-11T20:37:12+08:00 ] 1.162.238.217 mx-tw.mail.gm0.yahoodns.net:25
INFO: [ app_init ] --START--
INFO: Run Behavior\BuildLiteBehavior [ RunTime:0.000034s ]
INFO: [ app_init ] --END-- [ RunTime:0.024925s ]
INFO: [ app_begin ] --START--
INFO: Run Behavior\ReadHtmlCacheBehavior [ RunTime:0.019474s ]
INFO: [ app_begin ] --END-- [ RunTime:0.019599s ]
SQL: SHOW COLUMNS FROM `adv` [ RunTime:0.0170s ]
ERR: Redis server went away

[ 2017-02-11T21:02:53+08:00 ] 1.162.238.217 mx-tw.mail.gm0.yahoodns.net:25
INFO: [ app_init ] --START--
INFO: Run Behavior\BuildLiteBehavior [ RunTime:0.000036s ]
INFO: [ app_init ] --END-- [ RunTime:0.025883s ]
INFO: [ app_begin ] --START--
INFO: Run Behavior\ReadHtmlCacheBehavior [ RunTime:0.019878s ]
INFO: [ app_begin ] --END-- [ RunTime:0.020043s ]
SQL: SHOW COLUMNS FROM `adv` [ RunTime:0.0206s ]
ERR: Redis server went away

[ 2017-02-11T21:55:03+08:00 ] 1.162.238.217 mx-tw.mail.gm0.yahoodns.net:25
INFO: [ app_init ] --START--
INFO: Run Behavior\BuildLiteBehavior [ RunTime:0.000040s ]
INFO: [ app_init ] --END-- [ RunTime:0.033384s ]
INFO: [ app_begin ] --START--
INFO: Run Behavior\ReadHtmlCacheBehavior [ RunTime:0.026947s ]
INFO: [ app_begin ] --END-- [ RunTime:0.027902s ]
SQL: SHOW COLUMNS FROM `adv` [ RunTime:0.0075s ]
ERR: Redis server went away

[ 2017-02-11T21:55:52+08:00 ] 1.162.238.217 mx-tw.mail.gm0.yahoodns.net:25
INFO: [ app_init ] --START--
INFO: Run Behavior\BuildLiteBehavior [ RunTime:0.000036s ]
INFO: [ app_init ] --END-- [ RunTime:0.013970s ]
INFO: [ app_begin ] --START--
INFO: Run Behavior\ReadHtmlCacheBehavior [ RunTime:0.037577s ]
INFO: [ app_begin ] --END-- [ RunTime:0.037740s ]
SQL: SHOW COLUMNS FROM `adv` [ RunTime:0.0128s ]
ERR: Redis server went away

[ 2017-02-11T22:20:53+08:00 ] 1.162.238.217 mx-tw.mail.gm0.yahoodns.net:25
INFO: [ app_init ] --START--
INFO: Run Behavior\BuildLiteBehavior [ RunTime:0.000040s ]
INFO: [ app_init ] --END-- [ RunTime:0.019954s ]
INFO: [ app_begin ] --START--
INFO: Run Behavior\ReadHtmlCacheBehavior [ RunTime:0.040638s ]
INFO: [ app_begin ] --END-- [ RunTime:0.040784s ]
SQL: SHOW COLUMNS FROM `adv` [ RunTime:0.0184s ]
ERR: Redis server went away

[ 2017-02-11T22:21:39+08:00 ] 1.162.238.217 mx-tw.mail.gm0.yahoodns.net:25
INFO: [ app_init ] --START--
INFO: Run Behavior\BuildLiteBehavior [ RunTime:0.000041s ]
INFO: [ app_init ] --END-- [ RunTime:0.014011s ]
INFO: [ app_begin ] --START--
INFO: Run Behavior\ReadHtmlCacheBehavior [ RunTime:0.031549s ]
INFO: [ app_begin ] --END-- [ RunTime:0.031712s ]
SQL: SHOW COLUMNS FROM `adv` [ RunTime:0.0091s ]
ERR: Redis server went away

[ 2017-02-11T22:47:29+08:00 ] 1.162.238.217 mx-tw.mail.gm0.yahoodns.net:25
INFO: [ app_init ] --START--
INFO: Run Behavior\BuildLiteBehavior [ RunTime:0.000021s ]
INFO: [ app_init ] --END-- [ RunTime:0.000387s ]
INFO: [ app_begin ] --START--
INFO: Run Behavior\ReadHtmlCacheBehavior [ RunTime:0.032621s ]
INFO: [ app_begin ] --END-- [ RunTime:0.032780s ]
SQL: SHOW COLUMNS FROM `adv` [ RunTime:0.0104s ]
ERR: Redis server went away

[ 2017-02-11T23:13:14+08:00 ] 1.162.238.217 mx-tw.mail.gm0.yahoodns.net:25
INFO: [ app_init ] --START--
INFO: Run Behavior\BuildLiteBehavior [ RunTime:0.000045s ]
INFO: [ app_init ] --END-- [ RunTime:0.013549s ]
INFO: [ app_begin ] --START--
INFO: Run Behavior\ReadHtmlCacheBehavior [ RunTime:0.022345s ]
INFO: [ app_begin ] --END-- [ RunTime:0.022488s ]
SQL: SHOW COLUMNS FROM `adv` [ RunTime:0.0250s ]
ERR: Redis server went away

