[ 2017-01-22T00:03:43+08:00 ] 111.251.95.92 mx-tw.mail.gm0.yahoodns.net:25
INFO: [ app_init ] --START--
INFO: Run Behavior\BuildLiteBehavior [ RunTime:0.000021s ]
INFO: [ app_init ] --END-- [ RunTime:0.000370s ]
INFO: [ app_begin ] --START--
INFO: Run Behavior\ReadHtmlCacheBehavior [ RunTime:0.013879s ]
INFO: [ app_begin ] --END-- [ RunTime:0.014051s ]
SQL: SHOW COLUMNS FROM `adv` [ RunTime:0.0151s ]
ERR: Redis server went away

[ 2017-01-22T00:04:41+08:00 ] 111.251.95.92 mx-tw.mail.gm0.yahoodns.net:25
INFO: [ app_init ] --START--
INFO: Run Behavior\BuildLiteBehavior [ RunTime:0.000084s ]
INFO: [ app_init ] --END-- [ RunTime:0.021633s ]
INFO: [ app_begin ] --START--
INFO: Run Behavior\ReadHtmlCacheBehavior [ RunTime:0.014818s ]
INFO: [ app_begin ] --END-- [ RunTime:0.015011s ]
SQL: SHOW COLUMNS FROM `adv` [ RunTime:0.0197s ]
ERR: Redis server went away

[ 2017-01-22T00:05:47+08:00 ] 111.251.95.92 mx-tw.mail.gm0.yahoodns.net:25
INFO: [ app_init ] --START--
INFO: Run Behavior\BuildLiteBehavior [ RunTime:0.000030s ]
INFO: [ app_init ] --END-- [ RunTime:0.010628s ]
INFO: [ app_begin ] --START--
INFO: Run Behavior\ReadHtmlCacheBehavior [ RunTime:0.024822s ]
INFO: [ app_begin ] --END-- [ RunTime:0.025033s ]
SQL: SHOW COLUMNS FROM `adv` [ RunTime:0.0139s ]
ERR: Redis server went away

[ 2017-01-22T00:23:42+08:00 ] 111.251.95.92 mx-tw.mail.gm0.yahoodns.net:25
INFO: [ app_init ] --START--
INFO: Run Behavior\BuildLiteBehavior [ RunTime:0.000033s ]
INFO: [ app_init ] --END-- [ RunTime:0.014501s ]
INFO: [ app_begin ] --START--
INFO: Run Behavior\ReadHtmlCacheBehavior [ RunTime:0.000562s ]
INFO: [ app_begin ] --END-- [ RunTime:0.000648s ]
SQL: SHOW COLUMNS FROM `adv` [ RunTime:0.0142s ]
ERR: Redis server went away

[ 2017-01-22T00:24:49+08:00 ] 111.251.95.92 mx-tw.mail.gm0.yahoodns.net:25
INFO: [ app_init ] --START--
INFO: Run Behavior\BuildLiteBehavior [ RunTime:0.000043s ]
INFO: [ app_init ] --END-- [ RunTime:0.023378s ]
INFO: [ app_begin ] --START--
INFO: Run Behavior\ReadHtmlCacheBehavior [ RunTime:0.040634s ]
INFO: [ app_begin ] --END-- [ RunTime:0.040782s ]
SQL: SHOW COLUMNS FROM `adv` [ RunTime:0.0210s ]
ERR: Redis server went away

[ 2017-01-22T00:34:51+08:00 ] 91.223.133.17 /
INFO: [ app_init ] --START--
INFO: Run Behavior\BuildLiteBehavior [ RunTime:0.000032s ]
INFO: [ app_init ] --END-- [ RunTime:0.016459s ]
INFO: [ app_begin ] --START--
INFO: Run Behavior\ReadHtmlCacheBehavior [ RunTime:0.037586s ]
INFO: [ app_begin ] --END-- [ RunTime:0.037782s ]
SQL: SHOW COLUMNS FROM `adv` [ RunTime:0.0137s ]
ERR: Redis server went away

[ 2017-01-22T00:43:56+08:00 ] 111.251.95.92 mx-tw.mail.gm0.yahoodns.net:25
INFO: [ app_init ] --START--
INFO: Run Behavior\BuildLiteBehavior [ RunTime:0.000035s ]
INFO: [ app_init ] --END-- [ RunTime:0.016268s ]
INFO: [ app_begin ] --START--
INFO: Run Behavior\ReadHtmlCacheBehavior [ RunTime:0.023806s ]
INFO: [ app_begin ] --END-- [ RunTime:0.023929s ]
SQL: SHOW COLUMNS FROM `adv` [ RunTime:0.0315s ]
ERR: Redis server went away

[ 2017-01-22T01:01:30+08:00 ] 183.129.160.229 /
INFO: [ app_init ] --START--
INFO: Run Behavior\BuildLiteBehavior [ RunTime:0.000044s ]
INFO: [ app_init ] --END-- [ RunTime:0.013976s ]
INFO: [ app_begin ] --START--
INFO: Run Behavior\ReadHtmlCacheBehavior [ RunTime:0.020716s ]
INFO: [ app_begin ] --END-- [ RunTime:0.020841s ]
SQL: SHOW COLUMNS FROM `adv` [ RunTime:0.0114s ]
ERR: Redis server went away

[ 2017-01-22T01:04:04+08:00 ] 111.251.95.92 mx-tw.mail.gm0.yahoodns.net:25
INFO: [ app_init ] --START--
INFO: Run Behavior\BuildLiteBehavior [ RunTime:0.000044s ]
INFO: [ app_init ] --END-- [ RunTime:0.021673s ]
INFO: [ app_begin ] --START--
INFO: Run Behavior\ReadHtmlCacheBehavior [ RunTime:0.019782s ]
INFO: [ app_begin ] --END-- [ RunTime:0.019911s ]
SQL: SHOW COLUMNS FROM `adv` [ RunTime:0.0063s ]
ERR: Redis server went away

[ 2017-01-22T01:05:36+08:00 ] 23.251.63.45 www.baidu.com:443
INFO: [ app_init ] --START--
INFO: Run Behavior\BuildLiteBehavior [ RunTime:0.000054s ]
INFO: [ app_init ] --END-- [ RunTime:0.032435s ]
INFO: [ app_begin ] --START--
INFO: Run Behavior\ReadHtmlCacheBehavior [ RunTime:0.027585s ]
INFO: [ app_begin ] --END-- [ RunTime:0.027719s ]
SQL: SHOW COLUMNS FROM `adv` [ RunTime:0.0210s ]
ERR: Redis server went away

[ 2017-01-22T01:22:28+08:00 ] 121.42.150.103 search.yahoo.com:443
INFO: [ app_init ] --START--
INFO: Run Behavior\BuildLiteBehavior [ RunTime:0.000036s ]
INFO: [ app_init ] --END-- [ RunTime:0.019968s ]
INFO: [ app_begin ] --START--
INFO: Run Behavior\ReadHtmlCacheBehavior [ RunTime:0.020272s ]
INFO: [ app_begin ] --END-- [ RunTime:0.020472s ]
SQL: SHOW COLUMNS FROM `adv` [ RunTime:0.0076s ]
ERR: Redis server went away

[ 2017-01-22T01:24:05+08:00 ] 111.251.95.92 mx-tw.mail.gm0.yahoodns.net:25
INFO: [ app_init ] --START--
INFO: Run Behavior\BuildLiteBehavior [ RunTime:0.000037s ]
INFO: [ app_init ] --END-- [ RunTime:0.015786s ]
INFO: [ app_begin ] --START--
INFO: Run Behavior\ReadHtmlCacheBehavior [ RunTime:0.033876s ]
INFO: [ app_begin ] --END-- [ RunTime:0.034030s ]
SQL: SHOW COLUMNS FROM `adv` [ RunTime:0.0301s ]
ERR: Redis server went away

[ 2017-01-22T01:25:14+08:00 ] 111.251.95.92 mx-tw.mail.gm0.yahoodns.net:25
INFO: [ app_init ] --START--
INFO: Run Behavior\BuildLiteBehavior [ RunTime:0.000060s ]
INFO: [ app_init ] --END-- [ RunTime:0.020102s ]
INFO: [ app_begin ] --START--
INFO: Run Behavior\ReadHtmlCacheBehavior [ RunTime:0.028547s ]
INFO: [ app_begin ] --END-- [ RunTime:0.028733s ]
SQL: SHOW COLUMNS FROM `adv` [ RunTime:0.0173s ]
ERR: Redis server went away

[ 2017-01-22T01:40:29+08:00 ] 107.198.116.105 /
INFO: [ app_init ] --START--
INFO: Run Behavior\BuildLiteBehavior [ RunTime:0.000022s ]
INFO: [ app_init ] --END-- [ RunTime:0.000425s ]
INFO: [ app_begin ] --START--
INFO: Run Behavior\ReadHtmlCacheBehavior [ RunTime:0.037721s ]
INFO: [ app_begin ] --END-- [ RunTime:0.037917s ]
SQL: SHOW COLUMNS FROM `adv` [ RunTime:0.0017s ]
ERR: Redis server went away

[ 2017-01-22T01:44:29+08:00 ] 111.251.95.92 mx-tw.mail.gm0.yahoodns.net:25
INFO: [ app_init ] --START--
INFO: Run Behavior\BuildLiteBehavior [ RunTime:0.000033s ]
INFO: [ app_init ] --END-- [ RunTime:0.019813s ]
INFO: [ app_begin ] --START--
INFO: Run Behavior\ReadHtmlCacheBehavior [ RunTime:0.022770s ]
INFO: [ app_begin ] --END-- [ RunTime:0.022903s ]
SQL: SHOW COLUMNS FROM `adv` [ RunTime:0.0310s ]
ERR: Redis server went away

[ 2017-01-22T01:45:16+08:00 ] 111.251.95.92 mx-tw.mail.gm0.yahoodns.net:25
INFO: [ app_init ] --START--
INFO: Run Behavior\BuildLiteBehavior [ RunTime:0.000036s ]
INFO: [ app_init ] --END-- [ RunTime:0.023836s ]
INFO: [ app_begin ] --START--
INFO: Run Behavior\ReadHtmlCacheBehavior [ RunTime:0.031376s ]
INFO: [ app_begin ] --END-- [ RunTime:0.031476s ]
SQL: SHOW COLUMNS FROM `adv` [ RunTime:0.0280s ]
ERR: Redis server went away

[ 2017-01-22T01:58:21+08:00 ] 23.247.27.19 /
INFO: [ app_init ] --START--
INFO: Run Behavior\BuildLiteBehavior [ RunTime:0.000046s ]
INFO: [ app_init ] --END-- [ RunTime:0.028577s ]
INFO: [ app_begin ] --START--
INFO: Run Behavior\ReadHtmlCacheBehavior [ RunTime:0.020114s ]
INFO: [ app_begin ] --END-- [ RunTime:0.020260s ]
SQL: SHOW COLUMNS FROM `adv` [ RunTime:0.0201s ]
ERR: Redis server went away

[ 2017-01-22T02:04:36+08:00 ] 111.251.95.92 mx-tw.mail.gm0.yahoodns.net:25
INFO: [ app_init ] --START--
INFO: Run Behavior\BuildLiteBehavior [ RunTime:0.000020s ]
INFO: [ app_init ] --END-- [ RunTime:0.000356s ]
INFO: [ app_begin ] --START--
INFO: Run Behavior\ReadHtmlCacheBehavior [ RunTime:0.018823s ]
INFO: [ app_begin ] --END-- [ RunTime:0.019029s ]
SQL: SHOW COLUMNS FROM `adv` [ RunTime:0.0174s ]
ERR: Redis server went away

[ 2017-01-22T02:25:09+08:00 ] 111.251.95.92 mx-tw.mail.gm0.yahoodns.net:25
INFO: [ app_init ] --START--
INFO: Run Behavior\BuildLiteBehavior [ RunTime:0.000034s ]
INFO: [ app_init ] --END-- [ RunTime:0.024500s ]
INFO: [ app_begin ] --START--
INFO: Run Behavior\ReadHtmlCacheBehavior [ RunTime:0.015966s ]
INFO: [ app_begin ] --END-- [ RunTime:0.016113s ]
SQL: SHOW COLUMNS FROM `adv` [ RunTime:0.0143s ]
ERR: Redis server went away

[ 2017-01-22T02:25:48+08:00 ] 111.251.95.92 mx-tw.mail.gm0.yahoodns.net:25
INFO: [ app_init ] --START--
INFO: Run Behavior\BuildLiteBehavior [ RunTime:0.000084s ]
INFO: [ app_init ] --END-- [ RunTime:0.020118s ]
INFO: [ app_begin ] --START--
INFO: Run Behavior\ReadHtmlCacheBehavior [ RunTime:0.033868s ]
INFO: [ app_begin ] --END-- [ RunTime:0.034049s ]
SQL: SHOW COLUMNS FROM `adv` [ RunTime:0.0151s ]
ERR: Redis server went away

[ 2017-01-22T02:44:52+08:00 ] 111.251.95.92 mx-tw.mail.gm0.yahoodns.net:25
INFO: [ app_init ] --START--
INFO: Run Behavior\BuildLiteBehavior [ RunTime:0.000076s ]
INFO: [ app_init ] --END-- [ RunTime:0.021064s ]
INFO: [ app_begin ] --START--
INFO: Run Behavior\ReadHtmlCacheBehavior [ RunTime:0.025732s ]
INFO: [ app_begin ] --END-- [ RunTime:0.025892s ]
SQL: SHOW COLUMNS FROM `adv` [ RunTime:0.0180s ]
ERR: Redis server went away

[ 2017-01-22T02:45:38+08:00 ] 111.251.95.92 mx-tw.mail.gm0.yahoodns.net:25
INFO: [ app_init ] --START--
INFO: Run Behavior\BuildLiteBehavior [ RunTime:0.000037s ]
INFO: [ app_init ] --END-- [ RunTime:0.016004s ]
INFO: [ app_begin ] --START--
INFO: Run Behavior\ReadHtmlCacheBehavior [ RunTime:0.029847s ]
INFO: [ app_begin ] --END-- [ RunTime:0.030047s ]
SQL: SHOW COLUMNS FROM `adv` [ RunTime:0.0072s ]
ERR: Redis server went away

[ 2017-01-22T03:04:59+08:00 ] 111.251.95.92 mx-tw.mail.gm0.yahoodns.net:25
INFO: [ app_init ] --START--
INFO: Run Behavior\BuildLiteBehavior [ RunTime:0.000036s ]
INFO: [ app_init ] --END-- [ RunTime:0.012064s ]
INFO: [ app_begin ] --START--
INFO: Run Behavior\ReadHtmlCacheBehavior [ RunTime:0.020804s ]
INFO: [ app_begin ] --END-- [ RunTime:0.021026s ]
SQL: SHOW COLUMNS FROM `adv` [ RunTime:0.0077s ]
ERR: Redis server went away

[ 2017-01-22T03:25:17+08:00 ] 111.251.95.92 mx-tw.mail.gm0.yahoodns.net:25
INFO: [ app_init ] --START--
INFO: Run Behavior\BuildLiteBehavior [ RunTime:0.000073s ]
INFO: [ app_init ] --END-- [ RunTime:0.015258s ]
INFO: [ app_begin ] --START--
INFO: Run Behavior\ReadHtmlCacheBehavior [ RunTime:0.041818s ]
INFO: [ app_begin ] --END-- [ RunTime:0.042013s ]
SQL: SHOW COLUMNS FROM `adv` [ RunTime:0.0072s ]
ERR: Redis server went away

[ 2017-01-22T03:26:08+08:00 ] 111.251.95.92 mx-tw.mail.gm0.yahoodns.net:25
INFO: [ app_init ] --START--
INFO: Run Behavior\BuildLiteBehavior [ RunTime:0.000039s ]
INFO: [ app_init ] --END-- [ RunTime:0.010149s ]
INFO: [ app_begin ] --START--
INFO: Run Behavior\ReadHtmlCacheBehavior [ RunTime:0.038702s ]
INFO: [ app_begin ] --END-- [ RunTime:0.038844s ]
SQL: SHOW COLUMNS FROM `adv` [ RunTime:0.0228s ]
ERR: Redis server went away

[ 2017-01-22T03:46:04+08:00 ] 111.251.95.92 mx-tw.mail.gm0.yahoodns.net:25
INFO: [ app_init ] --START--
INFO: Run Behavior\BuildLiteBehavior [ RunTime:0.000037s ]
INFO: [ app_init ] --END-- [ RunTime:0.013017s ]
INFO: [ app_begin ] --START--
INFO: Run Behavior\ReadHtmlCacheBehavior [ RunTime:0.018856s ]
INFO: [ app_begin ] --END-- [ RunTime:0.019006s ]
SQL: SHOW COLUMNS FROM `adv` [ RunTime:0.0120s ]
ERR: Redis server went away

[ 2017-01-22T03:49:34+08:00 ] 23.247.27.12 /
INFO: [ app_init ] --START--
INFO: Run Behavior\BuildLiteBehavior [ RunTime:0.000047s ]
INFO: [ app_init ] --END-- [ RunTime:0.015115s ]
INFO: [ app_begin ] --START--
INFO: Run Behavior\ReadHtmlCacheBehavior [ RunTime:0.021798s ]
INFO: [ app_begin ] --END-- [ RunTime:0.022010s ]
SQL: SHOW COLUMNS FROM `adv` [ RunTime:0.0044s ]
ERR: Redis server went away

[ 2017-01-22T04:04:34+08:00 ] 189.223.193.147 /
INFO: [ app_init ] --START--
INFO: Run Behavior\BuildLiteBehavior [ RunTime:0.000044s ]
INFO: [ app_init ] --END-- [ RunTime:0.012985s ]
INFO: [ app_begin ] --START--
INFO: Run Behavior\ReadHtmlCacheBehavior [ RunTime:0.032656s ]
INFO: [ app_begin ] --END-- [ RunTime:0.032824s ]
SQL: SHOW COLUMNS FROM `adv` [ RunTime:0.0079s ]
ERR: Redis server went away

[ 2017-01-22T04:05:48+08:00 ] 111.251.95.92 mx-tw.mail.gm0.yahoodns.net:25
INFO: [ app_init ] --START--
INFO: Run Behavior\BuildLiteBehavior [ RunTime:0.000082s ]
INFO: [ app_init ] --END-- [ RunTime:0.021024s ]
INFO: [ app_begin ] --START--
INFO: Run Behavior\ReadHtmlCacheBehavior [ RunTime:0.023844s ]
INFO: [ app_begin ] --END-- [ RunTime:0.024025s ]
SQL: SHOW COLUMNS FROM `adv` [ RunTime:0.0072s ]
ERR: Redis server went away

[ 2017-01-22T04:14:30+08:00 ] 60.169.77.130 http://14.215.177.37/
INFO: [ app_init ] --START--
INFO: Run Behavior\BuildLiteBehavior [ RunTime:0.000075s ]
INFO: [ app_init ] --END-- [ RunTime:0.017631s ]
INFO: [ app_begin ] --START--
INFO: Run Behavior\ReadHtmlCacheBehavior [ RunTime:0.032348s ]
INFO: [ app_begin ] --END-- [ RunTime:0.032483s ]
SQL: SHOW COLUMNS FROM `adv` [ RunTime:0.0086s ]
ERR: Redis server went away

[ 2017-01-22T04:26:07+08:00 ] 111.251.95.92 mx-tw.mail.gm0.yahoodns.net:25
INFO: [ app_init ] --START--
INFO: Run Behavior\BuildLiteBehavior [ RunTime:0.000066s ]
INFO: [ app_init ] --END-- [ RunTime:0.019105s ]
INFO: [ app_begin ] --START--
INFO: Run Behavior\ReadHtmlCacheBehavior [ RunTime:0.035507s ]
INFO: [ app_begin ] --END-- [ RunTime:0.035688s ]
SQL: SHOW COLUMNS FROM `adv` [ RunTime:0.0091s ]
ERR: Redis server went away

[ 2017-01-22T04:27:13+08:00 ] 111.251.95.92 mx-tw.mail.gm0.yahoodns.net:25
INFO: [ app_init ] --START--
INFO: Run Behavior\BuildLiteBehavior [ RunTime:0.000047s ]
INFO: [ app_init ] --END-- [ RunTime:0.019953s ]
INFO: [ app_begin ] --START--
INFO: Run Behavior\ReadHtmlCacheBehavior [ RunTime:0.027223s ]
INFO: [ app_begin ] --END-- [ RunTime:0.027355s ]
SQL: SHOW COLUMNS FROM `adv` [ RunTime:0.0088s ]
ERR: Redis server went away

[ 2017-01-22T04:46:20+08:00 ] 111.251.95.92 mx-tw.mail.gm0.yahoodns.net:25
INFO: [ app_init ] --START--
INFO: Run Behavior\BuildLiteBehavior [ RunTime:0.000062s ]
INFO: [ app_init ] --END-- [ RunTime:0.017961s ]
INFO: [ app_begin ] --START--
INFO: Run Behavior\ReadHtmlCacheBehavior [ RunTime:0.036593s ]
INFO: [ app_begin ] --END-- [ RunTime:0.036844s ]
SQL: SHOW COLUMNS FROM `adv` [ RunTime:0.0193s ]
ERR: Redis server went away

[ 2017-01-22T04:46:56+08:00 ] 111.251.95.92 mx-tw.mail.gm0.yahoodns.net:25
INFO: [ app_init ] --START--
INFO: Run Behavior\BuildLiteBehavior [ RunTime:0.000043s ]
INFO: [ app_init ] --END-- [ RunTime:0.015083s ]
INFO: [ app_begin ] --START--
INFO: Run Behavior\ReadHtmlCacheBehavior [ RunTime:0.019167s ]
INFO: [ app_begin ] --END-- [ RunTime:0.019363s ]
SQL: SHOW COLUMNS FROM `adv` [ RunTime:0.0073s ]
ERR: Redis server went away

[ 2017-01-22T05:22:20+08:00 ] 23.251.63.45 http://proxyjudge.us/
INFO: [ app_init ] --START--
INFO: Run Behavior\BuildLiteBehavior [ RunTime:0.000089s ]
INFO: [ app_init ] --END-- [ RunTime:0.013202s ]
INFO: [ app_begin ] --START--
INFO: Run Behavior\ReadHtmlCacheBehavior [ RunTime:0.025995s ]
INFO: [ app_begin ] --END-- [ RunTime:0.026164s ]
SQL: SHOW COLUMNS FROM `adv` [ RunTime:0.0263s ]
ERR: Redis server went away

[ 2017-01-22T05:22:21+08:00 ] 23.251.63.45 www.baidu.com:443
INFO: [ app_init ] --START--
INFO: Run Behavior\BuildLiteBehavior [ RunTime:0.000045s ]
INFO: [ app_init ] --END-- [ RunTime:0.034804s ]
INFO: [ app_begin ] --START--
INFO: Run Behavior\ReadHtmlCacheBehavior [ RunTime:0.028328s ]
INFO: [ app_begin ] --END-- [ RunTime:0.028539s ]
SQL: SHOW COLUMNS FROM `adv` [ RunTime:0.0110s ]
ERR: Redis server went away

[ 2017-01-22T05:26:45+08:00 ] 111.251.95.92 mx-tw.mail.gm0.yahoodns.net:25
INFO: [ app_init ] --START--
INFO: Run Behavior\BuildLiteBehavior [ RunTime:0.000039s ]
INFO: [ app_init ] --END-- [ RunTime:0.024831s ]
INFO: [ app_begin ] --START--
INFO: Run Behavior\ReadHtmlCacheBehavior [ RunTime:0.025447s ]
INFO: [ app_begin ] --END-- [ RunTime:0.025591s ]
SQL: SHOW COLUMNS FROM `adv` [ RunTime:0.0093s ]
ERR: Redis server went away

[ 2017-01-22T05:27:44+08:00 ] 111.251.95.92 mx-tw.mail.gm0.yahoodns.net:25
INFO: [ app_init ] --START--
INFO: Run Behavior\BuildLiteBehavior [ RunTime:0.000069s ]
INFO: [ app_init ] --END-- [ RunTime:0.015226s ]
INFO: [ app_begin ] --START--
INFO: Run Behavior\ReadHtmlCacheBehavior [ RunTime:0.016796s ]
INFO: [ app_begin ] --END-- [ RunTime:0.016945s ]
SQL: SHOW COLUMNS FROM `adv` [ RunTime:0.0148s ]
ERR: Redis server went away

[ 2017-01-22T05:35:10+08:00 ] 23.228.118.221 /
INFO: [ app_init ] --START--
INFO: Run Behavior\BuildLiteBehavior [ RunTime:0.000033s ]
INFO: [ app_init ] --END-- [ RunTime:0.025326s ]
INFO: [ app_begin ] --START--
INFO: Run Behavior\ReadHtmlCacheBehavior [ RunTime:0.037581s ]
INFO: [ app_begin ] --END-- [ RunTime:0.037782s ]
SQL: SHOW COLUMNS FROM `adv` [ RunTime:0.0211s ]
ERR: Redis server went away

[ 2017-01-22T05:47:33+08:00 ] 111.251.95.92 mx-tw.mail.gm0.yahoodns.net:25
INFO: [ app_init ] --START--
INFO: Run Behavior\BuildLiteBehavior [ RunTime:0.000031s ]
INFO: [ app_init ] --END-- [ RunTime:0.028009s ]
INFO: [ app_begin ] --START--
INFO: Run Behavior\ReadHtmlCacheBehavior [ RunTime:0.037271s ]
INFO: [ app_begin ] --END-- [ RunTime:0.037438s ]
SQL: SHOW COLUMNS FROM `adv` [ RunTime:0.0190s ]
ERR: Redis server went away

[ 2017-01-22T06:07:40+08:00 ] 111.251.95.92 mx-tw.mail.gm0.yahoodns.net:25
INFO: [ app_init ] --START--
INFO: Run Behavior\BuildLiteBehavior [ RunTime:0.000036s ]
INFO: [ app_init ] --END-- [ RunTime:0.013020s ]
INFO: [ app_begin ] --START--
INFO: Run Behavior\ReadHtmlCacheBehavior [ RunTime:0.029595s ]
INFO: [ app_begin ] --END-- [ RunTime:0.029760s ]
SQL: SHOW COLUMNS FROM `adv` [ RunTime:0.0137s ]
ERR: Redis server went away

[ 2017-01-22T06:08:24+08:00 ] 111.251.95.92 mx-tw.mail.gm0.yahoodns.net:25
INFO: [ app_init ] --START--
INFO: Run Behavior\BuildLiteBehavior [ RunTime:0.000033s ]
INFO: [ app_init ] --END-- [ RunTime:0.026908s ]
INFO: [ app_begin ] --START--
INFO: Run Behavior\ReadHtmlCacheBehavior [ RunTime:0.029317s ]
INFO: [ app_begin ] --END-- [ RunTime:0.029420s ]
SQL: SHOW COLUMNS FROM `adv` [ RunTime:0.0184s ]
ERR: Redis server went away

[ 2017-01-22T06:28:03+08:00 ] 111.251.95.92 mx-tw.mail.gm0.yahoodns.net:25
INFO: [ app_init ] --START--
INFO: Run Behavior\BuildLiteBehavior [ RunTime:0.000033s ]
INFO: [ app_init ] --END-- [ RunTime:0.012663s ]
INFO: [ app_begin ] --START--
INFO: Run Behavior\ReadHtmlCacheBehavior [ RunTime:0.040651s ]
INFO: [ app_begin ] --END-- [ RunTime:0.040892s ]
SQL: SHOW COLUMNS FROM `adv` [ RunTime:0.0331s ]
ERR: Redis server went away

[ 2017-01-22T06:47:39+08:00 ] 111.251.95.92 mx-tw.mail.gm0.yahoodns.net:25
INFO: [ app_init ] --START--
INFO: Run Behavior\BuildLiteBehavior [ RunTime:0.000021s ]
INFO: [ app_init ] --END-- [ RunTime:0.000375s ]
INFO: [ app_begin ] --START--
INFO: Run Behavior\ReadHtmlCacheBehavior [ RunTime:0.013085s ]
INFO: [ app_begin ] --END-- [ RunTime:0.036276s ]
SQL: SHOW COLUMNS FROM `adv` [ RunTime:0.0100s ]
ERR: Redis server went away

[ 2017-01-22T06:48:50+08:00 ] 111.251.95.92 mx-tw.mail.gm0.yahoodns.net:25
INFO: [ app_init ] --START--
INFO: Run Behavior\BuildLiteBehavior [ RunTime:0.000083s ]
INFO: [ app_init ] --END-- [ RunTime:0.021123s ]
INFO: [ app_begin ] --START--
INFO: Run Behavior\ReadHtmlCacheBehavior [ RunTime:0.026821s ]
INFO: [ app_begin ] --END-- [ RunTime:0.026962s ]
SQL: SHOW COLUMNS FROM `adv` [ RunTime:0.0075s ]
ERR: Redis server went away

[ 2017-01-22T06:49:23+08:00 ] 111.251.95.92 mx-tw.mail.gm0.yahoodns.net:25
INFO: [ app_init ] --START--
INFO: Run Behavior\BuildLiteBehavior [ RunTime:0.000033s ]
INFO: [ app_init ] --END-- [ RunTime:0.010912s ]
INFO: [ app_begin ] --START--
INFO: Run Behavior\ReadHtmlCacheBehavior [ RunTime:0.025869s ]
INFO: [ app_begin ] --END-- [ RunTime:0.026042s ]
SQL: SHOW COLUMNS FROM `adv` [ RunTime:0.0103s ]
ERR: Redis server went away

[ 2017-01-22T07:08:18+08:00 ] 111.251.95.92 mx-tw.mail.gm0.yahoodns.net:25
INFO: [ app_init ] --START--
INFO: Run Behavior\BuildLiteBehavior [ RunTime:0.000022s ]
INFO: [ app_init ] --END-- [ RunTime:0.000364s ]
INFO: [ app_begin ] --START--
INFO: Run Behavior\ReadHtmlCacheBehavior [ RunTime:0.022896s ]
INFO: [ app_begin ] --END-- [ RunTime:0.023079s ]
SQL: SHOW COLUMNS FROM `adv` [ RunTime:0.0142s ]
ERR: Redis server went away

[ 2017-01-22T07:09:01+08:00 ] 111.251.95.92 mx-tw.mail.gm0.yahoodns.net:25
INFO: [ app_init ] --START--
INFO: Run Behavior\BuildLiteBehavior [ RunTime:0.000035s ]
INFO: [ app_init ] --END-- [ RunTime:0.022359s ]
INFO: [ app_begin ] --START--
INFO: Run Behavior\ReadHtmlCacheBehavior [ RunTime:0.028369s ]
INFO: [ app_begin ] --END-- [ RunTime:0.028586s ]
SQL: SHOW COLUMNS FROM `adv` [ RunTime:0.0123s ]
ERR: Redis server went away

[ 2017-01-22T07:28:34+08:00 ] 111.251.95.92 mx-tw.mail.gm0.yahoodns.net:25
INFO: [ app_init ] --START--
INFO: Run Behavior\BuildLiteBehavior [ RunTime:0.000034s ]
INFO: [ app_init ] --END-- [ RunTime:0.014124s ]
INFO: [ app_begin ] --START--
INFO: Run Behavior\ReadHtmlCacheBehavior [ RunTime:0.041486s ]
INFO: [ app_begin ] --END-- [ RunTime:0.041665s ]
SQL: SHOW COLUMNS FROM `adv` [ RunTime:0.0077s ]
ERR: Redis server went away

[ 2017-01-22T07:29:21+08:00 ] 111.251.95.92 mx-tw.mail.gm0.yahoodns.net:25
INFO: [ app_init ] --START--
INFO: Run Behavior\BuildLiteBehavior [ RunTime:0.000047s ]
INFO: [ app_init ] --END-- [ RunTime:0.017111s ]
INFO: [ app_begin ] --START--
INFO: Run Behavior\ReadHtmlCacheBehavior [ RunTime:0.030701s ]
INFO: [ app_begin ] --END-- [ RunTime:0.030834s ]
SQL: SHOW COLUMNS FROM `adv` [ RunTime:0.0154s ]
ERR: Redis server went away

[ 2017-01-22T07:30:30+08:00 ] 23.251.63.45 www.baidu.com:443
INFO: [ app_init ] --START--
INFO: Run Behavior\BuildLiteBehavior [ RunTime:0.000068s ]
INFO: [ app_init ] --END-- [ RunTime:0.021899s ]
INFO: [ app_begin ] --START--
INFO: Run Behavior\ReadHtmlCacheBehavior [ RunTime:0.020857s ]
INFO: [ app_begin ] --END-- [ RunTime:0.021069s ]
SQL: SHOW COLUMNS FROM `adv` [ RunTime:0.0071s ]
ERR: Redis server went away

[ 2017-01-22T07:32:54+08:00 ] 42.156.251.187 /
INFO: [ app_init ] --START--
INFO: Run Behavior\BuildLiteBehavior [ RunTime:0.000048s ]
INFO: [ app_init ] --END-- [ RunTime:0.034325s ]
INFO: [ app_begin ] --START--
INFO: Run Behavior\ReadHtmlCacheBehavior [ RunTime:0.041164s ]
INFO: [ app_begin ] --END-- [ RunTime:0.041322s ]
SQL: SHOW COLUMNS FROM `adv` [ RunTime:0.0151s ]
ERR: Redis server went away

[ 2017-01-22T07:49:36+08:00 ] 111.251.95.92 mx-tw.mail.gm0.yahoodns.net:25
INFO: [ app_init ] --START--
INFO: Run Behavior\BuildLiteBehavior [ RunTime:0.000023s ]
INFO: [ app_init ] --END-- [ RunTime:0.000400s ]
INFO: [ app_begin ] --START--
INFO: Run Behavior\ReadHtmlCacheBehavior [ RunTime:0.018874s ]
INFO: [ app_begin ] --END-- [ RunTime:0.019082s ]
SQL: SHOW COLUMNS FROM `adv` [ RunTime:0.0151s ]
ERR: Redis server went away

[ 2017-01-22T08:04:09+08:00 ] 218.75.70.3 /
INFO: [ app_init ] --START--
INFO: Run Behavior\BuildLiteBehavior [ RunTime:0.000061s ]
INFO: [ app_init ] --END-- [ RunTime:0.025796s ]
INFO: [ app_begin ] --START--
INFO: Run Behavior\ReadHtmlCacheBehavior [ RunTime:0.021839s ]
INFO: [ app_begin ] --END-- [ RunTime:0.022019s ]
SQL: SHOW COLUMNS FROM `adv` [ RunTime:0.0096s ]
ERR: Redis server went away

[ 2017-01-22T08:04:46+08:00 ] 121.42.150.103 search.yahoo.com:443
INFO: [ app_init ] --START--
INFO: Run Behavior\BuildLiteBehavior [ RunTime:0.000043s ]
INFO: [ app_init ] --END-- [ RunTime:0.032870s ]
INFO: [ app_begin ] --START--
INFO: Run Behavior\ReadHtmlCacheBehavior [ RunTime:0.036718s ]
INFO: [ app_begin ] --END-- [ RunTime:0.036961s ]
SQL: SHOW COLUMNS FROM `adv` [ RunTime:0.0260s ]
ERR: Redis server went away

[ 2017-01-22T08:09:42+08:00 ] 111.251.95.92 mx-tw.mail.gm0.yahoodns.net:25
INFO: [ app_init ] --START--
INFO: Run Behavior\BuildLiteBehavior [ RunTime:0.000045s ]
INFO: [ app_init ] --END-- [ RunTime:0.013094s ]
INFO: [ app_begin ] --START--
INFO: Run Behavior\ReadHtmlCacheBehavior [ RunTime:0.022488s ]
INFO: [ app_begin ] --END-- [ RunTime:0.033176s ]
SQL: SHOW COLUMNS FROM `adv` [ RunTime:0.0351s ]
ERR: Redis server went away

[ 2017-01-22T08:27:36+08:00 ] 120.24.251.13 /
INFO: [ app_init ] --START--
INFO: Run Behavior\BuildLiteBehavior [ RunTime:0.000048s ]
INFO: [ app_init ] --END-- [ RunTime:0.015534s ]
INFO: [ app_begin ] --START--
INFO: Run Behavior\ReadHtmlCacheBehavior [ RunTime:0.018910s ]
INFO: [ app_begin ] --END-- [ RunTime:0.019140s ]
SQL: SHOW COLUMNS FROM `adv` [ RunTime:0.0007s ]
ERR: Redis server went away

[ 2017-01-22T08:29:17+08:00 ] 111.251.95.92 mx-tw.mail.gm0.yahoodns.net:25
INFO: [ app_init ] --START--
INFO: Run Behavior\BuildLiteBehavior [ RunTime:0.000063s ]
INFO: [ app_init ] --END-- [ RunTime:0.025021s ]
INFO: [ app_begin ] --START--
INFO: Run Behavior\ReadHtmlCacheBehavior [ RunTime:0.032502s ]
INFO: [ app_begin ] --END-- [ RunTime:0.032709s ]
SQL: SHOW COLUMNS FROM `adv` [ RunTime:0.0135s ]
ERR: Redis server went away

[ 2017-01-22T08:49:53+08:00 ] 111.251.95.92 mx-tw.mail.gm0.yahoodns.net:25
INFO: [ app_init ] --START--
INFO: Run Behavior\BuildLiteBehavior [ RunTime:0.000073s ]
INFO: [ app_init ] --END-- [ RunTime:0.011322s ]
INFO: [ app_begin ] --START--
INFO: Run Behavior\ReadHtmlCacheBehavior [ RunTime:0.030705s ]
INFO: [ app_begin ] --END-- [ RunTime:0.030850s ]
SQL: SHOW COLUMNS FROM `adv` [ RunTime:0.0012s ]
ERR: Redis server went away

[ 2017-01-22T08:50:32+08:00 ] 111.251.95.92 mx-tw.mail.gm0.yahoodns.net:25
INFO: [ app_init ] --START--
INFO: Run Behavior\BuildLiteBehavior [ RunTime:0.000047s ]
INFO: [ app_init ] --END-- [ RunTime:0.019707s ]
INFO: [ app_begin ] --START--
INFO: Run Behavior\ReadHtmlCacheBehavior [ RunTime:0.015874s ]
INFO: [ app_begin ] --END-- [ RunTime:0.015986s ]
SQL: SHOW COLUMNS FROM `adv` [ RunTime:0.0298s ]
ERR: Redis server went away

[ 2017-01-22T09:00:23+08:00 ] 60.169.77.130 http://14.215.177.37/
INFO: [ app_init ] --START--
INFO: Run Behavior\BuildLiteBehavior [ RunTime:0.000055s ]
INFO: [ app_init ] --END-- [ RunTime:0.037538s ]
INFO: [ app_begin ] --START--
INFO: Run Behavior\ReadHtmlCacheBehavior [ RunTime:0.018854s ]
INFO: [ app_begin ] --END-- [ RunTime:0.019070s ]
SQL: SHOW COLUMNS FROM `adv` [ RunTime:0.0008s ]
ERR: Redis server went away

[ 2017-01-22T09:09:58+08:00 ] 111.251.95.92 mx-tw.mail.gm0.yahoodns.net:25
INFO: [ app_init ] --START--
INFO: Run Behavior\BuildLiteBehavior [ RunTime:0.000074s ]
INFO: [ app_init ] --END-- [ RunTime:0.013190s ]
INFO: [ app_begin ] --START--
INFO: Run Behavior\ReadHtmlCacheBehavior [ RunTime:0.000481s ]
INFO: [ app_begin ] --END-- [ RunTime:0.000564s ]
SQL: SHOW COLUMNS FROM `adv` [ RunTime:0.0306s ]
ERR: Redis server went away

[ 2017-01-22T09:29:59+08:00 ] 111.251.95.92 mx-tw.mail.gm0.yahoodns.net:25
INFO: [ app_init ] --START--
INFO: Run Behavior\BuildLiteBehavior [ RunTime:0.000043s ]
INFO: [ app_init ] --END-- [ RunTime:0.027309s ]
INFO: [ app_begin ] --START--
INFO: Run Behavior\ReadHtmlCacheBehavior [ RunTime:0.039655s ]
INFO: [ app_begin ] --END-- [ RunTime:0.039838s ]
SQL: SHOW COLUMNS FROM `adv` [ RunTime:0.0059s ]
ERR: Redis server went away

[ 2017-01-22T09:30:47+08:00 ] 111.251.95.92 mx-tw.mail.gm0.yahoodns.net:25
INFO: [ app_init ] --START--
INFO: Run Behavior\BuildLiteBehavior [ RunTime:0.000037s ]
INFO: [ app_init ] --END-- [ RunTime:0.022904s ]
INFO: [ app_begin ] --START--
INFO: Run Behavior\ReadHtmlCacheBehavior [ RunTime:0.032119s ]
INFO: [ app_begin ] --END-- [ RunTime:0.032272s ]
SQL: SHOW COLUMNS FROM `adv` [ RunTime:0.0219s ]
ERR: Redis server went away

[ 2017-01-22T09:31:31+08:00 ] 111.251.95.92 mx-tw.mail.gm0.yahoodns.net:25
INFO: [ app_init ] --START--
INFO: Run Behavior\BuildLiteBehavior [ RunTime:0.000091s ]
INFO: [ app_init ] --END-- [ RunTime:0.023272s ]
INFO: [ app_begin ] --START--
INFO: Run Behavior\ReadHtmlCacheBehavior [ RunTime:0.031579s ]
INFO: [ app_begin ] --END-- [ RunTime:0.031739s ]
SQL: SHOW COLUMNS FROM `adv` [ RunTime:0.0149s ]
ERR: Redis server went away

[ 2017-01-22T09:50:51+08:00 ] 111.251.95.92 mx-tw.mail.gm0.yahoodns.net:25
INFO: [ app_init ] --START--
INFO: Run Behavior\BuildLiteBehavior [ RunTime:0.000066s ]
INFO: [ app_init ] --END-- [ RunTime:0.022962s ]
INFO: [ app_begin ] --START--
INFO: Run Behavior\ReadHtmlCacheBehavior [ RunTime:0.022071s ]
INFO: [ app_begin ] --END-- [ RunTime:0.022205s ]
SQL: SHOW COLUMNS FROM `adv` [ RunTime:0.0210s ]
ERR: Redis server went away

[ 2017-01-22T10:10:54+08:00 ] 111.251.95.92 mx-tw.mail.gm0.yahoodns.net:25
INFO: [ app_init ] --START--
INFO: Run Behavior\BuildLiteBehavior [ RunTime:0.000036s ]
INFO: [ app_init ] --END-- [ RunTime:0.018800s ]
INFO: [ app_begin ] --START--
INFO: Run Behavior\ReadHtmlCacheBehavior [ RunTime:0.025840s ]
INFO: [ app_begin ] --END-- [ RunTime:0.026052s ]
SQL: SHOW COLUMNS FROM `adv` [ RunTime:0.0212s ]
ERR: Redis server went away

[ 2017-01-22T10:30:52+08:00 ] 111.251.95.92 mx-tw.mail.gm0.yahoodns.net:25
INFO: [ app_init ] --START--
INFO: Run Behavior\BuildLiteBehavior [ RunTime:0.000045s ]
INFO: [ app_init ] --END-- [ RunTime:0.019016s ]
INFO: [ app_begin ] --START--
INFO: Run Behavior\ReadHtmlCacheBehavior [ RunTime:0.024813s ]
INFO: [ app_begin ] --END-- [ RunTime:0.024997s ]
SQL: SHOW COLUMNS FROM `adv` [ RunTime:0.0211s ]
ERR: Redis server went away

[ 2017-01-22T10:31:47+08:00 ] 111.251.95.92 mx-tw.mail.gm0.yahoodns.net:25
INFO: [ app_init ] --START--
INFO: Run Behavior\BuildLiteBehavior [ RunTime:0.000031s ]
INFO: [ app_init ] --END-- [ RunTime:0.000504s ]
INFO: [ app_begin ] --START--
INFO: Run Behavior\ReadHtmlCacheBehavior [ RunTime:0.012796s ]
INFO: [ app_begin ] --END-- [ RunTime:0.012926s ]
SQL: SHOW COLUMNS FROM `adv` [ RunTime:0.0129s ]
ERR: Redis server went away

[ 2017-01-22T10:47:10+08:00 ] 104.223.17.86 /
INFO: [ app_init ] --START--
INFO: Run Behavior\BuildLiteBehavior [ RunTime:0.000065s ]
INFO: [ app_init ] --END-- [ RunTime:0.019705s ]
INFO: [ app_begin ] --START--
INFO: Run Behavior\ReadHtmlCacheBehavior [ RunTime:0.028749s ]
INFO: [ app_begin ] --END-- [ RunTime:0.028936s ]
SQL: SHOW COLUMNS FROM `adv` [ RunTime:0.0144s ]
ERR: Redis server went away

[ 2017-01-22T10:51:36+08:00 ] 111.251.95.92 mx-tw.mail.gm0.yahoodns.net:25
INFO: [ app_init ] --START--
INFO: Run Behavior\BuildLiteBehavior [ RunTime:0.000037s ]
INFO: [ app_init ] --END-- [ RunTime:0.013027s ]
INFO: [ app_begin ] --START--
INFO: Run Behavior\ReadHtmlCacheBehavior [ RunTime:0.020745s ]
INFO: [ app_begin ] --END-- [ RunTime:0.020910s ]
SQL: SHOW COLUMNS FROM `adv` [ RunTime:0.0321s ]
ERR: Redis server went away

[ 2017-01-22T11:11:09+08:00 ] 111.251.95.92 mx-tw.mail.gm0.yahoodns.net:25
INFO: [ app_init ] --START--
INFO: Run Behavior\BuildLiteBehavior [ RunTime:0.000059s ]
INFO: [ app_init ] --END-- [ RunTime:0.013312s ]
INFO: [ app_begin ] --START--
INFO: Run Behavior\ReadHtmlCacheBehavior [ RunTime:0.017784s ]
INFO: [ app_begin ] --END-- [ RunTime:0.017928s ]
SQL: SHOW COLUMNS FROM `adv` [ RunTime:0.0193s ]
ERR: Redis server went away

[ 2017-01-22T11:31:29+08:00 ] 111.251.95.92 mx-tw.mail.gm0.yahoodns.net:25
INFO: [ app_init ] --START--
INFO: Run Behavior\BuildLiteBehavior [ RunTime:0.000037s ]
INFO: [ app_init ] --END-- [ RunTime:0.032778s ]
INFO: [ app_begin ] --START--
INFO: Run Behavior\ReadHtmlCacheBehavior [ RunTime:0.039346s ]
INFO: [ app_begin ] --END-- [ RunTime:0.039591s ]
SQL: SHOW COLUMNS FROM `adv` [ RunTime:0.0308s ]
ERR: Redis server went away

[ 2017-01-22T11:40:53+08:00 ] 140.205.225.187 /
INFO: [ app_init ] --START--
INFO: Run Behavior\BuildLiteBehavior [ RunTime:0.000038s ]
INFO: [ app_init ] --END-- [ RunTime:0.024846s ]
INFO: [ app_begin ] --START--
INFO: Run Behavior\ReadHtmlCacheBehavior [ RunTime:0.031556s ]
INFO: [ app_begin ] --END-- [ RunTime:0.031744s ]
SQL: SHOW COLUMNS FROM `adv` [ RunTime:0.0094s ]
ERR: Redis server went away

[ 2017-01-22T11:51:05+08:00 ] 111.251.95.92 mx-tw.mail.gm0.yahoodns.net:25
INFO: [ app_init ] --START--
INFO: Run Behavior\BuildLiteBehavior [ RunTime:0.000036s ]
INFO: [ app_init ] --END-- [ RunTime:0.013653s ]
INFO: [ app_begin ] --START--
INFO: Run Behavior\ReadHtmlCacheBehavior [ RunTime:0.019720s ]
INFO: [ app_begin ] --END-- [ RunTime:0.019847s ]
SQL: SHOW COLUMNS FROM `adv` [ RunTime:0.0072s ]
ERR: Redis server went away

[ 2017-01-22T11:52:16+08:00 ] 111.251.95.92 mx-tw.mail.gm0.yahoodns.net:25
INFO: [ app_init ] --START--
INFO: Run Behavior\BuildLiteBehavior [ RunTime:0.000023s ]
INFO: [ app_init ] --END-- [ RunTime:0.000374s ]
INFO: [ app_begin ] --START--
INFO: Run Behavior\ReadHtmlCacheBehavior [ RunTime:0.023750s ]
INFO: [ app_begin ] --END-- [ RunTime:0.023956s ]
SQL: SHOW COLUMNS FROM `adv` [ RunTime:0.0158s ]
ERR: Redis server went away

[ 2017-01-22T11:54:52+08:00 ] 140.205.225.187 /
INFO: [ app_init ] --START--
INFO: Run Behavior\BuildLiteBehavior [ RunTime:0.000033s ]
INFO: [ app_init ] --END-- [ RunTime:0.026859s ]
INFO: [ app_begin ] --START--
INFO: Run Behavior\ReadHtmlCacheBehavior [ RunTime:0.037568s ]
INFO: [ app_begin ] --END-- [ RunTime:0.037716s ]
SQL: SHOW COLUMNS FROM `adv` [ RunTime:0.0146s ]
ERR: Redis server went away

[ 2017-01-22T12:11:56+08:00 ] 111.251.95.92 mx-tw.mail.gm0.yahoodns.net:25
INFO: [ app_init ] --START--
INFO: Run Behavior\BuildLiteBehavior [ RunTime:0.000036s ]
INFO: [ app_init ] --END-- [ RunTime:0.014011s ]
INFO: [ app_begin ] --START--
INFO: Run Behavior\ReadHtmlCacheBehavior [ RunTime:0.016475s ]
INFO: [ app_begin ] --END-- [ RunTime:0.016674s ]
SQL: SHOW COLUMNS FROM `adv` [ RunTime:0.0212s ]
ERR: Redis server went away

[ 2017-01-22T12:31:39+08:00 ] 111.251.95.92 mx-tw.mail.gm0.yahoodns.net:25
INFO: [ app_init ] --START--
INFO: Run Behavior\BuildLiteBehavior [ RunTime:0.000023s ]
INFO: [ app_init ] --END-- [ RunTime:0.019649s ]
INFO: [ app_begin ] --START--
INFO: Run Behavior\ReadHtmlCacheBehavior [ RunTime:0.037519s ]
INFO: [ app_begin ] --END-- [ RunTime:0.037679s ]
SQL: SHOW COLUMNS FROM `adv` [ RunTime:0.0268s ]
ERR: Redis server went away

[ 2017-01-22T12:41:36+08:00 ] 121.42.150.103 search.yahoo.com:443
INFO: [ app_init ] --START--
INFO: Run Behavior\BuildLiteBehavior [ RunTime:0.000067s ]
INFO: [ app_init ] --END-- [ RunTime:0.026474s ]
INFO: [ app_begin ] --START--
INFO: Run Behavior\ReadHtmlCacheBehavior [ RunTime:0.031567s ]
INFO: [ app_begin ] --END-- [ RunTime:0.031726s ]
SQL: SHOW COLUMNS FROM `adv` [ RunTime:0.0199s ]
ERR: Redis server went away

[ 2017-01-22T12:51:51+08:00 ] 111.251.95.92 mx-tw.mail.gm0.yahoodns.net:25
INFO: [ app_init ] --START--
INFO: Run Behavior\BuildLiteBehavior [ RunTime:0.000076s ]
INFO: [ app_init ] --END-- [ RunTime:0.020081s ]
INFO: [ app_begin ] --START--
INFO: Run Behavior\ReadHtmlCacheBehavior [ RunTime:0.039745s ]
INFO: [ app_begin ] --END-- [ RunTime:0.039955s ]
SQL: SHOW COLUMNS FROM `adv` [ RunTime:0.0180s ]
ERR: Redis server went away

[ 2017-01-22T12:53:09+08:00 ] 111.251.95.92 mx-tw.mail.gm0.yahoodns.net:25
INFO: [ app_init ] --START--
INFO: Run Behavior\BuildLiteBehavior [ RunTime:0.000045s ]
INFO: [ app_init ] --END-- [ RunTime:0.020164s ]
INFO: [ app_begin ] --START--
INFO: Run Behavior\ReadHtmlCacheBehavior [ RunTime:0.021859s ]
INFO: [ app_begin ] --END-- [ RunTime:0.021999s ]
SQL: SHOW COLUMNS FROM `adv` [ RunTime:0.0166s ]
ERR: Redis server went away

[ 2017-01-22T13:11:50+08:00 ] 111.251.95.92 mx-tw.mail.gm0.yahoodns.net:25
INFO: [ app_init ] --START--
INFO: Run Behavior\BuildLiteBehavior [ RunTime:0.000059s ]
INFO: [ app_init ] --END-- [ RunTime:0.020978s ]
INFO: [ app_begin ] --START--
INFO: Run Behavior\ReadHtmlCacheBehavior [ RunTime:0.022704s ]
INFO: [ app_begin ] --END-- [ RunTime:0.022855s ]
SQL: SHOW COLUMNS FROM `adv` [ RunTime:0.0219s ]
ERR: Redis server went away

[ 2017-01-22T13:12:24+08:00 ] 111.251.95.92 mx-tw.mail.gm0.yahoodns.net:25
INFO: [ app_init ] --START--
INFO: Run Behavior\BuildLiteBehavior [ RunTime:0.000054s ]
INFO: [ app_init ] --END-- [ RunTime:0.016105s ]
INFO: [ app_begin ] --START--
INFO: Run Behavior\ReadHtmlCacheBehavior [ RunTime:0.037718s ]
INFO: [ app_begin ] --END-- [ RunTime:0.037908s ]
SQL: SHOW COLUMNS FROM `adv` [ RunTime:0.0125s ]
ERR: Redis server went away

[ 2017-01-22T13:31:53+08:00 ] 111.251.95.92 mx-tw.mail.gm0.yahoodns.net:25
INFO: [ app_init ] --START--
INFO: Run Behavior\BuildLiteBehavior [ RunTime:0.000067s ]
INFO: [ app_init ] --END-- [ RunTime:0.026670s ]
INFO: [ app_begin ] --START--
INFO: Run Behavior\ReadHtmlCacheBehavior [ RunTime:0.037966s ]
INFO: [ app_begin ] --END-- [ RunTime:0.038178s ]
SQL: SHOW COLUMNS FROM `adv` [ RunTime:0.0233s ]
ERR: Redis server went away

[ 2017-01-22T13:32:41+08:00 ] 111.251.95.92 mx-tw.mail.gm0.yahoodns.net:25
INFO: [ app_init ] --START--
INFO: Run Behavior\BuildLiteBehavior [ RunTime:0.000023s ]
INFO: [ app_init ] --END-- [ RunTime:0.000447s ]
INFO: [ app_begin ] --START--
INFO: Run Behavior\ReadHtmlCacheBehavior [ RunTime:0.031497s ]
INFO: [ app_begin ] --END-- [ RunTime:0.031657s ]
SQL: SHOW COLUMNS FROM `adv` [ RunTime:0.0216s ]
ERR: Redis server went away

[ 2017-01-22T13:33:31+08:00 ] 111.251.95.92 mx-tw.mail.gm0.yahoodns.net:25
INFO: [ app_init ] --START--
INFO: Run Behavior\BuildLiteBehavior [ RunTime:0.000036s ]
INFO: [ app_init ] --END-- [ RunTime:0.012988s ]
INFO: [ app_begin ] --START--
INFO: Run Behavior\ReadHtmlCacheBehavior [ RunTime:0.042595s ]
INFO: [ app_begin ] --END-- [ RunTime:0.042766s ]
SQL: SHOW COLUMNS FROM `adv` [ RunTime:0.0102s ]
ERR: Redis server went away

[ 2017-01-22T13:51:48+08:00 ] 111.251.95.92 mx-tw.mail.gm0.yahoodns.net:25
INFO: [ app_init ] --START--
INFO: Run Behavior\BuildLiteBehavior [ RunTime:0.000060s ]
INFO: [ app_init ] --END-- [ RunTime:0.019240s ]
INFO: [ app_begin ] --START--
INFO: Run Behavior\ReadHtmlCacheBehavior [ RunTime:0.032437s ]
INFO: [ app_begin ] --END-- [ RunTime:0.032566s ]
SQL: SHOW COLUMNS FROM `adv` [ RunTime:0.0164s ]
ERR: Redis server went away

[ 2017-01-22T13:52:56+08:00 ] 111.251.95.92 mx-tw.mail.gm0.yahoodns.net:25
INFO: [ app_init ] --START--
INFO: Run Behavior\BuildLiteBehavior [ RunTime:0.000037s ]
INFO: [ app_init ] --END-- [ RunTime:0.019931s ]
INFO: [ app_begin ] --START--
INFO: Run Behavior\ReadHtmlCacheBehavior [ RunTime:0.016776s ]
INFO: [ app_begin ] --END-- [ RunTime:0.016905s ]
SQL: SHOW COLUMNS FROM `adv` [ RunTime:0.0182s ]
ERR: Redis server went away

[ 2017-01-22T14:12:45+08:00 ] 111.251.95.92 mx-tw.mail.gm0.yahoodns.net:25
INFO: [ app_init ] --START--
INFO: Run Behavior\BuildLiteBehavior [ RunTime:0.000043s ]
INFO: [ app_init ] --END-- [ RunTime:0.007810s ]
INFO: [ app_begin ] --START--
INFO: Run Behavior\ReadHtmlCacheBehavior [ RunTime:0.036571s ]
INFO: [ app_begin ] --END-- [ RunTime:0.036773s ]
SQL: SHOW COLUMNS FROM `adv` [ RunTime:0.0133s ]
ERR: Redis server went away

[ 2017-01-22T14:32:34+08:00 ] 111.251.95.92 mx-tw.mail.gm0.yahoodns.net:25
INFO: [ app_init ] --START--
INFO: Run Behavior\BuildLiteBehavior [ RunTime:0.000080s ]
INFO: [ app_init ] --END-- [ RunTime:0.027786s ]
INFO: [ app_begin ] --START--
INFO: Run Behavior\ReadHtmlCacheBehavior [ RunTime:0.034949s ]
INFO: [ app_begin ] --END-- [ RunTime:0.035186s ]
SQL: SHOW COLUMNS FROM `adv` [ RunTime:0.0309s ]
ERR: Redis server went away

[ 2017-01-22T14:33:02+08:00 ] 111.251.95.92 mx-tw.mail.gm0.yahoodns.net:25
INFO: [ app_init ] --START--
INFO: Run Behavior\BuildLiteBehavior [ RunTime:0.000067s ]
INFO: [ app_init ] --END-- [ RunTime:0.024854s ]
INFO: [ app_begin ] --START--
INFO: Run Behavior\ReadHtmlCacheBehavior [ RunTime:0.031808s ]
INFO: [ app_begin ] --END-- [ RunTime:0.032019s ]
SQL: SHOW COLUMNS FROM `adv` [ RunTime:0.0073s ]
ERR: Redis server went away

[ 2017-01-22T14:52:53+08:00 ] 111.251.95.92 mx-tw.mail.gm0.yahoodns.net:25
INFO: [ app_init ] --START--
INFO: Run Behavior\BuildLiteBehavior [ RunTime:0.000059s ]
INFO: [ app_init ] --END-- [ RunTime:0.022987s ]
INFO: [ app_begin ] --START--
INFO: Run Behavior\ReadHtmlCacheBehavior [ RunTime:0.038661s ]
INFO: [ app_begin ] --END-- [ RunTime:0.038890s ]
SQL: SHOW COLUMNS FROM `adv` [ RunTime:0.0313s ]
ERR: Redis server went away

[ 2017-01-22T15:12:17+08:00 ] 111.251.95.92 mx-tw.mail.gm0.yahoodns.net:25
INFO: [ app_init ] --START--
INFO: Run Behavior\BuildLiteBehavior [ RunTime:0.000035s ]
INFO: [ app_init ] --END-- [ RunTime:0.024698s ]
INFO: [ app_begin ] --START--
INFO: Run Behavior\ReadHtmlCacheBehavior [ RunTime:0.015460s ]
INFO: [ app_begin ] --END-- [ RunTime:0.015650s ]
SQL: SHOW COLUMNS FROM `adv` [ RunTime:0.0351s ]
ERR: Redis server went away

[ 2017-01-22T15:13:23+08:00 ] 111.251.95.92 mx-tw.mail.gm0.yahoodns.net:25
INFO: [ app_init ] --START--
INFO: Run Behavior\BuildLiteBehavior [ RunTime:0.000023s ]
INFO: [ app_init ] --END-- [ RunTime:0.000428s ]
INFO: [ app_begin ] --START--
INFO: Run Behavior\ReadHtmlCacheBehavior [ RunTime:0.015020s ]
INFO: [ app_begin ] --END-- [ RunTime:0.015213s ]
SQL: SHOW COLUMNS FROM `adv` [ RunTime:0.0090s ]
ERR: Redis server went away

[ 2017-01-22T15:15:25+08:00 ] 23.251.63.45 www.alipay.com:443
INFO: [ app_init ] --START--
INFO: Run Behavior\BuildLiteBehavior [ RunTime:0.000064s ]
INFO: [ app_init ] --END-- [ RunTime:0.013151s ]
INFO: [ app_begin ] --START--
INFO: Run Behavior\ReadHtmlCacheBehavior [ RunTime:0.028855s ]
INFO: [ app_begin ] --END-- [ RunTime:0.028980s ]
SQL: SHOW COLUMNS FROM `adv` [ RunTime:0.0014s ]
ERR: Redis server went away

[ 2017-01-22T15:15:59+08:00 ] 106.91.210.252 http://www.123cha.com
INFO: [ app_init ] --START--
INFO: Run Behavior\BuildLiteBehavior [ RunTime:0.000032s ]
INFO: [ app_init ] --END-- [ RunTime:0.029057s ]
INFO: [ app_begin ] --START--
INFO: Run Behavior\ReadHtmlCacheBehavior [ RunTime:0.036474s ]
INFO: [ app_begin ] --END-- [ RunTime:0.036748s ]
SQL: SHOW COLUMNS FROM `adv` [ RunTime:0.0204s ]
ERR: Redis server went away

[ 2017-01-22T15:32:56+08:00 ] 111.251.95.92 mx-tw.mail.gm0.yahoodns.net:25
INFO: [ app_init ] --START--
INFO: Run Behavior\BuildLiteBehavior [ RunTime:0.000050s ]
INFO: [ app_init ] --END-- [ RunTime:0.013155s ]
INFO: [ app_begin ] --START--
INFO: Run Behavior\ReadHtmlCacheBehavior [ RunTime:0.019745s ]
INFO: [ app_begin ] --END-- [ RunTime:0.019898s ]
SQL: SHOW COLUMNS FROM `adv` [ RunTime:0.0150s ]
ERR: Redis server went away

[ 2017-01-22T15:52:49+08:00 ] 111.251.95.92 mx-tw.mail.gm0.yahoodns.net:25
INFO: [ app_init ] --START--
INFO: Run Behavior\BuildLiteBehavior [ RunTime:0.000036s ]
INFO: [ app_init ] --END-- [ RunTime:0.016743s ]
INFO: [ app_begin ] --START--
INFO: Run Behavior\ReadHtmlCacheBehavior [ RunTime:0.036439s ]
INFO: [ app_begin ] --END-- [ RunTime:0.036639s ]
SQL: SHOW COLUMNS FROM `adv` [ RunTime:0.0271s ]
ERR: Redis server went away

[ 2017-01-22T15:53:44+08:00 ] 111.251.95.92 mx-tw.mail.gm0.yahoodns.net:25
INFO: [ app_init ] --START--
INFO: Run Behavior\BuildLiteBehavior [ RunTime:0.000076s ]
INFO: [ app_init ] --END-- [ RunTime:0.013161s ]
INFO: [ app_begin ] --START--
INFO: Run Behavior\ReadHtmlCacheBehavior [ RunTime:0.020837s ]
INFO: [ app_begin ] --END-- [ RunTime:0.021073s ]
SQL: SHOW COLUMNS FROM `adv` [ RunTime:0.0142s ]
ERR: Redis server went away

[ 2017-01-22T16:13:00+08:00 ] 111.251.95.92 mx-tw.mail.gm0.yahoodns.net:25
INFO: [ app_init ] --START--
INFO: Run Behavior\BuildLiteBehavior [ RunTime:0.000036s ]
INFO: [ app_init ] --END-- [ RunTime:0.012957s ]
INFO: [ app_begin ] --START--
INFO: Run Behavior\ReadHtmlCacheBehavior [ RunTime:0.041793s ]
INFO: [ app_begin ] --END-- [ RunTime:0.042039s ]
SQL: SHOW COLUMNS FROM `adv` [ RunTime:0.0261s ]
ERR: Redis server went away

[ 2017-01-22T16:13:35+08:00 ] 111.251.95.92 mx-tw.mail.gm0.yahoodns.net:25
INFO: [ app_init ] --START--
INFO: Run Behavior\BuildLiteBehavior [ RunTime:0.000077s ]
INFO: [ app_init ] --END-- [ RunTime:0.023009s ]
INFO: [ app_begin ] --START--
INFO: Run Behavior\ReadHtmlCacheBehavior [ RunTime:0.018769s ]
INFO: [ app_begin ] --END-- [ RunTime:0.018901s ]
SQL: SHOW COLUMNS FROM `adv` [ RunTime:0.0311s ]
ERR: Redis server went away

[ 2017-01-22T16:33:11+08:00 ] 111.251.95.92 mx-tw.mail.gm0.yahoodns.net:25
INFO: [ app_init ] --START--
INFO: Run Behavior\BuildLiteBehavior [ RunTime:0.000035s ]
INFO: [ app_init ] --END-- [ RunTime:0.014953s ]
INFO: [ app_begin ] --START--
INFO: Run Behavior\ReadHtmlCacheBehavior [ RunTime:0.016855s ]
INFO: [ app_begin ] --END-- [ RunTime:0.017024s ]
SQL: SHOW COLUMNS FROM `adv` [ RunTime:0.0257s ]
ERR: Redis server went away

[ 2017-01-22T16:53:35+08:00 ] 111.251.95.92 mx-tw.mail.gm0.yahoodns.net:25
INFO: [ app_init ] --START--
INFO: Run Behavior\BuildLiteBehavior [ RunTime:0.000056s ]
INFO: [ app_init ] --END-- [ RunTime:0.025034s ]
INFO: [ app_begin ] --START--
INFO: Run Behavior\ReadHtmlCacheBehavior [ RunTime:0.025302s ]
INFO: [ app_begin ] --END-- [ RunTime:0.025493s ]
SQL: SHOW COLUMNS FROM `adv` [ RunTime:0.0152s ]
ERR: Redis server went away

[ 2017-01-22T17:22:57+08:00 ] 23.251.63.45 http://proxyjudge.us/
INFO: [ app_init ] --START--
INFO: Run Behavior\BuildLiteBehavior [ RunTime:0.000059s ]
INFO: [ app_init ] --END-- [ RunTime:0.012133s ]
INFO: [ app_begin ] --START--
INFO: Run Behavior\ReadHtmlCacheBehavior [ RunTime:0.018864s ]
INFO: [ app_begin ] --END-- [ RunTime:0.019018s ]
SQL: SHOW COLUMNS FROM `adv` [ RunTime:0.0074s ]
ERR: Redis server went away

[ 2017-01-22T17:22:59+08:00 ] 23.251.63.45 www.baidu.com:443
INFO: [ app_init ] --START--
INFO: Run Behavior\BuildLiteBehavior [ RunTime:0.000035s ]
INFO: [ app_init ] --END-- [ RunTime:0.016974s ]
INFO: [ app_begin ] --START--
INFO: Run Behavior\ReadHtmlCacheBehavior [ RunTime:0.028738s ]
INFO: [ app_begin ] --END-- [ RunTime:0.028893s ]
SQL: SHOW COLUMNS FROM `adv` [ RunTime:0.0042s ]
ERR: Redis server went away

[ 2017-01-22T17:24:20+08:00 ] 190.14.32.4 /
INFO: [ app_init ] --START--
INFO: Run Behavior\BuildLiteBehavior [ RunTime:0.000036s ]
INFO: [ app_init ] --END-- [ RunTime:0.023948s ]
INFO: [ app_begin ] --START--
INFO: Run Behavior\ReadHtmlCacheBehavior [ RunTime:0.032715s ]
INFO: [ app_begin ] --END-- [ RunTime:0.032860s ]
SQL: SHOW COLUMNS FROM `adv` [ RunTime:0.0166s ]
ERR: Redis server went away

[ 2017-01-22T17:53:49+08:00 ] 111.251.95.92 mx-tw.mail.gm0.yahoodns.net:25
INFO: [ app_init ] --START--
INFO: Run Behavior\BuildLiteBehavior [ RunTime:0.000060s ]
INFO: [ app_init ] --END-- [ RunTime:0.025172s ]
INFO: [ app_begin ] --START--
INFO: Run Behavior\ReadHtmlCacheBehavior [ RunTime:0.030962s ]
INFO: [ app_begin ] --END-- [ RunTime:0.035753s ]
SQL: SHOW COLUMNS FROM `adv` [ RunTime:0.0298s ]
ERR: Redis server went away

[ 2017-01-22T18:13:58+08:00 ] 111.251.95.92 mx-tw.mail.gm0.yahoodns.net:25
INFO: [ app_init ] --START--
INFO: Run Behavior\BuildLiteBehavior [ RunTime:0.000099s ]
INFO: [ app_init ] --END-- [ RunTime:0.024998s ]
INFO: [ app_begin ] --START--
INFO: Run Behavior\ReadHtmlCacheBehavior [ RunTime:0.041573s ]
INFO: [ app_begin ] --END-- [ RunTime:0.041756s ]
SQL: SHOW COLUMNS FROM `adv` [ RunTime:0.0008s ]
ERR: Redis server went away

[ 2017-01-22T18:33:51+08:00 ] 111.251.95.92 mx-tw.mail.gm0.yahoodns.net:25
INFO: [ app_init ] --START--
INFO: Run Behavior\BuildLiteBehavior [ RunTime:0.000057s ]
INFO: [ app_init ] --END-- [ RunTime:0.017129s ]
INFO: [ app_begin ] --START--
INFO: Run Behavior\ReadHtmlCacheBehavior [ RunTime:0.035594s ]
INFO: [ app_begin ] --END-- [ RunTime:0.035852s ]
SQL: SHOW COLUMNS FROM `adv` [ RunTime:0.0169s ]
ERR: Redis server went away

[ 2017-01-22T19:13:41+08:00 ] 111.251.95.92 mx-tw.mail.gm0.yahoodns.net:25
INFO: [ app_init ] --START--
INFO: Run Behavior\BuildLiteBehavior [ RunTime:0.000035s ]
INFO: [ app_init ] --END-- [ RunTime:0.014981s ]
INFO: [ app_begin ] --START--
INFO: Run Behavior\ReadHtmlCacheBehavior [ RunTime:0.021597s ]
INFO: [ app_begin ] --END-- [ RunTime:0.021778s ]
SQL: SHOW COLUMNS FROM `adv` [ RunTime:0.0179s ]
ERR: Redis server went away

[ 2017-01-22T19:14:41+08:00 ] 111.251.95.92 mx-tw.mail.gm0.yahoodns.net:25
INFO: [ app_init ] --START--
INFO: Run Behavior\BuildLiteBehavior [ RunTime:0.000022s ]
INFO: [ app_init ] --END-- [ RunTime:0.026464s ]
INFO: [ app_begin ] --START--
INFO: Run Behavior\ReadHtmlCacheBehavior [ RunTime:0.022885s ]
INFO: [ app_begin ] --END-- [ RunTime:0.023086s ]
SQL: SHOW COLUMNS FROM `adv` [ RunTime:0.0181s ]
ERR: Redis server went away

[ 2017-01-22T19:33:46+08:00 ] 111.251.95.92 mx-tw.mail.gm0.yahoodns.net:25
INFO: [ app_init ] --START--
INFO: Run Behavior\BuildLiteBehavior [ RunTime:0.000044s ]
INFO: [ app_init ] --END-- [ RunTime:0.020669s ]
INFO: [ app_begin ] --START--
INFO: Run Behavior\ReadHtmlCacheBehavior [ RunTime:0.028028s ]
INFO: [ app_begin ] --END-- [ RunTime:0.028178s ]
SQL: SHOW COLUMNS FROM `adv` [ RunTime:0.0353s ]
ERR: Redis server went away

[ 2017-01-22T19:34:28+08:00 ] 111.251.95.92 mx-tw.mail.gm0.yahoodns.net:25
INFO: [ app_init ] --START--
INFO: Run Behavior\BuildLiteBehavior [ RunTime:0.000067s ]
INFO: [ app_init ] --END-- [ RunTime:0.024112s ]
INFO: [ app_begin ] --START--
INFO: Run Behavior\ReadHtmlCacheBehavior [ RunTime:0.000503s ]
INFO: [ app_begin ] --END-- [ RunTime:0.019037s ]
SQL: SHOW COLUMNS FROM `adv` [ RunTime:0.0317s ]
ERR: Redis server went away

[ 2017-01-22T19:53:58+08:00 ] 111.251.95.92 mx-tw.mail.gm0.yahoodns.net:25
INFO: [ app_init ] --START--
INFO: Run Behavior\BuildLiteBehavior [ RunTime:0.000063s ]
INFO: [ app_init ] --END-- [ RunTime:0.018360s ]
INFO: [ app_begin ] --START--
INFO: Run Behavior\ReadHtmlCacheBehavior [ RunTime:0.030692s ]
INFO: [ app_begin ] --END-- [ RunTime:0.030845s ]
SQL: SHOW COLUMNS FROM `adv` [ RunTime:0.0239s ]
ERR: Redis server went away

[ 2017-01-22T20:13:39+08:00 ] 111.251.95.92 mx-tw.mail.gm0.yahoodns.net:25
INFO: [ app_init ] --START--
INFO: Run Behavior\BuildLiteBehavior [ RunTime:0.000047s ]
INFO: [ app_init ] --END-- [ RunTime:0.013974s ]
INFO: [ app_begin ] --START--
INFO: Run Behavior\ReadHtmlCacheBehavior [ RunTime:0.023628s ]
INFO: [ app_begin ] --END-- [ RunTime:0.023762s ]
SQL: SHOW COLUMNS FROM `adv` [ RunTime:0.0148s ]
ERR: Redis server went away

[ 2017-01-22T20:15:32+08:00 ] 111.251.95.92 mx-tw.mail.gm0.yahoodns.net:25
INFO: [ app_init ] --START--
INFO: Run Behavior\BuildLiteBehavior [ RunTime:0.000024s ]
INFO: [ app_init ] --END-- [ RunTime:0.000418s ]
INFO: [ app_begin ] --START--
INFO: Run Behavior\ReadHtmlCacheBehavior [ RunTime:0.027771s ]
INFO: [ app_begin ] --END-- [ RunTime:0.027962s ]
SQL: SHOW COLUMNS FROM `adv` [ RunTime:0.0076s ]
ERR: Redis server went away

[ 2017-01-22T21:14:05+08:00 ] 111.251.95.92 mx-tw.mail.gm0.yahoodns.net:25
INFO: [ app_init ] --START--
INFO: Run Behavior\BuildLiteBehavior [ RunTime:0.000049s ]
INFO: [ app_init ] --END-- [ RunTime:0.013064s ]
INFO: [ app_begin ] --START--
INFO: Run Behavior\ReadHtmlCacheBehavior [ RunTime:0.035135s ]
INFO: [ app_begin ] --END-- [ RunTime:0.035324s ]
SQL: SHOW COLUMNS FROM `adv` [ RunTime:0.0192s ]
ERR: Redis server went away

[ 2017-01-22T21:14:40+08:00 ] 111.251.95.92 mx-tw.mail.gm0.yahoodns.net:25
INFO: [ app_init ] --START--
INFO: Run Behavior\BuildLiteBehavior [ RunTime:0.000035s ]
INFO: [ app_init ] --END-- [ RunTime:0.014725s ]
INFO: [ app_begin ] --START--
INFO: Run Behavior\ReadHtmlCacheBehavior [ RunTime:0.014790s ]
INFO: [ app_begin ] --END-- [ RunTime:0.014934s ]
SQL: SHOW COLUMNS FROM `adv` [ RunTime:0.0225s ]
ERR: Redis server went away

[ 2017-01-22T21:34:03+08:00 ] 111.251.95.92 mx-tw.mail.gm0.yahoodns.net:25
INFO: [ app_init ] --START--
INFO: Run Behavior\BuildLiteBehavior [ RunTime:0.000028s ]
INFO: [ app_init ] --END-- [ RunTime:0.000437s ]
INFO: [ app_begin ] --START--
INFO: Run Behavior\ReadHtmlCacheBehavior [ RunTime:0.040610s ]
INFO: [ app_begin ] --END-- [ RunTime:0.040811s ]
SQL: SHOW COLUMNS FROM `adv` [ RunTime:0.0353s ]
ERR: Redis server went away

[ 2017-01-22T21:35:00+08:00 ] 111.251.95.92 mx-tw.mail.gm0.yahoodns.net:25
INFO: [ app_init ] --START--
INFO: Run Behavior\BuildLiteBehavior [ RunTime:0.000035s ]
INFO: [ app_init ] --END-- [ RunTime:0.021057s ]
INFO: [ app_begin ] --START--
INFO: Run Behavior\ReadHtmlCacheBehavior [ RunTime:0.024280s ]
INFO: [ app_begin ] --END-- [ RunTime:0.024423s ]
SQL: SHOW COLUMNS FROM `adv` [ RunTime:0.0170s ]
ERR: Redis server went away

[ 2017-01-22T21:54:00+08:00 ] 111.251.95.92 mx-tw.mail.gm0.yahoodns.net:25
INFO: [ app_init ] --START--
INFO: Run Behavior\BuildLiteBehavior [ RunTime:0.000066s ]
INFO: [ app_init ] --END-- [ RunTime:0.013215s ]
INFO: [ app_begin ] --START--
INFO: Run Behavior\ReadHtmlCacheBehavior [ RunTime:0.029536s ]
INFO: [ app_begin ] --END-- [ RunTime:0.029757s ]
SQL: SHOW COLUMNS FROM `adv` [ RunTime:0.0214s ]
ERR: Redis server went away

[ 2017-01-22T21:54:50+08:00 ] 111.251.95.92 mx-tw.mail.gm0.yahoodns.net:25
INFO: [ app_init ] --START--
INFO: Run Behavior\BuildLiteBehavior [ RunTime:0.000052s ]
INFO: [ app_init ] --END-- [ RunTime:0.010327s ]
INFO: [ app_begin ] --START--
INFO: Run Behavior\ReadHtmlCacheBehavior [ RunTime:0.021723s ]
INFO: [ app_begin ] --END-- [ RunTime:0.021922s ]
SQL: SHOW COLUMNS FROM `adv` [ RunTime:0.0147s ]
ERR: Redis server went away

[ 2017-01-22T22:14:15+08:00 ] 111.251.95.92 mx-tw.mail.gm0.yahoodns.net:25
INFO: [ app_init ] --START--
INFO: Run Behavior\BuildLiteBehavior [ RunTime:0.000062s ]
INFO: [ app_init ] --END-- [ RunTime:0.011612s ]
INFO: [ app_begin ] --START--
INFO: Run Behavior\ReadHtmlCacheBehavior [ RunTime:0.021899s ]
INFO: [ app_begin ] --END-- [ RunTime:0.022088s ]
SQL: SHOW COLUMNS FROM `adv` [ RunTime:0.0265s ]
ERR: Redis server went away

[ 2017-01-22T22:33:24+08:00 ] 185.128.37.149 /
INFO: [ app_init ] --START--
INFO: Run Behavior\BuildLiteBehavior [ RunTime:0.000035s ]
INFO: [ app_init ] --END-- [ RunTime:0.022869s ]
INFO: [ app_begin ] --START--
INFO: Run Behavior\ReadHtmlCacheBehavior [ RunTime:0.038626s ]
INFO: [ app_begin ] --END-- [ RunTime:0.038773s ]
SQL: SHOW COLUMNS FROM `adv` [ RunTime:0.0170s ]
ERR: Redis server went away

[ 2017-01-22T22:34:21+08:00 ] 111.251.95.92 mx-tw.mail.gm0.yahoodns.net:25
INFO: [ app_init ] --START--
INFO: Run Behavior\BuildLiteBehavior [ RunTime:0.000061s ]
INFO: [ app_init ] --END-- [ RunTime:0.018072s ]
INFO: [ app_begin ] --START--
INFO: Run Behavior\ReadHtmlCacheBehavior [ RunTime:0.029633s ]
INFO: [ app_begin ] --END-- [ RunTime:0.029759s ]
SQL: SHOW COLUMNS FROM `adv` [ RunTime:0.0169s ]
ERR: Redis server went away

[ 2017-01-22T22:42:03+08:00 ] 23.251.63.45 www.alipay.com:443
INFO: [ app_init ] --START--
INFO: Run Behavior\BuildLiteBehavior [ RunTime:0.000085s ]
INFO: [ app_init ] --END-- [ RunTime:0.030465s ]
INFO: [ app_begin ] --START--
INFO: Run Behavior\ReadHtmlCacheBehavior [ RunTime:0.037514s ]
INFO: [ app_begin ] --END-- [ RunTime:0.037666s ]
SQL: SHOW COLUMNS FROM `adv` [ RunTime:0.0280s ]
ERR: Redis server went away

[ 2017-01-22T22:42:28+08:00 ] 23.251.63.45 http://proxyjudge.us/
INFO: [ app_init ] --START--
INFO: Run Behavior\BuildLiteBehavior [ RunTime:0.000042s ]
INFO: [ app_init ] --END-- [ RunTime:0.021007s ]
INFO: [ app_begin ] --START--
INFO: Run Behavior\ReadHtmlCacheBehavior [ RunTime:0.038644s ]
INFO: [ app_begin ] --END-- [ RunTime:0.038875s ]
SQL: SHOW COLUMNS FROM `adv` [ RunTime:0.0161s ]
ERR: Redis server went away

[ 2017-01-22T22:42:29+08:00 ] 23.251.63.45 www.baidu.com:443
INFO: [ app_init ] --START--
INFO: Run Behavior\BuildLiteBehavior [ RunTime:0.000058s ]
INFO: [ app_init ] --END-- [ RunTime:0.020599s ]
INFO: [ app_begin ] --START--
INFO: Run Behavior\ReadHtmlCacheBehavior [ RunTime:0.037371s ]
INFO: [ app_begin ] --END-- [ RunTime:0.037591s ]
SQL: SHOW COLUMNS FROM `adv` [ RunTime:0.0221s ]
ERR: Redis server went away

[ 2017-01-22T22:42:53+08:00 ] 123.116.157.94 http://www.123cha.com
INFO: [ app_init ] --START--
INFO: Run Behavior\BuildLiteBehavior [ RunTime:0.000068s ]
INFO: [ app_init ] --END-- [ RunTime:0.015437s ]
INFO: [ app_begin ] --START--
INFO: Run Behavior\ReadHtmlCacheBehavior [ RunTime:0.025442s ]
INFO: [ app_begin ] --END-- [ RunTime:0.046733s ]
SQL: SHOW COLUMNS FROM `adv` [ RunTime:0.0199s ]
ERR: Redis server went away

[ 2017-01-22T22:43:11+08:00 ] 23.251.63.45 http://fr.cyberpods.net/
INFO: [ app_init ] --START--
INFO: Run Behavior\BuildLiteBehavior [ RunTime:0.000021s ]
INFO: [ app_init ] --END-- [ RunTime:0.000357s ]
INFO: [ app_begin ] --START--
INFO: Run Behavior\ReadHtmlCacheBehavior [ RunTime:0.017366s ]
INFO: [ app_begin ] --END-- [ RunTime:0.017549s ]
SQL: SHOW COLUMNS FROM `adv` [ RunTime:0.0006s ]
ERR: Redis server went away

[ 2017-01-22T22:43:16+08:00 ] 23.251.63.45 www.baidu.com:443
INFO: [ app_init ] --START--
INFO: Run Behavior\BuildLiteBehavior [ RunTime:0.000043s ]
INFO: [ app_init ] --END-- [ RunTime:0.032895s ]
INFO: [ app_begin ] --START--
INFO: Run Behavior\ReadHtmlCacheBehavior [ RunTime:0.036580s ]
INFO: [ app_begin ] --END-- [ RunTime:0.036779s ]
SQL: SHOW COLUMNS FROM `adv` [ RunTime:0.0248s ]
ERR: Redis server went away

[ 2017-01-22T23:33:50+08:00 ] 111.251.95.92 mx-tw.mail.gm0.yahoodns.net:25
INFO: [ app_init ] --START--
INFO: Run Behavior\BuildLiteBehavior [ RunTime:0.000024s ]
INFO: [ app_init ] --END-- [ RunTime:0.000493s ]
INFO: [ app_begin ] --START--
INFO: Run Behavior\ReadHtmlCacheBehavior [ RunTime:0.036589s ]
INFO: [ app_begin ] --END-- [ RunTime:0.036746s ]
SQL: SHOW COLUMNS FROM `adv` [ RunTime:0.0158s ]
ERR: Redis server went away

[ 2017-01-22T23:34:57+08:00 ] 111.251.95.92 mx-tw.mail.gm0.yahoodns.net:25
INFO: [ app_init ] --START--
INFO: Run Behavior\BuildLiteBehavior [ RunTime:0.000068s ]
INFO: [ app_init ] --END-- [ RunTime:0.014343s ]
INFO: [ app_begin ] --START--
INFO: Run Behavior\ReadHtmlCacheBehavior [ RunTime:0.012989s ]
INFO: [ app_begin ] --END-- [ RunTime:0.013167s ]
SQL: SHOW COLUMNS FROM `adv` [ RunTime:0.0073s ]
ERR: Redis server went away

[ 2017-01-22T23:53:45+08:00 ] 111.251.95.92 mx-tw.mail.gm0.yahoodns.net:25
INFO: [ app_init ] --START--
INFO: Run Behavior\BuildLiteBehavior [ RunTime:0.000021s ]
INFO: [ app_init ] --END-- [ RunTime:0.000360s ]
INFO: [ app_begin ] --START--
INFO: Run Behavior\ReadHtmlCacheBehavior [ RunTime:0.024135s ]
INFO: [ app_begin ] --END-- [ RunTime:0.024278s ]
SQL: SHOW COLUMNS FROM `adv` [ RunTime:0.0007s ]
ERR: Redis server went away

[ 2017-01-22T23:54:47+08:00 ] 111.251.95.92 mx-tw.mail.gm0.yahoodns.net:25
INFO: [ app_init ] --START--
INFO: Run Behavior\BuildLiteBehavior [ RunTime:0.000041s ]
INFO: [ app_init ] --END-- [ RunTime:0.015996s ]
INFO: [ app_begin ] --START--
INFO: Run Behavior\ReadHtmlCacheBehavior [ RunTime:0.022570s ]
INFO: [ app_begin ] --END-- [ RunTime:0.038783s ]
SQL: SHOW COLUMNS FROM `adv` [ RunTime:0.0007s ]
ERR: Redis server went away

