[ 2017-01-09T00:31:07+08:00 ] 111.251.93.167 mx-tw.mail.gm0.yahoodns.net:25
INFO: [ app_init ] --START--
INFO: Run Behavior\BuildLiteBehavior [ RunTime:0.000032s ]
INFO: [ app_init ] --END-- [ RunTime:0.012984s ]
INFO: [ app_begin ] --START--
INFO: Run Behavior\ReadHtmlCacheBehavior [ RunTime:0.015863s ]
INFO: [ app_begin ] --END-- [ RunTime:0.015994s ]
SQL: SHOW COLUMNS FROM `adv` [ RunTime:0.0007s ]
ERR: Redis server went away

[ 2017-01-09T00:31:59+08:00 ] 111.251.93.167 mx-tw.mail.gm0.yahoodns.net:25
INFO: [ app_init ] --START--
INFO: Run Behavior\BuildLiteBehavior [ RunTime:0.000037s ]
INFO: [ app_init ] --END-- [ RunTime:0.013016s ]
INFO: [ app_begin ] --START--
INFO: Run Behavior\ReadHtmlCacheBehavior [ RunTime:0.017767s ]
INFO: [ app_begin ] --END-- [ RunTime:0.017899s ]
SQL: SHOW COLUMNS FROM `adv` [ RunTime:0.0007s ]
ERR: Redis server went away

[ 2017-01-09T00:51:17+08:00 ] 111.251.93.167 mx-tw.mail.gm0.yahoodns.net:25
INFO: [ app_init ] --START--
INFO: Run Behavior\BuildLiteBehavior [ RunTime:0.000021s ]
INFO: [ app_init ] --END-- [ RunTime:0.000346s ]
INFO: [ app_begin ] --START--
INFO: Run Behavior\ReadHtmlCacheBehavior [ RunTime:0.029124s ]
INFO: [ app_begin ] --END-- [ RunTime:0.029216s ]
SQL: SHOW COLUMNS FROM `adv` [ RunTime:0.0007s ]
ERR: Redis server went away

[ 2017-01-09T00:52:19+08:00 ] 111.251.93.167 mx-tw.mail.gm0.yahoodns.net:25
INFO: [ app_init ] --START--
INFO: Run Behavior\BuildLiteBehavior [ RunTime:0.000032s ]
INFO: [ app_init ] --END-- [ RunTime:0.030246s ]
INFO: [ app_begin ] --START--
INFO: Run Behavior\ReadHtmlCacheBehavior [ RunTime:0.016909s ]
INFO: [ app_begin ] --END-- [ RunTime:0.017019s ]
SQL: SHOW COLUMNS FROM `adv` [ RunTime:0.0007s ]
ERR: Redis server went away

[ 2017-01-09T01:07:51+08:00 ] 23.251.63.45 http://fr.cyberpods.net/
INFO: [ app_init ] --START--
INFO: Run Behavior\BuildLiteBehavior [ RunTime:0.000036s ]
INFO: [ app_init ] --END-- [ RunTime:0.013071s ]
INFO: [ app_begin ] --START--
INFO: Run Behavior\ReadHtmlCacheBehavior [ RunTime:0.017813s ]
INFO: [ app_begin ] --END-- [ RunTime:0.017910s ]
SQL: SHOW COLUMNS FROM `adv` [ RunTime:0.0144s ]
ERR: Redis server went away

[ 2017-01-09T01:07:52+08:00 ] 23.251.63.45 www.alipay.com:443
INFO: [ app_init ] --START--
INFO: Run Behavior\BuildLiteBehavior [ RunTime:0.000030s ]
INFO: [ app_init ] --END-- [ RunTime:0.009999s ]
INFO: [ app_begin ] --START--
INFO: Run Behavior\ReadHtmlCacheBehavior [ RunTime:0.019857s ]
INFO: [ app_begin ] --END-- [ RunTime:0.019974s ]
SQL: SHOW COLUMNS FROM `adv` [ RunTime:0.0133s ]
ERR: Redis server went away

[ 2017-01-09T01:08:23+08:00 ] 23.251.63.45 http://proxyjudge.us/
INFO: [ app_init ] --START--
INFO: Run Behavior\BuildLiteBehavior [ RunTime:0.000041s ]
INFO: [ app_init ] --END-- [ RunTime:0.014015s ]
INFO: [ app_begin ] --START--
INFO: Run Behavior\ReadHtmlCacheBehavior [ RunTime:0.000531s ]
INFO: [ app_begin ] --END-- [ RunTime:0.024708s ]
SQL: SHOW COLUMNS FROM `adv` [ RunTime:0.0187s ]
ERR: Redis server went away

[ 2017-01-09T01:08:24+08:00 ] 23.251.63.45 www.baidu.com:443
INFO: [ app_init ] --START--
INFO: Run Behavior\BuildLiteBehavior [ RunTime:0.000033s ]
INFO: [ app_init ] --END-- [ RunTime:0.013310s ]
INFO: [ app_begin ] --START--
INFO: Run Behavior\ReadHtmlCacheBehavior [ RunTime:0.019804s ]
INFO: [ app_begin ] --END-- [ RunTime:0.019927s ]
SQL: SHOW COLUMNS FROM `adv` [ RunTime:0.0218s ]
ERR: Redis server went away

[ 2017-01-09T01:10:37+08:00 ] 111.251.93.167 mx-tw.mail.gm0.yahoodns.net:25
INFO: [ app_init ] --START--
INFO: Run Behavior\BuildLiteBehavior [ RunTime:0.000026s ]
INFO: [ app_init ] --END-- [ RunTime:0.012966s ]
INFO: [ app_begin ] --START--
INFO: Run Behavior\ReadHtmlCacheBehavior [ RunTime:0.015859s ]
INFO: [ app_begin ] --END-- [ RunTime:0.015958s ]
SQL: SHOW COLUMNS FROM `adv` [ RunTime:0.0006s ]
ERR: Redis server went away

[ 2017-01-09T01:30:35+08:00 ] 111.251.93.167 mx-tw.mail.gm0.yahoodns.net:25
INFO: [ app_init ] --START--
INFO: Run Behavior\BuildLiteBehavior [ RunTime:0.000026s ]
INFO: [ app_init ] --END-- [ RunTime:0.006941s ]
INFO: [ app_begin ] --START--
INFO: Run Behavior\ReadHtmlCacheBehavior [ RunTime:0.014669s ]
INFO: [ app_begin ] --END-- [ RunTime:0.014801s ]
SQL: SHOW COLUMNS FROM `adv` [ RunTime:0.0241s ]
ERR: Redis server went away

[ 2017-01-09T01:49:54+08:00 ] 111.251.93.167 mx-tw.mail.gm0.yahoodns.net:25
INFO: [ app_init ] --START--
INFO: Run Behavior\BuildLiteBehavior [ RunTime:0.000032s ]
INFO: [ app_init ] --END-- [ RunTime:0.000539s ]
INFO: [ app_begin ] --START--
INFO: Run Behavior\ReadHtmlCacheBehavior [ RunTime:0.025572s ]
INFO: [ app_begin ] --END-- [ RunTime:0.025703s ]
SQL: SHOW COLUMNS FROM `adv` [ RunTime:0.0092s ]
ERR: Redis server went away

[ 2017-01-09T02:09:22+08:00 ] 111.251.93.167 mx-tw.mail.gm0.yahoodns.net:25
INFO: [ app_init ] --START--
INFO: Run Behavior\BuildLiteBehavior [ RunTime:0.000037s ]
INFO: [ app_init ] --END-- [ RunTime:0.012981s ]
INFO: [ app_begin ] --START--
INFO: Run Behavior\ReadHtmlCacheBehavior [ RunTime:0.017601s ]
INFO: [ app_begin ] --END-- [ RunTime:0.017778s ]
SQL: SHOW COLUMNS FROM `adv` [ RunTime:0.0007s ]
ERR: Redis server went away

[ 2017-01-09T02:10:04+08:00 ] 111.251.93.167 mx-tw.mail.gm0.yahoodns.net:25
INFO: [ app_init ] --START--
INFO: Run Behavior\BuildLiteBehavior [ RunTime:0.000026s ]
INFO: [ app_init ] --END-- [ RunTime:0.000451s ]
INFO: [ app_begin ] --START--
INFO: Run Behavior\ReadHtmlCacheBehavior [ RunTime:0.034678s ]
INFO: [ app_begin ] --END-- [ RunTime:0.034837s ]
SQL: SHOW COLUMNS FROM `adv` [ RunTime:0.0191s ]
ERR: Redis server went away

[ 2017-01-09T02:29:24+08:00 ] 111.251.93.167 mx-tw.mail.gm0.yahoodns.net:25
INFO: [ app_init ] --START--
INFO: Run Behavior\BuildLiteBehavior [ RunTime:0.000030s ]
INFO: [ app_init ] --END-- [ RunTime:0.030200s ]
INFO: [ app_begin ] --START--
INFO: Run Behavior\ReadHtmlCacheBehavior [ RunTime:0.015851s ]
INFO: [ app_begin ] --END-- [ RunTime:0.015953s ]
SQL: SHOW COLUMNS FROM `adv` [ RunTime:0.0007s ]
ERR: Redis server went away

[ 2017-01-09T02:30:04+08:00 ] 111.251.93.167 mx-tw.mail.gm0.yahoodns.net:25
INFO: [ app_init ] --START--
INFO: Run Behavior\BuildLiteBehavior [ RunTime:0.000033s ]
INFO: [ app_init ] --END-- [ RunTime:0.018446s ]
INFO: [ app_begin ] --START--
INFO: Run Behavior\ReadHtmlCacheBehavior [ RunTime:0.018816s ]
INFO: [ app_begin ] --END-- [ RunTime:0.018934s ]
SQL: SHOW COLUMNS FROM `adv` [ RunTime:0.0170s ]
ERR: Redis server went away

[ 2017-01-09T02:30:45+08:00 ] 111.251.93.167 mx-tw.mail.gm0.yahoodns.net:25
INFO: [ app_init ] --START--
INFO: Run Behavior\BuildLiteBehavior [ RunTime:0.000022s ]
INFO: [ app_init ] --END-- [ RunTime:0.000339s ]
INFO: [ app_begin ] --START--
INFO: Run Behavior\ReadHtmlCacheBehavior [ RunTime:0.017901s ]
INFO: [ app_begin ] --END-- [ RunTime:0.018017s ]
SQL: SHOW COLUMNS FROM `adv` [ RunTime:0.0007s ]
ERR: Redis server went away

[ 2017-01-09T03:08:47+08:00 ] 111.251.93.167 mx-tw.mail.gm0.yahoodns.net:25
INFO: [ app_init ] --START--
INFO: Run Behavior\BuildLiteBehavior [ RunTime:0.000023s ]
INFO: [ app_init ] --END-- [ RunTime:0.000390s ]
INFO: [ app_begin ] --START--
INFO: Run Behavior\ReadHtmlCacheBehavior [ RunTime:0.019821s ]
INFO: [ app_begin ] --END-- [ RunTime:0.019944s ]
SQL: SHOW COLUMNS FROM `adv` [ RunTime:0.0148s ]
ERR: Redis server went away

[ 2017-01-09T03:09:38+08:00 ] 111.251.93.167 mx-tw.mail.gm0.yahoodns.net:25
INFO: [ app_init ] --START--
INFO: Run Behavior\BuildLiteBehavior [ RunTime:0.000036s ]
INFO: [ app_init ] --END-- [ RunTime:0.033287s ]
INFO: [ app_begin ] --START--
INFO: Run Behavior\ReadHtmlCacheBehavior [ RunTime:0.027999s ]
INFO: [ app_begin ] --END-- [ RunTime:0.028117s ]
SQL: SHOW COLUMNS FROM `adv` [ RunTime:0.0081s ]
ERR: Redis server went away

[ 2017-01-09T03:29:49+08:00 ] 111.251.93.167 mx-tw.mail.gm0.yahoodns.net:25
INFO: [ app_init ] --START--
INFO: Run Behavior\BuildLiteBehavior [ RunTime:0.000023s ]
INFO: [ app_init ] --END-- [ RunTime:0.000378s ]
INFO: [ app_begin ] --START--
INFO: Run Behavior\ReadHtmlCacheBehavior [ RunTime:0.023742s ]
INFO: [ app_begin ] --END-- [ RunTime:0.023873s ]
SQL: SHOW COLUMNS FROM `adv` [ RunTime:0.0139s ]
ERR: Redis server went away

[ 2017-01-09T04:08:01+08:00 ] 111.251.96.122 mx-tw.mail.gm0.yahoodns.net:25
INFO: [ app_init ] --START--
INFO: Run Behavior\BuildLiteBehavior [ RunTime:0.000033s ]
INFO: [ app_init ] --END-- [ RunTime:0.013381s ]
INFO: [ app_begin ] --START--
INFO: Run Behavior\ReadHtmlCacheBehavior [ RunTime:0.020242s ]
INFO: [ app_begin ] --END-- [ RunTime:0.020334s ]
SQL: SHOW COLUMNS FROM `adv` [ RunTime:0.0067s ]
ERR: Redis server went away

[ 2017-01-09T04:27:53+08:00 ] 111.251.96.122 mx-tw.mail.gm0.yahoodns.net:25
INFO: [ app_init ] --START--
INFO: Run Behavior\BuildLiteBehavior [ RunTime:0.000034s ]
INFO: [ app_init ] --END-- [ RunTime:0.013021s ]
INFO: [ app_begin ] --START--
INFO: Run Behavior\ReadHtmlCacheBehavior [ RunTime:0.014800s ]
INFO: [ app_begin ] --END-- [ RunTime:0.014939s ]
SQL: SHOW COLUMNS FROM `adv` [ RunTime:0.0006s ]
ERR: Redis server went away

[ 2017-01-09T04:47:38+08:00 ] 111.251.96.122 mx-tw.mail.gm0.yahoodns.net:25
INFO: [ app_init ] --START--
INFO: Run Behavior\BuildLiteBehavior [ RunTime:0.000035s ]
INFO: [ app_init ] --END-- [ RunTime:0.016938s ]
INFO: [ app_begin ] --START--
INFO: Run Behavior\ReadHtmlCacheBehavior [ RunTime:0.018742s ]
INFO: [ app_begin ] --END-- [ RunTime:0.018874s ]
SQL: SHOW COLUMNS FROM `adv` [ RunTime:0.0006s ]
ERR: Redis server went away

[ 2017-01-09T05:07:22+08:00 ] 111.251.96.122 mx-tw.mail.gm0.yahoodns.net:25
INFO: [ app_init ] --START--
INFO: Run Behavior\BuildLiteBehavior [ RunTime:0.000027s ]
INFO: [ app_init ] --END-- [ RunTime:0.008971s ]
INFO: [ app_begin ] --START--
INFO: Run Behavior\ReadHtmlCacheBehavior [ RunTime:0.018814s ]
INFO: [ app_begin ] --END-- [ RunTime:0.018918s ]
SQL: SHOW COLUMNS FROM `adv` [ RunTime:0.0007s ]
ERR: Redis server went away

[ 2017-01-09T05:08:12+08:00 ] 111.251.96.122 mx-tw.mail.gm0.yahoodns.net:25
INFO: [ app_init ] --START--
INFO: Run Behavior\BuildLiteBehavior [ RunTime:0.000043s ]
INFO: [ app_init ] --END-- [ RunTime:0.014014s ]
INFO: [ app_begin ] --START--
INFO: Run Behavior\ReadHtmlCacheBehavior [ RunTime:0.018764s ]
INFO: [ app_begin ] --END-- [ RunTime:0.018892s ]
SQL: SHOW COLUMNS FROM `adv` [ RunTime:0.0108s ]
ERR: Redis server went away

[ 2017-01-09T05:27:34+08:00 ] 111.251.96.122 mx-tw.mail.gm0.yahoodns.net:25
INFO: [ app_init ] --START--
INFO: Run Behavior\BuildLiteBehavior [ RunTime:0.000021s ]
INFO: [ app_init ] --END-- [ RunTime:0.000356s ]
INFO: [ app_begin ] --START--
INFO: Run Behavior\ReadHtmlCacheBehavior [ RunTime:0.019860s ]
INFO: [ app_begin ] --END-- [ RunTime:0.019988s ]
SQL: SHOW COLUMNS FROM `adv` [ RunTime:0.0091s ]
ERR: Redis server went away

[ 2017-01-09T05:47:41+08:00 ] 111.251.96.122 mx-tw.mail.gm0.yahoodns.net:25
INFO: [ app_init ] --START--
INFO: Run Behavior\BuildLiteBehavior [ RunTime:0.000034s ]
INFO: [ app_init ] --END-- [ RunTime:0.019267s ]
INFO: [ app_begin ] --START--
INFO: Run Behavior\ReadHtmlCacheBehavior [ RunTime:0.015380s ]
INFO: [ app_begin ] --END-- [ RunTime:0.015507s ]
SQL: SHOW COLUMNS FROM `adv` [ RunTime:0.0229s ]
ERR: Redis server went away

[ 2017-01-09T05:59:20+08:00 ] 60.169.77.130 http://14.215.177.37/
INFO: [ app_init ] --START--
INFO: Run Behavior\BuildLiteBehavior [ RunTime:0.000036s ]
INFO: [ app_init ] --END-- [ RunTime:0.016962s ]
INFO: [ app_begin ] --START--
INFO: Run Behavior\ReadHtmlCacheBehavior [ RunTime:0.019843s ]
INFO: [ app_begin ] --END-- [ RunTime:0.019954s ]
SQL: SHOW COLUMNS FROM `adv` [ RunTime:0.0135s ]
ERR: Redis server went away

[ 2017-01-09T06:07:42+08:00 ] 111.251.96.122 mx-tw.mail.gm0.yahoodns.net:25
INFO: [ app_init ] --START--
INFO: Run Behavior\BuildLiteBehavior [ RunTime:0.000035s ]
INFO: [ app_init ] --END-- [ RunTime:0.034172s ]
INFO: [ app_begin ] --START--
INFO: Run Behavior\ReadHtmlCacheBehavior [ RunTime:0.000507s ]
INFO: [ app_begin ] --END-- [ RunTime:0.000577s ]
SQL: SHOW COLUMNS FROM `adv` [ RunTime:0.0008s ]
ERR: Redis server went away

[ 2017-01-09T06:12:08+08:00 ] 179.216.86.187 /
INFO: [ app_init ] --START--
INFO: Run Behavior\BuildLiteBehavior [ RunTime:0.000025s ]
INFO: [ app_init ] --END-- [ RunTime:0.006956s ]
INFO: [ app_begin ] --START--
INFO: Run Behavior\ReadHtmlCacheBehavior [ RunTime:0.017792s ]
INFO: [ app_begin ] --END-- [ RunTime:0.017905s ]
SQL: SHOW COLUMNS FROM `adv` [ RunTime:0.0072s ]
ERR: Redis server went away

[ 2017-01-09T06:26:55+08:00 ] 111.251.96.122 mx-tw.mail.gm0.yahoodns.net:25
INFO: [ app_init ] --START--
INFO: Run Behavior\BuildLiteBehavior [ RunTime:0.000022s ]
INFO: [ app_init ] --END-- [ RunTime:0.000363s ]
INFO: [ app_begin ] --START--
INFO: Run Behavior\ReadHtmlCacheBehavior [ RunTime:0.000459s ]
INFO: [ app_begin ] --END-- [ RunTime:0.000541s ]
SQL: SHOW COLUMNS FROM `adv` [ RunTime:0.0188s ]
ERR: Redis server went away

[ 2017-01-09T06:27:26+08:00 ] 111.251.96.122 mx-tw.mail.gm0.yahoodns.net:25
INFO: [ app_init ] --START--
INFO: Run Behavior\BuildLiteBehavior [ RunTime:0.000023s ]
INFO: [ app_init ] --END-- [ RunTime:0.000369s ]
INFO: [ app_begin ] --START--
INFO: Run Behavior\ReadHtmlCacheBehavior [ RunTime:0.018838s ]
INFO: [ app_begin ] --END-- [ RunTime:0.018962s ]
SQL: SHOW COLUMNS FROM `adv` [ RunTime:0.0083s ]
ERR: Redis server went away

[ 2017-01-09T06:46:31+08:00 ] 111.251.96.122 mx-tw.mail.gm0.yahoodns.net:25
INFO: [ app_init ] --START--
INFO: Run Behavior\BuildLiteBehavior [ RunTime:0.000035s ]
INFO: [ app_init ] --END-- [ RunTime:0.006975s ]
INFO: [ app_begin ] --START--
INFO: Run Behavior\ReadHtmlCacheBehavior [ RunTime:0.024708s ]
INFO: [ app_begin ] --END-- [ RunTime:0.024834s ]
SQL: SHOW COLUMNS FROM `adv` [ RunTime:0.0007s ]
ERR: Redis server went away

[ 2017-01-09T06:47:18+08:00 ] 111.251.96.122 mx-tw.mail.gm0.yahoodns.net:25
INFO: [ app_init ] --START--
INFO: Run Behavior\BuildLiteBehavior [ RunTime:0.000036s ]
INFO: [ app_init ] --END-- [ RunTime:0.027291s ]
INFO: [ app_begin ] --START--
INFO: Run Behavior\ReadHtmlCacheBehavior [ RunTime:0.018706s ]
INFO: [ app_begin ] --END-- [ RunTime:0.018829s ]
SQL: SHOW COLUMNS FROM `adv` [ RunTime:0.0192s ]
ERR: Redis server went away

[ 2017-01-09T07:06:25+08:00 ] 111.251.96.122 mx-tw.mail.gm0.yahoodns.net:25
INFO: [ app_init ] --START--
INFO: Run Behavior\BuildLiteBehavior [ RunTime:0.000023s ]
INFO: [ app_init ] --END-- [ RunTime:0.000369s ]
INFO: [ app_begin ] --START--
INFO: Run Behavior\ReadHtmlCacheBehavior [ RunTime:0.014801s ]
INFO: [ app_begin ] --END-- [ RunTime:0.014935s ]
SQL: SHOW COLUMNS FROM `adv` [ RunTime:0.0020s ]
ERR: Redis server went away

[ 2017-01-09T07:07:35+08:00 ] 111.251.96.122 mx-tw.mail.gm0.yahoodns.net:25
INFO: [ app_init ] --START--
INFO: Run Behavior\BuildLiteBehavior [ RunTime:0.000039s ]
INFO: [ app_init ] --END-- [ RunTime:0.014004s ]
INFO: [ app_begin ] --START--
INFO: Run Behavior\ReadHtmlCacheBehavior [ RunTime:0.019810s ]
INFO: [ app_begin ] --END-- [ RunTime:0.019920s ]
SQL: SHOW COLUMNS FROM `adv` [ RunTime:0.0007s ]
ERR: Redis server went away

[ 2017-01-09T07:26:51+08:00 ] 111.251.96.122 mx-tw.mail.gm0.yahoodns.net:25
INFO: [ app_init ] --START--
INFO: Run Behavior\BuildLiteBehavior [ RunTime:0.000025s ]
INFO: [ app_init ] --END-- [ RunTime:0.012977s ]
INFO: [ app_begin ] --START--
INFO: Run Behavior\ReadHtmlCacheBehavior [ RunTime:0.014857s ]
INFO: [ app_begin ] --END-- [ RunTime:0.014963s ]
SQL: SHOW COLUMNS FROM `adv` [ RunTime:0.0006s ]
ERR: Redis server went away

[ 2017-01-09T07:46:12+08:00 ] 111.251.96.122 mx-tw.mail.gm0.yahoodns.net:25
INFO: [ app_init ] --START--
INFO: Run Behavior\BuildLiteBehavior [ RunTime:0.000036s ]
INFO: [ app_init ] --END-- [ RunTime:0.012998s ]
INFO: [ app_begin ] --START--
INFO: Run Behavior\ReadHtmlCacheBehavior [ RunTime:0.020783s ]
INFO: [ app_begin ] --END-- [ RunTime:0.020908s ]
SQL: SHOW COLUMNS FROM `adv` [ RunTime:0.0007s ]
ERR: Redis server went away

[ 2017-01-09T07:46:57+08:00 ] 42.156.251.187 /
INFO: [ app_init ] --START--
INFO: Run Behavior\BuildLiteBehavior [ RunTime:0.000021s ]
INFO: [ app_init ] --END-- [ RunTime:0.022417s ]
INFO: [ app_begin ] --START--
INFO: Run Behavior\ReadHtmlCacheBehavior [ RunTime:0.000460s ]
INFO: [ app_begin ] --END-- [ RunTime:0.000525s ]
SQL: SHOW COLUMNS FROM `adv` [ RunTime:0.0007s ]
ERR: Redis server went away

[ 2017-01-09T07:47:07+08:00 ] 111.251.96.122 mx-tw.mail.gm0.yahoodns.net:25
INFO: [ app_init ] --START--
INFO: Run Behavior\BuildLiteBehavior [ RunTime:0.000036s ]
INFO: [ app_init ] --END-- [ RunTime:0.013039s ]
INFO: [ app_begin ] --START--
INFO: Run Behavior\ReadHtmlCacheBehavior [ RunTime:0.024960s ]
INFO: [ app_begin ] --END-- [ RunTime:0.025115s ]
SQL: SHOW COLUMNS FROM `adv` [ RunTime:0.0112s ]
ERR: Redis server went away

[ 2017-01-09T07:47:53+08:00 ] 23.251.63.45 http://fr.cyberpods.net/
INFO: [ app_init ] --START--
INFO: Run Behavior\BuildLiteBehavior [ RunTime:0.000036s ]
INFO: [ app_init ] --END-- [ RunTime:0.012995s ]
INFO: [ app_begin ] --START--
INFO: Run Behavior\ReadHtmlCacheBehavior [ RunTime:0.016773s ]
INFO: [ app_begin ] --END-- [ RunTime:0.016892s ]
SQL: SHOW COLUMNS FROM `adv` [ RunTime:0.0074s ]
ERR: Redis server went away

[ 2017-01-09T07:47:54+08:00 ] 23.251.63.45 www.baidu.com:443
INFO: [ app_init ] --START--
INFO: Run Behavior\BuildLiteBehavior [ RunTime:0.000020s ]
INFO: [ app_init ] --END-- [ RunTime:0.000344s ]
INFO: [ app_begin ] --START--
INFO: Run Behavior\ReadHtmlCacheBehavior [ RunTime:0.014365s ]
INFO: [ app_begin ] --END-- [ RunTime:0.020801s ]
SQL: SHOW COLUMNS FROM `adv` [ RunTime:0.0177s ]
ERR: Redis server went away

[ 2017-01-09T08:06:00+08:00 ] 162.243.39.202 /
INFO: [ app_init ] --START--
INFO: Run Behavior\BuildLiteBehavior [ RunTime:0.000033s ]
INFO: [ app_init ] --END-- [ RunTime:0.029282s ]
INFO: [ app_begin ] --START--
INFO: Run Behavior\ReadHtmlCacheBehavior [ RunTime:0.014828s ]
INFO: [ app_begin ] --END-- [ RunTime:0.014949s ]
SQL: SHOW COLUMNS FROM `adv` [ RunTime:0.0006s ]
ERR: Redis server went away

[ 2017-01-09T08:13:03+08:00 ] 162.243.39.202 /
INFO: [ app_init ] --START--
INFO: Run Behavior\BuildLiteBehavior [ RunTime:0.021062s ]
INFO: [ app_init ] --END-- [ RunTime:0.021441s ]
INFO: [ app_begin ] --START--
INFO: Run Behavior\ReadHtmlCacheBehavior [ RunTime:0.012921s ]
INFO: [ app_begin ] --END-- [ RunTime:0.013015s ]
SQL: SHOW COLUMNS FROM `adv` [ RunTime:0.0007s ]
ERR: Redis server went away

[ 2017-01-09T08:26:13+08:00 ] 111.251.96.122 mx-tw.mail.gm0.yahoodns.net:25
INFO: [ app_init ] --START--
INFO: Run Behavior\BuildLiteBehavior [ RunTime:0.000034s ]
INFO: [ app_init ] --END-- [ RunTime:0.013039s ]
INFO: [ app_begin ] --START--
INFO: Run Behavior\ReadHtmlCacheBehavior [ RunTime:0.016802s ]
INFO: [ app_begin ] --END-- [ RunTime:0.016923s ]
SQL: SHOW COLUMNS FROM `adv` [ RunTime:0.0007s ]
ERR: Redis server went away

[ 2017-01-09T08:30:02+08:00 ] 162.243.39.202 /
INFO: [ app_init ] --START--
INFO: Run Behavior\BuildLiteBehavior [ RunTime:0.000035s ]
INFO: [ app_init ] --END-- [ RunTime:0.013514s ]
INFO: [ app_begin ] --START--
INFO: Run Behavior\ReadHtmlCacheBehavior [ RunTime:0.020091s ]
INFO: [ app_begin ] --END-- [ RunTime:0.020230s ]
SQL: SHOW COLUMNS FROM `adv` [ RunTime:0.0096s ]
ERR: Redis server went away

[ 2017-01-09T08:40:50+08:00 ] 162.243.39.202 /
INFO: [ app_init ] --START--
INFO: Run Behavior\BuildLiteBehavior [ RunTime:0.000034s ]
INFO: [ app_init ] --END-- [ RunTime:0.010396s ]
INFO: [ app_begin ] --START--
INFO: Run Behavior\ReadHtmlCacheBehavior [ RunTime:0.017078s ]
INFO: [ app_begin ] --END-- [ RunTime:0.017208s ]
SQL: SHOW COLUMNS FROM `adv` [ RunTime:0.0082s ]
ERR: Redis server went away

[ 2017-01-09T08:46:08+08:00 ] 111.251.96.122 mx-tw.mail.gm0.yahoodns.net:25
INFO: [ app_init ] --START--
INFO: Run Behavior\BuildLiteBehavior [ RunTime:0.000036s ]
INFO: [ app_init ] --END-- [ RunTime:0.022261s ]
INFO: [ app_begin ] --START--
INFO: Run Behavior\ReadHtmlCacheBehavior [ RunTime:0.017204s ]
INFO: [ app_begin ] --END-- [ RunTime:0.017319s ]
SQL: SHOW COLUMNS FROM `adv` [ RunTime:0.0007s ]
ERR: Redis server went away

[ 2017-01-09T08:46:58+08:00 ] 111.251.96.122 mx-tw.mail.gm0.yahoodns.net:25
INFO: [ app_init ] --START--
INFO: Run Behavior\BuildLiteBehavior [ RunTime:0.000022s ]
INFO: [ app_init ] --END-- [ RunTime:0.022460s ]
INFO: [ app_begin ] --START--
INFO: Run Behavior\ReadHtmlCacheBehavior [ RunTime:0.014039s ]
INFO: [ app_begin ] --END-- [ RunTime:0.014154s ]
SQL: SHOW COLUMNS FROM `adv` [ RunTime:0.0007s ]
ERR: Redis server went away

[ 2017-01-09T09:01:18+08:00 ] 162.243.44.121 /
INFO: [ app_init ] --START--
INFO: Run Behavior\BuildLiteBehavior [ RunTime:0.000021s ]
INFO: [ app_init ] --END-- [ RunTime:0.000369s ]
INFO: [ app_begin ] --START--
INFO: Run Behavior\ReadHtmlCacheBehavior [ RunTime:0.019977s ]
INFO: [ app_begin ] --END-- [ RunTime:0.020077s ]
SQL: SHOW COLUMNS FROM `adv` [ RunTime:0.0133s ]
ERR: Redis server went away

[ 2017-01-09T09:05:13+08:00 ] 111.251.96.122 mx-tw.mail.gm0.yahoodns.net:25
INFO: [ app_init ] --START--
INFO: Run Behavior\BuildLiteBehavior [ RunTime:0.000031s ]
INFO: [ app_init ] --END-- [ RunTime:0.000438s ]
INFO: [ app_begin ] --START--
INFO: Run Behavior\ReadHtmlCacheBehavior [ RunTime:0.018809s ]
INFO: [ app_begin ] --END-- [ RunTime:0.018934s ]
SQL: SHOW COLUMNS FROM `adv` [ RunTime:0.0007s ]
ERR: Redis server went away

[ 2017-01-09T09:07:08+08:00 ] 162.243.41.28 /
INFO: [ app_init ] --START--
INFO: Run Behavior\BuildLiteBehavior [ RunTime:0.000041s ]
INFO: [ app_init ] --END-- [ RunTime:0.011998s ]
INFO: [ app_begin ] --START--
INFO: Run Behavior\ReadHtmlCacheBehavior [ RunTime:0.019777s ]
INFO: [ app_begin ] --END-- [ RunTime:0.019897s ]
SQL: SHOW COLUMNS FROM `adv` [ RunTime:0.0007s ]
ERR: Redis server went away

[ 2017-01-09T09:25:31+08:00 ] 111.251.96.122 mx-tw.mail.gm0.yahoodns.net:25
INFO: [ app_init ] --START--
INFO: Run Behavior\BuildLiteBehavior [ RunTime:0.000028s ]
INFO: [ app_init ] --END-- [ RunTime:0.024627s ]
INFO: [ app_begin ] --START--
INFO: Run Behavior\ReadHtmlCacheBehavior [ RunTime:0.015869s ]
INFO: [ app_begin ] --END-- [ RunTime:0.015975s ]
SQL: SHOW COLUMNS FROM `adv` [ RunTime:0.0138s ]
ERR: Redis server went away

[ 2017-01-09T09:26:04+08:00 ] 111.251.96.122 mx-tw.mail.gm0.yahoodns.net:25
INFO: [ app_init ] --START--
INFO: Run Behavior\BuildLiteBehavior [ RunTime:0.000027s ]
INFO: [ app_init ] --END-- [ RunTime:0.007614s ]
INFO: [ app_begin ] --START--
INFO: Run Behavior\ReadHtmlCacheBehavior [ RunTime:0.013934s ]
INFO: [ app_begin ] --END-- [ RunTime:0.014010s ]
SQL: SHOW COLUMNS FROM `adv` [ RunTime:0.0185s ]
ERR: Redis server went away

[ 2017-01-09T09:27:08+08:00 ] 111.251.96.122 mx-tw.mail.gm0.yahoodns.net:25
INFO: [ app_init ] --START--
INFO: Run Behavior\BuildLiteBehavior [ RunTime:0.000033s ]
INFO: [ app_init ] --END-- [ RunTime:0.013072s ]
INFO: [ app_begin ] --START--
INFO: Run Behavior\ReadHtmlCacheBehavior [ RunTime:0.014803s ]
INFO: [ app_begin ] --END-- [ RunTime:0.014913s ]
SQL: SHOW COLUMNS FROM `adv` [ RunTime:0.0007s ]
ERR: Redis server went away

[ 2017-01-09T09:28:16+08:00 ] 162.243.41.28 /
INFO: [ app_init ] --START--
INFO: Run Behavior\BuildLiteBehavior [ RunTime:0.000035s ]
INFO: [ app_init ] --END-- [ RunTime:0.013996s ]
INFO: [ app_begin ] --START--
INFO: Run Behavior\ReadHtmlCacheBehavior [ RunTime:0.018820s ]
INFO: [ app_begin ] --END-- [ RunTime:0.018930s ]
SQL: SHOW COLUMNS FROM `adv` [ RunTime:0.0160s ]
ERR: Redis server went away

[ 2017-01-09T09:44:12+08:00 ] 111.251.96.122 mx-tw.mail.gm0.yahoodns.net:25
INFO: [ app_init ] --START--
INFO: Run Behavior\BuildLiteBehavior [ RunTime:0.000052s ]
INFO: [ app_init ] --END-- [ RunTime:0.015795s ]
INFO: [ app_begin ] --START--
INFO: Run Behavior\ReadHtmlCacheBehavior [ RunTime:0.023654s ]
INFO: [ app_begin ] --END-- [ RunTime:0.023787s ]
SQL: SHOW COLUMNS FROM `adv` [ RunTime:0.0088s ]
ERR: Redis server went away

[ 2017-01-09T09:45:21+08:00 ] 111.251.96.122 mx-tw.mail.gm0.yahoodns.net:25
INFO: [ app_init ] --START--
INFO: Run Behavior\BuildLiteBehavior [ RunTime:0.000035s ]
INFO: [ app_init ] --END-- [ RunTime:0.015025s ]
INFO: [ app_begin ] --START--
INFO: Run Behavior\ReadHtmlCacheBehavior [ RunTime:0.018236s ]
INFO: [ app_begin ] --END-- [ RunTime:0.018365s ]
SQL: SHOW COLUMNS FROM `adv` [ RunTime:0.0007s ]
ERR: Redis server went away

[ 2017-01-09T10:03:40+08:00 ] 111.251.96.122 mx-tw.mail.gm0.yahoodns.net:25
INFO: [ app_init ] --START--
INFO: Run Behavior\BuildLiteBehavior [ RunTime:0.000033s ]
INFO: [ app_init ] --END-- [ RunTime:0.012641s ]
INFO: [ app_begin ] --START--
INFO: Run Behavior\ReadHtmlCacheBehavior [ RunTime:0.000473s ]
INFO: [ app_begin ] --END-- [ RunTime:0.000555s ]
SQL: SHOW COLUMNS FROM `adv` [ RunTime:0.0007s ]
ERR: Redis server went away

[ 2017-01-09T10:04:36+08:00 ] 111.251.96.122 mx-tw.mail.gm0.yahoodns.net:25
INFO: [ app_init ] --START--
INFO: Run Behavior\BuildLiteBehavior [ RunTime:0.000030s ]
INFO: [ app_init ] --END-- [ RunTime:0.007121s ]
INFO: [ app_begin ] --START--
INFO: Run Behavior\ReadHtmlCacheBehavior [ RunTime:0.017773s ]
INFO: [ app_begin ] --END-- [ RunTime:0.017908s ]
SQL: SHOW COLUMNS FROM `adv` [ RunTime:0.0073s ]
ERR: Redis server went away

[ 2017-01-09T10:05:27+08:00 ] 111.251.96.122 mx-tw.mail.gm0.yahoodns.net:25
INFO: [ app_init ] --START--
INFO: Run Behavior\BuildLiteBehavior [ RunTime:0.000037s ]
INFO: [ app_init ] --END-- [ RunTime:0.010975s ]
INFO: [ app_begin ] --START--
INFO: Run Behavior\ReadHtmlCacheBehavior [ RunTime:0.015797s ]
INFO: [ app_begin ] --END-- [ RunTime:0.015901s ]
SQL: SHOW COLUMNS FROM `adv` [ RunTime:0.0017s ]
ERR: Redis server went away

[ 2017-01-09T10:13:42+08:00 ] 162.243.41.28 /
INFO: [ app_init ] --START--
INFO: Run Behavior\BuildLiteBehavior [ RunTime:0.000021s ]
INFO: [ app_init ] --END-- [ RunTime:0.000375s ]
INFO: [ app_begin ] --START--
INFO: Run Behavior\ReadHtmlCacheBehavior [ RunTime:0.035090s ]
INFO: [ app_begin ] --END-- [ RunTime:0.035181s ]
SQL: SHOW COLUMNS FROM `adv` [ RunTime:0.0091s ]
ERR: Redis server went away

[ 2017-01-09T10:27:46+08:00 ] 169.54.233.119 /
INFO: [ app_init ] --START--
INFO: Run Behavior\BuildLiteBehavior [ RunTime:0.000026s ]
INFO: [ app_init ] --END-- [ RunTime:0.008721s ]
INFO: [ app_begin ] --START--
INFO: Run Behavior\ReadHtmlCacheBehavior [ RunTime:0.020903s ]
INFO: [ app_begin ] --END-- [ RunTime:0.021005s ]
SQL: SHOW COLUMNS FROM `adv` [ RunTime:0.0133s ]
ERR: Redis server went away

[ 2017-01-09T10:37:22+08:00 ] 162.243.39.202 /
INFO: [ app_init ] --START--
INFO: Run Behavior\BuildLiteBehavior [ RunTime:0.000022s ]
INFO: [ app_init ] --END-- [ RunTime:0.017458s ]
INFO: [ app_begin ] --START--
INFO: Run Behavior\ReadHtmlCacheBehavior [ RunTime:0.018829s ]
INFO: [ app_begin ] --END-- [ RunTime:0.018950s ]
SQL: SHOW COLUMNS FROM `adv` [ RunTime:0.0123s ]
ERR: Redis server went away

[ 2017-01-09T10:43:27+08:00 ] 111.251.96.122 mx-tw.mail.gm0.yahoodns.net:25
INFO: [ app_init ] --START--
INFO: Run Behavior\BuildLiteBehavior [ RunTime:0.000045s ]
INFO: [ app_init ] --END-- [ RunTime:0.013053s ]
INFO: [ app_begin ] --START--
INFO: Run Behavior\ReadHtmlCacheBehavior [ RunTime:0.025777s ]
INFO: [ app_begin ] --END-- [ RunTime:0.025922s ]
SQL: SHOW COLUMNS FROM `adv` [ RunTime:0.0080s ]
ERR: Redis server went away

[ 2017-01-09T10:46:22+08:00 ] 162.243.44.121 /
INFO: [ app_init ] --START--
INFO: Run Behavior\BuildLiteBehavior [ RunTime:0.000025s ]
INFO: [ app_init ] --END-- [ RunTime:0.000433s ]
INFO: [ app_begin ] --START--
INFO: Run Behavior\ReadHtmlCacheBehavior [ RunTime:0.037084s ]
INFO: [ app_begin ] --END-- [ RunTime:0.037173s ]
SQL: SHOW COLUMNS FROM `adv` [ RunTime:0.0081s ]
ERR: Redis server went away

[ 2017-01-09T11:03:19+08:00 ] 111.251.96.122 mx-tw.mail.gm0.yahoodns.net:25
INFO: [ app_init ] --START--
INFO: Run Behavior\BuildLiteBehavior [ RunTime:0.000021s ]
INFO: [ app_init ] --END-- [ RunTime:0.000384s ]
INFO: [ app_begin ] --START--
INFO: Run Behavior\ReadHtmlCacheBehavior [ RunTime:0.015852s ]
INFO: [ app_begin ] --END-- [ RunTime:0.015978s ]
SQL: SHOW COLUMNS FROM `adv` [ RunTime:0.0169s ]
ERR: Redis server went away

[ 2017-01-09T11:03:38+08:00 ] 162.243.44.121 /
INFO: [ app_init ] --START--
INFO: Run Behavior\BuildLiteBehavior [ RunTime:0.000033s ]
INFO: [ app_init ] --END-- [ RunTime:0.012993s ]
INFO: [ app_begin ] --START--
INFO: Run Behavior\ReadHtmlCacheBehavior [ RunTime:0.029758s ]
INFO: [ app_begin ] --END-- [ RunTime:0.029879s ]
SQL: SHOW COLUMNS FROM `adv` [ RunTime:0.0069s ]
ERR: Redis server went away

[ 2017-01-09T11:13:15+08:00 ] 23.251.63.45 www.baidu.com:443
INFO: [ app_init ] --START--
INFO: Run Behavior\BuildLiteBehavior [ RunTime:0.000041s ]
INFO: [ app_init ] --END-- [ RunTime:0.013018s ]
INFO: [ app_begin ] --START--
INFO: Run Behavior\ReadHtmlCacheBehavior [ RunTime:0.022747s ]
INFO: [ app_begin ] --END-- [ RunTime:0.022874s ]
SQL: SHOW COLUMNS FROM `adv` [ RunTime:0.0181s ]
ERR: Redis server went away

[ 2017-01-09T11:14:26+08:00 ] 23.251.63.45 www.alipay.com:443
INFO: [ app_init ] --START--
INFO: Run Behavior\BuildLiteBehavior [ RunTime:0.000029s ]
INFO: [ app_init ] --END-- [ RunTime:0.030283s ]
INFO: [ app_begin ] --START--
INFO: Run Behavior\ReadHtmlCacheBehavior [ RunTime:0.012862s ]
INFO: [ app_begin ] --END-- [ RunTime:0.012962s ]
SQL: SHOW COLUMNS FROM `adv` [ RunTime:0.0062s ]
ERR: Redis server went away

[ 2017-01-09T11:21:50+08:00 ] 111.251.96.122 mx-tw.mail.gm0.yahoodns.net:25
INFO: [ app_init ] --START--
INFO: Run Behavior\BuildLiteBehavior [ RunTime:0.000031s ]
INFO: [ app_init ] --END-- [ RunTime:0.007000s ]
INFO: [ app_begin ] --START--
INFO: Run Behavior\ReadHtmlCacheBehavior [ RunTime:0.016730s ]
INFO: [ app_begin ] --END-- [ RunTime:0.016837s ]
SQL: SHOW COLUMNS FROM `adv` [ RunTime:0.0007s ]
ERR: Redis server went away

[ 2017-01-09T11:22:56+08:00 ] 111.251.96.122 mx-tw.mail.gm0.yahoodns.net:25
INFO: [ app_init ] --START--
INFO: Run Behavior\BuildLiteBehavior [ RunTime:0.000020s ]
INFO: [ app_init ] --END-- [ RunTime:0.019422s ]
INFO: [ app_begin ] --START--
INFO: Run Behavior\ReadHtmlCacheBehavior [ RunTime:0.014779s ]
INFO: [ app_begin ] --END-- [ RunTime:0.014902s ]
SQL: SHOW COLUMNS FROM `adv` [ RunTime:0.0006s ]
ERR: Redis server went away

[ 2017-01-09T11:41:07+08:00 ] 111.251.96.122 mx-tw.mail.gm0.yahoodns.net:25
INFO: [ app_init ] --START--
INFO: Run Behavior\BuildLiteBehavior [ RunTime:0.000044s ]
INFO: [ app_init ] --END-- [ RunTime:0.013999s ]
INFO: [ app_begin ] --START--
INFO: Run Behavior\ReadHtmlCacheBehavior [ RunTime:0.021792s ]
INFO: [ app_begin ] --END-- [ RunTime:0.021929s ]
SQL: SHOW COLUMNS FROM `adv` [ RunTime:0.0158s ]
ERR: Redis server went away

[ 2017-01-09T11:41:14+08:00 ] 182.99.42.113 search.yahoo.com:443
INFO: [ app_init ] --START--
INFO: Run Behavior\BuildLiteBehavior [ RunTime:0.000035s ]
INFO: [ app_init ] --END-- [ RunTime:0.012982s ]
INFO: [ app_begin ] --START--
INFO: Run Behavior\ReadHtmlCacheBehavior [ RunTime:0.019354s ]
INFO: [ app_begin ] --END-- [ RunTime:0.019487s ]
SQL: SHOW COLUMNS FROM `adv` [ RunTime:0.0007s ]
ERR: Redis server went away

[ 2017-01-09T12:00:30+08:00 ] 111.251.96.122 mx-tw.mail.gm0.yahoodns.net:25
INFO: [ app_init ] --START--
INFO: Run Behavior\BuildLiteBehavior [ RunTime:0.000031s ]
INFO: [ app_init ] --END-- [ RunTime:0.014209s ]
INFO: [ app_begin ] --START--
INFO: Run Behavior\ReadHtmlCacheBehavior [ RunTime:0.014862s ]
INFO: [ app_begin ] --END-- [ RunTime:0.014984s ]
SQL: SHOW COLUMNS FROM `adv` [ RunTime:0.0007s ]
ERR: Redis server went away

[ 2017-01-09T12:01:20+08:00 ] 111.251.96.122 mx-tw.mail.gm0.yahoodns.net:25
INFO: [ app_init ] --START--
INFO: Run Behavior\BuildLiteBehavior [ RunTime:0.000037s ]
INFO: [ app_init ] --END-- [ RunTime:0.014987s ]
INFO: [ app_begin ] --START--
INFO: Run Behavior\ReadHtmlCacheBehavior [ RunTime:0.017790s ]
INFO: [ app_begin ] --END-- [ RunTime:0.017936s ]
SQL: SHOW COLUMNS FROM `adv` [ RunTime:0.0139s ]
ERR: Redis server went away

[ 2017-01-09T12:19:58+08:00 ] 111.251.96.122 mx-tw.mail.gm0.yahoodns.net:25
INFO: [ app_init ] --START--
INFO: Run Behavior\BuildLiteBehavior [ RunTime:0.000024s ]
INFO: [ app_init ] --END-- [ RunTime:0.000526s ]
INFO: [ app_begin ] --START--
INFO: Run Behavior\ReadHtmlCacheBehavior [ RunTime:0.018770s ]
INFO: [ app_begin ] --END-- [ RunTime:0.018899s ]
SQL: SHOW COLUMNS FROM `adv` [ RunTime:0.0007s ]
ERR: Redis server went away

[ 2017-01-09T12:29:57+08:00 ] 49.114.75.147 /
INFO: [ app_init ] --START--
INFO: Run Behavior\BuildLiteBehavior [ RunTime:0.000022s ]
INFO: [ app_init ] --END-- [ RunTime:0.000358s ]
INFO: [ app_begin ] --START--
INFO: Run Behavior\ReadHtmlCacheBehavior [ RunTime:0.036172s ]
INFO: [ app_begin ] --END-- [ RunTime:0.036268s ]
SQL: SHOW COLUMNS FROM `adv` [ RunTime:0.0139s ]
ERR: Redis server went away

[ 2017-01-09T12:30:07+08:00 ] 101.226.33.218 /
INFO: [ app_init ] --START--
INFO: Run Behavior\BuildLiteBehavior [ RunTime:0.000029s ]
INFO: [ app_init ] --END-- [ RunTime:0.008552s ]
INFO: [ app_begin ] --START--
INFO: Run Behavior\ReadHtmlCacheBehavior [ RunTime:0.015885s ]
INFO: [ app_begin ] --END-- [ RunTime:0.015990s ]
SQL: SHOW COLUMNS FROM `adv` [ RunTime:0.0134s ]
ERR: Redis server went away

