[ 2017-02-04T00:06:54+08:00 ] 111.251.90.214 mx-tw.mail.gm0.yahoodns.net:25
INFO: [ app_init ] --START--
INFO: Run Behavior\BuildLiteBehavior [ RunTime:0.000037s ]
INFO: [ app_init ] --END-- [ RunTime:0.018927s ]
INFO: [ app_begin ] --START--
INFO: Run Behavior\ReadHtmlCacheBehavior [ RunTime:0.033543s ]
INFO: [ app_begin ] --END-- [ RunTime:0.033698s ]
SQL: SHOW COLUMNS FROM `adv` [ RunTime:0.0167s ]
ERR: Redis server went away

[ 2017-02-04T00:07:30+08:00 ] 111.251.90.214 mx-tw.mail.gm0.yahoodns.net:25
INFO: [ app_init ] --START--
INFO: Run Behavior\BuildLiteBehavior [ RunTime:0.000057s ]
INFO: [ app_init ] --END-- [ RunTime:0.016983s ]
INFO: [ app_begin ] --START--
INFO: Run Behavior\ReadHtmlCacheBehavior [ RunTime:0.029623s ]
INFO: [ app_begin ] --END-- [ RunTime:0.029880s ]
SQL: SHOW COLUMNS FROM `adv` [ RunTime:0.0073s ]
ERR: Redis server went away

[ 2017-02-04T00:26:51+08:00 ] 111.251.90.214 mx-tw.mail.gm0.yahoodns.net:25
INFO: [ app_init ] --START--
INFO: Run Behavior\BuildLiteBehavior [ RunTime:0.000036s ]
INFO: [ app_init ] --END-- [ RunTime:0.014001s ]
INFO: [ app_begin ] --START--
INFO: Run Behavior\ReadHtmlCacheBehavior [ RunTime:0.039668s ]
INFO: [ app_begin ] --END-- [ RunTime:0.039928s ]
SQL: SHOW COLUMNS FROM `adv` [ RunTime:0.0072s ]
ERR: Redis server went away

[ 2017-02-04T00:45:56+08:00 ] 111.251.90.214 mx-tw.mail.gm0.yahoodns.net:25
INFO: [ app_init ] --START--
INFO: Run Behavior\BuildLiteBehavior [ RunTime:0.000080s ]
INFO: [ app_init ] --END-- [ RunTime:0.021950s ]
INFO: [ app_begin ] --START--
INFO: Run Behavior\ReadHtmlCacheBehavior [ RunTime:0.022794s ]
INFO: [ app_begin ] --END-- [ RunTime:0.022993s ]
SQL: SHOW COLUMNS FROM `adv` [ RunTime:0.0170s ]
ERR: Redis server went away

[ 2017-02-04T00:46:21+08:00 ] 111.251.90.214 mx-tw.mail.gm0.yahoodns.net:25
INFO: [ app_init ] --START--
INFO: Run Behavior\BuildLiteBehavior [ RunTime:0.000053s ]
INFO: [ app_init ] --END-- [ RunTime:0.019045s ]
INFO: [ app_begin ] --START--
INFO: Run Behavior\ReadHtmlCacheBehavior [ RunTime:0.032756s ]
INFO: [ app_begin ] --END-- [ RunTime:0.033051s ]
SQL: SHOW COLUMNS FROM `adv` [ RunTime:0.0140s ]
ERR: Redis server went away

[ 2017-02-04T01:05:30+08:00 ] 111.251.90.214 mx-tw.mail.gm0.yahoodns.net:25
INFO: [ app_init ] --START--
INFO: Run Behavior\BuildLiteBehavior [ RunTime:0.000067s ]
INFO: [ app_init ] --END-- [ RunTime:0.015799s ]
INFO: [ app_begin ] --START--
INFO: Run Behavior\ReadHtmlCacheBehavior [ RunTime:0.023926s ]
INFO: [ app_begin ] --END-- [ RunTime:0.024054s ]
SQL: SHOW COLUMNS FROM `adv` [ RunTime:0.0176s ]
ERR: Redis server went away

[ 2017-02-04T01:06:07+08:00 ] 111.251.90.214 mx-tw.mail.gm0.yahoodns.net:25
INFO: [ app_init ] --START--
INFO: Run Behavior\BuildLiteBehavior [ RunTime:0.000036s ]
INFO: [ app_init ] --END-- [ RunTime:0.014999s ]
INFO: [ app_begin ] --START--
INFO: Run Behavior\ReadHtmlCacheBehavior [ RunTime:0.035531s ]
INFO: [ app_begin ] --END-- [ RunTime:0.035704s ]
SQL: SHOW COLUMNS FROM `adv` [ RunTime:0.0146s ]
ERR: Redis server went away

[ 2017-02-04T01:25:33+08:00 ] 111.251.90.214 mx-tw.mail.gm0.yahoodns.net:25
INFO: [ app_init ] --START--
INFO: Run Behavior\BuildLiteBehavior [ RunTime:0.000037s ]
INFO: [ app_init ] --END-- [ RunTime:0.021958s ]
INFO: [ app_begin ] --START--
INFO: Run Behavior\ReadHtmlCacheBehavior [ RunTime:0.035281s ]
INFO: [ app_begin ] --END-- [ RunTime:0.035429s ]
SQL: SHOW COLUMNS FROM `adv` [ RunTime:0.0237s ]
ERR: Redis server went away

[ 2017-02-04T01:25:59+08:00 ] 111.251.90.214 mx-tw.mail.gm0.yahoodns.net:25
INFO: [ app_init ] --START--
INFO: Run Behavior\BuildLiteBehavior [ RunTime:0.000059s ]
INFO: [ app_init ] --END-- [ RunTime:0.012049s ]
INFO: [ app_begin ] --START--
INFO: Run Behavior\ReadHtmlCacheBehavior [ RunTime:0.021834s ]
INFO: [ app_begin ] --END-- [ RunTime:0.021979s ]
SQL: SHOW COLUMNS FROM `adv` [ RunTime:0.0205s ]
ERR: Redis server went away

[ 2017-02-04T01:45:23+08:00 ] 111.251.90.214 mx-tw.mail.gm0.yahoodns.net:25
INFO: [ app_init ] --START--
INFO: Run Behavior\BuildLiteBehavior [ RunTime:0.000036s ]
INFO: [ app_init ] --END-- [ RunTime:0.013806s ]
INFO: [ app_begin ] --START--
INFO: Run Behavior\ReadHtmlCacheBehavior [ RunTime:0.030696s ]
INFO: [ app_begin ] --END-- [ RunTime:0.030896s ]
SQL: SHOW COLUMNS FROM `adv` [ RunTime:0.0133s ]
ERR: Redis server went away

[ 2017-02-04T01:45:48+08:00 ] 111.251.90.214 mx-tw.mail.gm0.yahoodns.net:25
INFO: [ app_init ] --START--
INFO: Run Behavior\BuildLiteBehavior [ RunTime:0.000078s ]
INFO: [ app_init ] --END-- [ RunTime:0.019148s ]
INFO: [ app_begin ] --START--
INFO: Run Behavior\ReadHtmlCacheBehavior [ RunTime:0.031489s ]
INFO: [ app_begin ] --END-- [ RunTime:0.031620s ]
SQL: SHOW COLUMNS FROM `adv` [ RunTime:0.0075s ]
ERR: Redis server went away

[ 2017-02-04T02:02:16+08:00 ] 60.191.38.77 /
INFO: [ app_init ] --START--
INFO: Run Behavior\BuildLiteBehavior [ RunTime:0.000033s ]
INFO: [ app_init ] --END-- [ RunTime:0.010033s ]
INFO: [ app_begin ] --START--
INFO: Run Behavior\ReadHtmlCacheBehavior [ RunTime:0.032656s ]
INFO: [ app_begin ] --END-- [ RunTime:0.032793s ]
SQL: SHOW COLUMNS FROM `adv` [ RunTime:0.0199s ]
ERR: Redis server went away

[ 2017-02-04T02:04:59+08:00 ] 111.251.90.214 mx-tw.mail.gm0.yahoodns.net:25
INFO: [ app_init ] --START--
INFO: Run Behavior\BuildLiteBehavior [ RunTime:0.000039s ]
INFO: [ app_init ] --END-- [ RunTime:0.032779s ]
INFO: [ app_begin ] --START--
INFO: Run Behavior\ReadHtmlCacheBehavior [ RunTime:0.034637s ]
INFO: [ app_begin ] --END-- [ RunTime:0.034776s ]
SQL: SHOW COLUMNS FROM `adv` [ RunTime:0.0008s ]
ERR: Redis server went away

[ 2017-02-04T02:05:13+08:00 ] 111.251.90.214 mx-tw.mail.gm0.yahoodns.net:25
INFO: [ app_init ] --START--
INFO: Run Behavior\BuildLiteBehavior [ RunTime:0.000039s ]
INFO: [ app_init ] --END-- [ RunTime:0.018923s ]
INFO: [ app_begin ] --START--
INFO: Run Behavior\ReadHtmlCacheBehavior [ RunTime:0.032296s ]
INFO: [ app_begin ] --END-- [ RunTime:0.032495s ]
SQL: SHOW COLUMNS FROM `adv` [ RunTime:0.0159s ]
ERR: Redis server went away

[ 2017-02-04T02:05:39+08:00 ] 111.251.90.214 mx-tw.mail.gm0.yahoodns.net:25
INFO: [ app_init ] --START--
INFO: Run Behavior\BuildLiteBehavior [ RunTime:0.000081s ]
INFO: [ app_init ] --END-- [ RunTime:0.014966s ]
INFO: [ app_begin ] --START--
INFO: Run Behavior\ReadHtmlCacheBehavior [ RunTime:0.018762s ]
INFO: [ app_begin ] --END-- [ RunTime:0.018914s ]
SQL: SHOW COLUMNS FROM `adv` [ RunTime:0.0148s ]
ERR: Redis server went away

[ 2017-02-04T02:24:53+08:00 ] 111.251.90.214 mx-tw.mail.gm0.yahoodns.net:25
INFO: [ app_init ] --START--
INFO: Run Behavior\BuildLiteBehavior [ RunTime:0.000279s ]
INFO: [ app_init ] --END-- [ RunTime:0.019373s ]
INFO: [ app_begin ] --START--
INFO: Run Behavior\ReadHtmlCacheBehavior [ RunTime:0.030153s ]
INFO: [ app_begin ] --END-- [ RunTime:0.030298s ]
SQL: SHOW COLUMNS FROM `adv` [ RunTime:0.0074s ]
ERR: Redis server went away

[ 2017-02-04T02:25:10+08:00 ] 111.251.90.214 mx-tw.mail.gm0.yahoodns.net:25
INFO: [ app_init ] --START--
INFO: Run Behavior\BuildLiteBehavior [ RunTime:0.000023s ]
INFO: [ app_init ] --END-- [ RunTime:0.020144s ]
INFO: [ app_begin ] --START--
INFO: Run Behavior\ReadHtmlCacheBehavior [ RunTime:0.022518s ]
INFO: [ app_begin ] --END-- [ RunTime:0.022647s ]
SQL: SHOW COLUMNS FROM `adv` [ RunTime:0.0221s ]
ERR: Redis server went away

[ 2017-02-04T02:25:47+08:00 ] 111.251.90.214 mx-tw.mail.gm0.yahoodns.net:25
INFO: [ app_init ] --START--
INFO: Run Behavior\BuildLiteBehavior [ RunTime:0.000033s ]
INFO: [ app_init ] --END-- [ RunTime:0.013313s ]
INFO: [ app_begin ] --START--
INFO: Run Behavior\ReadHtmlCacheBehavior [ RunTime:0.031711s ]
INFO: [ app_begin ] --END-- [ RunTime:0.031943s ]
SQL: SHOW COLUMNS FROM `adv` [ RunTime:0.0189s ]
ERR: Redis server went away

[ 2017-02-04T02:44:27+08:00 ] 121.42.150.103 search.yahoo.com:443
INFO: [ app_init ] --START--
INFO: Run Behavior\BuildLiteBehavior [ RunTime:0.000062s ]
INFO: [ app_init ] --END-- [ RunTime:0.014251s ]
INFO: [ app_begin ] --START--
INFO: Run Behavior\ReadHtmlCacheBehavior [ RunTime:0.019834s ]
INFO: [ app_begin ] --END-- [ RunTime:0.020028s ]
SQL: SHOW COLUMNS FROM `adv` [ RunTime:0.0111s ]
ERR: Redis server went away

[ 2017-02-04T02:44:44+08:00 ] 111.251.90.214 mx-tw.mail.gm0.yahoodns.net:25
INFO: [ app_init ] --START--
INFO: Run Behavior\BuildLiteBehavior [ RunTime:0.000035s ]
INFO: [ app_init ] --END-- [ RunTime:0.016698s ]
INFO: [ app_begin ] --START--
INFO: Run Behavior\ReadHtmlCacheBehavior [ RunTime:0.023774s ]
INFO: [ app_begin ] --END-- [ RunTime:0.023905s ]
SQL: SHOW COLUMNS FROM `adv` [ RunTime:0.0158s ]
ERR: Redis server went away

[ 2017-02-04T02:45:05+08:00 ] 111.251.90.214 mx-tw.mail.gm0.yahoodns.net:25
INFO: [ app_init ] --START--
INFO: Run Behavior\BuildLiteBehavior [ RunTime:0.000036s ]
INFO: [ app_init ] --END-- [ RunTime:0.018144s ]
INFO: [ app_begin ] --START--
INFO: Run Behavior\ReadHtmlCacheBehavior [ RunTime:0.019764s ]
INFO: [ app_begin ] --END-- [ RunTime:0.019894s ]
SQL: SHOW COLUMNS FROM `adv` [ RunTime:0.0295s ]
ERR: Redis server went away

[ 2017-02-04T02:45:25+08:00 ] 111.251.90.214 mx-tw.mail.gm0.yahoodns.net:25
INFO: [ app_init ] --START--
INFO: Run Behavior\BuildLiteBehavior [ RunTime:0.000067s ]
INFO: [ app_init ] --END-- [ RunTime:0.016003s ]
INFO: [ app_begin ] --START--
INFO: Run Behavior\ReadHtmlCacheBehavior [ RunTime:0.036564s ]
INFO: [ app_begin ] --END-- [ RunTime:0.036724s ]
SQL: SHOW COLUMNS FROM `adv` [ RunTime:0.0320s ]
ERR: Redis server went away

[ 2017-02-04T03:04:32+08:00 ] 111.251.90.214 mx-tw.mail.gm0.yahoodns.net:25
INFO: [ app_init ] --START--
INFO: Run Behavior\BuildLiteBehavior [ RunTime:0.000023s ]
INFO: [ app_init ] --END-- [ RunTime:0.022171s ]
INFO: [ app_begin ] --START--
INFO: Run Behavior\ReadHtmlCacheBehavior [ RunTime:0.018847s ]
INFO: [ app_begin ] --END-- [ RunTime:0.019038s ]
SQL: SHOW COLUMNS FROM `adv` [ RunTime:0.0257s ]
ERR: Redis server went away

[ 2017-02-04T03:05:10+08:00 ] 111.251.90.214 mx-tw.mail.gm0.yahoodns.net:25
INFO: [ app_init ] --START--
INFO: Run Behavior\BuildLiteBehavior [ RunTime:0.000021s ]
INFO: [ app_init ] --END-- [ RunTime:0.000358s ]
INFO: [ app_begin ] --START--
INFO: Run Behavior\ReadHtmlCacheBehavior [ RunTime:0.034594s ]
INFO: [ app_begin ] --END-- [ RunTime:0.034694s ]
SQL: SHOW COLUMNS FROM `adv` [ RunTime:0.0082s ]
ERR: Redis server went away

[ 2017-02-04T04:03:48+08:00 ] 111.251.90.214 mx-tw.mail.gm0.yahoodns.net:25
INFO: [ app_init ] --START--
INFO: Run Behavior\BuildLiteBehavior [ RunTime:0.000037s ]
INFO: [ app_init ] --END-- [ RunTime:0.021895s ]
INFO: [ app_begin ] --START--
INFO: Run Behavior\ReadHtmlCacheBehavior [ RunTime:0.013785s ]
INFO: [ app_begin ] --END-- [ RunTime:0.013904s ]
SQL: SHOW COLUMNS FROM `adv` [ RunTime:0.0210s ]
ERR: Redis server went away

[ 2017-02-04T04:23:43+08:00 ] 111.251.90.214 mx-tw.mail.gm0.yahoodns.net:25
INFO: [ app_init ] --START--
INFO: Run Behavior\BuildLiteBehavior [ RunTime:0.000037s ]
INFO: [ app_init ] --END-- [ RunTime:0.030486s ]
INFO: [ app_begin ] --START--
INFO: Run Behavior\ReadHtmlCacheBehavior [ RunTime:0.027670s ]
INFO: [ app_begin ] --END-- [ RunTime:0.027810s ]
SQL: SHOW COLUMNS FROM `adv` [ RunTime:0.0163s ]
ERR: Redis server went away

[ 2017-02-04T05:03:36+08:00 ] 111.251.90.214 mx-tw.mail.gm0.yahoodns.net:25
INFO: [ app_init ] --START--
INFO: Run Behavior\BuildLiteBehavior [ RunTime:0.000049s ]
INFO: [ app_init ] --END-- [ RunTime:0.029563s ]
INFO: [ app_begin ] --START--
INFO: Run Behavior\ReadHtmlCacheBehavior [ RunTime:0.021600s ]
INFO: [ app_begin ] --END-- [ RunTime:0.021854s ]
SQL: SHOW COLUMNS FROM `adv` [ RunTime:0.0172s ]
ERR: Redis server went away

[ 2017-02-04T05:23:14+08:00 ] 111.251.90.214 mx-tw.mail.gm0.yahoodns.net:25
INFO: [ app_init ] --START--
INFO: Run Behavior\BuildLiteBehavior [ RunTime:0.000049s ]
INFO: [ app_init ] --END-- [ RunTime:0.013198s ]
INFO: [ app_begin ] --START--
INFO: Run Behavior\ReadHtmlCacheBehavior [ RunTime:0.019814s ]
INFO: [ app_begin ] --END-- [ RunTime:0.020027s ]
SQL: SHOW COLUMNS FROM `adv` [ RunTime:0.0180s ]
ERR: Redis server went away

[ 2017-02-04T05:23:42+08:00 ] 111.251.90.214 mx-tw.mail.gm0.yahoodns.net:25
INFO: [ app_init ] --START--
INFO: Run Behavior\BuildLiteBehavior [ RunTime:0.000064s ]
INFO: [ app_init ] --END-- [ RunTime:0.021066s ]
INFO: [ app_begin ] --START--
INFO: Run Behavior\ReadHtmlCacheBehavior [ RunTime:0.018787s ]
INFO: [ app_begin ] --END-- [ RunTime:0.018982s ]
SQL: SHOW COLUMNS FROM `adv` [ RunTime:0.0139s ]
ERR: Redis server went away

[ 2017-02-04T05:24:12+08:00 ] 111.251.90.214 mx-tw.mail.gm0.yahoodns.net:25
INFO: [ app_init ] --START--
INFO: Run Behavior\BuildLiteBehavior [ RunTime:0.000090s ]
INFO: [ app_init ] --END-- [ RunTime:0.017709s ]
INFO: [ app_begin ] --START--
INFO: Run Behavior\ReadHtmlCacheBehavior [ RunTime:0.040354s ]
INFO: [ app_begin ] --END-- [ RunTime:0.040557s ]
SQL: SHOW COLUMNS FROM `adv` [ RunTime:0.0137s ]
ERR: Redis server went away

[ 2017-02-04T05:24:30+08:00 ] 111.251.90.214 mx-tw.mail.gm0.yahoodns.net:25
INFO: [ app_init ] --START--
INFO: Run Behavior\BuildLiteBehavior [ RunTime:0.000034s ]
INFO: [ app_init ] --END-- [ RunTime:0.013128s ]
INFO: [ app_begin ] --START--
INFO: Run Behavior\ReadHtmlCacheBehavior [ RunTime:0.000545s ]
INFO: [ app_begin ] --END-- [ RunTime:0.023286s ]
SQL: SHOW COLUMNS FROM `adv` [ RunTime:0.0200s ]
ERR: Redis server went away

[ 2017-02-04T05:43:27+08:00 ] 111.251.90.214 mx-tw.mail.gm0.yahoodns.net:25
INFO: [ app_init ] --START--
INFO: Run Behavior\BuildLiteBehavior [ RunTime:0.000067s ]
INFO: [ app_init ] --END-- [ RunTime:0.019677s ]
INFO: [ app_begin ] --START--
INFO: Run Behavior\ReadHtmlCacheBehavior [ RunTime:0.015853s ]
INFO: [ app_begin ] --END-- [ RunTime:0.016048s ]
SQL: SHOW COLUMNS FROM `adv` [ RunTime:0.0118s ]
ERR: Redis server went away

[ 2017-02-04T05:51:25+08:00 ] 23.251.63.45 www.baidu.com:443
INFO: [ app_init ] --START--
INFO: Run Behavior\BuildLiteBehavior [ RunTime:0.000065s ]
INFO: [ app_init ] --END-- [ RunTime:0.020132s ]
INFO: [ app_begin ] --START--
INFO: Run Behavior\ReadHtmlCacheBehavior [ RunTime:0.028602s ]
INFO: [ app_begin ] --END-- [ RunTime:0.028753s ]
SQL: SHOW COLUMNS FROM `adv` [ RunTime:0.0157s ]
ERR: Redis server went away

[ 2017-02-04T05:51:27+08:00 ] 59.173.136.70 http://www.123cha.com
INFO: [ app_init ] --START--
INFO: Run Behavior\BuildLiteBehavior [ RunTime:0.000055s ]
INFO: [ app_init ] --END-- [ RunTime:0.027962s ]
INFO: [ app_begin ] --START--
INFO: Run Behavior\ReadHtmlCacheBehavior [ RunTime:0.039295s ]
INFO: [ app_begin ] --END-- [ RunTime:0.039411s ]
SQL: SHOW COLUMNS FROM `adv` [ RunTime:0.0220s ]
ERR: Redis server went away

[ 2017-02-04T06:03:15+08:00 ] 111.251.90.214 mx-tw.mail.gm0.yahoodns.net:25
INFO: [ app_init ] --START--
INFO: Run Behavior\BuildLiteBehavior [ RunTime:0.000035s ]
INFO: [ app_init ] --END-- [ RunTime:0.010979s ]
INFO: [ app_begin ] --START--
INFO: Run Behavior\ReadHtmlCacheBehavior [ RunTime:0.024840s ]
INFO: [ app_begin ] --END-- [ RunTime:0.025002s ]
SQL: SHOW COLUMNS FROM `adv` [ RunTime:0.0162s ]
ERR: Redis server went away

[ 2017-02-04T06:23:13+08:00 ] 111.251.90.214 mx-tw.mail.gm0.yahoodns.net:25
INFO: [ app_init ] --START--
INFO: Run Behavior\BuildLiteBehavior [ RunTime:0.000049s ]
INFO: [ app_init ] --END-- [ RunTime:0.018031s ]
INFO: [ app_begin ] --START--
INFO: Run Behavior\ReadHtmlCacheBehavior [ RunTime:0.031751s ]
INFO: [ app_begin ] --END-- [ RunTime:0.031900s ]
SQL: SHOW COLUMNS FROM `adv` [ RunTime:0.0112s ]
ERR: Redis server went away

[ 2017-02-04T06:42:51+08:00 ] 111.251.90.214 mx-tw.mail.gm0.yahoodns.net:25
INFO: [ app_init ] --START--
INFO: Run Behavior\BuildLiteBehavior [ RunTime:0.000039s ]
INFO: [ app_init ] --END-- [ RunTime:0.022880s ]
INFO: [ app_begin ] --START--
INFO: Run Behavior\ReadHtmlCacheBehavior [ RunTime:0.020843s ]
INFO: [ app_begin ] --END-- [ RunTime:0.021053s ]
SQL: SHOW COLUMNS FROM `adv` [ RunTime:0.0007s ]
ERR: Redis server went away

[ 2017-02-04T07:02:30+08:00 ] 111.251.90.214 mx-tw.mail.gm0.yahoodns.net:25
INFO: [ app_init ] --START--
INFO: Run Behavior\BuildLiteBehavior [ RunTime:0.000062s ]
INFO: [ app_init ] --END-- [ RunTime:0.019189s ]
INFO: [ app_begin ] --START--
INFO: Run Behavior\ReadHtmlCacheBehavior [ RunTime:0.017854s ]
INFO: [ app_begin ] --END-- [ RunTime:0.018029s ]
SQL: SHOW COLUMNS FROM `adv` [ RunTime:0.0084s ]
ERR: Redis server went away

[ 2017-02-04T07:02:51+08:00 ] 111.251.90.214 mx-tw.mail.gm0.yahoodns.net:25
INFO: [ app_init ] --START--
INFO: Run Behavior\BuildLiteBehavior [ RunTime:0.000062s ]
INFO: [ app_init ] --END-- [ RunTime:0.014201s ]
INFO: [ app_begin ] --START--
INFO: Run Behavior\ReadHtmlCacheBehavior [ RunTime:0.025580s ]
INFO: [ app_begin ] --END-- [ RunTime:0.025729s ]
SQL: SHOW COLUMNS FROM `adv` [ RunTime:0.0190s ]
ERR: Redis server went away

[ 2017-02-04T07:22:17+08:00 ] 111.251.90.214 mx-tw.mail.gm0.yahoodns.net:25
INFO: [ app_init ] --START--
INFO: Run Behavior\BuildLiteBehavior [ RunTime:0.000041s ]
INFO: [ app_init ] --END-- [ RunTime:0.017162s ]
INFO: [ app_begin ] --START--
INFO: Run Behavior\ReadHtmlCacheBehavior [ RunTime:0.023848s ]
INFO: [ app_begin ] --END-- [ RunTime:0.023981s ]
SQL: SHOW COLUMNS FROM `adv` [ RunTime:0.0184s ]
ERR: Redis server went away

[ 2017-02-04T07:22:34+08:00 ] 111.251.90.214 mx-tw.mail.gm0.yahoodns.net:25
INFO: [ app_init ] --START--
INFO: Run Behavior\BuildLiteBehavior [ RunTime:0.000050s ]
INFO: [ app_init ] --END-- [ RunTime:0.024006s ]
INFO: [ app_begin ] --START--
INFO: Run Behavior\ReadHtmlCacheBehavior [ RunTime:0.035520s ]
INFO: [ app_begin ] --END-- [ RunTime:0.035690s ]
SQL: SHOW COLUMNS FROM `adv` [ RunTime:0.0139s ]
ERR: Redis server went away

[ 2017-02-04T07:42:06+08:00 ] 111.251.90.214 mx-tw.mail.gm0.yahoodns.net:25
INFO: [ app_init ] --START--
INFO: Run Behavior\BuildLiteBehavior [ RunTime:0.000033s ]
INFO: [ app_init ] --END-- [ RunTime:0.022816s ]
INFO: [ app_begin ] --START--
INFO: Run Behavior\ReadHtmlCacheBehavior [ RunTime:0.033423s ]
INFO: [ app_begin ] --END-- [ RunTime:0.033592s ]
SQL: SHOW COLUMNS FROM `adv` [ RunTime:0.0320s ]
ERR: Redis server went away

[ 2017-02-04T08:01:57+08:00 ] 111.251.90.214 mx-tw.mail.gm0.yahoodns.net:25
INFO: [ app_init ] --START--
INFO: Run Behavior\BuildLiteBehavior [ RunTime:0.000032s ]
INFO: [ app_init ] --END-- [ RunTime:0.022747s ]
INFO: [ app_begin ] --START--
INFO: Run Behavior\ReadHtmlCacheBehavior [ RunTime:0.027802s ]
INFO: [ app_begin ] --END-- [ RunTime:0.027991s ]
SQL: SHOW COLUMNS FROM `adv` [ RunTime:0.0263s ]
ERR: Redis server went away

[ 2017-02-04T08:02:19+08:00 ] 111.251.90.214 mx-tw.mail.gm0.yahoodns.net:25
INFO: [ app_init ] --START--
INFO: Run Behavior\BuildLiteBehavior [ RunTime:0.000042s ]
INFO: [ app_init ] --END-- [ RunTime:0.012560s ]
INFO: [ app_begin ] --START--
INFO: Run Behavior\ReadHtmlCacheBehavior [ RunTime:0.020037s ]
INFO: [ app_begin ] --END-- [ RunTime:0.032268s ]
SQL: SHOW COLUMNS FROM `adv` [ RunTime:0.0091s ]
ERR: Redis server went away

[ 2017-02-04T08:22:00+08:00 ] 111.251.90.214 mx-tw.mail.gm0.yahoodns.net:25
INFO: [ app_init ] --START--
INFO: Run Behavior\BuildLiteBehavior [ RunTime:0.000040s ]
INFO: [ app_init ] --END-- [ RunTime:0.013010s ]
INFO: [ app_begin ] --START--
INFO: Run Behavior\ReadHtmlCacheBehavior [ RunTime:0.026773s ]
INFO: [ app_begin ] --END-- [ RunTime:0.026989s ]
SQL: SHOW COLUMNS FROM `adv` [ RunTime:0.0123s ]
ERR: Redis server went away

[ 2017-02-04T08:41:54+08:00 ] 111.251.90.214 mx-tw.mail.gm0.yahoodns.net:25
INFO: [ app_init ] --START--
INFO: Run Behavior\BuildLiteBehavior [ RunTime:0.000046s ]
INFO: [ app_init ] --END-- [ RunTime:0.027679s ]
INFO: [ app_begin ] --START--
INFO: Run Behavior\ReadHtmlCacheBehavior [ RunTime:0.038695s ]
INFO: [ app_begin ] --END-- [ RunTime:0.038872s ]
SQL: SHOW COLUMNS FROM `adv` [ RunTime:0.0091s ]
ERR: Redis server went away

[ 2017-02-04T09:01:39+08:00 ] 111.251.90.214 mx-tw.mail.gm0.yahoodns.net:25
INFO: [ app_init ] --START--
INFO: Run Behavior\BuildLiteBehavior [ RunTime:0.000037s ]
INFO: [ app_init ] --END-- [ RunTime:0.020854s ]
INFO: [ app_begin ] --START--
INFO: Run Behavior\ReadHtmlCacheBehavior [ RunTime:0.028858s ]
INFO: [ app_begin ] --END-- [ RunTime:0.029109s ]
SQL: SHOW COLUMNS FROM `adv` [ RunTime:0.0142s ]
ERR: Redis server went away

[ 2017-02-04T09:02:02+08:00 ] 111.251.90.214 mx-tw.mail.gm0.yahoodns.net:25
INFO: [ app_init ] --START--
INFO: Run Behavior\BuildLiteBehavior [ RunTime:0.000031s ]
INFO: [ app_init ] --END-- [ RunTime:0.028390s ]
INFO: [ app_begin ] --START--
INFO: Run Behavior\ReadHtmlCacheBehavior [ RunTime:0.034543s ]
INFO: [ app_begin ] --END-- [ RunTime:0.034739s ]
SQL: SHOW COLUMNS FROM `adv` [ RunTime:0.0074s ]
ERR: Redis server went away

[ 2017-02-04T09:21:29+08:00 ] 111.251.90.214 mx-tw.mail.gm0.yahoodns.net:25
INFO: [ app_init ] --START--
INFO: Run Behavior\BuildLiteBehavior [ RunTime:0.000069s ]
INFO: [ app_init ] --END-- [ RunTime:0.022552s ]
INFO: [ app_begin ] --START--
INFO: Run Behavior\ReadHtmlCacheBehavior [ RunTime:0.025692s ]
INFO: [ app_begin ] --END-- [ RunTime:0.025827s ]
SQL: SHOW COLUMNS FROM `adv` [ RunTime:0.0197s ]
ERR: Redis server went away

[ 2017-02-04T09:21:55+08:00 ] 111.251.90.214 mx-tw.mail.gm0.yahoodns.net:25
INFO: [ app_init ] --START--
INFO: Run Behavior\BuildLiteBehavior [ RunTime:0.000037s ]
INFO: [ app_init ] --END-- [ RunTime:0.021928s ]
INFO: [ app_begin ] --START--
INFO: Run Behavior\ReadHtmlCacheBehavior [ RunTime:0.018763s ]
INFO: [ app_begin ] --END-- [ RunTime:0.018897s ]
SQL: SHOW COLUMNS FROM `adv` [ RunTime:0.0024s ]
ERR: Redis server went away

[ 2017-02-04T09:41:18+08:00 ] 111.251.90.214 mx-tw.mail.gm0.yahoodns.net:25
INFO: [ app_init ] --START--
INFO: Run Behavior\BuildLiteBehavior [ RunTime:0.000036s ]
INFO: [ app_init ] --END-- [ RunTime:0.012024s ]
INFO: [ app_begin ] --START--
INFO: Run Behavior\ReadHtmlCacheBehavior [ RunTime:0.020850s ]
INFO: [ app_begin ] --END-- [ RunTime:0.021037s ]
SQL: SHOW COLUMNS FROM `adv` [ RunTime:0.0074s ]
ERR: Redis server went away

[ 2017-02-04T09:41:47+08:00 ] 111.251.90.214 mx-tw.mail.gm0.yahoodns.net:25
INFO: [ app_init ] --START--
INFO: Run Behavior\BuildLiteBehavior [ RunTime:0.000036s ]
INFO: [ app_init ] --END-- [ RunTime:0.012990s ]
INFO: [ app_begin ] --START--
INFO: Run Behavior\ReadHtmlCacheBehavior [ RunTime:0.032592s ]
INFO: [ app_begin ] --END-- [ RunTime:0.032836s ]
SQL: SHOW COLUMNS FROM `adv` [ RunTime:0.0298s ]
ERR: Redis server went away

[ 2017-02-04T10:00:48+08:00 ] 111.251.90.214 mx-tw.mail.gm0.yahoodns.net:25
INFO: [ app_init ] --START--
INFO: Run Behavior\BuildLiteBehavior [ RunTime:0.000035s ]
INFO: [ app_init ] --END-- [ RunTime:0.020900s ]
INFO: [ app_begin ] --START--
INFO: Run Behavior\ReadHtmlCacheBehavior [ RunTime:0.030341s ]
INFO: [ app_begin ] --END-- [ RunTime:0.030468s ]
SQL: SHOW COLUMNS FROM `adv` [ RunTime:0.0212s ]
ERR: Redis server went away

[ 2017-02-04T10:01:29+08:00 ] 111.251.90.214 mx-tw.mail.gm0.yahoodns.net:25
INFO: [ app_init ] --START--
INFO: Run Behavior\BuildLiteBehavior [ RunTime:0.000037s ]
INFO: [ app_init ] --END-- [ RunTime:0.021886s ]
INFO: [ app_begin ] --START--
INFO: Run Behavior\ReadHtmlCacheBehavior [ RunTime:0.014380s ]
INFO: [ app_begin ] --END-- [ RunTime:0.020351s ]
SQL: SHOW COLUMNS FROM `adv` [ RunTime:0.0220s ]
ERR: Redis server went away

[ 2017-02-04T10:20:49+08:00 ] 111.251.90.214 mx-tw.mail.gm0.yahoodns.net:25
INFO: [ app_init ] --START--
INFO: Run Behavior\BuildLiteBehavior [ RunTime:0.000046s ]
INFO: [ app_init ] --END-- [ RunTime:0.021464s ]
INFO: [ app_begin ] --START--
INFO: Run Behavior\ReadHtmlCacheBehavior [ RunTime:0.022507s ]
INFO: [ app_begin ] --END-- [ RunTime:0.022629s ]
SQL: SHOW COLUMNS FROM `adv` [ RunTime:0.0155s ]
ERR: Redis server went away

[ 2017-02-04T10:21:02+08:00 ] 111.251.90.214 mx-tw.mail.gm0.yahoodns.net:25
INFO: [ app_init ] --START--
INFO: Run Behavior\BuildLiteBehavior [ RunTime:0.000041s ]
INFO: [ app_init ] --END-- [ RunTime:0.033588s ]
INFO: [ app_begin ] --START--
INFO: Run Behavior\ReadHtmlCacheBehavior [ RunTime:0.027793s ]
INFO: [ app_begin ] --END-- [ RunTime:0.027966s ]
SQL: SHOW COLUMNS FROM `adv` [ RunTime:0.0369s ]
ERR: Redis server went away

[ 2017-02-04T10:40:08+08:00 ] 111.251.90.214 mx-tw.mail.gm0.yahoodns.net:25
INFO: [ app_init ] --START--
INFO: Run Behavior\BuildLiteBehavior [ RunTime:0.000023s ]
INFO: [ app_init ] --END-- [ RunTime:0.000369s ]
INFO: [ app_begin ] --START--
INFO: Run Behavior\ReadHtmlCacheBehavior [ RunTime:0.028496s ]
INFO: [ app_begin ] --END-- [ RunTime:0.028658s ]
SQL: SHOW COLUMNS FROM `adv` [ RunTime:0.0304s ]
ERR: Redis server went away

[ 2017-02-04T10:40:44+08:00 ] 111.251.90.214 mx-tw.mail.gm0.yahoodns.net:25
INFO: [ app_init ] --START--
INFO: Run Behavior\BuildLiteBehavior [ RunTime:0.000073s ]
INFO: [ app_init ] --END-- [ RunTime:0.017065s ]
INFO: [ app_begin ] --START--
INFO: Run Behavior\ReadHtmlCacheBehavior [ RunTime:0.028117s ]
INFO: [ app_begin ] --END-- [ RunTime:0.028245s ]
SQL: SHOW COLUMNS FROM `adv` [ RunTime:0.0083s ]
ERR: Redis server went away

[ 2017-02-04T11:00:04+08:00 ] 111.251.90.214 mx-tw.mail.gm0.yahoodns.net:25
INFO: [ app_init ] --START--
INFO: Run Behavior\BuildLiteBehavior [ RunTime:0.000036s ]
INFO: [ app_init ] --END-- [ RunTime:0.021880s ]
INFO: [ app_begin ] --START--
INFO: Run Behavior\ReadHtmlCacheBehavior [ RunTime:0.036510s ]
INFO: [ app_begin ] --END-- [ RunTime:0.036692s ]
SQL: SHOW COLUMNS FROM `adv` [ RunTime:0.0095s ]
ERR: Redis server went away

[ 2017-02-04T11:19:53+08:00 ] 111.251.90.214 mx-tw.mail.gm0.yahoodns.net:25
INFO: [ app_init ] --START--
INFO: Run Behavior\BuildLiteBehavior [ RunTime:0.000057s ]
INFO: [ app_init ] --END-- [ RunTime:0.023955s ]
INFO: [ app_begin ] --START--
INFO: Run Behavior\ReadHtmlCacheBehavior [ RunTime:0.018840s ]
INFO: [ app_begin ] --END-- [ RunTime:0.019043s ]
SQL: SHOW COLUMNS FROM `adv` [ RunTime:0.0153s ]
ERR: Redis server went away

[ 2017-02-04T11:23:00+08:00 ] 76.116.233.204 /
INFO: [ app_init ] --START--
INFO: Run Behavior\BuildLiteBehavior [ RunTime:0.000070s ]
INFO: [ app_init ] --END-- [ RunTime:0.019137s ]
INFO: [ app_begin ] --START--
INFO: Run Behavior\ReadHtmlCacheBehavior [ RunTime:0.029654s ]
INFO: [ app_begin ] --END-- [ RunTime:0.029835s ]
SQL: SHOW COLUMNS FROM `adv` [ RunTime:0.0248s ]
ERR: Redis server went away

[ 2017-02-04T11:33:57+08:00 ] 140.205.225.188 /
INFO: [ app_init ] --START--
INFO: Run Behavior\BuildLiteBehavior [ RunTime:0.000058s ]
INFO: [ app_init ] --END-- [ RunTime:0.021024s ]
INFO: [ app_begin ] --START--
INFO: Run Behavior\ReadHtmlCacheBehavior [ RunTime:0.031118s ]
INFO: [ app_begin ] --END-- [ RunTime:0.031265s ]
SQL: SHOW COLUMNS FROM `adv` [ RunTime:0.0106s ]
ERR: Redis server went away

[ 2017-02-04T11:39:48+08:00 ] 111.251.90.214 mx-tw.mail.gm0.yahoodns.net:25
INFO: [ app_init ] --START--
INFO: Run Behavior\BuildLiteBehavior [ RunTime:0.000055s ]
INFO: [ app_init ] --END-- [ RunTime:0.014123s ]
INFO: [ app_begin ] --START--
INFO: Run Behavior\ReadHtmlCacheBehavior [ RunTime:0.029528s ]
INFO: [ app_begin ] --END-- [ RunTime:0.029671s ]
SQL: SHOW COLUMNS FROM `adv` [ RunTime:0.0162s ]
ERR: Redis server went away

[ 2017-02-04T11:57:08+08:00 ] 140.205.225.188 /index.php
INFO: [ app_init ] --START--
INFO: Run Behavior\BuildLiteBehavior [ RunTime:0.000036s ]
INFO: [ app_init ] --END-- [ RunTime:0.016021s ]
INFO: [ app_begin ] --START--
INFO: Run Behavior\ReadHtmlCacheBehavior [ RunTime:0.017206s ]
INFO: [ app_begin ] --END-- [ RunTime:0.017411s ]
SQL: SHOW COLUMNS FROM `adv` [ RunTime:0.0077s ]
ERR: Redis server went away

[ 2017-02-04T11:59:19+08:00 ] 111.251.90.214 mx-tw.mail.gm0.yahoodns.net:25
INFO: [ app_init ] --START--
INFO: Run Behavior\BuildLiteBehavior [ RunTime:0.000062s ]
INFO: [ app_init ] --END-- [ RunTime:0.027810s ]
INFO: [ app_begin ] --START--
INFO: Run Behavior\ReadHtmlCacheBehavior [ RunTime:0.016769s ]
INFO: [ app_begin ] --END-- [ RunTime:0.016920s ]
SQL: SHOW COLUMNS FROM `adv` [ RunTime:0.0287s ]
ERR: Redis server went away

[ 2017-02-04T11:59:49+08:00 ] 111.251.90.214 mx-tw.mail.gm0.yahoodns.net:25
INFO: [ app_init ] --START--
INFO: Run Behavior\BuildLiteBehavior [ RunTime:0.000064s ]
INFO: [ app_init ] --END-- [ RunTime:0.014564s ]
INFO: [ app_begin ] --START--
INFO: Run Behavior\ReadHtmlCacheBehavior [ RunTime:0.022609s ]
INFO: [ app_begin ] --END-- [ RunTime:0.022829s ]
SQL: SHOW COLUMNS FROM `adv` [ RunTime:0.0024s ]
ERR: Redis server went away

[ 2017-02-04T12:07:37+08:00 ] 140.205.225.188 /
INFO: [ app_init ] --START--
INFO: Run Behavior\BuildLiteBehavior [ RunTime:0.000054s ]
INFO: [ app_init ] --END-- [ RunTime:0.020962s ]
INFO: [ app_begin ] --START--
INFO: Run Behavior\ReadHtmlCacheBehavior [ RunTime:0.023879s ]
INFO: [ app_begin ] --END-- [ RunTime:0.024106s ]
SQL: SHOW COLUMNS FROM `adv` [ RunTime:0.0201s ]
ERR: Redis server went away

[ 2017-02-04T12:19:07+08:00 ] 111.251.90.214 mx-tw.mail.gm0.yahoodns.net:25
INFO: [ app_init ] --START--
INFO: Run Behavior\BuildLiteBehavior [ RunTime:0.000036s ]
INFO: [ app_init ] --END-- [ RunTime:0.041271s ]
INFO: [ app_begin ] --START--
INFO: Run Behavior\ReadHtmlCacheBehavior [ RunTime:0.020722s ]
INFO: [ app_begin ] --END-- [ RunTime:0.020866s ]
SQL: SHOW COLUMNS FROM `adv` [ RunTime:0.0309s ]
ERR: Redis server went away

[ 2017-02-04T12:19:37+08:00 ] 111.251.90.214 mx-tw.mail.gm0.yahoodns.net:25
INFO: [ app_init ] --START--
INFO: Run Behavior\BuildLiteBehavior [ RunTime:0.000038s ]
INFO: [ app_init ] --END-- [ RunTime:0.020989s ]
INFO: [ app_begin ] --START--
INFO: Run Behavior\ReadHtmlCacheBehavior [ RunTime:0.015561s ]
INFO: [ app_begin ] --END-- [ RunTime:0.015749s ]
SQL: SHOW COLUMNS FROM `adv` [ RunTime:0.0222s ]
ERR: Redis server went away

[ 2017-02-04T12:38:39+08:00 ] 111.251.90.214 mx-tw.mail.gm0.yahoodns.net:25
INFO: [ app_init ] --START--
INFO: Run Behavior\BuildLiteBehavior [ RunTime:0.000036s ]
INFO: [ app_init ] --END-- [ RunTime:0.028297s ]
INFO: [ app_begin ] --START--
INFO: Run Behavior\ReadHtmlCacheBehavior [ RunTime:0.034853s ]
INFO: [ app_begin ] --END-- [ RunTime:0.035051s ]
SQL: SHOW COLUMNS FROM `adv` [ RunTime:0.0185s ]
ERR: Redis server went away

[ 2017-02-04T12:38:58+08:00 ] 111.251.90.214 mx-tw.mail.gm0.yahoodns.net:25
INFO: [ app_init ] --START--
INFO: Run Behavior\BuildLiteBehavior [ RunTime:0.000045s ]
INFO: [ app_init ] --END-- [ RunTime:0.022979s ]
INFO: [ app_begin ] --START--
INFO: Run Behavior\ReadHtmlCacheBehavior [ RunTime:0.039242s ]
INFO: [ app_begin ] --END-- [ RunTime:0.039418s ]
SQL: SHOW COLUMNS FROM `adv` [ RunTime:0.0078s ]
ERR: Redis server went away

[ 2017-02-04T12:39:30+08:00 ] 111.251.90.214 mx-tw.mail.gm0.yahoodns.net:25
INFO: [ app_init ] --START--
INFO: Run Behavior\BuildLiteBehavior [ RunTime:0.000034s ]
INFO: [ app_init ] --END-- [ RunTime:0.012971s ]
INFO: [ app_begin ] --START--
INFO: Run Behavior\ReadHtmlCacheBehavior [ RunTime:0.036660s ]
INFO: [ app_begin ] --END-- [ RunTime:0.036934s ]
SQL: SHOW COLUMNS FROM `adv` [ RunTime:0.0119s ]
ERR: Redis server went away

[ 2017-02-04T12:58:04+08:00 ] 111.251.90.214 mx-tw.mail.gm0.yahoodns.net:25
INFO: [ app_init ] --START--
INFO: Run Behavior\BuildLiteBehavior [ RunTime:0.000023s ]
INFO: [ app_init ] --END-- [ RunTime:0.000445s ]
INFO: [ app_begin ] --START--
INFO: Run Behavior\ReadHtmlCacheBehavior [ RunTime:0.000533s ]
INFO: [ app_begin ] --END-- [ RunTime:0.000626s ]
SQL: SHOW COLUMNS FROM `adv` [ RunTime:0.0251s ]
ERR: Redis server went away

[ 2017-02-04T12:58:33+08:00 ] 111.251.90.214 mx-tw.mail.gm0.yahoodns.net:25
INFO: [ app_init ] --START--
INFO: Run Behavior\BuildLiteBehavior [ RunTime:0.000076s ]
INFO: [ app_init ] --END-- [ RunTime:0.040726s ]
INFO: [ app_begin ] --START--
INFO: Run Behavior\ReadHtmlCacheBehavior [ RunTime:0.040439s ]
INFO: [ app_begin ] --END-- [ RunTime:0.040708s ]
SQL: SHOW COLUMNS FROM `adv` [ RunTime:0.0163s ]
ERR: Redis server went away

[ 2017-02-04T13:18:03+08:00 ] 111.251.90.214 mx-tw.mail.gm0.yahoodns.net:25
INFO: [ app_init ] --START--
INFO: Run Behavior\BuildLiteBehavior [ RunTime:0.000035s ]
INFO: [ app_init ] --END-- [ RunTime:0.034420s ]
INFO: [ app_begin ] --START--
INFO: Run Behavior\ReadHtmlCacheBehavior [ RunTime:0.041367s ]
INFO: [ app_begin ] --END-- [ RunTime:0.041476s ]
SQL: SHOW COLUMNS FROM `adv` [ RunTime:0.0129s ]
ERR: Redis server went away

[ 2017-02-04T13:37:24+08:00 ] 111.251.90.214 mx-tw.mail.gm0.yahoodns.net:25
INFO: [ app_init ] --START--
INFO: Run Behavior\BuildLiteBehavior [ RunTime:0.000070s ]
INFO: [ app_init ] --END-- [ RunTime:0.022200s ]
INFO: [ app_begin ] --START--
INFO: Run Behavior\ReadHtmlCacheBehavior [ RunTime:0.023708s ]
INFO: [ app_begin ] --END-- [ RunTime:0.042076s ]
SQL: SHOW COLUMNS FROM `adv` [ RunTime:0.0170s ]
ERR: Redis server went away

[ 2017-02-04T13:37:57+08:00 ] 111.251.90.214 mx-tw.mail.gm0.yahoodns.net:25
INFO: [ app_init ] --START--
INFO: Run Behavior\BuildLiteBehavior [ RunTime:0.000036s ]
INFO: [ app_init ] --END-- [ RunTime:0.011041s ]
INFO: [ app_begin ] --START--
INFO: Run Behavior\ReadHtmlCacheBehavior [ RunTime:0.019833s ]
INFO: [ app_begin ] --END-- [ RunTime:0.020009s ]
SQL: SHOW COLUMNS FROM `adv` [ RunTime:0.0219s ]
ERR: Redis server went away

[ 2017-02-04T13:57:03+08:00 ] 111.251.90.214 mx-tw.mail.gm0.yahoodns.net:25
INFO: [ app_init ] --START--
INFO: Run Behavior\BuildLiteBehavior [ RunTime:0.000058s ]
INFO: [ app_init ] --END-- [ RunTime:0.010666s ]
INFO: [ app_begin ] --START--
INFO: Run Behavior\ReadHtmlCacheBehavior [ RunTime:0.020808s ]
INFO: [ app_begin ] --END-- [ RunTime:0.021001s ]
SQL: SHOW COLUMNS FROM `adv` [ RunTime:0.0162s ]
ERR: Redis server went away

[ 2017-02-04T13:57:25+08:00 ] 111.251.90.214 mx-tw.mail.gm0.yahoodns.net:25
INFO: [ app_init ] --START--
INFO: Run Behavior\BuildLiteBehavior [ RunTime:0.000036s ]
INFO: [ app_init ] --END-- [ RunTime:0.020421s ]
INFO: [ app_begin ] --START--
INFO: Run Behavior\ReadHtmlCacheBehavior [ RunTime:0.030468s ]
INFO: [ app_begin ] --END-- [ RunTime:0.030633s ]
SQL: SHOW COLUMNS FROM `adv` [ RunTime:0.0114s ]
ERR: Redis server went away

[ 2017-02-04T13:57:58+08:00 ] 111.251.90.214 mx-tw.mail.gm0.yahoodns.net:25
INFO: [ app_init ] --START--
INFO: Run Behavior\BuildLiteBehavior [ RunTime:0.000049s ]
INFO: [ app_init ] --END-- [ RunTime:0.036391s ]
INFO: [ app_begin ] --START--
INFO: Run Behavior\ReadHtmlCacheBehavior [ RunTime:0.038541s ]
INFO: [ app_begin ] --END-- [ RunTime:0.038755s ]
SQL: SHOW COLUMNS FROM `adv` [ RunTime:0.0211s ]
ERR: Redis server went away

[ 2017-02-04T14:36:32+08:00 ] 111.251.90.214 mx-tw.mail.gm0.yahoodns.net:25
INFO: [ app_init ] --START--
INFO: Run Behavior\BuildLiteBehavior [ RunTime:0.000076s ]
INFO: [ app_init ] --END-- [ RunTime:0.027387s ]
INFO: [ app_begin ] --START--
INFO: Run Behavior\ReadHtmlCacheBehavior [ RunTime:0.034425s ]
INFO: [ app_begin ] --END-- [ RunTime:0.034577s ]
SQL: SHOW COLUMNS FROM `adv` [ RunTime:0.0212s ]
ERR: Redis server went away

[ 2017-02-04T14:56:33+08:00 ] 111.251.90.214 mx-tw.mail.gm0.yahoodns.net:25
INFO: [ app_init ] --START--
INFO: Run Behavior\BuildLiteBehavior [ RunTime:0.000036s ]
INFO: [ app_init ] --END-- [ RunTime:0.022458s ]
INFO: [ app_begin ] --START--
INFO: Run Behavior\ReadHtmlCacheBehavior [ RunTime:0.036669s ]
INFO: [ app_begin ] --END-- [ RunTime:0.036840s ]
SQL: SHOW COLUMNS FROM `adv` [ RunTime:0.0112s ]
ERR: Redis server went away

[ 2017-02-04T15:15:48+08:00 ] 111.251.90.214 mx-tw.mail.gm0.yahoodns.net:25
INFO: [ app_init ] --START--
INFO: Run Behavior\BuildLiteBehavior [ RunTime:0.000021s ]
INFO: [ app_init ] --END-- [ RunTime:0.019517s ]
INFO: [ app_begin ] --START--
INFO: Run Behavior\ReadHtmlCacheBehavior [ RunTime:0.012990s ]
INFO: [ app_begin ] --END-- [ RunTime:0.021215s ]
SQL: SHOW COLUMNS FROM `adv` [ RunTime:0.0148s ]
ERR: Redis server went away

[ 2017-02-04T15:16:13+08:00 ] 111.251.90.214 mx-tw.mail.gm0.yahoodns.net:25
INFO: [ app_init ] --START--
INFO: Run Behavior\BuildLiteBehavior [ RunTime:0.000024s ]
INFO: [ app_init ] --END-- [ RunTime:0.000420s ]
INFO: [ app_begin ] --START--
INFO: Run Behavior\ReadHtmlCacheBehavior [ RunTime:0.026024s ]
INFO: [ app_begin ] --END-- [ RunTime:0.026208s ]
SQL: SHOW COLUMNS FROM `adv` [ RunTime:0.0239s ]
ERR: Redis server went away

[ 2017-02-04T15:20:05+08:00 ] 60.169.77.130 http://14.215.177.37/
INFO: [ app_init ] --START--
INFO: Run Behavior\BuildLiteBehavior [ RunTime:0.000033s ]
INFO: [ app_init ] --END-- [ RunTime:0.018485s ]
INFO: [ app_begin ] --START--
INFO: Run Behavior\ReadHtmlCacheBehavior [ RunTime:0.043123s ]
INFO: [ app_begin ] --END-- [ RunTime:0.043337s ]
SQL: SHOW COLUMNS FROM `adv` [ RunTime:0.0174s ]
ERR: Redis server went away

[ 2017-02-04T15:54:57+08:00 ] 111.251.90.214 mx-tw.mail.gm0.yahoodns.net:25
INFO: [ app_init ] --START--
INFO: Run Behavior\BuildLiteBehavior [ RunTime:0.000042s ]
INFO: [ app_init ] --END-- [ RunTime:0.029442s ]
INFO: [ app_begin ] --START--
INFO: Run Behavior\ReadHtmlCacheBehavior [ RunTime:0.022970s ]
INFO: [ app_begin ] --END-- [ RunTime:0.023147s ]
SQL: SHOW COLUMNS FROM `adv` [ RunTime:0.0044s ]
ERR: Redis server went away

[ 2017-02-04T16:14:27+08:00 ] 111.251.90.214 mx-tw.mail.gm0.yahoodns.net:25
INFO: [ app_init ] --START--
INFO: Run Behavior\BuildLiteBehavior [ RunTime:0.000037s ]
INFO: [ app_init ] --END-- [ RunTime:0.035780s ]
INFO: [ app_begin ] --START--
INFO: Run Behavior\ReadHtmlCacheBehavior [ RunTime:0.031413s ]
INFO: [ app_begin ] --END-- [ RunTime:0.031539s ]
SQL: SHOW COLUMNS FROM `adv` [ RunTime:0.0297s ]
ERR: Redis server went away

[ 2017-02-04T16:15:05+08:00 ] 111.251.90.214 mx-tw.mail.gm0.yahoodns.net:25
INFO: [ app_init ] --START--
INFO: Run Behavior\BuildLiteBehavior [ RunTime:0.000044s ]
INFO: [ app_init ] --END-- [ RunTime:0.024399s ]
INFO: [ app_begin ] --START--
INFO: Run Behavior\ReadHtmlCacheBehavior [ RunTime:0.035589s ]
INFO: [ app_begin ] --END-- [ RunTime:0.035772s ]
SQL: SHOW COLUMNS FROM `adv` [ RunTime:0.0228s ]
ERR: Redis server went away

[ 2017-02-04T16:33:57+08:00 ] 111.251.90.214 mx-tw.mail.gm0.yahoodns.net:25
INFO: [ app_init ] --START--
INFO: Run Behavior\BuildLiteBehavior [ RunTime:0.000024s ]
INFO: [ app_init ] --END-- [ RunTime:0.000464s ]
INFO: [ app_begin ] --START--
INFO: Run Behavior\ReadHtmlCacheBehavior [ RunTime:0.021889s ]
INFO: [ app_begin ] --END-- [ RunTime:0.022063s ]
SQL: SHOW COLUMNS FROM `adv` [ RunTime:0.0094s ]
ERR: Redis server went away

[ 2017-02-04T16:34:30+08:00 ] 111.251.90.214 mx-tw.mail.gm0.yahoodns.net:25
INFO: [ app_init ] --START--
INFO: Run Behavior\BuildLiteBehavior [ RunTime:0.000031s ]
INFO: [ app_init ] --END-- [ RunTime:0.009956s ]
INFO: [ app_begin ] --START--
INFO: Run Behavior\ReadHtmlCacheBehavior [ RunTime:0.025918s ]
INFO: [ app_begin ] --END-- [ RunTime:0.026057s ]
SQL: SHOW COLUMNS FROM `adv` [ RunTime:0.0177s ]
ERR: Redis server went away

[ 2017-02-04T16:34:55+08:00 ] 111.251.90.214 mx-tw.mail.gm0.yahoodns.net:25
INFO: [ app_init ] --START--
INFO: Run Behavior\BuildLiteBehavior [ RunTime:0.000035s ]
INFO: [ app_init ] --END-- [ RunTime:0.012972s ]
INFO: [ app_begin ] --START--
INFO: Run Behavior\ReadHtmlCacheBehavior [ RunTime:0.034620s ]
INFO: [ app_begin ] --END-- [ RunTime:0.034758s ]
SQL: SHOW COLUMNS FROM `adv` [ RunTime:0.0098s ]
ERR: Redis server went away

[ 2017-02-04T16:47:15+08:00 ] 23.251.63.45 www.alipay.com:443
INFO: [ app_init ] --START--
INFO: Run Behavior\BuildLiteBehavior [ RunTime:0.000043s ]
INFO: [ app_init ] --END-- [ RunTime:0.019415s ]
INFO: [ app_begin ] --START--
INFO: Run Behavior\ReadHtmlCacheBehavior [ RunTime:0.037583s ]
INFO: [ app_begin ] --END-- [ RunTime:0.037746s ]
SQL: SHOW COLUMNS FROM `adv` [ RunTime:0.0144s ]
ERR: Redis server went away

[ 2017-02-04T16:47:20+08:00 ] 218.10.51.179 http://www.123cha.com
INFO: [ app_init ] --START--
INFO: Run Behavior\BuildLiteBehavior [ RunTime:0.000035s ]
INFO: [ app_init ] --END-- [ RunTime:0.012986s ]
INFO: [ app_begin ] --START--
INFO: Run Behavior\ReadHtmlCacheBehavior [ RunTime:0.037199s ]
INFO: [ app_begin ] --END-- [ RunTime:0.037354s ]
SQL: SHOW COLUMNS FROM `adv` [ RunTime:0.0075s ]
ERR: Redis server went away

[ 2017-02-04T16:48:25+08:00 ] 94.241.160.18 /
INFO: [ app_init ] --START--
INFO: Run Behavior\BuildLiteBehavior [ RunTime:0.000047s ]
INFO: [ app_init ] --END-- [ RunTime:0.011153s ]
INFO: [ app_begin ] --START--
INFO: Run Behavior\ReadHtmlCacheBehavior [ RunTime:0.020796s ]
INFO: [ app_begin ] --END-- [ RunTime:0.020924s ]
SQL: SHOW COLUMNS FROM `adv` [ RunTime:0.0150s ]
ERR: Redis server went away

[ 2017-02-04T16:48:42+08:00 ] 23.251.63.45 www.baidu.com:443
INFO: [ app_init ] --START--
INFO: Run Behavior\BuildLiteBehavior [ RunTime:0.000021s ]
INFO: [ app_init ] --END-- [ RunTime:0.000366s ]
INFO: [ app_begin ] --START--
INFO: Run Behavior\ReadHtmlCacheBehavior [ RunTime:0.018796s ]
INFO: [ app_begin ] --END-- [ RunTime:0.018928s ]
SQL: SHOW COLUMNS FROM `adv` [ RunTime:0.0141s ]
ERR: Redis server went away

[ 2017-02-04T16:53:31+08:00 ] 111.251.90.214 mx-tw.mail.gm0.yahoodns.net:25
INFO: [ app_init ] --START--
INFO: Run Behavior\BuildLiteBehavior [ RunTime:0.000065s ]
INFO: [ app_init ] --END-- [ RunTime:0.012219s ]
INFO: [ app_begin ] --START--
INFO: Run Behavior\ReadHtmlCacheBehavior [ RunTime:0.025831s ]
INFO: [ app_begin ] --END-- [ RunTime:0.026026s ]
SQL: SHOW COLUMNS FROM `adv` [ RunTime:0.0283s ]
ERR: Redis server went away

[ 2017-02-04T17:32:47+08:00 ] 111.251.90.214 mx-tw.mail.gm0.yahoodns.net:25
INFO: [ app_init ] --START--
INFO: Run Behavior\BuildLiteBehavior [ RunTime:0.000072s ]
INFO: [ app_init ] --END-- [ RunTime:0.019950s ]
INFO: [ app_begin ] --START--
INFO: Run Behavior\ReadHtmlCacheBehavior [ RunTime:0.020697s ]
INFO: [ app_begin ] --END-- [ RunTime:0.020839s ]
SQL: SHOW COLUMNS FROM `adv` [ RunTime:0.0076s ]
ERR: Redis server went away

[ 2017-02-04T17:33:03+08:00 ] 111.251.90.214 mx-tw.mail.gm0.yahoodns.net:25
INFO: [ app_init ] --START--
INFO: Run Behavior\BuildLiteBehavior [ RunTime:0.000064s ]
INFO: [ app_init ] --END-- [ RunTime:0.013261s ]
INFO: [ app_begin ] --START--
INFO: Run Behavior\ReadHtmlCacheBehavior [ RunTime:0.020826s ]
INFO: [ app_begin ] --END-- [ RunTime:0.021016s ]
SQL: SHOW COLUMNS FROM `adv` [ RunTime:0.0006s ]
ERR: Redis server went away

[ 2017-02-04T17:52:31+08:00 ] 111.251.90.214 mx-tw.mail.gm0.yahoodns.net:25
INFO: [ app_init ] --START--
INFO: Run Behavior\BuildLiteBehavior [ RunTime:0.000053s ]
INFO: [ app_init ] --END-- [ RunTime:0.014386s ]
INFO: [ app_begin ] --START--
INFO: Run Behavior\ReadHtmlCacheBehavior [ RunTime:0.035403s ]
INFO: [ app_begin ] --END-- [ RunTime:0.035629s ]
SQL: SHOW COLUMNS FROM `adv` [ RunTime:0.0203s ]
ERR: Redis server went away

[ 2017-02-04T18:11:57+08:00 ] 111.251.90.214 mx-tw.mail.gm0.yahoodns.net:25
INFO: [ app_init ] --START--
INFO: Run Behavior\BuildLiteBehavior [ RunTime:0.000036s ]
INFO: [ app_init ] --END-- [ RunTime:0.019916s ]
INFO: [ app_begin ] --START--
INFO: Run Behavior\ReadHtmlCacheBehavior [ RunTime:0.018762s ]
INFO: [ app_begin ] --END-- [ RunTime:0.018963s ]
SQL: SHOW COLUMNS FROM `adv` [ RunTime:0.0202s ]
ERR: Redis server went away

[ 2017-02-04T18:28:06+08:00 ] 123.56.233.103 /
INFO: [ app_init ] --START--
INFO: Run Behavior\BuildLiteBehavior [ RunTime:0.000036s ]
INFO: [ app_init ] --END-- [ RunTime:0.038276s ]
INFO: [ app_begin ] --START--
INFO: Run Behavior\ReadHtmlCacheBehavior [ RunTime:0.028550s ]
INFO: [ app_begin ] --END-- [ RunTime:0.036806s ]
SQL: SHOW COLUMNS FROM `adv` [ RunTime:0.0076s ]
ERR: Redis server went away

[ 2017-02-04T18:31:31+08:00 ] 111.251.90.214 mx-tw.mail.gm0.yahoodns.net:25
INFO: [ app_init ] --START--
INFO: Run Behavior\BuildLiteBehavior [ RunTime:0.000043s ]
INFO: [ app_init ] --END-- [ RunTime:0.028952s ]
INFO: [ app_begin ] --START--
INFO: Run Behavior\ReadHtmlCacheBehavior [ RunTime:0.039549s ]
INFO: [ app_begin ] --END-- [ RunTime:0.046618s ]
SQL: SHOW COLUMNS FROM `adv` [ RunTime:0.0155s ]
ERR: Redis server went away

[ 2017-02-04T18:31:43+08:00 ] 111.251.90.214 mx-tw.mail.gm0.yahoodns.net:25
INFO: [ app_init ] --START--
INFO: Run Behavior\BuildLiteBehavior [ RunTime:0.000047s ]
INFO: [ app_init ] --END-- [ RunTime:0.013028s ]
INFO: [ app_begin ] --START--
INFO: Run Behavior\ReadHtmlCacheBehavior [ RunTime:0.026746s ]
INFO: [ app_begin ] --END-- [ RunTime:0.026906s ]
SQL: SHOW COLUMNS FROM `adv` [ RunTime:0.0185s ]
ERR: Redis server went away

[ 2017-02-04T18:51:11+08:00 ] 111.251.90.214 mx-tw.mail.gm0.yahoodns.net:25
INFO: [ app_init ] --START--
INFO: Run Behavior\BuildLiteBehavior [ RunTime:0.000074s ]
INFO: [ app_init ] --END-- [ RunTime:0.014156s ]
INFO: [ app_begin ] --START--
INFO: Run Behavior\ReadHtmlCacheBehavior [ RunTime:0.026534s ]
INFO: [ app_begin ] --END-- [ RunTime:0.026770s ]
SQL: SHOW COLUMNS FROM `adv` [ RunTime:0.0367s ]
ERR: Redis server went away

[ 2017-02-04T18:51:37+08:00 ] 111.251.90.214 mx-tw.mail.gm0.yahoodns.net:25
INFO: [ app_init ] --START--
INFO: Run Behavior\BuildLiteBehavior [ RunTime:0.000056s ]
INFO: [ app_init ] --END-- [ RunTime:0.015072s ]
INFO: [ app_begin ] --START--
INFO: Run Behavior\ReadHtmlCacheBehavior [ RunTime:0.018490s ]
INFO: [ app_begin ] --END-- [ RunTime:0.025704s ]
SQL: SHOW COLUMNS FROM `adv` [ RunTime:0.0279s ]
ERR: Redis server went away

[ 2017-02-04T18:52:13+08:00 ] 111.251.90.214 mx-tw.mail.gm0.yahoodns.net:25
INFO: [ app_init ] --START--
INFO: Run Behavior\BuildLiteBehavior [ RunTime:0.000052s ]
INFO: [ app_init ] --END-- [ RunTime:0.013090s ]
INFO: [ app_begin ] --START--
INFO: Run Behavior\ReadHtmlCacheBehavior [ RunTime:0.026648s ]
INFO: [ app_begin ] --END-- [ RunTime:0.026811s ]
SQL: SHOW COLUMNS FROM `adv` [ RunTime:0.0086s ]
ERR: Redis server went away

[ 2017-02-04T19:10:31+08:00 ] 111.251.90.214 mx-tw.mail.gm0.yahoodns.net:25
INFO: [ app_init ] --START--
INFO: Run Behavior\BuildLiteBehavior [ RunTime:0.000059s ]
INFO: [ app_init ] --END-- [ RunTime:0.013338s ]
INFO: [ app_begin ] --START--
INFO: Run Behavior\ReadHtmlCacheBehavior [ RunTime:0.000512s ]
INFO: [ app_begin ] --END-- [ RunTime:0.000593s ]
SQL: SHOW COLUMNS FROM `adv` [ RunTime:0.0007s ]
ERR: Redis server went away

[ 2017-02-04T19:30:11+08:00 ] 111.251.90.214 mx-tw.mail.gm0.yahoodns.net:25
INFO: [ app_init ] --START--
INFO: Run Behavior\BuildLiteBehavior [ RunTime:0.000036s ]
INFO: [ app_init ] --END-- [ RunTime:0.026735s ]
INFO: [ app_begin ] --START--
INFO: Run Behavior\ReadHtmlCacheBehavior [ RunTime:0.018796s ]
INFO: [ app_begin ] --END-- [ RunTime:0.018951s ]
SQL: SHOW COLUMNS FROM `adv` [ RunTime:0.0075s ]
ERR: Redis server went away

[ 2017-02-04T19:50:03+08:00 ] 111.251.90.214 mx-tw.mail.gm0.yahoodns.net:25
INFO: [ app_init ] --START--
INFO: Run Behavior\BuildLiteBehavior [ RunTime:0.000061s ]
INFO: [ app_init ] --END-- [ RunTime:0.024978s ]
INFO: [ app_begin ] --START--
INFO: Run Behavior\ReadHtmlCacheBehavior [ RunTime:0.034841s ]
INFO: [ app_begin ] --END-- [ RunTime:0.035007s ]
SQL: SHOW COLUMNS FROM `adv` [ RunTime:0.0067s ]
ERR: Redis server went away

[ 2017-02-04T19:50:33+08:00 ] 111.251.90.214 mx-tw.mail.gm0.yahoodns.net:25
INFO: [ app_init ] --START--
INFO: Run Behavior\BuildLiteBehavior [ RunTime:0.000038s ]
INFO: [ app_init ] --END-- [ RunTime:0.020941s ]
INFO: [ app_begin ] --START--
INFO: Run Behavior\ReadHtmlCacheBehavior [ RunTime:0.031598s ]
INFO: [ app_begin ] --END-- [ RunTime:0.031781s ]
SQL: SHOW COLUMNS FROM `adv` [ RunTime:0.0178s ]
ERR: Redis server went away

[ 2017-02-04T20:29:12+08:00 ] 111.251.90.214 mx-tw.mail.gm0.yahoodns.net:25
INFO: [ app_init ] --START--
INFO: Run Behavior\BuildLiteBehavior [ RunTime:0.000023s ]
INFO: [ app_init ] --END-- [ RunTime:0.000415s ]
INFO: [ app_begin ] --START--
INFO: Run Behavior\ReadHtmlCacheBehavior [ RunTime:0.023724s ]
INFO: [ app_begin ] --END-- [ RunTime:0.023886s ]
SQL: SHOW COLUMNS FROM `adv` [ RunTime:0.0201s ]
ERR: Redis server went away

[ 2017-02-04T20:48:13+08:00 ] 111.251.90.214 mx-tw.mail.gm0.yahoodns.net:25
INFO: [ app_init ] --START--
INFO: Run Behavior\BuildLiteBehavior [ RunTime:0.000058s ]
INFO: [ app_init ] --END-- [ RunTime:0.039898s ]
INFO: [ app_begin ] --START--
INFO: Run Behavior\ReadHtmlCacheBehavior [ RunTime:0.019773s ]
INFO: [ app_begin ] --END-- [ RunTime:0.019908s ]
SQL: SHOW COLUMNS FROM `adv` [ RunTime:0.0125s ]
ERR: Redis server went away

[ 2017-02-04T20:48:49+08:00 ] 111.251.90.214 mx-tw.mail.gm0.yahoodns.net:25
INFO: [ app_init ] --START--
INFO: Run Behavior\BuildLiteBehavior [ RunTime:0.000055s ]
INFO: [ app_init ] --END-- [ RunTime:0.015091s ]
INFO: [ app_begin ] --START--
INFO: Run Behavior\ReadHtmlCacheBehavior [ RunTime:0.019831s ]
INFO: [ app_begin ] --END-- [ RunTime:0.020029s ]
SQL: SHOW COLUMNS FROM `adv` [ RunTime:0.0281s ]
ERR: Redis server went away

[ 2017-02-04T20:49:05+08:00 ] 111.251.90.214 mx-tw.mail.gm0.yahoodns.net:25
INFO: [ app_init ] --START--
INFO: Run Behavior\BuildLiteBehavior [ RunTime:0.000040s ]
INFO: [ app_init ] --END-- [ RunTime:0.027659s ]
INFO: [ app_begin ] --START--
INFO: Run Behavior\ReadHtmlCacheBehavior [ RunTime:0.039343s ]
INFO: [ app_begin ] --END-- [ RunTime:0.039450s ]
SQL: SHOW COLUMNS FROM `adv` [ RunTime:0.0017s ]
ERR: Redis server went away

[ 2017-02-04T21:04:41+08:00 ] 167.160.182.30 /
INFO: [ app_init ] --START--
INFO: Run Behavior\BuildLiteBehavior [ RunTime:0.000037s ]
INFO: [ app_init ] --END-- [ RunTime:0.021771s ]
INFO: [ app_begin ] --START--
INFO: Run Behavior\ReadHtmlCacheBehavior [ RunTime:0.015842s ]
INFO: [ app_begin ] --END-- [ RunTime:0.016006s ]
SQL: SHOW COLUMNS FROM `adv` [ RunTime:0.0154s ]
ERR: Redis server went away

[ 2017-02-04T21:08:00+08:00 ] 111.251.90.214 mx-tw.mail.gm0.yahoodns.net:25
INFO: [ app_init ] --START--
INFO: Run Behavior\BuildLiteBehavior [ RunTime:0.000037s ]
INFO: [ app_init ] --END-- [ RunTime:0.017869s ]
INFO: [ app_begin ] --START--
INFO: Run Behavior\ReadHtmlCacheBehavior [ RunTime:0.042904s ]
INFO: [ app_begin ] --END-- [ RunTime:0.043065s ]
SQL: SHOW COLUMNS FROM `adv` [ RunTime:0.0310s ]
ERR: Redis server went away

[ 2017-02-04T21:27:26+08:00 ] 111.251.90.214 mx-tw.mail.gm0.yahoodns.net:25
INFO: [ app_init ] --START--
INFO: Run Behavior\BuildLiteBehavior [ RunTime:0.000055s ]
INFO: [ app_init ] --END-- [ RunTime:0.010671s ]
INFO: [ app_begin ] --START--
INFO: Run Behavior\ReadHtmlCacheBehavior [ RunTime:0.021801s ]
INFO: [ app_begin ] --END-- [ RunTime:0.021960s ]
SQL: SHOW COLUMNS FROM `adv` [ RunTime:0.0159s ]
ERR: Redis server went away

[ 2017-02-04T21:31:43+08:00 ] 23.251.63.45 www.baidu.com:443
INFO: [ app_init ] --START--
INFO: Run Behavior\BuildLiteBehavior [ RunTime:0.000047s ]
INFO: [ app_init ] --END-- [ RunTime:0.017018s ]
INFO: [ app_begin ] --START--
INFO: Run Behavior\ReadHtmlCacheBehavior [ RunTime:0.035760s ]
INFO: [ app_begin ] --END-- [ RunTime:0.035949s ]
SQL: SHOW COLUMNS FROM `adv` [ RunTime:0.0044s ]
ERR: Redis server went away

[ 2017-02-04T21:31:45+08:00 ] 120.32.69.45 http://www.123cha.com
INFO: [ app_init ] --START--
INFO: Run Behavior\BuildLiteBehavior [ RunTime:0.000045s ]
INFO: [ app_init ] --END-- [ RunTime:0.018928s ]
INFO: [ app_begin ] --START--
INFO: Run Behavior\ReadHtmlCacheBehavior [ RunTime:0.019900s ]
INFO: [ app_begin ] --END-- [ RunTime:0.020114s ]
SQL: SHOW COLUMNS FROM `adv` [ RunTime:0.0076s ]
ERR: Redis server went away

[ 2017-02-04T21:46:42+08:00 ] 111.251.90.214 mx-tw.mail.gm0.yahoodns.net:25
INFO: [ app_init ] --START--
INFO: Run Behavior\BuildLiteBehavior [ RunTime:0.000053s ]
INFO: [ app_init ] --END-- [ RunTime:0.019965s ]
INFO: [ app_begin ] --START--
INFO: Run Behavior\ReadHtmlCacheBehavior [ RunTime:0.033170s ]
INFO: [ app_begin ] --END-- [ RunTime:0.033401s ]
SQL: SHOW COLUMNS FROM `adv` [ RunTime:0.0216s ]
ERR: Redis server went away

[ 2017-02-04T21:47:22+08:00 ] 111.251.90.214 mx-tw.mail.gm0.yahoodns.net:25
INFO: [ app_init ] --START--
INFO: Run Behavior\BuildLiteBehavior [ RunTime:0.000071s ]
INFO: [ app_init ] --END-- [ RunTime:0.028614s ]
INFO: [ app_begin ] --START--
INFO: Run Behavior\ReadHtmlCacheBehavior [ RunTime:0.019836s ]
INFO: [ app_begin ] --END-- [ RunTime:0.020009s ]
SQL: SHOW COLUMNS FROM `adv` [ RunTime:0.0100s ]
ERR: Redis server went away

[ 2017-02-04T22:06:11+08:00 ] 111.251.90.214 mx-tw.mail.gm0.yahoodns.net:25
INFO: [ app_init ] --START--
INFO: Run Behavior\BuildLiteBehavior [ RunTime:0.000036s ]
INFO: [ app_init ] --END-- [ RunTime:0.014021s ]
INFO: [ app_begin ] --START--
INFO: Run Behavior\ReadHtmlCacheBehavior [ RunTime:0.019793s ]
INFO: [ app_begin ] --END-- [ RunTime:0.019968s ]
SQL: SHOW COLUMNS FROM `adv` [ RunTime:0.0201s ]
ERR: Redis server went away

[ 2017-02-04T22:26:08+08:00 ] 111.251.90.214 mx-tw.mail.gm0.yahoodns.net:25
INFO: [ app_init ] --START--
INFO: Run Behavior\BuildLiteBehavior [ RunTime:0.000024s ]
INFO: [ app_init ] --END-- [ RunTime:0.000413s ]
INFO: [ app_begin ] --START--
INFO: Run Behavior\ReadHtmlCacheBehavior [ RunTime:0.037579s ]
INFO: [ app_begin ] --END-- [ RunTime:0.037776s ]
SQL: SHOW COLUMNS FROM `adv` [ RunTime:0.0139s ]
ERR: Redis server went away

[ 2017-02-04T22:33:04+08:00 ] 176.101.223.90 /
INFO: [ app_init ] --START--
INFO: Run Behavior\BuildLiteBehavior [ RunTime:0.000040s ]
INFO: [ app_init ] --END-- [ RunTime:0.021856s ]
INFO: [ app_begin ] --START--
INFO: Run Behavior\ReadHtmlCacheBehavior [ RunTime:0.020778s ]
INFO: [ app_begin ] --END-- [ RunTime:0.020905s ]
SQL: SHOW COLUMNS FROM `adv` [ RunTime:0.0165s ]
ERR: Redis server went away

[ 2017-02-04T22:45:18+08:00 ] 111.251.90.214 mx-tw.mail.gm0.yahoodns.net:25
INFO: [ app_init ] --START--
INFO: Run Behavior\BuildLiteBehavior [ RunTime:0.000050s ]
INFO: [ app_init ] --END-- [ RunTime:0.014999s ]
INFO: [ app_begin ] --START--
INFO: Run Behavior\ReadHtmlCacheBehavior [ RunTime:0.023191s ]
INFO: [ app_begin ] --END-- [ RunTime:0.023325s ]
SQL: SHOW COLUMNS FROM `adv` [ RunTime:0.0322s ]
ERR: Redis server went away

[ 2017-02-04T22:45:50+08:00 ] 111.251.90.214 mx-tw.mail.gm0.yahoodns.net:25
INFO: [ app_init ] --START--
INFO: Run Behavior\BuildLiteBehavior [ RunTime:0.000046s ]
INFO: [ app_init ] --END-- [ RunTime:0.031672s ]
INFO: [ app_begin ] --START--
INFO: Run Behavior\ReadHtmlCacheBehavior [ RunTime:0.016594s ]
INFO: [ app_begin ] --END-- [ RunTime:0.016724s ]
SQL: SHOW COLUMNS FROM `adv` [ RunTime:0.0155s ]
ERR: Redis server went away

[ 2017-02-04T23:05:02+08:00 ] 111.251.90.214 mx-tw.mail.gm0.yahoodns.net:25
INFO: [ app_init ] --START--
INFO: Run Behavior\BuildLiteBehavior [ RunTime:0.000087s ]
INFO: [ app_init ] --END-- [ RunTime:0.024894s ]
INFO: [ app_begin ] --START--
INFO: Run Behavior\ReadHtmlCacheBehavior [ RunTime:0.013536s ]
INFO: [ app_begin ] --END-- [ RunTime:0.030835s ]
SQL: SHOW COLUMNS FROM `adv` [ RunTime:0.0223s ]
ERR: Redis server went away

[ 2017-02-04T23:24:31+08:00 ] 111.251.90.214 mx-tw.mail.gm0.yahoodns.net:25
INFO: [ app_init ] --START--
INFO: Run Behavior\BuildLiteBehavior [ RunTime:0.000045s ]
INFO: [ app_init ] --END-- [ RunTime:0.013084s ]
INFO: [ app_begin ] --START--
INFO: Run Behavior\ReadHtmlCacheBehavior [ RunTime:0.037639s ]
INFO: [ app_begin ] --END-- [ RunTime:0.037864s ]
SQL: SHOW COLUMNS FROM `adv` [ RunTime:0.0289s ]
ERR: Redis server went away

[ 2017-02-04T23:24:52+08:00 ] 111.251.90.214 mx-tw.mail.gm0.yahoodns.net:25
INFO: [ app_init ] --START--
INFO: Run Behavior\BuildLiteBehavior [ RunTime:0.000023s ]
INFO: [ app_init ] --END-- [ RunTime:0.000522s ]
INFO: [ app_begin ] --START--
INFO: Run Behavior\ReadHtmlCacheBehavior [ RunTime:0.037531s ]
INFO: [ app_begin ] --END-- [ RunTime:0.037701s ]
SQL: SHOW COLUMNS FROM `adv` [ RunTime:0.0202s ]
ERR: Redis server went away

[ 2017-02-04T23:43:51+08:00 ] 111.251.90.214 mx-tw.mail.gm0.yahoodns.net:25
INFO: [ app_init ] --START--
INFO: Run Behavior\BuildLiteBehavior [ RunTime:0.000036s ]
INFO: [ app_init ] --END-- [ RunTime:0.019053s ]
INFO: [ app_begin ] --START--
INFO: Run Behavior\ReadHtmlCacheBehavior [ RunTime:0.017770s ]
INFO: [ app_begin ] --END-- [ RunTime:0.017900s ]
SQL: SHOW COLUMNS FROM `adv` [ RunTime:0.0079s ]
ERR: Redis server went away

[ 2017-02-04T23:44:18+08:00 ] 111.251.90.214 mx-tw.mail.gm0.yahoodns.net:25
INFO: [ app_init ] --START--
INFO: Run Behavior\BuildLiteBehavior [ RunTime:0.000024s ]
INFO: [ app_init ] --END-- [ RunTime:0.007943s ]
INFO: [ app_begin ] --START--
INFO: Run Behavior\ReadHtmlCacheBehavior [ RunTime:0.025774s ]
INFO: [ app_begin ] --END-- [ RunTime:0.025921s ]
SQL: SHOW COLUMNS FROM `adv` [ RunTime:0.0191s ]
ERR: Redis server went away

[ 2017-02-04T23:44:47+08:00 ] 111.251.90.214 mx-tw.mail.gm0.yahoodns.net:25
INFO: [ app_init ] --START--
INFO: Run Behavior\BuildLiteBehavior [ RunTime:0.000034s ]
INFO: [ app_init ] --END-- [ RunTime:0.000519s ]
INFO: [ app_begin ] --START--
INFO: Run Behavior\ReadHtmlCacheBehavior [ RunTime:0.027880s ]
INFO: [ app_begin ] --END-- [ RunTime:0.028032s ]
SQL: SHOW COLUMNS FROM `adv` [ RunTime:0.0077s ]
ERR: Redis server went away

