[ 2017-01-18T01:03:31+08:00 ] 23.251.63.45 http://www.luisaranguren.com/azenv.php
INFO: [ app_init ] --START--
INFO: Run Behavior\BuildLiteBehavior [ RunTime:0.000045s ]
INFO: [ app_init ] --END-- [ RunTime:0.019205s ]
ERR: 无法加载模块:Azenv

[ 2017-01-18T01:39:10+08:00 ] 203.90.230.227 /robots.txt
INFO: [ app_init ] --START--
INFO: Run Behavior\BuildLiteBehavior [ RunTime:0.000036s ]
INFO: [ app_init ] --END-- [ RunTime:0.023727s ]
ERR: 无法加载模块:Robots

[ 2017-01-18T01:39:15+08:00 ] 203.90.230.227 /test_404_page/
INFO: [ app_init ] --START--
INFO: Run Behavior\BuildLiteBehavior [ RunTime:0.000050s ]
INFO: [ app_init ] --END-- [ RunTime:0.018029s ]
ERR: 无法加载模块:Test_404_page

[ 2017-01-18T01:39:17+08:00 ] 203.90.230.227 /issmall/
INFO: [ app_init ] --START--
INFO: Run Behavior\BuildLiteBehavior [ RunTime:0.000040s ]
INFO: [ app_init ] --END-- [ RunTime:0.014389s ]
ERR: 无法加载模块:Issmall

[ 2017-01-18T01:39:19+08:00 ] 203.90.230.227 /phpmyadmin/
INFO: [ app_init ] --START--
INFO: Run Behavior\BuildLiteBehavior [ RunTime:0.000070s ]
INFO: [ app_init ] --END-- [ RunTime:0.034003s ]
ERR: 无法加载模块:Phpmyadmin

[ 2017-01-18T01:39:21+08:00 ] 203.90.230.227 /weblog/
INFO: [ app_init ] --START--
INFO: Run Behavior\BuildLiteBehavior [ RunTime:0.000037s ]
INFO: [ app_init ] --END-- [ RunTime:0.014969s ]
ERR: 无法加载模块:Weblog

[ 2017-01-18T01:39:23+08:00 ] 203.90.230.227 /blog/
INFO: [ app_init ] --START--
INFO: Run Behavior\BuildLiteBehavior [ RunTime:0.000037s ]
INFO: [ app_init ] --END-- [ RunTime:0.021849s ]
ERR: 无法加载模块:Blog

[ 2017-01-18T01:39:26+08:00 ] 203.90.230.227 /forum/
INFO: [ app_init ] --START--
INFO: Run Behavior\BuildLiteBehavior [ RunTime:0.000036s ]
INFO: [ app_init ] --END-- [ RunTime:0.012545s ]
ERR: 无法加载模块:Forum

[ 2017-01-18T01:39:28+08:00 ] 203.90.230.227 /bbs/
INFO: [ app_init ] --START--
INFO: Run Behavior\BuildLiteBehavior [ RunTime:0.000052s ]
INFO: [ app_init ] --END-- [ RunTime:0.013140s ]
ERR: 无法加载模块:Bbs

[ 2017-01-18T01:39:30+08:00 ] 203.90.230.227 /wcm/
INFO: [ app_init ] --START--
INFO: Run Behavior\BuildLiteBehavior [ RunTime:0.000050s ]
INFO: [ app_init ] --END-- [ RunTime:0.019448s ]
ERR: 无法加载模块:Wcm

[ 2017-01-18T03:10:18+08:00 ] 23.251.63.45 http://www.luisaranguren.com/azenv.php
INFO: [ app_init ] --START--
INFO: Run Behavior\BuildLiteBehavior [ RunTime:0.000036s ]
INFO: [ app_init ] --END-- [ RunTime:0.013002s ]
ERR: 无法加载模块:Azenv

[ 2017-01-18T04:45:14+08:00 ] 95.213.187.190 http://check.best-proxies.ru/azenv.php?auth=148468591305&a=PSCN&i=2032837933&p=80
INFO: [ app_init ] --START--
INFO: Run Behavior\BuildLiteBehavior [ RunTime:0.000055s ]
INFO: [ app_init ] --END-- [ RunTime:0.017086s ]
ERR: 无法加载模块:Azenv

[ 2017-01-18T04:58:35+08:00 ] 91.196.50.33 http://testp3.pospr.waw.pl/testproxy.php
INFO: [ app_init ] --START--
INFO: Run Behavior\BuildLiteBehavior [ RunTime:0.000061s ]
INFO: [ app_init ] --END-- [ RunTime:0.013237s ]
ERR: 无法加载模块:Testproxy

[ 2017-01-18T05:17:22+08:00 ] 23.251.63.45 http://www.luisaranguren.com/azenv.php
INFO: [ app_init ] --START--
INFO: Run Behavior\BuildLiteBehavior [ RunTime:0.000066s ]
INFO: [ app_init ] --END-- [ RunTime:0.036841s ]
ERR: 无法加载模块:Azenv

[ 2017-01-18T07:21:20+08:00 ] 23.251.63.45 http://www.proxyjudge.info/azenv.php
INFO: [ app_init ] --START--
INFO: Run Behavior\BuildLiteBehavior [ RunTime:0.000041s ]
INFO: [ app_init ] --END-- [ RunTime:0.026554s ]
ERR: 无法加载模块:Azenv

[ 2017-01-18T07:55:06+08:00 ] 80.82.78.38 http://www.baidu.com/cache/global/img/gs.gif
INFO: [ app_init ] --START--
INFO: Run Behavior\BuildLiteBehavior [ RunTime:0.000029s ]
INFO: [ app_init ] --END-- [ RunTime:0.010576s ]
ERR: 无法加载模块:Cache

[ 2017-01-18T09:16:35+08:00 ] 5.178.86.78 http://check.best-proxies.ru/azenv.php?auth=148470219443&a=PSCN&i=2032837933&p=80
INFO: [ app_init ] --START--
INFO: Run Behavior\BuildLiteBehavior [ RunTime:0.000055s ]
INFO: [ app_init ] --END-- [ RunTime:0.019021s ]
ERR: 无法加载模块:Azenv

[ 2017-01-18T11:24:50+08:00 ] 120.26.55.211 /cacti/plugins/weathermap/configs/conn.php
INFO: [ app_init ] --START--
INFO: Run Behavior\BuildLiteBehavior [ RunTime:0.000036s ]
INFO: [ app_init ] --END-- [ RunTime:0.016917s ]
ERR: 无法加载模块:Cacti

[ 2017-01-18T13:43:45+08:00 ] 95.213.187.188 http://check.best-proxies.ru/azenv.php?auth=148471822257&a=PSCN&i=2032837933&p=80
INFO: [ app_init ] --START--
INFO: Run Behavior\BuildLiteBehavior [ RunTime:0.000065s ]
INFO: [ app_init ] --END-- [ RunTime:0.009480s ]
ERR: 无法加载模块:Azenv

[ 2017-01-18T16:08:42+08:00 ] 140.205.225.183 /hadoop/
INFO: [ app_init ] --START--
INFO: Run Behavior\BuildLiteBehavior [ RunTime:0.006463s ]
INFO: [ app_init ] --END-- [ RunTime:0.032425s ]
ERR: 无法加载模块:Hadoop

[ 2017-01-18T16:14:59+08:00 ] 23.251.63.45 http://www.sbjudge3.com/azenv.php
INFO: [ app_init ] --START--
INFO: Run Behavior\BuildLiteBehavior [ RunTime:0.000034s ]
INFO: [ app_init ] --END-- [ RunTime:0.018921s ]
ERR: 无法加载模块:Azenv

[ 2017-01-18T16:33:10+08:00 ] 140.205.225.183 /_nodes/stats
INFO: [ app_init ] --START--
INFO: Run Behavior\BuildLiteBehavior [ RunTime:0.000040s ]
INFO: [ app_init ] --END-- [ RunTime:0.021022s ]
ERR: 无法加载模块:_nodes

[ 2017-01-18T16:38:00+08:00 ] 120.26.55.211 /plugins/weathermap/editor.php
INFO: [ app_init ] --START--
INFO: Run Behavior\BuildLiteBehavior [ RunTime:0.000036s ]
INFO: [ app_init ] --END-- [ RunTime:0.018994s ]
ERR: 无法加载模块:Plugins

[ 2017-01-18T16:38:28+08:00 ] 140.205.225.183 /solr/
INFO: [ app_init ] --START--
INFO: Run Behavior\BuildLiteBehavior [ RunTime:0.000063s ]
INFO: [ app_init ] --END-- [ RunTime:0.009506s ]
ERR: 无法加载模块:Solr

[ 2017-01-18T17:01:25+08:00 ] 140.205.225.183 /warning
INFO: [ app_init ] --START--
INFO: Run Behavior\BuildLiteBehavior [ RunTime:0.000035s ]
INFO: [ app_init ] --END-- [ RunTime:0.007253s ]
ERR: 无法加载模块:Warning

[ 2017-01-18T17:07:17+08:00 ] 140.205.225.183 /admin/
INFO: [ app_init ] --START--
INFO: Run Behavior\BuildLiteBehavior [ RunTime:0.000037s ]
INFO: [ app_init ] --END-- [ RunTime:0.019229s ]
ERR: 无法加载模块:Admin

[ 2017-01-18T18:52:58+08:00 ] 5.178.86.74 http://check.best-proxies.ru/azenv.php?auth=148473677509&a=PSCN&i=2032837933&p=80
INFO: [ app_init ] --START--
INFO: Run Behavior\BuildLiteBehavior [ RunTime:0.000075s ]
INFO: [ app_init ] --END-- [ RunTime:0.013171s ]
ERR: 无法加载模块:Azenv

[ 2017-01-18T23:32:58+08:00 ] 23.251.63.45 http://www.proxyjudge.info/azenv.php
INFO: [ app_init ] --START--
INFO: Run Behavior\BuildLiteBehavior [ RunTime:0.000048s ]
INFO: [ app_init ] --END-- [ RunTime:0.021865s ]
ERR: 无法加载模块:Azenv

[ 2017-01-18T23:33:52+08:00 ] 23.251.63.45 http://www.sbjudge1.com/azenv.php
INFO: [ app_init ] --START--
INFO: Run Behavior\BuildLiteBehavior [ RunTime:0.000036s ]
INFO: [ app_init ] --END-- [ RunTime:0.023947s ]
ERR: 无法加载模块:Azenv

[ 2017-01-18T23:48:07+08:00 ] 101.200.142.29 /phpmyadmin
INFO: [ app_init ] --START--
INFO: Run Behavior\BuildLiteBehavior [ RunTime:0.000050s ]
INFO: [ app_init ] --END-- [ RunTime:0.015246s ]
ERR: 无法加载模块:Phpmyadmin

