[ 2017-01-06T19:02:35+08:00 ] 202.115.92.118 /daixu/demo/panorama/home.html
INFO: [ app_init ] --START--
INFO: Run Behavior\BuildLiteBehavior [ RunTime:0.000033s ]
INFO: [ app_init ] --END-- [ RunTime:0.009969s ]
ERR: 无法加载模块:Daixu

[ 2017-01-06T19:06:18+08:00 ] 111.13.93.165 /favicon.ico
INFO: [ app_init ] --START--
INFO: Run Behavior\BuildLiteBehavior [ RunTime:0.000038s ]
INFO: [ app_init ] --END-- [ RunTime:0.021243s ]
ERR: 无法加载模块:Favicon

[ 2017-01-06T19:17:46+08:00 ] 143.202.154.170 /robots.txt
INFO: [ app_init ] --START--
INFO: Run Behavior\BuildLiteBehavior [ RunTime:0.000023s ]
INFO: [ app_init ] --END-- [ RunTime:0.000461s ]
ERR: 无法加载模块:Robots

[ 2017-01-06T19:18:55+08:00 ] 23.251.63.45 http://www.sbjudge1.com/azenv.php
INFO: [ app_init ] --START--
INFO: Run Behavior\BuildLiteBehavior [ RunTime:0.000025s ]
INFO: [ app_init ] --END-- [ RunTime:0.012568s ]
ERR: 无法加载模块:Azenv

[ 2017-01-06T19:40:45+08:00 ] 202.115.92.118 /demo/vtour/vtour/Welcome/Welcome.xml
INFO: [ app_init ] --START--
INFO: Run Behavior\BuildLiteBehavior [ RunTime:0.000022s ]
INFO: [ app_init ] --END-- [ RunTime:0.000394s ]
ERR: 无法加载模块:Demo

[ 2017-01-06T19:44:36+08:00 ] 202.115.92.118 /demo/vtour/vtour/Welcome/Welcome.xml
INFO: [ app_init ] --START--
INFO: Run Behavior\BuildLiteBehavior [ RunTime:0.000042s ]
INFO: [ app_init ] --END-- [ RunTime:0.010612s ]
ERR: 无法加载模块:Demo

[ 2017-01-06T19:46:14+08:00 ] 202.115.92.118 /demo/vtour/vtour/Welcome/Welcome.xml
INFO: [ app_init ] --START--
INFO: Run Behavior\BuildLiteBehavior [ RunTime:0.000033s ]
INFO: [ app_init ] --END-- [ RunTime:0.029303s ]
ERR: 无法加载模块:Demo

[ 2017-01-06T19:50:58+08:00 ] 202.115.92.118 /demo/vtour/vtour/Welcome/Welcome.xml
INFO: [ app_init ] --START--
INFO: Run Behavior\BuildLiteBehavior [ RunTime:0.000031s ]
INFO: [ app_init ] --END-- [ RunTime:0.013221s ]
ERR: 无法加载模块:Demo

[ 2017-01-06T20:15:36+08:00 ] 143.202.154.170 /robots.txt
INFO: [ app_init ] --START--
INFO: Run Behavior\BuildLiteBehavior [ RunTime:0.000027s ]
INFO: [ app_init ] --END-- [ RunTime:0.012719s ]
ERR: 无法加载模块:Robots

