[ 2017-02-11T00:24:59+08:00 ] 211.151.3.208 /xxx.png
INFO: [ app_init ] --START--
INFO: Run Behavior\BuildLiteBehavior [ RunTime:0.000084s ]
INFO: [ app_init ] --END-- [ RunTime:0.033890s ]
ERR: 无法加载模块:Xxx

[ 2017-02-11T00:56:03+08:00 ] 211.151.3.208 /xxx.png
INFO: [ app_init ] --START--
INFO: Run Behavior\BuildLiteBehavior [ RunTime:0.000040s ]
INFO: [ app_init ] --END-- [ RunTime:0.026747s ]
ERR: 无法加载模块:Xxx

[ 2017-02-11T01:24:21+08:00 ] 211.151.3.208 /xxx.png
INFO: [ app_init ] --START--
INFO: Run Behavior\BuildLiteBehavior [ RunTime:0.000055s ]
INFO: [ app_init ] --END-- [ RunTime:0.029705s ]
ERR: 无法加载模块:Xxx

[ 2017-02-11T01:30:43+08:00 ] 23.251.63.45 http://www.sbjudge2.com/azenv.php
INFO: [ app_init ] --START--
INFO: Run Behavior\BuildLiteBehavior [ RunTime:0.000056s ]
INFO: [ app_init ] --END-- [ RunTime:0.010812s ]
ERR: 无法加载模块:Azenv

[ 2017-02-11T01:41:16+08:00 ] 123.126.94.252 http://106.2.112.147/proxyip/check
INFO: [ app_init ] --START--
INFO: Run Behavior\BuildLiteBehavior [ RunTime:0.000050s ]
INFO: [ app_init ] --END-- [ RunTime:0.017933s ]
ERR: 无法加载模块:Proxyip

[ 2017-02-11T01:56:53+08:00 ] 211.151.3.208 /xxx.png
INFO: [ app_init ] --START--
INFO: Run Behavior\BuildLiteBehavior [ RunTime:0.005892s ]
INFO: [ app_init ] --END-- [ RunTime:0.021900s ]
ERR: 无法加载模块:Xxx

[ 2017-02-11T02:29:55+08:00 ] 211.151.3.208 /xxx.png
INFO: [ app_init ] --START--
INFO: Run Behavior\BuildLiteBehavior [ RunTime:0.000036s ]
INFO: [ app_init ] --END-- [ RunTime:0.023815s ]
ERR: 无法加载模块:Xxx

[ 2017-02-11T02:59:36+08:00 ] 211.151.3.208 /xxx.png
INFO: [ app_init ] --START--
INFO: Run Behavior\BuildLiteBehavior [ RunTime:0.000033s ]
INFO: [ app_init ] --END-- [ RunTime:0.024589s ]
ERR: 无法加载模块:Xxx

[ 2017-02-11T03:31:51+08:00 ] 211.151.3.208 /xxx.png
INFO: [ app_init ] --START--
INFO: Run Behavior\BuildLiteBehavior [ RunTime:0.000053s ]
INFO: [ app_init ] --END-- [ RunTime:0.013047s ]
ERR: 无法加载模块:Xxx

[ 2017-02-11T03:33:34+08:00 ] 106.38.231.220 http://106.2.112.147/proxyip/check
INFO: [ app_init ] --START--
INFO: Run Behavior\BuildLiteBehavior [ RunTime:0.000076s ]
INFO: [ app_init ] --END-- [ RunTime:0.024137s ]
ERR: 无法加载模块:Proxyip

[ 2017-02-11T03:59:37+08:00 ] 211.151.3.208 /xxx.png
INFO: [ app_init ] --START--
INFO: Run Behavior\BuildLiteBehavior [ RunTime:0.000058s ]
INFO: [ app_init ] --END-- [ RunTime:0.021981s ]
ERR: 无法加载模块:Xxx

[ 2017-02-11T04:16:03+08:00 ] 139.162.88.63 http://clientapi.ipip.net/echo.php?info=1234567890
INFO: [ app_init ] --START--
INFO: Run Behavior\BuildLiteBehavior [ RunTime:0.000039s ]
INFO: [ app_init ] --END-- [ RunTime:0.000708s ]
ERR: 无法加载模块:Echo

[ 2017-02-11T04:26:08+08:00 ] 211.151.3.208 /xxx.png
INFO: [ app_init ] --START--
INFO: Run Behavior\BuildLiteBehavior [ RunTime:0.000050s ]
INFO: [ app_init ] --END-- [ RunTime:0.021887s ]
ERR: 无法加载模块:Xxx

[ 2017-02-11T04:56:00+08:00 ] 211.151.3.208 /xxx.png
INFO: [ app_init ] --START--
INFO: Run Behavior\BuildLiteBehavior [ RunTime:0.000037s ]
INFO: [ app_init ] --END-- [ RunTime:0.024347s ]
ERR: 无法加载模块:Xxx

[ 2017-02-11T05:22:51+08:00 ] 211.151.3.208 /xxx.png
INFO: [ app_init ] --START--
INFO: Run Behavior\BuildLiteBehavior [ RunTime:0.000035s ]
INFO: [ app_init ] --END-- [ RunTime:0.012929s ]
ERR: 无法加载模块:Xxx

[ 2017-02-11T05:25:50+08:00 ] 106.38.230.190 http://106.2.112.147/proxyip/check
INFO: [ app_init ] --START--
INFO: Run Behavior\BuildLiteBehavior [ RunTime:0.000038s ]
INFO: [ app_init ] --END-- [ RunTime:0.024817s ]
ERR: 无法加载模块:Proxyip

[ 2017-02-11T05:34:36+08:00 ] 23.251.63.45 http://www.luisaranguren.com/azenv.php
INFO: [ app_init ] --START--
INFO: Run Behavior\BuildLiteBehavior [ RunTime:0.000037s ]
INFO: [ app_init ] --END-- [ RunTime:0.014067s ]
ERR: 无法加载模块:Azenv

[ 2017-02-11T05:51:53+08:00 ] 211.151.3.208 /xxx.png
INFO: [ app_init ] --START--
INFO: Run Behavior\BuildLiteBehavior [ RunTime:0.000045s ]
INFO: [ app_init ] --END-- [ RunTime:0.023186s ]
ERR: 无法加载模块:Xxx

[ 2017-02-11T06:22:12+08:00 ] 211.151.3.208 /xxx.png
INFO: [ app_init ] --START--
INFO: Run Behavior\BuildLiteBehavior [ RunTime:0.000036s ]
INFO: [ app_init ] --END-- [ RunTime:0.019875s ]
ERR: 无法加载模块:Xxx

[ 2017-02-11T06:49:34+08:00 ] 211.151.3.208 /xxx.png
INFO: [ app_init ] --START--
INFO: Run Behavior\BuildLiteBehavior [ RunTime:0.000074s ]
INFO: [ app_init ] --END-- [ RunTime:0.018218s ]
ERR: 无法加载模块:Xxx

[ 2017-02-11T07:18:16+08:00 ] 211.151.3.208 /xxx.png
INFO: [ app_init ] --START--
INFO: Run Behavior\BuildLiteBehavior [ RunTime:0.000052s ]
INFO: [ app_init ] --END-- [ RunTime:0.033856s ]
ERR: 无法加载模块:Xxx

[ 2017-02-11T07:18:30+08:00 ] 106.38.231.219 http://106.2.112.147/proxyip/check
INFO: [ app_init ] --START--
INFO: Run Behavior\BuildLiteBehavior [ RunTime:0.000050s ]
INFO: [ app_init ] --END-- [ RunTime:0.016007s ]
ERR: 无法加载模块:Proxyip

[ 2017-02-11T07:45:14+08:00 ] 211.151.3.208 /xxx.png
INFO: [ app_init ] --START--
INFO: Run Behavior\BuildLiteBehavior [ RunTime:0.000026s ]
INFO: [ app_init ] --END-- [ RunTime:0.000393s ]
ERR: 无法加载模块:Xxx

[ 2017-02-11T08:14:05+08:00 ] 211.151.3.208 /xxx.png
INFO: [ app_init ] --START--
INFO: Run Behavior\BuildLiteBehavior [ RunTime:0.000032s ]
INFO: [ app_init ] --END-- [ RunTime:0.015673s ]
ERR: 无法加载模块:Xxx

[ 2017-02-11T08:45:15+08:00 ] 211.151.3.208 /xxx.png
INFO: [ app_init ] --START--
INFO: Run Behavior\BuildLiteBehavior [ RunTime:0.000051s ]
INFO: [ app_init ] --END-- [ RunTime:0.016153s ]
ERR: 无法加载模块:Xxx

[ 2017-02-11T09:11:08+08:00 ] 106.38.230.190 http://106.2.112.147/proxyip/check
INFO: [ app_init ] --START--
INFO: Run Behavior\BuildLiteBehavior [ RunTime:0.006891s ]
INFO: [ app_init ] --END-- [ RunTime:0.031907s ]
ERR: 无法加载模块:Proxyip

[ 2017-02-11T09:16:02+08:00 ] 211.151.3.208 /xxx.png
INFO: [ app_init ] --START--
INFO: Run Behavior\BuildLiteBehavior [ RunTime:0.000031s ]
INFO: [ app_init ] --END-- [ RunTime:0.023185s ]
ERR: 无法加载模块:Xxx

[ 2017-02-11T09:41:49+08:00 ] 23.251.63.45 http://domkrim.com/av.php
INFO: [ app_init ] --START--
INFO: Run Behavior\BuildLiteBehavior [ RunTime:0.000037s ]
INFO: [ app_init ] --END-- [ RunTime:0.020822s ]
ERR: 无法加载模块:Av

[ 2017-02-11T09:42:17+08:00 ] 211.151.3.208 /xxx.png
INFO: [ app_init ] --START--
INFO: Run Behavior\BuildLiteBehavior [ RunTime:0.000049s ]
INFO: [ app_init ] --END-- [ RunTime:0.018151s ]
ERR: 无法加载模块:Xxx

[ 2017-02-11T10:13:54+08:00 ] 211.151.3.208 /xxx.png
INFO: [ app_init ] --START--
INFO: Run Behavior\BuildLiteBehavior [ RunTime:0.000023s ]
INFO: [ app_init ] --END-- [ RunTime:0.000367s ]
ERR: 无法加载模块:Xxx

[ 2017-02-11T10:44:45+08:00 ] 211.151.3.208 /xxx.png
INFO: [ app_init ] --START--
INFO: Run Behavior\BuildLiteBehavior [ RunTime:0.000023s ]
INFO: [ app_init ] --END-- [ RunTime:0.000380s ]
ERR: 无法加载模块:Xxx

[ 2017-02-11T11:03:15+08:00 ] 106.38.230.19 http://106.2.112.147/proxyip/check
INFO: [ app_init ] --START--
INFO: Run Behavior\BuildLiteBehavior [ RunTime:0.000042s ]
INFO: [ app_init ] --END-- [ RunTime:0.022878s ]
ERR: 无法加载模块:Proxyip

[ 2017-02-11T11:11:19+08:00 ] 211.151.3.208 /xxx.png
INFO: [ app_init ] --START--
INFO: Run Behavior\BuildLiteBehavior [ RunTime:0.000058s ]
INFO: [ app_init ] --END-- [ RunTime:0.014368s ]
ERR: 无法加载模块:Xxx

[ 2017-02-11T11:37:42+08:00 ] 211.151.3.208 /xxx.png
INFO: [ app_init ] --START--
INFO: Run Behavior\BuildLiteBehavior [ RunTime:0.000069s ]
INFO: [ app_init ] --END-- [ RunTime:0.023108s ]
ERR: 无法加载模块:Xxx

[ 2017-02-11T12:03:57+08:00 ] 211.151.3.208 /xxx.png
INFO: [ app_init ] --START--
INFO: Run Behavior\BuildLiteBehavior [ RunTime:0.000051s ]
INFO: [ app_init ] --END-- [ RunTime:0.026827s ]
ERR: 无法加载模块:Xxx

[ 2017-02-11T12:13:15+08:00 ] 23.251.63.45 http://www.sbjudge1.com/azenv.php
INFO: [ app_init ] --START--
INFO: Run Behavior\BuildLiteBehavior [ RunTime:0.000043s ]
INFO: [ app_init ] --END-- [ RunTime:0.019933s ]
ERR: 无法加载模块:Azenv

[ 2017-02-11T12:20:04+08:00 ] 140.205.201.34 /fyzmvwhcijgb
INFO: [ app_init ] --START--
INFO: Run Behavior\BuildLiteBehavior [ RunTime:0.000059s ]
INFO: [ app_init ] --END-- [ RunTime:0.011180s ]
ERR: 无法加载模块:Fyzmvwhcijgb

[ 2017-02-11T12:20:04+08:00 ] 140.205.201.34 /fyzmvwhcijgb
INFO: [ app_init ] --START--
INFO: Run Behavior\BuildLiteBehavior [ RunTime:0.000039s ]
INFO: [ app_init ] --END-- [ RunTime:0.025682s ]
ERR: 无法加载模块:Fyzmvwhcijgb

[ 2017-02-11T12:20:05+08:00 ] 140.205.201.34 /fyzmvwhcijgb
INFO: [ app_init ] --START--
INFO: Run Behavior\BuildLiteBehavior [ RunTime:0.000036s ]
INFO: [ app_init ] --END-- [ RunTime:0.035164s ]
ERR: 无法加载模块:Fyzmvwhcijgb

[ 2017-02-11T12:20:15+08:00 ] 140.205.201.34 /about/
INFO: [ app_init ] --START--
INFO: Run Behavior\BuildLiteBehavior [ RunTime:0.000061s ]
INFO: [ app_init ] --END-- [ RunTime:0.036460s ]
ERR: 无法加载模块:About

[ 2017-02-11T12:24:42+08:00 ] 140.205.201.34 /clusters.jsf
INFO: [ app_init ] --START--
INFO: Run Behavior\BuildLiteBehavior [ RunTime:0.000035s ]
INFO: [ app_init ] --END-- [ RunTime:0.036255s ]
ERR: 无法加载模块:Clusters

[ 2017-02-11T12:30:22+08:00 ] 211.151.3.208 /xxx.png
INFO: [ app_init ] --START--
INFO: Run Behavior\BuildLiteBehavior [ RunTime:0.000041s ]
INFO: [ app_init ] --END-- [ RunTime:0.000586s ]
ERR: 无法加载模块:Xxx

[ 2017-02-11T12:33:10+08:00 ] 140.205.201.34 /hwi/
INFO: [ app_init ] --START--
INFO: Run Behavior\BuildLiteBehavior [ RunTime:0.000064s ]
INFO: [ app_init ] --END-- [ RunTime:0.030699s ]
ERR: 无法加载模块:Hwi

[ 2017-02-11T12:44:12+08:00 ] 140.205.201.34 /wp-json/wp/v2/posts
INFO: [ app_init ] --START--
INFO: Run Behavior\BuildLiteBehavior [ RunTime:0.000067s ]
INFO: [ app_init ] --END-- [ RunTime:0.010141s ]
ERR: 无法加载模块:Wp-json

[ 2017-02-11T12:45:35+08:00 ] 140.205.201.34 /jobs/
INFO: [ app_init ] --START--
INFO: Run Behavior\BuildLiteBehavior [ RunTime:0.000063s ]
INFO: [ app_init ] --END-- [ RunTime:0.019065s ]
ERR: 无法加载模块:Jobs

[ 2017-02-11T12:45:44+08:00 ] 140.205.201.34 /ganglia/index.php
INFO: [ app_init ] --START--
INFO: Run Behavior\BuildLiteBehavior [ RunTime:0.000044s ]
INFO: [ app_init ] --END-- [ RunTime:0.022834s ]
ERR: 无法加载模块:Ganglia

[ 2017-02-11T12:49:13+08:00 ] 140.205.201.34 /rs-status
INFO: [ app_init ] --START--
INFO: Run Behavior\BuildLiteBehavior [ RunTime:0.000064s ]
INFO: [ app_init ] --END-- [ RunTime:0.017172s ]
ERR: 无法加载模块:Rs-status

[ 2017-02-11T12:54:41+08:00 ] 140.205.201.34 /master-status
INFO: [ app_init ] --START--
INFO: Run Behavior\BuildLiteBehavior [ RunTime:0.000045s ]
INFO: [ app_init ] --END-- [ RunTime:0.032011s ]
ERR: 无法加载模块:Master-status

[ 2017-02-11T12:56:26+08:00 ] 211.151.3.208 /xxx.png
INFO: [ app_init ] --START--
INFO: Run Behavior\BuildLiteBehavior [ RunTime:0.000066s ]
INFO: [ app_init ] --END-- [ RunTime:0.030462s ]
ERR: 无法加载模块:Xxx

[ 2017-02-11T12:56:36+08:00 ] 106.38.230.190 http://106.2.112.147/proxyip/check
INFO: [ app_init ] --START--
INFO: Run Behavior\BuildLiteBehavior [ RunTime:0.000077s ]
INFO: [ app_init ] --END-- [ RunTime:0.019199s ]
ERR: 无法加载模块:Proxyip

[ 2017-02-11T12:58:46+08:00 ] 140.205.201.34 /dfshealth.html
INFO: [ app_init ] --START--
INFO: Run Behavior\BuildLiteBehavior [ RunTime:0.000059s ]
INFO: [ app_init ] --END-- [ RunTime:0.013171s ]
ERR: 无法加载模块:Dfshealth

[ 2017-02-11T13:09:56+08:00 ] 140.205.201.34 /warning
INFO: [ app_init ] --START--
INFO: Run Behavior\BuildLiteBehavior [ RunTime:0.000082s ]
INFO: [ app_init ] --END-- [ RunTime:0.026221s ]
ERR: 无法加载模块:Warning

[ 2017-02-11T13:17:46+08:00 ] 140.205.201.34 /pleasereadthis
INFO: [ app_init ] --START--
INFO: Run Behavior\BuildLiteBehavior [ RunTime:0.000037s ]
INFO: [ app_init ] --END-- [ RunTime:0.028555s ]
ERR: 无法加载模块:Pleasereadthis

[ 2017-02-11T13:19:05+08:00 ] 140.205.201.34 /please_read/_search
INFO: [ app_init ] --START--
INFO: Run Behavior\BuildLiteBehavior [ RunTime:0.000031s ]
INFO: [ app_init ] --END-- [ RunTime:0.009044s ]
ERR: 无法加载模块:Please_read

[ 2017-02-11T13:19:11+08:00 ] 140.205.201.34 /dfshealth.jsp
INFO: [ app_init ] --START--
INFO: Run Behavior\BuildLiteBehavior [ RunTime:0.000044s ]
INFO: [ app_init ] --END-- [ RunTime:0.017888s ]
ERR: 无法加载模块:Dfshealth

[ 2017-02-11T13:19:13+08:00 ] 140.205.201.34 /hadoop/dfshealth.jsp
INFO: [ app_init ] --START--
INFO: Run Behavior\BuildLiteBehavior [ RunTime:0.000071s ]
INFO: [ app_init ] --END-- [ RunTime:0.019977s ]
ERR: 无法加载模块:Hadoop

[ 2017-02-11T13:19:21+08:00 ] 140.205.201.34 /solr/
INFO: [ app_init ] --START--
INFO: Run Behavior\BuildLiteBehavior [ RunTime:0.000122s ]
INFO: [ app_init ] --END-- [ RunTime:0.017940s ]
ERR: 无法加载模块:Solr

[ 2017-02-11T13:19:34+08:00 ] 140.205.201.34 /info
INFO: [ app_init ] --START--
INFO: Run Behavior\BuildLiteBehavior [ RunTime:0.000036s ]
INFO: [ app_init ] --END-- [ RunTime:0.019808s ]
ERR: 无法加载模块:Info

[ 2017-02-11T13:20:01+08:00 ] 140.205.201.34 /j_acegi_security_check
INFO: [ app_init ] --START--
INFO: Run Behavior\BuildLiteBehavior [ RunTime:0.000035s ]
INFO: [ app_init ] --END-- [ RunTime:0.031434s ]
ERR: 无法加载模块:J_acegi_security_check

[ 2017-02-11T13:20:07+08:00 ] 140.205.201.34 /admin/
INFO: [ app_init ] --START--
INFO: Run Behavior\BuildLiteBehavior [ RunTime:0.000059s ]
INFO: [ app_init ] --END-- [ RunTime:0.030911s ]
ERR: 无法加载模块:Admin

[ 2017-02-11T13:23:27+08:00 ] 211.151.3.208 /xxx.png
INFO: [ app_init ] --START--
INFO: Run Behavior\BuildLiteBehavior [ RunTime:0.000036s ]
INFO: [ app_init ] --END-- [ RunTime:0.012964s ]
ERR: 无法加载模块:Xxx

[ 2017-02-11T13:50:24+08:00 ] 211.151.3.208 /xxx.png
INFO: [ app_init ] --START--
INFO: Run Behavior\BuildLiteBehavior [ RunTime:0.000032s ]
INFO: [ app_init ] --END-- [ RunTime:0.027076s ]
ERR: 无法加载模块:Xxx

[ 2017-02-11T14:16:52+08:00 ] 211.151.3.208 /xxx.png
INFO: [ app_init ] --START--
INFO: Run Behavior\BuildLiteBehavior [ RunTime:0.000035s ]
INFO: [ app_init ] --END-- [ RunTime:0.017892s ]
ERR: 无法加载模块:Xxx

[ 2017-02-11T14:43:23+08:00 ] 211.151.3.208 /xxx.png
INFO: [ app_init ] --START--
INFO: Run Behavior\BuildLiteBehavior [ RunTime:0.000026s ]
INFO: [ app_init ] --END-- [ RunTime:0.000430s ]
ERR: 无法加载模块:Xxx

[ 2017-02-11T14:46:46+08:00 ] 23.251.63.45 http://domkrim.com/av.php
INFO: [ app_init ] --START--
INFO: Run Behavior\BuildLiteBehavior [ RunTime:0.000063s ]
INFO: [ app_init ] --END-- [ RunTime:0.034477s ]
ERR: 无法加载模块:Av

[ 2017-02-11T14:52:07+08:00 ] 106.38.230.190 http://106.2.112.147/proxyip/check
INFO: [ app_init ] --START--
INFO: Run Behavior\BuildLiteBehavior [ RunTime:0.000040s ]
INFO: [ app_init ] --END-- [ RunTime:0.033588s ]
ERR: 无法加载模块:Proxyip

[ 2017-02-11T15:09:45+08:00 ] 211.151.3.208 /xxx.png
INFO: [ app_init ] --START--
INFO: Run Behavior\BuildLiteBehavior [ RunTime:0.000036s ]
INFO: [ app_init ] --END-- [ RunTime:0.025403s ]
ERR: 无法加载模块:Xxx

[ 2017-02-11T15:36:14+08:00 ] 211.151.3.208 /xxx.png
INFO: [ app_init ] --START--
INFO: Run Behavior\BuildLiteBehavior [ RunTime:0.000036s ]
INFO: [ app_init ] --END-- [ RunTime:0.013045s ]
ERR: 无法加载模块:Xxx

[ 2017-02-11T16:05:36+08:00 ] 211.151.3.208 /xxx.png
INFO: [ app_init ] --START--
INFO: Run Behavior\BuildLiteBehavior [ RunTime:0.000038s ]
INFO: [ app_init ] --END-- [ RunTime:0.015989s ]
ERR: 无法加载模块:Xxx

[ 2017-02-11T16:35:29+08:00 ] 211.151.3.208 /xxx.png
INFO: [ app_init ] --START--
INFO: Run Behavior\BuildLiteBehavior [ RunTime:0.000031s ]
INFO: [ app_init ] --END-- [ RunTime:0.013226s ]
ERR: 无法加载模块:Xxx

[ 2017-02-11T16:51:04+08:00 ] 123.126.94.201 http://106.2.112.147/proxyip/check
INFO: [ app_init ] --START--
INFO: Run Behavior\BuildLiteBehavior [ RunTime:0.000062s ]
INFO: [ app_init ] --END-- [ RunTime:0.018239s ]
ERR: 无法加载模块:Proxyip

[ 2017-02-11T17:02:30+08:00 ] 211.151.3.208 /xxx.png
INFO: [ app_init ] --START--
INFO: Run Behavior\BuildLiteBehavior [ RunTime:0.000051s ]
INFO: [ app_init ] --END-- [ RunTime:0.023052s ]
ERR: 无法加载模块:Xxx

[ 2017-02-11T17:31:26+08:00 ] 211.151.3.208 /xxx.png
INFO: [ app_init ] --START--
INFO: Run Behavior\BuildLiteBehavior [ RunTime:0.000037s ]
INFO: [ app_init ] --END-- [ RunTime:0.014963s ]
ERR: 无法加载模块:Xxx

[ 2017-02-11T17:32:12+08:00 ] 163.172.173.181 http://www.baidu.com/cache/global/img/gs.gif
INFO: [ app_init ] --START--
INFO: Run Behavior\BuildLiteBehavior [ RunTime:0.000044s ]
INFO: [ app_init ] --END-- [ RunTime:0.018968s ]
ERR: 无法加载模块:Cache

[ 2017-02-11T17:57:54+08:00 ] 211.151.3.208 /xxx.png
INFO: [ app_init ] --START--
INFO: Run Behavior\BuildLiteBehavior [ RunTime:0.000075s ]
INFO: [ app_init ] --END-- [ RunTime:0.014126s ]
ERR: 无法加载模块:Xxx

[ 2017-02-11T18:24:35+08:00 ] 211.151.3.208 /xxx.png
INFO: [ app_init ] --START--
INFO: Run Behavior\BuildLiteBehavior [ RunTime:0.000035s ]
INFO: [ app_init ] --END-- [ RunTime:0.018970s ]
ERR: 无法加载模块:Xxx

[ 2017-02-11T18:50:03+08:00 ] 106.38.230.19 http://106.2.112.147/proxyip/check
INFO: [ app_init ] --START--
INFO: Run Behavior\BuildLiteBehavior [ RunTime:0.000033s ]
INFO: [ app_init ] --END-- [ RunTime:0.019602s ]
ERR: 无法加载模块:Proxyip

[ 2017-02-11T18:53:55+08:00 ] 211.151.3.208 /xxx.png
INFO: [ app_init ] --START--
INFO: Run Behavior\BuildLiteBehavior [ RunTime:0.000029s ]
INFO: [ app_init ] --END-- [ RunTime:0.000449s ]
ERR: 无法加载模块:Xxx

[ 2017-02-11T19:22:58+08:00 ] 211.151.3.208 /xxx.png
INFO: [ app_init ] --START--
INFO: Run Behavior\BuildLiteBehavior [ RunTime:0.000054s ]
INFO: [ app_init ] --END-- [ RunTime:0.015070s ]
ERR: 无法加载模块:Xxx

[ 2017-02-11T19:49:08+08:00 ] 211.151.3.208 /xxx.png
INFO: [ app_init ] --START--
INFO: Run Behavior\BuildLiteBehavior [ RunTime:0.000052s ]
INFO: [ app_init ] --END-- [ RunTime:0.010877s ]
ERR: 无法加载模块:Xxx

[ 2017-02-11T20:15:55+08:00 ] 211.151.3.208 /xxx.png
INFO: [ app_init ] --START--
INFO: Run Behavior\BuildLiteBehavior [ RunTime:0.000038s ]
INFO: [ app_init ] --END-- [ RunTime:0.023133s ]
ERR: 无法加载模块:Xxx

[ 2017-02-11T20:42:36+08:00 ] 211.151.3.208 /xxx.png
INFO: [ app_init ] --START--
INFO: Run Behavior\BuildLiteBehavior [ RunTime:0.000034s ]
INFO: [ app_init ] --END-- [ RunTime:0.014987s ]
ERR: 无法加载模块:Xxx

[ 2017-02-11T20:50:50+08:00 ] 123.126.94.201 http://106.2.112.147/proxyip/check
INFO: [ app_init ] --START--
INFO: Run Behavior\BuildLiteBehavior [ RunTime:0.000021s ]
INFO: [ app_init ] --END-- [ RunTime:0.000363s ]
ERR: 无法加载模块:Proxyip

[ 2017-02-11T21:14:03+08:00 ] 211.151.3.208 /xxx.png
INFO: [ app_init ] --START--
INFO: Run Behavior\BuildLiteBehavior [ RunTime:0.000032s ]
INFO: [ app_init ] --END-- [ RunTime:0.025993s ]
ERR: 无法加载模块:Xxx

[ 2017-02-11T21:40:10+08:00 ] 211.151.3.208 /xxx.png
INFO: [ app_init ] --START--
INFO: Run Behavior\BuildLiteBehavior [ RunTime:0.000041s ]
INFO: [ app_init ] --END-- [ RunTime:0.019945s ]
ERR: 无法加载模块:Xxx

[ 2017-02-11T22:06:42+08:00 ] 211.151.3.208 /xxx.png
INFO: [ app_init ] --START--
INFO: Run Behavior\BuildLiteBehavior [ RunTime:0.000043s ]
INFO: [ app_init ] --END-- [ RunTime:0.010063s ]
ERR: 无法加载模块:Xxx

[ 2017-02-11T22:37:33+08:00 ] 211.151.3.208 /xxx.png
INFO: [ app_init ] --START--
INFO: Run Behavior\BuildLiteBehavior [ RunTime:0.000035s ]
INFO: [ app_init ] --END-- [ RunTime:0.012919s ]
ERR: 无法加载模块:Xxx

[ 2017-02-11T22:52:32+08:00 ] 106.38.230.190 http://106.2.112.147/proxyip/check
INFO: [ app_init ] --START--
INFO: Run Behavior\BuildLiteBehavior [ RunTime:0.000084s ]
INFO: [ app_init ] --END-- [ RunTime:0.013276s ]
ERR: 无法加载模块:Proxyip

[ 2017-02-11T23:09:14+08:00 ] 211.151.3.208 /xxx.png
INFO: [ app_init ] --START--
INFO: Run Behavior\BuildLiteBehavior [ RunTime:0.000036s ]
INFO: [ app_init ] --END-- [ RunTime:0.012964s ]
ERR: 无法加载模块:Xxx

[ 2017-02-11T23:35:17+08:00 ] 211.151.3.208 /xxx.png
INFO: [ app_init ] --START--
INFO: Run Behavior\BuildLiteBehavior [ RunTime:0.000051s ]
INFO: [ app_init ] --END-- [ RunTime:0.007049s ]
ERR: 无法加载模块:Xxx

