[ 2017-01-17T01:58:15+08:00 ] 49.114.63.188 /favicon.ico
INFO: [ app_init ] --START--
INFO: Run Behavior\BuildLiteBehavior [ RunTime:0.000091s ]
INFO: [ app_init ] --END-- [ RunTime:0.008814s ]
ERR: 无法加载模块:Favicon

[ 2017-01-17T01:58:15+08:00 ] 49.114.63.188 /demo/vtour2/panos/A(1).tiles/preview.jpg
INFO: [ app_init ] --START--
INFO: Run Behavior\BuildLiteBehavior [ RunTime:0.000079s ]
INFO: [ app_init ] --END-- [ RunTime:0.024910s ]
ERR: 无法加载模块:Demo

[ 2017-01-17T01:58:15+08:00 ] 49.114.63.188 /demo/vtour2/panos/A(1).tiles/l/l1/1/l1_l_1_1.jpg
INFO: [ app_init ] --START--
INFO: Run Behavior\BuildLiteBehavior [ RunTime:0.000041s ]
INFO: [ app_init ] --END-- [ RunTime:0.025340s ]
ERR: 无法加载模块:Demo

[ 2017-01-17T01:58:16+08:00 ] 49.114.63.188 /demo/vtour2/panos/A(1).tiles/thumb.jpg
INFO: [ app_init ] --START--
INFO: Run Behavior\BuildLiteBehavior [ RunTime:0.000046s ]
INFO: [ app_init ] --END-- [ RunTime:0.017883s ]
ERR: 无法加载模块:Demo

[ 2017-01-17T01:58:16+08:00 ] 49.114.63.188 /demo/vtour2/panos/A(3).tiles/thumb.jpg
INFO: [ app_init ] --START--
INFO: Run Behavior\BuildLiteBehavior [ RunTime:0.000020s ]
INFO: [ app_init ] --END-- [ RunTime:0.000347s ]
ERR: 无法加载模块:Demo

[ 2017-01-17T01:58:16+08:00 ] 49.114.63.188 /demo/vtour2/panos/A(1).tiles/l/l1/2/l1_l_2_1.jpg
INFO: [ app_init ] --START--
INFO: Run Behavior\BuildLiteBehavior [ RunTime:0.000021s ]
INFO: [ app_init ] --END-- [ RunTime:0.000356s ]
ERR: 无法加载模块:Demo

[ 2017-01-17T01:58:16+08:00 ] 49.114.63.188 /demo/vtour2/panos/A(5).tiles/thumb.jpg
INFO: [ app_init ] --START--
INFO: Run Behavior\BuildLiteBehavior [ RunTime:0.000052s ]
INFO: [ app_init ] --END-- [ RunTime:0.035360s ]
ERR: 无法加载模块:Demo

[ 2017-01-17T01:58:16+08:00 ] 49.114.63.188 /demo/vtour2/panos/A(6).tiles/thumb.jpg
INFO: [ app_init ] --START--
INFO: Run Behavior\BuildLiteBehavior [ RunTime:0.000033s ]
INFO: [ app_init ] --END-- [ RunTime:0.000432s ]
ERR: 无法加载模块:Demo

[ 2017-01-17T01:58:16+08:00 ] 49.114.63.188 /demo/vtour2/panos/A(1).tiles/b/l1/1/l1_b_1_2.jpg
INFO: [ app_init ] --START--
INFO: Run Behavior\BuildLiteBehavior [ RunTime:0.000021s ]
INFO: [ app_init ] --END-- [ RunTime:0.000347s ]
ERR: 无法加载模块:Demo

[ 2017-01-17T01:58:16+08:00 ] 49.114.63.188 /demo/vtour2/panos/A(4).tiles/thumb.jpg
INFO: [ app_init ] --START--
INFO: Run Behavior\BuildLiteBehavior [ RunTime:0.000028s ]
INFO: [ app_init ] --END-- [ RunTime:0.000762s ]
ERR: 无法加载模块:Demo

[ 2017-01-17T01:58:17+08:00 ] 49.114.63.188 /demo/vtour2/Welcome/Welcome.png
INFO: [ app_init ] --START--
INFO: Run Behavior\BuildLiteBehavior [ RunTime:0.000030s ]
INFO: [ app_init ] --END-- [ RunTime:0.000394s ]
ERR: 无法加载模块:Demo

[ 2017-01-17T01:58:17+08:00 ] 49.114.63.188 /demo/vtour2/panos/A(1).tiles/b/l1/2/l1_b_2_2.jpg
INFO: [ app_init ] --START--
INFO: Run Behavior\BuildLiteBehavior [ RunTime:0.000043s ]
INFO: [ app_init ] --END-- [ RunTime:0.012460s ]
ERR: 无法加载模块:Demo

[ 2017-01-17T01:58:17+08:00 ] 49.114.63.188 /demo/vtour2/panos/A(1).tiles/d/l1/2/l1_d_2_1.jpg
INFO: [ app_init ] --START--
INFO: Run Behavior\BuildLiteBehavior [ RunTime:0.000021s ]
INFO: [ app_init ] --END-- [ RunTime:0.000368s ]
ERR: 无法加载模块:Demo

[ 2017-01-17T01:58:17+08:00 ] 49.114.63.188 /demo/vtour2/panos/A(1).tiles/l/l1/2/l1_l_2_2.jpg
INFO: [ app_init ] --START--
INFO: Run Behavior\BuildLiteBehavior [ RunTime:0.000031s ]
INFO: [ app_init ] --END-- [ RunTime:0.015003s ]
ERR: 无法加载模块:Demo

[ 2017-01-17T01:58:17+08:00 ] 49.114.63.188 /demo/vtour2/panos/A(1).tiles/l/l1/1/l1_l_1_2.jpg
INFO: [ app_init ] --START--
INFO: Run Behavior\BuildLiteBehavior [ RunTime:0.000031s ]
INFO: [ app_init ] --END-- [ RunTime:0.030435s ]
ERR: 无法加载模块:Demo

[ 2017-01-17T01:58:17+08:00 ] 49.114.63.188 /demo/vtour2/panos/A(1).tiles/d/l1/1/l1_d_1_1.jpg
INFO: [ app_init ] --START--
INFO: Run Behavior\BuildLiteBehavior [ RunTime:0.000021s ]
INFO: [ app_init ] --END-- [ RunTime:0.000343s ]
ERR: 无法加载模块:Demo

[ 2017-01-17T01:58:17+08:00 ] 49.114.63.188 /demo/vtour2/panos/A(1).tiles/b/l1/2/l1_b_2_1.jpg
INFO: [ app_init ] --START--
INFO: Run Behavior\BuildLiteBehavior [ RunTime:0.000019s ]
INFO: [ app_init ] --END-- [ RunTime:0.000325s ]
ERR: 无法加载模块:Demo

[ 2017-01-17T01:58:17+08:00 ] 49.114.63.188 /demo/vtour2/Welcome/Welcome.png
INFO: [ app_init ] --START--
INFO: Run Behavior\BuildLiteBehavior [ RunTime:0.000019s ]
INFO: [ app_init ] --END-- [ RunTime:0.000335s ]
ERR: 无法加载模块:Demo

[ 2017-01-17T01:58:17+08:00 ] 49.114.63.188 /demo/vtour2/panos/A(1).tiles/u/l1/1/l1_u_1_1.jpg
INFO: [ app_init ] --START--
INFO: Run Behavior\BuildLiteBehavior [ RunTime:0.000031s ]
INFO: [ app_init ] --END-- [ RunTime:0.039350s ]
ERR: 无法加载模块:Demo

[ 2017-01-17T01:58:17+08:00 ] 49.114.63.188 /demo/vtour2/panos/A(1).tiles/u/l1/2/l1_u_2_1.jpg
INFO: [ app_init ] --START--
INFO: Run Behavior\BuildLiteBehavior [ RunTime:0.000020s ]
INFO: [ app_init ] --END-- [ RunTime:0.000336s ]
ERR: 无法加载模块:Demo

[ 2017-01-17T01:58:17+08:00 ] 49.114.63.188 /demo/vtour2/panos/A(1).tiles/f/l1/2/l1_f_2_1.jpg
INFO: [ app_init ] --START--
INFO: Run Behavior\BuildLiteBehavior [ RunTime:0.000024s ]
INFO: [ app_init ] --END-- [ RunTime:0.009259s ]
ERR: 无法加载模块:Demo

[ 2017-01-17T01:58:17+08:00 ] 49.114.63.188 /demo/vtour2/panos/A(1).tiles/b/l1/1/l1_b_1_1.jpg
INFO: [ app_init ] --START--
INFO: Run Behavior\BuildLiteBehavior [ RunTime:0.000022s ]
INFO: [ app_init ] --END-- [ RunTime:0.000422s ]
ERR: 无法加载模块:Demo

[ 2017-01-17T01:58:17+08:00 ] 49.114.63.188 /demo/vtour2/panos/A(1).tiles/d/l1/2/l1_d_2_2.jpg
INFO: [ app_init ] --START--
INFO: Run Behavior\BuildLiteBehavior [ RunTime:0.020331s ]
INFO: [ app_init ] --END-- [ RunTime:0.020825s ]
ERR: 无法加载模块:Demo

[ 2017-01-17T01:58:18+08:00 ] 49.114.63.188 /demo/vtour2/panos/A(1).tiles/d/l1/1/l1_d_1_2.jpg
INFO: [ app_init ] --START--
INFO: Run Behavior\BuildLiteBehavior [ RunTime:0.000014s ]
INFO: [ app_init ] --END-- [ RunTime:0.000288s ]
ERR: 无法加载模块:Demo

[ 2017-01-17T01:58:18+08:00 ] 49.114.63.188 /demo/vtour2/panos/A(1).tiles/r/l1/2/l1_r_2_2.jpg
INFO: [ app_init ] --START--
INFO: Run Behavior\BuildLiteBehavior [ RunTime:0.000023s ]
INFO: [ app_init ] --END-- [ RunTime:0.000352s ]
ERR: 无法加载模块:Demo

[ 2017-01-17T01:58:18+08:00 ] 49.114.63.188 /demo/vtour2/panos/A(1).tiles/r/l1/1/l1_r_1_2.jpg
INFO: [ app_init ] --START--
INFO: Run Behavior\BuildLiteBehavior [ RunTime:0.000024s ]
INFO: [ app_init ] --END-- [ RunTime:0.020562s ]
ERR: 无法加载模块:Demo

[ 2017-01-17T01:58:18+08:00 ] 49.114.63.188 /demo/vtour2/panos/A(1).tiles/f/l1/1/l1_f_1_1.jpg
INFO: [ app_init ] --START--
INFO: Run Behavior\BuildLiteBehavior [ RunTime:0.000029s ]
INFO: [ app_init ] --END-- [ RunTime:0.000551s ]
ERR: 无法加载模块:Demo

[ 2017-01-17T01:58:18+08:00 ] 49.114.63.188 /demo/vtour2/panos/A(1).tiles/f/l1/2/l1_f_2_2.jpg
INFO: [ app_init ] --START--
INFO: Run Behavior\BuildLiteBehavior [ RunTime:0.000022s ]
INFO: [ app_init ] --END-- [ RunTime:0.000361s ]
ERR: 无法加载模块:Demo

[ 2017-01-17T01:58:18+08:00 ] 49.114.63.188 /demo/vtour2/panos/A(1).tiles/u/l1/1/l1_u_1_2.jpg
INFO: [ app_init ] --START--
INFO: Run Behavior\BuildLiteBehavior [ RunTime:0.000029s ]
INFO: [ app_init ] --END-- [ RunTime:0.034658s ]
ERR: 无法加载模块:Demo

[ 2017-01-17T01:58:18+08:00 ] 49.114.63.188 /demo/vtour2/panos/A(1).tiles/u/l1/2/l1_u_2_2.jpg
INFO: [ app_init ] --START--
INFO: Run Behavior\BuildLiteBehavior [ RunTime:0.000022s ]
INFO: [ app_init ] --END-- [ RunTime:0.000460s ]
ERR: 无法加载模块:Demo

[ 2017-01-17T01:58:18+08:00 ] 49.114.63.188 /demo/vtour2/panos/A(1).tiles/r/l1/1/l1_r_1_1.jpg
INFO: [ app_init ] --START--
INFO: Run Behavior\BuildLiteBehavior [ RunTime:0.000020s ]
INFO: [ app_init ] --END-- [ RunTime:0.000330s ]
ERR: 无法加载模块:Demo

[ 2017-01-17T01:58:18+08:00 ] 49.114.63.188 /demo/vtour2/panos/A(1).tiles/r/l1/2/l1_r_2_1.jpg
INFO: [ app_init ] --START--
INFO: Run Behavior\BuildLiteBehavior [ RunTime:0.000057s ]
INFO: [ app_init ] --END-- [ RunTime:0.023905s ]
ERR: 无法加载模块:Demo

[ 2017-01-17T01:58:18+08:00 ] 49.114.63.188 /demo/vtour2/panos/A(1).tiles/f/l1/1/l1_f_1_2.jpg
INFO: [ app_init ] --START--
INFO: Run Behavior\BuildLiteBehavior [ RunTime:0.000018s ]
INFO: [ app_init ] --END-- [ RunTime:0.014232s ]
ERR: 无法加载模块:Demo

[ 2017-01-17T02:03:19+08:00 ] 49.114.63.188 /favicon.ico
INFO: [ app_init ] --START--
INFO: Run Behavior\BuildLiteBehavior [ RunTime:0.000057s ]
INFO: [ app_init ] --END-- [ RunTime:0.017990s ]
ERR: 无法加载模块:Favicon

[ 2017-01-17T02:03:20+08:00 ] 49.114.63.188 /demo/vtour2/panos/A(2).tiles/preview.jpg
INFO: [ app_init ] --START--
INFO: Run Behavior\BuildLiteBehavior [ RunTime:0.000055s ]
INFO: [ app_init ] --END-- [ RunTime:0.020972s ]
ERR: 无法加载模块:Demo

[ 2017-01-17T02:03:20+08:00 ] 49.114.63.188 /demo/vtour2/panos/A(2).tiles/f/l1/2/l1_f_2_1.jpg
INFO: [ app_init ] --START--
INFO: Run Behavior\BuildLiteBehavior [ RunTime:0.000033s ]
INFO: [ app_init ] --END-- [ RunTime:0.026580s ]
ERR: 无法加载模块:Demo

[ 2017-01-17T02:03:20+08:00 ] 49.114.63.188 /demo/vtour2/panos/A(2).tiles/f/l1/2/l1_f_2_2.jpg
INFO: [ app_init ] --START--
INFO: Run Behavior\BuildLiteBehavior [ RunTime:0.000022s ]
INFO: [ app_init ] --END-- [ RunTime:0.000358s ]
ERR: 无法加载模块:Demo

[ 2017-01-17T02:03:20+08:00 ] 49.114.63.188 /demo/vtour2/panos/A(2).tiles/f/l1/1/l1_f_1_1.jpg
INFO: [ app_init ] --START--
INFO: Run Behavior\BuildLiteBehavior [ RunTime:0.000065s ]
INFO: [ app_init ] --END-- [ RunTime:0.009043s ]
ERR: 无法加载模块:Demo

[ 2017-01-17T02:03:20+08:00 ] 49.114.63.188 /demo/vtour2/panos/A(2).tiles/f/l1/1/l1_f_1_2.jpg
INFO: [ app_init ] --START--
INFO: Run Behavior\BuildLiteBehavior [ RunTime:0.000043s ]
INFO: [ app_init ] --END-- [ RunTime:0.021444s ]
ERR: 无法加载模块:Demo

[ 2017-01-17T02:03:20+08:00 ] 49.114.63.188 /demo/vtour2/panos/A(2).tiles/f/l1/2/l1_f_2_1.jpg
INFO: [ app_init ] --START--
INFO: Run Behavior\BuildLiteBehavior [ RunTime:0.000035s ]
INFO: [ app_init ] --END-- [ RunTime:0.041888s ]
ERR: 无法加载模块:Demo

[ 2017-01-17T02:03:20+08:00 ] 49.114.63.188 /demo/vtour2/panos/A(2).tiles/preview.jpg
INFO: [ app_init ] --START--
INFO: Run Behavior\BuildLiteBehavior [ RunTime:0.000028s ]
INFO: [ app_init ] --END-- [ RunTime:0.000337s ]
ERR: 无法加载模块:Demo

[ 2017-01-17T02:03:20+08:00 ] 49.114.63.188 /demo/vtour2/panos/A(2).tiles/f/l1/2/l1_f_2_2.jpg
INFO: [ app_init ] --START--
INFO: Run Behavior\BuildLiteBehavior [ RunTime:0.000020s ]
INFO: [ app_init ] --END-- [ RunTime:0.019190s ]
ERR: 无法加载模块:Demo

[ 2017-01-17T02:03:21+08:00 ] 49.114.63.188 /demo/vtour2/panos/A(2).tiles/f/l1/1/l1_f_1_1.jpg
INFO: [ app_init ] --START--
INFO: Run Behavior\BuildLiteBehavior [ RunTime:0.000025s ]
INFO: [ app_init ] --END-- [ RunTime:0.000365s ]
ERR: 无法加载模块:Demo

[ 2017-01-17T02:03:21+08:00 ] 49.114.63.188 /demo/vtour2/panos/A(2).tiles/f/l1/1/l1_f_1_2.jpg
INFO: [ app_init ] --START--
INFO: Run Behavior\BuildLiteBehavior [ RunTime:0.000026s ]
INFO: [ app_init ] --END-- [ RunTime:0.035319s ]
ERR: 无法加载模块:Demo

[ 2017-01-17T02:03:21+08:00 ] 49.114.63.188 /demo/vtour2/panos/A(2).tiles/thumb.jpg
INFO: [ app_init ] --START--
INFO: Run Behavior\BuildLiteBehavior [ RunTime:0.000071s ]
INFO: [ app_init ] --END-- [ RunTime:0.016302s ]
ERR: 无法加载模块:Demo

[ 2017-01-17T02:03:21+08:00 ] 49.114.63.188 /demo/vtour2/panos/A(2).tiles/f/l1/2/l1_f_2_1.jpg
INFO: [ app_init ] --START--
INFO: Run Behavior\BuildLiteBehavior [ RunTime:0.000034s ]
INFO: [ app_init ] --END-- [ RunTime:0.016203s ]
ERR: 无法加载模块:Demo

[ 2017-01-17T02:03:22+08:00 ] 49.114.63.188 /demo/vtour2/panos/A(2).tiles/f/l1/2/l1_f_2_2.jpg
INFO: [ app_init ] --START--
INFO: Run Behavior\BuildLiteBehavior [ RunTime:0.000047s ]
INFO: [ app_init ] --END-- [ RunTime:0.009144s ]
ERR: 无法加载模块:Demo

[ 2017-01-17T02:03:22+08:00 ] 49.114.63.188 /demo/vtour2/panos/A(2).tiles/f/l1/1/l1_f_1_1.jpg
INFO: [ app_init ] --START--
INFO: Run Behavior\BuildLiteBehavior [ RunTime:0.000039s ]
INFO: [ app_init ] --END-- [ RunTime:0.020195s ]
ERR: 无法加载模块:Demo

[ 2017-01-17T02:03:25+08:00 ] 49.114.63.188 /demo/vtour2/panos/A(2).tiles/f/l1/1/l1_f_1_2.jpg
INFO: [ app_init ] --START--
INFO: Run Behavior\BuildLiteBehavior [ RunTime:0.000079s ]
INFO: [ app_init ] --END-- [ RunTime:0.022229s ]
ERR: 无法加载模块:Demo

[ 2017-01-17T02:08:14+08:00 ] 49.114.63.188 /favicon.ico
INFO: [ app_init ] --START--
INFO: Run Behavior\BuildLiteBehavior [ RunTime:0.000041s ]
INFO: [ app_init ] --END-- [ RunTime:0.028322s ]
ERR: 无法加载模块:Favicon

[ 2017-01-17T04:30:49+08:00 ] 60.13.124.145 /muieblackcat
INFO: [ app_init ] --START--
INFO: Run Behavior\BuildLiteBehavior [ RunTime:0.000063s ]
INFO: [ app_init ] --END-- [ RunTime:0.013048s ]
ERR: 无法加载模块:Muieblackcat

[ 2017-01-17T04:30:49+08:00 ] 60.13.124.145 //phpMyAdmin/scripts/setup.php
INFO: [ app_init ] --START--
INFO: Run Behavior\BuildLiteBehavior [ RunTime:0.000055s ]
INFO: [ app_init ] --END-- [ RunTime:0.013901s ]
ERR: 无法加载模块:PhpMyAdmin

[ 2017-01-17T04:30:50+08:00 ] 60.13.124.145 //phpmyadmin/scripts/setup.php
INFO: [ app_init ] --START--
INFO: Run Behavior\BuildLiteBehavior [ RunTime:0.000048s ]
INFO: [ app_init ] --END-- [ RunTime:0.013080s ]
ERR: 无法加载模块:Phpmyadmin

[ 2017-01-17T04:30:50+08:00 ] 60.13.124.145 //pma/scripts/setup.php
INFO: [ app_init ] --START--
INFO: Run Behavior\BuildLiteBehavior [ RunTime:0.000048s ]
INFO: [ app_init ] --END-- [ RunTime:0.025641s ]
ERR: 无法加载模块:Pma

[ 2017-01-17T04:30:51+08:00 ] 60.13.124.145 //myadmin/scripts/setup.php
INFO: [ app_init ] --START--
INFO: Run Behavior\BuildLiteBehavior [ RunTime:0.000046s ]
INFO: [ app_init ] --END-- [ RunTime:0.025859s ]
ERR: 无法加载模块:Myadmin

[ 2017-01-17T04:30:52+08:00 ] 60.13.124.145 //MyAdmin/scripts/setup.php
INFO: [ app_init ] --START--
INFO: Run Behavior\BuildLiteBehavior [ RunTime:0.000052s ]
INFO: [ app_init ] --END-- [ RunTime:0.015992s ]
ERR: 无法加载模块:MyAdmin

[ 2017-01-17T05:06:24+08:00 ] 23.251.63.45 http://www.sbjudge3.com/azenv.php
INFO: [ app_init ] --START--
INFO: Run Behavior\BuildLiteBehavior [ RunTime:0.000038s ]
INFO: [ app_init ] --END-- [ RunTime:0.033746s ]
ERR: 无法加载模块:Azenv

[ 2017-01-17T06:00:04+08:00 ] 5.178.86.78 http://check.best-proxies.ru/azenv.php?auth=148460400301&a=PSCN&i=2032837933&p=80
INFO: [ app_init ] --START--
INFO: Run Behavior\BuildLiteBehavior [ RunTime:0.000053s ]
INFO: [ app_init ] --END-- [ RunTime:0.016631s ]
ERR: 无法加载模块:Azenv

[ 2017-01-17T07:05:12+08:00 ] 23.251.63.45 http://www.sbjudge3.com/azenv.php
INFO: [ app_init ] --START--
INFO: Run Behavior\BuildLiteBehavior [ RunTime:0.000053s ]
INFO: [ app_init ] --END-- [ RunTime:0.021868s ]
ERR: 无法加载模块:Azenv

[ 2017-01-17T07:27:22+08:00 ] 80.82.78.38 http://www.baidu.com/cache/global/img/gs.gif
INFO: [ app_init ] --START--
INFO: Run Behavior\BuildLiteBehavior [ RunTime:0.000054s ]
INFO: [ app_init ] --END-- [ RunTime:0.013189s ]
ERR: 无法加载模块:Cache

[ 2017-01-17T10:25:11+08:00 ] 61.49.45.43 /www/start.html
INFO: [ app_init ] --START--
INFO: Run Behavior\BuildLiteBehavior [ RunTime:0.000078s ]
INFO: [ app_init ] --END-- [ RunTime:0.018174s ]
ERR: 无法加载模块:Www

[ 2017-01-17T10:25:11+08:00 ] 61.49.45.43 /RemoteControl.html
INFO: [ app_init ] --START--
INFO: Run Behavior\BuildLiteBehavior [ RunTime:0.000065s ]
INFO: [ app_init ] --END-- [ RunTime:0.015175s ]
ERR: 无法加载模块:RemoteControl

[ 2017-01-17T10:25:17+08:00 ] 61.49.45.43 /invoker/JMXInvokerServlet
INFO: [ app_init ] --START--
INFO: Run Behavior\BuildLiteBehavior [ RunTime:0.014266s ]
INFO: [ app_init ] --END-- [ RunTime:0.020692s ]
ERR: 无法加载模块:Invoker

[ 2017-01-17T10:25:17+08:00 ] 61.49.45.43 /stats
INFO: [ app_init ] --START--
INFO: Run Behavior\BuildLiteBehavior [ RunTime:0.000028s ]
INFO: [ app_init ] --END-- [ RunTime:0.021861s ]
ERR: 无法加载模块:Stats

[ 2017-01-17T10:25:17+08:00 ] 61.49.45.43 /jenkins
INFO: [ app_init ] --START--
INFO: Run Behavior\BuildLiteBehavior [ RunTime:0.003111s ]
INFO: [ app_init ] --END-- [ RunTime:0.027252s ]
ERR: 无法加载模块:Jenkins

[ 2017-01-17T11:01:13+08:00 ] 61.49.45.43 /www/start.html
INFO: [ app_init ] --START--
INFO: Run Behavior\BuildLiteBehavior [ RunTime:0.000060s ]
INFO: [ app_init ] --END-- [ RunTime:0.019882s ]
ERR: 无法加载模块:Www

[ 2017-01-17T11:01:14+08:00 ] 61.49.45.43 /RemoteControl.html
INFO: [ app_init ] --START--
INFO: Run Behavior\BuildLiteBehavior [ RunTime:0.000062s ]
INFO: [ app_init ] --END-- [ RunTime:0.015151s ]
ERR: 无法加载模块:RemoteControl

[ 2017-01-17T11:01:20+08:00 ] 61.49.45.43 /stats
INFO: [ app_init ] --START--
INFO: Run Behavior\BuildLiteBehavior [ RunTime:0.000033s ]
INFO: [ app_init ] --END-- [ RunTime:0.012129s ]
ERR: 无法加载模块:Stats

[ 2017-01-17T11:01:20+08:00 ] 61.49.45.43 /invoker/JMXInvokerServlet
INFO: [ app_init ] --START--
INFO: Run Behavior\BuildLiteBehavior [ RunTime:0.000022s ]
INFO: [ app_init ] --END-- [ RunTime:0.016584s ]
ERR: 无法加载模块:Invoker

[ 2017-01-17T11:01:20+08:00 ] 61.49.45.43 /jenkins
INFO: [ app_init ] --START--
INFO: Run Behavior\BuildLiteBehavior [ RunTime:0.000030s ]
INFO: [ app_init ] --END-- [ RunTime:0.013613s ]
ERR: 无法加载模块:Jenkins

[ 2017-01-17T14:30:04+08:00 ] 101.200.78.64 /admin
INFO: [ app_init ] --START--
INFO: Run Behavior\BuildLiteBehavior [ RunTime:0.000037s ]
INFO: [ app_init ] --END-- [ RunTime:0.017275s ]
ERR: 无法加载模块:Admin

[ 2017-01-17T14:39:27+08:00 ] 123.57.141.114 /phpmyadmin/index.php
INFO: [ app_init ] --START--
INFO: Run Behavior\BuildLiteBehavior [ RunTime:0.000034s ]
INFO: [ app_init ] --END-- [ RunTime:0.012004s ]
ERR: 无法加载模块:Phpmyadmin

[ 2017-01-17T14:50:12+08:00 ] 123.57.141.114 /manager/html
INFO: [ app_init ] --START--
INFO: Run Behavior\BuildLiteBehavior [ RunTime:0.000036s ]
INFO: [ app_init ] --END-- [ RunTime:0.022874s ]
ERR: 无法加载模块:Manager

[ 2017-01-17T15:11:06+08:00 ] 23.251.63.45 http://www.sbjudge1.com/azenv.php
INFO: [ app_init ] --START--
INFO: Run Behavior\BuildLiteBehavior [ RunTime:0.000036s ]
INFO: [ app_init ] --END-- [ RunTime:0.017941s ]
ERR: 无法加载模块:Azenv

[ 2017-01-17T16:31:37+08:00 ] 172.82.166.210 http://www.baidu.com/cache/global/img/gs.gif
INFO: [ app_init ] --START--
INFO: Run Behavior\BuildLiteBehavior [ RunTime:0.006016s ]
INFO: [ app_init ] --END-- [ RunTime:0.019999s ]
ERR: 无法加载模块:Cache

[ 2017-01-17T17:39:40+08:00 ] 140.205.201.33 /hadoop/
INFO: [ app_init ] --START--
INFO: Run Behavior\BuildLiteBehavior [ RunTime:0.000032s ]
INFO: [ app_init ] --END-- [ RunTime:0.012993s ]
ERR: 无法加载模块:Hadoop

[ 2017-01-17T19:22:23+08:00 ] 23.251.63.45 http://www.proxyjudge.info/azenv.php
INFO: [ app_init ] --START--
INFO: Run Behavior\BuildLiteBehavior [ RunTime:0.000052s ]
INFO: [ app_init ] --END-- [ RunTime:0.015046s ]
ERR: 无法加载模块:Azenv

[ 2017-01-17T19:44:12+08:00 ] 5.178.86.78 http://check.best-proxies.ru/azenv.php?auth=148465344977&a=PSCN&i=2032837933&p=80
INFO: [ app_init ] --START--
INFO: Run Behavior\BuildLiteBehavior [ RunTime:0.000045s ]
INFO: [ app_init ] --END-- [ RunTime:0.025872s ]
ERR: 无法加载模块:Azenv

[ 2017-01-17T23:30:56+08:00 ] 123.57.78.139 http://www.izhongsai.com/show.html?t=1484667056151
INFO: [ app_init ] --START--
INFO: Run Behavior\BuildLiteBehavior [ RunTime:0.000043s ]
INFO: [ app_init ] --END-- [ RunTime:0.013962s ]
ERR: 无法加载模块:Show

