[ 2017-01-21T00:33:26+08:00 ] 185.25.148.240 http://testp4.pospr.waw.pl/testproxy.php
INFO: [ app_init ] --START--
INFO: Run Behavior\BuildLiteBehavior [ RunTime:0.000035s ]
INFO: [ app_init ] --END-- [ RunTime:0.023758s ]
ERR: 无法加载模块:Testproxy

[ 2017-01-21T03:44:38+08:00 ] 95.213.187.189 http://check.best-proxies.ru/azenv.php?auth=148494147791&a=PSCN&i=2032837933&p=80
INFO: [ app_init ] --START--
INFO: Run Behavior\BuildLiteBehavior [ RunTime:0.000040s ]
INFO: [ app_init ] --END-- [ RunTime:0.018880s ]
ERR: 无法加载模块:Azenv

[ 2017-01-21T04:31:10+08:00 ] 139.162.88.63 http://clientapi.ipip.net/echo.php?info=1234567890
INFO: [ app_init ] --START--
INFO: Run Behavior\BuildLiteBehavior [ RunTime:0.000035s ]
INFO: [ app_init ] --END-- [ RunTime:0.013977s ]
ERR: 无法加载模块:Echo

[ 2017-01-21T08:16:44+08:00 ] 5.178.86.75 http://check.best-proxies.ru/azenv.php?auth=148495780317&a=PSCN&i=2032837933&p=80
INFO: [ app_init ] --START--
INFO: Run Behavior\BuildLiteBehavior [ RunTime:0.022142s ]
INFO: [ app_init ] --END-- [ RunTime:0.022825s ]
ERR: 无法加载模块:Azenv

[ 2017-01-21T08:31:51+08:00 ] 23.251.63.45 http://www.luisaranguren.com/azenv.php
INFO: [ app_init ] --START--
INFO: Run Behavior\BuildLiteBehavior [ RunTime:0.000037s ]
INFO: [ app_init ] --END-- [ RunTime:0.023864s ]
ERR: 无法加载模块:Azenv

[ 2017-01-21T10:44:21+08:00 ] 23.251.63.45 http://www.sbjudge3.com/azenv.php
INFO: [ app_init ] --START--
INFO: Run Behavior\BuildLiteBehavior [ RunTime:0.000033s ]
INFO: [ app_init ] --END-- [ RunTime:0.012021s ]
ERR: 无法加载模块:Azenv

[ 2017-01-21T11:15:06+08:00 ] 140.205.201.37 /wdojqheisrup
INFO: [ app_init ] --START--
INFO: Run Behavior\BuildLiteBehavior [ RunTime:0.000068s ]
INFO: [ app_init ] --END-- [ RunTime:0.026041s ]
ERR: 无法加载模块:Wdojqheisrup

[ 2017-01-21T11:15:07+08:00 ] 140.205.201.37 /wdojqheisrup
INFO: [ app_init ] --START--
INFO: Run Behavior\BuildLiteBehavior [ RunTime:0.000048s ]
INFO: [ app_init ] --END-- [ RunTime:0.026858s ]
ERR: 无法加载模块:Wdojqheisrup

[ 2017-01-21T11:15:08+08:00 ] 140.205.201.37 /wdojqheisrup
INFO: [ app_init ] --START--
INFO: Run Behavior\BuildLiteBehavior [ RunTime:0.000048s ]
INFO: [ app_init ] --END-- [ RunTime:0.012036s ]
ERR: 无法加载模块:Wdojqheisrup

[ 2017-01-21T11:15:15+08:00 ] 140.205.201.37 /hadoop/
INFO: [ app_init ] --START--
INFO: Run Behavior\BuildLiteBehavior [ RunTime:0.000079s ]
INFO: [ app_init ] --END-- [ RunTime:0.030672s ]
ERR: 无法加载模块:Hadoop

[ 2017-01-21T11:22:26+08:00 ] 140.205.201.37 /warning
INFO: [ app_init ] --START--
INFO: Run Behavior\BuildLiteBehavior [ RunTime:0.000044s ]
INFO: [ app_init ] --END-- [ RunTime:0.023613s ]
ERR: 无法加载模块:Warning

[ 2017-01-21T11:24:32+08:00 ] 140.205.201.37 /pleasereadthis
INFO: [ app_init ] --START--
INFO: Run Behavior\BuildLiteBehavior [ RunTime:0.000050s ]
INFO: [ app_init ] --END-- [ RunTime:0.007083s ]
ERR: 无法加载模块:Pleasereadthis

[ 2017-01-21T11:26:26+08:00 ] 140.205.201.37 /please_read/_search
INFO: [ app_init ] --START--
INFO: Run Behavior\BuildLiteBehavior [ RunTime:0.000036s ]
INFO: [ app_init ] --END-- [ RunTime:0.012938s ]
ERR: 无法加载模块:Please_read

[ 2017-01-21T11:29:03+08:00 ] 140.205.201.37 /about/
INFO: [ app_init ] --START--
INFO: Run Behavior\BuildLiteBehavior [ RunTime:0.000034s ]
INFO: [ app_init ] --END-- [ RunTime:0.006998s ]
ERR: 无法加载模块:About

[ 2017-01-21T11:31:07+08:00 ] 140.205.201.37 /master-status
INFO: [ app_init ] --START--
INFO: Run Behavior\BuildLiteBehavior [ RunTime:0.000037s ]
INFO: [ app_init ] --END-- [ RunTime:0.016907s ]
ERR: 无法加载模块:Master-status

[ 2017-01-21T11:32:45+08:00 ] 140.205.201.37 /clusters.jsf
INFO: [ app_init ] --START--
INFO: Run Behavior\BuildLiteBehavior [ RunTime:0.000058s ]
INFO: [ app_init ] --END-- [ RunTime:0.015123s ]
ERR: 无法加载模块:Clusters

[ 2017-01-21T11:36:31+08:00 ] 140.205.201.37 /hwi/
INFO: [ app_init ] --START--
INFO: Run Behavior\BuildLiteBehavior [ RunTime:0.000037s ]
INFO: [ app_init ] --END-- [ RunTime:0.026396s ]
ERR: 无法加载模块:Hwi

[ 2017-01-21T11:39:12+08:00 ] 140.205.201.37 /solr/
INFO: [ app_init ] --START--
INFO: Run Behavior\BuildLiteBehavior [ RunTime:0.000023s ]
INFO: [ app_init ] --END-- [ RunTime:0.000371s ]
ERR: 无法加载模块:Solr

[ 2017-01-21T11:53:29+08:00 ] 140.205.201.37 /admin/
INFO: [ app_init ] --START--
INFO: Run Behavior\BuildLiteBehavior [ RunTime:0.000063s ]
INFO: [ app_init ] --END-- [ RunTime:0.024399s ]
ERR: 无法加载模块:Admin

[ 2017-01-21T12:40:52+08:00 ] 23.251.63.45 http://www.proxyjudge.info/azenv.php
INFO: [ app_init ] --START--
INFO: Run Behavior\BuildLiteBehavior [ RunTime:0.000039s ]
INFO: [ app_init ] --END-- [ RunTime:0.013007s ]
ERR: 无法加载模块:Azenv

[ 2017-01-21T12:41:19+08:00 ] 23.251.63.45 http://www.sbjudge1.com/azenv.php
INFO: [ app_init ] --START--
INFO: Run Behavior\BuildLiteBehavior [ RunTime:0.000033s ]
INFO: [ app_init ] --END-- [ RunTime:0.026349s ]
ERR: 无法加载模块:Azenv

[ 2017-01-21T14:58:21+08:00 ] 23.251.63.45 http://www.proxy-listen.de/azenv.php
INFO: [ app_init ] --START--
INFO: Run Behavior\BuildLiteBehavior [ RunTime:0.000036s ]
INFO: [ app_init ] --END-- [ RunTime:0.018793s ]
ERR: 无法加载模块:Azenv

[ 2017-01-21T17:13:50+08:00 ] 95.213.187.189 http://check.best-proxies.ru/azenv.php?auth=148499002987&a=PSCN&i=2032837933&p=80
INFO: [ app_init ] --START--
INFO: Run Behavior\BuildLiteBehavior [ RunTime:0.000037s ]
INFO: [ app_init ] --END-- [ RunTime:0.026344s ]
ERR: 无法加载模块:Azenv

[ 2017-01-21T20:00:55+08:00 ] 172.82.166.210 http://www.baidu.com/cache/global/img/gs.gif
INFO: [ app_init ] --START--
INFO: Run Behavior\BuildLiteBehavior [ RunTime:0.000036s ]
INFO: [ app_init ] --END-- [ RunTime:0.019132s ]
ERR: 无法加载模块:Cache

[ 2017-01-21T20:45:38+08:00 ] 23.251.63.45 http://www.luisaranguren.com/azenv.php
INFO: [ app_init ] --START--
INFO: Run Behavior\BuildLiteBehavior [ RunTime:0.000050s ]
INFO: [ app_init ] --END-- [ RunTime:0.019097s ]
ERR: 无法加载模块:Azenv

[ 2017-01-21T21:39:31+08:00 ] 95.213.187.188 http://check.best-proxies.ru/azenv.php?auth=148500597041&a=PSCN&i=2032837933&p=80
INFO: [ app_init ] --START--
INFO: Run Behavior\BuildLiteBehavior [ RunTime:0.000069s ]
INFO: [ app_init ] --END-- [ RunTime:0.015179s ]
ERR: 无法加载模块:Azenv

