[ 2017-02-10T00:05:08+08:00 ] 211.151.3.208 /xxx.png
INFO: [ app_init ] --START--
INFO: Run Behavior\BuildLiteBehavior [ RunTime:0.000057s ]
INFO: [ app_init ] --END-- [ RunTime:0.027647s ]
ERR: 无法加载模块:Xxx

[ 2017-02-10T00:32:06+08:00 ] 211.151.3.208 /xxx.png
INFO: [ app_init ] --START--
INFO: Run Behavior\BuildLiteBehavior [ RunTime:0.000040s ]
INFO: [ app_init ] --END-- [ RunTime:0.021845s ]
ERR: 无法加载模块:Xxx

[ 2017-02-10T01:00:50+08:00 ] 211.151.3.208 /xxx.png
INFO: [ app_init ] --START--
INFO: Run Behavior\BuildLiteBehavior [ RunTime:0.000067s ]
INFO: [ app_init ] --END-- [ RunTime:0.016055s ]
ERR: 无法加载模块:Xxx

[ 2017-02-10T01:11:50+08:00 ] 106.38.231.220 http://106.2.112.147/proxyip/check
INFO: [ app_init ] --START--
INFO: Run Behavior\BuildLiteBehavior [ RunTime:0.000053s ]
INFO: [ app_init ] --END-- [ RunTime:0.015158s ]
ERR: 无法加载模块:Proxyip

[ 2017-02-10T01:30:20+08:00 ] 211.151.3.208 /xxx.png
INFO: [ app_init ] --START--
INFO: Run Behavior\BuildLiteBehavior [ RunTime:0.000064s ]
INFO: [ app_init ] --END-- [ RunTime:0.018306s ]
ERR: 无法加载模块:Xxx

[ 2017-02-10T02:00:23+08:00 ] 211.151.3.208 /xxx.png
INFO: [ app_init ] --START--
INFO: Run Behavior\BuildLiteBehavior [ RunTime:0.000036s ]
INFO: [ app_init ] --END-- [ RunTime:0.035746s ]
ERR: 无法加载模块:Xxx

[ 2017-02-10T02:26:47+08:00 ] 211.151.3.208 /xxx.png
INFO: [ app_init ] --START--
INFO: Run Behavior\BuildLiteBehavior [ RunTime:0.000036s ]
INFO: [ app_init ] --END-- [ RunTime:0.020962s ]
ERR: 无法加载模块:Xxx

[ 2017-02-10T02:52:50+08:00 ] 211.151.3.208 /xxx.png
INFO: [ app_init ] --START--
INFO: Run Behavior\BuildLiteBehavior [ RunTime:0.000032s ]
INFO: [ app_init ] --END-- [ RunTime:0.012035s ]
ERR: 无法加载模块:Xxx

[ 2017-02-10T02:56:13+08:00 ] 139.162.88.63 http://clientapi.ipip.net/echo.php?info=1234567890
INFO: [ app_init ] --START--
INFO: Run Behavior\BuildLiteBehavior [ RunTime:0.000034s ]
INFO: [ app_init ] --END-- [ RunTime:0.012813s ]
ERR: 无法加载模块:Echo

[ 2017-02-10T03:01:56+08:00 ] 106.38.231.219 http://106.2.112.147/proxyip/check
INFO: [ app_init ] --START--
INFO: Run Behavior\BuildLiteBehavior [ RunTime:0.000049s ]
INFO: [ app_init ] --END-- [ RunTime:0.013046s ]
ERR: 无法加载模块:Proxyip

[ 2017-02-10T03:19:24+08:00 ] 211.151.3.208 /xxx.png
INFO: [ app_init ] --START--
INFO: Run Behavior\BuildLiteBehavior [ RunTime:0.000069s ]
INFO: [ app_init ] --END-- [ RunTime:0.016184s ]
ERR: 无法加载模块:Xxx

[ 2017-02-10T03:45:27+08:00 ] 211.151.3.208 /xxx.png
INFO: [ app_init ] --START--
INFO: Run Behavior\BuildLiteBehavior [ RunTime:0.000097s ]
INFO: [ app_init ] --END-- [ RunTime:0.021272s ]
ERR: 无法加载模块:Xxx

[ 2017-02-10T04:11:51+08:00 ] 211.151.3.208 /xxx.png
INFO: [ app_init ] --START--
INFO: Run Behavior\BuildLiteBehavior [ RunTime:0.000048s ]
INFO: [ app_init ] --END-- [ RunTime:0.021553s ]
ERR: 无法加载模块:Xxx

[ 2017-02-10T04:38:06+08:00 ] 211.151.3.208 /xxx.png
INFO: [ app_init ] --START--
INFO: Run Behavior\BuildLiteBehavior [ RunTime:0.000059s ]
INFO: [ app_init ] --END-- [ RunTime:0.039473s ]
ERR: 无法加载模块:Xxx

[ 2017-02-10T04:51:41+08:00 ] 123.125.51.231 http://106.2.112.147/proxyip/check
INFO: [ app_init ] --START--
INFO: Run Behavior\BuildLiteBehavior [ RunTime:0.000023s ]
INFO: [ app_init ] --END-- [ RunTime:0.000446s ]
ERR: 无法加载模块:Proxyip

[ 2017-02-10T05:04:21+08:00 ] 211.151.3.208 /xxx.png
INFO: [ app_init ] --START--
INFO: Run Behavior\BuildLiteBehavior [ RunTime:0.000034s ]
INFO: [ app_init ] --END-- [ RunTime:0.014040s ]
ERR: 无法加载模块:Xxx

[ 2017-02-10T05:07:43+08:00 ] 23.251.63.45 http://domkrim.com/av.php
INFO: [ app_init ] --START--
INFO: Run Behavior\BuildLiteBehavior [ RunTime:0.000031s ]
INFO: [ app_init ] --END-- [ RunTime:0.013475s ]
ERR: 无法加载模块:Av

[ 2017-02-10T05:22:59+08:00 ] 80.82.77.139 /xmlrpc.php
INFO: [ app_init ] --START--
INFO: Run Behavior\BuildLiteBehavior [ RunTime:0.022276s ]
INFO: [ app_init ] --END-- [ RunTime:0.022986s ]
ERR: 无法加载模块:Xmlrpc

[ 2017-02-10T05:30:50+08:00 ] 211.151.3.208 /xxx.png
INFO: [ app_init ] --START--
INFO: Run Behavior\BuildLiteBehavior [ RunTime:0.000047s ]
INFO: [ app_init ] --END-- [ RunTime:0.018212s ]
ERR: 无法加载模块:Xxx

[ 2017-02-10T05:57:02+08:00 ] 211.151.3.208 /xxx.png
INFO: [ app_init ] --START--
INFO: Run Behavior\BuildLiteBehavior [ RunTime:0.000022s ]
INFO: [ app_init ] --END-- [ RunTime:0.000377s ]
ERR: 无法加载模块:Xxx

[ 2017-02-10T06:23:00+08:00 ] 120.132.3.151 http://www.qq.com/404/search_children.js
INFO: [ app_init ] --START--
INFO: Run Behavior\BuildLiteBehavior [ RunTime:0.000056s ]
INFO: [ app_init ] --END-- [ RunTime:0.021982s ]
ERR: 无法加载模块:404

[ 2017-02-10T06:23:45+08:00 ] 211.151.3.208 /xxx.png
INFO: [ app_init ] --START--
INFO: Run Behavior\BuildLiteBehavior [ RunTime:0.000058s ]
INFO: [ app_init ] --END-- [ RunTime:0.030577s ]
ERR: 无法加载模块:Xxx

[ 2017-02-10T06:40:24+08:00 ] 106.38.231.219 http://106.2.112.147/proxyip/check
INFO: [ app_init ] --START--
INFO: Run Behavior\BuildLiteBehavior [ RunTime:0.000039s ]
INFO: [ app_init ] --END-- [ RunTime:0.018929s ]
ERR: 无法加载模块:Proxyip

[ 2017-02-10T06:49:58+08:00 ] 211.151.3.208 /xxx.png
INFO: [ app_init ] --START--
INFO: Run Behavior\BuildLiteBehavior [ RunTime:0.000041s ]
INFO: [ app_init ] --END-- [ RunTime:0.024002s ]
ERR: 无法加载模块:Xxx

[ 2017-02-10T07:16:26+08:00 ] 211.151.3.208 /xxx.png
INFO: [ app_init ] --START--
INFO: Run Behavior\BuildLiteBehavior [ RunTime:0.000037s ]
INFO: [ app_init ] --END-- [ RunTime:0.016980s ]
ERR: 无法加载模块:Xxx

[ 2017-02-10T07:16:29+08:00 ] 23.251.63.45 http://www.proxyjudge.info/azenv.php
INFO: [ app_init ] --START--
INFO: Run Behavior\BuildLiteBehavior [ RunTime:0.000054s ]
INFO: [ app_init ] --END-- [ RunTime:0.013133s ]
ERR: 无法加载模块:Azenv

[ 2017-02-10T07:42:39+08:00 ] 211.151.3.208 /xxx.png
INFO: [ app_init ] --START--
INFO: Run Behavior\BuildLiteBehavior [ RunTime:0.000035s ]
INFO: [ app_init ] --END-- [ RunTime:0.026263s ]
ERR: 无法加载模块:Xxx

[ 2017-02-10T08:09:16+08:00 ] 211.151.3.208 /xxx.png
INFO: [ app_init ] --START--
INFO: Run Behavior\BuildLiteBehavior [ RunTime:0.000067s ]
INFO: [ app_init ] --END-- [ RunTime:0.015136s ]
ERR: 无法加载模块:Xxx

[ 2017-02-10T08:27:56+08:00 ] 106.38.230.190 http://106.2.112.147/proxyip/check
INFO: [ app_init ] --START--
INFO: Run Behavior\BuildLiteBehavior [ RunTime:0.000023s ]
INFO: [ app_init ] --END-- [ RunTime:0.000366s ]
ERR: 无法加载模块:Proxyip

[ 2017-02-10T08:35:25+08:00 ] 211.151.3.208 /xxx.png
INFO: [ app_init ] --START--
INFO: Run Behavior\BuildLiteBehavior [ RunTime:0.000043s ]
INFO: [ app_init ] --END-- [ RunTime:0.021488s ]
ERR: 无法加载模块:Xxx

[ 2017-02-10T09:01:35+08:00 ] 211.151.3.208 /xxx.png
INFO: [ app_init ] --START--
INFO: Run Behavior\BuildLiteBehavior [ RunTime:0.000047s ]
INFO: [ app_init ] --END-- [ RunTime:0.010975s ]
ERR: 无法加载模块:Xxx

[ 2017-02-10T09:04:29+08:00 ] 23.251.63.45 http://www.sbjudge1.com/azenv.php
INFO: [ app_init ] --START--
INFO: Run Behavior\BuildLiteBehavior [ RunTime:0.000047s ]
INFO: [ app_init ] --END-- [ RunTime:0.022556s ]
ERR: 无法加载模块:Azenv

[ 2017-02-10T09:28:05+08:00 ] 211.151.3.208 /xxx.png
INFO: [ app_init ] --START--
INFO: Run Behavior\BuildLiteBehavior [ RunTime:0.000053s ]
INFO: [ app_init ] --END-- [ RunTime:0.022670s ]
ERR: 无法加载模块:Xxx

[ 2017-02-10T09:54:19+08:00 ] 211.151.3.208 /xxx.png
INFO: [ app_init ] --START--
INFO: Run Behavior\BuildLiteBehavior [ RunTime:0.000067s ]
INFO: [ app_init ] --END-- [ RunTime:0.017151s ]
ERR: 无法加载模块:Xxx

[ 2017-02-10T10:20:50+08:00 ] 211.151.3.208 /xxx.png
INFO: [ app_init ] --START--
INFO: Run Behavior\BuildLiteBehavior [ RunTime:0.000056s ]
INFO: [ app_init ] --END-- [ RunTime:0.021002s ]
ERR: 无法加载模块:Xxx

[ 2017-02-10T10:20:51+08:00 ] 106.38.230.19 http://106.2.112.147/proxyip/check
INFO: [ app_init ] --START--
INFO: Run Behavior\BuildLiteBehavior [ RunTime:0.000036s ]
INFO: [ app_init ] --END-- [ RunTime:0.013018s ]
ERR: 无法加载模块:Proxyip

[ 2017-02-10T10:46:56+08:00 ] 211.151.3.208 /xxx.png
INFO: [ app_init ] --START--
INFO: Run Behavior\BuildLiteBehavior [ RunTime:0.000035s ]
INFO: [ app_init ] --END-- [ RunTime:0.024330s ]
ERR: 无法加载模块:Xxx

[ 2017-02-10T11:13:33+08:00 ] 211.151.3.208 /xxx.png
INFO: [ app_init ] --START--
INFO: Run Behavior\BuildLiteBehavior [ RunTime:0.000077s ]
INFO: [ app_init ] --END-- [ RunTime:0.022025s ]
ERR: 无法加载模块:Xxx

[ 2017-02-10T11:29:04+08:00 ] 140.205.225.186 /nlczgyobwavh
INFO: [ app_init ] --START--
INFO: Run Behavior\BuildLiteBehavior [ RunTime:0.000024s ]
INFO: [ app_init ] --END-- [ RunTime:0.000395s ]
ERR: 无法加载模块:Nlczgyobwavh

[ 2017-02-10T11:29:04+08:00 ] 140.205.225.186 /about/
INFO: [ app_init ] --START--
INFO: Run Behavior\BuildLiteBehavior [ RunTime:0.000048s ]
INFO: [ app_init ] --END-- [ RunTime:0.017018s ]
ERR: 无法加载模块:About

[ 2017-02-10T11:29:04+08:00 ] 140.205.225.186 /nlczgyobwavh
INFO: [ app_init ] --START--
INFO: Run Behavior\BuildLiteBehavior [ RunTime:0.000039s ]
INFO: [ app_init ] --END-- [ RunTime:0.022076s ]
ERR: 无法加载模块:Nlczgyobwavh

[ 2017-02-10T11:29:05+08:00 ] 140.205.225.186 /nlczgyobwavh
INFO: [ app_init ] --START--
INFO: Run Behavior\BuildLiteBehavior [ RunTime:0.000044s ]
INFO: [ app_init ] --END-- [ RunTime:0.031873s ]
ERR: 无法加载模块:Nlczgyobwavh

[ 2017-02-10T11:36:50+08:00 ] 140.205.225.186 /clusters.jsf
INFO: [ app_init ] --START--
INFO: Run Behavior\BuildLiteBehavior [ RunTime:0.000095s ]
INFO: [ app_init ] --END-- [ RunTime:0.026389s ]
ERR: 无法加载模块:Clusters

[ 2017-02-10T11:39:51+08:00 ] 23.251.63.45 http://www.sbjudge3.com/azenv.php
INFO: [ app_init ] --START--
INFO: Run Behavior\BuildLiteBehavior [ RunTime:0.000043s ]
INFO: [ app_init ] --END-- [ RunTime:0.023642s ]
ERR: 无法加载模块:Azenv

[ 2017-02-10T11:40:09+08:00 ] 211.151.3.208 /xxx.png
INFO: [ app_init ] --START--
INFO: Run Behavior\BuildLiteBehavior [ RunTime:0.000033s ]
INFO: [ app_init ] --END-- [ RunTime:0.016470s ]
ERR: 无法加载模块:Xxx

[ 2017-02-10T11:53:51+08:00 ] 140.205.225.186 /hwi/
INFO: [ app_init ] --START--
INFO: Run Behavior\BuildLiteBehavior [ RunTime:0.000088s ]
INFO: [ app_init ] --END-- [ RunTime:0.011327s ]
ERR: 无法加载模块:Hwi

[ 2017-02-10T12:03:23+08:00 ] 140.205.225.186 /wp-json/wp/v2/posts
INFO: [ app_init ] --START--
INFO: Run Behavior\BuildLiteBehavior [ RunTime:0.000071s ]
INFO: [ app_init ] --END-- [ RunTime:0.024061s ]
ERR: 无法加载模块:Wp-json

[ 2017-02-10T12:06:26+08:00 ] 211.151.3.208 /xxx.png
INFO: [ app_init ] --START--
INFO: Run Behavior\BuildLiteBehavior [ RunTime:0.000037s ]
INFO: [ app_init ] --END-- [ RunTime:0.016887s ]
ERR: 无法加载模块:Xxx

[ 2017-02-10T12:11:26+08:00 ] 140.205.225.186 /jobs/
INFO: [ app_init ] --START--
INFO: Run Behavior\BuildLiteBehavior [ RunTime:0.000062s ]
INFO: [ app_init ] --END-- [ RunTime:0.015102s ]
ERR: 无法加载模块:Jobs

[ 2017-02-10T12:13:15+08:00 ] 140.205.225.186 /ganglia/index.php
INFO: [ app_init ] --START--
INFO: Run Behavior\BuildLiteBehavior [ RunTime:0.000036s ]
INFO: [ app_init ] --END-- [ RunTime:0.010305s ]
ERR: 无法加载模块:Ganglia

[ 2017-02-10T12:14:38+08:00 ] 140.205.225.186 /rs-status
INFO: [ app_init ] --START--
INFO: Run Behavior\BuildLiteBehavior [ RunTime:0.000036s ]
INFO: [ app_init ] --END-- [ RunTime:0.025406s ]
ERR: 无法加载模块:Rs-status

[ 2017-02-10T12:16:03+08:00 ] 106.38.231.220 http://106.2.112.147/proxyip/check
INFO: [ app_init ] --START--
INFO: Run Behavior\BuildLiteBehavior [ RunTime:0.000023s ]
INFO: [ app_init ] --END-- [ RunTime:0.000453s ]
ERR: 无法加载模块:Proxyip

[ 2017-02-10T12:16:34+08:00 ] 140.205.225.186 /master-status
INFO: [ app_init ] --START--
INFO: Run Behavior\BuildLiteBehavior [ RunTime:0.000052s ]
INFO: [ app_init ] --END-- [ RunTime:0.019106s ]
ERR: 无法加载模块:Master-status

[ 2017-02-10T12:16:39+08:00 ] 140.205.225.186 /dfshealth.html
INFO: [ app_init ] --START--
INFO: Run Behavior\BuildLiteBehavior [ RunTime:0.000044s ]
INFO: [ app_init ] --END-- [ RunTime:0.030267s ]
ERR: 无法加载模块:Dfshealth

[ 2017-02-10T12:16:47+08:00 ] 140.205.225.186 /warning
INFO: [ app_init ] --START--
INFO: Run Behavior\BuildLiteBehavior [ RunTime:0.000040s ]
INFO: [ app_init ] --END-- [ RunTime:0.023905s ]
ERR: 无法加载模块:Warning

[ 2017-02-10T12:16:51+08:00 ] 140.205.225.186 /pleasereadthis
INFO: [ app_init ] --START--
INFO: Run Behavior\BuildLiteBehavior [ RunTime:0.000071s ]
INFO: [ app_init ] --END-- [ RunTime:0.027055s ]
ERR: 无法加载模块:Pleasereadthis

[ 2017-02-10T12:16:54+08:00 ] 140.205.225.186 /please_read/_search
INFO: [ app_init ] --START--
INFO: Run Behavior\BuildLiteBehavior [ RunTime:0.000035s ]
INFO: [ app_init ] --END-- [ RunTime:0.011916s ]
ERR: 无法加载模块:Please_read

[ 2017-02-10T12:16:57+08:00 ] 140.205.225.186 /dfshealth.jsp
INFO: [ app_init ] --START--
INFO: Run Behavior\BuildLiteBehavior [ RunTime:0.000054s ]
INFO: [ app_init ] --END-- [ RunTime:0.019861s ]
ERR: 无法加载模块:Dfshealth

[ 2017-02-10T12:16:58+08:00 ] 140.205.225.186 /hadoop/dfshealth.jsp
INFO: [ app_init ] --START--
INFO: Run Behavior\BuildLiteBehavior [ RunTime:0.000058s ]
INFO: [ app_init ] --END-- [ RunTime:0.028376s ]
ERR: 无法加载模块:Hadoop

[ 2017-02-10T12:17:03+08:00 ] 140.205.225.186 /solr/
INFO: [ app_init ] --START--
INFO: Run Behavior\BuildLiteBehavior [ RunTime:0.000043s ]
INFO: [ app_init ] --END-- [ RunTime:0.017293s ]
ERR: 无法加载模块:Solr

[ 2017-02-10T12:17:15+08:00 ] 140.205.225.186 /info
INFO: [ app_init ] --START--
INFO: Run Behavior\BuildLiteBehavior [ RunTime:0.000041s ]
INFO: [ app_init ] --END-- [ RunTime:0.017064s ]
ERR: 无法加载模块:Info

[ 2017-02-10T12:32:33+08:00 ] 211.151.3.208 /xxx.png
INFO: [ app_init ] --START--
INFO: Run Behavior\BuildLiteBehavior [ RunTime:0.000038s ]
INFO: [ app_init ] --END-- [ RunTime:0.023863s ]
ERR: 无法加载模块:Xxx

[ 2017-02-10T12:38:45+08:00 ] 140.205.225.186 /j_acegi_security_check
INFO: [ app_init ] --START--
INFO: Run Behavior\BuildLiteBehavior [ RunTime:0.000044s ]
INFO: [ app_init ] --END-- [ RunTime:0.019022s ]
ERR: 无法加载模块:J_acegi_security_check

[ 2017-02-10T12:38:51+08:00 ] 140.205.225.186 /admin/
INFO: [ app_init ] --START--
INFO: Run Behavior\BuildLiteBehavior [ RunTime:0.000058s ]
INFO: [ app_init ] --END-- [ RunTime:0.009824s ]
ERR: 无法加载模块:Admin

[ 2017-02-10T12:58:37+08:00 ] 211.151.3.208 /xxx.png
INFO: [ app_init ] --START--
INFO: Run Behavior\BuildLiteBehavior [ RunTime:0.000049s ]
INFO: [ app_init ] --END-- [ RunTime:0.014083s ]
ERR: 无法加载模块:Xxx

[ 2017-02-10T13:24:56+08:00 ] 211.151.3.208 /xxx.png
INFO: [ app_init ] --START--
INFO: Run Behavior\BuildLiteBehavior [ RunTime:0.000036s ]
INFO: [ app_init ] --END-- [ RunTime:0.018925s ]
ERR: 无法加载模块:Xxx

[ 2017-02-10T13:50:52+08:00 ] 211.151.3.208 /xxx.png
INFO: [ app_init ] --START--
INFO: Run Behavior\BuildLiteBehavior [ RunTime:0.000055s ]
INFO: [ app_init ] --END-- [ RunTime:0.014561s ]
ERR: 无法加载模块:Xxx

[ 2017-02-10T14:08:55+08:00 ] 23.251.63.45 http://www.sbjudge3.com/azenv.php
INFO: [ app_init ] --START--
INFO: Run Behavior\BuildLiteBehavior [ RunTime:0.000049s ]
INFO: [ app_init ] --END-- [ RunTime:0.018042s ]
ERR: 无法加载模块:Azenv

[ 2017-02-10T14:10:35+08:00 ] 106.38.231.218 http://106.2.112.147/proxyip/check
INFO: [ app_init ] --START--
INFO: Run Behavior\BuildLiteBehavior [ RunTime:0.000042s ]
INFO: [ app_init ] --END-- [ RunTime:0.025570s ]
ERR: 无法加载模块:Proxyip

[ 2017-02-10T14:17:42+08:00 ] 211.151.3.208 /xxx.png
INFO: [ app_init ] --START--
INFO: Run Behavior\BuildLiteBehavior [ RunTime:0.000063s ]
INFO: [ app_init ] --END-- [ RunTime:0.025033s ]
ERR: 无法加载模块:Xxx

[ 2017-02-10T14:43:52+08:00 ] 211.151.3.208 /xxx.png
INFO: [ app_init ] --START--
INFO: Run Behavior\BuildLiteBehavior [ RunTime:0.000064s ]
INFO: [ app_init ] --END-- [ RunTime:0.013034s ]
ERR: 无法加载模块:Xxx

[ 2017-02-10T15:10:12+08:00 ] 211.151.3.208 /xxx.png
INFO: [ app_init ] --START--
INFO: Run Behavior\BuildLiteBehavior [ RunTime:0.000042s ]
INFO: [ app_init ] --END-- [ RunTime:0.024924s ]
ERR: 无法加载模块:Xxx

[ 2017-02-10T15:36:18+08:00 ] 211.151.3.208 /xxx.png
INFO: [ app_init ] --START--
INFO: Run Behavior\BuildLiteBehavior [ RunTime:0.000033s ]
INFO: [ app_init ] --END-- [ RunTime:0.006983s ]
ERR: 无法加载模块:Xxx

[ 2017-02-10T16:07:09+08:00 ] 211.151.3.208 /xxx.png
INFO: [ app_init ] --START--
INFO: Run Behavior\BuildLiteBehavior [ RunTime:0.000050s ]
INFO: [ app_init ] --END-- [ RunTime:0.013099s ]
ERR: 无法加载模块:Xxx

[ 2017-02-10T16:20:14+08:00 ] 106.38.231.218 http://106.2.112.147/proxyip/check
INFO: [ app_init ] --START--
INFO: Run Behavior\BuildLiteBehavior [ RunTime:0.000037s ]
INFO: [ app_init ] --END-- [ RunTime:0.012950s ]
ERR: 无法加载模块:Proxyip

[ 2017-02-10T16:33:13+08:00 ] 211.151.3.208 /xxx.png
INFO: [ app_init ] --START--
INFO: Run Behavior\BuildLiteBehavior [ RunTime:0.000036s ]
INFO: [ app_init ] --END-- [ RunTime:0.026706s ]
ERR: 无法加载模块:Xxx

[ 2017-02-10T16:59:06+08:00 ] 211.151.3.208 /xxx.png
INFO: [ app_init ] --START--
INFO: Run Behavior\BuildLiteBehavior [ RunTime:0.000040s ]
INFO: [ app_init ] --END-- [ RunTime:0.027428s ]
ERR: 无法加载模块:Xxx

[ 2017-02-10T17:25:36+08:00 ] 211.151.3.208 /xxx.png
INFO: [ app_init ] --START--
INFO: Run Behavior\BuildLiteBehavior [ RunTime:0.000074s ]
INFO: [ app_init ] --END-- [ RunTime:0.020096s ]
ERR: 无法加载模块:Xxx

[ 2017-02-10T17:51:38+08:00 ] 211.151.3.208 /xxx.png
INFO: [ app_init ] --START--
INFO: Run Behavior\BuildLiteBehavior [ RunTime:0.000037s ]
INFO: [ app_init ] --END-- [ RunTime:0.018878s ]
ERR: 无法加载模块:Xxx

[ 2017-02-10T18:10:22+08:00 ] 123.126.94.252 http://106.2.112.147/proxyip/check
INFO: [ app_init ] --START--
INFO: Run Behavior\BuildLiteBehavior [ RunTime:0.006867s ]
INFO: [ app_init ] --END-- [ RunTime:0.020929s ]
ERR: 无法加载模块:Proxyip

[ 2017-02-10T18:18:35+08:00 ] 211.151.3.208 /xxx.png
INFO: [ app_init ] --START--
INFO: Run Behavior\BuildLiteBehavior [ RunTime:0.000068s ]
INFO: [ app_init ] --END-- [ RunTime:0.019024s ]
ERR: 无法加载模块:Xxx

[ 2017-02-10T18:37:00+08:00 ] 23.251.63.45 http://www.sbjudge3.com/azenv.php
INFO: [ app_init ] --START--
INFO: Run Behavior\BuildLiteBehavior [ RunTime:0.000057s ]
INFO: [ app_init ] --END-- [ RunTime:0.024956s ]
ERR: 无法加载模块:Azenv

[ 2017-02-10T18:51:42+08:00 ] 211.151.3.208 /xxx.png
INFO: [ app_init ] --START--
INFO: Run Behavior\BuildLiteBehavior [ RunTime:0.000037s ]
INFO: [ app_init ] --END-- [ RunTime:0.012970s ]
ERR: 无法加载模块:Xxx

[ 2017-02-10T19:22:58+08:00 ] 211.151.3.208 /xxx.png
INFO: [ app_init ] --START--
INFO: Run Behavior\BuildLiteBehavior [ RunTime:0.000044s ]
INFO: [ app_init ] --END-- [ RunTime:0.013230s ]
ERR: 无法加载模块:Xxx

[ 2017-02-10T19:53:03+08:00 ] 211.151.3.208 /xxx.png
INFO: [ app_init ] --START--
INFO: Run Behavior\BuildLiteBehavior [ RunTime:0.000033s ]
INFO: [ app_init ] --END-- [ RunTime:0.022827s ]
ERR: 无法加载模块:Xxx

[ 2017-02-10T20:01:49+08:00 ] 123.126.94.201 http://106.2.112.147/proxyip/check
INFO: [ app_init ] --START--
INFO: Run Behavior\BuildLiteBehavior [ RunTime:0.000036s ]
INFO: [ app_init ] --END-- [ RunTime:0.025828s ]
ERR: 无法加载模块:Proxyip

[ 2017-02-10T20:25:41+08:00 ] 211.151.3.208 /xxx.png
INFO: [ app_init ] --START--
INFO: Run Behavior\BuildLiteBehavior [ RunTime:0.000032s ]
INFO: [ app_init ] --END-- [ RunTime:0.013564s ]
ERR: 无法加载模块:Xxx

[ 2017-02-10T20:36:52+08:00 ] 23.251.63.45 http://www.sbjudge3.com/azenv.php
INFO: [ app_init ] --START--
INFO: Run Behavior\BuildLiteBehavior [ RunTime:0.000023s ]
INFO: [ app_init ] --END-- [ RunTime:0.000372s ]
ERR: 无法加载模块:Azenv

[ 2017-02-10T20:51:51+08:00 ] 211.151.3.208 /xxx.png
INFO: [ app_init ] --START--
INFO: Run Behavior\BuildLiteBehavior [ RunTime:0.000044s ]
INFO: [ app_init ] --END-- [ RunTime:0.021870s ]
ERR: 无法加载模块:Xxx

[ 2017-02-10T21:18:34+08:00 ] 211.151.3.208 /xxx.png
INFO: [ app_init ] --START--
INFO: Run Behavior\BuildLiteBehavior [ RunTime:0.000037s ]
INFO: [ app_init ] --END-- [ RunTime:0.014978s ]
ERR: 无法加载模块:Xxx

[ 2017-02-10T21:51:37+08:00 ] 211.151.3.208 /xxx.png
INFO: [ app_init ] --START--
INFO: Run Behavior\BuildLiteBehavior [ RunTime:0.000064s ]
INFO: [ app_init ] --END-- [ RunTime:0.021087s ]
ERR: 无法加载模块:Xxx

[ 2017-02-10T21:55:40+08:00 ] 123.125.51.231 http://106.2.112.147/proxyip/check
INFO: [ app_init ] --START--
INFO: Run Behavior\BuildLiteBehavior [ RunTime:0.000036s ]
INFO: [ app_init ] --END-- [ RunTime:0.028802s ]
ERR: 无法加载模块:Proxyip

[ 2017-02-10T22:18:40+08:00 ] 80.82.78.38 http://www.baidu.com/cache/global/img/gs.gif
INFO: [ app_init ] --START--
INFO: Run Behavior\BuildLiteBehavior [ RunTime:0.000059s ]
INFO: [ app_init ] --END-- [ RunTime:0.020881s ]
ERR: 无法加载模块:Cache

[ 2017-02-10T22:22:52+08:00 ] 211.151.3.208 /xxx.png
INFO: [ app_init ] --START--
INFO: Run Behavior\BuildLiteBehavior [ RunTime:0.000034s ]
INFO: [ app_init ] --END-- [ RunTime:0.032010s ]
ERR: 无法加载模块:Xxx

[ 2017-02-10T22:54:05+08:00 ] 211.151.3.208 /xxx.png
INFO: [ app_init ] --START--
INFO: Run Behavior\BuildLiteBehavior [ RunTime:0.000023s ]
INFO: [ app_init ] --END-- [ RunTime:0.000367s ]
ERR: 无法加载模块:Xxx

[ 2017-02-10T23:26:09+08:00 ] 211.151.3.208 /xxx.png
INFO: [ app_init ] --START--
INFO: Run Behavior\BuildLiteBehavior [ RunTime:0.000036s ]
INFO: [ app_init ] --END-- [ RunTime:0.013310s ]
ERR: 无法加载模块:Xxx

[ 2017-02-10T23:48:40+08:00 ] 123.126.94.252 http://106.2.112.147/proxyip/check
INFO: [ app_init ] --START--
INFO: Run Behavior\BuildLiteBehavior [ RunTime:0.000055s ]
INFO: [ app_init ] --END-- [ RunTime:0.034843s ]
ERR: 无法加载模块:Proxyip

[ 2017-02-10T23:54:49+08:00 ] 211.151.3.208 /xxx.png
INFO: [ app_init ] --START--
INFO: Run Behavior\BuildLiteBehavior [ RunTime:0.000044s ]
INFO: [ app_init ] --END-- [ RunTime:0.016973s ]
ERR: 无法加载模块:Xxx

