[ 2017-02-12T00:00:06+08:00 ] 80.82.78.38 http://www.baidu.com/cache/global/img/gs.gif
INFO: [ app_init ] --START--
INFO: Run Behavior\BuildLiteBehavior [ RunTime:0.000062s ]
INFO: [ app_init ] --END-- [ RunTime:0.029515s ]
ERR: 无法加载模块:Cache

[ 2017-02-12T00:01:32+08:00 ] 211.151.3.208 /xxx.png
INFO: [ app_init ] --START--
INFO: Run Behavior\BuildLiteBehavior [ RunTime:0.000048s ]
INFO: [ app_init ] --END-- [ RunTime:0.039189s ]
ERR: 无法加载模块:Xxx

[ 2017-02-12T00:28:48+08:00 ] 211.151.3.208 /xxx.png
INFO: [ app_init ] --START--
INFO: Run Behavior\BuildLiteBehavior [ RunTime:0.000037s ]
INFO: [ app_init ] --END-- [ RunTime:0.017000s ]
ERR: 无法加载模块:Xxx

[ 2017-02-12T00:52:25+08:00 ] 123.126.94.201 http://106.2.112.147/proxyip/check
INFO: [ app_init ] --START--
INFO: Run Behavior\BuildLiteBehavior [ RunTime:0.000032s ]
INFO: [ app_init ] --END-- [ RunTime:0.012994s ]
ERR: 无法加载模块:Proxyip

[ 2017-02-12T00:57:04+08:00 ] 211.151.3.208 /xxx.png
INFO: [ app_init ] --START--
INFO: Run Behavior\BuildLiteBehavior [ RunTime:0.000035s ]
INFO: [ app_init ] --END-- [ RunTime:0.025699s ]
ERR: 无法加载模块:Xxx

[ 2017-02-12T01:24:39+08:00 ] 211.151.3.208 /xxx.png
INFO: [ app_init ] --START--
INFO: Run Behavior\BuildLiteBehavior [ RunTime:0.000032s ]
INFO: [ app_init ] --END-- [ RunTime:0.010228s ]
ERR: 无法加载模块:Xxx

[ 2017-02-12T01:50:43+08:00 ] 211.151.3.208 /xxx.png
INFO: [ app_init ] --START--
INFO: Run Behavior\BuildLiteBehavior [ RunTime:0.000067s ]
INFO: [ app_init ] --END-- [ RunTime:0.009500s ]
ERR: 无法加载模块:Xxx

[ 2017-02-12T02:07:45+08:00 ] 139.162.88.63 http://clientapi.ipip.net/echo.php?info=1234567890
INFO: [ app_init ] --START--
INFO: Run Behavior\BuildLiteBehavior [ RunTime:0.000072s ]
INFO: [ app_init ] --END-- [ RunTime:0.013185s ]
ERR: 无法加载模块:Echo

[ 2017-02-12T02:15:59+08:00 ] 23.251.63.45 http://www.sbjudge1.com/azenv.php
INFO: [ app_init ] --START--
INFO: Run Behavior\BuildLiteBehavior [ RunTime:0.006099s ]
INFO: [ app_init ] --END-- [ RunTime:0.015077s ]
ERR: 无法加载模块:Azenv

[ 2017-02-12T02:16:39+08:00 ] 23.251.63.45 http://domkrim.com/av.php
INFO: [ app_init ] --START--
INFO: Run Behavior\BuildLiteBehavior [ RunTime:0.000035s ]
INFO: [ app_init ] --END-- [ RunTime:0.012053s ]
ERR: 无法加载模块:Av

[ 2017-02-12T02:17:07+08:00 ] 211.151.3.208 /xxx.png
INFO: [ app_init ] --START--
INFO: Run Behavior\BuildLiteBehavior [ RunTime:0.000038s ]
INFO: [ app_init ] --END-- [ RunTime:0.021902s ]
ERR: 无法加载模块:Xxx

[ 2017-02-12T02:43:09+08:00 ] 211.151.3.208 /xxx.png
INFO: [ app_init ] --START--
INFO: Run Behavior\BuildLiteBehavior [ RunTime:0.000056s ]
INFO: [ app_init ] --END-- [ RunTime:0.019844s ]
ERR: 无法加载模块:Xxx

[ 2017-02-12T02:51:25+08:00 ] 106.38.230.190 http://106.2.112.147/proxyip/check
INFO: [ app_init ] --START--
INFO: Run Behavior\BuildLiteBehavior [ RunTime:0.000036s ]
INFO: [ app_init ] --END-- [ RunTime:0.034547s ]
ERR: 无法加载模块:Proxyip

[ 2017-02-12T03:09:31+08:00 ] 211.151.3.208 /xxx.png
INFO: [ app_init ] --START--
INFO: Run Behavior\BuildLiteBehavior [ RunTime:0.000082s ]
INFO: [ app_init ] --END-- [ RunTime:0.018950s ]
ERR: 无法加载模块:Xxx

[ 2017-02-12T03:35:31+08:00 ] 211.151.3.208 /xxx.png
INFO: [ app_init ] --START--
INFO: Run Behavior\BuildLiteBehavior [ RunTime:0.000053s ]
INFO: [ app_init ] --END-- [ RunTime:0.014101s ]
ERR: 无法加载模块:Xxx

[ 2017-02-12T04:01:36+08:00 ] 211.151.3.208 /xxx.png
INFO: [ app_init ] --START--
INFO: Run Behavior\BuildLiteBehavior [ RunTime:0.000042s ]
INFO: [ app_init ] --END-- [ RunTime:0.013078s ]
ERR: 无法加载模块:Xxx

[ 2017-02-12T04:05:04+08:00 ] 118.190.15.31 /admin
INFO: [ app_init ] --START--
INFO: Run Behavior\BuildLiteBehavior [ RunTime:0.000094s ]
INFO: [ app_init ] --END-- [ RunTime:0.022098s ]
ERR: 无法加载模块:Admin

[ 2017-02-12T04:25:41+08:00 ] 23.251.63.45 http://www.proxyjudge.info/azenv.php
INFO: [ app_init ] --START--
INFO: Run Behavior\BuildLiteBehavior [ RunTime:0.000034s ]
INFO: [ app_init ] --END-- [ RunTime:0.020334s ]
ERR: 无法加载模块:Azenv

[ 2017-02-12T04:27:47+08:00 ] 211.151.3.208 /xxx.png
INFO: [ app_init ] --START--
INFO: Run Behavior\BuildLiteBehavior [ RunTime:0.000060s ]
INFO: [ app_init ] --END-- [ RunTime:0.022111s ]
ERR: 无法加载模块:Xxx

[ 2017-02-12T04:54:27+08:00 ] 211.151.3.208 /xxx.png
INFO: [ app_init ] --START--
INFO: Run Behavior\BuildLiteBehavior [ RunTime:0.000039s ]
INFO: [ app_init ] --END-- [ RunTime:0.012957s ]
ERR: 无法加载模块:Xxx

[ 2017-02-12T04:56:46+08:00 ] 106.38.230.190 http://106.2.112.147/proxyip/check
INFO: [ app_init ] --START--
INFO: Run Behavior\BuildLiteBehavior [ RunTime:0.000036s ]
INFO: [ app_init ] --END-- [ RunTime:0.024517s ]
ERR: 无法加载模块:Proxyip

[ 2017-02-12T05:21:00+08:00 ] 211.151.3.208 /xxx.png
INFO: [ app_init ] --START--
INFO: Run Behavior\BuildLiteBehavior [ RunTime:0.000032s ]
INFO: [ app_init ] --END-- [ RunTime:0.009927s ]
ERR: 无法加载模块:Xxx

[ 2017-02-12T05:47:18+08:00 ] 211.151.3.208 /xxx.png
INFO: [ app_init ] --START--
INFO: Run Behavior\BuildLiteBehavior [ RunTime:0.000037s ]
INFO: [ app_init ] --END-- [ RunTime:0.008294s ]
ERR: 无法加载模块:Xxx

[ 2017-02-12T06:13:43+08:00 ] 211.151.3.208 /xxx.png
INFO: [ app_init ] --START--
INFO: Run Behavior\BuildLiteBehavior [ RunTime:0.000050s ]
INFO: [ app_init ] --END-- [ RunTime:0.016812s ]
ERR: 无法加载模块:Xxx

[ 2017-02-12T06:39:58+08:00 ] 211.151.3.208 /xxx.png
INFO: [ app_init ] --START--
INFO: Run Behavior\BuildLiteBehavior [ RunTime:0.000023s ]
INFO: [ app_init ] --END-- [ RunTime:0.000365s ]
ERR: 无法加载模块:Xxx

[ 2017-02-12T07:01:50+08:00 ] 106.38.231.218 http://106.2.112.147/proxyip/check
INFO: [ app_init ] --START--
INFO: Run Behavior\BuildLiteBehavior [ RunTime:0.000046s ]
INFO: [ app_init ] --END-- [ RunTime:0.014121s ]
ERR: 无法加载模块:Proxyip

[ 2017-02-12T07:06:13+08:00 ] 211.151.3.208 /xxx.png
INFO: [ app_init ] --START--
INFO: Run Behavior\BuildLiteBehavior [ RunTime:0.000038s ]
INFO: [ app_init ] --END-- [ RunTime:0.028733s ]
ERR: 无法加载模块:Xxx

[ 2017-02-12T07:32:30+08:00 ] 211.151.3.208 /xxx.png
INFO: [ app_init ] --START--
INFO: Run Behavior\BuildLiteBehavior [ RunTime:0.000065s ]
INFO: [ app_init ] --END-- [ RunTime:0.020499s ]
ERR: 无法加载模块:Xxx

[ 2017-02-12T07:58:42+08:00 ] 211.151.3.208 /xxx.png
INFO: [ app_init ] --START--
INFO: Run Behavior\BuildLiteBehavior [ RunTime:0.000063s ]
INFO: [ app_init ] --END-- [ RunTime:0.014174s ]
ERR: 无法加载模块:Xxx

[ 2017-02-12T08:25:11+08:00 ] 211.151.3.208 /xxx.png
INFO: [ app_init ] --START--
INFO: Run Behavior\BuildLiteBehavior [ RunTime:0.000024s ]
INFO: [ app_init ] --END-- [ RunTime:0.000451s ]
ERR: 无法加载模块:Xxx

[ 2017-02-12T08:51:25+08:00 ] 211.151.3.208 /xxx.png
INFO: [ app_init ] --START--
INFO: Run Behavior\BuildLiteBehavior [ RunTime:0.000058s ]
INFO: [ app_init ] --END-- [ RunTime:0.019296s ]
ERR: 无法加载模块:Xxx

[ 2017-02-12T09:06:50+08:00 ] 106.38.230.19 http://106.2.112.147/proxyip/check
INFO: [ app_init ] --START--
INFO: Run Behavior\BuildLiteBehavior [ RunTime:0.000058s ]
INFO: [ app_init ] --END-- [ RunTime:0.019433s ]
ERR: 无法加载模块:Proxyip

[ 2017-02-12T09:17:55+08:00 ] 211.151.3.208 /xxx.png
INFO: [ app_init ] --START--
INFO: Run Behavior\BuildLiteBehavior [ RunTime:0.000056s ]
INFO: [ app_init ] --END-- [ RunTime:0.013281s ]
ERR: 无法加载模块:Xxx

[ 2017-02-12T09:43:59+08:00 ] 211.151.3.208 /xxx.png
INFO: [ app_init ] --START--
INFO: Run Behavior\BuildLiteBehavior [ RunTime:0.000048s ]
INFO: [ app_init ] --END-- [ RunTime:0.014536s ]
ERR: 无法加载模块:Xxx

[ 2017-02-12T10:10:34+08:00 ] 211.151.3.208 /xxx.png
INFO: [ app_init ] --START--
INFO: Run Behavior\BuildLiteBehavior [ RunTime:0.000038s ]
INFO: [ app_init ] --END-- [ RunTime:0.016008s ]
ERR: 无法加载模块:Xxx

[ 2017-02-12T10:36:32+08:00 ] 211.151.3.208 /xxx.png
INFO: [ app_init ] --START--
INFO: Run Behavior\BuildLiteBehavior [ RunTime:0.000032s ]
INFO: [ app_init ] --END-- [ RunTime:0.014948s ]
ERR: 无法加载模块:Xxx

[ 2017-02-12T11:02:40+08:00 ] 211.151.3.208 /xxx.png
INFO: [ app_init ] --START--
INFO: Run Behavior\BuildLiteBehavior [ RunTime:0.000035s ]
INFO: [ app_init ] --END-- [ RunTime:0.011945s ]
ERR: 无法加载模块:Xxx

[ 2017-02-12T11:05:29+08:00 ] 23.251.63.45 http://www.sbjudge3.com/azenv.php
INFO: [ app_init ] --START--
INFO: Run Behavior\BuildLiteBehavior [ RunTime:0.000054s ]
INFO: [ app_init ] --END-- [ RunTime:0.022656s ]
ERR: 无法加载模块:Azenv

[ 2017-02-12T11:29:06+08:00 ] 211.151.3.208 /xxx.png
INFO: [ app_init ] --START--
INFO: Run Behavior\BuildLiteBehavior [ RunTime:0.000039s ]
INFO: [ app_init ] --END-- [ RunTime:0.014021s ]
ERR: 无法加载模块:Xxx

[ 2017-02-12T11:55:36+08:00 ] 211.151.3.208 /xxx.png
INFO: [ app_init ] --START--
INFO: Run Behavior\BuildLiteBehavior [ RunTime:0.000033s ]
INFO: [ app_init ] --END-- [ RunTime:0.009173s ]
ERR: 无法加载模块:Xxx

[ 2017-02-12T12:15:26+08:00 ] 140.205.201.44 /about/
INFO: [ app_init ] --START--
INFO: Run Behavior\BuildLiteBehavior [ RunTime:0.000019s ]
INFO: [ app_init ] --END-- [ RunTime:0.000304s ]
ERR: 无法加载模块:About

[ 2017-02-12T12:15:26+08:00 ] 140.205.201.44 /itpgdushlcqk
INFO: [ app_init ] --START--
INFO: Run Behavior\BuildLiteBehavior [ RunTime:0.000038s ]
INFO: [ app_init ] --END-- [ RunTime:0.027515s ]
ERR: 无法加载模块:Itpgdushlcqk

[ 2017-02-12T12:15:26+08:00 ] 140.205.201.44 /itpgdushlcqk
INFO: [ app_init ] --START--
INFO: Run Behavior\BuildLiteBehavior [ RunTime:0.000032s ]
INFO: [ app_init ] --END-- [ RunTime:0.026764s ]
ERR: 无法加载模块:Itpgdushlcqk

[ 2017-02-12T12:15:27+08:00 ] 140.205.201.44 /itpgdushlcqk
INFO: [ app_init ] --START--
INFO: Run Behavior\BuildLiteBehavior [ RunTime:0.006052s ]
INFO: [ app_init ] --END-- [ RunTime:0.016903s ]
ERR: 无法加载模块:Itpgdushlcqk

[ 2017-02-12T12:17:08+08:00 ] 140.205.201.44 /clusters.jsf
INFO: [ app_init ] --START--
INFO: Run Behavior\BuildLiteBehavior [ RunTime:0.000034s ]
INFO: [ app_init ] --END-- [ RunTime:0.021421s ]
ERR: 无法加载模块:Clusters

[ 2017-02-12T12:21:21+08:00 ] 140.205.201.44 /hwi/
INFO: [ app_init ] --START--
INFO: Run Behavior\BuildLiteBehavior [ RunTime:0.000049s ]
INFO: [ app_init ] --END-- [ RunTime:0.017666s ]
ERR: 无法加载模块:Hwi

[ 2017-02-12T12:22:08+08:00 ] 211.151.3.208 /xxx.png
INFO: [ app_init ] --START--
INFO: Run Behavior\BuildLiteBehavior [ RunTime:0.000041s ]
INFO: [ app_init ] --END-- [ RunTime:0.024912s ]
ERR: 无法加载模块:Xxx

[ 2017-02-12T12:25:15+08:00 ] 140.205.201.44 /wp-json/wp/v2/posts
INFO: [ app_init ] --START--
INFO: Run Behavior\BuildLiteBehavior [ RunTime:0.000024s ]
INFO: [ app_init ] --END-- [ RunTime:0.000378s ]
ERR: 无法加载模块:Wp-json

[ 2017-02-12T12:25:47+08:00 ] 140.205.201.44 /jobs/
INFO: [ app_init ] --START--
INFO: Run Behavior\BuildLiteBehavior [ RunTime:0.000057s ]
INFO: [ app_init ] --END-- [ RunTime:0.014040s ]
ERR: 无法加载模块:Jobs

[ 2017-02-12T12:25:50+08:00 ] 140.205.201.44 /ganglia/index.php
INFO: [ app_init ] --START--
INFO: Run Behavior\BuildLiteBehavior [ RunTime:0.000020s ]
INFO: [ app_init ] --END-- [ RunTime:0.000361s ]
ERR: 无法加载模块:Ganglia

[ 2017-02-12T12:25:58+08:00 ] 140.205.201.44 /rs-status
INFO: [ app_init ] --START--
INFO: Run Behavior\BuildLiteBehavior [ RunTime:0.000052s ]
INFO: [ app_init ] --END-- [ RunTime:0.013065s ]
ERR: 无法加载模块:Rs-status

[ 2017-02-12T12:26:02+08:00 ] 140.205.201.44 /master-status
INFO: [ app_init ] --START--
INFO: Run Behavior\BuildLiteBehavior [ RunTime:0.000035s ]
INFO: [ app_init ] --END-- [ RunTime:0.030454s ]
ERR: 无法加载模块:Master-status

[ 2017-02-12T12:26:04+08:00 ] 140.205.201.44 /dfshealth.html
INFO: [ app_init ] --START--
INFO: Run Behavior\BuildLiteBehavior [ RunTime:0.000036s ]
INFO: [ app_init ] --END-- [ RunTime:0.038448s ]
ERR: 无法加载模块:Dfshealth

[ 2017-02-12T12:26:10+08:00 ] 140.205.201.44 /warning
INFO: [ app_init ] --START--
INFO: Run Behavior\BuildLiteBehavior [ RunTime:0.000036s ]
INFO: [ app_init ] --END-- [ RunTime:0.030846s ]
ERR: 无法加载模块:Warning

[ 2017-02-12T12:26:15+08:00 ] 140.205.201.44 /pleasereadthis
INFO: [ app_init ] --START--
INFO: Run Behavior\BuildLiteBehavior [ RunTime:0.000051s ]
INFO: [ app_init ] --END-- [ RunTime:0.013849s ]
ERR: 无法加载模块:Pleasereadthis

[ 2017-02-12T12:26:18+08:00 ] 140.205.201.44 /please_read/_search
INFO: [ app_init ] --START--
INFO: Run Behavior\BuildLiteBehavior [ RunTime:0.000042s ]
INFO: [ app_init ] --END-- [ RunTime:0.020007s ]
ERR: 无法加载模块:Please_read

[ 2017-02-12T12:26:22+08:00 ] 140.205.201.44 /dfshealth.jsp
INFO: [ app_init ] --START--
INFO: Run Behavior\BuildLiteBehavior [ RunTime:0.000082s ]
INFO: [ app_init ] --END-- [ RunTime:0.015241s ]
ERR: 无法加载模块:Dfshealth

[ 2017-02-12T12:26:24+08:00 ] 140.205.201.44 /hadoop/dfshealth.jsp
INFO: [ app_init ] --START--
INFO: Run Behavior\BuildLiteBehavior [ RunTime:0.000056s ]
INFO: [ app_init ] --END-- [ RunTime:0.016107s ]
ERR: 无法加载模块:Hadoop

[ 2017-02-12T12:28:35+08:00 ] 140.205.201.44 /solr/
INFO: [ app_init ] --START--
INFO: Run Behavior\BuildLiteBehavior [ RunTime:0.000045s ]
INFO: [ app_init ] --END-- [ RunTime:0.020559s ]
ERR: 无法加载模块:Solr

[ 2017-02-12T12:32:06+08:00 ] 140.205.201.44 /info
INFO: [ app_init ] --START--
INFO: Run Behavior\BuildLiteBehavior [ RunTime:0.000040s ]
INFO: [ app_init ] --END-- [ RunTime:0.034397s ]
ERR: 无法加载模块:Info

[ 2017-02-12T12:32:36+08:00 ] 210.61.29.29 /robots.txt
INFO: [ app_init ] --START--
INFO: Run Behavior\BuildLiteBehavior [ RunTime:0.000079s ]
INFO: [ app_init ] --END-- [ RunTime:0.017160s ]
ERR: 无法加载模块:Robots

[ 2017-02-12T12:38:38+08:00 ] 140.205.201.44 /j_acegi_security_check
INFO: [ app_init ] --START--
INFO: Run Behavior\BuildLiteBehavior [ RunTime:0.000046s ]
INFO: [ app_init ] --END-- [ RunTime:0.031380s ]
ERR: 无法加载模块:J_acegi_security_check

[ 2017-02-12T12:40:24+08:00 ] 140.205.201.44 /admin/
INFO: [ app_init ] --START--
INFO: Run Behavior\BuildLiteBehavior [ RunTime:0.000037s ]
INFO: [ app_init ] --END-- [ RunTime:0.014059s ]
ERR: 无法加载模块:Admin

[ 2017-02-12T12:48:11+08:00 ] 211.151.3.208 /xxx.png
INFO: [ app_init ] --START--
INFO: Run Behavior\BuildLiteBehavior [ RunTime:0.000044s ]
INFO: [ app_init ] --END-- [ RunTime:0.018989s ]
ERR: 无法加载模块:Xxx

[ 2017-02-12T13:09:54+08:00 ] 23.251.63.45 http://www.luisaranguren.com/azenv.php
INFO: [ app_init ] --START--
INFO: Run Behavior\BuildLiteBehavior [ RunTime:0.000048s ]
INFO: [ app_init ] --END-- [ RunTime:0.024347s ]
ERR: 无法加载模块:Azenv

[ 2017-02-12T13:14:33+08:00 ] 211.151.3.208 /xxx.png
INFO: [ app_init ] --START--
INFO: Run Behavior\BuildLiteBehavior [ RunTime:0.000037s ]
INFO: [ app_init ] --END-- [ RunTime:0.016982s ]
ERR: 无法加载模块:Xxx

[ 2017-02-12T13:22:26+08:00 ] 123.125.51.231 http://106.2.112.147/proxyip/check
INFO: [ app_init ] --START--
INFO: Run Behavior\BuildLiteBehavior [ RunTime:0.000080s ]
INFO: [ app_init ] --END-- [ RunTime:0.023723s ]
ERR: 无法加载模块:Proxyip

[ 2017-02-12T13:40:33+08:00 ] 211.151.3.208 /xxx.png
INFO: [ app_init ] --START--
INFO: Run Behavior\BuildLiteBehavior [ RunTime:0.000036s ]
INFO: [ app_init ] --END-- [ RunTime:0.013128s ]
ERR: 无法加载模块:Xxx

[ 2017-02-12T14:06:50+08:00 ] 211.151.3.208 /xxx.png
INFO: [ app_init ] --START--
INFO: Run Behavior\BuildLiteBehavior [ RunTime:0.000037s ]
INFO: [ app_init ] --END-- [ RunTime:0.015986s ]
ERR: 无法加载模块:Xxx

[ 2017-02-12T14:33:08+08:00 ] 211.151.3.208 /xxx.png
INFO: [ app_init ] --START--
INFO: Run Behavior\BuildLiteBehavior [ RunTime:0.000045s ]
INFO: [ app_init ] --END-- [ RunTime:0.037156s ]
ERR: 无法加载模块:Xxx

[ 2017-02-12T14:59:15+08:00 ] 211.151.3.208 /xxx.png
INFO: [ app_init ] --START--
INFO: Run Behavior\BuildLiteBehavior [ RunTime:0.000035s ]
INFO: [ app_init ] --END-- [ RunTime:0.021870s ]
ERR: 无法加载模块:Xxx

[ 2017-02-12T15:26:04+08:00 ] 211.151.3.208 /xxx.png
INFO: [ app_init ] --START--
INFO: Run Behavior\BuildLiteBehavior [ RunTime:0.000023s ]
INFO: [ app_init ] --END-- [ RunTime:0.000440s ]
ERR: 无法加载模块:Xxx

[ 2017-02-12T15:26:40+08:00 ] 106.38.231.218 http://106.2.112.147/proxyip/check
INFO: [ app_init ] --START--
INFO: Run Behavior\BuildLiteBehavior [ RunTime:0.000023s ]
INFO: [ app_init ] --END-- [ RunTime:0.000391s ]
ERR: 无法加载模块:Proxyip

[ 2017-02-12T15:52:08+08:00 ] 211.151.3.208 /xxx.png
INFO: [ app_init ] --START--
INFO: Run Behavior\BuildLiteBehavior [ RunTime:0.000037s ]
INFO: [ app_init ] --END-- [ RunTime:0.012422s ]
ERR: 无法加载模块:Xxx

[ 2017-02-12T16:18:36+08:00 ] 211.151.3.208 /xxx.png
INFO: [ app_init ] --START--
INFO: Run Behavior\BuildLiteBehavior [ RunTime:0.000085s ]
INFO: [ app_init ] --END-- [ RunTime:0.013155s ]
ERR: 无法加载模块:Xxx

[ 2017-02-12T16:44:50+08:00 ] 211.151.3.208 /xxx.png
INFO: [ app_init ] --START--
INFO: Run Behavior\BuildLiteBehavior [ RunTime:0.000063s ]
INFO: [ app_init ] --END-- [ RunTime:0.013132s ]
ERR: 无法加载模块:Xxx

[ 2017-02-12T17:11:18+08:00 ] 211.151.3.208 /xxx.png
INFO: [ app_init ] --START--
INFO: Run Behavior\BuildLiteBehavior [ RunTime:0.000036s ]
INFO: [ app_init ] --END-- [ RunTime:0.018907s ]
ERR: 无法加载模块:Xxx

[ 2017-02-12T17:28:57+08:00 ] 106.38.230.19 http://106.2.112.147/proxyip/check
INFO: [ app_init ] --START--
INFO: Run Behavior\BuildLiteBehavior [ RunTime:0.000034s ]
INFO: [ app_init ] --END-- [ RunTime:0.018007s ]
ERR: 无法加载模块:Proxyip

[ 2017-02-12T17:37:19+08:00 ] 211.151.3.208 /xxx.png
INFO: [ app_init ] --START--
INFO: Run Behavior\BuildLiteBehavior [ RunTime:0.000074s ]
INFO: [ app_init ] --END-- [ RunTime:0.021094s ]
ERR: 无法加载模块:Xxx

[ 2017-02-12T18:03:25+08:00 ] 211.151.3.208 /xxx.png
INFO: [ app_init ] --START--
INFO: Run Behavior\BuildLiteBehavior [ RunTime:0.000037s ]
INFO: [ app_init ] --END-- [ RunTime:0.019039s ]
ERR: 无法加载模块:Xxx

[ 2017-02-12T18:30:00+08:00 ] 211.151.3.208 /xxx.png
INFO: [ app_init ] --START--
INFO: Run Behavior\BuildLiteBehavior [ RunTime:0.000053s ]
INFO: [ app_init ] --END-- [ RunTime:0.011102s ]
ERR: 无法加载模块:Xxx

[ 2017-02-12T18:56:19+08:00 ] 211.151.3.208 /xxx.png
INFO: [ app_init ] --START--
INFO: Run Behavior\BuildLiteBehavior [ RunTime:0.000037s ]
INFO: [ app_init ] --END-- [ RunTime:0.018836s ]
ERR: 无法加载模块:Xxx

[ 2017-02-12T19:27:02+08:00 ] 211.151.3.208 /xxx.png
INFO: [ app_init ] --START--
INFO: Run Behavior\BuildLiteBehavior [ RunTime:0.000080s ]
INFO: [ app_init ] --END-- [ RunTime:0.032235s ]
ERR: 无法加载模块:Xxx

[ 2017-02-12T19:33:57+08:00 ] 123.126.94.252 http://106.2.112.147/proxyip/check
INFO: [ app_init ] --START--
INFO: Run Behavior\BuildLiteBehavior [ RunTime:0.000035s ]
INFO: [ app_init ] --END-- [ RunTime:0.022778s ]
ERR: 无法加载模块:Proxyip

[ 2017-02-12T19:57:05+08:00 ] 211.151.3.208 /xxx.png
INFO: [ app_init ] --START--
INFO: Run Behavior\BuildLiteBehavior [ RunTime:0.000031s ]
INFO: [ app_init ] --END-- [ RunTime:0.026577s ]
ERR: 无法加载模块:Xxx

[ 2017-02-12T20:17:59+08:00 ] 23.251.63.45 http://www.sbjudge3.com/azenv.php
INFO: [ app_init ] --START--
INFO: Run Behavior\BuildLiteBehavior [ RunTime:0.000044s ]
INFO: [ app_init ] --END-- [ RunTime:0.011113s ]
ERR: 无法加载模块:Azenv

[ 2017-02-12T20:24:04+08:00 ] 211.151.3.208 /xxx.png
INFO: [ app_init ] --START--
INFO: Run Behavior\BuildLiteBehavior [ RunTime:0.000021s ]
INFO: [ app_init ] --END-- [ RunTime:0.000351s ]
ERR: 无法加载模块:Xxx

[ 2017-02-12T20:54:44+08:00 ] 211.151.3.208 /xxx.png
INFO: [ app_init ] --START--
INFO: Run Behavior\BuildLiteBehavior [ RunTime:0.019087s ]
INFO: [ app_init ] --END-- [ RunTime:0.019485s ]
ERR: 无法加载模块:Xxx

[ 2017-02-12T21:25:15+08:00 ] 211.151.3.208 /xxx.png
INFO: [ app_init ] --START--
INFO: Run Behavior\BuildLiteBehavior [ RunTime:0.000036s ]
INFO: [ app_init ] --END-- [ RunTime:0.032287s ]
ERR: 无法加载模块:Xxx

[ 2017-02-12T21:41:12+08:00 ] 123.126.94.252 http://106.2.112.147/proxyip/check
INFO: [ app_init ] --START--
INFO: Run Behavior\BuildLiteBehavior [ RunTime:0.000037s ]
INFO: [ app_init ] --END-- [ RunTime:0.025874s ]
ERR: 无法加载模块:Proxyip

[ 2017-02-12T21:54:27+08:00 ] 211.151.3.208 /xxx.png
INFO: [ app_init ] --START--
INFO: Run Behavior\BuildLiteBehavior [ RunTime:0.000045s ]
INFO: [ app_init ] --END-- [ RunTime:0.023855s ]
ERR: 无法加载模块:Xxx

[ 2017-02-12T22:25:24+08:00 ] 211.151.3.208 /xxx.png
INFO: [ app_init ] --START--
INFO: Run Behavior\BuildLiteBehavior [ RunTime:0.000034s ]
INFO: [ app_init ] --END-- [ RunTime:0.013002s ]
ERR: 无法加载模块:Xxx

[ 2017-02-12T22:51:33+08:00 ] 211.151.3.208 /xxx.png
INFO: [ app_init ] --START--
INFO: Run Behavior\BuildLiteBehavior [ RunTime:0.000040s ]
INFO: [ app_init ] --END-- [ RunTime:0.000484s ]
ERR: 无法加载模块:Xxx

[ 2017-02-12T23:19:07+08:00 ] 211.151.3.208 /xxx.png
INFO: [ app_init ] --START--
INFO: Run Behavior\BuildLiteBehavior [ RunTime:0.000022s ]
INFO: [ app_init ] --END-- [ RunTime:0.000372s ]
ERR: 无法加载模块:Xxx

[ 2017-02-12T23:47:51+08:00 ] 211.151.3.208 /xxx.png
INFO: [ app_init ] --START--
INFO: Run Behavior\BuildLiteBehavior [ RunTime:0.000051s ]
INFO: [ app_init ] --END-- [ RunTime:0.015505s ]
ERR: 无法加载模块:Xxx

[ 2017-02-12T23:48:22+08:00 ] 123.126.94.252 http://106.2.112.147/proxyip/check
INFO: [ app_init ] --START--
INFO: Run Behavior\BuildLiteBehavior [ RunTime:0.000060s ]
INFO: [ app_init ] --END-- [ RunTime:0.015076s ]
ERR: 无法加载模块:Proxyip

[ 2017-02-12T23:49:32+08:00 ] 139.200.19.71 /favicon.ico
INFO: [ app_init ] --START--
INFO: Run Behavior\BuildLiteBehavior [ RunTime:0.000075s ]
INFO: [ app_init ] --END-- [ RunTime:0.017040s ]
ERR: 无法加载模块:Favicon

[ 2017-02-12T23:49:37+08:00 ] 139.200.19.71 /favicon.ico
INFO: [ app_init ] --START--
INFO: Run Behavior\BuildLiteBehavior [ RunTime:0.000035s ]
INFO: [ app_init ] --END-- [ RunTime:0.019867s ]
ERR: 无法加载模块:Favicon

