[ 2017-01-08T15:14:34+08:00 ] 49.114.75.147 /favicon.ico
INFO: [ app_init ] --START--
INFO: Run Behavior\BuildLiteBehavior [ RunTime:0.000038s ]
INFO: [ app_init ] --END-- [ RunTime:0.013599s ]
ERR: 无法加载模块:Favicon

[ 2017-01-08T15:15:22+08:00 ] 49.114.75.147 /daixu/demo/vtour1/tour.html
INFO: [ app_init ] --START--
INFO: Run Behavior\BuildLiteBehavior [ RunTime:0.000024s ]
INFO: [ app_init ] --END-- [ RunTime:0.000439s ]
ERR: 无法加载模块:Daixu

[ 2017-01-08T15:15:31+08:00 ] 180.153.205.253 /daixu/demo/vtour1/tour.html
INFO: [ app_init ] --START--
INFO: Run Behavior\BuildLiteBehavior [ RunTime:0.000024s ]
INFO: [ app_init ] --END-- [ RunTime:0.000374s ]
ERR: 无法加载模块:Daixu

[ 2017-01-08T15:15:44+08:00 ] 114.239.120.146 /daixu/demo/vtour1/tour.html
INFO: [ app_init ] --START--
INFO: Run Behavior\BuildLiteBehavior [ RunTime:0.000020s ]
INFO: [ app_init ] --END-- [ RunTime:0.000370s ]
ERR: 无法加载模块:Daixu

[ 2017-01-08T15:15:55+08:00 ] 111.13.93.168 /favicon.ico
INFO: [ app_init ] --START--
INFO: Run Behavior\BuildLiteBehavior [ RunTime:0.000023s ]
INFO: [ app_init ] --END-- [ RunTime:0.000389s ]
ERR: 无法加载模块:Favicon

[ 2017-01-08T16:32:59+08:00 ] 23.251.63.45 http://www.proxyjudge.info/azenv.php
INFO: [ app_init ] --START--
INFO: Run Behavior\BuildLiteBehavior [ RunTime:0.000039s ]
INFO: [ app_init ] --END-- [ RunTime:0.028466s ]
ERR: 无法加载模块:Azenv

[ 2017-01-08T16:57:10+08:00 ] 49.114.75.147 /favicon.ico
INFO: [ app_init ] --START--
INFO: Run Behavior\BuildLiteBehavior [ RunTime:0.000039s ]
INFO: [ app_init ] --END-- [ RunTime:0.031446s ]
ERR: 无法加载模块:Favicon

[ 2017-01-08T16:57:12+08:00 ] 49.114.75.147 /demo/vtour2/Welcome/Welcome.xml
INFO: [ app_init ] --START--
INFO: Run Behavior\BuildLiteBehavior [ RunTime:0.000043s ]
INFO: [ app_init ] --END-- [ RunTime:0.014012s ]
ERR: 无法加载模块:Demo

[ 2017-01-08T16:57:16+08:00 ] 49.114.75.147 /demo/vtour2/Welcome/Welcome.xml
INFO: [ app_init ] --START--
INFO: Run Behavior\BuildLiteBehavior [ RunTime:0.000039s ]
INFO: [ app_init ] --END-- [ RunTime:0.010717s ]
ERR: 无法加载模块:Demo

[ 2017-01-08T16:58:18+08:00 ] 49.114.75.147 /demo/vtour2/Welcome/Welcome.xml
INFO: [ app_init ] --START--
INFO: Run Behavior\BuildLiteBehavior [ RunTime:0.000045s ]
INFO: [ app_init ] --END-- [ RunTime:0.028390s ]
ERR: 无法加载模块:Demo

[ 2017-01-08T17:00:55+08:00 ] 49.114.75.147 /demo/vtour2/Welcome/Welcome.xml
INFO: [ app_init ] --START--
INFO: Run Behavior\BuildLiteBehavior [ RunTime:0.000041s ]
INFO: [ app_init ] --END-- [ RunTime:0.027575s ]
ERR: 无法加载模块:Demo

[ 2017-01-08T18:58:48+08:00 ] 123.56.65.139 /admin
INFO: [ app_init ] --START--
INFO: Run Behavior\BuildLiteBehavior [ RunTime:0.000045s ]
INFO: [ app_init ] --END-- [ RunTime:0.017010s ]
ERR: 无法加载模块:Admin

[ 2017-01-08T21:46:36+08:00 ] 23.251.63.45 http://www.luisaranguren.com/azenv.php
INFO: [ app_init ] --START--
INFO: Run Behavior\BuildLiteBehavior [ RunTime:0.000020s ]
INFO: [ app_init ] --END-- [ RunTime:0.000372s ]
ERR: 无法加载模块:Azenv

[ 2017-01-08T23:09:29+08:00 ] 23.251.63.45 http://www.luisaranguren.com/azenv.php
INFO: [ app_init ] --START--
INFO: Run Behavior\BuildLiteBehavior [ RunTime:0.000035s ]
INFO: [ app_init ] --END-- [ RunTime:0.012999s ]
ERR: 无法加载模块:Azenv

