[ 2017-02-13T00:19:33+08:00 ] 211.151.3.208 /xxx.png
INFO: [ app_init ] --START--
INFO: Run Behavior\BuildLiteBehavior [ RunTime:0.000036s ]
INFO: [ app_init ] --END-- [ RunTime:0.021903s ]
ERR: 无法加载模块:Xxx

[ 2017-02-13T00:45:49+08:00 ] 123.56.233.113 /admin
INFO: [ app_init ] --START--
INFO: Run Behavior\BuildLiteBehavior [ RunTime:0.000059s ]
INFO: [ app_init ] --END-- [ RunTime:0.008745s ]
ERR: 无法加载模块:Admin

[ 2017-02-13T00:46:44+08:00 ] 211.151.3.208 /xxx.png
INFO: [ app_init ] --START--
INFO: Run Behavior\BuildLiteBehavior [ RunTime:0.000057s ]
INFO: [ app_init ] --END-- [ RunTime:0.021068s ]
ERR: 无法加载模块:Xxx

[ 2017-02-13T01:11:00+08:00 ] 120.26.129.124 /phpmyadmin
INFO: [ app_init ] --START--
INFO: Run Behavior\BuildLiteBehavior [ RunTime:0.000034s ]
INFO: [ app_init ] --END-- [ RunTime:0.015832s ]
ERR: 无法加载模块:Phpmyadmin

[ 2017-02-13T01:11:12+08:00 ] 120.26.129.124 /phpmyadmin
INFO: [ app_init ] --START--
INFO: Run Behavior\BuildLiteBehavior [ RunTime:0.002107s ]
INFO: [ app_init ] --END-- [ RunTime:0.036378s ]
ERR: 无法加载模块:Phpmyadmin

[ 2017-02-13T01:15:26+08:00 ] 211.151.3.208 /xxx.png
INFO: [ app_init ] --START--
INFO: Run Behavior\BuildLiteBehavior [ RunTime:0.000035s ]
INFO: [ app_init ] --END-- [ RunTime:0.016079s ]
ERR: 无法加载模块:Xxx

[ 2017-02-13T01:40:28+08:00 ] 80.82.78.38 http://www.baidu.com/cache/global/img/gs.gif
INFO: [ app_init ] --START--
INFO: Run Behavior\BuildLiteBehavior [ RunTime:0.000034s ]
INFO: [ app_init ] --END-- [ RunTime:0.024919s ]
ERR: 无法加载模块:Cache

[ 2017-02-13T01:42:07+08:00 ] 211.151.3.208 /xxx.png
INFO: [ app_init ] --START--
INFO: Run Behavior\BuildLiteBehavior [ RunTime:0.000043s ]
INFO: [ app_init ] --END-- [ RunTime:0.013203s ]
ERR: 无法加载模块:Xxx

[ 2017-02-13T01:55:48+08:00 ] 106.38.231.220 http://106.2.112.147/proxyip/check
INFO: [ app_init ] --START--
INFO: Run Behavior\BuildLiteBehavior [ RunTime:0.000065s ]
INFO: [ app_init ] --END-- [ RunTime:0.014503s ]
ERR: 无法加载模块:Proxyip

[ 2017-02-13T02:08:32+08:00 ] 211.151.3.208 /xxx.png
INFO: [ app_init ] --START--
INFO: Run Behavior\BuildLiteBehavior [ RunTime:0.000050s ]
INFO: [ app_init ] --END-- [ RunTime:0.022568s ]
ERR: 无法加载模块:Xxx

[ 2017-02-13T02:34:43+08:00 ] 211.151.3.208 /xxx.png
INFO: [ app_init ] --START--
INFO: Run Behavior\BuildLiteBehavior [ RunTime:0.000048s ]
INFO: [ app_init ] --END-- [ RunTime:0.023696s ]
ERR: 无法加载模块:Xxx

[ 2017-02-13T03:00:51+08:00 ] 211.151.3.208 /xxx.png
INFO: [ app_init ] --START--
INFO: Run Behavior\BuildLiteBehavior [ RunTime:0.000035s ]
INFO: [ app_init ] --END-- [ RunTime:0.033406s ]
ERR: 无法加载模块:Xxx

[ 2017-02-13T03:27:18+08:00 ] 211.151.3.208 /xxx.png
INFO: [ app_init ] --START--
INFO: Run Behavior\BuildLiteBehavior [ RunTime:0.000073s ]
INFO: [ app_init ] --END-- [ RunTime:0.029993s ]
ERR: 无法加载模块:Xxx

[ 2017-02-13T03:53:33+08:00 ] 211.151.3.208 /xxx.png
INFO: [ app_init ] --START--
INFO: Run Behavior\BuildLiteBehavior [ RunTime:0.000054s ]
INFO: [ app_init ] --END-- [ RunTime:0.032018s ]
ERR: 无法加载模块:Xxx

[ 2017-02-13T04:03:13+08:00 ] 106.38.231.218 http://106.2.112.147/proxyip/check
INFO: [ app_init ] --START--
INFO: Run Behavior\BuildLiteBehavior [ RunTime:0.000091s ]
INFO: [ app_init ] --END-- [ RunTime:0.037710s ]
ERR: 无法加载模块:Proxyip

[ 2017-02-13T04:20:30+08:00 ] 211.151.3.208 /xxx.png
INFO: [ app_init ] --START--
INFO: Run Behavior\BuildLiteBehavior [ RunTime:0.000081s ]
INFO: [ app_init ] --END-- [ RunTime:0.016050s ]
ERR: 无法加载模块:Xxx

[ 2017-02-13T04:33:32+08:00 ] 222.186.58.12 /phpmyadmin
INFO: [ app_init ] --START--
INFO: Run Behavior\BuildLiteBehavior [ RunTime:0.000036s ]
INFO: [ app_init ] --END-- [ RunTime:0.012958s ]
ERR: 无法加载模块:Phpmyadmin

[ 2017-02-13T04:50:39+08:00 ] 211.151.3.208 /xxx.png
INFO: [ app_init ] --START--
INFO: Run Behavior\BuildLiteBehavior [ RunTime:0.000070s ]
INFO: [ app_init ] --END-- [ RunTime:0.013154s ]
ERR: 无法加载模块:Xxx

[ 2017-02-13T05:17:37+08:00 ] 211.151.3.208 /xxx.png
INFO: [ app_init ] --START--
INFO: Run Behavior\BuildLiteBehavior [ RunTime:0.000041s ]
INFO: [ app_init ] --END-- [ RunTime:0.016253s ]
ERR: 无法加载模块:Xxx

[ 2017-02-13T05:46:29+08:00 ] 211.151.3.208 /xxx.png
INFO: [ app_init ] --START--
INFO: Run Behavior\BuildLiteBehavior [ RunTime:0.000023s ]
INFO: [ app_init ] --END-- [ RunTime:0.000370s ]
ERR: 无法加载模块:Xxx

[ 2017-02-13T06:10:39+08:00 ] 123.126.94.252 http://106.2.112.147/proxyip/check
INFO: [ app_init ] --START--
INFO: Run Behavior\BuildLiteBehavior [ RunTime:0.000055s ]
INFO: [ app_init ] --END-- [ RunTime:0.015685s ]
ERR: 无法加载模块:Proxyip

[ 2017-02-13T06:13:21+08:00 ] 211.151.3.208 /xxx.png
INFO: [ app_init ] --START--
INFO: Run Behavior\BuildLiteBehavior [ RunTime:0.000022s ]
INFO: [ app_init ] --END-- [ RunTime:0.000415s ]
ERR: 无法加载模块:Xxx

[ 2017-02-13T06:39:28+08:00 ] 211.151.3.208 /xxx.png
INFO: [ app_init ] --START--
INFO: Run Behavior\BuildLiteBehavior [ RunTime:0.000034s ]
INFO: [ app_init ] --END-- [ RunTime:0.011017s ]
ERR: 无法加载模块:Xxx

[ 2017-02-13T07:05:47+08:00 ] 211.151.3.208 /xxx.png
INFO: [ app_init ] --START--
INFO: Run Behavior\BuildLiteBehavior [ RunTime:0.000062s ]
INFO: [ app_init ] --END-- [ RunTime:0.020028s ]
ERR: 无法加载模块:Xxx

[ 2017-02-13T07:32:10+08:00 ] 211.151.3.208 /xxx.png
INFO: [ app_init ] --START--
INFO: Run Behavior\BuildLiteBehavior [ RunTime:0.000034s ]
INFO: [ app_init ] --END-- [ RunTime:0.030117s ]
ERR: 无法加载模块:Xxx

[ 2017-02-13T07:58:27+08:00 ] 211.151.3.208 /xxx.png
INFO: [ app_init ] --START--
INFO: Run Behavior\BuildLiteBehavior [ RunTime:0.000044s ]
INFO: [ app_init ] --END-- [ RunTime:0.012731s ]
ERR: 无法加载模块:Xxx

[ 2017-02-13T08:16:45+08:00 ] 106.38.230.190 http://106.2.112.147/proxyip/check
INFO: [ app_init ] --START--
INFO: Run Behavior\BuildLiteBehavior [ RunTime:0.000034s ]
INFO: [ app_init ] --END-- [ RunTime:0.018876s ]
ERR: 无法加载模块:Proxyip

[ 2017-02-13T08:25:06+08:00 ] 211.151.3.208 /xxx.png
INFO: [ app_init ] --START--
INFO: Run Behavior\BuildLiteBehavior [ RunTime:0.000058s ]
INFO: [ app_init ] --END-- [ RunTime:0.021938s ]
ERR: 无法加载模块:Xxx

[ 2017-02-13T08:53:21+08:00 ] 211.151.3.208 /xxx.png
INFO: [ app_init ] --START--
INFO: Run Behavior\BuildLiteBehavior [ RunTime:0.000033s ]
INFO: [ app_init ] --END-- [ RunTime:0.013006s ]
ERR: 无法加载模块:Xxx

[ 2017-02-13T09:20:03+08:00 ] 211.151.3.208 /xxx.png
INFO: [ app_init ] --START--
INFO: Run Behavior\BuildLiteBehavior [ RunTime:0.000024s ]
INFO: [ app_init ] --END-- [ RunTime:0.000449s ]
ERR: 无法加载模块:Xxx

[ 2017-02-13T09:46:56+08:00 ] 211.151.3.208 /xxx.png
INFO: [ app_init ] --START--
INFO: Run Behavior\BuildLiteBehavior [ RunTime:0.000037s ]
INFO: [ app_init ] --END-- [ RunTime:0.018917s ]
ERR: 无法加载模块:Xxx

[ 2017-02-13T10:13:11+08:00 ] 211.151.3.208 /xxx.png
INFO: [ app_init ] --START--
INFO: Run Behavior\BuildLiteBehavior [ RunTime:0.000038s ]
INFO: [ app_init ] --END-- [ RunTime:0.016126s ]
ERR: 无法加载模块:Xxx

[ 2017-02-13T10:25:10+08:00 ] 123.126.94.252 http://106.2.112.147/proxyip/check
INFO: [ app_init ] --START--
INFO: Run Behavior\BuildLiteBehavior [ RunTime:0.000074s ]
INFO: [ app_init ] --END-- [ RunTime:0.020238s ]
ERR: 无法加载模块:Proxyip

[ 2017-02-13T10:39:16+08:00 ] 211.151.3.208 /xxx.png
INFO: [ app_init ] --START--
INFO: Run Behavior\BuildLiteBehavior [ RunTime:0.000031s ]
INFO: [ app_init ] --END-- [ RunTime:0.013600s ]
ERR: 无法加载模块:Xxx

[ 2017-02-13T11:03:08+08:00 ] 123.56.233.103 /admin
INFO: [ app_init ] --START--
INFO: Run Behavior\BuildLiteBehavior [ RunTime:0.000061s ]
INFO: [ app_init ] --END-- [ RunTime:0.032591s ]
ERR: 无法加载模块:Admin

[ 2017-02-13T11:05:29+08:00 ] 211.151.3.208 /xxx.png
INFO: [ app_init ] --START--
INFO: Run Behavior\BuildLiteBehavior [ RunTime:0.000046s ]
INFO: [ app_init ] --END-- [ RunTime:0.022066s ]
ERR: 无法加载模块:Xxx

[ 2017-02-13T11:31:47+08:00 ] 211.151.3.208 /xxx.png
INFO: [ app_init ] --START--
INFO: Run Behavior\BuildLiteBehavior [ RunTime:0.000023s ]
INFO: [ app_init ] --END-- [ RunTime:0.000369s ]
ERR: 无法加载模块:Xxx

[ 2017-02-13T12:52:38+08:00 ] 123.126.94.201 http://106.2.112.147/proxyip/check
INFO: [ app_init ] --START--
INFO: Run Behavior\BuildLiteBehavior [ RunTime:0.000037s ]
INFO: [ app_init ] --END-- [ RunTime:0.022993s ]
ERR: 无法加载模块:Proxyip

[ 2017-02-13T13:00:04+08:00 ] 140.205.201.47 /ngwqroeyljmc
INFO: [ app_init ] --START--
INFO: Run Behavior\BuildLiteBehavior [ RunTime:0.000034s ]
INFO: [ app_init ] --END-- [ RunTime:0.019619s ]
ERR: 无法加载模块:Ngwqroeyljmc

[ 2017-02-13T13:00:05+08:00 ] 140.205.201.47 /ngwqroeyljmc
INFO: [ app_init ] --START--
INFO: Run Behavior\BuildLiteBehavior [ RunTime:0.000061s ]
INFO: [ app_init ] --END-- [ RunTime:0.018234s ]
ERR: 无法加载模块:Ngwqroeyljmc

[ 2017-02-13T13:00:05+08:00 ] 140.205.201.47 /about/
INFO: [ app_init ] --START--
INFO: Run Behavior\BuildLiteBehavior [ RunTime:0.000039s ]
INFO: [ app_init ] --END-- [ RunTime:0.012316s ]
ERR: 无法加载模块:About

[ 2017-02-13T13:00:05+08:00 ] 140.205.201.47 /ngwqroeyljmc
INFO: [ app_init ] --START--
INFO: Run Behavior\BuildLiteBehavior [ RunTime:0.000052s ]
INFO: [ app_init ] --END-- [ RunTime:0.029147s ]
ERR: 无法加载模块:Ngwqroeyljmc

[ 2017-02-13T13:01:33+08:00 ] 140.205.201.47 /clusters.jsf
INFO: [ app_init ] --START--
INFO: Run Behavior\BuildLiteBehavior [ RunTime:0.000034s ]
INFO: [ app_init ] --END-- [ RunTime:0.009866s ]
ERR: 无法加载模块:Clusters

[ 2017-02-13T13:08:38+08:00 ] 140.205.201.47 /hwi/
INFO: [ app_init ] --START--
INFO: Run Behavior\BuildLiteBehavior [ RunTime:0.000037s ]
INFO: [ app_init ] --END-- [ RunTime:0.018768s ]
ERR: 无法加载模块:Hwi

[ 2017-02-13T13:11:56+08:00 ] 89.248.163.3 /muieblackcat
INFO: [ app_init ] --START--
INFO: Run Behavior\BuildLiteBehavior [ RunTime:0.000043s ]
INFO: [ app_init ] --END-- [ RunTime:0.014177s ]
ERR: 无法加载模块:Muieblackcat

[ 2017-02-13T13:11:57+08:00 ] 89.248.163.3 //phpmyadmin/scripts/setup.php
INFO: [ app_init ] --START--
INFO: Run Behavior\BuildLiteBehavior [ RunTime:0.000050s ]
INFO: [ app_init ] --END-- [ RunTime:0.028794s ]
ERR: 无法加载模块:Phpmyadmin

[ 2017-02-13T13:11:59+08:00 ] 89.248.163.3 //pma/scripts/setup.php
INFO: [ app_init ] --START--
INFO: Run Behavior\BuildLiteBehavior [ RunTime:0.000046s ]
INFO: [ app_init ] --END-- [ RunTime:0.014241s ]
ERR: 无法加载模块:Pma

[ 2017-02-13T13:16:55+08:00 ] 140.205.201.47 /wp-json/wp/v2/posts
INFO: [ app_init ] --START--
INFO: Run Behavior\BuildLiteBehavior [ RunTime:0.000033s ]
INFO: [ app_init ] --END-- [ RunTime:0.011615s ]
ERR: 无法加载模块:Wp-json

[ 2017-02-13T13:23:31+08:00 ] 140.205.201.47 /jobs/
INFO: [ app_init ] --START--
INFO: Run Behavior\BuildLiteBehavior [ RunTime:0.000052s ]
INFO: [ app_init ] --END-- [ RunTime:0.020406s ]
ERR: 无法加载模块:Jobs

[ 2017-02-13T13:23:53+08:00 ] 140.205.201.47 /ganglia/index.php
INFO: [ app_init ] --START--
INFO: Run Behavior\BuildLiteBehavior [ RunTime:0.000040s ]
INFO: [ app_init ] --END-- [ RunTime:0.013880s ]
ERR: 无法加载模块:Ganglia

[ 2017-02-13T13:32:13+08:00 ] 140.205.201.47 /rs-status
INFO: [ app_init ] --START--
INFO: Run Behavior\BuildLiteBehavior [ RunTime:0.000046s ]
INFO: [ app_init ] --END-- [ RunTime:0.013038s ]
ERR: 无法加载模块:Rs-status

[ 2017-02-13T13:40:08+08:00 ] 140.205.201.47 /master-status
INFO: [ app_init ] --START--
INFO: Run Behavior\BuildLiteBehavior [ RunTime:0.000063s ]
INFO: [ app_init ] --END-- [ RunTime:0.036538s ]
ERR: 无法加载模块:Master-status

[ 2017-02-13T13:40:24+08:00 ] 140.205.201.47 /dfshealth.html
INFO: [ app_init ] --START--
INFO: Run Behavior\BuildLiteBehavior [ RunTime:0.000030s ]
INFO: [ app_init ] --END-- [ RunTime:0.009457s ]
ERR: 无法加载模块:Dfshealth

[ 2017-02-13T13:40:42+08:00 ] 140.205.201.47 /warning
INFO: [ app_init ] --START--
INFO: Run Behavior\BuildLiteBehavior [ RunTime:0.000044s ]
INFO: [ app_init ] --END-- [ RunTime:0.039312s ]
ERR: 无法加载模块:Warning

[ 2017-02-13T13:40:45+08:00 ] 140.205.201.47 /pleasereadthis
INFO: [ app_init ] --START--
INFO: Run Behavior\BuildLiteBehavior [ RunTime:0.000049s ]
INFO: [ app_init ] --END-- [ RunTime:0.012454s ]
ERR: 无法加载模块:Pleasereadthis

[ 2017-02-13T13:40:49+08:00 ] 140.205.201.47 /please_read/_search
INFO: [ app_init ] --START--
INFO: Run Behavior\BuildLiteBehavior [ RunTime:0.000074s ]
INFO: [ app_init ] --END-- [ RunTime:0.024050s ]
ERR: 无法加载模块:Please_read

[ 2017-02-13T13:40:54+08:00 ] 140.205.201.47 /dfshealth.jsp
INFO: [ app_init ] --START--
INFO: Run Behavior\BuildLiteBehavior [ RunTime:0.000041s ]
INFO: [ app_init ] --END-- [ RunTime:0.012927s ]
ERR: 无法加载模块:Dfshealth

[ 2017-02-13T13:40:57+08:00 ] 140.205.201.47 /hadoop/dfshealth.jsp
INFO: [ app_init ] --START--
INFO: Run Behavior\BuildLiteBehavior [ RunTime:0.000077s ]
INFO: [ app_init ] --END-- [ RunTime:0.014332s ]
ERR: 无法加载模块:Hadoop

[ 2017-02-13T13:42:08+08:00 ] 140.205.201.47 /solr/
INFO: [ app_init ] --START--
INFO: Run Behavior\BuildLiteBehavior [ RunTime:0.000024s ]
INFO: [ app_init ] --END-- [ RunTime:0.000464s ]
ERR: 无法加载模块:Solr

[ 2017-02-13T13:43:59+08:00 ] 140.205.201.47 /info
INFO: [ app_init ] --START--
INFO: Run Behavior\BuildLiteBehavior [ RunTime:0.000037s ]
INFO: [ app_init ] --END-- [ RunTime:0.014898s ]
ERR: 无法加载模块:Info

[ 2017-02-13T13:58:55+08:00 ] 140.205.201.47 /j_acegi_security_check
INFO: [ app_init ] --START--
INFO: Run Behavior\BuildLiteBehavior [ RunTime:0.000037s ]
INFO: [ app_init ] --END-- [ RunTime:0.024994s ]
ERR: 无法加载模块:J_acegi_security_check

[ 2017-02-13T13:59:00+08:00 ] 140.205.201.47 /admin/
INFO: [ app_init ] --START--
INFO: Run Behavior\BuildLiteBehavior [ RunTime:0.000035s ]
INFO: [ app_init ] --END-- [ RunTime:0.020934s ]
ERR: 无法加载模块:Admin

[ 2017-02-13T14:53:14+08:00 ] 123.126.94.201 http://106.2.112.147/proxyip/check
INFO: [ app_init ] --START--
INFO: Run Behavior\BuildLiteBehavior [ RunTime:0.000044s ]
INFO: [ app_init ] --END-- [ RunTime:0.000581s ]
ERR: 无法加载模块:Proxyip

[ 2017-02-13T16:52:08+08:00 ] 123.126.94.252 http://106.2.112.147/proxyip/check
INFO: [ app_init ] --START--
INFO: Run Behavior\BuildLiteBehavior [ RunTime:0.000022s ]
INFO: [ app_init ] --END-- [ RunTime:0.000359s ]
ERR: 无法加载模块:Proxyip

[ 2017-02-13T18:50:30+08:00 ] 123.126.94.252 http://106.2.112.147/proxyip/check
INFO: [ app_init ] --START--
INFO: Run Behavior\BuildLiteBehavior [ RunTime:0.000035s ]
INFO: [ app_init ] --END-- [ RunTime:0.012830s ]
ERR: 无法加载模块:Proxyip

[ 2017-02-13T20:50:14+08:00 ] 106.38.230.190 http://106.2.112.147/proxyip/check
INFO: [ app_init ] --START--
INFO: Run Behavior\BuildLiteBehavior [ RunTime:0.000023s ]
INFO: [ app_init ] --END-- [ RunTime:0.000370s ]
ERR: 无法加载模块:Proxyip

[ 2017-02-13T22:51:40+08:00 ] 106.38.231.218 http://106.2.112.147/proxyip/check
INFO: [ app_init ] --START--
INFO: Run Behavior\BuildLiteBehavior [ RunTime:0.000056s ]
INFO: [ app_init ] --END-- [ RunTime:0.013360s ]
ERR: 无法加载模块:Proxyip

