[ 2017-01-19T01:47:56+08:00 ] 23.251.63.45 http://www.proxyjudge.info/azenv.php
INFO: [ app_init ] --START--
INFO: Run Behavior\BuildLiteBehavior [ RunTime:0.000035s ]
INFO: [ app_init ] --END-- [ RunTime:0.014985s ]
ERR: 无法加载模块:Azenv

[ 2017-01-19T03:55:50+08:00 ] 23.251.63.45 http://www.sbjudge1.com/azenv.php
INFO: [ app_init ] --START--
INFO: Run Behavior\BuildLiteBehavior [ RunTime:0.000055s ]
INFO: [ app_init ] --END-- [ RunTime:0.019456s ]
ERR: 无法加载模块:Azenv

[ 2017-01-19T05:57:29+08:00 ] 23.251.63.45 http://www.luisaranguren.com/azenv.php
INFO: [ app_init ] --START--
INFO: Run Behavior\BuildLiteBehavior [ RunTime:0.000036s ]
INFO: [ app_init ] --END-- [ RunTime:0.020915s ]
ERR: 无法加载模块:Azenv

[ 2017-01-19T06:06:39+08:00 ] 120.132.3.151 http://www.qq.com/404/search_children.js
INFO: [ app_init ] --START--
INFO: Run Behavior\BuildLiteBehavior [ RunTime:0.000037s ]
INFO: [ app_init ] --END-- [ RunTime:0.029714s ]
ERR: 无法加载模块:404

[ 2017-01-19T08:01:50+08:00 ] 5.178.86.75 http://check.best-proxies.ru/azenv.php?auth=148478410983&a=PSCN&i=2032837933&p=80
INFO: [ app_init ] --START--
INFO: Run Behavior\BuildLiteBehavior [ RunTime:0.000031s ]
INFO: [ app_init ] --END-- [ RunTime:0.010971s ]
ERR: 无法加载模块:Azenv

[ 2017-01-19T08:05:45+08:00 ] 23.251.63.45 http://domkrim.com/av.php
INFO: [ app_init ] --START--
INFO: Run Behavior\BuildLiteBehavior [ RunTime:0.000036s ]
INFO: [ app_init ] --END-- [ RunTime:0.013976s ]
ERR: 无法加载模块:Av

[ 2017-01-19T08:09:25+08:00 ] 185.25.148.240 http://testp3.pospr.waw.pl/testproxy.php
INFO: [ app_init ] --START--
INFO: Run Behavior\BuildLiteBehavior [ RunTime:0.000039s ]
INFO: [ app_init ] --END-- [ RunTime:0.016984s ]
ERR: 无法加载模块:Testproxy

[ 2017-01-19T11:23:54+08:00 ] 140.205.225.185 /hadoop/
INFO: [ app_init ] --START--
INFO: Run Behavior\BuildLiteBehavior [ RunTime:0.000032s ]
INFO: [ app_init ] --END-- [ RunTime:0.019833s ]
ERR: 无法加载模块:Hadoop

[ 2017-01-19T11:37:30+08:00 ] 140.205.225.185 /_nodes/stats
INFO: [ app_init ] --START--
INFO: Run Behavior\BuildLiteBehavior [ RunTime:0.000036s ]
INFO: [ app_init ] --END-- [ RunTime:0.017462s ]
ERR: 无法加载模块:_nodes

[ 2017-01-19T11:40:50+08:00 ] 140.205.225.185 /solr/
INFO: [ app_init ] --START--
INFO: Run Behavior\BuildLiteBehavior [ RunTime:0.000051s ]
INFO: [ app_init ] --END-- [ RunTime:0.013356s ]
ERR: 无法加载模块:Solr

[ 2017-01-19T11:58:32+08:00 ] 140.205.225.185 /warning
INFO: [ app_init ] --START--
INFO: Run Behavior\BuildLiteBehavior [ RunTime:0.000035s ]
INFO: [ app_init ] --END-- [ RunTime:0.017723s ]
ERR: 无法加载模块:Warning

[ 2017-01-19T12:09:56+08:00 ] 140.205.225.185 /pleasereadthis
INFO: [ app_init ] --START--
INFO: Run Behavior\BuildLiteBehavior [ RunTime:0.000067s ]
INFO: [ app_init ] --END-- [ RunTime:0.018292s ]
ERR: 无法加载模块:Pleasereadthis

[ 2017-01-19T12:22:37+08:00 ] 140.205.225.185 /please_read/_search
INFO: [ app_init ] --START--
INFO: Run Behavior\BuildLiteBehavior [ RunTime:0.000038s ]
INFO: [ app_init ] --END-- [ RunTime:0.018934s ]
ERR: 无法加载模块:Please_read

[ 2017-01-19T12:28:24+08:00 ] 140.205.225.185 /admin/
INFO: [ app_init ] --START--
INFO: Run Behavior\BuildLiteBehavior [ RunTime:0.000028s ]
INFO: [ app_init ] --END-- [ RunTime:0.010004s ]
ERR: 无法加载模块:Admin

[ 2017-01-19T12:34:29+08:00 ] 95.213.187.189 http://check.best-proxies.ru/azenv.php?auth=148480046837&a=PSCN&i=2032837933&p=80
INFO: [ app_init ] --START--
INFO: Run Behavior\BuildLiteBehavior [ RunTime:0.000035s ]
INFO: [ app_init ] --END-- [ RunTime:0.020102s ]
ERR: 无法加载模块:Azenv

[ 2017-01-19T14:05:06+08:00 ] 23.251.63.45 http://www.proxy-listen.de/azenv.php
INFO: [ app_init ] --START--
INFO: Run Behavior\BuildLiteBehavior [ RunTime:0.000052s ]
INFO: [ app_init ] --END-- [ RunTime:0.007908s ]
ERR: 无法加载模块:Azenv

[ 2017-01-19T16:20:03+08:00 ] 23.251.63.45 http://www.luisaranguren.com/azenv.php
INFO: [ app_init ] --START--
INFO: Run Behavior\BuildLiteBehavior [ RunTime:0.000051s ]
INFO: [ app_init ] --END-- [ RunTime:0.013080s ]
ERR: 无法加载模块:Azenv

[ 2017-01-19T17:14:09+08:00 ] 120.24.251.13 /admin
INFO: [ app_init ] --START--
INFO: Run Behavior\BuildLiteBehavior [ RunTime:0.000049s ]
INFO: [ app_init ] --END-- [ RunTime:0.025641s ]
ERR: 无法加载模块:Admin

[ 2017-01-19T21:33:06+08:00 ] 120.24.40.241 /manager/html
INFO: [ app_init ] --START--
INFO: Run Behavior\BuildLiteBehavior [ RunTime:0.000057s ]
INFO: [ app_init ] --END-- [ RunTime:0.012228s ]
ERR: 无法加载模块:Manager

[ 2017-01-19T23:13:54+08:00 ] 95.213.187.189 http://check.best-proxies.ru/azenv.php?auth=148483883403&a=PSCN&i=2032837933&p=80
INFO: [ app_init ] --START--
INFO: Run Behavior\BuildLiteBehavior [ RunTime:0.000048s ]
INFO: [ app_init ] --END-- [ RunTime:0.018061s ]
ERR: 无法加载模块:Azenv

