[ 2017-01-20T01:01:35+08:00 ] 23.251.63.45 http://www.sbjudge2.com/azenv.php
INFO: [ app_init ] --START--
INFO: Run Behavior\BuildLiteBehavior [ RunTime:0.000037s ]
INFO: [ app_init ] --END-- [ RunTime:0.039301s ]
ERR: 无法加载模块:Azenv

[ 2017-01-20T02:48:29+08:00 ] 185.49.14.190 http://testp1.piwo.pila.pl/testproxy.php
INFO: [ app_init ] --START--
INFO: Run Behavior\BuildLiteBehavior [ RunTime:0.000065s ]
INFO: [ app_init ] --END-- [ RunTime:0.021717s ]
ERR: 无法加载模块:Testproxy

[ 2017-01-20T02:59:27+08:00 ] 23.251.63.45 http://www.sbjudge1.com/azenv.php
INFO: [ app_init ] --START--
INFO: Run Behavior\BuildLiteBehavior [ RunTime:0.000036s ]
INFO: [ app_init ] --END-- [ RunTime:0.022786s ]
ERR: 无法加载模块:Azenv

[ 2017-01-20T03:56:24+08:00 ] 95.213.187.190 http://check.best-proxies.ru/azenv.php?auth=148485578317&a=PSCN&i=2032837933&p=80
INFO: [ app_init ] --START--
INFO: Run Behavior\BuildLiteBehavior [ RunTime:0.000022s ]
INFO: [ app_init ] --END-- [ RunTime:0.000382s ]
ERR: 无法加载模块:Azenv

[ 2017-01-20T05:00:42+08:00 ] 23.251.63.45 http://www.luisaranguren.com/azenv.php
INFO: [ app_init ] --START--
INFO: Run Behavior\BuildLiteBehavior [ RunTime:0.000037s ]
INFO: [ app_init ] --END-- [ RunTime:0.012913s ]
ERR: 无法加载模块:Azenv

[ 2017-01-20T07:13:40+08:00 ] 80.82.78.38 http://www.baidu.com/cache/global/img/gs.gif
INFO: [ app_init ] --START--
INFO: Run Behavior\BuildLiteBehavior [ RunTime:0.000060s ]
INFO: [ app_init ] --END-- [ RunTime:0.018995s ]
ERR: 无法加载模块:Cache

[ 2017-01-20T08:30:59+08:00 ] 95.213.187.190 http://check.best-proxies.ru/azenv.php?auth=148487225787&a=PSCN&i=2032837933&p=80
INFO: [ app_init ] --START--
INFO: Run Behavior\BuildLiteBehavior [ RunTime:0.000056s ]
INFO: [ app_init ] --END-- [ RunTime:0.019470s ]
ERR: 无法加载模块:Azenv

[ 2017-01-20T09:15:41+08:00 ] 23.251.63.45 http://www.proxy-listen.de/azenv.php
INFO: [ app_init ] --START--
INFO: Run Behavior\BuildLiteBehavior [ RunTime:0.000110s ]
INFO: [ app_init ] --END-- [ RunTime:0.019877s ]
ERR: 无法加载模块:Azenv

[ 2017-01-20T11:08:06+08:00 ] 172.82.166.210 http://www.baidu.com/cache/global/img/gs.gif
INFO: [ app_init ] --START--
INFO: Run Behavior\BuildLiteBehavior [ RunTime:0.000064s ]
INFO: [ app_init ] --END-- [ RunTime:0.013269s ]
ERR: 无法加载模块:Cache

[ 2017-01-20T11:18:34+08:00 ] 140.205.201.39 /master-status
INFO: [ app_init ] --START--
INFO: Run Behavior\BuildLiteBehavior [ RunTime:0.000042s ]
INFO: [ app_init ] --END-- [ RunTime:0.025297s ]
ERR: 无法加载模块:Master-status

[ 2017-01-20T11:19:03+08:00 ] 140.205.201.39 /about/
INFO: [ app_init ] --START--
INFO: Run Behavior\BuildLiteBehavior [ RunTime:0.000059s ]
INFO: [ app_init ] --END-- [ RunTime:0.018119s ]
ERR: 无法加载模块:About

[ 2017-01-20T11:21:09+08:00 ] 23.251.63.45 http://www.proxy-listen.de/azenv.php
INFO: [ app_init ] --START--
INFO: Run Behavior\BuildLiteBehavior [ RunTime:0.000060s ]
INFO: [ app_init ] --END-- [ RunTime:0.015058s ]
ERR: 无法加载模块:Azenv

[ 2017-01-20T11:21:51+08:00 ] 140.205.201.39 /warning
INFO: [ app_init ] --START--
INFO: Run Behavior\BuildLiteBehavior [ RunTime:0.000049s ]
INFO: [ app_init ] --END-- [ RunTime:0.016959s ]
ERR: 无法加载模块:Warning

[ 2017-01-20T11:22:36+08:00 ] 140.205.201.39 /pleasereadthis
INFO: [ app_init ] --START--
INFO: Run Behavior\BuildLiteBehavior [ RunTime:0.000069s ]
INFO: [ app_init ] --END-- [ RunTime:0.013151s ]
ERR: 无法加载模块:Pleasereadthis

[ 2017-01-20T11:23:58+08:00 ] 140.205.201.39 /please_read/_search
INFO: [ app_init ] --START--
INFO: Run Behavior\BuildLiteBehavior [ RunTime:0.000062s ]
INFO: [ app_init ] --END-- [ RunTime:0.015894s ]
ERR: 无法加载模块:Please_read

[ 2017-01-20T11:25:11+08:00 ] 140.205.201.39 /ulezjtsiaoxv
INFO: [ app_init ] --START--
INFO: Run Behavior\BuildLiteBehavior [ RunTime:0.000063s ]
INFO: [ app_init ] --END-- [ RunTime:0.017073s ]
ERR: 无法加载模块:Ulezjtsiaoxv

[ 2017-01-20T11:25:11+08:00 ] 140.205.201.39 /ulezjtsiaoxv
INFO: [ app_init ] --START--
INFO: Run Behavior\BuildLiteBehavior [ RunTime:0.000059s ]
INFO: [ app_init ] --END-- [ RunTime:0.019077s ]
ERR: 无法加载模块:Ulezjtsiaoxv

[ 2017-01-20T11:25:12+08:00 ] 140.205.201.39 /ulezjtsiaoxv
INFO: [ app_init ] --START--
INFO: Run Behavior\BuildLiteBehavior [ RunTime:0.013079s ]
INFO: [ app_init ] --END-- [ RunTime:0.013500s ]
ERR: 无法加载模块:Ulezjtsiaoxv

[ 2017-01-20T11:27:00+08:00 ] 140.205.201.39 /hadoop/
INFO: [ app_init ] --START--
INFO: Run Behavior\BuildLiteBehavior [ RunTime:0.000023s ]
INFO: [ app_init ] --END-- [ RunTime:0.000364s ]
ERR: 无法加载模块:Hadoop

[ 2017-01-20T11:27:56+08:00 ] 140.205.201.39 /solr/
INFO: [ app_init ] --START--
INFO: Run Behavior\BuildLiteBehavior [ RunTime:0.021371s ]
INFO: [ app_init ] --END-- [ RunTime:0.021807s ]
ERR: 无法加载模块:Solr

[ 2017-01-20T11:33:55+08:00 ] 140.205.201.39 /admin/
INFO: [ app_init ] --START--
INFO: Run Behavior\BuildLiteBehavior [ RunTime:0.000030s ]
INFO: [ app_init ] --END-- [ RunTime:0.007368s ]
ERR: 无法加载模块:Admin

[ 2017-01-20T13:03:08+08:00 ] 5.178.86.78 http://check.best-proxies.ru/azenv.php?auth=148488858635&a=PSCN&i=2032837933&p=80
INFO: [ app_init ] --START--
INFO: Run Behavior\BuildLiteBehavior [ RunTime:0.000074s ]
INFO: [ app_init ] --END-- [ RunTime:0.017988s ]
ERR: 无法加载模块:Azenv

[ 2017-01-20T17:36:24+08:00 ] 95.213.187.188 http://check.best-proxies.ru/azenv.php?auth=148490498393&a=PSCN&i=2032837933&p=80
INFO: [ app_init ] --START--
INFO: Run Behavior\BuildLiteBehavior [ RunTime:0.000046s ]
INFO: [ app_init ] --END-- [ RunTime:0.018995s ]
ERR: 无法加载模块:Azenv

[ 2017-01-20T18:43:58+08:00 ] 23.251.63.45 http://domkrim.com/av.php
INFO: [ app_init ] --START--
INFO: Run Behavior\BuildLiteBehavior [ RunTime:0.002418s ]
INFO: [ app_init ] --END-- [ RunTime:0.020448s ]
ERR: 无法加载模块:Av

[ 2017-01-20T21:42:59+08:00 ] 123.57.78.139 http://www.izhongsai.com/show.html?t=1484919778486
INFO: [ app_init ] --START--
INFO: Run Behavior\BuildLiteBehavior [ RunTime:0.000065s ]
INFO: [ app_init ] --END-- [ RunTime:0.018027s ]
ERR: 无法加载模块:Show

[ 2017-01-20T22:28:08+08:00 ] 95.213.187.188 http://check.best-proxies.ru/azenv.php?auth=148492248779&a=PSCN&i=2032837933&p=80
INFO: [ app_init ] --START--
INFO: Run Behavior\BuildLiteBehavior [ RunTime:0.000055s ]
INFO: [ app_init ] --END-- [ RunTime:0.024008s ]
ERR: 无法加载模块:Azenv

